SCIP version 7.0.2 [precision: 8 byte] [memory: block] [mode: optimized] [LP solver: SoPlex 5.0.2] [GitHash: e9d280a398]
Copyright (C) 2002-2020 Konrad-Zuse-Zentrum fuer Informationstechnik Berlin (ZIB)

External codes: 
  SoPlex 5.0.2         Linear Programming Solver developed at Zuse Institute Berlin (soplex.zib.de) [GitHash: e24c304e]
  CppAD 20180000.0     Algorithmic Differentiation of C++ algorithms developed by B. Bell (www.coin-or.org/CppAD)
  MPIR 3.0.0           Multiple Precision Integers and Rationals Library developed by W. Hart (mpir.org)
  ZIMPL 3.4.0          Zuse Institute Mathematical Programming Language developed by T. Koch (zimpl.zib.de)
  PaPILO 1.0.2         parallel presolve for integer and linear optimization (https://github.com/lgottwald/PaPILO) [GitHash: 62d2842]
  bliss 0.73p          Computing Graph Automorphism Groups by T. Junttila and P. Kaski (http://www.tcs.hut.fi/Software/bliss/)
  Ipopt 3.12.9         Interior Point Optimizer developed by A. Waechter et.al. (www.coin-or.org/Ipopt)

user parameter file <scip.set> not found - using default parameters

read problem <C:\Users\Claubit\Documents\GitHub\embedding\src\lp\scenarioA2_N32_B0.2_classical\IPL_linearized_N32q20.00B6.lp>
============

original problem has 1056 variables (0 bin, 1056 int, 0 impl, 0 cont) and 3073 constraints

solve problem
=============

presolving:
(round 1, fast)       32 del vars, 32 del conss, 0 add conss, 0 chg bounds, 32 chg sides, 32 chg coeffs, 0 upgd conss, 0 impls, 1984 clqs
(round 2, fast)       32 del vars, 96 del conss, 0 add conss, 0 chg bounds, 32 chg sides, 32 chg coeffs, 0 upgd conss, 0 impls, 1984 clqs
   (0.0s) running MILP presolver
   (0.0s) MILP presolver found nothing
(round 3, exhaustive) 32 del vars, 96 del conss, 0 add conss, 0 chg bounds, 32 chg sides, 32 chg coeffs, 2976 upgd conss, 0 impls, 1984 clqs
(round 4, exhaustive) 32 del vars, 3072 del conss, 992 add conss, 0 chg bounds, 32 chg sides, 32 chg coeffs, 2976 upgd conss, 0 impls, 1984 clqs
(round 5, exhaustive) 528 del vars, 3568 del conss, 992 add conss, 0 chg bounds, 32 chg sides, 32 chg coeffs, 2976 upgd conss, 0 impls, 992 clqs
   (0.0s) probing: 51/528 (9.7%) - 0 fixings, 0 aggregations, 0 implications, 0 bound changes
   (0.0s) probing aborted: 50/50 successive totally useless probings
   (0.0s) symmetry computation started: requiring (bin +, int -, cont +), (fixed: bin -, int +, cont -)
   (0.0s) no symmetry present
presolving (6 rounds: 6 fast, 4 medium, 4 exhaustive):
 528 deleted vars, 3568 deleted constraints, 992 added constraints, 0 tightened bounds, 0 added holes, 32 changed sides, 32 changed coefficients
 0 implications, 992 cliques
presolved problem has 528 variables (528 bin, 0 int, 0 impl, 0 cont) and 497 constraints
    496 constraints of type <and>
      1 constraints of type <linear>
Presolving Time: 0.00

 time | node  | left  |LP iter|LP it/n|mem/heur|mdpt |vars |cons |rows |cuts |sepa|confs|strbr|  dualbound   | primalbound  |  gap   | compl. 
p 0.0s|     1 |     0 |     0 |     - |  clique|   0 | 528 | 497 | 993 |   0 |  0 |   0 |   0 |-3.371777e-01 | 5.222061e-02 |    Inf | unknown
p 0.0s|     1 |     0 |     0 |     - | vbounds|   0 | 528 | 497 | 993 |   0 |  0 |   0 |   0 |-3.371777e-01 | 3.996881e-02 |    Inf | unknown
p 0.0s|     1 |     0 |     0 |     - | vbounds|   0 | 528 | 497 | 993 |   0 |  0 |   0 |   0 |-3.371777e-01 | 3.579757e-02 |    Inf | unknown
p 0.0s|     1 |     0 |     0 |     - | vbounds|   0 | 528 | 497 | 993 |   0 |  0 |   0 |   0 |-3.371777e-01 | 2.119050e-02 |    Inf | unknown
  0.0s|     1 |     0 |   182 |     - |    13M |   0 | 528 | 497 | 993 |   0 |  0 |   0 |   0 |-8.582874e-02 | 2.119050e-02 |    Inf | unknown
  0.0s|     1 |     0 |   261 |     - |    14M |   0 | 528 | 497 |1053 |  60 |  1 |   0 |   0 |-5.557025e-02 | 2.119050e-02 |    Inf | unknown
  0.0s|     1 |     0 |   316 |     - |    14M |   0 | 528 | 497 |1080 |  87 |  2 |   0 |   0 |-4.586816e-02 | 2.119050e-02 |    Inf | unknown
  1.0s|     1 |     0 |   340 |     - |    15M |   0 | 528 | 500 |1100 | 107 |  3 |   3 |   0 |-4.088884e-02 | 2.119050e-02 |    Inf | unknown
  1.0s|     1 |     0 |   340 |     - |    15M |   0 | 528 | 500 |1099 | 107 |  3 |   3 |   0 |-4.088884e-02 | 2.119050e-02 |    Inf | unknown
  1.0s|     1 |     0 |   364 |     - |    15M |   0 | 528 | 500 |1104 | 112 |  4 |   3 |   0 |-3.917303e-02 | 2.119050e-02 |    Inf | unknown
  1.0s|     1 |     0 |   364 |     - |    15M |   0 | 528 | 500 |1103 | 112 |  4 |   3 |   0 |-3.917303e-02 | 2.119050e-02 |    Inf | unknown
  1.0s|     1 |     0 |   377 |     - |    15M |   0 | 528 | 500 |1107 | 116 |  5 |   3 |   0 |-3.808343e-02 | 2.119050e-02 |    Inf | unknown
  1.0s|     1 |     0 |   391 |     - |    15M |   0 | 528 | 501 |1112 | 121 |  6 |   4 |   0 |-3.597529e-02 | 2.119050e-02 |    Inf | unknown
  1.0s|     1 |     0 |   397 |     - |    15M |   0 | 528 | 501 |1119 | 128 |  7 |   4 |   0 |-3.592270e-02 | 2.119050e-02 |    Inf | unknown
  1.0s|     1 |     0 |   417 |     - |    16M |   0 | 528 | 501 |1121 | 130 |  8 |   4 |   0 |-3.496658e-02 | 2.119050e-02 |    Inf | unknown
 time | node  | left  |LP iter|LP it/n|mem/heur|mdpt |vars |cons |rows |cuts |sepa|confs|strbr|  dualbound   | primalbound  |  gap   | compl. 
  1.0s|     1 |     0 |   432 |     - |    16M |   0 | 528 | 504 |1125 | 134 |  9 |   7 |   0 |-3.406723e-02 | 2.119050e-02 |    Inf | unknown
  1.0s|     1 |     0 |   432 |     - |    16M |   0 | 528 | 505 |1124 | 134 |  9 |   8 |   0 |-3.406723e-02 | 2.119050e-02 |    Inf | unknown
  1.0s|     1 |     0 |   464 |     - |    16M |   0 | 528 | 505 |1127 | 137 | 10 |   8 |   0 |-3.284824e-02 | 2.119050e-02 |    Inf | unknown
  1.0s|     1 |     0 |   512 |     - |    18M |   0 | 528 | 506 |1132 | 145 | 11 |   9 |   0 |-3.188691e-02 | 2.119050e-02 |    Inf | unknown
  1.0s|     1 |     0 |   544 |     - |    18M |   0 | 528 | 506 |1137 | 150 | 12 |   9 |   0 |-3.129626e-02 | 2.119050e-02 |    Inf | unknown
  2.0s|     1 |     0 |   574 |     - |    18M |   0 | 528 | 506 |1145 | 158 | 13 |   9 |   0 |-3.099828e-02 | 2.119050e-02 |    Inf | unknown
  2.0s|     1 |     0 |   605 |     - |    18M |   0 | 528 | 509 |1147 | 160 | 14 |  12 |   0 |-3.058805e-02 | 2.119050e-02 |    Inf | unknown
  2.0s|     1 |     0 |   624 |     - |    19M |   0 | 528 | 510 |1150 | 163 | 15 |  13 |   0 |-3.040613e-02 | 2.119050e-02 |    Inf | unknown
  2.0s|     1 |     0 |   650 |     - |    19M |   0 | 528 | 510 |1154 | 167 | 16 |  13 |   0 |-2.940506e-02 | 2.119050e-02 |    Inf | unknown
  2.0s|     1 |     0 |   697 |     - |    19M |   0 | 528 | 510 |1151 | 171 | 17 |  13 |   0 |-2.883263e-02 | 2.119050e-02 |    Inf | unknown
  2.0s|     1 |     0 |   708 |     - |    19M |   0 | 528 | 510 |1155 | 175 | 18 |  13 |   0 |-2.878813e-02 | 2.119050e-02 |    Inf | unknown
  2.0s|     1 |     0 |   727 |     - |    20M |   0 | 528 | 510 |1157 | 177 | 19 |  13 |   0 |-2.865354e-02 | 2.119050e-02 |    Inf | unknown
  2.0s|     1 |     0 |   743 |     - |    20M |   0 | 528 | 511 |1159 | 179 | 20 |  14 |   0 |-2.862420e-02 | 2.119050e-02 |    Inf | unknown
  2.0s|     1 |     0 |   752 |     - |    20M |   0 | 528 | 511 |1161 | 181 | 21 |  14 |   0 |-2.861843e-02 | 2.119050e-02 |    Inf | unknown
  2.0s|     1 |     0 |   771 |     - |    20M |   0 | 528 | 511 |1162 | 182 | 22 |  14 |   0 |-2.857044e-02 | 2.119050e-02 |    Inf | unknown
 time | node  | left  |LP iter|LP it/n|mem/heur|mdpt |vars |cons |rows |cuts |sepa|confs|strbr|  dualbound   | primalbound  |  gap   | compl. 
  2.0s|     1 |     0 |   782 |     - |    20M |   0 | 528 | 511 |1157 | 184 | 23 |  14 |   0 |-2.855601e-02 | 2.119050e-02 |    Inf | unknown
  2.0s|     1 |     0 |   789 |     - |    20M |   0 | 528 | 511 |1158 | 185 | 24 |  14 |   0 |-2.855021e-02 | 2.119050e-02 |    Inf | unknown
  2.0s|     1 |     0 |   796 |     - |    20M |   0 | 528 | 511 |1159 | 186 | 25 |  14 |   0 |-2.854347e-02 | 2.119050e-02 |    Inf | unknown
  2.0s|     1 |     0 |   806 |     - |    20M |   0 | 528 | 511 |1161 | 188 | 26 |  14 |   0 |-2.853106e-02 | 2.119050e-02 |    Inf | unknown
  2.0s|     1 |     0 |   808 |     - |    20M |   0 | 528 | 511 |1162 | 189 | 27 |  14 |   0 |-2.853020e-02 | 2.119050e-02 |    Inf | unknown
  2.0s|     1 |     0 |   808 |     - |    20M |   0 | 528 | 511 |1165 | 189 | 29 |  14 |   0 |-2.853020e-02 | 2.119050e-02 |    Inf | unknown
d 2.0s|     1 |     0 |  1254 |     - |conflict|   0 | 528 | 511 |1165 |   0 | 31 |  18 |   0 |-2.853020e-02 | 9.952643e-03 |    Inf | unknown
  2.0s|     1 |     0 |  1254 |     - |    20M |   0 | 528 | 511 |1165 | 189 | 31 |  18 |   0 |-2.853020e-02 | 9.952643e-03 |    Inf | unknown
  2.0s|     1 |     0 |  1254 |     - |    20M |   0 | 528 | 511 |1154 | 189 | 31 |  18 |   0 |-2.853020e-02 | 9.952643e-03 |    Inf | unknown
  2.0s|     1 |     0 |  1261 |     - |    20M |   0 | 528 | 511 |1155 | 190 | 32 |  18 |   0 |-2.852328e-02 | 9.952643e-03 |    Inf | unknown
  2.0s|     1 |     0 |  1262 |     - |    20M |   0 | 528 | 511 |1148 | 191 | 33 |  18 |   0 |-2.852240e-02 | 9.952643e-03 |    Inf | unknown
  2.0s|     1 |     0 |  1262 |     - |    20M |   0 | 528 | 511 |1159 | 191 | 33 |  18 |   0 |-2.852240e-02 | 9.952643e-03 |    Inf | unknown
  2.0s|     1 |     0 |  1274 |     - |    20M |   0 | 528 | 511 |1160 | 192 | 34 |  18 |   0 |-2.852012e-02 | 9.952643e-03 |    Inf | unknown
  3.0s|     1 |     2 |  1274 |     - |    20M |   0 | 528 | 512 |1160 | 192 | 35 |  19 |  21 |-2.601585e-02 | 9.952643e-03 |    Inf | unknown
(run 1, node 1) restarting after 14 global fixings of integer variables

(restart) converted 127 cuts from the global cut pool into linear constraints

presolving:
(round 1, fast)       14 del vars, 0 del conss, 0 add conss, 0 chg bounds, 0 chg sides, 0 chg coeffs, 0 upgd conss, 0 impls, 977 clqs
(round 2, exhaustive) 14 del vars, 0 del conss, 0 add conss, 0 chg bounds, 0 chg sides, 0 chg coeffs, 127 upgd conss, 0 impls, 977 clqs
(round 3, medium)     14 del vars, 0 del conss, 2 add conss, 0 chg bounds, 2 chg sides, 4 chg coeffs, 127 upgd conss, 0 impls, 978 clqs
(round 4, fast)       14 del vars, 1 del conss, 2 add conss, 0 chg bounds, 2 chg sides, 4 chg coeffs, 127 upgd conss, 0 impls, 978 clqs
presolving (5 rounds: 5 fast, 3 medium, 2 exhaustive):
 14 deleted vars, 1 deleted constraints, 2 added constraints, 0 tightened bounds, 0 added holes, 2 changed sides, 4 changed coefficients
 0 implications, 978 cliques
presolved problem has 514 variables (514 bin, 0 int, 0 impl, 0 cont) and 640 constraints
     62 constraints of type <knapsack>
     80 constraints of type <setppc>
    482 constraints of type <and>
      1 constraints of type <linear>
     15 constraints of type <logicor>
Presolving Time: 0.00
transformed 16/16 original solutions to the transformed problem space

 time | node  | left  |LP iter|LP it/n|mem/heur|mdpt |vars |cons |rows |cuts |sepa|confs|strbr|  dualbound   | primalbound  |  gap   | compl. 
  3.0s|     1 |     0 |  1637 |     - |    20M |   0 | 514 | 640 |1107 |   0 |  0 |  19 |  21 |-2.601585e-02 | 9.952643e-03 |    Inf | unknown
  3.0s|     1 |     0 |  1726 |     - |    21M |   0 | 514 | 640 |1125 |  18 |  1 |  19 |  21 |-2.601585e-02 | 9.952643e-03 |    Inf | unknown
  3.0s|     1 |     0 |  1741 |     - |    22M |   0 | 514 | 640 |1129 |  22 |  2 |  19 |  21 |-2.601585e-02 | 9.952643e-03 |    Inf | unknown
  3.0s|     1 |     0 |  1776 |     - |    23M |   0 | 514 | 643 |1131 |  24 |  3 |  22 |  21 |-2.601585e-02 | 9.952643e-03 |    Inf | unknown
  3.0s|     1 |     0 |  1804 |     - |    24M |   0 | 514 | 643 |1133 |  26 |  4 |  22 |  21 |-2.601585e-02 | 9.952643e-03 |    Inf | unknown
  3.0s|     1 |     0 |  1811 |     - |    24M |   0 | 514 | 643 |1136 |  29 |  5 |  22 |  21 |-2.601585e-02 | 9.952643e-03 |    Inf | unknown
  3.0s|     1 |     0 |  1836 |     - |    25M |   0 | 514 | 643 |1138 |  31 |  6 |  22 |  21 |-2.601585e-02 | 9.952643e-03 |    Inf | unknown
  3.0s|     1 |     0 |  1866 |     - |    26M |   0 | 514 | 643 |1140 |  33 |  7 |  22 |  21 |-2.601585e-02 | 9.952643e-03 |    Inf | unknown
  4.0s|     1 |     0 |  1890 |     - |    27M |   0 | 514 | 643 |1141 |  34 |  8 |  22 |  21 |-2.601585e-02 | 9.952643e-03 |    Inf | unknown
  4.0s|     1 |     0 |  1906 |     - |    27M |   0 | 514 | 645 |1142 |  35 |  9 |  24 |  21 |-2.601585e-02 | 9.952643e-03 |    Inf | unknown
  4.0s|     1 |     0 |  1926 |     - |    28M |   0 | 514 | 645 |1141 |  36 | 10 |  24 |  21 |-2.601585e-02 | 9.952643e-03 |    Inf | unknown
  4.0s|     1 |     0 |  1961 |     - |    28M |   0 | 514 | 649 |1142 |  37 | 11 |  28 |  21 |-2.601585e-02 | 9.952643e-03 |    Inf | unknown
  4.0s|     1 |     0 |  1985 |     - |    28M |   0 | 514 | 651 |1145 |  40 | 12 |  30 |  21 |-2.601585e-02 | 9.952643e-03 |    Inf | unknown
  4.0s|     1 |     0 |  1995 |     - |    28M |   0 | 514 | 654 |1146 |  41 | 13 |  33 |  21 |-2.601585e-02 | 9.952643e-03 |    Inf | unknown
  4.0s|     1 |     0 |  2023 |     - |    28M |   0 | 514 | 656 |1148 |  43 | 14 |  35 |  21 |-2.601585e-02 | 9.952643e-03 |    Inf | unknown
 time | node  | left  |LP iter|LP it/n|mem/heur|mdpt |vars |cons |rows |cuts |sepa|confs|strbr|  dualbound   | primalbound  |  gap   | compl. 
  5.0s|     1 |     2 |  2308 |     - |    28M |   0 | 514 | 657 |1148 |  43 | 14 |  36 |  41 |-2.601585e-02 | 9.952643e-03 |    Inf | unknown
* 6.0s|    14 |     7 |  3066 | 106.4 |strongbr|   7 | 514 | 658 |1150 |  96 |  3 |  91 | 247 |-1.933174e-02 | 6.985990e-03 |    Inf |   2.58%
* 6.0s|    36 |     9 |  4135 |  71.1 |strongbr|  10 | 514 | 675 |1159 | 146 |  2 | 186 | 383 |-1.630736e-02 | 4.048526e-03 |    Inf |   4.37%
* 6.0s|    37 |    10 |  4181 |  70.4 |strongbr|  10 | 514 | 676 |1162 | 146 |  2 | 202 | 393 |-1.630736e-02 | 3.471482e-03 |    Inf |   4.37%
* 6.0s|    37 |    10 |  4181 |  70.4 |strongbr|  10 | 514 | 676 |1162 | 146 |  2 | 202 | 394 |-1.630736e-02 | 3.232551e-03 |    Inf |   4.37%
* 7.0s|    48 |     5 |  5013 |  71.6 |strongbr|  10 | 514 | 647 |1168 | 191 |  3 | 255 | 462 |-7.769899e-03 | 2.555867e-03 |    Inf |  63.55%
* 7.0s|    51 |     3 |  5147 |  70.0 |    LP  |  10 | 514 | 649 |1174 | 200 |  2 | 276 | 477 |-7.769899e-03 | 1.708456e-03 |    Inf |  67.68%
* 7.0s|    52 |     2 |  5157 |  68.8 |    LP  |  10 | 514 | 649 |1174 | 200 |  2 | 276 | 477 |-7.769899e-03 | 1.228393e-03 |    Inf |  68.83%

SCIP Status        : problem is solved [optimal solution found]
Solving Time (sec) : 7.00
Solving Nodes      : 56 (total of 57 nodes in 2 runs)
Primal Bound       : +1.22839314464613e-03 (33 solutions)
Dual Bound         : +1.22839314464613e-03
Gap                : 0.00 %

primal solution (original space):
=================================

objective value:                  0.00122839314464612
y(1,1)                                              1 	(obj:0.00627554681077808)
y(1,16)                                             1 	(obj:-0.0030629273852115)
y(1,17)                                             1 	(obj:-0.00276968851591319)
y(1,29)                                             1 	(obj:0.00149382916725844)
y(1,30)                                             1 	(obj:0.00247680382287169)
y(1,32)                                             1 	(obj:0.00186033477987722)
y(16,1)                                             1 	(obj:-0.0030629273852115)
y(16,16)                                            1 	(obj:0.0079132119294872)
y(16,17)                                            1 	(obj:0.00399656402947486)
y(16,29)                                            1 	(obj:-0.000150135023184911)
y(16,30)                                            1 	(obj:-0.000791343091720018)
y(16,32)                                            1 	(obj:-0.00152217733186194)
y(17,1)                                             1 	(obj:-0.00276968851591319)
y(17,16)                                            1 	(obj:0.00399656402947486)
y(17,17)                                            1 	(obj:0.0058873902153428)
y(17,29)                                            1 	(obj:-0.000575030320205833)
y(17,30)                                            1 	(obj:-0.00189066072251919)
y(17,32)                                            1 	(obj:-0.00125342975260617)
y(29,1)                                             1 	(obj:0.00149382916725844)
y(29,16)                                            1 	(obj:-0.000150135023184911)
y(29,17)                                            1 	(obj:-0.000575030320205833)
y(29,29)                                            1 	(obj:0.00366680191209121)
y(29,30)                                            1 	(obj:0.000979720539540691)
y(29,32)                                            1 	(obj:0.00084844572237268)
y(30,1)                                             1 	(obj:0.00247680382287169)
y(30,16)                                            1 	(obj:-0.000791343091720018)
y(30,17)                                            1 	(obj:-0.00189066072251919)
y(30,29)                                            1 	(obj:0.000979720539540691)
y(30,30)                                            1 	(obj:0.00243564789408853)
y(30,32)                                            1 	(obj:0.00105368630657193)
y(32,1)                                             1 	(obj:0.00186033477987722)
y(32,16)                                            1 	(obj:-0.00152217733186194)
y(32,17)                                            1 	(obj:-0.00125342975260617)
y(32,29)                                            1 	(obj:0.00084844572237268)
y(32,30)                                            1 	(obj:0.00105368630657193)
y(32,32)                                            1 	(obj:0.00175389958485012)
x(1)                                                1 	(obj:-0.00667286319447288)
x(16)                                               1 	(obj:-0.0059640060439669)
x(17)                                               1 	(obj:0.00117967554409262)
x(29)                                               1 	(obj:-0.00746616271732443)
x(30)                                               1 	(obj:-0.00517621098612854)
x(32)                                               1 	(obj:-0.0039925222536812)

Statistics
==========

SCIP Status        : problem is solved [optimal solution found]
Total Time         :       7.00
  solving          :       7.00
  presolving       :       0.00 (included in solving)
  reading          :       0.00
  copying          :       0.00 (4 #copies) (minimal 0.00, maximal 0.00, average 0.00)
Original Problem   :
  Problem name     : C:\Users\Claubit\Documents\GitHub\embedding\src\lp\scenarioA2_N32_B0.2_classical\IPL_linearized_N32q20.00B6.lp
  Variables        : 1056 (0 binary, 1056 integer, 0 implicit integer, 0 continuous)
  Constraints      : 3073 initial, 3073 maximal
  Objective        : minimize, 1056 non-zeros (abs.min = 1.73226e-06, abs.max = 0.0361249)
Presolved Problem  :
  Problem name     : t_C:\Users\Claubit\Documents\GitHub\embedding\src\lp\scenarioA2_N32_B0.2_classical\IPL_linearized_N32q20.00B6.lp
  Variables        : 514 (514 binary, 0 integer, 0 implicit integer, 0 continuous)
  Constraints      : 640 initial, 753 maximal
  Objective        : minimize, 514 non-zeros (abs.min = 3.46451e-06, abs.max = 0.0394845)
  Nonzeros         : 2972 constraint, 1944 clique table
Presolvers         :   ExecTime  SetupTime  Calls  FixedVars   AggrVars   ChgTypes  ChgBounds   AddHoles    DelCons    AddCons   ChgSides   ChgCoefs
  boundshift       :       0.00       0.00      0          0          0          0          0          0          0          0          0          0
  convertinttobin  :       0.00       0.00      0          0          0          0          0          0          0          0          0          0
  domcol           :       0.00       0.00      2          0          0          0          0          0          0          0          0          0
  dualagg          :       0.00       0.00      0          0          0          0          0          0          0          0          0          0
  dualcomp         :       0.00       0.00      0          0          0          0          0          0          0          0          0          0
  dualinfer        :       0.00       0.00      0          0          0          0          0          0          0          0          0          0
  dualsparsify     :       0.00       0.00      1          0          0          0          0          0          0          0          0          0
  gateextraction   :       0.00       0.00      3          0          0          0          0          0       2976        992          0          0
  implics          :       0.00       0.00      7          0          0          0          0          0          0          0          0          0
  inttobinary      :       0.00       0.00      0          0          0          0          0          0          0          0          0          0
  milp             :       0.00       0.00      1          0          0          0          0          0          0          0          0          0
  qpkktref         :       0.00       0.00      0          0          0          0          0          0          0          0          0          0
  redvub           :       0.00       0.00      0          0          0          0          0          0          0          0          0          0
  sparsify         :       0.00       0.00      1          0          0          0          0          0          0          0          0          0
  stuffing         :       0.00       0.00      0          0          0          0          0          0          0          0          0          0
  trivial          :       0.00       0.00     11         14          0          0          0          0          0          0          0          0
  tworowbnd        :       0.00       0.00      0          0          0          0          0          0          0          0          0          0
  dualfix          :       0.00       0.00     11          0          0          0          0          0          0          0          0          0
  genvbounds       :       0.00       0.00      0          0          0          0          0          0          0          0          0          0
  probing          :       0.00       0.00      1          0          0          0          0          0          0          0          0          0
  pseudoobj        :       0.00       0.00      1          0          0          0          0          0          0          0          0          0
  symmetry         :       0.00       0.00      1          0          0          0          0          0          0          0          0          0
  vbounds          :       0.00       0.00      2          0          0          0          0          0          0          0          0          0
  knapsack         :       0.00       0.00      6          0          0          0          0          0          1          2          2          4
  setppc           :       0.00       0.00     12          0          0          0          0          0          0          0          0          0
  and              :       0.00       0.00     11          0        496          0          0          0        496          0          0          0
  linear           :       0.00       0.00     15          0         32          0          0          0         96          0         32         32
  logicor          :       0.00       0.00     11          0          0          0          0          0          0          0          0          0
  benders          :       0.00       0.00      0          0          0          0          0          0          0          0          0          0
  components       :       0.00       0.00      2          0          0          0          0          0          0          0          0          0
  root node        :          -          -      -        110          -          -        110          -          -          -          -          -
Constraints        :     Number  MaxNumber  #Separate #Propagate    #EnfoLP    #EnfoRelax  #EnfoPS    #Check   #ResProp    Cutoffs    DomReds       Cuts    Applied      Conss   Children
  benderslp        :          0          0          0          0         97          0          0         81          0          0          0          0          0          0          0
  integral         :          0          0          0          0         97          0          0         81          0          0        299          0          0        214         58
  knapsack         :         62         62         14       2408          0          0          0          0         81          4         78          0          0          0          0
  setppc           :         80+        98         17       2601          2          0          0         42        268          1        318          0          0          0          0
  and              :        482        482        213       3381          2          0          0         75       1901         15       2926        338        164          0          0
  linear           :          1          1         45       3331          2          0          0         49         33         22          4          0          0          0          0
  logicor          :         15+       128         43        900          0          0          0          0         20         10          1          0          0          0          0
  benders          :          0          0          0          0          2          0          0         48          0          0          0          0          0          0          0
  countsols        :          0          0          0          0          2          0          0         48          0          0          0          0          0          0          0
  components       :          0          0          0          0          0          0          0          0          0          0          0          0          0          0          0
Constraint Timings :  TotalTime  SetupTime   Separate  Propagate     EnfoLP     EnfoPS     EnfoRelax   Check    ResProp    SB-Prop
  benderslp        :       0.00       0.00       0.00       0.00       0.00       0.00       0.00       0.00       0.00       0.00
  integral         :       4.00       0.00       0.00       0.00       4.00       0.00       0.00       0.00       0.00       0.00
  knapsack         :       1.00       0.00       0.00       0.00       0.00       0.00       0.00       0.00       0.00       1.00
  setppc           :       0.00       0.00       0.00       0.00       0.00       0.00       0.00       0.00       0.00       0.00
  and              :       0.00       0.00       0.00       0.00       0.00       0.00       0.00       0.00       0.00       0.00
  linear           :       0.00       0.00       0.00       0.00       0.00       0.00       0.00       0.00       0.00       0.00
  logicor          :       0.00       0.00       0.00       0.00       0.00       0.00       0.00       0.00       0.00       0.00
  benders          :       0.00       0.00       0.00       0.00       0.00       0.00       0.00       0.00       0.00       0.00
  countsols        :       0.00       0.00       0.00       0.00       0.00       0.00       0.00       0.00       0.00       0.00
  components       :       0.00       0.00       0.00       0.00       0.00       0.00       0.00       0.00       0.00       0.00
Propagators        : #Propagate   #ResProp    Cutoffs    DomReds
  dualfix          :          8          0          0          0
  genvbounds       :          0          0          0          0
  nlobbt           :          0          0          0          0
  obbt             :          0          0          0          0
  probing          :          0          0          0          0
  pseudoobj        :        564          0          0          5
  redcost          :        440          0          0       2080
  rootredcost      :          7          0          0         19
  symmetry         :          0          0          0          0
  vbounds          :       3400          0          0          0
Propagator Timings :  TotalTime  SetupTime   Presolve  Propagate    ResProp    SB-Prop
  dualfix          :       0.00       0.00       0.00       0.00       0.00       0.00
  genvbounds       :       0.00       0.00       0.00       0.00       0.00       0.00
  nlobbt           :       0.00       0.00       0.00       0.00       0.00       0.00
  obbt             :       0.00       0.00       0.00       0.00       0.00       0.00
  probing          :       0.00       0.00       0.00       0.00       0.00       0.00
  pseudoobj        :       0.00       0.00       0.00       0.00       0.00       0.00
  redcost          :       0.00       0.00       0.00       0.00       0.00       0.00
  rootredcost      :       0.00       0.00       0.00       0.00       0.00       0.00
  symmetry         :       0.00       0.00       0.00       0.00       0.00       0.00
  vbounds          :       0.00       0.00       0.00       0.00       0.00       0.00
Conflict Analysis  :       Time      Calls    Success    DomReds  Conflicts   Literals    Reconvs ReconvLits   Dualrays   Nonzeros   LP Iters   (pool size: [10000,10000])
  propagation      :       0.00         34         32          -         65       17.7          1       28.0          -          -          -
  infeasible LP    :       0.00          0          0          -          0        0.0          0        0.0          0        0.0          0
  bound exceed. LP :       0.00        174         51          -        320       31.9          0        0.0          0        0.0       1282
  strong branching :       0.00          0          0          -          0        0.0          0        0.0          -          -          0
  pseudo solution  :       0.00          0          0          -          0        0.0          0        0.0          -          -          -
  applied globally :       0.00          -          -          0        276       19.8          -          -          0          -          -
  applied locally  :          -          -          -          0          0        0.0          -          -          0          -          -
Separators         :   ExecTime  SetupTime      Calls    Cutoffs    DomReds       Cuts    Applied      Conss
  cut pool         :       0.00                    52          -          -       3053          -          -    (maximal pool size: 1911)
  aggregation      :       0.00       0.00         60          0          0          7          0          0
  cgmip            :       0.00       0.00          0          0          0          0          0          0
  clique           :       0.00       0.00         45          0          0          0          0          0
  closecuts        :       0.00       0.00          0          0          0          0          0          0
  cmir             :       0.00       0.00          0          0          0          0          1          0
  convexproj       :       0.00       0.00          0          0          0          0          0          0
  disjunctive      :       0.00       0.00          0          0          0          0          0          0
  eccuts           :       0.00       0.00          0          0          0          0          0          0
  flowcover        :       0.00       0.00          0          0          0          0          0          0
  gauge            :       0.00       0.00          0          0          0          0          0          0
  gomory           :       1.00       0.00         30          0          0       2201         55          0
  impliedbounds    :       0.00       0.00         60          0          0        182        116          0
  intobj           :       0.00       0.00          0          0          0          0          0          0
  mcf              :       0.00       0.00          2          0          0          0          0          0
  oddcycle         :       0.00       0.00          0          0          0          0          0          0
  rapidlearning    :       0.00       0.00          0          0          0          0          0          0
  strongcg         :       2.00       0.00         34          0          0        953          6          0
  zerohalf         :       0.00       0.00         44          0          0         62         50          0
Pricers            :   ExecTime  SetupTime      Calls       Vars
  problem variables:       0.00          -          0          0
Branching Rules    :   ExecTime  SetupTime   BranchLP  BranchExt   BranchPS    Cutoffs    DomReds       Cuts      Conss   Children
  allfullstrong    :       0.00       0.00          0          0          0          0          0          0          0          0
  cloud            :       0.00       0.00          0          0          0          0          0          0          0          0
  distribution     :       0.00       0.00          0          0          0          0          0          0          0          0
  fullstrong       :       0.00       0.00          0          0          0          0          0          0          0          0
  inference        :       0.00       0.00          0          0          0          0          0          0          0          0
  leastinf         :       0.00       0.00          0          0          0          0          0          0          0          0
  lookahead        :       0.00       0.00          0          0          0          0          0          0          0          0
  mostinf          :       0.00       0.00          0          0          0          0          0          0          0          0
  multaggr         :       0.00       0.00          0          0          0          0          0          0          0          0
  nodereopt        :       0.00       0.00          0          0          0          0          0          0          0          0
  pscost           :       0.00       0.00          0          0          0          0          0          0          0          0
  random           :       0.00       0.00          0          0          0          0          0          0          0          0
  relpscost        :       4.00       0.00         95          0          0          0        299          0        238         58
  vanillafullstrong:       0.00       0.00          0          0          0          0          0          0          0          0
Primal Heuristics  :   ExecTime  SetupTime      Calls      Found       Best
  LP solutions     :       0.00          -          -          2          2
  relax solutions  :       0.00          -          -          0          0
  pseudo solutions :       0.00          -          -          0          0
  strong branching :       0.00          -          -          5          5
  actconsdiving    :       0.00       0.00          0          0          0
  adaptivediving   :       0.00       0.00          0          0          0
  alns             :       0.00       0.00          1          0          0
  bound            :       0.00       0.00          0          0          0
  clique           :       0.00       0.00          1          1          1
  coefdiving       :       0.00       0.00          0          0          0
  completesol      :       0.00       0.00          0          0          0
  conflictdiving   :       0.00       0.00          2          1          1
  crossover        :       0.00       0.00          0          0          0
  dins             :       0.00       0.00          0          0          0
  distributiondivin:       0.00       0.00          0          0          0
  dualval          :       0.00       0.00          0          0          0
  farkasdiving     :       0.00       0.00          2          0          0
  feaspump         :       0.00       0.00          0          0          0
  fixandinfer      :       0.00       0.00          0          0          0
  fracdiving       :       0.00       0.00          0          0          0
  gins             :       0.00       0.00          0          0          0
  guideddiving     :       0.00       0.00          0          0          0
  indicator        :       0.00       0.00          0          0          0
  intdiving        :       0.00       0.00          0          0          0
  intshifting      :       0.00       0.00          0          0          0
  linesearchdiving :       0.00       0.00          0          0          0
  localbranching   :       0.00       0.00          0          0          0
  locks            :       0.00       0.00          1          0          0
  lpface           :       0.00       0.00          0          0          0
  mpec             :       0.00       0.00          0          0          0
  multistart       :       0.00       0.00          0          0          0
  mutation         :       0.00       0.00          0          0          0
  nlpdiving        :       0.00       0.00          0          0          0
  objpscostdiving  :       0.00       0.00          0          0          0
  octane           :       0.00       0.00          0          0          0
  ofins            :       0.00       0.00          0          0          0
  oneopt           :       0.00       0.00          8          0          0
  padm             :       0.00       0.00          0          0          0
  proximity        :       0.00       0.00          0          0          0
  pscostdiving     :       0.00       0.00          0          0          0
  randrounding     :       0.00       0.00         47          0          0
  rens             :       0.00       0.00          2          0          0
  reoptsols        :       0.00       0.00          0          0          0
  repair           :       0.00       0.00          0          0          0
  rins             :       0.00       0.00          0          0          0
  rootsoldiving    :       0.00       0.00          0          0          0
  rounding         :       0.00       0.00        152          0          0
  shiftandpropagate:       0.00       0.00          0          0          0
  shifting         :       0.00       0.00         63         21          0
  simplerounding   :       0.00       0.00          0          0          0
  subnlp           :       0.00       0.00          0          0          0
  trivial          :       0.00       0.00          2          0          0
  trivialnegation  :       0.00       0.00          0          0          0
  trustregion      :       0.00       0.00          0          0          0
  trysol           :       0.00       0.00          0          0          0
  twoopt           :       0.00       0.00          0          0          0
  undercover       :       0.00       0.00          1          0          0
  vbounds          :       0.00       0.00          2          3          3
  veclendiving     :       0.00       0.00          0          0          0
  zeroobj          :       0.00       0.00          0          0          0
  zirounding       :       0.00       0.00         29          0          0
  other solutions  :          -          -          -          0          -
Diving (single)    :      Calls      Nodes   LP Iters Backtracks  Conflicts   MinDepth   MaxDepth   AvgDepth  RoundSols  NLeafSols  MinSolDpt  MaxSolDpt  AvgSolDpt
  actconsdiving    :          0          -          -          -          -          -          -          -          -          -          -          -          -
  coefdiving       :          0          -          -          -          -          -          -          -          -          -          -          -          -
  conflictdiving   :          2         16        171          3          5          7          8        7.5          0          1          8          8        8.0
  distributiondivin:          0          -          -          -          -          -          -          -          -          -          -          -          -
  farkasdiving     :          2         18        560          6          7          5          9        7.0          0          -          -          -          -
  fracdiving       :          0          -          -          -          -          -          -          -          -          -          -          -          -
  guideddiving     :          0          -          -          -          -          -          -          -          -          -          -          -          -
  linesearchdiving :          0          -          -          -          -          -          -          -          -          -          -          -          -
  pscostdiving     :          0          -          -          -          -          -          -          -          -          -          -          -          -
  veclendiving     :          0          -          -          -          -          -          -          -          -          -          -          -          -
Diving (adaptive)  :      Calls      Nodes   LP Iters Backtracks  Conflicts   MinDepth   MaxDepth   AvgDepth  RoundSols  NLeafSols  MinSolDpt  MaxSolDpt  AvgSolDpt
  actconsdiving    :          0          -          -          -          -          -          -          -          -          -          -          -          -
  coefdiving       :          0          -          -          -          -          -          -          -          -          -          -          -          -
  conflictdiving   :          0          -          -          -          -          -          -          -          -          -          -          -          -
  distributiondivin:          0          -          -          -          -          -          -          -          -          -          -          -          -
  farkasdiving     :          0          -          -          -          -          -          -          -          -          -          -          -          -
  fracdiving       :          0          -          -          -          -          -          -          -          -          -          -          -          -
  guideddiving     :          0          -          -          -          -          -          -          -          -          -          -          -          -
  linesearchdiving :          0          -          -          -          -          -          -          -          -          -          -          -          -
  pscostdiving     :          0          -          -          -          -          -          -          -          -          -          -          -          -
  veclendiving     :          0          -          -          -          -          -          -          -          -          -          -          -          -
Neighborhoods      :      Calls  SetupTime  SolveTime SolveNodes       Sols       Best       Exp3  EpsGreedy        UCB TgtFixRate  Opt  Inf Node Stal  Sol  Usr Othr Actv
  rens             :          0       0.00       0.00          0          0          0    0.00000   -1.00000    1.00000      0.900    0    0    0    0    0    0    0    1
  rins             :          0       0.00       0.00          0          0          0    0.00000   -1.00000    1.00000      0.900    0    0    0    0    0    0    0    1
  mutation         :          1       0.00       0.00          0          0          0    0.00000   -1.00000    1.00000      0.700    0    1    0    0    0    0    0    1
  localbranching   :          0       0.00       0.00          0          0          0    0.00000   -1.00000    1.00000      0.900    0    0    0    0    0    0    0    1
  crossover        :          0       0.00       0.00          0          0          0    0.00000   -1.00000    1.00000      0.900    0    0    0    0    0    0    0    1
  proximity        :          0       0.00       0.00          0          0          0    0.00000   -1.00000    1.00000      0.900    0    0    0    0    0    0    0    1
  zeroobjective    :          0       0.00       0.00          0          0          0    0.00000   -1.00000    1.00000      0.900    0    0    0    0    0    0    0    1
  dins             :          0       0.00       0.00          0          0          0    0.00000   -1.00000    1.00000      0.900    0    0    0    0    0    0    0    1
  trustregion      :          0       0.00       0.00          0          0          0    0.00000   -1.00000    1.00000      0.900    0    0    0    0    0    0    0    0
LP                 :       Time      Calls Iterations  Iter/call   Iter/sec  Time-0-It Calls-0-It    ItLimit
  primal LP        :       0.00         10          0       0.00          -       0.00         10
  dual LP          :       0.00        362       4552      20.69          -       0.00        142
  lex dual LP      :       0.00          0          0       0.00          -
  barrier LP       :       0.00          0          0       0.00          -       0.00          0
  resolve instable :       0.00          0          0       0.00          -
  diving/probing LP:       0.00         16        731      45.69          -
  strong branching :       3.00        478      29195      61.08    9731.67          -          -          0
    (at root node) :          -         41       9388     228.98          -
  conflict analysis:       0.00        145       1282       8.84          -
B&B Tree           :
  number of runs   :          2
  nodes            :         56 (28 internal, 28 leaves)
  feasible leaves  :          2
  infeas. leaves   :          3
  objective leaves :         23
  nodes (total)    :         57 (29 internal, 28 leaves)
  nodes left       :          0
  max depth        :         10
  max depth (total):         10
  backtracks       :         15 (26.8%)
  early backtracks :          0 (0.0%)
  nodes exc. ref.  :          0 (0.0%)
  delayed cutoffs  :          0
  repropagations   :          5 (0 domain reductions, 0 cutoffs)
  avg switch length:       3.39
  switching time   :       0.00
Estim. Tree Size   :         57
Estimation Tree    : 57 nodes (57 visited, 28 internal, 29 leaves, 0 open), weight: 1.0000 completed 1.0000
Estimations        :      estim      value      trend resolution     smooth
  wbe              :         57          -          -          -          -
  tree-profile     :         -1          -          -          -          -
  gap              :         57    1.00000    0.09000          1         71
  tree-weight      :         57    1.00000    0.03309          1         59
  leaf-frequency   :         57    0.50000    0.00224          1         59
  ssg              :         57    0.00000   -0.04219          1         62
  open-nodes       :         57    0.00000   -0.33761          1         59
Root Node          :
  First LP value   : -8.58287417880350e-02
  First LP Iters   :        182
  First LP Time    :       0.00
  Final Dual Bound : -2.60158514150482e-02
  Final Root Iters :       1577
  Root LP Estimate : +3.74780722876627e-02
Solution           :
  Solutions found  :         33 (13 improvements)
  First Solution   : +5.22206101742228e-02   (in run 1, after 1 nodes, 0.00 seconds, depth 30, found by <clique>)
  Gap First Sol.   :   infinite
  Gap Last Sol.    :   infinite
  Primal Bound     : +1.22839314464613e-03   (in run 2, after 52 nodes, 7.00 seconds, depth 5, found by <relaxation>)
  Dual Bound       : +1.22839314464613e-03
  Gap              :       0.00 %
Integrals          :      Total       Avg%
  primal-dual      :     700.00     100.00
  primal-ref       :          -          - (not evaluated)
  dual-ref         :          -          - (not evaluated)
