SCIP version 7.0.2 [precision: 8 byte] [memory: block] [mode: optimized] [LP solver: SoPlex 5.0.2] [GitHash: e9d280a398]
Copyright (C) 2002-2020 Konrad-Zuse-Zentrum fuer Informationstechnik Berlin (ZIB)

External codes: 
  SoPlex 5.0.2         Linear Programming Solver developed at Zuse Institute Berlin (soplex.zib.de) [GitHash: e24c304e]
  CppAD 20180000.0     Algorithmic Differentiation of C++ algorithms developed by B. Bell (www.coin-or.org/CppAD)
  MPIR 3.0.0           Multiple Precision Integers and Rationals Library developed by W. Hart (mpir.org)
  ZIMPL 3.4.0          Zuse Institute Mathematical Programming Language developed by T. Koch (zimpl.zib.de)
  PaPILO 1.0.2         parallel presolve for integer and linear optimization (https://github.com/lgottwald/PaPILO) [GitHash: 62d2842]
  bliss 0.73p          Computing Graph Automorphism Groups by T. Junttila and P. Kaski (http://www.tcs.hut.fi/Software/bliss/)
  Ipopt 3.12.9         Interior Point Optimizer developed by A. Waechter et.al. (www.coin-or.org/Ipopt)

user parameter file <scip.set> not found - using default parameters

read problem <C:\Users\Claubit\Documents\GitHub\embedding\src\lp\scenarioA2_N32_B0.2_classical\IPL_linearized_N32q30.00B6.lp>
============

original problem has 1056 variables (0 bin, 1056 int, 0 impl, 0 cont) and 3073 constraints

solve problem
=============

presolving:
(round 1, fast)       32 del vars, 32 del conss, 0 add conss, 0 chg bounds, 32 chg sides, 32 chg coeffs, 0 upgd conss, 0 impls, 1984 clqs
(round 2, fast)       32 del vars, 96 del conss, 0 add conss, 0 chg bounds, 32 chg sides, 32 chg coeffs, 0 upgd conss, 0 impls, 1984 clqs
   (0.0s) running MILP presolver
   (0.0s) MILP presolver found nothing
(round 3, exhaustive) 32 del vars, 96 del conss, 0 add conss, 0 chg bounds, 32 chg sides, 32 chg coeffs, 2976 upgd conss, 0 impls, 1984 clqs
(round 4, exhaustive) 32 del vars, 3072 del conss, 992 add conss, 0 chg bounds, 32 chg sides, 32 chg coeffs, 2976 upgd conss, 0 impls, 1984 clqs
(round 5, exhaustive) 528 del vars, 3568 del conss, 992 add conss, 0 chg bounds, 32 chg sides, 32 chg coeffs, 2976 upgd conss, 0 impls, 992 clqs
   (0.0s) probing: 51/528 (9.7%) - 0 fixings, 0 aggregations, 0 implications, 0 bound changes
   (0.0s) probing aborted: 50/50 successive totally useless probings
   (0.0s) symmetry computation started: requiring (bin +, int -, cont +), (fixed: bin -, int +, cont -)
   (0.0s) no symmetry present
presolving (6 rounds: 6 fast, 4 medium, 4 exhaustive):
 528 deleted vars, 3568 deleted constraints, 992 added constraints, 0 tightened bounds, 0 added holes, 32 changed sides, 32 changed coefficients
 0 implications, 992 cliques
presolved problem has 528 variables (528 bin, 0 int, 0 impl, 0 cont) and 497 constraints
    496 constraints of type <and>
      1 constraints of type <linear>
Presolving Time: 0.00

 time | node  | left  |LP iter|LP it/n|mem/heur|mdpt |vars |cons |rows |cuts |sepa|confs|strbr|  dualbound   | primalbound  |  gap   | compl. 
p 0.0s|     1 |     0 |     0 |     - |  clique|   0 | 528 | 497 | 993 |   0 |  0 |   0 |   0 |-4.895317e-01 | 1.245419e-01 |    Inf | unknown
p 0.0s|     1 |     0 |     0 |     - | vbounds|   0 | 528 | 497 | 993 |   0 |  0 |   2 |   0 |-4.895317e-01 | 3.701685e-02 |    Inf | unknown
  0.0s|     1 |     0 |   178 |     - |    14M |   0 | 528 | 497 | 993 |   0 |  0 |   2 |   0 |-1.190893e-01 | 3.701685e-02 |    Inf | unknown
  0.0s|     1 |     0 |   259 |     - |    14M |   0 | 528 | 497 |1050 |  57 |  1 |   2 |   0 |-7.759483e-02 | 3.701685e-02 |    Inf | unknown
  0.0s|     1 |     0 |   333 |     - |    14M |   0 | 528 | 497 |1084 |  91 |  2 |   2 |   0 |-6.290006e-02 | 3.701685e-02 |    Inf | unknown
  0.0s|     1 |     0 |   375 |     - |    15M |   0 | 528 | 497 |1110 | 117 |  3 |   2 |   0 |-5.491081e-02 | 3.701685e-02 |    Inf | unknown
  0.0s|     1 |     0 |   397 |     - |    15M |   0 | 528 | 498 |1113 | 120 |  4 |   3 |   0 |-5.236300e-02 | 3.701685e-02 |    Inf | unknown
  0.0s|     1 |     0 |   425 |     - |    15M |   0 | 528 | 501 |1119 | 126 |  5 |   6 |   0 |-5.033789e-02 | 3.701685e-02 |    Inf | unknown
  0.0s|     1 |     0 |   440 |     - |    15M |   0 | 528 | 501 |1128 | 135 |  6 |   6 |   0 |-4.829313e-02 | 3.701685e-02 |    Inf | unknown
  0.0s|     1 |     0 |   443 |     - |    16M |   0 | 528 | 504 |1129 | 136 |  7 |   9 |   0 |-4.820263e-02 | 3.701685e-02 |    Inf | unknown
  0.0s|     1 |     0 |   456 |     - |    16M |   0 | 528 | 504 |1130 | 137 |  8 |   9 |   0 |-4.752520e-02 | 3.701685e-02 |    Inf | unknown
  1.0s|     1 |     0 |   476 |     - |    16M |   0 | 528 | 505 |1133 | 140 |  9 |  10 |   0 |-4.685006e-02 | 3.701685e-02 |    Inf | unknown
  1.0s|     1 |     0 |   493 |     - |    16M |   0 | 528 | 507 |1135 | 142 | 10 |  12 |   0 |-4.633662e-02 | 3.701685e-02 |    Inf | unknown
  1.0s|     1 |     0 |   505 |     - |    17M |   0 | 528 | 508 |1136 | 143 | 11 |  13 |   0 |-4.622172e-02 | 3.701685e-02 |    Inf | unknown
  1.0s|     1 |     0 |   514 |     - |    17M |   0 | 528 | 508 |1138 | 145 | 12 |  13 |   0 |-4.610545e-02 | 3.701685e-02 |    Inf | unknown
 time | node  | left  |LP iter|LP it/n|mem/heur|mdpt |vars |cons |rows |cuts |sepa|confs|strbr|  dualbound   | primalbound  |  gap   | compl. 
  1.0s|     1 |     0 |   518 |     - |    18M |   0 | 528 | 508 |1139 | 146 | 13 |  13 |   0 |-4.596301e-02 | 3.701685e-02 |    Inf | unknown
  1.0s|     1 |     0 |   528 |     - |    18M |   0 | 528 | 508 |1140 | 147 | 14 |  13 |   0 |-4.582231e-02 | 3.701685e-02 |    Inf | unknown
  1.0s|     1 |     0 |   537 |     - |    18M |   0 | 528 | 508 |1141 | 148 | 15 |  13 |   0 |-4.574268e-02 | 3.701685e-02 |    Inf | unknown
  1.0s|     1 |     0 |   537 |     - |    18M |   0 | 528 | 508 |1140 | 148 | 15 |  13 |   0 |-4.574268e-02 | 3.701685e-02 |    Inf | unknown
  1.0s|     1 |     0 |   548 |     - |    19M |   0 | 528 | 508 |1141 | 149 | 16 |  13 |   0 |-4.571822e-02 | 3.701685e-02 |    Inf | unknown
  1.0s|     1 |     0 |   550 |     - |    19M |   0 | 528 | 508 |1133 | 150 | 17 |  13 |   0 |-4.571520e-02 | 3.701685e-02 |    Inf | unknown
  1.0s|     1 |     0 |   554 |     - |    19M |   0 | 528 | 508 |1135 | 152 | 18 |  13 |   0 |-4.570939e-02 | 3.701685e-02 |    Inf | unknown
  1.0s|     1 |     0 |   563 |     - |    19M |   0 | 528 | 508 |1137 | 154 | 19 |  13 |   0 |-4.569916e-02 | 3.701685e-02 |    Inf | unknown
  1.0s|     1 |     0 |   576 |     - |    19M |   0 | 528 | 508 |1138 | 155 | 20 |  13 |   0 |-4.557744e-02 | 3.701685e-02 |    Inf | unknown
  1.0s|     1 |     0 |   588 |     - |    19M |   0 | 528 | 508 |1140 | 157 | 21 |  13 |   0 |-4.555869e-02 | 3.701685e-02 |    Inf | unknown
  1.0s|     1 |     0 |   595 |     - |    19M |   0 | 528 | 508 |1141 | 158 | 22 |  13 |   0 |-4.555049e-02 | 3.701685e-02 |    Inf | unknown
  1.0s|     1 |     0 |   605 |     - |    19M |   0 | 528 | 508 |1138 | 159 | 23 |  13 |   0 |-4.554332e-02 | 3.701685e-02 |    Inf | unknown
  1.0s|     1 |     0 |   608 |     - |    19M |   0 | 528 | 508 |1139 | 160 | 24 |  13 |   0 |-4.554032e-02 | 3.701685e-02 |    Inf | unknown
  1.0s|     1 |     0 |   612 |     - |    19M |   0 | 528 | 508 |1143 | 164 | 25 |  13 |   0 |-4.553291e-02 | 3.701685e-02 |    Inf | unknown
  1.0s|     1 |     0 |   613 |     - |    19M |   0 | 528 | 508 |1144 | 165 | 26 |  13 |   0 |-4.551884e-02 | 3.701685e-02 |    Inf | unknown
 time | node  | left  |LP iter|LP it/n|mem/heur|mdpt |vars |cons |rows |cuts |sepa|confs|strbr|  dualbound   | primalbound  |  gap   | compl. 
  1.0s|     1 |     0 |   614 |     - |    19M |   0 | 528 | 511 |1145 | 166 | 27 |  16 |   0 |-4.551699e-02 | 3.701685e-02 |    Inf | unknown
  1.0s|     1 |     0 |   615 |     - |    19M |   0 | 528 | 511 |1146 | 167 | 28 |  16 |   0 |-4.551299e-02 | 3.701685e-02 |    Inf | unknown
  1.0s|     1 |     0 |   615 |     - |    20M |   0 | 528 | 511 |1147 | 167 | 30 |  16 |   0 |-4.551299e-02 | 3.701685e-02 |    Inf | unknown
  1.0s|     1 |     0 |   616 |     - |    20M |   0 | 528 | 511 |1143 | 168 | 31 |  16 |   0 |-4.551230e-02 | 3.701685e-02 |    Inf | unknown
  1.0s|     1 |     0 |   619 |     - |    20M |   0 | 528 | 511 |1144 | 169 | 32 |  16 |   0 |-4.551178e-02 | 3.701685e-02 |    Inf | unknown
  2.0s|     1 |     2 |  1524 |     - |    20M |   0 | 528 | 513 |1144 | 169 | 34 |  18 |  20 |-3.924505e-02 | 3.701685e-02 |    Inf | unknown
* 2.0s|    14 |     9 |  2244 | 125.0 |    LP  |  10 | 528 | 521 |1172 | 237 |  7 |  26 | 178 |-2.481425e-02 | 3.555261e-02 |    Inf | unknown
* 3.0s|    16 |     7 |  2525 | 127.1 |strongbr|  10 | 528 | 515 |1176 | 258 |  2 |  28 | 188 |-2.481425e-02 | 3.463808e-02 |    Inf | unknown
* 3.0s|    16 |     7 |  2525 | 127.1 |strongbr|  10 | 528 | 513 |1176 | 258 |  2 |  28 | 194 |-2.481425e-02 | 3.148583e-02 |    Inf | unknown
* 3.0s|    24 |     9 |  2960 | 101.8 |    LP  |  10 | 528 | 516 |1167 | 280 |  3 |  56 | 247 |-2.481425e-02 | 2.740219e-02 |    Inf |  21.68%
* 3.0s|    25 |     8 |  3151 | 105.5 |    LP  |  10 | 528 | 516 |1205 | 319 | 10 |  62 | 252 |-2.481425e-02 | 2.522300e-02 |    Inf |  21.72%
* 3.0s|    26 |     7 |  3225 | 104.2 |strongbr|  10 | 528 | 549 |1183 | 322 |  5 |  95 | 260 |-2.481425e-02 | 2.506657e-02 |    Inf |  21.76%
* 3.0s|    31 |     4 |  3564 |  98.2 |strongbr|  10 | 528 | 643 |1164 | 330 |  1 | 189 | 316 |-2.481425e-02 | 2.463735e-02 |    Inf |  38.78%
* 4.0s|    34 |     5 |  3873 |  98.6 |    LP  |  10 | 528 | 687 |1172 | 351 | 11 | 233 | 374 |-2.481425e-02 | 2.453111e-02 |    Inf |  39.48%
* 4.0s|    42 |     7 |  4119 |  85.4 |strongbr|  10 | 528 | 687 |1195 | 377 | 10 | 233 | 387 |-2.481425e-02 | 2.451867e-02 |    Inf |  40.94%
 time | node  | left  |LP iter|LP it/n|mem/heur|mdpt |vars |cons |rows |cuts |sepa|confs|strbr|  dualbound   | primalbound  |  gap   | compl. 
* 4.0s|    42 |     5 |  4119 |  85.4 |strongbr|  10 | 528 | 557 |1195 | 377 | 10 | 233 | 388 |-2.481425e-02 | 2.210934e-02 |    Inf |  41.37%
* 4.0s|    43 |     4 |  4187 |  85.0 |strongbr|  10 | 528 | 557 |1191 | 380 |  3 | 233 | 395 |-2.481425e-02 | 1.899671e-02 |    Inf |  42.04%
* 4.0s|    43 |     4 |  4187 |  85.0 |strongbr|  10 | 528 | 561 |1191 | 380 |  3 | 237 | 399 |-2.481425e-02 | 1.861540e-02 |    Inf |  42.04%
* 4.0s|    68 |     5 |  5195 |  68.3 |strongbr|  10 | 528 | 563 |1180 | 424 |  9 | 319 | 531 |-1.597102e-02 | 1.661867e-02 |    Inf |  65.32%
* 4.0s|    75 |     4 |  5349 |  63.9 |    LP  |  10 | 528 | 571 |1175 | 427 |  2 | 337 | 541 | 7.013960e-05 | 1.468667e-02 |  Large |  76.66%

SCIP Status        : problem is solved [optimal solution found]
Solving Time (sec) : 4.00
Solving Nodes      : 85
Primal Bound       : +1.46866742161828e-02 (54 solutions)
Dual Bound         : +1.46866742161828e-02
Gap                : 0.00 %

primal solution (original space):
=================================

objective value:                   0.0146866742161828
y(1,1)                                              1 	(obj:0.00941332021616712)
y(1,16)                                             1 	(obj:-0.00459439107781726)
y(1,17)                                             1 	(obj:-0.00415453277386978)
y(1,21)                                             1 	(obj:0.000427269985659613)
y(1,30)                                             1 	(obj:0.00371520573430754)
y(1,32)                                             1 	(obj:0.00279050216981583)
y(16,1)                                             1 	(obj:-0.00459439107781726)
y(16,16)                                            1 	(obj:0.0118698178942308)
y(16,17)                                            1 	(obj:0.00599484604421229)
y(16,21)                                            1 	(obj:0.00110516976518474)
y(16,30)                                            1 	(obj:-0.00118701463758003)
y(16,32)                                            1 	(obj:-0.00228326599779291)
y(17,1)                                             1 	(obj:-0.00415453277386978)
y(17,16)                                            1 	(obj:0.00599484604421229)
y(17,17)                                            1 	(obj:0.0088310853230142)
y(17,21)                                            1 	(obj:4.6311775679428e-05)
y(17,30)                                            1 	(obj:-0.00283599108377878)
y(17,32)                                            1 	(obj:-0.00188014462890925)
y(21,1)                                             1 	(obj:0.000427269985659613)
y(21,16)                                            1 	(obj:0.00110516976518474)
y(21,17)                                            1 	(obj:4.6311775679428e-05)
y(21,21)                                            1 	(obj:0.00319893677293117)
y(21,30)                                            1 	(obj:0.000473332857248151)
y(21,32)                                            1 	(obj:-0.00017148229479867)
y(30,1)                                             1 	(obj:0.00371520573430754)
y(30,16)                                            1 	(obj:-0.00118701463758003)
y(30,17)                                            1 	(obj:-0.00283599108377878)
y(30,21)                                            1 	(obj:0.000473332857248151)
y(30,30)                                            1 	(obj:0.0036534718411328)
y(30,32)                                            1 	(obj:0.0015805294598579)
y(32,1)                                             1 	(obj:0.00279050216981583)
y(32,16)                                            1 	(obj:-0.00228326599779291)
y(32,17)                                            1 	(obj:-0.00188014462890925)
y(32,21)                                            1 	(obj:-0.00017148229479867)
y(32,30)                                            1 	(obj:0.0015805294598579)
y(32,32)                                            1 	(obj:0.00263084937727519)
x(1)                                                1 	(obj:-0.00667286319447288)
x(16)                                               1 	(obj:-0.0059640060439669)
x(17)                                               1 	(obj:0.00117967554409262)
x(21)                                               1 	(obj:-0.00233757086924918)
x(30)                                               1 	(obj:-0.00517621098612854)
x(32)                                               1 	(obj:-0.0039925222536812)

Statistics
==========

SCIP Status        : problem is solved [optimal solution found]
Total Time         :       4.00
  solving          :       4.00
  presolving       :       0.00 (included in solving)
  reading          :       0.00
  copying          :       0.00 (3 #copies) (minimal 0.00, maximal 0.00, average 0.00)
Original Problem   :
  Problem name     : C:\Users\Claubit\Documents\GitHub\embedding\src\lp\scenarioA2_N32_B0.2_classical\IPL_linearized_N32q30.00B6.lp
  Variables        : 1056 (0 binary, 1056 integer, 0 implicit integer, 0 continuous)
  Constraints      : 3073 initial, 3073 maximal
  Objective        : minimize, 1056 non-zeros (abs.min = 2.59839e-06, abs.max = 0.0541873)
Presolved Problem  :
  Problem name     : t_C:\Users\Claubit\Documents\GitHub\embedding\src\lp\scenarioA2_N32_B0.2_classical\IPL_linearized_N32q30.00B6.lp
  Variables        : 528 (528 binary, 0 integer, 0 implicit integer, 0 continuous)
  Constraints      : 497 initial, 688 maximal
  Objective        : minimize, 528 non-zeros (abs.min = 5.19677e-06, abs.max = 0.0575469)
  Nonzeros         : 1520 constraint, 1964 clique table
Presolvers         :   ExecTime  SetupTime  Calls  FixedVars   AggrVars   ChgTypes  ChgBounds   AddHoles    DelCons    AddCons   ChgSides   ChgCoefs
  boundshift       :       0.00       0.00      0          0          0          0          0          0          0          0          0          0
  convertinttobin  :       0.00       0.00      0          0          0          0          0          0          0          0          0          0
  domcol           :       0.00       0.00      1          0          0          0          0          0          0          0          0          0
  dualagg          :       0.00       0.00      0          0          0          0          0          0          0          0          0          0
  dualcomp         :       0.00       0.00      0          0          0          0          0          0          0          0          0          0
  dualinfer        :       0.00       0.00      0          0          0          0          0          0          0          0          0          0
  dualsparsify     :       0.00       0.00      1          0          0          0          0          0          0          0          0          0
  gateextraction   :       0.00       0.00      1          0          0          0          0          0       2976        992          0          0
  implics          :       0.00       0.00      4          0          0          0          0          0          0          0          0          0
  inttobinary      :       0.00       0.00      0          0          0          0          0          0          0          0          0          0
  milp             :       0.00       0.00      1          0          0          0          0          0          0          0          0          0
  qpkktref         :       0.00       0.00      0          0          0          0          0          0          0          0          0          0
  redvub           :       0.00       0.00      0          0          0          0          0          0          0          0          0          0
  sparsify         :       0.00       0.00      1          0          0          0          0          0          0          0          0          0
  stuffing         :       0.00       0.00      0          0          0          0          0          0          0          0          0          0
  trivial          :       0.00       0.00      6          0          0          0          0          0          0          0          0          0
  tworowbnd        :       0.00       0.00      0          0          0          0          0          0          0          0          0          0
  dualfix          :       0.00       0.00      6          0          0          0          0          0          0          0          0          0
  genvbounds       :       0.00       0.00      0          0          0          0          0          0          0          0          0          0
  probing          :       0.00       0.00      1          0          0          0          0          0          0          0          0          0
  pseudoobj        :       0.00       0.00      0          0          0          0          0          0          0          0          0          0
  symmetry         :       0.00       0.00      1          0          0          0          0          0          0          0          0          0
  vbounds          :       0.00       0.00      1          0          0          0          0          0          0          0          0          0
  setppc           :       0.00       0.00      2          0          0          0          0          0          0          0          0          0
  and              :       0.00       0.00      4          0        496          0          0          0        496          0          0          0
  linear           :       0.00       0.00      8          0         32          0          0          0         96          0         32         32
  logicor          :       0.00       0.00      2          0          0          0          0          0          0          0          0          0
  benders          :       0.00       0.00      0          0          0          0          0          0          0          0          0          0
  components       :       0.00       0.00      1          0          0          0          0          0          0          0          0          0
  root node        :          -          -      -         42          -          -         42          -          -          -          -          -
Constraints        :     Number  MaxNumber  #Separate #Propagate    #EnfoLP    #EnfoRelax  #EnfoPS    #Check   #ResProp    Cutoffs    DomReds       Cuts    Applied      Conss   Children
  benderslp        :          0          0          0          0        137          0          0         74          0          0          0          0          0          0          0
  integral         :          0          0          0          0        137          0          0         74          0          0        460          0          0        323         86
  setppc           :          0+        13          3       1631          0          0          0         42          0          0          1          0          0          0          0
  and              :        496        496        294       3691          5          0          0         69       4201         18       5184        347        178          0          0
  linear           :          1          1         32       3639          5          0          0         51         50         37          8          0          0          0          0
  logicor          :          0+       190         29        878          0          0          0          0         25         21          8          0          0          0          0
  benders          :          0          0          0          0          5          0          0         50          0          0          0          0          0          0          0
  countsols        :          0          0          0          0          5          0          0         50          0          0          0          0          0          0          0
  components       :          0          0          0          0          0          0          0          0          0          0          0          0          0          0          0
Constraint Timings :  TotalTime  SetupTime   Separate  Propagate     EnfoLP     EnfoPS     EnfoRelax   Check    ResProp    SB-Prop
  benderslp        :       0.00       0.00       0.00       0.00       0.00       0.00       0.00       0.00       0.00       0.00
  integral         :       0.00       0.00       0.00       0.00       0.00       0.00       0.00       0.00       0.00       0.00
  setppc           :       0.00       0.00       0.00       0.00       0.00       0.00       0.00       0.00       0.00       0.00
  and              :       1.00       0.00       0.00       1.00       0.00       0.00       0.00       0.00       0.00       0.00
  linear           :       0.00       0.00       0.00       0.00       0.00       0.00       0.00       0.00       0.00       0.00
  logicor          :       0.00       0.00       0.00       0.00       0.00       0.00       0.00       0.00       0.00       0.00
  benders          :       0.00       0.00       0.00       0.00       0.00       0.00       0.00       0.00       0.00       0.00
  countsols        :       0.00       0.00       0.00       0.00       0.00       0.00       0.00       0.00       0.00       0.00
  components       :       0.00       0.00       0.00       0.00       0.00       0.00       0.00       0.00       0.00       0.00
Propagators        : #Propagate   #ResProp    Cutoffs    DomReds
  dualfix          :          4          0          0          0
  genvbounds       :          0          0          0          0
  nlobbt           :          0          0          0          0
  obbt             :          0          0          0          0
  probing          :          0          0          0          0
  pseudoobj        :        808          3          1          8
  redcost          :        646          0          0       3638
  rootredcost      :         12          0          0          9
  symmetry         :          0          0          0          0
  vbounds          :       3750          0          0          0
Propagator Timings :  TotalTime  SetupTime   Presolve  Propagate    ResProp    SB-Prop
  dualfix          :       0.00       0.00       0.00       0.00       0.00       0.00
  genvbounds       :       0.00       0.00       0.00       0.00       0.00       0.00
  nlobbt           :       0.00       0.00       0.00       0.00       0.00       0.00
  obbt             :       0.00       0.00       0.00       0.00       0.00       0.00
  probing          :       0.00       0.00       0.00       0.00       0.00       0.00
  pseudoobj        :       0.00       0.00       0.00       0.00       0.00       0.00
  redcost          :       0.00       0.00       0.00       0.00       0.00       0.00
  rootredcost      :       0.00       0.00       0.00       0.00       0.00       0.00
  symmetry         :       0.00       0.00       0.00       0.00       0.00       0.00
  vbounds          :       0.00       0.00       0.00       0.00       0.00       0.00
Conflict Analysis  :       Time      Calls    Success    DomReds  Conflicts   Literals    Reconvs ReconvLits   Dualrays   Nonzeros   LP Iters   (pool size: [10000,10000])
  propagation      :       0.00         43         38          -         97       31.5          0        0.0          -          -          -
  infeasible LP    :       0.00          0          0          -          0        0.0          0        0.0          0        0.0          0
  bound exceed. LP :       0.00        212         68          -        453       38.8          0        0.0          0        0.0       1748
  strong branching :       0.00          0          0          -          0        0.0          0        0.0          -          -          0
  pseudo solution  :       0.00          0          0          -          0        0.0          0        0.0          -          -          -
  applied globally :       0.00          -          -          0        350       24.0          -          -          0          -          -
  applied locally  :          -          -          -          0          0        0.0          -          -          0          -          -
Separators         :   ExecTime  SetupTime      Calls    Cutoffs    DomReds       Cuts    Applied      Conss
  cut pool         :       0.00                   149          -          -       1604          -          -    (maximal pool size: 1666)
  aggregation      :       0.00       0.00         84          0          0          1          0          0
  cgmip            :       0.00       0.00          0          0          0          0          0          0
  clique           :       0.00       0.00         32          0          0          0          0          0
  closecuts        :       0.00       0.00          0          0          0          0          0          0
  cmir             :       0.00       0.00          0          0          0          0          1          0
  convexproj       :       0.00       0.00          0          0          0          0          0          0
  disjunctive      :       0.00       0.00          0          0          0          0          0          0
  eccuts           :       0.00       0.00          0          0          0          0          0          0
  flowcover        :       0.00       0.00          0          0          0          0          0          0
  gauge            :       0.00       0.00          0          0          0          0          0          0
  gomory           :       1.00       0.00         41          0          0        634         75          0
  impliedbounds    :       0.00       0.00         84          0          0        155         94          0
  intobj           :       0.00       0.00          0          0          0          0          0          0
  mcf              :       0.00       0.00          1          0          0          0          0          0
  oddcycle         :       0.00       0.00          0          0          0          0          0          0
  rapidlearning    :       0.00       0.00          0          0          0          0          0          0
  strongcg         :       0.00       0.00         20          0          0        829          9          0
  zerohalf         :       0.00       0.00         51          0          0         78         74          0
Pricers            :   ExecTime  SetupTime      Calls       Vars
  problem variables:       0.00          -          0          0
Branching Rules    :   ExecTime  SetupTime   BranchLP  BranchExt   BranchPS    Cutoffs    DomReds       Cuts      Conss   Children
  allfullstrong    :       0.00       0.00          0          0          0          0          0          0          0          0
  cloud            :       0.00       0.00          0          0          0          0          0          0          0          0
  distribution     :       0.00       0.00          0          0          0          0          0          0          0          0
  fullstrong       :       0.00       0.00          0          0          0          0          0          0          0          0
  inference        :       0.00       0.00          0          0          0          0          0          0          0          0
  leastinf         :       0.00       0.00          0          0          0          0          0          0          0          0
  lookahead        :       0.00       0.00          0          0          0          0          0          0          0          0
  mostinf          :       0.00       0.00          0          0          0          0          0          0          0          0
  multaggr         :       0.00       0.00          0          0          0          0          0          0          0          0
  nodereopt        :       0.00       0.00          0          0          0          0          0          0          0          0
  pscost           :       0.00       0.00          0          0          0          0          0          0          0          0
  random           :       0.00       0.00          0          0          0          0          0          0          0          0
  relpscost        :       0.00       0.00        132          0          0          0        460          0        329         86
  vanillafullstrong:       0.00       0.00          0          0          0          0          0          0          0          0
Primal Heuristics  :   ExecTime  SetupTime      Calls      Found       Best
  LP solutions     :       0.00          -          -          5          5
  relax solutions  :       0.00          -          -          0          0
  pseudo solutions :       0.00          -          -          0          0
  strong branching :       0.00          -          -          9          9
  actconsdiving    :       0.00       0.00          0          0          0
  adaptivediving   :       0.00       0.00          0          0          0
  alns             :       0.00       0.00          1          0          0
  bound            :       0.00       0.00          0          0          0
  clique           :       0.00       0.00          1          1          1
  coefdiving       :       0.00       0.00          0          0          0
  completesol      :       0.00       0.00          0          0          0
  conflictdiving   :       1.00       0.00          1          0          0
  crossover        :       0.00       0.00          0          0          0
  dins             :       0.00       0.00          0          0          0
  distributiondivin:       0.00       0.00          0          0          0
  dualval          :       0.00       0.00          0          0          0
  farkasdiving     :       0.00       0.00          1          0          0
  feaspump         :       0.00       0.00          1          0          0
  fixandinfer      :       0.00       0.00          0          0          0
  fracdiving       :       0.00       0.00          0          0          0
  gins             :       0.00       0.00          0          0          0
  guideddiving     :       0.00       0.00          0          0          0
  indicator        :       0.00       0.00          0          0          0
  intdiving        :       0.00       0.00          0          0          0
  intshifting      :       0.00       0.00          0          0          0
  linesearchdiving :       0.00       0.00          0          0          0
  localbranching   :       0.00       0.00          0          0          0
  locks            :       0.00       0.00          1          0          0
  lpface           :       0.00       0.00          0          0          0
  mpec             :       0.00       0.00          0          0          0
  multistart       :       0.00       0.00          0          0          0
  mutation         :       0.00       0.00          0          0          0
  nlpdiving        :       0.00       0.00          0          0          0
  objpscostdiving  :       0.00       0.00          0          0          0
  octane           :       0.00       0.00          0          0          0
  ofins            :       0.00       0.00          0          0          0
  oneopt           :       0.00       0.00         12          0          0
  padm             :       0.00       0.00          0          0          0
  proximity        :       0.00       0.00          0          0          0
  pscostdiving     :       0.00       0.00          0          0          0
  randrounding     :       0.00       0.00         31          0          0
  rens             :       0.00       0.00          1          0          0
  reoptsols        :       0.00       0.00          0          0          0
  repair           :       0.00       0.00          0          0          0
  rins             :       0.00       0.00          0          0          0
  rootsoldiving    :       0.00       0.00          0          0          0
  rounding         :       0.00       0.00        190          0          0
  shiftandpropagate:       0.00       0.00          0          0          0
  shifting         :       0.00       0.00         86         38          0
  simplerounding   :       0.00       0.00          0          0          0
  subnlp           :       0.00       0.00          0          0          0
  trivial          :       0.00       0.00          2          0          0
  trivialnegation  :       0.00       0.00          0          0          0
  trustregion      :       0.00       0.00          0          0          0
  trysol           :       0.00       0.00          0          0          0
  twoopt           :       0.00       0.00          0          0          0
  undercover       :       0.00       0.00          1          0          0
  vbounds          :       0.00       0.00          1          1          1
  veclendiving     :       0.00       0.00          0          0          0
  zeroobj          :       0.00       0.00          0          0          0
  zirounding       :       0.00       0.00         43          0          0
  other solutions  :          -          -          -          0          -
Diving (single)    :      Calls      Nodes   LP Iters Backtracks  Conflicts   MinDepth   MaxDepth   AvgDepth  RoundSols  NLeafSols  MinSolDpt  MaxSolDpt  AvgSolDpt
  actconsdiving    :          0          -          -          -          -          -          -          -          -          -          -          -          -
  coefdiving       :          0          -          -          -          -          -          -          -          -          -          -          -          -
  conflictdiving   :          1         14        199          1          0         14         14       14.0          0          -          -          -          -
  distributiondivin:          0          -          -          -          -          -          -          -          -          -          -          -          -
  farkasdiving     :          1          6        207          1          6          6          6        6.0          0          -          -          -          -
  fracdiving       :          0          -          -          -          -          -          -          -          -          -          -          -          -
  guideddiving     :          0          -          -          -          -          -          -          -          -          -          -          -          -
  linesearchdiving :          0          -          -          -          -          -          -          -          -          -          -          -          -
  pscostdiving     :          0          -          -          -          -          -          -          -          -          -          -          -          -
  veclendiving     :          0          -          -          -          -          -          -          -          -          -          -          -          -
Diving (adaptive)  :      Calls      Nodes   LP Iters Backtracks  Conflicts   MinDepth   MaxDepth   AvgDepth  RoundSols  NLeafSols  MinSolDpt  MaxSolDpt  AvgSolDpt
  actconsdiving    :          0          -          -          -          -          -          -          -          -          -          -          -          -
  coefdiving       :          0          -          -          -          -          -          -          -          -          -          -          -          -
  conflictdiving   :          0          -          -          -          -          -          -          -          -          -          -          -          -
  distributiondivin:          0          -          -          -          -          -          -          -          -          -          -          -          -
  farkasdiving     :          0          -          -          -          -          -          -          -          -          -          -          -          -
  fracdiving       :          0          -          -          -          -          -          -          -          -          -          -          -          -
  guideddiving     :          0          -          -          -          -          -          -          -          -          -          -          -          -
  linesearchdiving :          0          -          -          -          -          -          -          -          -          -          -          -          -
  pscostdiving     :          0          -          -          -          -          -          -          -          -          -          -          -          -
  veclendiving     :          0          -          -          -          -          -          -          -          -          -          -          -          -
Neighborhoods      :      Calls  SetupTime  SolveTime SolveNodes       Sols       Best       Exp3  EpsGreedy        UCB TgtFixRate  Opt  Inf Node Stal  Sol  Usr Othr Actv
  rens             :          0       0.00       0.00          0          0          0    0.00000   -1.00000    1.00000      0.900    0    0    0    0    0    0    0    1
  rins             :          0       0.00       0.00          0          0          0    0.00000   -1.00000    1.00000      0.900    0    0    0    0    0    0    0    1
  mutation         :          1       0.00       0.00          1          0          0    0.00000   -1.00000    1.00000      0.700    0    1    0    0    0    0    0    1
  localbranching   :          0       0.00       0.00          0          0          0    0.00000   -1.00000    1.00000      0.900    0    0    0    0    0    0    0    1
  crossover        :          0       0.00       0.00          0          0          0    0.00000   -1.00000    1.00000      0.900    0    0    0    0    0    0    0    1
  proximity        :          0       0.00       0.00          0          0          0    0.00000   -1.00000    1.00000      0.900    0    0    0    0    0    0    0    1
  zeroobjective    :          0       0.00       0.00          0          0          0    0.00000   -1.00000    1.00000      0.900    0    0    0    0    0    0    0    1
  dins             :          0       0.00       0.00          0          0          0    0.00000   -1.00000    1.00000      0.900    0    0    0    0    0    0    0    1
  trustregion      :          0       0.00       0.00          0          0          0    0.00000   -1.00000    1.00000      0.900    0    0    0    0    0    0    0    0
LP                 :       Time      Calls Iterations  Iter/call   Iter/sec  Time-0-It Calls-0-It    ItLimit
  primal LP        :       0.00          9          0       0.00          -       0.00          9
  dual LP          :       2.00        532       4694      15.86    2347.00       1.00        236
  lex dual LP      :       0.00          0          0       0.00          -
  barrier LP       :       0.00          0          0       0.00          -       0.00          0
  resolve instable :       0.00          0          0       0.00          -
  diving/probing LP:       0.00         23        905      39.35          -
  strong branching :       0.00        558      25557      45.80          -          -          -          3
    (at root node) :          -         20       3583     179.15          -
  conflict analysis:       0.00        225       1748       7.77          -
B&B Tree           :
  number of runs   :          1
  nodes            :         85 (43 internal, 42 leaves)
  feasible leaves  :          5
  infeas. leaves   :          8
  objective leaves :         29
  nodes (total)    :         85 (43 internal, 42 leaves)
  nodes left       :          0
  max depth        :         10
  max depth (total):         10
  backtracks       :         22 (25.9%)
  early backtracks :          0 (0.0%)
  nodes exc. ref.  :          0 (0.0%)
  delayed cutoffs  :          0
  repropagations   :          9 (10 domain reductions, 0 cutoffs)
  avg switch length:       3.29
  switching time   :       0.00
Estim. Tree Size   :         87
Estimation Tree    : 87 nodes (87 visited, 43 internal, 44 leaves, 0 open), weight: 1.0000 completed 1.0000
Estimations        :      estim      value      trend resolution     smooth
  wbe              :         87          -          -          -          -
  tree-profile     :         -1          -          -          -          -
  gap              :         87    1.00000    0.08899          1        953
  tree-weight      :         87    1.00000    0.02374          1         88
  leaf-frequency   :         87    0.50000    0.00169          1         89
  ssg              :         87   -0.00000   -0.01763          1         90
  open-nodes       :         87    0.00000   -0.32093          1         90
Root Node          :
  First LP value   : -1.19089336563562e-01
  First LP Iters   :        178
  First LP Time    :       0.00
  Final Dual Bound : -3.92450522036828e-02
  Final Root Iters :        619
  Root LP Estimate : +9.86110381264930e-02
Solution           :
  Solutions found  :         54 (16 improvements)
  First Solution   : +1.24541877770138e-01   (in run 1, after 1 nodes, 0.00 seconds, depth 28, found by <clique>)
  Gap First Sol.   :   infinite
  Gap Last Sol.    :   20839.20 %
  Primal Bound     : +1.46866742161828e-02   (in run 1, after 75 nodes, 4.00 seconds, depth 4, found by <relaxation>)
  Dual Bound       : +1.46866742161828e-02
  Gap              :       0.00 %
Integrals          :      Total       Avg%
  primal-dual      :     400.00     100.00
  primal-ref       :          -          - (not evaluated)
  dual-ref         :          -          - (not evaluated)
