SCIP version 7.0.2 [precision: 8 byte] [memory: block] [mode: optimized] [LP solver: SoPlex 5.0.2] [GitHash: e9d280a398]
Copyright (C) 2002-2020 Konrad-Zuse-Zentrum fuer Informationstechnik Berlin (ZIB)

External codes: 
  SoPlex 5.0.2         Linear Programming Solver developed at Zuse Institute Berlin (soplex.zib.de) [GitHash: e24c304e]
  CppAD 20180000.0     Algorithmic Differentiation of C++ algorithms developed by B. Bell (www.coin-or.org/CppAD)
  MPIR 3.0.0           Multiple Precision Integers and Rationals Library developed by W. Hart (mpir.org)
  ZIMPL 3.4.0          Zuse Institute Mathematical Programming Language developed by T. Koch (zimpl.zib.de)
  PaPILO 1.0.2         parallel presolve for integer and linear optimization (https://github.com/lgottwald/PaPILO) [GitHash: 62d2842]
  bliss 0.73p          Computing Graph Automorphism Groups by T. Junttila and P. Kaski (http://www.tcs.hut.fi/Software/bliss/)
  Ipopt 3.12.9         Interior Point Optimizer developed by A. Waechter et.al. (www.coin-or.org/Ipopt)

user parameter file <scip.set> not found - using default parameters

read problem <C:\Users\Claubit\Documents\GitHub\embedding\src\lp\scenarioA2_N16_B0.8_classical\IPL_linearized_N16q30.00B12.lp>
============

original problem has 272 variables (0 bin, 272 int, 0 impl, 0 cont) and 769 constraints

solve problem
=============

presolving:
(round 1, fast)       16 del vars, 16 del conss, 0 add conss, 0 chg bounds, 16 chg sides, 16 chg coeffs, 0 upgd conss, 0 impls, 480 clqs
(round 2, fast)       16 del vars, 48 del conss, 0 add conss, 0 chg bounds, 16 chg sides, 16 chg coeffs, 0 upgd conss, 0 impls, 480 clqs
   (0.0s) running MILP presolver
   (0.0s) MILP presolver found nothing
(round 3, exhaustive) 16 del vars, 48 del conss, 0 add conss, 0 chg bounds, 16 chg sides, 16 chg coeffs, 720 upgd conss, 0 impls, 480 clqs
(round 4, exhaustive) 16 del vars, 768 del conss, 240 add conss, 0 chg bounds, 16 chg sides, 16 chg coeffs, 720 upgd conss, 0 impls, 480 clqs
(round 5, exhaustive) 136 del vars, 888 del conss, 240 add conss, 0 chg bounds, 16 chg sides, 16 chg coeffs, 720 upgd conss, 0 impls, 240 clqs
   (0.0s) probing: 51/136 (37.5%) - 0 fixings, 0 aggregations, 0 implications, 0 bound changes
   (0.0s) probing aborted: 50/50 successive totally useless probings
   (0.0s) symmetry computation started: requiring (bin +, int -, cont +), (fixed: bin -, int +, cont -)
   (0.0s) no symmetry present
presolving (6 rounds: 6 fast, 4 medium, 4 exhaustive):
 136 deleted vars, 888 deleted constraints, 240 added constraints, 0 tightened bounds, 0 added holes, 16 changed sides, 16 changed coefficients
 0 implications, 240 cliques
presolved problem has 136 variables (136 bin, 0 int, 0 impl, 0 cont) and 121 constraints
    120 constraints of type <and>
      1 constraints of type <linear>
Presolving Time: 0.00

 time | node  | left  |LP iter|LP it/n|mem/heur|mdpt |vars |cons |rows |cuts |sepa|confs|strbr|  dualbound   | primalbound  |  gap   | compl. 
p 0.0s|     1 |     0 |     0 |     - |  clique|   0 | 136 | 121 | 241 |   0 |  0 |   0 |   0 |-1.114511e-01 | 3.189990e-01 |    Inf | unknown
p 0.0s|     1 |     0 |     0 |     - |   locks|   0 | 136 | 121 | 241 |   0 |  0 |   0 |   0 |-1.114511e-01 | 2.837232e-01 |    Inf | unknown
  0.0s|     1 |     0 |   170 |     - |  3753k |   0 | 136 | 121 | 241 |   0 |  0 |   0 |   0 | 2.307543e-01 | 2.837232e-01 |  22.95%| unknown
  0.0s|     1 |     0 |   191 |     - |  3862k |   0 | 136 | 121 | 260 |  19 |  1 |   0 |   0 | 2.447406e-01 | 2.837232e-01 |  15.93%| unknown
d 0.0s|     1 |     0 |   191 |     - |farkasdi|   0 | 136 | 121 | 260 |   0 |  3 |   0 |   0 | 2.447406e-01 | 2.447406e-01 |   0.00%| unknown
  0.0s|     1 |     0 |   191 |     - |  3875k |   0 | 136 | 121 | 260 |  19 |  3 |   0 |   0 | 2.447406e-01 | 2.447406e-01 |   0.00%| unknown

SCIP Status        : problem is solved [optimal solution found]
Solving Time (sec) : 0.00
Solving Nodes      : 1
Primal Bound       : +2.44740624054105e-01 (3 solutions)
Dual Bound         : +2.44740624054105e-01
Gap                : 0.00 %

primal solution (original space):
=================================

objective value:                    0.244740624054105
y(1,1)                                              1 	(obj:0.00941332021616712)
y(1,2)                                              1 	(obj:-0.000668640113329844)
y(1,3)                                              1 	(obj:-0.000826558877383213)
y(1,6)                                              1 	(obj:0.00642882597131919)
y(1,7)                                              1 	(obj:0.00463092014463339)
y(1,8)                                              1 	(obj:-0.00415453277386978)
y(1,10)                                             1 	(obj:0.00269237283295376)
y(1,11)                                             1 	(obj:0.000427269985659613)
y(1,12)                                             1 	(obj:-0.00426573819270794)
y(1,14)                                             1 	(obj:-0.00409954834983852)
y(1,15)                                             1 	(obj:0.00371520573430754)
y(1,16)                                             1 	(obj:0.00472573359230707)
y(2,1)                                              1 	(obj:-0.000668640113329844)
y(2,2)                                              1 	(obj:0.00627305320789096)
y(2,3)                                              1 	(obj:0.00475934103246584)
y(2,6)                                              1 	(obj:0.00010387477198532)
y(2,7)                                              1 	(obj:-0.000603582096357621)
y(2,8)                                              1 	(obj:0.0036718995132896)
y(2,10)                                             1 	(obj:0.00389003661491224)
y(2,11)                                             1 	(obj:0.00085315207376158)
y(2,12)                                             1 	(obj:0.00576832182070151)
y(2,14)                                             1 	(obj:0.00322649233740347)
y(2,15)                                             1 	(obj:-0.000195965436046348)
y(2,16)                                             1 	(obj:0.00283334270865685)
y(3,1)                                              1 	(obj:-0.000826558877383213)
y(3,2)                                              1 	(obj:0.00475934103246584)
y(3,3)                                              1 	(obj:0.00831192875123333)
y(3,6)                                              1 	(obj:0.00165276851032685)
y(3,7)                                              1 	(obj:0.00163325688986972)
y(3,8)                                              1 	(obj:0.00296159375398432)
y(3,10)                                             1 	(obj:0.00391478287821897)
y(3,11)                                             1 	(obj:0.00112231439982934)
y(3,12)                                             1 	(obj:0.00473505009377706)
y(3,14)                                             1 	(obj:0.0024008370514528)
y(3,15)                                             1 	(obj:0.00116079704789031)
y(3,16)                                             1 	(obj:0.00379288131422733)
y(6,1)                                              1 	(obj:0.00642882597131919)
y(6,2)                                              1 	(obj:0.00010387477198532)
y(6,3)                                              1 	(obj:0.00165276851032685)
y(6,6)                                              1 	(obj:0.00626445544687438)
y(6,7)                                              1 	(obj:0.0047518538055538)
y(6,8)                                              1 	(obj:-0.00233221471473471)
y(6,10)                                             1 	(obj:0.00187653148006511)
y(6,11)                                             1 	(obj:0.000868507362382868)
y(6,12)                                             1 	(obj:-0.00158615140356158)
y(6,14)                                             1 	(obj:-0.00159103529096928)
y(6,15)                                             1 	(obj:0.00358897876480882)
y(6,16)                                             1 	(obj:0.0041870476881183)
y(7,1)                                              1 	(obj:0.00463092014463339)
y(7,2)                                              1 	(obj:-0.000603582096357621)
y(7,3)                                              1 	(obj:0.00163325688986972)
y(7,6)                                              1 	(obj:0.0047518538055538)
y(7,7)                                              1 	(obj:0.00528887287129682)
y(7,8)                                              1 	(obj:-0.00324023605243398)
y(7,10)                                             1 	(obj:0.00124207207549963)
y(7,11)                                             1 	(obj:0.000929943715229862)
y(7,12)                                             1 	(obj:-0.00225712433661972)
y(7,14)                                             1 	(obj:-0.00248242413991724)
y(7,15)                                             1 	(obj:0.00351168239916924)
y(7,16)                                             1 	(obj:0.00332125622153867)
y(8,1)                                              1 	(obj:-0.00415453277386978)
y(8,2)                                              1 	(obj:0.0036718995132896)
y(8,3)                                              1 	(obj:0.00296159375398432)
y(8,6)                                              1 	(obj:-0.00233221471473471)
y(8,7)                                              1 	(obj:-0.00324023605243398)
y(8,8)                                              1 	(obj:0.0088310853230142)
y(8,10)                                             1 	(obj:0.00136312147359708)
y(8,11)                                             1 	(obj:4.6311775679428e-05)
y(8,12)                                             1 	(obj:0.00829606967521529)
y(8,14)                                             1 	(obj:0.00661090226397218)
y(8,15)                                             1 	(obj:-0.00283599108377878)
y(8,16)                                             1 	(obj:-0.00103664967548847)
y(10,1)                                             1 	(obj:0.00269237283295376)
y(10,2)                                             1 	(obj:0.00389003661491224)
y(10,3)                                             1 	(obj:0.00391478287821897)
y(10,6)                                             1 	(obj:0.00187653148006511)
y(10,7)                                             1 	(obj:0.00124207207549963)
y(10,8)                                             1 	(obj:0.00136312147359708)
y(10,10)                                            1 	(obj:0.00714254349540709)
y(10,11)                                            1 	(obj:0.000419948793261777)
y(10,12)                                            1 	(obj:0.00304939080989405)
y(10,14)                                            1 	(obj:0.00109974468797794)
y(10,15)                                            1 	(obj:0.000832359024106041)
y(10,16)                                            1 	(obj:0.00436987162089298)
y(11,1)                                             1 	(obj:0.000427269985659613)
y(11,2)                                             1 	(obj:0.00085315207376158)
y(11,3)                                             1 	(obj:0.00112231439982934)
y(11,6)                                             1 	(obj:0.000868507362382868)
y(11,7)                                             1 	(obj:0.000929943715229862)
y(11,8)                                             1 	(obj:4.6311775679428e-05)
y(11,10)                                            1 	(obj:0.000419948793261777)
y(11,11)                                            1 	(obj:0.00319893677293117)
y(11,12)                                            1 	(obj:0.000825650555881683)
y(11,14)                                            1 	(obj:-7.75033977116855e-05)
y(11,15)                                            1 	(obj:0.000473332857248151)
y(11,16)                                            1 	(obj:0.00215515519258864)
y(12,1)                                             1 	(obj:-0.00426573819270794)
y(12,2)                                             1 	(obj:0.00576832182070151)
y(12,3)                                             1 	(obj:0.00473505009377706)
y(12,6)                                             1 	(obj:-0.00158615140356158)
y(12,7)                                             1 	(obj:-0.00225712433661972)
y(12,8)                                             1 	(obj:0.00829606967521529)
y(12,10)                                            1 	(obj:0.00304939080989405)
y(12,11)                                            1 	(obj:0.000825650555881683)
y(12,12)                                            1 	(obj:0.0114215496363846)
y(12,14)                                            1 	(obj:0.00737175291614121)
y(12,15)                                            1 	(obj:-0.00274061801976175)
y(12,16)                                            1 	(obj:4.74912640091911e-05)
y(14,1)                                             1 	(obj:-0.00409954834983852)
y(14,2)                                             1 	(obj:0.00322649233740347)
y(14,3)                                             1 	(obj:0.0024008370514528)
y(14,6)                                             1 	(obj:-0.00159103529096928)
y(14,7)                                             1 	(obj:-0.00248242413991724)
y(14,8)                                             1 	(obj:0.00661090226397218)
y(14,10)                                            1 	(obj:0.00109974468797794)
y(14,11)                                            1 	(obj:-7.75033977116855e-05)
y(14,12)                                            1 	(obj:0.00737175291614121)
y(14,14)                                            1 	(obj:0.0103491930473791)
y(14,15)                                            1 	(obj:-0.00197557426495741)
y(14,16)                                            1 	(obj:-0.0040326055660371)
y(15,1)                                             1 	(obj:0.00371520573430754)
y(15,2)                                             1 	(obj:-0.000195965436046348)
y(15,3)                                             1 	(obj:0.00116079704789031)
y(15,6)                                             1 	(obj:0.00358897876480882)
y(15,7)                                             1 	(obj:0.00351168239916924)
y(15,8)                                             1 	(obj:-0.00283599108377878)
y(15,10)                                            1 	(obj:0.000832359024106041)
y(15,11)                                            1 	(obj:0.000473332857248151)
y(15,12)                                            1 	(obj:-0.00274061801976175)
y(15,14)                                            1 	(obj:-0.00197557426495741)
y(15,15)                                            1 	(obj:0.0036534718411328)
y(15,16)                                            1 	(obj:0.00306572323520144)
y(16,1)                                             1 	(obj:0.00472573359230707)
y(16,2)                                             1 	(obj:0.00283334270865685)
y(16,3)                                             1 	(obj:0.00379288131422733)
y(16,6)                                             1 	(obj:0.0041870476881183)
y(16,7)                                             1 	(obj:0.00332125622153867)
y(16,8)                                             1 	(obj:-0.00103664967548847)
y(16,10)                                            1 	(obj:0.00436987162089298)
y(16,11)                                            1 	(obj:0.00215515519258864)
y(16,12)                                            1 	(obj:4.74912640091911e-05)
y(16,14)                                            1 	(obj:-0.0040326055660371)
y(16,15)                                            1 	(obj:0.00306572323520144)
y(16,16)                                            1 	(obj:0.00934618330134596)
x(1)                                                1 	(obj:-0.00667286319447288)
x(2)                                                1 	(obj:-9.56132732858106e-05)
x(3)                                                1 	(obj:-0.00434230035302338)
x(6)                                                1 	(obj:-0.0025649184939233)
x(7)                                                1 	(obj:-0.00348984795828146)
x(8)                                                1 	(obj:0.00117967554409262)
x(10)                                               1 	(obj:-0.0045666940884271)
x(11)                                               1 	(obj:-0.00233757086924918)
x(12)                                               1 	(obj:0.00235010335856775)
x(14)                                               1 	(obj:0.000863377525571901)
x(15)                                               1 	(obj:-0.00517621098612854)
x(16)                                               1 	(obj:-0.00870726096131751)

Statistics
==========

SCIP Status        : problem is solved [optimal solution found]
Total Time         :       0.00
  solving          :       0.00
  presolving       :       0.00 (included in solving)
  reading          :       0.00
  copying          :       0.00 (1 #copies) (minimal 0.00, maximal 0.00, average 0.00)
Original Problem   :
  Problem name     : C:\Users\Claubit\Documents\GitHub\embedding\src\lp\scenarioA2_N16_B0.8_classical\IPL_linearized_N16q30.00B12.lp
  Variables        : 272 (0 binary, 272 integer, 0 implicit integer, 0 continuous)
  Constraints      : 769 initial, 769 maximal
  Objective        : minimize, 272 non-zeros (abs.min = 4.63118e-05, abs.max = 0.0541873)
Presolved Problem  :
  Problem name     : t_C:\Users\Claubit\Documents\GitHub\embedding\src\lp\scenarioA2_N16_B0.8_classical\IPL_linearized_N16q30.00B12.lp
  Variables        : 136 (136 binary, 0 integer, 0 implicit integer, 0 continuous)
  Constraints      : 121 initial, 121 maximal
  Objective        : minimize, 136 non-zeros (abs.min = 9.26236e-05, abs.max = 0.0575469)
  Nonzeros         : 376 constraint, 480 clique table
Presolvers         :   ExecTime  SetupTime  Calls  FixedVars   AggrVars   ChgTypes  ChgBounds   AddHoles    DelCons    AddCons   ChgSides   ChgCoefs
  boundshift       :       0.00       0.00      0          0          0          0          0          0          0          0          0          0
  convertinttobin  :       0.00       0.00      0          0          0          0          0          0          0          0          0          0
  domcol           :       0.00       0.00      1          0          0          0          0          0          0          0          0          0
  dualagg          :       0.00       0.00      0          0          0          0          0          0          0          0          0          0
  dualcomp         :       0.00       0.00      0          0          0          0          0          0          0          0          0          0
  dualinfer        :       0.00       0.00      0          0          0          0          0          0          0          0          0          0
  dualsparsify     :       0.00       0.00      1          0          0          0          0          0          0          0          0          0
  gateextraction   :       0.00       0.00      1          0          0          0          0          0        720        240          0          0
  implics          :       0.00       0.00      4          0          0          0          0          0          0          0          0          0
  inttobinary      :       0.00       0.00      0          0          0          0          0          0          0          0          0          0
  milp             :       0.00       0.00      1          0          0          0          0          0          0          0          0          0
  qpkktref         :       0.00       0.00      0          0          0          0          0          0          0          0          0          0
  redvub           :       0.00       0.00      0          0          0          0          0          0          0          0          0          0
  sparsify         :       0.00       0.00      1          0          0          0          0          0          0          0          0          0
  stuffing         :       0.00       0.00      0          0          0          0          0          0          0          0          0          0
  trivial          :       0.00       0.00      6          0          0          0          0          0          0          0          0          0
  tworowbnd        :       0.00       0.00      0          0          0          0          0          0          0          0          0          0
  dualfix          :       0.00       0.00      6          0          0          0          0          0          0          0          0          0
  genvbounds       :       0.00       0.00      0          0          0          0          0          0          0          0          0          0
  probing          :       0.00       0.00      1          0          0          0          0          0          0          0          0          0
  pseudoobj        :       0.00       0.00      0          0          0          0          0          0          0          0          0          0
  symmetry         :       0.00       0.00      1          0          0          0          0          0          0          0          0          0
  vbounds          :       0.00       0.00      1          0          0          0          0          0          0          0          0          0
  and              :       0.00       0.00      4          0        120          0          0          0        120          0          0          0
  linear           :       0.00       0.00      8          0         16          0          0          0         48          0         16         16
  benders          :       0.00       0.00      0          0          0          0          0          0          0          0          0          0
  components       :       0.00       0.00      1          0          0          0          0          0          0          0          0          0
  root node        :          -          -      -          0          -          -          0          -          -          -          -          -
Constraints        :     Number  MaxNumber  #Separate #Propagate    #EnfoLP    #EnfoRelax  #EnfoPS    #Check   #ResProp    Cutoffs    DomReds       Cuts    Applied      Conss   Children
  benderslp        :          0          0          0          0          0          0          0         12          0          0          0          0          0          0          0
  integral         :          0          0          0          0          0          0          0         12          0          0          0          0          0          0          0
  and              :        120        120          2        247          0          0          0          7          0          0          0         17          0          0          0
  linear           :          1          1          2        238          0          0          0          5          0          0          0          0          0          0          0
  benders          :          0          0          0          0          0          0          0          4          0          0          0          0          0          0          0
  countsols        :          0          0          0          0          0          0          0          4          0          0          0          0          0          0          0
  components       :          0          0          0          0          0          0          0          0          0          0          0          0          0          0          0
Constraint Timings :  TotalTime  SetupTime   Separate  Propagate     EnfoLP     EnfoPS     EnfoRelax   Check    ResProp    SB-Prop
  benderslp        :       0.00       0.00       0.00       0.00       0.00       0.00       0.00       0.00       0.00       0.00
  integral         :       0.00       0.00       0.00       0.00       0.00       0.00       0.00       0.00       0.00       0.00
  and              :       0.00       0.00       0.00       0.00       0.00       0.00       0.00       0.00       0.00       0.00
  linear           :       0.00       0.00       0.00       0.00       0.00       0.00       0.00       0.00       0.00       0.00
  benders          :       0.00       0.00       0.00       0.00       0.00       0.00       0.00       0.00       0.00       0.00
  countsols        :       0.00       0.00       0.00       0.00       0.00       0.00       0.00       0.00       0.00       0.00
  components       :       0.00       0.00       0.00       0.00       0.00       0.00       0.00       0.00       0.00       0.00
Propagators        : #Propagate   #ResProp    Cutoffs    DomReds
  dualfix          :          2          0          0          0
  genvbounds       :          0          0          0          0
  nlobbt           :          0          0          0          0
  obbt             :          0          0          0          0
  probing          :          0          0          0          0
  pseudoobj        :          5          0          0          0
  redcost          :          3          0          0          0
  rootredcost      :          0          0          0          0
  symmetry         :          0          0          0          0
  vbounds          :        149          0          0          0
Propagator Timings :  TotalTime  SetupTime   Presolve  Propagate    ResProp    SB-Prop
  dualfix          :       0.00       0.00       0.00       0.00       0.00       0.00
  genvbounds       :       0.00       0.00       0.00       0.00       0.00       0.00
  nlobbt           :       0.00       0.00       0.00       0.00       0.00       0.00
  obbt             :       0.00       0.00       0.00       0.00       0.00       0.00
  probing          :       0.00       0.00       0.00       0.00       0.00       0.00
  pseudoobj        :       0.00       0.00       0.00       0.00       0.00       0.00
  redcost          :       0.00       0.00       0.00       0.00       0.00       0.00
  rootredcost      :       0.00       0.00       0.00       0.00       0.00       0.00
  symmetry         :       0.00       0.00       0.00       0.00       0.00       0.00
  vbounds          :       0.00       0.00       0.00       0.00       0.00       0.00
Conflict Analysis  :       Time      Calls    Success    DomReds  Conflicts   Literals    Reconvs ReconvLits   Dualrays   Nonzeros   LP Iters   (pool size: [--,--])
  propagation      :       0.00          0          0          -          0        0.0          0        0.0          -          -          -
  infeasible LP    :       0.00          0          0          -          0        0.0          0        0.0          0        0.0          0
  bound exceed. LP :       0.00          5          0          -          0        0.0          0        0.0          0        0.0         50
  strong branching :       0.00          0          0          -          0        0.0          0        0.0          -          -          0
  pseudo solution  :       0.00          0          0          -          0        0.0          0        0.0          -          -          -
  applied globally :       0.00          -          -          0          0        0.0          -          -          0          -          -
  applied locally  :          -          -          -          0          0        0.0          -          -          0          -          -
Separators         :   ExecTime  SetupTime      Calls    Cutoffs    DomReds       Cuts    Applied      Conss
  cut pool         :       0.00                     2          -          -         37          -          -    (maximal pool size: 41)
  aggregation      :       0.00       0.00          1          0          0          0          0          0
  cgmip            :       0.00       0.00          0          0          0          0          0          0
  clique           :       0.00       0.00          1          0          0          0          0          0
  closecuts        :       0.00       0.00          0          0          0          0          0          0
  cmir             :       0.00       0.00          0          0          0          0          0          0
  convexproj       :       0.00       0.00          0          0          0          0          0          0
  disjunctive      :       0.00       0.00          0          0          0          0          0          0
  eccuts           :       0.00       0.00          0          0          0          0          0          0
  flowcover        :       0.00       0.00          0          0          0          0          0          0
  gauge            :       0.00       0.00          0          0          0          0          0          0
  gomory           :       0.00       0.00          1          0          0         19          1          0
  impliedbounds    :       0.00       0.00          1          0          0         17         17          0
  intobj           :       0.00       0.00          0          0          0          0          0          0
  mcf              :       0.00       0.00          1          0          0          0          0          0
  oddcycle         :       0.00       0.00          0          0          0          0          0          0
  rapidlearning    :       0.00       0.00          0          0          0          0          0          0
  strongcg         :       0.00       0.00          1          0          0          3          0          0
  zerohalf         :       0.00       0.00          1          0          0          2          1          0
Pricers            :   ExecTime  SetupTime      Calls       Vars
  problem variables:       0.00          -          0          0
Branching Rules    :   ExecTime  SetupTime   BranchLP  BranchExt   BranchPS    Cutoffs    DomReds       Cuts      Conss   Children
  allfullstrong    :       0.00       0.00          0          0          0          0          0          0          0          0
  cloud            :       0.00       0.00          0          0          0          0          0          0          0          0
  distribution     :       0.00       0.00          0          0          0          0          0          0          0          0
  fullstrong       :       0.00       0.00          0          0          0          0          0          0          0          0
  inference        :       0.00       0.00          0          0          0          0          0          0          0          0
  leastinf         :       0.00       0.00          0          0          0          0          0          0          0          0
  lookahead        :       0.00       0.00          0          0          0          0          0          0          0          0
  mostinf          :       0.00       0.00          0          0          0          0          0          0          0          0
  multaggr         :       0.00       0.00          0          0          0          0          0          0          0          0
  nodereopt        :       0.00       0.00          0          0          0          0          0          0          0          0
  pscost           :       0.00       0.00          0          0          0          0          0          0          0          0
  random           :       0.00       0.00          0          0          0          0          0          0          0          0
  relpscost        :       0.00       0.00          0          0          0          0          0          0          0          0
  vanillafullstrong:       0.00       0.00          0          0          0          0          0          0          0          0
Primal Heuristics  :   ExecTime  SetupTime      Calls      Found       Best
  LP solutions     :       0.00          -          -          0          0
  relax solutions  :       0.00          -          -          0          0
  pseudo solutions :       0.00          -          -          0          0
  strong branching :       0.00          -          -          0          0
  actconsdiving    :       0.00       0.00          0          0          0
  adaptivediving   :       0.00       0.00          0          0          0
  alns             :       0.00       0.00          0          0          0
  bound            :       0.00       0.00          0          0          0
  clique           :       0.00       0.00          1          1          1
  coefdiving       :       0.00       0.00          0          0          0
  completesol      :       0.00       0.00          0          0          0
  conflictdiving   :       0.00       0.00          0          0          0
  crossover        :       0.00       0.00          0          0          0
  dins             :       0.00       0.00          0          0          0
  distributiondivin:       0.00       0.00          0          0          0
  dualval          :       0.00       0.00          0          0          0
  farkasdiving     :       0.00       0.00          1          1          1
  feaspump         :       0.00       0.00          0          0          0
  fixandinfer      :       0.00       0.00          0          0          0
  fracdiving       :       0.00       0.00          0          0          0
  gins             :       0.00       0.00          0          0          0
  guideddiving     :       0.00       0.00          0          0          0
  indicator        :       0.00       0.00          0          0          0
  intdiving        :       0.00       0.00          0          0          0
  intshifting      :       0.00       0.00          0          0          0
  linesearchdiving :       0.00       0.00          0          0          0
  localbranching   :       0.00       0.00          0          0          0
  locks            :       0.00       0.00          1          1          1
  lpface           :       0.00       0.00          0          0          0
  mpec             :       0.00       0.00          0          0          0
  multistart       :       0.00       0.00          0          0          0
  mutation         :       0.00       0.00          0          0          0
  nlpdiving        :       0.00       0.00          0          0          0
  objpscostdiving  :       0.00       0.00          0          0          0
  octane           :       0.00       0.00          0          0          0
  ofins            :       0.00       0.00          0          0          0
  oneopt           :       0.00       0.00          1          0          0
  padm             :       0.00       0.00          0          0          0
  proximity        :       0.00       0.00          0          0          0
  pscostdiving     :       0.00       0.00          0          0          0
  randrounding     :       0.00       0.00          1          0          0
  rens             :       0.00       0.00          0          0          0
  reoptsols        :       0.00       0.00          0          0          0
  repair           :       0.00       0.00          0          0          0
  rins             :       0.00       0.00          0          0          0
  rootsoldiving    :       0.00       0.00          0          0          0
  rounding         :       0.00       0.00          1          0          0
  shiftandpropagate:       0.00       0.00          0          0          0
  shifting         :       0.00       0.00          1          0          0
  simplerounding   :       0.00       0.00          0          0          0
  subnlp           :       0.00       0.00          0          0          0
  trivial          :       0.00       0.00          2          0          0
  trivialnegation  :       0.00       0.00          0          0          0
  trustregion      :       0.00       0.00          0          0          0
  trysol           :       0.00       0.00          0          0          0
  twoopt           :       0.00       0.00          0          0          0
  undercover       :       0.00       0.00          1          0          0
  vbounds          :       0.00       0.00          1          0          0
  veclendiving     :       0.00       0.00          0          0          0
  zeroobj          :       0.00       0.00          0          0          0
  zirounding       :       0.00       0.00          0          0          0
  other solutions  :          -          -          -          0          -
Diving (single)    :      Calls      Nodes   LP Iters Backtracks  Conflicts   MinDepth   MaxDepth   AvgDepth  RoundSols  NLeafSols  MinSolDpt  MaxSolDpt  AvgSolDpt
  actconsdiving    :          0          -          -          -          -          -          -          -          -          -          -          -          -
  coefdiving       :          0          -          -          -          -          -          -          -          -          -          -          -          -
  conflictdiving   :          0          -          -          -          -          -          -          -          -          -          -          -          -
  distributiondivin:          0          -          -          -          -          -          -          -          -          -          -          -          -
  farkasdiving     :          1          0          0          0          0          1          1        1.0          0          1          1          1        1.0
  fracdiving       :          0          -          -          -          -          -          -          -          -          -          -          -          -
  guideddiving     :          0          -          -          -          -          -          -          -          -          -          -          -          -
  linesearchdiving :          0          -          -          -          -          -          -          -          -          -          -          -          -
  pscostdiving     :          0          -          -          -          -          -          -          -          -          -          -          -          -
  veclendiving     :          0          -          -          -          -          -          -          -          -          -          -          -          -
Diving (adaptive)  :      Calls      Nodes   LP Iters Backtracks  Conflicts   MinDepth   MaxDepth   AvgDepth  RoundSols  NLeafSols  MinSolDpt  MaxSolDpt  AvgSolDpt
  actconsdiving    :          0          -          -          -          -          -          -          -          -          -          -          -          -
  coefdiving       :          0          -          -          -          -          -          -          -          -          -          -          -          -
  conflictdiving   :          0          -          -          -          -          -          -          -          -          -          -          -          -
  distributiondivin:          0          -          -          -          -          -          -          -          -          -          -          -          -
  farkasdiving     :          0          -          -          -          -          -          -          -          -          -          -          -          -
  fracdiving       :          0          -          -          -          -          -          -          -          -          -          -          -          -
  guideddiving     :          0          -          -          -          -          -          -          -          -          -          -          -          -
  linesearchdiving :          0          -          -          -          -          -          -          -          -          -          -          -          -
  pscostdiving     :          0          -          -          -          -          -          -          -          -          -          -          -          -
  veclendiving     :          0          -          -          -          -          -          -          -          -          -          -          -          -
Neighborhoods      :      Calls  SetupTime  SolveTime SolveNodes       Sols       Best       Exp3  EpsGreedy        UCB TgtFixRate  Opt  Inf Node Stal  Sol  Usr Othr Actv
  rens             :          0       0.00       0.00          0          0          0    0.00000   -1.00000    1.00000      0.900    0    0    0    0    0    0    0    1
  rins             :          0       0.00       0.00          0          0          0    0.00000   -1.00000    1.00000      0.900    0    0    0    0    0    0    0    1
  mutation         :          0       0.00       0.00          0          0          0    0.00000   -1.00000    1.00000      0.900    0    0    0    0    0    0    0    1
  localbranching   :          0       0.00       0.00          0          0          0    0.00000   -1.00000    1.00000      0.900    0    0    0    0    0    0    0    1
  crossover        :          0       0.00       0.00          0          0          0    0.00000   -1.00000    1.00000      0.900    0    0    0    0    0    0    0    1
  proximity        :          0       0.00       0.00          0          0          0    0.00000   -1.00000    1.00000      0.900    0    0    0    0    0    0    0    1
  zeroobjective    :          0       0.00       0.00          0          0          0    0.00000   -1.00000    1.00000      0.900    0    0    0    0    0    0    0    1
  dins             :          0       0.00       0.00          0          0          0    0.00000   -1.00000    1.00000      0.900    0    0    0    0    0    0    0    1
  trustregion      :          0       0.00       0.00          0          0          0    0.00000   -1.00000    1.00000      0.900    0    0    0    0    0    0    0    0
LP                 :       Time      Calls Iterations  Iter/call   Iter/sec  Time-0-It Calls-0-It    ItLimit
  primal LP        :       0.00          0          0       0.00          -       0.00          0
  dual LP          :       0.00          2        191      95.50          -       0.00          0
  lex dual LP      :       0.00          0          0       0.00          -
  barrier LP       :       0.00          0          0       0.00          -       0.00          0
  resolve instable :       0.00          0          0       0.00          -
  diving/probing LP:       0.00          0          0       0.00          -
  strong branching :       0.00          0          0       0.00          -          -          -          0
    (at root node) :          -          0          0       0.00          -
  conflict analysis:       0.00          5         50      10.00          -
B&B Tree           :
  number of runs   :          1
  nodes            :          1 (0 internal, 1 leaves)
  feasible leaves  :          0
  infeas. leaves   :          0
  objective leaves :          1
  nodes (total)    :          1 (0 internal, 1 leaves)
  nodes left       :          0
  max depth        :          0
  max depth (total):          0
  backtracks       :          0 (0.0%)
  early backtracks :          0 (0.0%)
  nodes exc. ref.  :          0 (0.0%)
  delayed cutoffs  :          0
  repropagations   :          0 (0 domain reductions, 0 cutoffs)
  avg switch length:       2.00
  switching time   :       0.00
Estim. Tree Size   :          1
Estimation Tree    : 1 nodes (1 visited, 0 internal, 1 leaves, 0 open), weight: 1.0000 completed 1.0000
Estimations        :      estim      value      trend resolution     smooth
  wbe              :          1          -          -          -          -
  tree-profile     :         -1          -          -          -          -
  gap              :          1    1.00000    1.00000          1          1
  tree-weight      :          1    1.00000    1.00000          1          1
  leaf-frequency   :          1    0.50000    1.00000          1          1
  ssg              :          1    0.00000   -1.00000          1          1
  open-nodes       :          1    0.00000    0.00000          1          1
Root Node          :
  First LP value   : +2.30754347198924e-01
  First LP Iters   :        170
  First LP Time    :       0.00
  Final Dual Bound : +2.44740624054105e-01
  Final Root Iters :        191
  Root LP Estimate :                     -
Solution           :
  Solutions found  :          3 (3 improvements)
  First Solution   : +3.18998958968078e-01   (in run 1, after 1 nodes, 0.00 seconds, depth 7, found by <clique>)
  Gap First Sol.   :   infinite
  Gap Last Sol.    :       0.00 %
  Primal Bound     : +2.44740624054105e-01   (in run 1, after 1 nodes, 0.00 seconds, depth 1, found by <farkasdiving>)
  Dual Bound       : +2.44740624054105e-01
  Gap              :       0.00 %
Integrals          :      Total       Avg%
  primal-dual      :       0.00       0.00
  primal-ref       :       0.00       0.00
  dual-ref         :       0.00       0.00
