SCIP version 7.0.2 [precision: 8 byte] [memory: block] [mode: optimized] [LP solver: SoPlex 5.0.2] [GitHash: e9d280a398]
Copyright (C) 2002-2020 Konrad-Zuse-Zentrum fuer Informationstechnik Berlin (ZIB)

External codes: 
  SoPlex 5.0.2         Linear Programming Solver developed at Zuse Institute Berlin (soplex.zib.de) [GitHash: e24c304e]
  CppAD 20180000.0     Algorithmic Differentiation of C++ algorithms developed by B. Bell (www.coin-or.org/CppAD)
  MPIR 3.0.0           Multiple Precision Integers and Rationals Library developed by W. Hart (mpir.org)
  ZIMPL 3.4.0          Zuse Institute Mathematical Programming Language developed by T. Koch (zimpl.zib.de)
  PaPILO 1.0.2         parallel presolve for integer and linear optimization (https://github.com/lgottwald/PaPILO) [GitHash: 62d2842]
  bliss 0.73p          Computing Graph Automorphism Groups by T. Junttila and P. Kaski (http://www.tcs.hut.fi/Software/bliss/)
  Ipopt 3.12.9         Interior Point Optimizer developed by A. Waechter et.al. (www.coin-or.org/Ipopt)

user parameter file <scip.set> not found - using default parameters

read problem <C:\Users\claudio\Documents\GitHub\embedding\src\lp\N32_B0.5_diversified_classical\IPL_linearized_N32q4.00B16.lp>
============

original problem has 1056 variables (0 bin, 1056 int, 0 impl, 0 cont) and 3073 constraints

solve problem
=============

presolving:
(round 1, fast)       32 del vars, 32 del conss, 0 add conss, 0 chg bounds, 32 chg sides, 32 chg coeffs, 0 upgd conss, 0 impls, 1984 clqs
(round 2, fast)       32 del vars, 96 del conss, 0 add conss, 0 chg bounds, 32 chg sides, 32 chg coeffs, 0 upgd conss, 0 impls, 1984 clqs
   (0.0s) running MILP presolver
   (0.0s) MILP presolver found nothing
(round 3, exhaustive) 32 del vars, 96 del conss, 0 add conss, 0 chg bounds, 32 chg sides, 32 chg coeffs, 2976 upgd conss, 0 impls, 1984 clqs
(round 4, exhaustive) 32 del vars, 3072 del conss, 992 add conss, 0 chg bounds, 32 chg sides, 32 chg coeffs, 2976 upgd conss, 0 impls, 1984 clqs
(round 5, exhaustive) 528 del vars, 3568 del conss, 992 add conss, 0 chg bounds, 32 chg sides, 32 chg coeffs, 2976 upgd conss, 0 impls, 992 clqs
   (0.0s) probing: 51/528 (9.7%) - 0 fixings, 0 aggregations, 0 implications, 0 bound changes
   (0.0s) probing aborted: 50/50 successive totally useless probings
   (0.0s) symmetry computation started: requiring (bin +, int -, cont +), (fixed: bin -, int +, cont -)
   (0.0s) no symmetry present
presolving (6 rounds: 6 fast, 4 medium, 4 exhaustive):
 528 deleted vars, 3568 deleted constraints, 992 added constraints, 0 tightened bounds, 0 added holes, 32 changed sides, 32 changed coefficients
 0 implications, 992 cliques
presolved problem has 528 variables (528 bin, 0 int, 0 impl, 0 cont) and 497 constraints
    496 constraints of type <and>
      1 constraints of type <linear>
Presolving Time: 0.00

 time | node  | left  |LP iter|LP it/n|mem/heur|mdpt |vars |cons |rows |cuts |sepa|confs|strbr|  dualbound   | primalbound  |  gap   | compl. 
p 0.0s|     1 |     0 |     0 |     - |  clique|   0 | 528 | 497 | 993 |   0 |  0 |   0 |   0 |-1.609984e-01 |-2.410013e-02 | 568.04%| unknown
p 0.0s|     1 |     0 |     0 |     - | vbounds|   0 | 528 | 497 | 993 |   0 |  0 |   0 |   0 |-1.609984e-01 |-4.940532e-02 | 225.87%| unknown
p 0.0s|     1 |     0 |     0 |     - | vbounds|   0 | 528 | 497 | 993 |   0 |  0 |   0 |   0 |-1.609984e-01 |-5.865936e-02 | 174.46%| unknown
  0.0s|     1 |     0 |   335 |     - |    13M |   0 | 528 | 497 | 993 |   0 |  0 |   0 |   0 |-9.590599e-02 |-5.865936e-02 |  63.50%| unknown
L 0.0s|     1 |     0 |   335 |     - |undercov|   0 | 528 | 498 | 993 |   0 |  0 |   1 |   0 |-9.590599e-02 |-7.549238e-02 |  27.04%| unknown
  0.0s|     1 |     0 |   519 |     - |    14M |   0 | 528 | 498 |1105 | 112 |  1 |   1 |   0 |-8.002119e-02 |-7.549238e-02 |   6.00%| unknown
  0.0s|     1 |     0 |   519 |     - |    14M |   0 | 528 | 498 | 987 | 112 |  1 |   1 |   0 |-8.002119e-02 |-7.549238e-02 |   6.00%| unknown
  0.0s|     1 |     0 |   626 |     - |    14M |   0 | 528 | 498 |1011 | 151 |  2 |   1 |   0 |-7.720121e-02 |-7.549238e-02 |   2.26%| unknown
  0.0s|     1 |     0 |   626 |     - |    14M |   0 | 528 | 499 | 815 | 151 |  2 |   2 |   0 |-7.720121e-02 |-7.549238e-02 |   2.26%| unknown
  0.0s|     1 |     0 |   670 |     - |    14M |   0 | 528 | 499 | 793 | 180 |  3 |   2 |   0 |-7.593675e-02 |-7.549238e-02 |   0.59%| unknown
  0.0s|     1 |     0 |   670 |     - |    14M |   0 | 528 | 499 | 729 | 180 |  3 |   2 |   0 |-7.593675e-02 |-7.549238e-02 |   0.59%| unknown
  0.0s|     1 |     0 |   677 |     - |    15M |   0 | 528 | 499 | 721 | 183 |  4 |   2 |   0 |-7.582935e-02 |-7.549238e-02 |   0.45%| unknown
  0.0s|     1 |     0 |   677 |     - |    15M |   0 | 528 | 500 | 715 | 183 |  4 |   3 |   0 |-7.582935e-02 |-7.549238e-02 |   0.45%| unknown
  0.0s|     1 |     0 |   685 |     - |    15M |   0 | 528 | 500 | 719 | 187 |  6 |   3 |   0 |-7.566809e-02 |-7.549238e-02 |   0.23%| unknown
  0.0s|     1 |     0 |   685 |     - |    15M |   0 | 528 | 502 | 706 | 187 |  6 |   5 |   0 |-7.566809e-02 |-7.549238e-02 |   0.23%| unknown
 time | node  | left  |LP iter|LP it/n|mem/heur|mdpt |vars |cons |rows |cuts |sepa|confs|strbr|  dualbound   | primalbound  |  gap   | compl. 
  0.0s|     1 |     0 |   692 |     - |    15M |   0 | 528 | 502 | 704 | 189 |  7 |   5 |   0 |-7.558857e-02 |-7.549238e-02 |   0.13%| unknown
  0.0s|     1 |     0 |   692 |     - |    15M |   0 | 528 | 504 | 693 | 189 |  7 |   7 |   0 |-7.558857e-02 |-7.549238e-02 |   0.13%| unknown
  0.0s|     1 |     0 |   711 |     - |    15M |   0 | 528 | 504 | 693 | 194 |  8 |   7 |   0 |-7.550552e-02 |-7.549238e-02 |   0.02%| unknown
  0.0s|     1 |     0 |   711 |     - |    15M |   0 | 528 | 505 | 675 | 194 |  8 |   8 |   0 |-7.550552e-02 |-7.549238e-02 |   0.02%| unknown
  2.0s|     1 |     0 |   713 |     - |    15M |   0 | 528 | 505 | 677 | 196 |  9 |   8 |   0 |-7.549238e-02 |-7.549238e-02 |   0.00%| unknown
  2.0s|     1 |     0 |   713 |     - |    15M |   0 | 528 | 505 | 677 | 196 |  9 |   8 |   0 |-7.549238e-02 |-7.549238e-02 |   0.00%| unknown

SCIP Status        : problem is solved [optimal solution found]
Solving Time (sec) : 2.00
Solving Nodes      : 1
Primal Bound       : -7.54923805762603e-02 (5 solutions)
Dual Bound         : -7.54923805762603e-02
Gap                : 0.00 %

primal solution (original space):
=================================

objective value:                  -0.0754923805762603
y(1,1)                                              1 	(obj:0.000511354184188773)
y(1,3)                                              1 	(obj:0.000128740666357539)
y(1,4)                                              1 	(obj:-1.74286725212305e-05)
y(1,5)                                              1 	(obj:3.39122615492307e-05)
y(1,6)                                              1 	(obj:1.67723306466864e-05)
y(1,8)                                              1 	(obj:-4.38532913409612e-05)
y(1,12)                                             1 	(obj:-0.00025377713697216)
y(1,16)                                             1 	(obj:-8.9349713781694e-05)
y(1,19)                                             1 	(obj:-1.98754248431733e-05)
y(1,21)                                             1 	(obj:6.12837896175492e-05)
y(1,23)                                             1 	(obj:1.56842852307667e-05)
y(1,24)                                             1 	(obj:-0.000136348888863519)
y(1,26)                                             1 	(obj:-0.000173878192967765)
y(1,29)                                             1 	(obj:-0.000214981033692977)
y(1,31)                                             1 	(obj:6.58256583234864e-06)
y(1,32)                                             1 	(obj:3.55293320325039e-05)
y(3,1)                                              1 	(obj:0.000128740666357539)
y(3,3)                                              1 	(obj:0.000901045580430215)
y(3,4)                                              1 	(obj:-0.000307469175388517)
y(3,5)                                              1 	(obj:-5.25489118444391e-05)
y(3,6)                                              1 	(obj:5.42046919161195e-05)
y(3,8)                                              1 	(obj:-0.000197178025668318)
y(3,12)                                             1 	(obj:-0.000310527631060892)
y(3,16)                                             1 	(obj:4.82324080166841e-05)
y(3,19)                                             1 	(obj:-0.000423416714506781)
y(3,21)                                             1 	(obj:8.48664349459551e-05)
y(3,23)                                             1 	(obj:-0.00011507771319303)
y(3,24)                                             1 	(obj:1.47696375409084e-05)
y(3,26)                                             1 	(obj:3.81674035999533e-05)
y(3,29)                                             1 	(obj:0.000568249697381895)
y(3,31)                                             1 	(obj:-6.0284752919235e-05)
y(3,32)                                             1 	(obj:0.000895620073506252)
y(4,1)                                              1 	(obj:-1.74286725212305e-05)
y(4,3)                                              1 	(obj:-0.000307469175388517)
y(4,4)                                              1 	(obj:0.00313534932191125)
y(4,5)                                              1 	(obj:-0.000152462574540514)
y(4,6)                                              1 	(obj:-8.29099739480679e-05)
y(4,8)                                              1 	(obj:0.000418105286548061)
y(4,12)                                             1 	(obj:3.79208592702487e-05)
y(4,16)                                             1 	(obj:2.24706272169852e-05)
y(4,19)                                             1 	(obj:-0.000558032233175205)
y(4,21)                                             1 	(obj:3.2408889863557e-05)
y(4,23)                                             1 	(obj:0.000329025642207405)
y(4,24)                                             1 	(obj:-0.000632289209779427)
y(4,26)                                             1 	(obj:0.000101291540793779)
y(4,29)                                             1 	(obj:3.84029294109504e-05)
y(4,31)                                             1 	(obj:-0.000133087027105335)
y(4,32)                                             1 	(obj:-7.51748166858137e-05)
y(5,1)                                              1 	(obj:3.39122615492307e-05)
y(5,3)                                              1 	(obj:-5.25489118444391e-05)
y(5,4)                                              1 	(obj:-0.000152462574540514)
y(5,5)                                              1 	(obj:0.00076345343676715)
y(5,6)                                              1 	(obj:1.45776980079764e-05)
y(5,8)                                              1 	(obj:-0.00013501219031939)
y(5,12)                                             1 	(obj:-0.00016908479739685)
y(5,16)                                             1 	(obj:-9.56689763331975e-05)
y(5,19)                                             1 	(obj:-7.11660482942729e-05)
y(5,21)                                             1 	(obj:3.37655721757928e-05)
y(5,23)                                             1 	(obj:-9.79612510183893e-05)
y(5,24)                                             1 	(obj:-1.55991421792775e-05)
y(5,26)                                             1 	(obj:-0.000105816461502435)
y(5,29)                                             1 	(obj:0.000144655807668305)
y(5,31)                                             1 	(obj:7.46761943889683e-06)
y(5,32)                                             1 	(obj:0.000112859470229566)
y(6,1)                                              1 	(obj:1.67723306466864e-05)
y(6,3)                                              1 	(obj:5.42046919161195e-05)
y(6,4)                                              1 	(obj:-8.29099739480679e-05)
y(6,5)                                              1 	(obj:1.45776980079764e-05)
y(6,6)                                              1 	(obj:0.000502524410949516)
y(6,8)                                              1 	(obj:7.84342671051366e-06)
y(6,12)                                             1 	(obj:-0.000422561941160563)
y(6,16)                                             1 	(obj:0.000114173198544663)
y(6,19)                                             1 	(obj:0.000272128034717397)
y(6,21)                                             1 	(obj:2.87917748023889e-05)
y(6,23)                                             1 	(obj:-0.000170108505655588)
y(6,24)                                             1 	(obj:6.61154805913137e-05)
y(6,26)                                             1 	(obj:0.000224988605760017)
y(6,29)                                             1 	(obj:7.29405549056716e-05)
y(6,31)                                             1 	(obj:-4.37948367037549e-05)
y(6,32)                                             1 	(obj:0.000132995958056153)
y(8,1)                                              1 	(obj:-4.38532913409612e-05)
y(8,3)                                              1 	(obj:-0.000197178025668318)
y(8,4)                                              1 	(obj:0.000418105286548061)
y(8,5)                                              1 	(obj:-0.00013501219031939)
y(8,6)                                              1 	(obj:7.84342671051366e-06)
y(8,8)                                              1 	(obj:0.000685162589931509)
y(8,12)                                             1 	(obj:-7.08624366645325e-05)
y(8,16)                                             1 	(obj:-4.10654346010956e-05)
y(8,19)                                             1 	(obj:-0.000228616769195739)
y(8,21)                                             1 	(obj:1.00325402377135e-05)
y(8,23)                                             1 	(obj:6.971453344466e-05)
y(8,24)                                             1 	(obj:-1.23688896786608e-05)
y(8,26)                                             1 	(obj:2.20806739457896e-05)
y(8,29)                                             1 	(obj:-0.000260925807053544)
y(8,31)                                             1 	(obj:-2.16363745484414e-05)
y(8,32)                                             1 	(obj:-0.000161620781110783)
y(12,1)                                             1 	(obj:-0.00025377713697216)
y(12,3)                                             1 	(obj:-0.000310527631060892)
y(12,4)                                             1 	(obj:3.79208592702487e-05)
y(12,5)                                             1 	(obj:-0.00016908479739685)
y(12,6)                                             1 	(obj:-0.000422561941160563)
y(12,8)                                             1 	(obj:-7.08624366645325e-05)
y(12,12)                                            1 	(obj:0.00522977461136898)
y(12,16)                                            1 	(obj:7.80150940540824e-05)
y(12,19)                                            1 	(obj:9.04497601311943e-05)
y(12,21)                                            1 	(obj:-0.000446266569599065)
y(12,23)                                            1 	(obj:0.00238896674298583)
y(12,24)                                            1 	(obj:0.000282376947564714)
y(12,26)                                            1 	(obj:-0.000498680119840689)
y(12,29)                                            1 	(obj:0.000473172260709305)
y(12,31)                                            1 	(obj:8.65981283361511e-05)
y(12,32)                                            1 	(obj:-0.000510888693517538)
y(16,1)                                             1 	(obj:-8.9349713781694e-05)
y(16,3)                                             1 	(obj:4.82324080166841e-05)
y(16,4)                                             1 	(obj:2.24706272169852e-05)
y(16,5)                                             1 	(obj:-9.56689763331975e-05)
y(16,6)                                             1 	(obj:0.000114173198544663)
y(16,8)                                             1 	(obj:-4.10654346010956e-05)
y(16,12)                                            1 	(obj:7.80150940540824e-05)
y(16,16)                                            1 	(obj:0.000456055094717061)
y(16,19)                                            1 	(obj:-0.000577832308827156)
y(16,21)                                            1 	(obj:-1.29803432698457e-05)
y(16,23)                                            1 	(obj:-1.62651511395327e-05)
y(16,24)                                            1 	(obj:4.75037303011327e-05)
y(16,26)                                            1 	(obj:-0.000335595448120512)
y(16,29)                                            1 	(obj:0.000128519931258694)
y(16,31)                                            1 	(obj:-3.15349524905942e-05)
y(16,32)                                            1 	(obj:-2.26493679111395e-07)
y(19,1)                                             1 	(obj:-1.98754248431733e-05)
y(19,3)                                             1 	(obj:-0.000423416714506781)
y(19,4)                                             1 	(obj:-0.000558032233175205)
y(19,5)                                             1 	(obj:-7.11660482942729e-05)
y(19,6)                                             1 	(obj:0.000272128034717397)
y(19,8)                                             1 	(obj:-0.000228616769195739)
y(19,12)                                            1 	(obj:9.04497601311943e-05)
y(19,16)                                            1 	(obj:-0.000577832308827156)
y(19,19)                                            1 	(obj:0.00503075361069316)
y(19,21)                                            1 	(obj:5.36119014670087e-05)
y(19,23)                                            1 	(obj:8.04340554254674e-05)
y(19,24)                                            1 	(obj:0.000169847343849621)
y(19,26)                                            1 	(obj:-4.91418986928422e-05)
y(19,29)                                            1 	(obj:-0.00014377987611725)
y(19,31)                                            1 	(obj:0.000151593899076012)
y(19,32)                                            1 	(obj:-0.000407741101224252)
y(21,1)                                             1 	(obj:6.12837896175492e-05)
y(21,3)                                             1 	(obj:8.48664349459551e-05)
y(21,4)                                             1 	(obj:3.2408889863557e-05)
y(21,5)                                             1 	(obj:3.37655721757928e-05)
y(21,6)                                             1 	(obj:2.87917748023889e-05)
y(21,8)                                             1 	(obj:1.00325402377135e-05)
y(21,12)                                            1 	(obj:-0.000446266569599065)
y(21,16)                                            1 	(obj:-1.29803432698457e-05)
y(21,19)                                            1 	(obj:5.36119014670087e-05)
y(21,21)                                            1 	(obj:0.000531103481456406)
y(21,23)                                            1 	(obj:-0.000271090815071366)
y(21,24)                                            1 	(obj:0.000173972705607881)
y(21,26)                                            1 	(obj:-0.000363925494433353)
y(21,29)                                            1 	(obj:9.73228185481037e-05)
y(21,31)                                            1 	(obj:3.32397689053567e-05)
y(21,32)                                            1 	(obj:0.000103828997093687)
y(23,1)                                             1 	(obj:1.56842852307667e-05)
y(23,3)                                             1 	(obj:-0.00011507771319303)
y(23,4)                                             1 	(obj:0.000329025642207405)
y(23,5)                                             1 	(obj:-9.79612510183893e-05)
y(23,6)                                             1 	(obj:-0.000170108505655588)
y(23,8)                                             1 	(obj:6.971453344466e-05)
y(23,12)                                            1 	(obj:0.00238896674298583)
y(23,16)                                            1 	(obj:-1.62651511395327e-05)
y(23,19)                                            1 	(obj:8.04340554254674e-05)
y(23,21)                                            1 	(obj:-0.000271090815071366)
y(23,23)                                            1 	(obj:0.00134422659960546)
y(23,24)                                            1 	(obj:0.000117892406210026)
y(23,26)                                            1 	(obj:-2.29452538567548e-05)
y(23,29)                                            1 	(obj:0.000370485428287217)
y(23,31)                                            1 	(obj:-4.354371883144e-05)
y(23,32)                                            1 	(obj:-0.000188211476530045)
y(24,1)                                             1 	(obj:-0.000136348888863519)
y(24,3)                                             1 	(obj:1.47696375409084e-05)
y(24,4)                                             1 	(obj:-0.000632289209779427)
y(24,5)                                             1 	(obj:-1.55991421792775e-05)
y(24,6)                                             1 	(obj:6.61154805913137e-05)
y(24,8)                                             1 	(obj:-1.23688896786608e-05)
y(24,12)                                            1 	(obj:0.000282376947564714)
y(24,16)                                            1 	(obj:4.75037303011327e-05)
y(24,19)                                            1 	(obj:0.000169847343849621)
y(24,21)                                            1 	(obj:0.000173972705607881)
y(24,23)                                            1 	(obj:0.000117892406210026)
y(24,24)                                            1 	(obj:0.000496735410289865)
y(24,26)                                            1 	(obj:-0.000132358454388403)
y(24,29)                                            1 	(obj:2.88531952027974e-05)
y(24,31)                                            1 	(obj:5.96775938349769e-05)
y(24,32)                                            1 	(obj:-3.50828822980964e-05)
y(26,1)                                             1 	(obj:-0.000173878192967765)
y(26,3)                                             1 	(obj:3.81674035999533e-05)
y(26,4)                                             1 	(obj:0.000101291540793779)
y(26,5)                                             1 	(obj:-0.000105816461502435)
y(26,6)                                             1 	(obj:0.000224988605760017)
y(26,8)                                             1 	(obj:2.20806739457896e-05)
y(26,12)                                            1 	(obj:-0.000498680119840689)
y(26,16)                                            1 	(obj:-0.000335595448120512)
y(26,19)                                            1 	(obj:-4.91418986928422e-05)
y(26,21)                                            1 	(obj:-0.000363925494433353)
y(26,23)                                            1 	(obj:-2.29452538567548e-05)
y(26,24)                                            1 	(obj:-0.000132358454388403)
y(26,26)                                            1 	(obj:0.00219808328833765)
y(26,29)                                            1 	(obj:0.000197189632318339)
y(26,31)                                            1 	(obj:-0.000294926289616341)
y(26,32)                                            1 	(obj:0.00013547679401542)
y(29,1)                                             1 	(obj:-0.000214981033692977)
y(29,3)                                             1 	(obj:0.000568249697381895)
y(29,4)                                             1 	(obj:3.84029294109504e-05)
y(29,5)                                             1 	(obj:0.000144655807668305)
y(29,6)                                             1 	(obj:7.29405549056716e-05)
y(29,8)                                             1 	(obj:-0.000260925807053544)
y(29,12)                                            1 	(obj:0.000473172260709305)
y(29,16)                                            1 	(obj:0.000128519931258694)
y(29,19)                                            1 	(obj:-0.00014377987611725)
y(29,21)                                            1 	(obj:9.73228185481037e-05)
y(29,23)                                            1 	(obj:0.000370485428287217)
y(29,24)                                            1 	(obj:2.88531952027974e-05)
y(29,26)                                            1 	(obj:0.000197189632318339)
y(29,29)                                            1 	(obj:0.00276962152273827)
y(29,31)                                            1 	(obj:0.000237002888250239)
y(29,32)                                            1 	(obj:0.0007650751279314)
y(31,1)                                             1 	(obj:6.58256583234864e-06)
y(31,3)                                             1 	(obj:-6.0284752919235e-05)
y(31,4)                                             1 	(obj:-0.000133087027105335)
y(31,5)                                             1 	(obj:7.46761943889683e-06)
y(31,6)                                             1 	(obj:-4.37948367037549e-05)
y(31,8)                                             1 	(obj:-2.16363745484414e-05)
y(31,12)                                            1 	(obj:8.65981283361511e-05)
y(31,16)                                            1 	(obj:-3.15349524905942e-05)
y(31,19)                                            1 	(obj:0.000151593899076012)
y(31,21)                                            1 	(obj:3.32397689053567e-05)
y(31,23)                                            1 	(obj:-4.354371883144e-05)
y(31,24)                                            1 	(obj:5.96775938349769e-05)
y(31,26)                                            1 	(obj:-0.000294926289616341)
y(31,29)                                            1 	(obj:0.000237002888250239)
y(31,31)                                            1 	(obj:0.000469251375248266)
y(31,32)                                            1 	(obj:-0.000117499565924476)
y(32,1)                                             1 	(obj:3.55293320325039e-05)
y(32,3)                                             1 	(obj:0.000895620073506252)
y(32,4)                                             1 	(obj:-7.51748166858137e-05)
y(32,5)                                             1 	(obj:0.000112859470229566)
y(32,6)                                             1 	(obj:0.000132995958056153)
y(32,8)                                             1 	(obj:-0.000161620781110783)
y(32,12)                                            1 	(obj:-0.000510888693517538)
y(32,16)                                            1 	(obj:-2.26493679111395e-07)
y(32,19)                                            1 	(obj:-0.000407741101224252)
y(32,21)                                            1 	(obj:0.000103828997093687)
y(32,23)                                            1 	(obj:-0.000188211476530045)
y(32,24)                                            1 	(obj:-3.50828822980964e-05)
y(32,26)                                            1 	(obj:0.00013547679401542)
y(32,29)                                            1 	(obj:0.0007650751279314)
y(32,31)                                            1 	(obj:-0.000117499565924476)
y(32,32)                                            1 	(obj:0.0010628135772397)
x(1)                                                1 	(obj:-0.00481287950569477)
x(3)                                                1 	(obj:-0.00456724103297996)
x(4)                                                1 	(obj:-0.0105507654939372)
x(5)                                                1 	(obj:-0.00472401332207921)
x(6)                                                1 	(obj:-0.00281025272830319)
x(8)                                                1 	(obj:-0.0039632964867238)
x(12)                                               1 	(obj:-0.013362692183484)
x(16)                                               1 	(obj:-0.00241282504337053)
x(19)                                               1 	(obj:-0.00817357099868575)
x(21)                                               1 	(obj:-0.0015919443066135)
x(23)                                               1 	(obj:-0.00938472325472254)
x(24)                                               1 	(obj:-0.00369022220868196)
x(26)                                               1 	(obj:-0.0103284916925843)
x(29)                                               1 	(obj:-0.0109727470097396)
x(31)                                               1 	(obj:-0.00417405686604247)
x(32)                                               1 	(obj:-0.00604824811529603)

Statistics
==========

SCIP Status        : problem is solved [optimal solution found]
Total Time         :       2.00
  solving          :       2.00
  presolving       :       0.00 (included in solving)
  reading          :       0.00
  copying          :       0.00 (1 #copies) (minimal 0.00, maximal 0.00, average 0.00)
Original Problem   :
  Problem name     : C:\Users\claudio\Documents\GitHub\embedding\src\lp\N32_B0.5_diversified_classical\IPL_linearized_N32q4.00B16.lp
  Variables        : 1056 (0 binary, 1056 integer, 0 implicit integer, 0 continuous)
  Constraints      : 3073 initial, 3073 maximal
  Objective        : minimize, 1056 non-zeros (abs.min = 1.68319e-07, abs.max = 0.0133627)
Presolved Problem  :
  Problem name     : t_C:\Users\claudio\Documents\GitHub\embedding\src\lp\N32_B0.5_diversified_classical\IPL_linearized_N32q4.00B16.lp
  Variables        : 528 (528 binary, 0 integer, 0 implicit integer, 0 continuous)
  Constraints      : 497 initial, 505 maximal
  Objective        : minimize, 528 non-zeros (abs.min = 3.36637e-07, abs.max = 0.00914386)
  Nonzeros         : 1520 constraint, 546 clique table
Presolvers         :   ExecTime  SetupTime  Calls  FixedVars   AggrVars   ChgTypes  ChgBounds   AddHoles    DelCons    AddCons   ChgSides   ChgCoefs
  boundshift       :       0.00       0.00      0          0          0          0          0          0          0          0          0          0
  convertinttobin  :       0.00       0.00      0          0          0          0          0          0          0          0          0          0
  domcol           :       0.00       0.00      1          0          0          0          0          0          0          0          0          0
  dualagg          :       0.00       0.00      0          0          0          0          0          0          0          0          0          0
  dualcomp         :       0.00       0.00      0          0          0          0          0          0          0          0          0          0
  dualinfer        :       0.00       0.00      0          0          0          0          0          0          0          0          0          0
  dualsparsify     :       0.00       0.00      1          0          0          0          0          0          0          0          0          0
  gateextraction   :       0.00       0.00      1          0          0          0          0          0       2976        992          0          0
  implics          :       0.00       0.00      4          0          0          0          0          0          0          0          0          0
  inttobinary      :       0.00       0.00      0          0          0          0          0          0          0          0          0          0
  milp             :       0.00       0.00      1          0          0          0          0          0          0          0          0          0
  qpkktref         :       0.00       0.00      0          0          0          0          0          0          0          0          0          0
  redvub           :       0.00       0.00      0          0          0          0          0          0          0          0          0          0
  sparsify         :       0.00       0.00      1          0          0          0          0          0          0          0          0          0
  stuffing         :       0.00       0.00      0          0          0          0          0          0          0          0          0          0
  trivial          :       0.00       0.00      6          0          0          0          0          0          0          0          0          0
  tworowbnd        :       0.00       0.00      0          0          0          0          0          0          0          0          0          0
  dualfix          :       0.00       0.00      6          0          0          0          0          0          0          0          0          0
  genvbounds       :       0.00       0.00      0          0          0          0          0          0          0          0          0          0
  probing          :       0.00       0.00      1          0          0          0          0          0          0          0          0          0
  pseudoobj        :       0.00       0.00      0          0          0          0          0          0          0          0          0          0
  symmetry         :       0.00       0.00      1          0          0          0          0          0          0          0          0          0
  vbounds          :       0.00       0.00      1          0          0          0          0          0          0          0          0          0
  setppc           :       0.00       0.00      2          0          0          0          0          0          0          0          0          0
  and              :       0.00       0.00      4          0        496          0          0          0        496          0          0          0
  linear           :       0.00       0.00      8          0         32          0          0          0         96          0         32         32
  logicor          :       0.00       0.00      2          0          0          0          0          0          0          0          0          0
  benders          :       0.00       0.00      0          0          0          0          0          0          0          0          0          0
  components       :       0.00       0.00      1          0          0          0          0          0          0          0          0          0
  root node        :          -          -      -        295          -          -        295          -          -          -          -          -
Constraints        :     Number  MaxNumber  #Separate #Propagate    #EnfoLP    #EnfoRelax  #EnfoPS    #Check   #ResProp    Cutoffs    DomReds       Cuts    Applied      Conss   Children
  benderslp        :          0          0          0          0          0          0          0         15          0          0          0          0          0          0          0
  integral         :          0          0          0          0          0          0          0         15          0          0          0          0          0          0          0
  setppc           :          0+         1          1          0          0          0          0          0          0          0          0          0          0          0          0
  and              :        496        496          8        498          0          0          0         10         24          6          0        177         21          0          0
  linear           :          1          1          8        482          0          0          0          7          3          0          0          0          0          0          0
  logicor          :          0+         7          8         14          0          0          0          0          0          0          0          0          0          0          0
  benders          :          0          0          0          0          0          0          0          6          0          0          0          0          0          0          0
  countsols        :          0          0          0          0          0          0          0          6          0          0          0          0          0          0          0
  components       :          0          0          0          0          0          0          0          0          0          0          0          0          0          0          0
Constraint Timings :  TotalTime  SetupTime   Separate  Propagate     EnfoLP     EnfoPS     EnfoRelax   Check    ResProp    SB-Prop
  benderslp        :       0.00       0.00       0.00       0.00       0.00       0.00       0.00       0.00       0.00       0.00
  integral         :       0.00       0.00       0.00       0.00       0.00       0.00       0.00       0.00       0.00       0.00
  setppc           :       0.00       0.00       0.00       0.00       0.00       0.00       0.00       0.00       0.00       0.00
  and              :       0.00       0.00       0.00       0.00       0.00       0.00       0.00       0.00       0.00       0.00
  linear           :       0.00       0.00       0.00       0.00       0.00       0.00       0.00       0.00       0.00       0.00
  logicor          :       0.00       0.00       0.00       0.00       0.00       0.00       0.00       0.00       0.00       0.00
  benders          :       0.00       0.00       0.00       0.00       0.00       0.00       0.00       0.00       0.00       0.00
  countsols        :       0.00       0.00       0.00       0.00       0.00       0.00       0.00       0.00       0.00       0.00
  components       :       0.00       0.00       0.00       0.00       0.00       0.00       0.00       0.00       0.00       0.00
Propagators        : #Propagate   #ResProp    Cutoffs    DomReds
  dualfix          :          2          0          0          0
  genvbounds       :          0          0          0          0
  nlobbt           :          0          0          0          0
  obbt             :          0          0          0          0
  probing          :          0          0          0          0
  pseudoobj        :         24          0          0          0
  redcost          :         15          0          0        201
  rootredcost      :          0          0          0          0
  symmetry         :          0          0          0          0
  vbounds          :        399          0          0          0
Propagator Timings :  TotalTime  SetupTime   Presolve  Propagate    ResProp    SB-Prop
  dualfix          :       0.00       0.00       0.00       0.00       0.00       0.00
  genvbounds       :       0.00       0.00       0.00       0.00       0.00       0.00
  nlobbt           :       0.00       0.00       0.00       0.00       0.00       0.00
  obbt             :       0.00       0.00       0.00       0.00       0.00       0.00
  probing          :       0.00       0.00       0.00       0.00       0.00       0.00
  pseudoobj        :       0.00       0.00       0.00       0.00       0.00       0.00
  redcost          :       0.00       0.00       0.00       0.00       0.00       0.00
  rootredcost      :       0.00       0.00       0.00       0.00       0.00       0.00
  symmetry         :       0.00       0.00       0.00       0.00       0.00       0.00
  vbounds          :       0.00       0.00       0.00       0.00       0.00       0.00
Conflict Analysis  :       Time      Calls    Success    DomReds  Conflicts   Literals    Reconvs ReconvLits   Dualrays   Nonzeros   LP Iters   (pool size: [10000,10000])
  propagation      :       0.00          6          6          -          8        4.8          0        0.0          -          -          -
  infeasible LP    :       0.00          0          0          -          0        0.0          0        0.0          0        0.0          0
  bound exceed. LP :       0.00          4          0          -          0        0.0          0        0.0          0        0.0         40
  strong branching :       0.00          0          0          -          0        0.0          0        0.0          -          -          0
  pseudo solution  :       0.00          0          0          -          0        0.0          0        0.0          -          -          -
  applied globally :       0.00          -          -          0          8        4.8          -          -          0          -          -
  applied locally  :          -          -          -          0          0        0.0          -          -          0          -          -
Separators         :   ExecTime  SetupTime      Calls    Cutoffs    DomReds       Cuts    Applied      Conss
  cut pool         :       0.00                    16          -          -        329          -          -    (maximal pool size: 446)
  aggregation      :       0.00       0.00          8          0          0          8          0          0
  cgmip            :       0.00       0.00          0          0          0          0          0          0
  clique           :       0.00       0.00          8          0          0          0          0          0
  closecuts        :       0.00       0.00          0          0          0          0          0          0
  cmir             :       0.00       0.00          0          0          0          0          0          0
  convexproj       :       0.00       0.00          0          0          0          0          0          0
  disjunctive      :       0.00       0.00          0          0          0          0          0          0
  eccuts           :       0.00       0.00          0          0          0          0          0          0
  flowcover        :       0.00       0.00          0          0          0          0          6          0
  gauge            :       0.00       0.00          0          0          0          0          0          0
  gomory           :       0.00       0.00          8          0          0        215         22          0
  impliedbounds    :       0.00       0.00          8          0         94        169        139          0
  intobj           :       0.00       0.00          0          0          0          0          0          0
  mcf              :       0.00       0.00          1          0          0          0          0          0
  oddcycle         :       0.00       0.00          0          0          0          0          0          0
  rapidlearning    :       0.00       0.00          0          0          0          0          0          0
  strongcg         :       0.00       0.00          8          0          0         42          1          0
  zerohalf         :       0.00       0.00          8          0          0         12          7          0
Pricers            :   ExecTime  SetupTime      Calls       Vars
  problem variables:       0.00          -          0          0
Branching Rules    :   ExecTime  SetupTime   BranchLP  BranchExt   BranchPS    Cutoffs    DomReds       Cuts      Conss   Children
  allfullstrong    :       0.00       0.00          0          0          0          0          0          0          0          0
  cloud            :       0.00       0.00          0          0          0          0          0          0          0          0
  distribution     :       0.00       0.00          0          0          0          0          0          0          0          0
  fullstrong       :       0.00       0.00          0          0          0          0          0          0          0          0
  inference        :       0.00       0.00          0          0          0          0          0          0          0          0
  leastinf         :       0.00       0.00          0          0          0          0          0          0          0          0
  lookahead        :       0.00       0.00          0          0          0          0          0          0          0          0
  mostinf          :       0.00       0.00          0          0          0          0          0          0          0          0
  multaggr         :       0.00       0.00          0          0          0          0          0          0          0          0
  nodereopt        :       0.00       0.00          0          0          0          0          0          0          0          0
  pscost           :       0.00       0.00          0          0          0          0          0          0          0          0
  random           :       0.00       0.00          0          0          0          0          0          0          0          0
  relpscost        :       0.00       0.00          0          0          0          0          0          0          0          0
  vanillafullstrong:       0.00       0.00          0          0          0          0          0          0          0          0
Primal Heuristics  :   ExecTime  SetupTime      Calls      Found       Best
  LP solutions     :       0.00          -          -          0          0
  relax solutions  :       0.00          -          -          0          0
  pseudo solutions :       0.00          -          -          0          0
  strong branching :       0.00          -          -          0          0
  actconsdiving    :       0.00       0.00          0          0          0
  adaptivediving   :       0.00       0.00          0          0          0
  alns             :       0.00       0.00          0          0          0
  bound            :       0.00       0.00          0          0          0
  clique           :       0.00       0.00          1          1          1
  coefdiving       :       0.00       0.00          0          0          0
  completesol      :       0.00       0.00          0          0          0
  conflictdiving   :       0.00       0.00          0          0          0
  crossover        :       0.00       0.00          0          0          0
  dins             :       0.00       0.00          0          0          0
  distributiondivin:       0.00       0.00          0          0          0
  dualval          :       0.00       0.00          0          0          0
  farkasdiving     :       0.00       0.00          0          0          0
  feaspump         :       0.00       0.00          0          0          0
  fixandinfer      :       0.00       0.00          0          0          0
  fracdiving       :       0.00       0.00          0          0          0
  gins             :       0.00       0.00          0          0          0
  guideddiving     :       0.00       0.00          0          0          0
  indicator        :       0.00       0.00          0          0          0
  intdiving        :       0.00       0.00          0          0          0
  intshifting      :       0.00       0.00          0          0          0
  linesearchdiving :       0.00       0.00          0          0          0
  localbranching   :       0.00       0.00          0          0          0
  locks            :       0.00       0.00          1          0          0
  lpface           :       0.00       0.00          0          0          0
  mpec             :       0.00       0.00          0          0          0
  multistart       :       0.00       0.00          0          0          0
  mutation         :       0.00       0.00          0          0          0
  nlpdiving        :       0.00       0.00          0          0          0
  objpscostdiving  :       0.00       0.00          0          0          0
  octane           :       0.00       0.00          0          0          0
  ofins            :       0.00       0.00          0          0          0
  oneopt           :       0.00       0.00          2          0          0
  padm             :       0.00       0.00          0          0          0
  proximity        :       0.00       0.00          0          0          0
  pscostdiving     :       0.00       0.00          0          0          0
  randrounding     :       0.00       0.00          8          0          0
  rens             :       0.00       0.00          0          0          0
  reoptsols        :       0.00       0.00          0          0          0
  repair           :       0.00       0.00          0          0          0
  rins             :       0.00       0.00          0          0          0
  rootsoldiving    :       0.00       0.00          0          0          0
  rounding         :       0.00       0.00          8          0          0
  shiftandpropagate:       0.00       0.00          0          0          0
  shifting         :       0.00       0.00          8          1          0
  simplerounding   :       0.00       0.00          0          0          0
  subnlp           :       0.00       0.00          0          0          0
  trivial          :       0.00       0.00          2          0          0
  trivialnegation  :       0.00       0.00          0          0          0
  trustregion      :       0.00       0.00          0          0          0
  trysol           :       0.00       0.00          0          0          0
  twoopt           :       0.00       0.00          0          0          0
  undercover       :       0.00       0.00          1          1          1
  vbounds          :       0.00       0.00          1          2          2
  veclendiving     :       0.00       0.00          0          0          0
  zeroobj          :       0.00       0.00          0          0          0
  zirounding       :       0.00       0.00          0          0          0
  other solutions  :          -          -          -          0          -
Diving (single)    :      Calls      Nodes   LP Iters Backtracks  Conflicts   MinDepth   MaxDepth   AvgDepth  RoundSols  NLeafSols  MinSolDpt  MaxSolDpt  AvgSolDpt
  actconsdiving    :          0          -          -          -          -          -          -          -          -          -          -          -          -
  coefdiving       :          0          -          -          -          -          -          -          -          -          -          -          -          -
  conflictdiving   :          0          -          -          -          -          -          -          -          -          -          -          -          -
  distributiondivin:          0          -          -          -          -          -          -          -          -          -          -          -          -
  farkasdiving     :          0          -          -          -          -          -          -          -          -          -          -          -          -
  fracdiving       :          0          -          -          -          -          -          -          -          -          -          -          -          -
  guideddiving     :          0          -          -          -          -          -          -          -          -          -          -          -          -
  linesearchdiving :          0          -          -          -          -          -          -          -          -          -          -          -          -
  pscostdiving     :          0          -          -          -          -          -          -          -          -          -          -          -          -
  veclendiving     :          0          -          -          -          -          -          -          -          -          -          -          -          -
Diving (adaptive)  :      Calls      Nodes   LP Iters Backtracks  Conflicts   MinDepth   MaxDepth   AvgDepth  RoundSols  NLeafSols  MinSolDpt  MaxSolDpt  AvgSolDpt
  actconsdiving    :          0          -          -          -          -          -          -          -          -          -          -          -          -
  coefdiving       :          0          -          -          -          -          -          -          -          -          -          -          -          -
  conflictdiving   :          0          -          -          -          -          -          -          -          -          -          -          -          -
  distributiondivin:          0          -          -          -          -          -          -          -          -          -          -          -          -
  farkasdiving     :          0          -          -          -          -          -          -          -          -          -          -          -          -
  fracdiving       :          0          -          -          -          -          -          -          -          -          -          -          -          -
  guideddiving     :          0          -          -          -          -          -          -          -          -          -          -          -          -
  linesearchdiving :          0          -          -          -          -          -          -          -          -          -          -          -          -
  pscostdiving     :          0          -          -          -          -          -          -          -          -          -          -          -          -
  veclendiving     :          0          -          -          -          -          -          -          -          -          -          -          -          -
Neighborhoods      :      Calls  SetupTime  SolveTime SolveNodes       Sols       Best       Exp3  EpsGreedy        UCB TgtFixRate  Opt  Inf Node Stal  Sol  Usr Othr Actv
  rens             :          0       0.00       0.00          0          0          0    0.00000   -1.00000    1.00000      0.900    0    0    0    0    0    0    0    1
  rins             :          0       0.00       0.00          0          0          0    0.00000   -1.00000    1.00000      0.900    0    0    0    0    0    0    0    1
  mutation         :          0       0.00       0.00          0          0          0    0.00000   -1.00000    1.00000      0.900    0    0    0    0    0    0    0    1
  localbranching   :          0       0.00       0.00          0          0          0    0.00000   -1.00000    1.00000      0.900    0    0    0    0    0    0    0    1
  crossover        :          0       0.00       0.00          0          0          0    0.00000   -1.00000    1.00000      0.900    0    0    0    0    0    0    0    1
  proximity        :          0       0.00       0.00          0          0          0    0.00000   -1.00000    1.00000      0.900    0    0    0    0    0    0    0    1
  zeroobjective    :          0       0.00       0.00          0          0          0    0.00000   -1.00000    1.00000      0.900    0    0    0    0    0    0    0    1
  dins             :          0       0.00       0.00          0          0          0    0.00000   -1.00000    1.00000      0.900    0    0    0    0    0    0    0    1
  trustregion      :          0       0.00       0.00          0          0          0    0.00000   -1.00000    1.00000      0.900    0    0    0    0    0    0    0    0
LP                 :       Time      Calls Iterations  Iter/call   Iter/sec  Time-0-It Calls-0-It    ItLimit
  primal LP        :       0.00          0          0       0.00          -       0.00          0
  dual LP          :       0.00         21        713      64.82          -       0.00         10
  lex dual LP      :       0.00          0          0       0.00          -
  barrier LP       :       0.00          0          0       0.00          -       0.00          0
  resolve instable :       0.00          0          0       0.00          -
  diving/probing LP:       0.00          0          0       0.00          -
  strong branching :       0.00          0          0       0.00          -          -          -          0
    (at root node) :          -          0          0       0.00          -
  conflict analysis:       0.00          4         40      10.00          -
B&B Tree           :
  number of runs   :          1
  nodes            :          1 (0 internal, 1 leaves)
  feasible leaves  :          0
  infeas. leaves   :          0
  objective leaves :          0
  nodes (total)    :          1 (0 internal, 1 leaves)
  nodes left       :          0
  max depth        :          0
  max depth (total):          0
  backtracks       :          0 (0.0%)
  early backtracks :          0 (0.0%)
  nodes exc. ref.  :          0 (0.0%)
  delayed cutoffs  :          0
  repropagations   :          0 (0 domain reductions, 0 cutoffs)
  avg switch length:       2.00
  switching time   :       0.00
Estim. Tree Size   :          1
Estimation Tree    : 1 nodes (1 visited, 0 internal, 1 leaves, 0 open), weight: 1.0000 completed 1.0000
Estimations        :      estim      value      trend resolution     smooth
  wbe              :          1          -          -          -          -
  tree-profile     :         -1          -          -          -          -
  gap              :          1    1.00000    1.00000          1          1
  tree-weight      :          1    1.00000    1.00000          1          1
  leaf-frequency   :          1    0.50000    1.00000          1          1
  ssg              :          1    0.00000   -1.00000          1          1
  open-nodes       :          1    0.00000    0.00000          1          1
Root Node          :
  First LP value   : -9.59059921890091e-02
  First LP Iters   :        335
  First LP Time    :       0.00
  Final Dual Bound : -7.54923805762603e-02
  Final Root Iters :        713
  Root LP Estimate :                     -
Solution           :
  Solutions found  :          5 (4 improvements)
  First Solution   : -2.41001327333482e-02   (in run 1, after 1 nodes, 0.00 seconds, depth 12, found by <clique>)
  Gap First Sol.   :     568.04 %
  Gap Last Sol.    :      27.04 %
  Primal Bound     : -7.54923805762603e-02   (in run 1, after 1 nodes, 0.00 seconds, depth 0, found by <undercover>)
  Dual Bound       : -7.54923805762603e-02
  Gap              :       0.00 %
Integrals          :      Total       Avg%
  primal-dual      :       0.03       0.02
  primal-ref       :          -          - (not evaluated)
  dual-ref         :          -          - (not evaluated)
