SCIP version 7.0.2 [precision: 8 byte] [memory: block] [mode: optimized] [LP solver: SoPlex 5.0.2] [GitHash: e9d280a398]
Copyright (C) 2002-2020 Konrad-Zuse-Zentrum fuer Informationstechnik Berlin (ZIB)

External codes: 
  SoPlex 5.0.2         Linear Programming Solver developed at Zuse Institute Berlin (soplex.zib.de) [GitHash: e24c304e]
  CppAD 20180000.0     Algorithmic Differentiation of C++ algorithms developed by B. Bell (www.coin-or.org/CppAD)
  MPIR 3.0.0           Multiple Precision Integers and Rationals Library developed by W. Hart (mpir.org)
  ZIMPL 3.4.0          Zuse Institute Mathematical Programming Language developed by T. Koch (zimpl.zib.de)
  PaPILO 1.0.2         parallel presolve for integer and linear optimization (https://github.com/lgottwald/PaPILO) [GitHash: 62d2842]
  bliss 0.73p          Computing Graph Automorphism Groups by T. Junttila and P. Kaski (http://www.tcs.hut.fi/Software/bliss/)
  Ipopt 3.12.9         Interior Point Optimizer developed by A. Waechter et.al. (www.coin-or.org/Ipopt)

user parameter file <scip.set> not found - using default parameters

read problem <C:\Users\claudio\Documents\GitHub\embedding\src\lp\N32_B0.5_diversified_classical\IPL_linearized_N32q1.00B16.lp>
============

original problem has 1056 variables (0 bin, 1056 int, 0 impl, 0 cont) and 3073 constraints

solve problem
=============

presolving:
(round 1, fast)       32 del vars, 32 del conss, 0 add conss, 0 chg bounds, 32 chg sides, 32 chg coeffs, 0 upgd conss, 0 impls, 1984 clqs
(round 2, fast)       32 del vars, 96 del conss, 0 add conss, 0 chg bounds, 32 chg sides, 32 chg coeffs, 0 upgd conss, 0 impls, 1984 clqs
   (1.0s) running MILP presolver
   (1.0s) MILP presolver found nothing
(round 3, exhaustive) 32 del vars, 96 del conss, 0 add conss, 0 chg bounds, 32 chg sides, 32 chg coeffs, 2976 upgd conss, 0 impls, 1984 clqs
(round 4, exhaustive) 32 del vars, 3072 del conss, 992 add conss, 0 chg bounds, 32 chg sides, 32 chg coeffs, 2976 upgd conss, 0 impls, 1984 clqs
(round 5, exhaustive) 528 del vars, 3568 del conss, 992 add conss, 0 chg bounds, 32 chg sides, 32 chg coeffs, 2976 upgd conss, 0 impls, 992 clqs
   (1.0s) probing: 51/528 (9.7%) - 0 fixings, 0 aggregations, 0 implications, 0 bound changes
   (1.0s) probing aborted: 50/50 successive totally useless probings
   (1.0s) symmetry computation started: requiring (bin +, int -, cont +), (fixed: bin -, int +, cont -)
   (1.0s) no symmetry present
presolving (6 rounds: 6 fast, 4 medium, 4 exhaustive):
 528 deleted vars, 3568 deleted constraints, 992 added constraints, 0 tightened bounds, 0 added holes, 32 changed sides, 32 changed coefficients
 0 implications, 992 cliques
presolved problem has 528 variables (528 bin, 0 int, 0 impl, 0 cont) and 497 constraints
    496 constraints of type <and>
      1 constraints of type <linear>
Presolving Time: 1.00

 time | node  | left  |LP iter|LP it/n|mem/heur|mdpt |vars |cons |rows |cuts |sepa|confs|strbr|  dualbound   | primalbound  |  gap   | compl. 
p 1.0s|     1 |     0 |     0 |     - |  clique|   0 | 528 | 497 | 993 |   0 |  0 |   0 |   0 |-1.296304e-01 |-3.972241e-02 | 226.34%| unknown
p 1.0s|     1 |     0 |     0 |     - | vbounds|   0 | 528 | 497 | 993 |   0 |  0 |   0 |   0 |-1.296304e-01 |-6.234162e-02 | 107.94%| unknown
p 1.0s|     1 |     0 |     0 |     - | vbounds|   0 | 528 | 497 | 993 |   0 |  0 |   0 |   0 |-1.296304e-01 |-8.526565e-02 |  52.03%| unknown
  1.0s|     1 |     0 |   260 |     - |    13M |   0 | 528 | 497 | 993 |   0 |  0 |   0 |   0 |-1.018132e-01 |-8.526565e-02 |  19.41%| unknown
L 1.0s|     1 |     0 |   260 |     - |undercov|   0 | 528 | 502 | 989 |   0 |  0 |   5 |   0 |-1.018132e-01 |-9.631934e-02 |   5.70%| unknown
  1.0s|     1 |     0 |   260 |     - |    14M |   0 | 528 | 502 | 989 |   0 |  0 |   5 |   0 |-1.018132e-01 |-9.631934e-02 |   5.70%| unknown
  1.0s|     1 |     0 |   260 |     - |    14M |   0 | 528 | 502 | 711 |   0 |  0 |   5 |   0 |-1.018132e-01 |-9.631934e-02 |   5.70%| unknown
  1.0s|     1 |     0 |   375 |     - |    14M |   0 | 528 | 502 | 736 |  73 |  1 |   5 |   0 |-9.720651e-02 |-9.631934e-02 |   0.92%| unknown
  1.0s|     1 |     0 |   375 |     - |    14M |   0 | 528 | 503 | 520 |  73 |  1 |   6 |   0 |-9.720651e-02 |-9.631934e-02 |   0.92%| unknown
  1.0s|     1 |     0 |   413 |     - |    14M |   0 | 528 | 501 | 512 |  92 |  2 |   6 |   0 |-9.665180e-02 |-9.631934e-02 |   0.35%| unknown
r 1.0s|     1 |     0 |   413 |     - |randroun|   0 | 528 | 501 | 466 |   0 |  2 |   6 |   0 |-9.665180e-02 |-9.664493e-02 |   0.01%| unknown
  1.0s|     1 |     0 |   413 |     - |    14M |   0 | 528 | 501 | 466 |  92 |  2 |   6 |   0 |-9.665180e-02 |-9.664493e-02 |   0.01%| unknown
  1.0s|     1 |     0 |   413 |     - |    14M |   0 | 528 | 501 | 348 |  92 |  2 |   6 |   0 |-9.665180e-02 |-9.664493e-02 |   0.01%| unknown
  1.0s|     1 |     0 |   415 |     - |    14M |   0 | 528 | 501 | 330 |  96 |  3 |   6 |   0 |-9.664493e-02 |-9.664493e-02 |   0.00%| unknown
  1.0s|     1 |     0 |   415 |     - |    14M |   0 | 528 | 501 | 330 |  96 |  3 |   6 |   0 |-9.664493e-02 |-9.664493e-02 |   0.00%| unknown

SCIP Status        : problem is solved [optimal solution found]
Solving Time (sec) : 1.00
Solving Nodes      : 1
Primal Bound       : -9.66449270399519e-02 (6 solutions)
Dual Bound         : -9.66449270399519e-02
Gap                : 0.00 %

primal solution (original space):
=================================

objective value:                  -0.0966449270399519
y(1,1)                                              1 	(obj:0.000127838546047193)
y(1,3)                                              1 	(obj:3.21851665893848e-05)
y(1,4)                                              1 	(obj:-4.35716813030762e-06)
y(1,5)                                              1 	(obj:8.47806538730767e-06)
y(1,8)                                              1 	(obj:-1.09633228352403e-05)
y(1,12)                                             1 	(obj:-6.34442842430399e-05)
y(1,13)                                             1 	(obj:-7.73550742964037e-06)
y(1,16)                                             1 	(obj:-2.23374284454235e-05)
y(1,19)                                             1 	(obj:-4.96885621079332e-06)
y(1,23)                                             1 	(obj:3.92107130769167e-06)
y(1,24)                                             1 	(obj:-3.40872222158796e-05)
y(1,25)                                             1 	(obj:8.59141356300129e-07)
y(1,26)                                             1 	(obj:-4.34695482419412e-05)
y(1,29)                                             1 	(obj:-5.37452584232444e-05)
y(1,31)                                             1 	(obj:1.64564145808716e-06)
y(1,32)                                             1 	(obj:8.88233300812597e-06)
y(3,1)                                              1 	(obj:3.21851665893848e-05)
y(3,3)                                              1 	(obj:0.000225261395107554)
y(3,4)                                              1 	(obj:-7.68672938471293e-05)
y(3,5)                                              1 	(obj:-1.31372279611098e-05)
y(3,8)                                              1 	(obj:-4.92945064170796e-05)
y(3,12)                                             1 	(obj:-7.7631907765223e-05)
y(3,13)                                             1 	(obj:4.09104753954755e-05)
y(3,16)                                             1 	(obj:1.2058102004171e-05)
y(3,19)                                             1 	(obj:-0.000105854178626695)
y(3,23)                                             1 	(obj:-2.87694282982574e-05)
y(3,24)                                             1 	(obj:3.6924093852271e-06)
y(3,25)                                             1 	(obj:9.11828056239007e-06)
y(3,26)                                             1 	(obj:9.54185089998833e-06)
y(3,29)                                             1 	(obj:0.000142062424345474)
y(3,31)                                             1 	(obj:-1.50711882298088e-05)
y(3,32)                                             1 	(obj:0.000223905018376563)
y(4,1)                                              1 	(obj:-4.35716813030762e-06)
y(4,3)                                              1 	(obj:-7.68672938471293e-05)
y(4,4)                                              1 	(obj:0.000783837330477811)
y(4,5)                                              1 	(obj:-3.81156436351286e-05)
y(4,8)                                              1 	(obj:0.000104526321637015)
y(4,12)                                             1 	(obj:9.48021481756218e-06)
y(4,13)                                             1 	(obj:-0.000223200409132949)
y(4,16)                                             1 	(obj:5.61765680424631e-06)
y(4,19)                                             1 	(obj:-0.000139508058293801)
y(4,23)                                             1 	(obj:8.22564105518511e-05)
y(4,24)                                             1 	(obj:-0.000158072302444857)
y(4,25)                                             1 	(obj:4.44843953643703e-05)
y(4,26)                                             1 	(obj:2.53228851984447e-05)
y(4,29)                                             1 	(obj:9.60073235273759e-06)
y(4,31)                                             1 	(obj:-3.32717567763338e-05)
y(4,32)                                             1 	(obj:-1.87937041714534e-05)
y(5,1)                                              1 	(obj:8.47806538730767e-06)
y(5,3)                                              1 	(obj:-1.31372279611098e-05)
y(5,4)                                              1 	(obj:-3.81156436351286e-05)
y(5,5)                                              1 	(obj:0.000190863359191788)
y(5,8)                                              1 	(obj:-3.37530475798474e-05)
y(5,12)                                             1 	(obj:-4.22711993492124e-05)
y(5,13)                                             1 	(obj:8.46797835447177e-06)
y(5,16)                                             1 	(obj:-2.39172440832994e-05)
y(5,19)                                             1 	(obj:-1.77915120735682e-05)
y(5,23)                                             1 	(obj:-2.44903127545973e-05)
y(5,24)                                             1 	(obj:-3.89978554481937e-06)
y(5,25)                                             1 	(obj:5.31721935319538e-06)
y(5,26)                                             1 	(obj:-2.64541153756087e-05)
y(5,29)                                             1 	(obj:3.61639519170762e-05)
y(5,31)                                             1 	(obj:1.86690485972421e-06)
y(5,32)                                             1 	(obj:2.82148675573916e-05)
y(8,1)                                              1 	(obj:-1.09633228352403e-05)
y(8,3)                                              1 	(obj:-4.92945064170796e-05)
y(8,4)                                              1 	(obj:0.000104526321637015)
y(8,5)                                              1 	(obj:-3.37530475798474e-05)
y(8,8)                                              1 	(obj:0.000171290647482877)
y(8,12)                                             1 	(obj:-1.77156091661331e-05)
y(8,13)                                             1 	(obj:-2.88347180306245e-05)
y(8,16)                                             1 	(obj:-1.02663586502739e-05)
y(8,19)                                             1 	(obj:-5.71541922989348e-05)
y(8,23)                                             1 	(obj:1.7428633361165e-05)
y(8,24)                                             1 	(obj:-3.09222241966521e-06)
y(8,25)                                             1 	(obj:-1.59718641950145e-07)
y(8,26)                                             1 	(obj:5.52016848644739e-06)
y(8,29)                                             1 	(obj:-6.5231451763386e-05)
y(8,31)                                             1 	(obj:-5.40909363711036e-06)
y(8,32)                                             1 	(obj:-4.04051952776958e-05)
y(12,1)                                             1 	(obj:-6.34442842430399e-05)
y(12,3)                                             1 	(obj:-7.7631907765223e-05)
y(12,4)                                             1 	(obj:9.48021481756218e-06)
y(12,5)                                             1 	(obj:-4.22711993492124e-05)
y(12,8)                                             1 	(obj:-1.77156091661331e-05)
y(12,12)                                            1 	(obj:0.00130744365284225)
y(12,13)                                            1 	(obj:5.5409777450875e-05)
y(12,16)                                            1 	(obj:1.95037735135206e-05)
y(12,19)                                            1 	(obj:2.26124400327986e-05)
y(12,23)                                            1 	(obj:0.000597241685746459)
y(12,24)                                            1 	(obj:7.05942368911784e-05)
y(12,25)                                            1 	(obj:5.4443218347084e-07)
y(12,26)                                            1 	(obj:-0.000124670029960172)
y(12,29)                                            1 	(obj:0.000118293065177326)
y(12,31)                                            1 	(obj:2.16495320840378e-05)
y(12,32)                                            1 	(obj:-0.000127722173379384)
y(13,1)                                             1 	(obj:-7.73550742964037e-06)
y(13,3)                                             1 	(obj:4.09104753954755e-05)
y(13,4)                                             1 	(obj:-0.000223200409132949)
y(13,5)                                             1 	(obj:8.46797835447177e-06)
y(13,8)                                             1 	(obj:-2.88347180306245e-05)
y(13,12)                                            1 	(obj:5.5409777450875e-05)
y(13,13)                                            1 	(obj:0.000135543124223756)
y(13,16)                                            1 	(obj:-3.31774948832491e-05)
y(13,19)                                            1 	(obj:0.000100180784978992)
y(13,23)                                            1 	(obj:2.59717205062891e-05)
y(13,24)                                            1 	(obj:9.95640280210944e-05)
y(13,25)                                            1 	(obj:-2.19380519193507e-06)
y(13,26)                                            1 	(obj:3.50777870046483e-05)
y(13,29)                                            1 	(obj:1.34404947298051e-05)
y(13,31)                                            1 	(obj:2.0031812051627e-06)
y(13,32)                                            1 	(obj:2.40787802263822e-05)
y(16,1)                                             1 	(obj:-2.23374284454235e-05)
y(16,3)                                             1 	(obj:1.2058102004171e-05)
y(16,4)                                             1 	(obj:5.61765680424631e-06)
y(16,5)                                             1 	(obj:-2.39172440832994e-05)
y(16,8)                                             1 	(obj:-1.02663586502739e-05)
y(16,12)                                            1 	(obj:1.95037735135206e-05)
y(16,13)                                            1 	(obj:-3.31774948832491e-05)
y(16,16)                                            1 	(obj:0.000114013773679265)
y(16,19)                                            1 	(obj:-0.000144458077206789)
y(16,23)                                            1 	(obj:-4.06628778488316e-06)
y(16,24)                                            1 	(obj:1.18759325752832e-05)
y(16,25)                                            1 	(obj:-6.07881880187406e-06)
y(16,26)                                            1 	(obj:-8.38988620301279e-05)
y(16,29)                                            1 	(obj:3.21299828146736e-05)
y(16,31)                                            1 	(obj:-7.88373812264854e-06)
y(16,32)                                            1 	(obj:-5.66234197778487e-08)
y(19,1)                                             1 	(obj:-4.96885621079332e-06)
y(19,3)                                             1 	(obj:-0.000105854178626695)
y(19,4)                                             1 	(obj:-0.000139508058293801)
y(19,5)                                             1 	(obj:-1.77915120735682e-05)
y(19,8)                                             1 	(obj:-5.71541922989348e-05)
y(19,12)                                            1 	(obj:2.26124400327986e-05)
y(19,13)                                            1 	(obj:0.000100180784978992)
y(19,16)                                            1 	(obj:-0.000144458077206789)
y(19,19)                                            1 	(obj:0.00125768840267329)
y(19,23)                                            1 	(obj:2.01085138563668e-05)
y(19,24)                                            1 	(obj:4.24618359624053e-05)
y(19,25)                                            1 	(obj:1.07172717792616e-05)
y(19,26)                                            1 	(obj:-1.22854746732106e-05)
y(19,29)                                            1 	(obj:-3.59449690293126e-05)
y(19,31)                                            1 	(obj:3.78984747690029e-05)
y(19,32)                                            1 	(obj:-0.000101935275306063)
y(23,1)                                             1 	(obj:3.92107130769167e-06)
y(23,3)                                             1 	(obj:-2.87694282982574e-05)
y(23,4)                                             1 	(obj:8.22564105518511e-05)
y(23,5)                                             1 	(obj:-2.44903127545973e-05)
y(23,8)                                             1 	(obj:1.7428633361165e-05)
y(23,12)                                            1 	(obj:0.000597241685746459)
y(23,13)                                            1 	(obj:2.59717205062891e-05)
y(23,16)                                            1 	(obj:-4.06628778488316e-06)
y(23,19)                                            1 	(obj:2.01085138563668e-05)
y(23,23)                                            1 	(obj:0.000336056649901366)
y(23,24)                                            1 	(obj:2.94731015525066e-05)
y(23,25)                                            1 	(obj:1.59459713808102e-05)
y(23,26)                                            1 	(obj:-5.7363134641887e-06)
y(23,29)                                            1 	(obj:9.26213570718042e-05)
y(23,31)                                            1 	(obj:-1.088592970786e-05)
y(23,32)                                            1 	(obj:-4.70528691325113e-05)
y(24,1)                                             1 	(obj:-3.40872222158796e-05)
y(24,3)                                             1 	(obj:3.6924093852271e-06)
y(24,4)                                             1 	(obj:-0.000158072302444857)
y(24,5)                                             1 	(obj:-3.89978554481937e-06)
y(24,8)                                             1 	(obj:-3.09222241966521e-06)
y(24,12)                                            1 	(obj:7.05942368911784e-05)
y(24,13)                                            1 	(obj:9.95640280210944e-05)
y(24,16)                                            1 	(obj:1.18759325752832e-05)
y(24,19)                                            1 	(obj:4.24618359624053e-05)
y(24,23)                                            1 	(obj:2.94731015525066e-05)
y(24,24)                                            1 	(obj:0.000124183852572466)
y(24,25)                                            1 	(obj:1.08113353489324e-05)
y(24,26)                                            1 	(obj:-3.30896135971007e-05)
y(24,29)                                            1 	(obj:7.21329880069936e-06)
y(24,31)                                            1 	(obj:1.49193984587442e-05)
y(24,32)                                            1 	(obj:-8.7707205745241e-06)
y(25,1)                                             1 	(obj:8.59141356300129e-07)
y(25,3)                                             1 	(obj:9.11828056239007e-06)
y(25,4)                                             1 	(obj:4.44843953643703e-05)
y(25,5)                                             1 	(obj:5.31721935319538e-06)
y(25,8)                                             1 	(obj:-1.59718641950145e-07)
y(25,12)                                            1 	(obj:5.4443218347084e-07)
y(25,13)                                            1 	(obj:-2.19380519193507e-06)
y(25,16)                                            1 	(obj:-6.07881880187406e-06)
y(25,19)                                            1 	(obj:1.07172717792616e-05)
y(25,23)                                            1 	(obj:1.59459713808102e-05)
y(25,24)                                            1 	(obj:1.08113353489324e-05)
y(25,25)                                            1 	(obj:5.05292315356262e-05)
y(25,26)                                            1 	(obj:4.74663151207478e-05)
y(25,29)                                            1 	(obj:5.48026530969122e-05)
y(25,31)                                            1 	(obj:4.10359252964076e-06)
y(25,32)                                            1 	(obj:9.19028269124529e-06)
y(26,1)                                             1 	(obj:-4.34695482419412e-05)
y(26,3)                                             1 	(obj:9.54185089998833e-06)
y(26,4)                                             1 	(obj:2.53228851984447e-05)
y(26,5)                                             1 	(obj:-2.64541153756087e-05)
y(26,8)                                             1 	(obj:5.52016848644739e-06)
y(26,12)                                            1 	(obj:-0.000124670029960172)
y(26,13)                                            1 	(obj:3.50777870046483e-05)
y(26,16)                                            1 	(obj:-8.38988620301279e-05)
y(26,19)                                            1 	(obj:-1.22854746732106e-05)
y(26,23)                                            1 	(obj:-5.7363134641887e-06)
y(26,24)                                            1 	(obj:-3.30896135971007e-05)
y(26,25)                                            1 	(obj:4.74663151207478e-05)
y(26,26)                                            1 	(obj:0.000549520822084412)
y(26,29)                                            1 	(obj:4.92974080795847e-05)
y(26,31)                                            1 	(obj:-7.37315724040853e-05)
y(26,32)                                            1 	(obj:3.38691985038549e-05)
y(29,1)                                             1 	(obj:-5.37452584232444e-05)
y(29,3)                                             1 	(obj:0.000142062424345474)
y(29,4)                                             1 	(obj:9.60073235273759e-06)
y(29,5)                                             1 	(obj:3.61639519170762e-05)
y(29,8)                                             1 	(obj:-6.5231451763386e-05)
y(29,12)                                            1 	(obj:0.000118293065177326)
y(29,13)                                            1 	(obj:1.34404947298051e-05)
y(29,16)                                            1 	(obj:3.21299828146736e-05)
y(29,19)                                            1 	(obj:-3.59449690293126e-05)
y(29,23)                                            1 	(obj:9.26213570718042e-05)
y(29,24)                                            1 	(obj:7.21329880069936e-06)
y(29,25)                                            1 	(obj:5.48026530969122e-05)
y(29,26)                                            1 	(obj:4.92974080795847e-05)
y(29,29)                                            1 	(obj:0.000692405380684567)
y(29,31)                                            1 	(obj:5.92507220625598e-05)
y(29,32)                                            1 	(obj:0.00019126878198285)
y(31,1)                                             1 	(obj:1.64564145808716e-06)
y(31,3)                                             1 	(obj:-1.50711882298088e-05)
y(31,4)                                             1 	(obj:-3.32717567763338e-05)
y(31,5)                                             1 	(obj:1.86690485972421e-06)
y(31,8)                                             1 	(obj:-5.40909363711036e-06)
y(31,12)                                            1 	(obj:2.16495320840378e-05)
y(31,13)                                            1 	(obj:2.0031812051627e-06)
y(31,16)                                            1 	(obj:-7.88373812264854e-06)
y(31,19)                                            1 	(obj:3.78984747690029e-05)
y(31,23)                                            1 	(obj:-1.088592970786e-05)
y(31,24)                                            1 	(obj:1.49193984587442e-05)
y(31,25)                                            1 	(obj:4.10359252964076e-06)
y(31,26)                                            1 	(obj:-7.37315724040853e-05)
y(31,29)                                            1 	(obj:5.92507220625598e-05)
y(31,31)                                            1 	(obj:0.000117312843812066)
y(31,32)                                            1 	(obj:-2.93748914811189e-05)
y(32,1)                                             1 	(obj:8.88233300812597e-06)
y(32,3)                                             1 	(obj:0.000223905018376563)
y(32,4)                                             1 	(obj:-1.87937041714534e-05)
y(32,5)                                             1 	(obj:2.82148675573916e-05)
y(32,8)                                             1 	(obj:-4.04051952776958e-05)
y(32,12)                                            1 	(obj:-0.000127722173379384)
y(32,13)                                            1 	(obj:2.40787802263822e-05)
y(32,16)                                            1 	(obj:-5.66234197778487e-08)
y(32,19)                                            1 	(obj:-0.000101935275306063)
y(32,23)                                            1 	(obj:-4.70528691325113e-05)
y(32,24)                                            1 	(obj:-8.7707205745241e-06)
y(32,25)                                            1 	(obj:9.19028269124529e-06)
y(32,26)                                            1 	(obj:3.38691985038549e-05)
y(32,29)                                            1 	(obj:0.00019126878198285)
y(32,31)                                            1 	(obj:-2.93748914811189e-05)
y(32,32)                                            1 	(obj:0.000265703394309924)
x(1)                                                1 	(obj:-0.00481287950569477)
x(3)                                                1 	(obj:-0.00456724103297996)
x(4)                                                1 	(obj:-0.0105507654939372)
x(5)                                                1 	(obj:-0.00472401332207921)
x(8)                                                1 	(obj:-0.0039632964867238)
x(12)                                               1 	(obj:-0.013362692183484)
x(13)                                               1 	(obj:-0.00317222649193316)
x(16)                                               1 	(obj:-0.00241282504337053)
x(19)                                               1 	(obj:-0.00817357099868575)
x(23)                                               1 	(obj:-0.00938472325472254)
x(24)                                               1 	(obj:-0.00369022220868196)
x(25)                                               1 	(obj:-0.00344954764124067)
x(26)                                               1 	(obj:-0.0103284916925843)
x(29)                                               1 	(obj:-0.0109727470097396)
x(31)                                               1 	(obj:-0.00417405686604247)
x(32)                                               1 	(obj:-0.00604824811529603)

Statistics
==========

SCIP Status        : problem is solved [optimal solution found]
Total Time         :       1.00
  solving          :       1.00
  presolving       :       1.00 (included in solving)
  reading          :       0.00
  copying          :       0.00 (1 #copies) (minimal 0.00, maximal 0.00, average 0.00)
Original Problem   :
  Problem name     : C:\Users\claudio\Documents\GitHub\embedding\src\lp\N32_B0.5_diversified_classical\IPL_linearized_N32q1.00B16.lp
  Variables        : 1056 (0 binary, 1056 integer, 0 implicit integer, 0 continuous)
  Constraints      : 3073 initial, 3073 maximal
  Objective        : minimize, 1056 non-zeros (abs.min = 4.20797e-08, abs.max = 0.0133627)
Presolved Problem  :
  Problem name     : t_C:\Users\claudio\Documents\GitHub\embedding\src\lp\N32_B0.5_diversified_classical\IPL_linearized_N32q1.00B16.lp
  Variables        : 528 (528 binary, 0 integer, 0 implicit integer, 0 continuous)
  Constraints      : 497 initial, 503 maximal
  Objective        : minimize, 528 non-zeros (abs.min = 8.41593e-08, abs.max = 0.0120552)
  Nonzeros         : 1520 constraint, 168 clique table
Presolvers         :   ExecTime  SetupTime  Calls  FixedVars   AggrVars   ChgTypes  ChgBounds   AddHoles    DelCons    AddCons   ChgSides   ChgCoefs
  boundshift       :       0.00       0.00      0          0          0          0          0          0          0          0          0          0
  convertinttobin  :       0.00       0.00      0          0          0          0          0          0          0          0          0          0
  domcol           :       0.00       0.00      1          0          0          0          0          0          0          0          0          0
  dualagg          :       0.00       0.00      0          0          0          0          0          0          0          0          0          0
  dualcomp         :       0.00       0.00      0          0          0          0          0          0          0          0          0          0
  dualinfer        :       0.00       0.00      0          0          0          0          0          0          0          0          0          0
  dualsparsify     :       0.00       0.00      1          0          0          0          0          0          0          0          0          0
  gateextraction   :       0.00       0.00      1          0          0          0          0          0       2976        992          0          0
  implics          :       0.00       0.00      4          0          0          0          0          0          0          0          0          0
  inttobinary      :       0.00       0.00      0          0          0          0          0          0          0          0          0          0
  milp             :       0.00       0.00      1          0          0          0          0          0          0          0          0          0
  qpkktref         :       0.00       0.00      0          0          0          0          0          0          0          0          0          0
  redvub           :       0.00       0.00      0          0          0          0          0          0          0          0          0          0
  sparsify         :       0.00       0.00      1          0          0          0          0          0          0          0          0          0
  stuffing         :       0.00       0.00      0          0          0          0          0          0          0          0          0          0
  trivial          :       0.00       0.00      6          0          0          0          0          0          0          0          0          0
  tworowbnd        :       0.00       0.00      0          0          0          0          0          0          0          0          0          0
  dualfix          :       0.00       0.00      6          0          0          0          0          0          0          0          0          0
  genvbounds       :       0.00       0.00      0          0          0          0          0          0          0          0          0          0
  probing          :       0.00       0.00      1          0          0          0          0          0          0          0          0          0
  pseudoobj        :       0.00       0.00      0          0          0          0          0          0          0          0          0          0
  symmetry         :       0.00       0.00      1          0          0          0          0          0          0          0          0          0
  vbounds          :       0.00       0.00      1          0          0          0          0          0          0          0          0          0
  and              :       0.00       0.00      4          0        496          0          0          0        496          0          0          0
  linear           :       1.00       0.00      8          0         32          0          0          0         96          0         32         32
  logicor          :       0.00       0.00      2          0          0          0          0          0          0          0          0          0
  benders          :       0.00       0.00      0          0          0          0          0          0          0          0          0          0
  components       :       0.00       0.00      1          0          0          0          0          0          0          0          0          0
  root node        :          -          -      -        397          -          -        397          -          -          -          -          -
Constraints        :     Number  MaxNumber  #Separate #Propagate    #EnfoLP    #EnfoRelax  #EnfoPS    #Check   #ResProp    Cutoffs    DomReds       Cuts    Applied      Conss   Children
  benderslp        :          0          0          0          0          0          0          0         14          0          0          0          0          0          0          0
  integral         :          0          0          0          0          0          0          0         14          0          0          0          0          0          0          0
  and              :        496        496          3        440          0          0          0          9         20          2          0        137          0          0          0
  linear           :          1          1          3        430          0          0          0          8          2          0          0          0          0          0          0
  logicor          :          0+         6          3          4          0          0          0          0          0          0          0          0          0          0          0
  benders          :          0          0          0          0          0          0          0          7          0          0          0          0          0          0          0
  countsols        :          0          0          0          0          0          0          0          7          0          0          0          0          0          0          0
  components       :          0          0          0          0          0          0          0          0          0          0          0          0          0          0          0
Constraint Timings :  TotalTime  SetupTime   Separate  Propagate     EnfoLP     EnfoPS     EnfoRelax   Check    ResProp    SB-Prop
  benderslp        :       0.00       0.00       0.00       0.00       0.00       0.00       0.00       0.00       0.00       0.00
  integral         :       0.00       0.00       0.00       0.00       0.00       0.00       0.00       0.00       0.00       0.00
  and              :       0.00       0.00       0.00       0.00       0.00       0.00       0.00       0.00       0.00       0.00
  linear           :       0.00       0.00       0.00       0.00       0.00       0.00       0.00       0.00       0.00       0.00
  logicor          :       0.00       0.00       0.00       0.00       0.00       0.00       0.00       0.00       0.00       0.00
  benders          :       0.00       0.00       0.00       0.00       0.00       0.00       0.00       0.00       0.00       0.00
  countsols        :       0.00       0.00       0.00       0.00       0.00       0.00       0.00       0.00       0.00       0.00
  components       :       0.00       0.00       0.00       0.00       0.00       0.00       0.00       0.00       0.00       0.00
Propagators        : #Propagate   #ResProp    Cutoffs    DomReds
  dualfix          :          2          0          0          0
  genvbounds       :          0          0          0          0
  nlobbt           :          0          0          0          0
  obbt             :          0          0          0          0
  probing          :          0          0          0          0
  pseudoobj        :         15          0          0          0
  redcost          :          8          0          0        266
  rootredcost      :          0          0          0          0
  symmetry         :          0          0          0          0
  vbounds          :        341          0          0          0
Propagator Timings :  TotalTime  SetupTime   Presolve  Propagate    ResProp    SB-Prop
  dualfix          :       0.00       0.00       0.00       0.00       0.00       0.00
  genvbounds       :       0.00       0.00       0.00       0.00       0.00       0.00
  nlobbt           :       0.00       0.00       0.00       0.00       0.00       0.00
  obbt             :       0.00       0.00       0.00       0.00       0.00       0.00
  probing          :       0.00       0.00       0.00       0.00       0.00       0.00
  pseudoobj        :       0.00       0.00       0.00       0.00       0.00       0.00
  redcost          :       0.00       0.00       0.00       0.00       0.00       0.00
  rootredcost      :       0.00       0.00       0.00       0.00       0.00       0.00
  symmetry         :       0.00       0.00       0.00       0.00       0.00       0.00
  vbounds          :       0.00       0.00       0.00       0.00       0.00       0.00
Conflict Analysis  :       Time      Calls    Success    DomReds  Conflicts   Literals    Reconvs ReconvLits   Dualrays   Nonzeros   LP Iters   (pool size: [10000,10000])
  propagation      :       0.00          2          2          -          6       13.3          0        0.0          -          -          -
  infeasible LP    :       0.00          0          0          -          0        0.0          0        0.0          0        0.0          0
  bound exceed. LP :       0.00          4          0          -          0        0.0          0        0.0          0        0.0         40
  strong branching :       0.00          0          0          -          0        0.0          0        0.0          -          -          0
  pseudo solution  :       0.00          0          0          -          0        0.0          0        0.0          -          -          -
  applied globally :       0.00          -          -          0          6       13.2          -          -          0          -          -
  applied locally  :          -          -          -          0          0        0.0          -          -          0          -          -
Separators         :   ExecTime  SetupTime      Calls    Cutoffs    DomReds       Cuts    Applied      Conss
  cut pool         :       0.00                     5          -          -        122          -          -    (maximal pool size: 126)
  aggregation      :       0.00       0.00          3          0          0          5          0          0
  cgmip            :       0.00       0.00          0          0          0          0          0          0
  clique           :       0.00       0.00          3          0          0          0          0          0
  closecuts        :       0.00       0.00          0          0          0          0          0          0
  cmir             :       0.00       0.00          0          0          0          0          0          0
  convexproj       :       0.00       0.00          0          0          0          0          0          0
  disjunctive      :       0.00       0.00          0          0          0          0          0          0
  eccuts           :       0.00       0.00          0          0          0          0          0          0
  flowcover        :       0.00       0.00          0          0          0          0          5          0
  gauge            :       0.00       0.00          0          0          0          0          0          0
  gomory           :       0.00       0.00          3          0          0         45         19          0
  impliedbounds    :       0.00       0.00          3          0        131         76         72          0
  intobj           :       0.00       0.00          0          0          0          0          0          0
  mcf              :       0.00       0.00          1          0          0          0          0          0
  oddcycle         :       0.00       0.00          0          0          0          0          0          0
  rapidlearning    :       0.00       0.00          0          0          0          0          0          0
  strongcg         :       0.00       0.00          3          0          0          0          0          0
  zerohalf         :       0.00       0.00          3          0          0          0          0          0
Pricers            :   ExecTime  SetupTime      Calls       Vars
  problem variables:       0.00          -          0          0
Branching Rules    :   ExecTime  SetupTime   BranchLP  BranchExt   BranchPS    Cutoffs    DomReds       Cuts      Conss   Children
  allfullstrong    :       0.00       0.00          0          0          0          0          0          0          0          0
  cloud            :       0.00       0.00          0          0          0          0          0          0          0          0
  distribution     :       0.00       0.00          0          0          0          0          0          0          0          0
  fullstrong       :       0.00       0.00          0          0          0          0          0          0          0          0
  inference        :       0.00       0.00          0          0          0          0          0          0          0          0
  leastinf         :       0.00       0.00          0          0          0          0          0          0          0          0
  lookahead        :       0.00       0.00          0          0          0          0          0          0          0          0
  mostinf          :       0.00       0.00          0          0          0          0          0          0          0          0
  multaggr         :       0.00       0.00          0          0          0          0          0          0          0          0
  nodereopt        :       0.00       0.00          0          0          0          0          0          0          0          0
  pscost           :       0.00       0.00          0          0          0          0          0          0          0          0
  random           :       0.00       0.00          0          0          0          0          0          0          0          0
  relpscost        :       0.00       0.00          0          0          0          0          0          0          0          0
  vanillafullstrong:       0.00       0.00          0          0          0          0          0          0          0          0
Primal Heuristics  :   ExecTime  SetupTime      Calls      Found       Best
  LP solutions     :       0.00          -          -          0          0
  relax solutions  :       0.00          -          -          0          0
  pseudo solutions :       0.00          -          -          0          0
  strong branching :       0.00          -          -          0          0
  actconsdiving    :       0.00       0.00          0          0          0
  adaptivediving   :       0.00       0.00          0          0          0
  alns             :       0.00       0.00          0          0          0
  bound            :       0.00       0.00          0          0          0
  clique           :       0.00       0.00          1          1          1
  coefdiving       :       0.00       0.00          0          0          0
  completesol      :       0.00       0.00          0          0          0
  conflictdiving   :       0.00       0.00          0          0          0
  crossover        :       0.00       0.00          0          0          0
  dins             :       0.00       0.00          0          0          0
  distributiondivin:       0.00       0.00          0          0          0
  dualval          :       0.00       0.00          0          0          0
  farkasdiving     :       0.00       0.00          0          0          0
  feaspump         :       0.00       0.00          0          0          0
  fixandinfer      :       0.00       0.00          0          0          0
  fracdiving       :       0.00       0.00          0          0          0
  gins             :       0.00       0.00          0          0          0
  guideddiving     :       0.00       0.00          0          0          0
  indicator        :       0.00       0.00          0          0          0
  intdiving        :       0.00       0.00          0          0          0
  intshifting      :       0.00       0.00          0          0          0
  linesearchdiving :       0.00       0.00          0          0          0
  localbranching   :       0.00       0.00          0          0          0
  locks            :       0.00       0.00          1          0          0
  lpface           :       0.00       0.00          0          0          0
  mpec             :       0.00       0.00          0          0          0
  multistart       :       0.00       0.00          0          0          0
  mutation         :       0.00       0.00          0          0          0
  nlpdiving        :       0.00       0.00          0          0          0
  objpscostdiving  :       0.00       0.00          0          0          0
  octane           :       0.00       0.00          0          0          0
  ofins            :       0.00       0.00          0          0          0
  oneopt           :       0.00       0.00          3          0          0
  padm             :       0.00       0.00          0          0          0
  proximity        :       0.00       0.00          0          0          0
  pscostdiving     :       0.00       0.00          0          0          0
  randrounding     :       0.00       0.00          3          1          1
  rens             :       0.00       0.00          0          0          0
  reoptsols        :       0.00       0.00          0          0          0
  repair           :       0.00       0.00          0          0          0
  rins             :       0.00       0.00          0          0          0
  rootsoldiving    :       0.00       0.00          0          0          0
  rounding         :       0.00       0.00          3          0          0
  shiftandpropagate:       0.00       0.00          0          0          0
  shifting         :       0.00       0.00          3          1          0
  simplerounding   :       0.00       0.00          0          0          0
  subnlp           :       0.00       0.00          0          0          0
  trivial          :       0.00       0.00          2          0          0
  trivialnegation  :       0.00       0.00          0          0          0
  trustregion      :       0.00       0.00          0          0          0
  trysol           :       0.00       0.00          0          0          0
  twoopt           :       0.00       0.00          0          0          0
  undercover       :       0.00       0.00          1          1          1
  vbounds          :       0.00       0.00          1          2          2
  veclendiving     :       0.00       0.00          0          0          0
  zeroobj          :       0.00       0.00          0          0          0
  zirounding       :       0.00       0.00          0          0          0
  other solutions  :          -          -          -          0          -
Diving (single)    :      Calls      Nodes   LP Iters Backtracks  Conflicts   MinDepth   MaxDepth   AvgDepth  RoundSols  NLeafSols  MinSolDpt  MaxSolDpt  AvgSolDpt
  actconsdiving    :          0          -          -          -          -          -          -          -          -          -          -          -          -
  coefdiving       :          0          -          -          -          -          -          -          -          -          -          -          -          -
  conflictdiving   :          0          -          -          -          -          -          -          -          -          -          -          -          -
  distributiondivin:          0          -          -          -          -          -          -          -          -          -          -          -          -
  farkasdiving     :          0          -          -          -          -          -          -          -          -          -          -          -          -
  fracdiving       :          0          -          -          -          -          -          -          -          -          -          -          -          -
  guideddiving     :          0          -          -          -          -          -          -          -          -          -          -          -          -
  linesearchdiving :          0          -          -          -          -          -          -          -          -          -          -          -          -
  pscostdiving     :          0          -          -          -          -          -          -          -          -          -          -          -          -
  veclendiving     :          0          -          -          -          -          -          -          -          -          -          -          -          -
Diving (adaptive)  :      Calls      Nodes   LP Iters Backtracks  Conflicts   MinDepth   MaxDepth   AvgDepth  RoundSols  NLeafSols  MinSolDpt  MaxSolDpt  AvgSolDpt
  actconsdiving    :          0          -          -          -          -          -          -          -          -          -          -          -          -
  coefdiving       :          0          -          -          -          -          -          -          -          -          -          -          -          -
  conflictdiving   :          0          -          -          -          -          -          -          -          -          -          -          -          -
  distributiondivin:          0          -          -          -          -          -          -          -          -          -          -          -          -
  farkasdiving     :          0          -          -          -          -          -          -          -          -          -          -          -          -
  fracdiving       :          0          -          -          -          -          -          -          -          -          -          -          -          -
  guideddiving     :          0          -          -          -          -          -          -          -          -          -          -          -          -
  linesearchdiving :          0          -          -          -          -          -          -          -          -          -          -          -          -
  pscostdiving     :          0          -          -          -          -          -          -          -          -          -          -          -          -
  veclendiving     :          0          -          -          -          -          -          -          -          -          -          -          -          -
Neighborhoods      :      Calls  SetupTime  SolveTime SolveNodes       Sols       Best       Exp3  EpsGreedy        UCB TgtFixRate  Opt  Inf Node Stal  Sol  Usr Othr Actv
  rens             :          0       0.00       0.00          0          0          0    0.00000   -1.00000    1.00000      0.900    0    0    0    0    0    0    0    1
  rins             :          0       0.00       0.00          0          0          0    0.00000   -1.00000    1.00000      0.900    0    0    0    0    0    0    0    1
  mutation         :          0       0.00       0.00          0          0          0    0.00000   -1.00000    1.00000      0.900    0    0    0    0    0    0    0    1
  localbranching   :          0       0.00       0.00          0          0          0    0.00000   -1.00000    1.00000      0.900    0    0    0    0    0    0    0    1
  crossover        :          0       0.00       0.00          0          0          0    0.00000   -1.00000    1.00000      0.900    0    0    0    0    0    0    0    1
  proximity        :          0       0.00       0.00          0          0          0    0.00000   -1.00000    1.00000      0.900    0    0    0    0    0    0    0    1
  zeroobjective    :          0       0.00       0.00          0          0          0    0.00000   -1.00000    1.00000      0.900    0    0    0    0    0    0    0    1
  dins             :          0       0.00       0.00          0          0          0    0.00000   -1.00000    1.00000      0.900    0    0    0    0    0    0    0    1
  trustregion      :          0       0.00       0.00          0          0          0    0.00000   -1.00000    1.00000      0.900    0    0    0    0    0    0    0    0
LP                 :       Time      Calls Iterations  Iter/call   Iter/sec  Time-0-It Calls-0-It    ItLimit
  primal LP        :       0.00          0          0       0.00          -       0.00          0
  dual LP          :       0.00         12        415      69.17          -       0.00          6
  lex dual LP      :       0.00          0          0       0.00          -
  barrier LP       :       0.00          0          0       0.00          -       0.00          0
  resolve instable :       0.00          0          0       0.00          -
  diving/probing LP:       0.00          0          0       0.00          -
  strong branching :       0.00          0          0       0.00          -          -          -          0
    (at root node) :          -          0          0       0.00          -
  conflict analysis:       0.00          4         40      10.00          -
B&B Tree           :
  number of runs   :          1
  nodes            :          1 (0 internal, 1 leaves)
  feasible leaves  :          0
  infeas. leaves   :          0
  objective leaves :          0
  nodes (total)    :          1 (0 internal, 1 leaves)
  nodes left       :          0
  max depth        :          0
  max depth (total):          0
  backtracks       :          0 (0.0%)
  early backtracks :          0 (0.0%)
  nodes exc. ref.  :          0 (0.0%)
  delayed cutoffs  :          0
  repropagations   :          0 (0 domain reductions, 0 cutoffs)
  avg switch length:       2.00
  switching time   :       0.00
Estim. Tree Size   :          1
Estimation Tree    : 1 nodes (1 visited, 0 internal, 1 leaves, 0 open), weight: 1.0000 completed 1.0000
Estimations        :      estim      value      trend resolution     smooth
  wbe              :          1          -          -          -          -
  tree-profile     :         -1          -          -          -          -
  gap              :          1    1.00000    1.00000          1          1
  tree-weight      :          1    1.00000    1.00000          1          1
  leaf-frequency   :          1    0.50000    1.00000          1          1
  ssg              :          1    0.00000   -1.00000          1          1
  open-nodes       :          1    0.00000    0.00000          1          1
Root Node          :
  First LP value   : -1.01813214386354e-01
  First LP Iters   :        260
  First LP Time    :       0.00
  Final Dual Bound : -9.66449270399519e-02
  Final Root Iters :        415
  Root LP Estimate :                     -
Solution           :
  Solutions found  :          6 (5 improvements)
  First Solution   : -3.97224064714398e-02   (in run 1, after 1 nodes, 1.00 seconds, depth 12, found by <clique>)
  Gap First Sol.   :     226.34 %
  Gap Last Sol.    :       0.01 %
  Primal Bound     : -9.66449270399519e-02   (in run 1, after 1 nodes, 1.00 seconds, depth 3, found by <randrounding>)
  Dual Bound       : -9.66449270399519e-02
  Gap              :       0.00 %
Integrals          :      Total       Avg%
  primal-dual      :     100.00     100.00
  primal-ref       :          -          - (not evaluated)
  dual-ref         :          -          - (not evaluated)
