SCIP version 7.0.2 [precision: 8 byte] [memory: block] [mode: optimized] [LP solver: SoPlex 5.0.2] [GitHash: e9d280a398]
Copyright (C) 2002-2020 Konrad-Zuse-Zentrum fuer Informationstechnik Berlin (ZIB)

External codes: 
  SoPlex 5.0.2         Linear Programming Solver developed at Zuse Institute Berlin (soplex.zib.de) [GitHash: e24c304e]
  CppAD 20180000.0     Algorithmic Differentiation of C++ algorithms developed by B. Bell (www.coin-or.org/CppAD)
  MPIR 3.0.0           Multiple Precision Integers and Rationals Library developed by W. Hart (mpir.org)
  ZIMPL 3.4.0          Zuse Institute Mathematical Programming Language developed by T. Koch (zimpl.zib.de)
  PaPILO 1.0.2         parallel presolve for integer and linear optimization (https://github.com/lgottwald/PaPILO) [GitHash: 62d2842]
  bliss 0.73p          Computing Graph Automorphism Groups by T. Junttila and P. Kaski (http://www.tcs.hut.fi/Software/bliss/)
  Ipopt 3.12.9         Interior Point Optimizer developed by A. Waechter et.al. (www.coin-or.org/Ipopt)

user parameter file <scip.set> not found - using default parameters

read problem <C:\Users\claudio\Documents\GitHub\embedding\src\lp\N32_B0.5_diversified_classical\IPL_linearized_N32q0.30B16.lp>
============

original problem has 1056 variables (0 bin, 1056 int, 0 impl, 0 cont) and 3073 constraints

solve problem
=============

presolving:
(round 1, fast)       32 del vars, 32 del conss, 0 add conss, 0 chg bounds, 32 chg sides, 32 chg coeffs, 0 upgd conss, 0 impls, 1984 clqs
(round 2, fast)       32 del vars, 96 del conss, 0 add conss, 0 chg bounds, 32 chg sides, 32 chg coeffs, 0 upgd conss, 0 impls, 1984 clqs
   (0.0s) running MILP presolver
   (0.0s) MILP presolver found nothing
(round 3, exhaustive) 32 del vars, 96 del conss, 0 add conss, 0 chg bounds, 32 chg sides, 32 chg coeffs, 2976 upgd conss, 0 impls, 1984 clqs
(round 4, exhaustive) 32 del vars, 3072 del conss, 992 add conss, 0 chg bounds, 32 chg sides, 32 chg coeffs, 2976 upgd conss, 0 impls, 1984 clqs
(round 5, exhaustive) 528 del vars, 3568 del conss, 992 add conss, 0 chg bounds, 32 chg sides, 32 chg coeffs, 2976 upgd conss, 0 impls, 992 clqs
   (0.0s) probing: 51/528 (9.7%) - 0 fixings, 0 aggregations, 0 implications, 0 bound changes
   (0.0s) probing aborted: 50/50 successive totally useless probings
   (0.0s) symmetry computation started: requiring (bin +, int -, cont +), (fixed: bin -, int +, cont -)
   (0.0s) no symmetry present
presolving (6 rounds: 6 fast, 4 medium, 4 exhaustive):
 528 deleted vars, 3568 deleted constraints, 992 added constraints, 0 tightened bounds, 0 added holes, 32 changed sides, 32 changed coefficients
 0 implications, 992 cliques
presolved problem has 528 variables (528 bin, 0 int, 0 impl, 0 cont) and 497 constraints
    496 constraints of type <and>
      1 constraints of type <linear>
Presolving Time: 0.00

 time | node  | left  |LP iter|LP it/n|mem/heur|mdpt |vars |cons |rows |cuts |sepa|confs|strbr|  dualbound   | primalbound  |  gap   | compl. 
p 0.0s|     1 |     0 |     0 |     - |  clique|   0 | 528 | 497 | 993 |   0 |  0 |   0 |   0 |-1.223932e-01 |-4.336760e-02 | 182.22%| unknown
p 0.0s|     1 |     0 |     0 |     - | vbounds|   0 | 528 | 497 | 993 |   0 |  0 |   0 |   0 |-1.223932e-01 |-6.622544e-02 |  84.81%| unknown
p 0.0s|     1 |     0 |     0 |     - | vbounds|   0 | 528 | 497 | 993 |   0 |  0 |   0 |   0 |-1.223932e-01 |-9.147378e-02 |  33.80%| unknown
  0.0s|     1 |     0 |   240 |     - |    13M |   0 | 528 | 497 | 993 |   0 |  0 |   0 |   0 |-1.039108e-01 |-9.147378e-02 |  13.60%| unknown
L 1.0s|     1 |     0 |   240 |     - |undercov|   0 | 528 | 501 | 978 |   0 |  0 |   4 |   0 |-1.039108e-01 |-1.023474e-01 |   1.53%| unknown
  1.0s|     1 |     0 |   240 |     - |    14M |   0 | 528 | 501 | 978 |   0 |  0 |   4 |   0 |-1.039108e-01 |-1.023474e-01 |   1.53%| unknown
  1.0s|     1 |     0 |   240 |     - |    14M |   0 | 528 | 501 | 525 |   0 |  0 |   4 |   0 |-1.039108e-01 |-1.023474e-01 |   1.53%| unknown
  1.0s|     1 |     0 |   349 |     - |    14M |   0 | 528 | 497 | 511 |  51 |  1 |   4 |   0 |-1.023474e-01 |-1.023474e-01 |   0.00%| unknown
  1.0s|     1 |     0 |   349 |     - |    14M |   0 | 528 | 497 | 511 |  51 |  1 |   4 |   0 |-1.023474e-01 |-1.023474e-01 |   0.00%| unknown

SCIP Status        : problem is solved [optimal solution found]
Solving Time (sec) : 1.00
Solving Nodes      : 1
Primal Bound       : -1.02347365081141e-01 (4 solutions)
Dual Bound         : -1.02347365081141e-01
Gap                : 0.00 %

primal solution (original space):
=================================

objective value:                   -0.102347365081141
y(1,1)                                              1 	(obj:3.8351563814158e-05)
y(1,3)                                              1 	(obj:9.65554997681545e-06)
y(1,4)                                              1 	(obj:-1.30715043909229e-06)
y(1,5)                                              1 	(obj:2.5434196161923e-06)
y(1,8)                                              1 	(obj:-3.28899685057209e-06)
y(1,12)                                             1 	(obj:-1.9033285272912e-05)
y(1,13)                                             1 	(obj:-2.32065222889211e-06)
y(1,19)                                             1 	(obj:-1.490656863238e-06)
y(1,23)                                             1 	(obj:1.1763213923075e-06)
y(1,24)                                             1 	(obj:-1.02261666647639e-05)
y(1,25)                                             1 	(obj:2.57742406890039e-07)
y(1,26)                                             1 	(obj:-1.30408644725824e-05)
y(1,27)                                             1 	(obj:-5.55151489940457e-06)
y(1,29)                                             1 	(obj:-1.61235775269733e-05)
y(1,31)                                             1 	(obj:4.93692437426148e-07)
y(1,32)                                             1 	(obj:2.66469990243779e-06)
y(3,1)                                              1 	(obj:9.65554997681545e-06)
y(3,3)                                              1 	(obj:6.75784185322661e-05)
y(3,4)                                              1 	(obj:-2.30601881541388e-05)
y(3,5)                                              1 	(obj:-3.94116838833293e-06)
y(3,8)                                              1 	(obj:-1.47883519251239e-05)
y(3,12)                                             1 	(obj:-2.32895723295669e-05)
y(3,13)                                             1 	(obj:1.22731426186427e-05)
y(3,19)                                             1 	(obj:-3.17562535880086e-05)
y(3,23)                                             1 	(obj:-8.63082848947723e-06)
y(3,24)                                             1 	(obj:1.10772281556813e-06)
y(3,25)                                             1 	(obj:2.73548416871702e-06)
y(3,26)                                             1 	(obj:2.8625552699965e-06)
y(3,27)                                             1 	(obj:-5.57924472596483e-06)
y(3,29)                                             1 	(obj:4.26187273036421e-05)
y(3,31)                                             1 	(obj:-4.52135646894263e-06)
y(3,32)                                             1 	(obj:6.7171505512969e-05)
y(4,1)                                              1 	(obj:-1.30715043909229e-06)
y(4,3)                                              1 	(obj:-2.30601881541388e-05)
y(4,4)                                              1 	(obj:0.000235151199143343)
y(4,5)                                              1 	(obj:-1.14346930905386e-05)
y(4,8)                                              1 	(obj:3.13578964911045e-05)
y(4,12)                                             1 	(obj:2.84406444526866e-06)
y(4,13)                                             1 	(obj:-6.69601227398847e-05)
y(4,19)                                             1 	(obj:-4.18524174881404e-05)
y(4,23)                                             1 	(obj:2.46769231655553e-05)
y(4,24)                                             1 	(obj:-4.74216907334571e-05)
y(4,25)                                             1 	(obj:1.33453186093111e-05)
y(4,26)                                             1 	(obj:7.59686555953342e-06)
y(4,27)                                             1 	(obj:3.99168190169401e-06)
y(4,29)                                             1 	(obj:2.88021970582128e-06)
y(4,31)                                             1 	(obj:-9.98152703290014e-06)
y(4,32)                                             1 	(obj:-5.63811125143603e-06)
y(5,1)                                              1 	(obj:2.5434196161923e-06)
y(5,3)                                              1 	(obj:-3.94116838833293e-06)
y(5,4)                                              1 	(obj:-1.14346930905386e-05)
y(5,5)                                              1 	(obj:5.72590077575363e-05)
y(5,8)                                              1 	(obj:-1.01259142739542e-05)
y(5,12)                                             1 	(obj:-1.26813598047637e-05)
y(5,13)                                             1 	(obj:2.54039350634153e-06)
y(5,19)                                             1 	(obj:-5.33745362207047e-06)
y(5,23)                                             1 	(obj:-7.3470938263792e-06)
y(5,24)                                             1 	(obj:-1.16993566344581e-06)
y(5,25)                                             1 	(obj:1.59516580595861e-06)
y(5,26)                                             1 	(obj:-7.93623461268261e-06)
y(5,27)                                             1 	(obj:5.72529106697732e-06)
y(5,29)                                             1 	(obj:1.08491855751229e-05)
y(5,31)                                             1 	(obj:5.60071457917263e-07)
y(5,32)                                             1 	(obj:8.46446026721748e-06)
y(8,1)                                              1 	(obj:-3.28899685057209e-06)
y(8,3)                                              1 	(obj:-1.47883519251239e-05)
y(8,4)                                              1 	(obj:3.13578964911045e-05)
y(8,5)                                              1 	(obj:-1.01259142739542e-05)
y(8,8)                                              1 	(obj:5.13871942448632e-05)
y(8,12)                                             1 	(obj:-5.31468274983994e-06)
y(8,13)                                             1 	(obj:-8.65041540918735e-06)
y(8,19)                                             1 	(obj:-1.71462576896804e-05)
y(8,23)                                             1 	(obj:5.2285900083495e-06)
y(8,24)                                             1 	(obj:-9.27666725899563e-07)
y(8,25)                                             1 	(obj:-4.79155925850436e-08)
y(8,26)                                             1 	(obj:1.65605054593422e-06)
y(8,27)                                             1 	(obj:5.41569295406904e-06)
y(8,29)                                             1 	(obj:-1.95694355290158e-05)
y(8,31)                                             1 	(obj:-1.62272809113311e-06)
y(8,32)                                             1 	(obj:-1.21215585833087e-05)
y(12,1)                                             1 	(obj:-1.9033285272912e-05)
y(12,3)                                             1 	(obj:-2.32895723295669e-05)
y(12,4)                                             1 	(obj:2.84406444526866e-06)
y(12,5)                                             1 	(obj:-1.26813598047637e-05)
y(12,8)                                             1 	(obj:-5.31468274983994e-06)
y(12,12)                                            1 	(obj:0.000392233095852674)
y(12,13)                                            1 	(obj:1.66229332352625e-05)
y(12,19)                                            1 	(obj:6.78373200983957e-06)
y(12,23)                                            1 	(obj:0.000179172505723938)
y(12,24)                                            1 	(obj:2.11782710673535e-05)
y(12,25)                                            1 	(obj:1.63329655041252e-07)
y(12,26)                                            1 	(obj:-3.74010089880516e-05)
y(12,27)                                            1 	(obj:8.39738457248412e-05)
y(12,29)                                            1 	(obj:3.54879195531979e-05)
y(12,31)                                            1 	(obj:6.49485962521134e-06)
y(12,32)                                            1 	(obj:-3.83166520138154e-05)
y(13,1)                                             1 	(obj:-2.32065222889211e-06)
y(13,3)                                             1 	(obj:1.22731426186427e-05)
y(13,4)                                             1 	(obj:-6.69601227398847e-05)
y(13,5)                                             1 	(obj:2.54039350634153e-06)
y(13,8)                                             1 	(obj:-8.65041540918735e-06)
y(13,12)                                            1 	(obj:1.66229332352625e-05)
y(13,13)                                            1 	(obj:4.06629372671268e-05)
y(13,19)                                            1 	(obj:3.00542354936975e-05)
y(13,23)                                            1 	(obj:7.79151615188674e-06)
y(13,24)                                            1 	(obj:2.98692084063283e-05)
y(13,25)                                            1 	(obj:-6.5814155758052e-07)
y(13,26)                                            1 	(obj:1.05233361013945e-05)
y(13,27)                                            1 	(obj:-7.32747939244193e-07)
y(13,29)                                            1 	(obj:4.03214841894153e-06)
y(13,31)                                            1 	(obj:6.00954361548811e-07)
y(13,32)                                            1 	(obj:7.22363406791466e-06)
y(19,1)                                             1 	(obj:-1.490656863238e-06)
y(19,3)                                             1 	(obj:-3.17562535880086e-05)
y(19,4)                                             1 	(obj:-4.18524174881404e-05)
y(19,5)                                             1 	(obj:-5.33745362207047e-06)
y(19,8)                                             1 	(obj:-1.71462576896804e-05)
y(19,12)                                            1 	(obj:6.78373200983957e-06)
y(19,13)                                            1 	(obj:3.00542354936975e-05)
y(19,19)                                            1 	(obj:0.000377306520801987)
y(19,23)                                            1 	(obj:6.03255415691006e-06)
y(19,24)                                            1 	(obj:1.27385507887216e-05)
y(19,25)                                            1 	(obj:3.21518153377849e-06)
y(19,26)                                            1 	(obj:-3.68564240196317e-06)
y(19,27)                                            1 	(obj:-1.93473995770893e-05)
y(19,29)                                            1 	(obj:-1.07834907087938e-05)
y(19,31)                                            1 	(obj:1.13695424307009e-05)
y(19,32)                                            1 	(obj:-3.05805825918189e-05)
y(23,1)                                             1 	(obj:1.1763213923075e-06)
y(23,3)                                             1 	(obj:-8.63082848947723e-06)
y(23,4)                                             1 	(obj:2.46769231655553e-05)
y(23,5)                                             1 	(obj:-7.3470938263792e-06)
y(23,8)                                             1 	(obj:5.2285900083495e-06)
y(23,12)                                            1 	(obj:0.000179172505723938)
y(23,13)                                            1 	(obj:7.79151615188674e-06)
y(23,19)                                            1 	(obj:6.03255415691006e-06)
y(23,23)                                            1 	(obj:0.00010081699497041)
y(23,24)                                            1 	(obj:8.84193046575197e-06)
y(23,25)                                            1 	(obj:4.78379141424307e-06)
y(23,26)                                            1 	(obj:-1.72089403925661e-06)
y(23,27)                                            1 	(obj:3.44007777804684e-05)
y(23,29)                                            1 	(obj:2.77864071215413e-05)
y(23,31)                                            1 	(obj:-3.265778912358e-06)
y(23,32)                                            1 	(obj:-1.41158607397534e-05)
y(24,1)                                             1 	(obj:-1.02261666647639e-05)
y(24,3)                                             1 	(obj:1.10772281556813e-06)
y(24,4)                                             1 	(obj:-4.74216907334571e-05)
y(24,5)                                             1 	(obj:-1.16993566344581e-06)
y(24,8)                                             1 	(obj:-9.27666725899563e-07)
y(24,12)                                            1 	(obj:2.11782710673535e-05)
y(24,13)                                            1 	(obj:2.98692084063283e-05)
y(24,19)                                            1 	(obj:1.27385507887216e-05)
y(24,23)                                            1 	(obj:8.84193046575197e-06)
y(24,24)                                            1 	(obj:3.72551557717399e-05)
y(24,25)                                            1 	(obj:3.24340060467972e-06)
y(24,26)                                            1 	(obj:-9.9268840791302e-06)
y(24,27)                                            1 	(obj:3.07065399849553e-06)
y(24,29)                                            1 	(obj:2.16398964020981e-06)
y(24,31)                                            1 	(obj:4.47581953762327e-06)
y(24,32)                                            1 	(obj:-2.63121617235723e-06)
y(25,1)                                             1 	(obj:2.57742406890039e-07)
y(25,3)                                             1 	(obj:2.73548416871702e-06)
y(25,4)                                             1 	(obj:1.33453186093111e-05)
y(25,5)                                             1 	(obj:1.59516580595861e-06)
y(25,8)                                             1 	(obj:-4.79155925850436e-08)
y(25,12)                                            1 	(obj:1.63329655041252e-07)
y(25,13)                                            1 	(obj:-6.5814155758052e-07)
y(25,19)                                            1 	(obj:3.21518153377849e-06)
y(25,23)                                            1 	(obj:4.78379141424307e-06)
y(25,24)                                            1 	(obj:3.24340060467972e-06)
y(25,25)                                            1 	(obj:1.51587694606879e-05)
y(25,26)                                            1 	(obj:1.42398945362243e-05)
y(25,27)                                            1 	(obj:6.25022280730218e-06)
y(25,29)                                            1 	(obj:1.64407959290737e-05)
y(25,31)                                            1 	(obj:1.23107775889223e-06)
y(25,32)                                            1 	(obj:2.75708480737359e-06)
y(26,1)                                             1 	(obj:-1.30408644725824e-05)
y(26,3)                                             1 	(obj:2.8625552699965e-06)
y(26,4)                                             1 	(obj:7.59686555953342e-06)
y(26,5)                                             1 	(obj:-7.93623461268261e-06)
y(26,8)                                             1 	(obj:1.65605054593422e-06)
y(26,12)                                            1 	(obj:-3.74010089880516e-05)
y(26,13)                                            1 	(obj:1.05233361013945e-05)
y(26,19)                                            1 	(obj:-3.68564240196317e-06)
y(26,23)                                            1 	(obj:-1.72089403925661e-06)
y(26,24)                                            1 	(obj:-9.9268840791302e-06)
y(26,25)                                            1 	(obj:1.42398945362243e-05)
y(26,26)                                            1 	(obj:0.000164856246625324)
y(26,27)                                            1 	(obj:1.23660325773988e-05)
y(26,29)                                            1 	(obj:1.47892224238754e-05)
y(26,31)                                            1 	(obj:-2.21194717212256e-05)
y(26,32)                                            1 	(obj:1.01607595511565e-05)
y(27,1)                                             1 	(obj:-5.55151489940457e-06)
y(27,3)                                             1 	(obj:-5.57924472596483e-06)
y(27,4)                                             1 	(obj:3.99168190169401e-06)
y(27,5)                                             1 	(obj:5.72529106697732e-06)
y(27,8)                                             1 	(obj:5.41569295406904e-06)
y(27,12)                                            1 	(obj:8.39738457248412e-05)
y(27,13)                                            1 	(obj:-7.32747939244193e-07)
y(27,19)                                            1 	(obj:-1.93473995770893e-05)
y(27,23)                                            1 	(obj:3.44007777804684e-05)
y(27,24)                                            1 	(obj:3.07065399849553e-06)
y(27,25)                                            1 	(obj:6.25022280730218e-06)
y(27,26)                                            1 	(obj:1.23660325773988e-05)
y(27,27)                                            1 	(obj:4.22223013208256e-05)
y(27,29)                                            1 	(obj:-1.19466377332135e-05)
y(27,31)                                            1 	(obj:-6.04413535683917e-06)
y(27,32)                                            1 	(obj:-3.51155295601858e-06)
y(29,1)                                             1 	(obj:-1.61235775269733e-05)
y(29,3)                                             1 	(obj:4.26187273036421e-05)
y(29,4)                                             1 	(obj:2.88021970582128e-06)
y(29,5)                                             1 	(obj:1.08491855751229e-05)
y(29,8)                                             1 	(obj:-1.95694355290158e-05)
y(29,12)                                            1 	(obj:3.54879195531979e-05)
y(29,13)                                            1 	(obj:4.03214841894153e-06)
y(29,19)                                            1 	(obj:-1.07834907087938e-05)
y(29,23)                                            1 	(obj:2.77864071215413e-05)
y(29,24)                                            1 	(obj:2.16398964020981e-06)
y(29,25)                                            1 	(obj:1.64407959290737e-05)
y(29,26)                                            1 	(obj:1.47892224238754e-05)
y(29,27)                                            1 	(obj:-1.19466377332135e-05)
y(29,29)                                            1 	(obj:0.00020772161420537)
y(29,31)                                            1 	(obj:1.7775216618768e-05)
y(29,32)                                            1 	(obj:5.7380634594855e-05)
y(31,1)                                             1 	(obj:4.93692437426148e-07)
y(31,3)                                             1 	(obj:-4.52135646894263e-06)
y(31,4)                                             1 	(obj:-9.98152703290014e-06)
y(31,5)                                             1 	(obj:5.60071457917263e-07)
y(31,8)                                             1 	(obj:-1.62272809113311e-06)
y(31,12)                                            1 	(obj:6.49485962521134e-06)
y(31,13)                                            1 	(obj:6.00954361548811e-07)
y(31,19)                                            1 	(obj:1.13695424307009e-05)
y(31,23)                                            1 	(obj:-3.265778912358e-06)
y(31,24)                                            1 	(obj:4.47581953762327e-06)
y(31,25)                                            1 	(obj:1.23107775889223e-06)
y(31,26)                                            1 	(obj:-2.21194717212256e-05)
y(31,27)                                            1 	(obj:-6.04413535683917e-06)
y(31,29)                                            1 	(obj:1.7775216618768e-05)
y(31,31)                                            1 	(obj:3.51938531436199e-05)
y(31,32)                                            1 	(obj:-8.81246744433567e-06)
y(32,1)                                             1 	(obj:2.66469990243779e-06)
y(32,3)                                             1 	(obj:6.7171505512969e-05)
y(32,4)                                             1 	(obj:-5.63811125143603e-06)
y(32,5)                                             1 	(obj:8.46446026721748e-06)
y(32,8)                                             1 	(obj:-1.21215585833087e-05)
y(32,12)                                            1 	(obj:-3.83166520138154e-05)
y(32,13)                                            1 	(obj:7.22363406791466e-06)
y(32,19)                                            1 	(obj:-3.05805825918189e-05)
y(32,23)                                            1 	(obj:-1.41158607397534e-05)
y(32,24)                                            1 	(obj:-2.63121617235723e-06)
y(32,25)                                            1 	(obj:2.75708480737359e-06)
y(32,26)                                            1 	(obj:1.01607595511565e-05)
y(32,27)                                            1 	(obj:-3.51155295601858e-06)
y(32,29)                                            1 	(obj:5.7380634594855e-05)
y(32,31)                                            1 	(obj:-8.81246744433567e-06)
y(32,32)                                            1 	(obj:7.97110182929773e-05)
x(1)                                                1 	(obj:-0.00481287950569477)
x(3)                                                1 	(obj:-0.00456724103297996)
x(4)                                                1 	(obj:-0.0105507654939372)
x(5)                                                1 	(obj:-0.00472401332207921)
x(8)                                                1 	(obj:-0.0039632964867238)
x(12)                                               1 	(obj:-0.013362692183484)
x(13)                                               1 	(obj:-0.00317222649193316)
x(19)                                               1 	(obj:-0.00817357099868575)
x(23)                                               1 	(obj:-0.00938472325472254)
x(24)                                               1 	(obj:-0.00369022220868196)
x(25)                                               1 	(obj:-0.00344954764124067)
x(26)                                               1 	(obj:-0.0103284916925843)
x(27)                                               1 	(obj:-0.00348138226138299)
x(29)                                               1 	(obj:-0.0109727470097396)
x(31)                                               1 	(obj:-0.00417405686604247)
x(32)                                               1 	(obj:-0.00604824811529603)

Statistics
==========

SCIP Status        : problem is solved [optimal solution found]
Total Time         :       1.00
  solving          :       1.00
  presolving       :       0.00 (included in solving)
  reading          :       0.00
  copying          :       0.00 (1 #copies) (minimal 0.00, maximal 0.00, average 0.00)
Original Problem   :
  Problem name     : C:\Users\claudio\Documents\GitHub\embedding\src\lp\N32_B0.5_diversified_classical\IPL_linearized_N32q0.30B16.lp
  Variables        : 1056 (0 binary, 1056 integer, 0 implicit integer, 0 continuous)
  Constraints      : 3073 initial, 3073 maximal
  Objective        : minimize, 1056 non-zeros (abs.min = 1.26239e-08, abs.max = 0.0133627)
Presolved Problem  :
  Problem name     : t_C:\Users\claudio\Documents\GitHub\embedding\src\lp\N32_B0.5_diversified_classical\IPL_linearized_N32q0.30B16.lp
  Variables        : 528 (528 binary, 0 integer, 0 implicit integer, 0 continuous)
  Constraints      : 497 initial, 501 maximal
  Objective        : minimize, 528 non-zeros (abs.min = 2.52478e-08, abs.max = 0.0129705)
  Nonzeros         : 1520 constraint, 512 clique table
Presolvers         :   ExecTime  SetupTime  Calls  FixedVars   AggrVars   ChgTypes  ChgBounds   AddHoles    DelCons    AddCons   ChgSides   ChgCoefs
  boundshift       :       0.00       0.00      0          0          0          0          0          0          0          0          0          0
  convertinttobin  :       0.00       0.00      0          0          0          0          0          0          0          0          0          0
  domcol           :       0.00       0.00      1          0          0          0          0          0          0          0          0          0
  dualagg          :       0.00       0.00      0          0          0          0          0          0          0          0          0          0
  dualcomp         :       0.00       0.00      0          0          0          0          0          0          0          0          0          0
  dualinfer        :       0.00       0.00      0          0          0          0          0          0          0          0          0          0
  dualsparsify     :       0.00       0.00      1          0          0          0          0          0          0          0          0          0
  gateextraction   :       0.00       0.00      1          0          0          0          0          0       2976        992          0          0
  implics          :       0.00       0.00      4          0          0          0          0          0          0          0          0          0
  inttobinary      :       0.00       0.00      0          0          0          0          0          0          0          0          0          0
  milp             :       0.00       0.00      1          0          0          0          0          0          0          0          0          0
  qpkktref         :       0.00       0.00      0          0          0          0          0          0          0          0          0          0
  redvub           :       0.00       0.00      0          0          0          0          0          0          0          0          0          0
  sparsify         :       0.00       0.00      1          0          0          0          0          0          0          0          0          0
  stuffing         :       0.00       0.00      0          0          0          0          0          0          0          0          0          0
  trivial          :       0.00       0.00      6          0          0          0          0          0          0          0          0          0
  tworowbnd        :       0.00       0.00      0          0          0          0          0          0          0          0          0          0
  dualfix          :       0.00       0.00      6          0          0          0          0          0          0          0          0          0
  genvbounds       :       0.00       0.00      0          0          0          0          0          0          0          0          0          0
  probing          :       0.00       0.00      1          0          0          0          0          0          0          0          0          0
  pseudoobj        :       0.00       0.00      0          0          0          0          0          0          0          0          0          0
  symmetry         :       0.00       0.00      1          0          0          0          0          0          0          0          0          0
  vbounds          :       0.00       0.00      1          0          0          0          0          0          0          0          0          0
  and              :       0.00       0.00      4          0        496          0          0          0        496          0          0          0
  linear           :       0.00       0.00      8          0         32          0          0          0         96          0         32         32
  logicor          :       0.00       0.00      2          0          0          0          0          0          0          0          0          0
  benders          :       0.00       0.00      0          0          0          0          0          0          0          0          0          0
  components       :       0.00       0.00      1          0          0          0          0          0          0          0          0          0
  root node        :          -          -      -        295          -          -        295          -          -          -          -          -
Constraints        :     Number  MaxNumber  #Separate #Propagate    #EnfoLP    #EnfoRelax  #EnfoPS    #Check   #ResProp    Cutoffs    DomReds       Cuts    Applied      Conss   Children
  benderslp        :          0          0          0          0          0          0          0         12          0          0          0          0          0          0          0
  integral         :          0          0          0          0          0          0          0         12          0          0          0          0          0          0          0
  and              :        496        496          1        431          0          0          0          7         16          1          0        107          0          0          0
  linear           :          1          1          1        422          0          0          0          6          1          0          0          0          0          0          0
  logicor          :          0+         4          1          2          0          0          0          0          0          0          0          0          0          0          0
  benders          :          0          0          0          0          0          0          0          5          0          0          0          0          0          0          0
  countsols        :          0          0          0          0          0          0          0          5          0          0          0          0          0          0          0
  components       :          0          0          0          0          0          0          0          0          0          0          0          0          0          0          0
Constraint Timings :  TotalTime  SetupTime   Separate  Propagate     EnfoLP     EnfoPS     EnfoRelax   Check    ResProp    SB-Prop
  benderslp        :       0.00       0.00       0.00       0.00       0.00       0.00       0.00       0.00       0.00       0.00
  integral         :       0.00       0.00       0.00       0.00       0.00       0.00       0.00       0.00       0.00       0.00
  and              :       0.00       0.00       0.00       0.00       0.00       0.00       0.00       0.00       0.00       0.00
  linear           :       0.00       0.00       0.00       0.00       0.00       0.00       0.00       0.00       0.00       0.00
  logicor          :       0.00       0.00       0.00       0.00       0.00       0.00       0.00       0.00       0.00       0.00
  benders          :       0.00       0.00       0.00       0.00       0.00       0.00       0.00       0.00       0.00       0.00
  countsols        :       0.00       0.00       0.00       0.00       0.00       0.00       0.00       0.00       0.00       0.00
  components       :       0.00       0.00       0.00       0.00       0.00       0.00       0.00       0.00       0.00       0.00
Propagators        : #Propagate   #ResProp    Cutoffs    DomReds
  dualfix          :          2          0          0          0
  genvbounds       :          0          0          0          0
  nlobbt           :          0          0          0          0
  obbt             :          0          0          0          0
  probing          :          0          0          0          0
  pseudoobj        :          7          0          0          0
  redcost          :          3          0          0        187
  rootredcost      :          0          0          0          0
  symmetry         :          0          0          0          0
  vbounds          :        332          0          0          0
Propagator Timings :  TotalTime  SetupTime   Presolve  Propagate    ResProp    SB-Prop
  dualfix          :       0.00       0.00       0.00       0.00       0.00       0.00
  genvbounds       :       0.00       0.00       0.00       0.00       0.00       0.00
  nlobbt           :       0.00       0.00       0.00       0.00       0.00       0.00
  obbt             :       0.00       0.00       0.00       0.00       0.00       0.00
  probing          :       0.00       0.00       0.00       0.00       0.00       0.00
  pseudoobj        :       0.00       0.00       0.00       0.00       0.00       0.00
  redcost          :       0.00       0.00       0.00       0.00       0.00       0.00
  rootredcost      :       0.00       0.00       0.00       0.00       0.00       0.00
  symmetry         :       0.00       0.00       0.00       0.00       0.00       0.00
  vbounds          :       0.00       0.00       0.00       0.00       0.00       0.00
Conflict Analysis  :       Time      Calls    Success    DomReds  Conflicts   Literals    Reconvs ReconvLits   Dualrays   Nonzeros   LP Iters   (pool size: [10000,10000])
  propagation      :       0.00          1          1          -          4       15.5          0        0.0          -          -          -
  infeasible LP    :       0.00          0          0          -          0        0.0          0        0.0          0        0.0          0
  bound exceed. LP :       0.00          4          0          -          0        0.0          0        0.0          0        0.0         40
  strong branching :       0.00          0          0          -          0        0.0          0        0.0          -          -          0
  pseudo solution  :       0.00          0          0          -          0        0.0          0        0.0          -          -          -
  applied globally :       0.00          -          -          0          4       14.5          -          -          0          -          -
  applied locally  :          -          -          -          0          0        0.0          -          -          0          -          -
Separators         :   ExecTime  SetupTime      Calls    Cutoffs    DomReds       Cuts    Applied      Conss
  cut pool         :       0.00                     1          -          -         51          -          -    (maximal pool size: 54)
  aggregation      :       0.00       0.00          1          0          0          0          0          0
  cgmip            :       0.00       0.00          0          0          0          0          0          0
  clique           :       0.00       0.00          1          0          0          0          0          0
  closecuts        :       0.00       0.00          0          0          0          0          0          0
  cmir             :       0.00       0.00          0          0          0          0          0          0
  convexproj       :       0.00       0.00          0          0          0          0          0          0
  disjunctive      :       0.00       0.00          0          0          0          0          0          0
  eccuts           :       0.00       0.00          0          0          0          0          0          0
  flowcover        :       0.00       0.00          0          0          0          0          0          0
  gauge            :       0.00       0.00          0          0          0          0          0          0
  gomory           :       0.00       0.00          1          0          0         12          9          0
  impliedbounds    :       0.00       0.00          1          0        108         42         42          0
  intobj           :       0.00       0.00          0          0          0          0          0          0
  mcf              :       0.00       0.00          1          0          0          0          0          0
  oddcycle         :       0.00       0.00          0          0          0          0          0          0
  rapidlearning    :       0.00       0.00          0          0          0          0          0          0
  strongcg         :       0.00       0.00          1          0          0          0          0          0
  zerohalf         :       0.00       0.00          1          0          0          0          0          0
Pricers            :   ExecTime  SetupTime      Calls       Vars
  problem variables:       0.00          -          0          0
Branching Rules    :   ExecTime  SetupTime   BranchLP  BranchExt   BranchPS    Cutoffs    DomReds       Cuts      Conss   Children
  allfullstrong    :       0.00       0.00          0          0          0          0          0          0          0          0
  cloud            :       0.00       0.00          0          0          0          0          0          0          0          0
  distribution     :       0.00       0.00          0          0          0          0          0          0          0          0
  fullstrong       :       0.00       0.00          0          0          0          0          0          0          0          0
  inference        :       0.00       0.00          0          0          0          0          0          0          0          0
  leastinf         :       0.00       0.00          0          0          0          0          0          0          0          0
  lookahead        :       0.00       0.00          0          0          0          0          0          0          0          0
  mostinf          :       0.00       0.00          0          0          0          0          0          0          0          0
  multaggr         :       0.00       0.00          0          0          0          0          0          0          0          0
  nodereopt        :       0.00       0.00          0          0          0          0          0          0          0          0
  pscost           :       0.00       0.00          0          0          0          0          0          0          0          0
  random           :       0.00       0.00          0          0          0          0          0          0          0          0
  relpscost        :       0.00       0.00          0          0          0          0          0          0          0          0
  vanillafullstrong:       0.00       0.00          0          0          0          0          0          0          0          0
Primal Heuristics  :   ExecTime  SetupTime      Calls      Found       Best
  LP solutions     :       0.00          -          -          0          0
  relax solutions  :       0.00          -          -          0          0
  pseudo solutions :       0.00          -          -          0          0
  strong branching :       0.00          -          -          0          0
  actconsdiving    :       0.00       0.00          0          0          0
  adaptivediving   :       0.00       0.00          0          0          0
  alns             :       0.00       0.00          0          0          0
  bound            :       0.00       0.00          0          0          0
  clique           :       0.00       0.00          1          1          1
  coefdiving       :       0.00       0.00          0          0          0
  completesol      :       0.00       0.00          0          0          0
  conflictdiving   :       0.00       0.00          0          0          0
  crossover        :       0.00       0.00          0          0          0
  dins             :       0.00       0.00          0          0          0
  distributiondivin:       0.00       0.00          0          0          0
  dualval          :       0.00       0.00          0          0          0
  farkasdiving     :       0.00       0.00          0          0          0
  feaspump         :       0.00       0.00          0          0          0
  fixandinfer      :       0.00       0.00          0          0          0
  fracdiving       :       0.00       0.00          0          0          0
  gins             :       0.00       0.00          0          0          0
  guideddiving     :       0.00       0.00          0          0          0
  indicator        :       0.00       0.00          0          0          0
  intdiving        :       0.00       0.00          0          0          0
  intshifting      :       0.00       0.00          0          0          0
  linesearchdiving :       0.00       0.00          0          0          0
  localbranching   :       0.00       0.00          0          0          0
  locks            :       0.00       0.00          1          0          0
  lpface           :       0.00       0.00          0          0          0
  mpec             :       0.00       0.00          0          0          0
  multistart       :       0.00       0.00          0          0          0
  mutation         :       0.00       0.00          0          0          0
  nlpdiving        :       0.00       0.00          0          0          0
  objpscostdiving  :       0.00       0.00          0          0          0
  octane           :       0.00       0.00          0          0          0
  ofins            :       0.00       0.00          0          0          0
  oneopt           :       0.00       0.00          2          0          0
  padm             :       0.00       0.00          0          0          0
  proximity        :       0.00       0.00          0          0          0
  pscostdiving     :       0.00       0.00          0          0          0
  randrounding     :       0.00       0.00          1          0          0
  rens             :       0.00       0.00          0          0          0
  reoptsols        :       0.00       0.00          0          0          0
  repair           :       0.00       0.00          0          0          0
  rins             :       0.00       0.00          0          0          0
  rootsoldiving    :       0.00       0.00          0          0          0
  rounding         :       0.00       0.00          1          0          0
  shiftandpropagate:       0.00       0.00          0          0          0
  shifting         :       0.00       0.00          1          0          0
  simplerounding   :       0.00       0.00          0          0          0
  subnlp           :       0.00       0.00          0          0          0
  trivial          :       0.00       0.00          2          0          0
  trivialnegation  :       0.00       0.00          0          0          0
  trustregion      :       0.00       0.00          0          0          0
  trysol           :       0.00       0.00          0          0          0
  twoopt           :       0.00       0.00          0          0          0
  undercover       :       1.00       0.00          1          1          1
  vbounds          :       0.00       0.00          1          2          2
  veclendiving     :       0.00       0.00          0          0          0
  zeroobj          :       0.00       0.00          0          0          0
  zirounding       :       0.00       0.00          0          0          0
  other solutions  :          -          -          -          0          -
Diving (single)    :      Calls      Nodes   LP Iters Backtracks  Conflicts   MinDepth   MaxDepth   AvgDepth  RoundSols  NLeafSols  MinSolDpt  MaxSolDpt  AvgSolDpt
  actconsdiving    :          0          -          -          -          -          -          -          -          -          -          -          -          -
  coefdiving       :          0          -          -          -          -          -          -          -          -          -          -          -          -
  conflictdiving   :          0          -          -          -          -          -          -          -          -          -          -          -          -
  distributiondivin:          0          -          -          -          -          -          -          -          -          -          -          -          -
  farkasdiving     :          0          -          -          -          -          -          -          -          -          -          -          -          -
  fracdiving       :          0          -          -          -          -          -          -          -          -          -          -          -          -
  guideddiving     :          0          -          -          -          -          -          -          -          -          -          -          -          -
  linesearchdiving :          0          -          -          -          -          -          -          -          -          -          -          -          -
  pscostdiving     :          0          -          -          -          -          -          -          -          -          -          -          -          -
  veclendiving     :          0          -          -          -          -          -          -          -          -          -          -          -          -
Diving (adaptive)  :      Calls      Nodes   LP Iters Backtracks  Conflicts   MinDepth   MaxDepth   AvgDepth  RoundSols  NLeafSols  MinSolDpt  MaxSolDpt  AvgSolDpt
  actconsdiving    :          0          -          -          -          -          -          -          -          -          -          -          -          -
  coefdiving       :          0          -          -          -          -          -          -          -          -          -          -          -          -
  conflictdiving   :          0          -          -          -          -          -          -          -          -          -          -          -          -
  distributiondivin:          0          -          -          -          -          -          -          -          -          -          -          -          -
  farkasdiving     :          0          -          -          -          -          -          -          -          -          -          -          -          -
  fracdiving       :          0          -          -          -          -          -          -          -          -          -          -          -          -
  guideddiving     :          0          -          -          -          -          -          -          -          -          -          -          -          -
  linesearchdiving :          0          -          -          -          -          -          -          -          -          -          -          -          -
  pscostdiving     :          0          -          -          -          -          -          -          -          -          -          -          -          -
  veclendiving     :          0          -          -          -          -          -          -          -          -          -          -          -          -
Neighborhoods      :      Calls  SetupTime  SolveTime SolveNodes       Sols       Best       Exp3  EpsGreedy        UCB TgtFixRate  Opt  Inf Node Stal  Sol  Usr Othr Actv
  rens             :          0       0.00       0.00          0          0          0    0.00000   -1.00000    1.00000      0.900    0    0    0    0    0    0    0    1
  rins             :          0       0.00       0.00          0          0          0    0.00000   -1.00000    1.00000      0.900    0    0    0    0    0    0    0    1
  mutation         :          0       0.00       0.00          0          0          0    0.00000   -1.00000    1.00000      0.900    0    0    0    0    0    0    0    1
  localbranching   :          0       0.00       0.00          0          0          0    0.00000   -1.00000    1.00000      0.900    0    0    0    0    0    0    0    1
  crossover        :          0       0.00       0.00          0          0          0    0.00000   -1.00000    1.00000      0.900    0    0    0    0    0    0    0    1
  proximity        :          0       0.00       0.00          0          0          0    0.00000   -1.00000    1.00000      0.900    0    0    0    0    0    0    0    1
  zeroobjective    :          0       0.00       0.00          0          0          0    0.00000   -1.00000    1.00000      0.900    0    0    0    0    0    0    0    1
  dins             :          0       0.00       0.00          0          0          0    0.00000   -1.00000    1.00000      0.900    0    0    0    0    0    0    0    1
  trustregion      :          0       0.00       0.00          0          0          0    0.00000   -1.00000    1.00000      0.900    0    0    0    0    0    0    0    0
LP                 :       Time      Calls Iterations  Iter/call   Iter/sec  Time-0-It Calls-0-It    ItLimit
  primal LP        :       0.00          0          0       0.00          -       0.00          0
  dual LP          :       0.00          5        349     116.33          -       0.00          2
  lex dual LP      :       0.00          0          0       0.00          -
  barrier LP       :       0.00          0          0       0.00          -       0.00          0
  resolve instable :       0.00          0          0       0.00          -
  diving/probing LP:       0.00          0          0       0.00          -
  strong branching :       0.00          0          0       0.00          -          -          -          0
    (at root node) :          -          0          0       0.00          -
  conflict analysis:       0.00          4         40      10.00          -
B&B Tree           :
  number of runs   :          1
  nodes            :          1 (0 internal, 1 leaves)
  feasible leaves  :          0
  infeas. leaves   :          0
  objective leaves :          0
  nodes (total)    :          1 (0 internal, 1 leaves)
  nodes left       :          0
  max depth        :          0
  max depth (total):          0
  backtracks       :          0 (0.0%)
  early backtracks :          0 (0.0%)
  nodes exc. ref.  :          0 (0.0%)
  delayed cutoffs  :          0
  repropagations   :          0 (0 domain reductions, 0 cutoffs)
  avg switch length:       2.00
  switching time   :       0.00
Estim. Tree Size   :          1
Estimation Tree    : 1 nodes (1 visited, 0 internal, 1 leaves, 0 open), weight: 1.0000 completed 1.0000
Estimations        :      estim      value      trend resolution     smooth
  wbe              :          1          -          -          -          -
  tree-profile     :         -1          -          -          -          -
  gap              :          1    1.00000    1.00000          1          1
  tree-weight      :          1    1.00000    1.00000          1          1
  leaf-frequency   :          1    0.50000    1.00000          1          1
  ssg              :          1    0.00000   -1.00000          1          1
  open-nodes       :          1    0.00000    0.00000          1          1
Root Node          :
  First LP value   : -1.03910769655671e-01
  First LP Iters   :        240
  First LP Time    :       0.00
  Final Dual Bound : -1.02347365081141e-01
  Final Root Iters :        349
  Root LP Estimate :                     -
Solution           :
  Solutions found  :          4 (4 improvements)
  First Solution   : -4.33676036769945e-02   (in run 1, after 1 nodes, 0.00 seconds, depth 12, found by <clique>)
  Gap First Sol.   :     182.22 %
  Gap Last Sol.    :       1.53 %
  Primal Bound     : -1.02347365081141e-01   (in run 1, after 1 nodes, 1.00 seconds, depth 0, found by <undercover>)
  Dual Bound       : -1.02347365081141e-01
  Gap              :       0.00 %
Integrals          :      Total       Avg%
  primal-dual      :      11.97      11.97
  primal-ref       :          -          - (not evaluated)
  dual-ref         :          -          - (not evaluated)
