SCIP version 7.0.2 [precision: 8 byte] [memory: block] [mode: optimized] [LP solver: SoPlex 5.0.2] [GitHash: e9d280a398]
Copyright (C) 2002-2020 Konrad-Zuse-Zentrum fuer Informationstechnik Berlin (ZIB)

External codes: 
  SoPlex 5.0.2         Linear Programming Solver developed at Zuse Institute Berlin (soplex.zib.de) [GitHash: e24c304e]
  CppAD 20180000.0     Algorithmic Differentiation of C++ algorithms developed by B. Bell (www.coin-or.org/CppAD)
  MPIR 3.0.0           Multiple Precision Integers and Rationals Library developed by W. Hart (mpir.org)
  ZIMPL 3.4.0          Zuse Institute Mathematical Programming Language developed by T. Koch (zimpl.zib.de)
  PaPILO 1.0.2         parallel presolve for integer and linear optimization (https://github.com/lgottwald/PaPILO) [GitHash: 62d2842]
  bliss 0.73p          Computing Graph Automorphism Groups by T. Junttila and P. Kaski (http://www.tcs.hut.fi/Software/bliss/)
  Ipopt 3.12.9         Interior Point Optimizer developed by A. Waechter et.al. (www.coin-or.org/Ipopt)

user parameter file <scip.set> not found - using default parameters

read problem <C:\Users\claudio\Documents\GitHub\embedding\src\lp\N32_B0.5_diversified_classical\IPL_linearized_N32q60.00B16.lp>
============

original problem has 1056 variables (0 bin, 1056 int, 0 impl, 0 cont) and 3073 constraints

solve problem
=============

presolving:
(round 1, fast)       32 del vars, 32 del conss, 0 add conss, 0 chg bounds, 32 chg sides, 32 chg coeffs, 0 upgd conss, 0 impls, 1984 clqs
(round 2, fast)       32 del vars, 96 del conss, 0 add conss, 0 chg bounds, 32 chg sides, 32 chg coeffs, 0 upgd conss, 0 impls, 1984 clqs
   (0.0s) running MILP presolver
   (0.0s) MILP presolver found nothing
(round 3, exhaustive) 32 del vars, 96 del conss, 0 add conss, 0 chg bounds, 32 chg sides, 32 chg coeffs, 2976 upgd conss, 0 impls, 1984 clqs
(round 4, exhaustive) 32 del vars, 3072 del conss, 992 add conss, 0 chg bounds, 32 chg sides, 32 chg coeffs, 2976 upgd conss, 0 impls, 1984 clqs
(round 5, exhaustive) 528 del vars, 3568 del conss, 992 add conss, 0 chg bounds, 32 chg sides, 32 chg coeffs, 2976 upgd conss, 0 impls, 992 clqs
   (0.0s) probing: 51/528 (9.7%) - 0 fixings, 0 aggregations, 0 implications, 0 bound changes
   (0.0s) probing aborted: 50/50 successive totally useless probings
   (0.0s) symmetry computation started: requiring (bin +, int -, cont +), (fixed: bin -, int +, cont -)
   (0.0s) no symmetry present
presolving (6 rounds: 6 fast, 4 medium, 4 exhaustive):
 528 deleted vars, 3568 deleted constraints, 992 added constraints, 0 tightened bounds, 0 added holes, 32 changed sides, 32 changed coefficients
 0 implications, 992 cliques
presolved problem has 528 variables (528 bin, 0 int, 0 impl, 0 cont) and 497 constraints
    496 constraints of type <and>
      1 constraints of type <linear>
Presolving Time: 0.00

 time | node  | left  |LP iter|LP it/n|mem/heur|mdpt |vars |cons |rows |cuts |sepa|confs|strbr|  dualbound   | primalbound  |  gap   | compl. 
p 0.0s|     1 |     0 |     0 |     - |  clique|   0 | 528 | 497 | 993 |   0 |  0 |   0 |   0 |-1.104817e+00 | 5.217399e-01 |    Inf | unknown
p 0.0s|     1 |     0 |     0 |     - |   locks|   0 | 528 | 497 | 993 |   0 |  0 |   0 |   0 |-1.104817e+00 | 3.750735e-01 |    Inf | unknown
p 0.0s|     1 |     0 |     0 |     - | vbounds|   0 | 528 | 497 | 993 |   0 |  0 |   0 |   0 |-1.104817e+00 | 2.476671e-01 |    Inf | unknown
  0.0s|     1 |     0 |   633 |     - |    13M |   0 | 528 | 497 | 993 |   0 |  0 |   0 |   0 |-2.503072e-01 | 2.476671e-01 |    Inf | unknown
L 0.0s|     1 |     0 |   633 |     - |undercov|   0 | 528 | 497 | 993 |   0 |  0 |   0 |   0 |-2.503072e-01 | 2.156824e-01 |    Inf | unknown
  0.0s|     1 |     0 |   706 |     - |    14M |   0 | 528 | 497 |1049 |  56 |  1 |   0 |   0 |-2.213407e-01 | 2.156824e-01 |    Inf | unknown
  0.0s|     1 |     0 |   794 |     - |    15M |   0 | 528 | 497 |1063 |  70 |  2 |   0 |   0 |-1.941830e-01 | 2.156824e-01 |    Inf | unknown
  0.0s|     1 |     0 |   883 |     - |    16M |   0 | 528 | 497 |1084 |  91 |  3 |   0 |   0 |-1.703514e-01 | 2.156824e-01 |    Inf | unknown
  2.0s|     1 |     0 |   985 |     - |    17M |   0 | 528 | 498 |1133 | 140 |  4 |   1 |   0 |-1.534507e-01 | 2.156824e-01 |    Inf | unknown
  2.0s|     1 |     0 |  1068 |     - |    17M |   0 | 528 | 498 |1150 | 157 |  5 |   1 |   0 |-1.378517e-01 | 2.156824e-01 |    Inf | unknown
  2.0s|     1 |     0 |  1124 |     - |    17M |   0 | 528 | 504 |1174 | 181 |  6 |   7 |   0 |-1.223335e-01 | 2.156824e-01 |    Inf | unknown
  2.0s|     1 |     0 |  1234 |     - |    18M |   0 | 528 | 508 |1192 | 199 |  7 |  11 |   0 |-1.112481e-01 | 2.156824e-01 |    Inf | unknown
  2.0s|     1 |     0 |  1320 |     - |    18M |   0 | 528 | 514 |1239 | 246 |  8 |  17 |   0 |-9.614697e-02 | 2.156824e-01 |    Inf | unknown
  2.0s|     1 |     0 |  1526 |     - |    18M |   0 | 528 | 520 |1255 | 262 |  9 |  23 |   0 |-8.087379e-02 | 2.156824e-01 |    Inf | unknown
  2.0s|     1 |     0 |  1653 |     - |    19M |   0 | 528 | 520 |1280 | 287 | 10 |  23 |   0 |-7.316860e-02 | 2.156824e-01 |    Inf | unknown
 time | node  | left  |LP iter|LP it/n|mem/heur|mdpt |vars |cons |rows |cuts |sepa|confs|strbr|  dualbound   | primalbound  |  gap   | compl. 
  2.0s|     1 |     0 |  1835 |     - |    20M |   0 | 528 | 520 |1288 | 301 | 11 |  23 |   0 |-6.331849e-02 | 2.156824e-01 |    Inf | unknown
  2.0s|     1 |     0 |  1945 |     - |    21M |   0 | 528 | 523 |1315 | 328 | 12 |  26 |   0 |-5.519958e-02 | 2.156824e-01 |    Inf | unknown
  2.0s|     1 |     0 |  2083 |     - |    21M |   0 | 528 | 523 |1328 | 341 | 13 |  26 |   0 |-4.712609e-02 | 2.156824e-01 |    Inf | unknown
r 2.0s|     1 |     0 |  2083 |     - |shifting|   0 | 528 | 523 |1328 | 341 | 13 |  26 |   0 |-4.712609e-02 | 1.914780e-01 |    Inf | unknown
  2.0s|     1 |     0 |  2310 |     - |    21M |   0 | 528 | 523 |1343 | 356 | 14 |  26 |   0 |-3.820408e-02 | 1.914780e-01 |    Inf | unknown
  2.0s|     1 |     0 |  2542 |     - |    23M |   0 | 528 | 523 |1364 | 377 | 15 |  26 |   0 |-3.159817e-02 | 1.914780e-01 |    Inf | unknown
  3.0s|     1 |     0 |  2717 |     - |    23M |   0 | 528 | 523 |1377 | 390 | 16 |  26 |   0 |-2.721417e-02 | 1.914780e-01 |    Inf | unknown
  3.0s|     1 |     0 |  2904 |     - |    27M |   0 | 528 | 524 |1379 | 406 | 17 |  27 |   0 |-2.263781e-02 | 1.914780e-01 |    Inf | unknown
  3.0s|     1 |     0 |  3071 |     - |    31M |   0 | 528 | 524 |1404 | 431 | 18 |  27 |   0 |-1.983738e-02 | 1.914780e-01 |    Inf | unknown
  3.0s|     1 |     0 |  3178 |     - |    32M |   0 | 528 | 525 |1414 | 441 | 19 |  28 |   0 |-1.813922e-02 | 1.914780e-01 |    Inf | unknown
  3.0s|     1 |     0 |  3315 |     - |    34M |   0 | 528 | 526 |1431 | 458 | 20 |  29 |   0 |-1.508523e-02 | 1.914780e-01 |    Inf | unknown
  3.0s|     1 |     0 |  3387 |     - |    34M |   0 | 528 | 527 |1438 | 465 | 21 |  30 |   0 |-1.435411e-02 | 1.914780e-01 |    Inf | unknown
  3.0s|     1 |     0 |  3478 |     - |    34M |   0 | 528 | 529 |1445 | 472 | 22 |  32 |   0 |-1.308408e-02 | 1.914780e-01 |    Inf | unknown
  3.0s|     1 |     0 |  3606 |     - |    34M |   0 | 528 | 530 |1427 | 480 | 23 |  33 |   0 |-1.215642e-02 | 1.914780e-01 |    Inf | unknown
  3.0s|     1 |     0 |  3662 |     - |    34M |   0 | 528 | 531 |1433 | 486 | 24 |  34 |   0 |-1.187142e-02 | 1.914780e-01 |    Inf | unknown
 time | node  | left  |LP iter|LP it/n|mem/heur|mdpt |vars |cons |rows |cuts |sepa|confs|strbr|  dualbound   | primalbound  |  gap   | compl. 
  3.0s|     1 |     0 |  3711 |     - |    34M |   0 | 528 | 531 |1437 | 490 | 25 |  34 |   0 |-1.158802e-02 | 1.914780e-01 |    Inf | unknown
  3.0s|     1 |     0 |  3716 |     - |    34M |   0 | 528 | 533 |1440 | 493 | 26 |  36 |   0 |-1.157742e-02 | 1.914780e-01 |    Inf | unknown
  3.0s|     1 |     0 |  3722 |     - |    34M |   0 | 528 | 535 |1441 | 494 | 27 |  38 |   0 |-1.157562e-02 | 1.914780e-01 |    Inf | unknown
  3.0s|     1 |     0 |  3768 |     - |    34M |   0 | 528 | 535 |1442 | 495 | 28 |  38 |   0 |-1.141866e-02 | 1.914780e-01 |    Inf | unknown
  3.0s|     1 |     0 |  3792 |     - |    34M |   0 | 528 | 535 |1408 | 497 | 29 |  38 |   0 |-1.137612e-02 | 1.914780e-01 |    Inf | unknown
  3.0s|     1 |     0 |  3804 |     - |    34M |   0 | 528 | 542 |1409 | 498 | 30 |  45 |   0 |-1.136098e-02 | 1.914780e-01 |    Inf | unknown
d 3.0s|     1 |     0 |  5413 |     - |farkasdi|   0 | 528 | 553 |1409 |   0 | 32 |  56 |   0 |-1.136098e-02 | 1.910794e-01 |    Inf | unknown
  3.0s|     1 |     0 |  6181 |     - |    34M |   0 | 528 | 553 |1409 | 498 | 32 |  56 |   0 |-1.136098e-02 | 1.910794e-01 |    Inf | unknown
  4.0s|     1 |     2 |  6181 |     - |    34M |   0 | 528 | 554 |1409 | 498 | 34 |  57 |  19 | 1.188442e-03 | 1.910794e-01 |  Large | unknown
* 5.0s|     7 |     5 |  7567 | 627.2 |strongbr|   6 | 528 | 545 |1401 | 545 |  2 |  57 | 116 | 1.188442e-03 | 9.134314e-02 |7585.96%|   4.20%
* 6.0s|    12 |     5 |  8706 | 445.6 |strongbr|   6 | 528 | 545 |1423 | 586 |  2 |  63 | 173 | 2.618828e-02 | 6.091824e-02 | 132.62%|  17.80%
* 6.0s|    15 |     3 |  9330 | 394.7 |strongbr|   6 | 528 | 545 |1426 | 593 |  2 |  72 | 213 | 2.647188e-02 | 5.014576e-02 |  89.43%|  34.83%

SCIP Status        : problem is solved [optimal solution found]
Solving Time (sec) : 6.00
Solving Nodes      : 18
Primal Bound       : +5.01457557528742e-02 (23 solutions)
Dual Bound         : +5.01457557528742e-02
Gap                : 0.00 %

primal solution (original space):
=================================

objective value:                   0.0501457557528742
y(1,1)                                              1 	(obj:0.00767031276283159)
y(1,8)                                              1 	(obj:-0.000657799370114418)
y(1,10)                                             1 	(obj:0.00200055134274045)
y(1,14)                                             1 	(obj:0.00113206532260137)
y(1,16)                                             1 	(obj:-0.00134024570672541)
y(1,17)                                             1 	(obj:0.00407729027549987)
y(1,19)                                             1 	(obj:-0.000298131372647599)
y(1,21)                                             1 	(obj:0.000919256844263239)
y(1,22)                                             1 	(obj:0.00111851344259433)
y(1,24)                                             1 	(obj:-0.00204523333295278)
y(1,25)                                             1 	(obj:5.15484813780078e-05)
y(1,26)                                             1 	(obj:-0.00260817289451647)
y(1,27)                                             1 	(obj:-0.00111030297988091)
y(1,28)                                             1 	(obj:2.52477907625765e-06)
y(1,31)                                             1 	(obj:9.87384874852296e-05)
y(1,32)                                             1 	(obj:0.000532939980487558)
y(8,1)                                              1 	(obj:-0.000657799370114418)
y(8,8)                                              1 	(obj:0.0102774388489726)
y(8,10)                                             1 	(obj:0.000259917365784428)
y(8,14)                                             1 	(obj:0.000314491749734183)
y(8,16)                                             1 	(obj:-0.000615981519016434)
y(8,17)                                             1 	(obj:-0.00645895187963097)
y(8,19)                                             1 	(obj:-0.00342925153793609)
y(8,21)                                             1 	(obj:0.000150488103565703)
y(8,22)                                             1 	(obj:-0.00461129718784755)
y(8,24)                                             1 	(obj:-0.000185533345179913)
y(8,25)                                             1 	(obj:-9.58311851700872e-06)
y(8,26)                                             1 	(obj:0.000331210109186844)
y(8,27)                                             1 	(obj:0.00108313859081381)
y(8,28)                                             1 	(obj:0.0015049655900611)
y(8,31)                                             1 	(obj:-0.000324545618226622)
y(8,32)                                             1 	(obj:-0.00242431171666175)
y(10,1)                                             1 	(obj:0.00200055134274045)
y(10,8)                                             1 	(obj:0.000259917365784428)
y(10,10)                                            1 	(obj:0.0234697524133554)
y(10,14)                                            1 	(obj:0.00310719659977002)
y(10,16)                                            1 	(obj:0.000526353098211271)
y(10,17)                                            1 	(obj:-0.0016398472470482)
y(10,19)                                            1 	(obj:-0.00540967012759403)
y(10,21)                                            1 	(obj:-0.00385634896639785)
y(10,22)                                            1 	(obj:0.000131670953079326)
y(10,24)                                            1 	(obj:-0.000326611888466498)
y(10,25)                                            1 	(obj:-0.00158204567332991)
y(10,26)                                            1 	(obj:0.00213241141977764)
y(10,27)                                            1 	(obj:-0.00284742995015265)
y(10,28)                                            1 	(obj:-0.00209155054501616)
y(10,31)                                            1 	(obj:-0.00168710850414816)
y(10,32)                                            1 	(obj:-0.000983937143631667)
y(14,1)                                             1 	(obj:0.00113206532260137)
y(14,8)                                             1 	(obj:0.000314491749734183)
y(14,10)                                            1 	(obj:0.00310719659977002)
y(14,14)                                            1 	(obj:0.00619205527063238)
y(14,16)                                            1 	(obj:-0.000802055783177266)
y(14,17)                                            1 	(obj:0.00800081148024727)
y(14,19)                                            1 	(obj:-0.0101297021990966)
y(14,21)                                            1 	(obj:0.000116792085849334)
y(14,22)                                            1 	(obj:-0.00124757768949802)
y(14,24)                                            1 	(obj:-0.00192450294085663)
y(14,25)                                            1 	(obj:2.23817655616908e-05)
y(14,26)                                            1 	(obj:-0.000842422401989349)
y(14,27)                                            1 	(obj:0.000493078048905072)
y(14,28)                                            1 	(obj:0.00186227316445638)
y(14,31)                                            1 	(obj:-0.000433429613432084)
y(14,32)                                            1 	(obj:0.000561637791140687)
y(16,1)                                             1 	(obj:-0.00134024570672541)
y(16,8)                                             1 	(obj:-0.000615981519016434)
y(16,10)                                            1 	(obj:0.000526353098211271)
y(16,14)                                            1 	(obj:-0.000802055783177266)
y(16,16)                                            1 	(obj:0.00684082642075591)
y(16,17)                                            1 	(obj:-0.00036476184994567)
y(16,19)                                            1 	(obj:-0.00866748463240734)
y(16,21)                                            1 	(obj:-0.000194705149047685)
y(16,22)                                            1 	(obj:0.00108699276122696)
y(16,24)                                            1 	(obj:0.000712555954516991)
y(16,25)                                            1 	(obj:-0.000364729128112444)
y(16,26)                                            1 	(obj:-0.00503393172180767)
y(16,27)                                            1 	(obj:-0.000265667083582831)
y(16,28)                                            1 	(obj:0.00102554026604743)
y(16,31)                                            1 	(obj:-0.000473024287358912)
y(16,32)                                            1 	(obj:-3.39740518667092e-06)
y(17,1)                                             1 	(obj:0.00407729027549987)
y(17,8)                                             1 	(obj:-0.00645895187963097)
y(17,10)                                            1 	(obj:-0.0016398472470482)
y(17,14)                                            1 	(obj:0.00800081148024727)
y(17,16)                                            1 	(obj:-0.00036476184994567)
y(17,17)                                            1 	(obj:0.0317503507374733)
y(17,19)                                            1 	(obj:-0.0150008912857982)
y(17,21)                                            1 	(obj:-0.001755896027555)
y(17,22)                                            1 	(obj:0.0081799256263793)
y(17,24)                                            1 	(obj:-0.00366681210803053)
y(17,25)                                            1 	(obj:-0.00307758190286769)
y(17,26)                                            1 	(obj:-0.00027953174484488)
y(17,27)                                            1 	(obj:-0.00323392254001636)
y(17,28)                                            1 	(obj:0.000931098719482053)
y(17,31)                                            1 	(obj:-6.68647637864552e-05)
y(17,32)                                            1 	(obj:-0.00223210861257149)
y(19,1)                                             1 	(obj:-0.000298131372647599)
y(19,8)                                             1 	(obj:-0.00342925153793609)
y(19,10)                                            1 	(obj:-0.00540967012759403)
y(19,14)                                            1 	(obj:-0.0101297021990966)
y(19,16)                                            1 	(obj:-0.00866748463240734)
y(19,17)                                            1 	(obj:-0.0150008912857982)
y(19,19)                                            1 	(obj:0.0754613041603974)
y(19,21)                                            1 	(obj:0.00080417852200513)
y(19,22)                                            1 	(obj:0.000138097613516807)
y(19,24)                                            1 	(obj:0.00254771015774432)
y(19,25)                                            1 	(obj:0.000643036306755698)
y(19,26)                                            1 	(obj:-0.000737128480392634)
y(19,27)                                            1 	(obj:-0.00386947991541787)
y(19,28)                                            1 	(obj:-0.0036314773753336)
y(19,31)                                            1 	(obj:0.00227390848614018)
y(19,32)                                            1 	(obj:-0.00611611651836377)
y(21,1)                                             1 	(obj:0.000919256844263239)
y(21,8)                                             1 	(obj:0.000150488103565703)
y(21,10)                                            1 	(obj:-0.00385634896639785)
y(21,14)                                            1 	(obj:0.000116792085849334)
y(21,16)                                            1 	(obj:-0.000194705149047685)
y(21,17)                                            1 	(obj:-0.001755896027555)
y(21,19)                                            1 	(obj:0.00080417852200513)
y(21,21)                                            1 	(obj:0.00796655222184609)
y(21,22)                                            1 	(obj:-0.00575525114807822)
y(21,24)                                            1 	(obj:0.00260959058411821)
y(21,25)                                            1 	(obj:0.00141799537871856)
y(21,26)                                            1 	(obj:-0.00545888241650029)
y(21,27)                                            1 	(obj:-0.000603149876918134)
y(21,28)                                            1 	(obj:0.00147461012712317)
y(21,31)                                            1 	(obj:0.000498596533580351)
y(21,32)                                            1 	(obj:0.00155743495640531)
y(22,1)                                             1 	(obj:0.00111851344259433)
y(22,8)                                             1 	(obj:-0.00461129718784755)
y(22,10)                                            1 	(obj:0.000131670953079326)
y(22,14)                                            1 	(obj:-0.00124757768949802)
y(22,16)                                            1 	(obj:0.00108699276122696)
y(22,17)                                            1 	(obj:0.0081799256263793)
y(22,19)                                            1 	(obj:0.000138097613516807)
y(22,21)                                            1 	(obj:-0.00575525114807822)
y(22,22)                                            1 	(obj:0.0247859604564121)
y(22,24)                                            1 	(obj:-0.00296941665538735)
y(22,25)                                            1 	(obj:0.000839710568622833)
y(22,26)                                            1 	(obj:-0.00168353795835875)
y(22,27)                                            1 	(obj:-0.00474508621534849)
y(22,28)                                            1 	(obj:-0.00106813615069047)
y(22,31)                                            1 	(obj:0.00085735710422425)
y(22,32)                                            1 	(obj:-0.00233102364378802)
y(24,1)                                             1 	(obj:-0.00204523333295278)
y(24,8)                                             1 	(obj:-0.000185533345179913)
y(24,10)                                            1 	(obj:-0.000326611888466498)
y(24,14)                                            1 	(obj:-0.00192450294085663)
y(24,16)                                            1 	(obj:0.000712555954516991)
y(24,17)                                            1 	(obj:-0.00366681210803053)
y(24,19)                                            1 	(obj:0.00254771015774432)
y(24,21)                                            1 	(obj:0.00260959058411821)
y(24,22)                                            1 	(obj:-0.00296941665538735)
y(24,24)                                            1 	(obj:0.00745103115434798)
y(24,25)                                            1 	(obj:0.000648680120935944)
y(24,26)                                            1 	(obj:-0.00198537681582604)
y(24,27)                                            1 	(obj:0.000614130799699106)
y(24,28)                                            1 	(obj:0.000446351909555368)
y(24,31)                                            1 	(obj:0.000895163907524653)
y(24,32)                                            1 	(obj:-0.000526243234471446)
y(25,1)                                             1 	(obj:5.15484813780078e-05)
y(25,8)                                             1 	(obj:-9.58311851700872e-06)
y(25,10)                                            1 	(obj:-0.00158204567332991)
y(25,14)                                            1 	(obj:2.23817655616908e-05)
y(25,16)                                            1 	(obj:-0.000364729128112444)
y(25,17)                                            1 	(obj:-0.00307758190286769)
y(25,19)                                            1 	(obj:0.000643036306755698)
y(25,21)                                            1 	(obj:0.00141799537871856)
y(25,22)                                            1 	(obj:0.000839710568622833)
y(25,24)                                            1 	(obj:0.000648680120935944)
y(25,25)                                            1 	(obj:0.00303175389213757)
y(25,26)                                            1 	(obj:0.00284797890724487)
y(25,27)                                            1 	(obj:0.00125004456146044)
y(25,28)                                            1 	(obj:1.32329918127632e-05)
y(25,31)                                            1 	(obj:0.000246215551778446)
y(25,32)                                            1 	(obj:0.000551416961474718)
y(26,1)                                             1 	(obj:-0.00260817289451647)
y(26,8)                                             1 	(obj:0.000331210109186844)
y(26,10)                                            1 	(obj:0.00213241141977764)
y(26,14)                                            1 	(obj:-0.000842422401989349)
y(26,16)                                            1 	(obj:-0.00503393172180767)
y(26,17)                                            1 	(obj:-0.00027953174484488)
y(26,19)                                            1 	(obj:-0.000737128480392634)
y(26,21)                                            1 	(obj:-0.00545888241650029)
y(26,22)                                            1 	(obj:-0.00168353795835875)
y(26,24)                                            1 	(obj:-0.00198537681582604)
y(26,25)                                            1 	(obj:0.00284797890724487)
y(26,26)                                            1 	(obj:0.0329712493250647)
y(26,27)                                            1 	(obj:0.00247320651547976)
y(26,28)                                            1 	(obj:-0.00590447474254125)
y(26,31)                                            1 	(obj:-0.00442389434424512)
y(26,32)                                            1 	(obj:0.00203215191023129)
y(27,1)                                             1 	(obj:-0.00111030297988091)
y(27,8)                                             1 	(obj:0.00108313859081381)
y(27,10)                                            1 	(obj:-0.00284742995015265)
y(27,14)                                            1 	(obj:0.000493078048905072)
y(27,16)                                            1 	(obj:-0.000265667083582831)
y(27,17)                                            1 	(obj:-0.00323392254001636)
y(27,19)                                            1 	(obj:-0.00386947991541787)
y(27,21)                                            1 	(obj:-0.000603149876918134)
y(27,22)                                            1 	(obj:-0.00474508621534849)
y(27,24)                                            1 	(obj:0.000614130799699106)
y(27,25)                                            1 	(obj:0.00125004456146044)
y(27,26)                                            1 	(obj:0.00247320651547976)
y(27,27)                                            1 	(obj:0.00844446026416511)
y(27,28)                                            1 	(obj:0.000708125820631354)
y(27,31)                                            1 	(obj:-0.00120882707136783)
y(27,32)                                            1 	(obj:-0.000702310591203717)
y(28,1)                                             1 	(obj:2.52477907625765e-06)
y(28,8)                                             1 	(obj:0.0015049655900611)
y(28,10)                                            1 	(obj:-0.00209155054501616)
y(28,14)                                            1 	(obj:0.00186227316445638)
y(28,16)                                            1 	(obj:0.00102554026604743)
y(28,17)                                            1 	(obj:0.000931098719482053)
y(28,19)                                            1 	(obj:-0.0036314773753336)
y(28,21)                                            1 	(obj:0.00147461012712317)
y(28,22)                                            1 	(obj:-0.00106813615069047)
y(28,24)                                            1 	(obj:0.000446351909555368)
y(28,25)                                            1 	(obj:1.32329918127632e-05)
y(28,26)                                            1 	(obj:-0.00590447474254125)
y(28,27)                                            1 	(obj:0.000708125820631354)
y(28,28)                                            1 	(obj:0.00817780361320326)
y(28,31)                                            1 	(obj:0.000101108446143607)
y(28,32)                                            1 	(obj:0.0014827096510305)
y(31,1)                                             1 	(obj:9.87384874852296e-05)
y(31,8)                                             1 	(obj:-0.000324545618226622)
y(31,10)                                            1 	(obj:-0.00168710850414816)
y(31,14)                                            1 	(obj:-0.000433429613432084)
y(31,16)                                            1 	(obj:-0.000473024287358912)
y(31,17)                                            1 	(obj:-6.68647637864552e-05)
y(31,19)                                            1 	(obj:0.00227390848614018)
y(31,21)                                            1 	(obj:0.000498596533580351)
y(31,22)                                            1 	(obj:0.00085735710422425)
y(31,24)                                            1 	(obj:0.000895163907524653)
y(31,25)                                            1 	(obj:0.000246215551778446)
y(31,26)                                            1 	(obj:-0.00442389434424512)
y(31,27)                                            1 	(obj:-0.00120882707136783)
y(31,28)                                            1 	(obj:0.000101108446143607)
y(31,31)                                            1 	(obj:0.00703877062872399)
y(31,32)                                            1 	(obj:-0.00176249348886713)
y(32,1)                                             1 	(obj:0.000532939980487558)
y(32,8)                                             1 	(obj:-0.00242431171666175)
y(32,10)                                            1 	(obj:-0.000983937143631667)
y(32,14)                                            1 	(obj:0.000561637791140687)
y(32,16)                                            1 	(obj:-3.39740518667092e-06)
y(32,17)                                            1 	(obj:-0.00223210861257149)
y(32,19)                                            1 	(obj:-0.00611611651836377)
y(32,21)                                            1 	(obj:0.00155743495640531)
y(32,22)                                            1 	(obj:-0.00233102364378802)
y(32,24)                                            1 	(obj:-0.000526243234471446)
y(32,25)                                            1 	(obj:0.000551416961474718)
y(32,26)                                            1 	(obj:0.00203215191023129)
y(32,27)                                            1 	(obj:-0.000702310591203717)
y(32,28)                                            1 	(obj:0.0014827096510305)
y(32,31)                                            1 	(obj:-0.00176249348886713)
y(32,32)                                            1 	(obj:0.0159422036585954)
x(1)                                                1 	(obj:-0.00481287950569477)
x(8)                                                1 	(obj:-0.0039632964867238)
x(10)                                               1 	(obj:0.00348958563136663)
x(14)                                               1 	(obj:8.37439919309402e-05)
x(16)                                               1 	(obj:-0.00241282504337053)
x(17)                                               1 	(obj:0.00547277430122584)
x(19)                                               1 	(obj:-0.00817357099868575)
x(21)                                               1 	(obj:-0.0015919443066135)
x(22)                                               1 	(obj:-0.00298549485298503)
x(24)                                               1 	(obj:-0.00369022220868196)
x(25)                                               1 	(obj:-0.00344954764124067)
x(26)                                               1 	(obj:-0.0103284916925843)
x(27)                                               1 	(obj:-0.00348138226138299)
x(28)                                               1 	(obj:-0.00196802492960719)
x(31)                                               1 	(obj:-0.00417405686604247)
x(32)                                               1 	(obj:-0.00604824811529603)

Statistics
==========

SCIP Status        : problem is solved [optimal solution found]
Total Time         :       6.00
  solving          :       6.00
  presolving       :       0.00 (included in solving)
  reading          :       0.00
  copying          :       0.00 (2 #copies) (minimal 0.00, maximal 0.00, average 0.00)
Original Problem   :
  Problem name     : C:\Users\claudio\Documents\GitHub\embedding\src\lp\N32_B0.5_diversified_classical\IPL_linearized_N32q60.00B16.lp
  Variables        : 1056 (0 binary, 1056 integer, 0 implicit integer, 0 continuous)
  Constraints      : 3073 initial, 3073 maximal
  Objective        : minimize, 1056 non-zeros (abs.min = 2.52478e-06, abs.max = 0.0784466)
Presolved Problem  :
  Problem name     : t_C:\Users\claudio\Documents\GitHub\embedding\src\lp\N32_B0.5_diversified_classical\IPL_linearized_N32q60.00B16.lp
  Variables        : 528 (528 binary, 0 integer, 0 implicit integer, 0 continuous)
  Constraints      : 497 initial, 555 maximal
  Objective        : minimize, 528 non-zeros (abs.min = 5.04956e-06, abs.max = 0.0900048)
  Nonzeros         : 1520 constraint, 1988 clique table
Presolvers         :   ExecTime  SetupTime  Calls  FixedVars   AggrVars   ChgTypes  ChgBounds   AddHoles    DelCons    AddCons   ChgSides   ChgCoefs
  boundshift       :       0.00       0.00      0          0          0          0          0          0          0          0          0          0
  convertinttobin  :       0.00       0.00      0          0          0          0          0          0          0          0          0          0
  domcol           :       0.00       0.00      1          0          0          0          0          0          0          0          0          0
  dualagg          :       0.00       0.00      0          0          0          0          0          0          0          0          0          0
  dualcomp         :       0.00       0.00      0          0          0          0          0          0          0          0          0          0
  dualinfer        :       0.00       0.00      0          0          0          0          0          0          0          0          0          0
  dualsparsify     :       0.00       0.00      1          0          0          0          0          0          0          0          0          0
  gateextraction   :       0.00       0.00      1          0          0          0          0          0       2976        992          0          0
  implics          :       0.00       0.00      4          0          0          0          0          0          0          0          0          0
  inttobinary      :       0.00       0.00      0          0          0          0          0          0          0          0          0          0
  milp             :       0.00       0.00      1          0          0          0          0          0          0          0          0          0
  qpkktref         :       0.00       0.00      0          0          0          0          0          0          0          0          0          0
  redvub           :       0.00       0.00      0          0          0          0          0          0          0          0          0          0
  sparsify         :       0.00       0.00      1          0          0          0          0          0          0          0          0          0
  stuffing         :       0.00       0.00      0          0          0          0          0          0          0          0          0          0
  trivial          :       0.00       0.00      6          0          0          0          0          0          0          0          0          0
  tworowbnd        :       0.00       0.00      0          0          0          0          0          0          0          0          0          0
  dualfix          :       0.00       0.00      6          0          0          0          0          0          0          0          0          0
  genvbounds       :       0.00       0.00      0          0          0          0          0          0          0          0          0          0
  probing          :       0.00       0.00      1          0          0          0          0          0          0          0          0          0
  pseudoobj        :       0.00       0.00      0          0          0          0          0          0          0          0          0          0
  symmetry         :       0.00       0.00      1          0          0          0          0          0          0          0          0          0
  vbounds          :       0.00       0.00      1          0          0          0          0          0          0          0          0          0
  setppc           :       0.00       0.00      2          0          0          0          0          0          0          0          0          0
  and              :       0.00       0.00      4          0        496          0          0          0        496          0          0          0
  linear           :       0.00       0.00      8          0         32          0          0          0         96          0         32         32
  logicor          :       0.00       0.00      2          0          0          0          0          0          0          0          0          0
  benders          :       0.00       0.00      0          0          0          0          0          0          0          0          0          0
  components       :       0.00       0.00      1          0          0          0          0          0          0          0          0          0
  root node        :          -          -      -         65          -          -         65          -          -          -          -          -
Constraints        :     Number  MaxNumber  #Separate #Propagate    #EnfoLP    #EnfoRelax  #EnfoPS    #Check   #ResProp    Cutoffs    DomReds       Cuts    Applied      Conss   Children
  benderslp        :          0          0          0          0         21          0          0         41          0          0          0          0          0          0          0
  integral         :          0          0          0          0         21          0          0         41          0          1         74          0          0         27         20
  setppc           :          0+         3          0        222          0          0          0          1          1          0          0          0          0          0          0
  and              :        496        496         71       2161          0          0          0         36        641         18        804        427        222          0          0
  linear           :          1          1         32       2124          0          0          0         25         12          4          0          0          0          0          0
  logicor          :          0+        65         29        526          0          0          0          0          2          1          0          0          0          0          0
  benders          :          0          0          0          0          0          0          0         24          0          0          0          0          0          0          0
  countsols        :          0          0          0          0          0          0          0         24          0          0          0          0          0          0          0
  components       :          0          0          0          0          0          0          0          0          0          0          0          0          0          0          0
Constraint Timings :  TotalTime  SetupTime   Separate  Propagate     EnfoLP     EnfoPS     EnfoRelax   Check    ResProp    SB-Prop
  benderslp        :       0.00       0.00       0.00       0.00       0.00       0.00       0.00       0.00       0.00       0.00
  integral         :       3.00       0.00       0.00       0.00       3.00       0.00       0.00       0.00       0.00       0.00
  setppc           :       0.00       0.00       0.00       0.00       0.00       0.00       0.00       0.00       0.00       0.00
  and              :       0.00       0.00       0.00       0.00       0.00       0.00       0.00       0.00       0.00       0.00
  linear           :       0.00       0.00       0.00       0.00       0.00       0.00       0.00       0.00       0.00       0.00
  logicor          :       0.00       0.00       0.00       0.00       0.00       0.00       0.00       0.00       0.00       0.00
  benders          :       0.00       0.00       0.00       0.00       0.00       0.00       0.00       0.00       0.00       0.00
  countsols        :       0.00       0.00       0.00       0.00       0.00       0.00       0.00       0.00       0.00       0.00
  components       :       0.00       0.00       0.00       0.00       0.00       0.00       0.00       0.00       0.00       0.00
Propagators        : #Propagate   #ResProp    Cutoffs    DomReds
  dualfix          :          3          0          0          0
  genvbounds       :          0          0          0          0
  nlobbt           :          0          0          0          0
  obbt             :          0          0          0          0
  probing          :          0          0          0          0
  pseudoobj        :        123          0          0          0
  redcost          :        116          0          0        170
  rootredcost      :          4          0          0          1
  symmetry         :          0          0          0          0
  vbounds          :       2086          0          0          0
Propagator Timings :  TotalTime  SetupTime   Presolve  Propagate    ResProp    SB-Prop
  dualfix          :       0.00       0.00       0.00       0.00       0.00       0.00
  genvbounds       :       0.00       0.00       0.00       0.00       0.00       0.00
  nlobbt           :       0.00       0.00       0.00       0.00       0.00       0.00
  obbt             :       0.00       0.00       0.00       0.00       0.00       0.00
  probing          :       0.00       0.00       0.00       0.00       0.00       0.00
  pseudoobj        :       0.00       0.00       0.00       0.00       0.00       0.00
  redcost          :       0.00       0.00       0.00       0.00       0.00       0.00
  rootredcost      :       0.00       0.00       0.00       0.00       0.00       0.00
  symmetry         :       0.00       0.00       0.00       0.00       0.00       0.00
  vbounds          :       0.00       0.00       0.00       0.00       0.00       0.00
Conflict Analysis  :       Time      Calls    Success    DomReds  Conflicts   Literals    Reconvs ReconvLits   Dualrays   Nonzeros   LP Iters   (pool size: [10000,10000])
  propagation      :       0.00         19         19          -         50       13.2          0        0.0          -          -          -
  infeasible LP    :       0.00          0          0          -          0        0.0          0        0.0          0        0.0          0
  bound exceed. LP :       0.00         51         12          -         63       49.7          1       16.0          1       77.0        392
  strong branching :       0.00          0          0          -          0        0.0          0        0.0          -          -          0
  pseudo solution  :       0.00          0          0          -          0        0.0          0        0.0          -          -          -
  applied globally :       0.00          -          -          0         91       19.3          -          -          1          -          -
  applied locally  :          -          -          -          0          0        0.0          -          -          0          -          -
Separators         :   ExecTime  SetupTime      Calls    Cutoffs    DomReds       Cuts    Applied      Conss
  cut pool         :       0.00                    59          -          -       1627          -          -    (maximal pool size: 5349)
  aggregation      :       0.00       0.00         32          0          0          0          0          0
  cgmip            :       0.00       0.00          0          0          0          0          0          0
  clique           :       0.00       0.00         32          0          0          0          0          0
  closecuts        :       0.00       0.00          0          0          0          0          0          0
  cmir             :       0.00       0.00          0          0          0          0          0          0
  convexproj       :       0.00       0.00          0          0          0          0          0          0
  disjunctive      :       0.00       0.00          0          0          0          0          0          0
  eccuts           :       0.00       0.00          0          0          0          0          0          0
  flowcover        :       0.00       0.00          0          0          0          0          0          0
  gauge            :       0.00       0.00          0          0          0          0          0          0
  gomory           :       0.00       0.00         10          0          0       1723        133          0
  impliedbounds    :       0.00       0.00         32          0          0        218        134          0
  intobj           :       0.00       0.00          0          0          0          0          0          0
  mcf              :       0.00       0.00          1          0          0          0          0          0
  oddcycle         :       0.00       0.00          0          0          0          0          0          0
  rapidlearning    :       0.00       0.00          0          0          0          0          0          0
  strongcg         :       1.00       0.00         20          0          0       3287         52          0
  zerohalf         :       0.00       0.00         20          0          0        121        109          0
Pricers            :   ExecTime  SetupTime      Calls       Vars
  problem variables:       0.00          -          0          0
Branching Rules    :   ExecTime  SetupTime   BranchLP  BranchExt   BranchPS    Cutoffs    DomReds       Cuts      Conss   Children
  allfullstrong    :       0.00       0.00          0          0          0          0          0          0          0          0
  cloud            :       0.00       0.00          0          0          0          0          0          0          0          0
  distribution     :       0.00       0.00          0          0          0          0          0          0          0          0
  fullstrong       :       0.00       0.00          0          0          0          0          0          0          0          0
  inference        :       0.00       0.00          0          0          0          0          0          0          0          0
  leastinf         :       0.00       0.00          0          0          0          0          0          0          0          0
  lookahead        :       0.00       0.00          0          0          0          0          0          0          0          0
  mostinf          :       0.00       0.00          0          0          0          0          0          0          0          0
  multaggr         :       0.00       0.00          0          0          0          0          0          0          0          0
  nodereopt        :       0.00       0.00          0          0          0          0          0          0          0          0
  pscost           :       0.00       0.00          0          0          0          0          0          0          0          0
  random           :       0.00       0.00          0          0          0          0          0          0          0          0
  relpscost        :       3.00       0.00         21          0          0          1         74          0         31         20
  vanillafullstrong:       0.00       0.00          0          0          0          0          0          0          0          0
Primal Heuristics  :   ExecTime  SetupTime      Calls      Found       Best
  LP solutions     :       0.00          -          -          0          0
  relax solutions  :       0.00          -          -          0          0
  pseudo solutions :       0.00          -          -          0          0
  strong branching :       0.00          -          -          3          3
  actconsdiving    :       0.00       0.00          0          0          0
  adaptivediving   :       0.00       0.00          0          0          0
  alns             :       0.00       0.00          1          0          0
  bound            :       0.00       0.00          0          0          0
  clique           :       0.00       0.00          1          1          1
  coefdiving       :       0.00       0.00          0          0          0
  completesol      :       0.00       0.00          0          0          0
  conflictdiving   :       0.00       0.00          1          0          0
  crossover        :       0.00       0.00          0          0          0
  dins             :       0.00       0.00          0          0          0
  distributiondivin:       0.00       0.00          0          0          0
  dualval          :       0.00       0.00          0          0          0
  farkasdiving     :       0.00       0.00          1          1          1
  feaspump         :       0.00       0.00          0          0          0
  fixandinfer      :       0.00       0.00          0          0          0
  fracdiving       :       0.00       0.00          0          0          0
  gins             :       0.00       0.00          0          0          0
  guideddiving     :       0.00       0.00          0          0          0
  indicator        :       0.00       0.00          0          0          0
  intdiving        :       0.00       0.00          0          0          0
  intshifting      :       0.00       0.00          0          0          0
  linesearchdiving :       0.00       0.00          0          0          0
  localbranching   :       0.00       0.00          0          0          0
  locks            :       0.00       0.00          1          1          1
  lpface           :       0.00       0.00          0          0          0
  mpec             :       0.00       0.00          0          0          0
  multistart       :       0.00       0.00          0          0          0
  mutation         :       0.00       0.00          0          0          0
  nlpdiving        :       0.00       0.00          0          0          0
  objpscostdiving  :       0.00       0.00          0          0          0
  octane           :       0.00       0.00          0          0          0
  ofins            :       0.00       0.00          0          0          0
  oneopt           :       0.00       0.00          7          0          0
  padm             :       0.00       0.00          0          0          0
  proximity        :       0.00       0.00          0          0          0
  pscostdiving     :       0.00       0.00          0          0          0
  randrounding     :       0.00       0.00         32          0          0
  rens             :       0.00       0.00          0          0          0
  reoptsols        :       0.00       0.00          0          0          0
  repair           :       0.00       0.00          0          0          0
  rins             :       0.00       0.00          0          0          0
  rootsoldiving    :       0.00       0.00          0          0          0
  rounding         :       0.00       0.00         76          0          0
  shiftandpropagate:       0.00       0.00          0          0          0
  shifting         :       0.00       0.00         32         15          1
  simplerounding   :       0.00       0.00          0          0          0
  subnlp           :       0.00       0.00          0          0          0
  trivial          :       0.00       0.00          2          0          0
  trivialnegation  :       0.00       0.00          0          0          0
  trustregion      :       0.00       0.00          0          0          0
  trysol           :       0.00       0.00          0          0          0
  twoopt           :       0.00       0.00          0          0          0
  undercover       :       0.00       0.00          1          1          1
  vbounds          :       0.00       0.00          1          1          1
  veclendiving     :       0.00       0.00          0          0          0
  zeroobj          :       0.00       0.00          0          0          0
  zirounding       :       0.00       0.00         10          0          0
  other solutions  :          -          -          -          0          -
Diving (single)    :      Calls      Nodes   LP Iters Backtracks  Conflicts   MinDepth   MaxDepth   AvgDepth  RoundSols  NLeafSols  MinSolDpt  MaxSolDpt  AvgSolDpt
  actconsdiving    :          0          -          -          -          -          -          -          -          -          -          -          -          -
  coefdiving       :          0          -          -          -          -          -          -          -          -          -          -          -          -
  conflictdiving   :          1         14        768          1          0         14         14       14.0          0          -          -          -          -
  distributiondivin:          0          -          -          -          -          -          -          -          -          -          -          -          -
  farkasdiving     :          1         28       1609          1         24         28         28       28.0          0          1         28         28       28.0
  fracdiving       :          0          -          -          -          -          -          -          -          -          -          -          -          -
  guideddiving     :          0          -          -          -          -          -          -          -          -          -          -          -          -
  linesearchdiving :          0          -          -          -          -          -          -          -          -          -          -          -          -
  pscostdiving     :          0          -          -          -          -          -          -          -          -          -          -          -          -
  veclendiving     :          0          -          -          -          -          -          -          -          -          -          -          -          -
Diving (adaptive)  :      Calls      Nodes   LP Iters Backtracks  Conflicts   MinDepth   MaxDepth   AvgDepth  RoundSols  NLeafSols  MinSolDpt  MaxSolDpt  AvgSolDpt
  actconsdiving    :          0          -          -          -          -          -          -          -          -          -          -          -          -
  coefdiving       :          0          -          -          -          -          -          -          -          -          -          -          -          -
  conflictdiving   :          0          -          -          -          -          -          -          -          -          -          -          -          -
  distributiondivin:          0          -          -          -          -          -          -          -          -          -          -          -          -
  farkasdiving     :          0          -          -          -          -          -          -          -          -          -          -          -          -
  fracdiving       :          0          -          -          -          -          -          -          -          -          -          -          -          -
  guideddiving     :          0          -          -          -          -          -          -          -          -          -          -          -          -
  linesearchdiving :          0          -          -          -          -          -          -          -          -          -          -          -          -
  pscostdiving     :          0          -          -          -          -          -          -          -          -          -          -          -          -
  veclendiving     :          0          -          -          -          -          -          -          -          -          -          -          -          -
Neighborhoods      :      Calls  SetupTime  SolveTime SolveNodes       Sols       Best       Exp3  EpsGreedy        UCB TgtFixRate  Opt  Inf Node Stal  Sol  Usr Othr Actv
  rens             :          0       0.00       0.00          0          0          0    0.00000   -1.00000    1.00000      0.900    0    0    0    0    0    0    0    1
  rins             :          0       0.00       0.00          0          0          0    0.00000   -1.00000    1.00000      0.900    0    0    0    0    0    0    0    1
  mutation         :          1       0.00       0.00          1          0          0    0.00000   -1.00000    1.00000      0.700    0    1    0    0    0    0    0    1
  localbranching   :          0       0.00       0.00          0          0          0    0.00000   -1.00000    1.00000      0.900    0    0    0    0    0    0    0    1
  crossover        :          0       0.00       0.00          0          0          0    0.00000   -1.00000    1.00000      0.900    0    0    0    0    0    0    0    1
  proximity        :          0       0.00       0.00          0          0          0    0.00000   -1.00000    1.00000      0.900    0    0    0    0    0    0    0    1
  zeroobjective    :          0       0.00       0.00          0          0          0    0.00000   -1.00000    1.00000      0.900    0    0    0    0    0    0    0    1
  dins             :          0       0.00       0.00          0          0          0    0.00000   -1.00000    1.00000      0.900    0    0    0    0    0    0    0    1
  trustregion      :          0       0.00       0.00          0          0          0    0.00000   -1.00000    1.00000      0.900    0    0    0    0    0    0    0    0
LP                 :       Time      Calls Iterations  Iter/call   Iter/sec  Time-0-It Calls-0-It    ItLimit
  primal LP        :       0.00          5          0       0.00          -       0.00          5
  dual LP          :       0.00        100       8284     101.02          -       0.00         18
  lex dual LP      :       0.00          0          0       0.00          -
  barrier LP       :       0.00          0          0       0.00          -       0.00          0
  resolve instable :       0.00          0          0       0.00          -
  diving/probing LP:       0.00         30       2377      79.23          -
  strong branching :       3.00        242      55365     228.78   18455.00          -          -          1
    (at root node) :          -         19      10624     559.16          -
  conflict analysis:       0.00         40        392       9.80          -
B&B Tree           :
  number of runs   :          1
  nodes            :         18 (10 internal, 8 leaves)
  feasible leaves  :          0
  infeas. leaves   :          1
  objective leaves :          7
  nodes (total)    :         18 (10 internal, 8 leaves)
  nodes left       :          0
  max depth        :          6
  max depth (total):          6
  backtracks       :          5 (27.8%)
  early backtracks :          0 (0.0%)
  nodes exc. ref.  :          0 (0.0%)
  delayed cutoffs  :          0
  repropagations   :          1 (0 domain reductions, 0 cutoffs)
  avg switch length:       2.44
  switching time   :       0.00
Estim. Tree Size   :         21
Estimation Tree    : 21 nodes (21 visited, 10 internal, 11 leaves, 0 open), weight: 1.0000 completed 1.0000
Estimations        :      estim      value      trend resolution     smooth
  wbe              :         21          -          -          -          -
  tree-profile     :         -1          -          -          -          -
  gap              :         21    1.00000    0.05626          1         22
  tree-weight      :         21    1.00000    0.07442          1         23
  leaf-frequency   :         21    0.50000    0.00784          1         22
  ssg              :         21   -0.00000   -0.07837          1         21
  open-nodes       :         21    0.00000    0.67690          1         26
Root Node          :
  First LP value   : -2.50307152678852e-01
  First LP Iters   :        633
  First LP Time    :       0.00
  Final Dual Bound : +5.01457557528742e-02
  Final Root Iters :       3804
  Root LP Estimate : +3.28651361045574e-01
Solution           :
  Solutions found  :         23 (9 improvements)
  First Solution   : +5.21739901697684e-01   (in run 1, after 1 nodes, 0.00 seconds, depth 21, found by <clique>)
  Gap First Sol.   :   infinite
  Gap Last Sol.    :      89.43 %
  Primal Bound     : +5.01457557528742e-02   (in run 1, after 15 nodes, 6.00 seconds, depth 6, found by <relaxation>)
  Dual Bound       : +5.01457557528742e-02
  Gap              :       0.00 %
Integrals          :      Total       Avg%
  primal-dual      :     570.71      95.12
  primal-ref       :          -          - (not evaluated)
  dual-ref         :          -          - (not evaluated)
