SCIP version 7.0.2 [precision: 8 byte] [memory: block] [mode: optimized] [LP solver: SoPlex 5.0.2] [GitHash: e9d280a398]
Copyright (C) 2002-2020 Konrad-Zuse-Zentrum fuer Informationstechnik Berlin (ZIB)

External codes: 
  SoPlex 5.0.2         Linear Programming Solver developed at Zuse Institute Berlin (soplex.zib.de) [GitHash: e24c304e]
  CppAD 20180000.0     Algorithmic Differentiation of C++ algorithms developed by B. Bell (www.coin-or.org/CppAD)
  MPIR 3.0.0           Multiple Precision Integers and Rationals Library developed by W. Hart (mpir.org)
  ZIMPL 3.4.0          Zuse Institute Mathematical Programming Language developed by T. Koch (zimpl.zib.de)
  PaPILO 1.0.2         parallel presolve for integer and linear optimization (https://github.com/lgottwald/PaPILO) [GitHash: 62d2842]
  bliss 0.73p          Computing Graph Automorphism Groups by T. Junttila and P. Kaski (http://www.tcs.hut.fi/Software/bliss/)
  Ipopt 3.12.9         Interior Point Optimizer developed by A. Waechter et.al. (www.coin-or.org/Ipopt)

user parameter file <scip.set> not found - using default parameters

read problem <C:\Users\claudio\Documents\GitHub\embedding\src\lp\N32_B0.5_diversified_classical\IPL_linearized_N32q10.00B16.lp>
============

original problem has 1056 variables (0 bin, 1056 int, 0 impl, 0 cont) and 3073 constraints

solve problem
=============

presolving:
(round 1, fast)       32 del vars, 32 del conss, 0 add conss, 0 chg bounds, 32 chg sides, 32 chg coeffs, 0 upgd conss, 0 impls, 1984 clqs
(round 2, fast)       32 del vars, 96 del conss, 0 add conss, 0 chg bounds, 32 chg sides, 32 chg coeffs, 0 upgd conss, 0 impls, 1984 clqs
   (1.0s) running MILP presolver
   (1.0s) MILP presolver found nothing
(round 3, exhaustive) 32 del vars, 96 del conss, 0 add conss, 0 chg bounds, 32 chg sides, 32 chg coeffs, 2976 upgd conss, 0 impls, 1984 clqs
(round 4, exhaustive) 32 del vars, 3072 del conss, 992 add conss, 0 chg bounds, 32 chg sides, 32 chg coeffs, 2976 upgd conss, 0 impls, 1984 clqs
(round 5, exhaustive) 528 del vars, 3568 del conss, 992 add conss, 0 chg bounds, 32 chg sides, 32 chg coeffs, 2976 upgd conss, 0 impls, 992 clqs
   (1.0s) probing: 51/528 (9.7%) - 0 fixings, 0 aggregations, 0 implications, 0 bound changes
   (1.0s) probing aborted: 50/50 successive totally useless probings
   (1.0s) symmetry computation started: requiring (bin +, int -, cont +), (fixed: bin -, int +, cont -)
   (1.0s) no symmetry present
presolving (6 rounds: 6 fast, 4 medium, 4 exhaustive):
 528 deleted vars, 3568 deleted constraints, 992 added constraints, 0 tightened bounds, 0 added holes, 32 changed sides, 32 changed coefficients
 0 implications, 992 cliques
presolved problem has 528 variables (528 bin, 0 int, 0 impl, 0 cont) and 497 constraints
    496 constraints of type <and>
      1 constraints of type <linear>
Presolving Time: 0.00

 time | node  | left  |LP iter|LP it/n|mem/heur|mdpt |vars |cons |rows |cuts |sepa|confs|strbr|  dualbound   | primalbound  |  gap   | compl. 
p 1.0s|     1 |     0 |     0 |     - |  clique|   0 | 528 | 497 | 993 |   0 |  0 |   0 |   0 |-2.322596e-01 |-3.226704e-03 |7098.05%| unknown
p 1.0s|     1 |     0 |     0 |     - | vbounds|   0 | 528 | 497 | 993 |   0 |  0 |   0 |   0 |-2.322596e-01 |-1.512922e-02 |1435.17%| unknown
  1.0s|     1 |     0 |   455 |     - |    13M |   0 | 528 | 497 | 993 |   0 |  0 |   0 |   0 |-9.962177e-02 |-1.512922e-02 | 558.47%| unknown
r 1.0s|     1 |     0 |   455 |     - |shifting|   0 | 528 | 502 | 993 |   0 |  0 |   5 |   0 |-9.962177e-02 |-2.275804e-02 | 337.74%| unknown
  1.0s|     1 |     0 |   697 |     - |    14M |   0 | 528 | 502 |1123 | 130 |  1 |   5 |   0 |-7.650497e-02 |-2.275804e-02 | 236.17%| unknown
r 1.0s|     1 |     0 |   697 |     - |shifting|   0 | 528 | 502 |1123 | 130 |  1 |   5 |   0 |-7.650497e-02 |-2.562551e-02 | 198.55%| unknown
  1.0s|     1 |     0 |   861 |     - |    15M |   0 | 528 | 502 |1173 | 180 |  2 |   5 |   0 |-7.143427e-02 |-2.562551e-02 | 178.76%| unknown
r 1.0s|     1 |     0 |   861 |     - |shifting|   0 | 528 | 503 |1173 | 180 |  2 |   6 |   0 |-7.143427e-02 |-3.136609e-02 | 127.74%| unknown
  1.0s|     1 |     0 |   970 |     - |    15M |   0 | 528 | 503 |1201 | 208 |  3 |   6 |   0 |-6.821327e-02 |-3.136609e-02 | 117.47%| unknown
r 1.0s|     1 |     0 |   970 |     - |shifting|   0 | 528 | 509 |1201 | 208 |  3 |  12 |   0 |-6.821327e-02 |-3.323232e-02 | 105.26%| unknown
  1.0s|     1 |     0 |  1100 |     - |    15M |   0 | 528 | 509 |1218 | 225 |  4 |  12 |   0 |-6.481694e-02 |-3.323232e-02 |  95.04%| unknown
r 1.0s|     1 |     0 |  1100 |     - |shifting|   0 | 528 | 515 |1218 | 225 |  4 |  18 |   0 |-6.481694e-02 |-3.853768e-02 |  68.19%| unknown
  1.0s|     1 |     0 |  1183 |     - |    16M |   0 | 528 | 515 |1231 | 238 |  5 |  18 |   0 |-6.281887e-02 |-3.853768e-02 |  63.01%| unknown
  1.0s|     1 |     0 |  1211 |     - |    17M |   0 | 528 | 515 |1255 | 262 |  6 |  18 |   0 |-6.218666e-02 |-3.853768e-02 |  61.37%| unknown
  1.0s|     1 |     0 |  1301 |     - |    17M |   0 | 528 | 516 |1271 | 278 |  7 |  19 |   0 |-6.077000e-02 |-3.853768e-02 |  57.69%| unknown
 time | node  | left  |LP iter|LP it/n|mem/heur|mdpt |vars |cons |rows |cuts |sepa|confs|strbr|  dualbound   | primalbound  |  gap   | compl. 
  1.0s|     1 |     0 |  1369 |     - |    17M |   0 | 528 | 516 |1280 | 287 |  8 |  19 |   0 |-5.979055e-02 |-3.853768e-02 |  55.15%| unknown
r 1.0s|     1 |     0 |  1369 |     - |shifting|   0 | 528 | 522 |1280 | 287 |  8 |  25 |   0 |-5.979055e-02 |-4.000632e-02 |  49.45%| unknown
  1.0s|     1 |     0 |  1449 |     - |    18M |   0 | 528 | 522 |1290 | 297 |  9 |  25 |   0 |-5.935531e-02 |-4.000632e-02 |  48.36%| unknown
  1.0s|     1 |     0 |  1524 |     - |    18M |   0 | 528 | 523 |1298 | 305 | 10 |  26 |   0 |-5.863311e-02 |-4.000632e-02 |  46.56%| unknown
  1.0s|     1 |     0 |  1524 |     - |    18M |   0 | 528 | 524 |1297 | 305 | 10 |  27 |   0 |-5.863311e-02 |-4.000632e-02 |  46.56%| unknown
  1.0s|     1 |     0 |  1591 |     - |    18M |   0 | 528 | 524 |1302 | 318 | 11 |  27 |   0 |-5.812013e-02 |-4.000632e-02 |  45.28%| unknown
  1.0s|     1 |     0 |  1662 |     - |    19M |   0 | 528 | 525 |1312 | 328 | 12 |  28 |   0 |-5.751859e-02 |-4.000632e-02 |  43.77%| unknown
  1.0s|     1 |     0 |  1726 |     - |    20M |   0 | 528 | 525 |1320 | 336 | 13 |  28 |   0 |-5.716907e-02 |-4.000632e-02 |  42.90%| unknown
  1.0s|     1 |     0 |  1783 |     - |    21M |   0 | 528 | 526 |1331 | 347 | 14 |  29 |   0 |-5.686012e-02 |-4.000632e-02 |  42.13%| unknown
  1.0s|     1 |     0 |  1909 |     - |    21M |   0 | 528 | 526 |1340 | 356 | 15 |  29 |   0 |-5.652094e-02 |-4.000632e-02 |  41.28%| unknown
  2.0s|     1 |     0 |  2007 |     - |    22M |   0 | 528 | 527 |1346 | 362 | 16 |  30 |   0 |-5.630603e-02 |-4.000632e-02 |  40.74%| unknown
  2.0s|     1 |     0 |  2058 |     - |    23M |   0 | 528 | 528 |1333 | 366 | 17 |  31 |   0 |-5.619254e-02 |-4.000632e-02 |  40.46%| unknown
  2.0s|     1 |     0 |  2120 |     - |    24M |   0 | 528 | 528 |1339 | 372 | 18 |  31 |   0 |-5.609753e-02 |-4.000632e-02 |  40.22%| unknown
  2.0s|     1 |     0 |  2218 |     - |    24M |   0 | 528 | 534 |1345 | 378 | 19 |  37 |   0 |-5.576710e-02 |-4.000632e-02 |  39.40%| unknown
  2.0s|     1 |     0 |  2302 |     - |    25M |   0 | 528 | 535 |1350 | 383 | 20 |  38 |   0 |-5.564494e-02 |-4.000632e-02 |  39.09%| unknown
 time | node  | left  |LP iter|LP it/n|mem/heur|mdpt |vars |cons |rows |cuts |sepa|confs|strbr|  dualbound   | primalbound  |  gap   | compl. 
  2.0s|     1 |     0 |  2331 |     - |    25M |   0 | 528 | 536 |1354 | 387 | 21 |  39 |   0 |-5.560758e-02 |-4.000632e-02 |  39.00%| unknown
  2.0s|     1 |     0 |  2383 |     - |    25M |   0 | 528 | 537 |1358 | 391 | 22 |  40 |   0 |-5.551517e-02 |-4.000632e-02 |  38.77%| unknown
  2.0s|     1 |     0 |  2423 |     - |    25M |   0 | 528 | 537 |1342 | 394 | 23 |  40 |   0 |-5.545387e-02 |-4.000632e-02 |  38.61%| unknown
  2.0s|     1 |     0 |  2473 |     - |    25M |   0 | 528 | 543 |1345 | 397 | 24 |  46 |   0 |-5.542118e-02 |-4.000632e-02 |  38.53%| unknown
  2.0s|     1 |     0 |  2491 |     - |    25M |   0 | 528 | 549 |1347 | 399 | 25 |  52 |   0 |-5.541931e-02 |-4.000632e-02 |  38.53%| unknown
  2.0s|     1 |     0 |  2497 |     - |    25M |   0 | 528 | 549 |1348 | 400 | 26 |  52 |   0 |-5.541606e-02 |-4.000632e-02 |  38.52%| unknown
  2.0s|     1 |     0 |  2505 |     - |    25M |   0 | 528 | 550 |1349 | 401 | 27 |  53 |   0 |-5.541510e-02 |-4.000632e-02 |  38.52%| unknown
  2.0s|     1 |     0 |  2515 |     - |    25M |   0 | 528 | 551 |1352 | 404 | 28 |  54 |   0 |-5.541482e-02 |-4.000632e-02 |  38.52%| unknown
  2.0s|     1 |     0 |  2515 |     - |    25M |   0 | 528 | 551 |1353 | 404 | 30 |  54 |   0 |-5.541482e-02 |-4.000632e-02 |  38.52%| unknown
o 2.0s|     1 |     0 |  5049 |     - |feaspump|   0 | 528 | 551 |1353 | 404 | 32 |  61 |   0 |-5.541482e-02 |-4.509826e-02 |  22.88%| unknown
  2.0s|     1 |     0 |  5358 |     - |    25M |   0 | 528 | 551 |1353 | 404 | 32 |  61 |   0 |-5.541482e-02 |-4.509826e-02 |  22.88%| unknown
  2.0s|     1 |     0 |  5366 |     - |    25M |   0 | 528 | 552 |1354 | 405 | 33 |  62 |   0 |-5.541410e-02 |-4.509826e-02 |  22.87%| unknown
  2.0s|     1 |     0 |  5373 |     - |    25M |   0 | 528 | 553 |1355 | 406 | 34 |  63 |   0 |-5.541339e-02 |-4.509826e-02 |  22.87%| unknown
  2.0s|     1 |     2 |  5373 |     - |    25M |   0 | 528 | 553 |1355 | 406 | 34 |  63 |  20 |-5.343227e-02 |-4.509826e-02 |  18.48%| unknown
* 3.0s|     4 |     2 |  5829 |1099.7 |strongbr|   3 | 528 | 553 |1314 | 425 |  2 |  63 |  63 |-5.290703e-02 |-4.986483e-02 |   6.10%|  20.48%
 time | node  | left  |LP iter|LP it/n|mem/heur|mdpt |vars |cons |rows |cuts |sepa|confs|strbr|  dualbound   | primalbound  |  gap   | compl. 
* 3.0s|     5 |     1 |  6193 | 915.8 |strongbr|   3 | 528 | 537 |1326 | 438 |  4 |  78 |  80 |-5.190567e-02 |-5.123289e-02 |   1.31%|  35.61%
* 3.0s|     5 |     1 |  6205 | 918.8 |    LP  |   3 | 528 | 537 |1326 | 438 |  6 |  78 |  81 |-5.190567e-02 |-5.135599e-02 |   1.07%|  35.61%

SCIP Status        : problem is solved [optimal solution found]
Solving Time (sec) : 3.00
Solving Nodes      : 6
Primal Bound       : -5.13559871923932e-02 (15 solutions)
Dual Bound         : -5.13559871923932e-02
Gap                : 0.00 %

primal solution (original space):
=================================

objective value:                  -0.0513559871923933
y(1,1)                                              1 	(obj:0.00127838546047193)
y(1,3)                                              1 	(obj:0.000321851665893848)
y(1,4)                                              1 	(obj:-4.35716813030762e-05)
y(1,5)                                              1 	(obj:8.47806538730767e-05)
y(1,8)                                              1 	(obj:-0.000109633228352403)
y(1,12)                                             1 	(obj:-0.000634442842430399)
y(1,13)                                             1 	(obj:-7.73550742964037e-05)
y(1,16)                                             1 	(obj:-0.000223374284454235)
y(1,19)                                             1 	(obj:-4.96885621079332e-05)
y(1,21)                                             1 	(obj:0.000153209474043873)
y(1,22)                                             1 	(obj:0.000186418907099056)
y(1,24)                                             1 	(obj:-0.000340872222158796)
y(1,26)                                             1 	(obj:-0.000434695482419412)
y(1,28)                                             1 	(obj:4.20796512709609e-07)
y(1,31)                                             1 	(obj:1.64564145808716e-05)
y(1,32)                                             1 	(obj:8.88233300812597e-05)
y(3,1)                                              1 	(obj:0.000321851665893848)
y(3,3)                                              1 	(obj:0.00225261395107554)
y(3,4)                                              1 	(obj:-0.000768672938471293)
y(3,5)                                              1 	(obj:-0.000131372279611098)
y(3,8)                                              1 	(obj:-0.000492945064170796)
y(3,12)                                             1 	(obj:-0.00077631907765223)
y(3,13)                                             1 	(obj:0.000409104753954755)
y(3,16)                                             1 	(obj:0.00012058102004171)
y(3,19)                                             1 	(obj:-0.00105854178626695)
y(3,21)                                             1 	(obj:0.000212166087364888)
y(3,22)                                             1 	(obj:-0.000211728326053951)
y(3,24)                                             1 	(obj:3.6924093852271e-05)
y(3,26)                                             1 	(obj:9.54185089998833e-05)
y(3,28)                                             1 	(obj:-8.79466577194038e-05)
y(3,31)                                             1 	(obj:-0.000150711882298088)
y(3,32)                                             1 	(obj:0.00223905018376563)
y(4,1)                                              1 	(obj:-4.35716813030762e-05)
y(4,3)                                              1 	(obj:-0.000768672938471293)
y(4,4)                                              1 	(obj:0.00783837330477811)
y(4,5)                                              1 	(obj:-0.000381156436351286)
y(4,8)                                              1 	(obj:0.00104526321637015)
y(4,12)                                             1 	(obj:9.48021481756218e-05)
y(4,13)                                             1 	(obj:-0.00223200409132949)
y(4,16)                                             1 	(obj:5.61765680424631e-05)
y(4,19)                                             1 	(obj:-0.00139508058293801)
y(4,21)                                             1 	(obj:8.10222246588925e-05)
y(4,22)                                             1 	(obj:0.00201237300752917)
y(4,24)                                             1 	(obj:-0.00158072302444857)
y(4,26)                                             1 	(obj:0.000253228851984447)
y(4,28)                                             1 	(obj:-0.000129664504521995)
y(4,31)                                             1 	(obj:-0.000332717567763338)
y(4,32)                                             1 	(obj:-0.000187937041714534)
y(5,1)                                              1 	(obj:8.47806538730767e-05)
y(5,3)                                              1 	(obj:-0.000131372279611098)
y(5,4)                                              1 	(obj:-0.000381156436351286)
y(5,5)                                              1 	(obj:0.00190863359191788)
y(5,8)                                              1 	(obj:-0.000337530475798474)
y(5,12)                                             1 	(obj:-0.000422711993492124)
y(5,13)                                             1 	(obj:8.46797835447177e-05)
y(5,16)                                             1 	(obj:-0.000239172440832994)
y(5,19)                                             1 	(obj:-0.000177915120735682)
y(5,21)                                             1 	(obj:8.44139304394819e-05)
y(5,22)                                             1 	(obj:-0.000232459702745073)
y(5,24)                                             1 	(obj:-3.89978554481937e-05)
y(5,26)                                             1 	(obj:-0.000264541153756087)
y(5,28)                                             1 	(obj:0.000975612315057281)
y(5,31)                                             1 	(obj:1.86690485972421e-05)
y(5,32)                                             1 	(obj:0.000282148675573916)
y(8,1)                                              1 	(obj:-0.000109633228352403)
y(8,3)                                              1 	(obj:-0.000492945064170796)
y(8,4)                                              1 	(obj:0.00104526321637015)
y(8,5)                                              1 	(obj:-0.000337530475798474)
y(8,8)                                              1 	(obj:0.00171290647482877)
y(8,12)                                             1 	(obj:-0.000177156091661331)
y(8,13)                                             1 	(obj:-0.000288347180306245)
y(8,16)                                             1 	(obj:-0.000102663586502739)
y(8,19)                                             1 	(obj:-0.000571541922989348)
y(8,21)                                             1 	(obj:2.50813505942838e-05)
y(8,22)                                             1 	(obj:-0.000768549531307925)
y(8,24)                                             1 	(obj:-3.09222241966521e-05)
y(8,26)                                             1 	(obj:5.52016848644739e-05)
y(8,28)                                             1 	(obj:0.000250827598343517)
y(8,31)                                             1 	(obj:-5.40909363711036e-05)
y(8,32)                                             1 	(obj:-0.000404051952776958)
y(12,1)                                             1 	(obj:-0.000634442842430399)
y(12,3)                                             1 	(obj:-0.00077631907765223)
y(12,4)                                             1 	(obj:9.48021481756218e-05)
y(12,5)                                             1 	(obj:-0.000422711993492124)
y(12,8)                                             1 	(obj:-0.000177156091661331)
y(12,12)                                            1 	(obj:0.0130744365284225)
y(12,13)                                            1 	(obj:0.00055409777450875)
y(12,16)                                            1 	(obj:0.000195037735135206)
y(12,19)                                            1 	(obj:0.000226124400327986)
y(12,21)                                            1 	(obj:-0.00111566642399766)
y(12,22)                                            1 	(obj:0.000144285336730893)
y(12,24)                                            1 	(obj:0.000705942368911784)
y(12,26)                                            1 	(obj:-0.00124670029960172)
y(12,28)                                            1 	(obj:-5.62719841511373e-05)
y(12,31)                                            1 	(obj:0.000216495320840378)
y(12,32)                                            1 	(obj:-0.00127722173379384)
y(13,1)                                             1 	(obj:-7.73550742964037e-05)
y(13,3)                                             1 	(obj:0.000409104753954755)
y(13,4)                                             1 	(obj:-0.00223200409132949)
y(13,5)                                             1 	(obj:8.46797835447177e-05)
y(13,8)                                             1 	(obj:-0.000288347180306245)
y(13,12)                                            1 	(obj:0.00055409777450875)
y(13,13)                                            1 	(obj:0.00135543124223756)
y(13,16)                                            1 	(obj:-0.000331774948832491)
y(13,19)                                            1 	(obj:0.00100180784978992)
y(13,21)                                            1 	(obj:0.000163535579098064)
y(13,22)                                            1 	(obj:-0.000386307114484832)
y(13,24)                                            1 	(obj:0.000995640280210944)
y(13,26)                                            1 	(obj:0.000350777870046483)
y(13,28)                                            1 	(obj:-5.82271425449755e-05)
y(13,31)                                            1 	(obj:2.0031812051627e-05)
y(13,32)                                            1 	(obj:0.000240787802263822)
y(16,1)                                             1 	(obj:-0.000223374284454235)
y(16,3)                                             1 	(obj:0.00012058102004171)
y(16,4)                                             1 	(obj:5.61765680424631e-05)
y(16,5)                                             1 	(obj:-0.000239172440832994)
y(16,8)                                             1 	(obj:-0.000102663586502739)
y(16,12)                                            1 	(obj:0.000195037735135206)
y(16,13)                                            1 	(obj:-0.000331774948832491)
y(16,16)                                            1 	(obj:0.00114013773679265)
y(16,19)                                            1 	(obj:-0.00144458077206789)
y(16,21)                                            1 	(obj:-3.24508581746142e-05)
y(16,22)                                            1 	(obj:0.000181165460204494)
y(16,24)                                            1 	(obj:0.000118759325752832)
y(16,26)                                            1 	(obj:-0.000838988620301279)
y(16,28)                                            1 	(obj:0.000170923377674572)
y(16,31)                                            1 	(obj:-7.88373812264854e-05)
y(16,32)                                            1 	(obj:-5.66234197778487e-07)
y(19,1)                                             1 	(obj:-4.96885621079332e-05)
y(19,3)                                             1 	(obj:-0.00105854178626695)
y(19,4)                                             1 	(obj:-0.00139508058293801)
y(19,5)                                             1 	(obj:-0.000177915120735682)
y(19,8)                                             1 	(obj:-0.000571541922989348)
y(19,12)                                            1 	(obj:0.000226124400327986)
y(19,13)                                            1 	(obj:0.00100180784978992)
y(19,16)                                            1 	(obj:-0.00144458077206789)
y(19,19)                                            1 	(obj:0.0125768840267329)
y(19,21)                                            1 	(obj:0.000134029753667522)
y(19,22)                                            1 	(obj:2.30162689194678e-05)
y(19,24)                                            1 	(obj:0.000424618359624053)
y(19,26)                                            1 	(obj:-0.000122854746732106)
y(19,28)                                            1 	(obj:-0.000605246229222266)
y(19,31)                                            1 	(obj:0.000378984747690029)
y(19,32)                                            1 	(obj:-0.00101935275306063)
y(21,1)                                             1 	(obj:0.000153209474043873)
y(21,3)                                             1 	(obj:0.000212166087364888)
y(21,4)                                             1 	(obj:8.10222246588925e-05)
y(21,5)                                             1 	(obj:8.44139304394819e-05)
y(21,8)                                             1 	(obj:2.50813505942838e-05)
y(21,12)                                            1 	(obj:-0.00111566642399766)
y(21,13)                                            1 	(obj:0.000163535579098064)
y(21,16)                                            1 	(obj:-3.24508581746142e-05)
y(21,19)                                            1 	(obj:0.000134029753667522)
y(21,21)                                            1 	(obj:0.00132775870364101)
y(21,22)                                            1 	(obj:-0.000959208524679704)
y(21,24)                                            1 	(obj:0.000434931764019702)
y(21,26)                                            1 	(obj:-0.000909813736083382)
y(21,28)                                            1 	(obj:0.000245768354520529)
y(21,31)                                            1 	(obj:8.30994222633918e-05)
y(21,32)                                            1 	(obj:0.000259572492734218)
y(22,1)                                             1 	(obj:0.000186418907099056)
y(22,3)                                             1 	(obj:-0.000211728326053951)
y(22,4)                                             1 	(obj:0.00201237300752917)
y(22,5)                                             1 	(obj:-0.000232459702745073)
y(22,8)                                             1 	(obj:-0.000768549531307925)
y(22,12)                                            1 	(obj:0.000144285336730893)
y(22,13)                                            1 	(obj:-0.000386307114484832)
y(22,16)                                            1 	(obj:0.000181165460204494)
y(22,19)                                            1 	(obj:2.30162689194678e-05)
y(22,21)                                            1 	(obj:-0.000959208524679704)
y(22,22)                                            1 	(obj:0.00413099340940202)
y(22,24)                                            1 	(obj:-0.000494902775897892)
y(22,26)                                            1 	(obj:-0.000280589659726459)
y(22,28)                                            1 	(obj:-0.000178022691781745)
y(22,31)                                            1 	(obj:0.000142892850704042)
y(22,32)                                            1 	(obj:-0.000388503940631337)
y(24,1)                                             1 	(obj:-0.000340872222158796)
y(24,3)                                             1 	(obj:3.6924093852271e-05)
y(24,4)                                             1 	(obj:-0.00158072302444857)
y(24,5)                                             1 	(obj:-3.89978554481937e-05)
y(24,8)                                             1 	(obj:-3.09222241966521e-05)
y(24,12)                                            1 	(obj:0.000705942368911784)
y(24,13)                                            1 	(obj:0.000995640280210944)
y(24,16)                                            1 	(obj:0.000118759325752832)
y(24,19)                                            1 	(obj:0.000424618359624053)
y(24,21)                                            1 	(obj:0.000434931764019702)
y(24,22)                                            1 	(obj:-0.000494902775897892)
y(24,24)                                            1 	(obj:0.00124183852572466)
y(24,26)                                            1 	(obj:-0.000330896135971007)
y(24,28)                                            1 	(obj:7.43919849258946e-05)
y(24,31)                                            1 	(obj:0.000149193984587442)
y(24,32)                                            1 	(obj:-8.7707205745241e-05)
y(26,1)                                             1 	(obj:-0.000434695482419412)
y(26,3)                                             1 	(obj:9.54185089998833e-05)
y(26,4)                                             1 	(obj:0.000253228851984447)
y(26,5)                                             1 	(obj:-0.000264541153756087)
y(26,8)                                             1 	(obj:5.52016848644739e-05)
y(26,12)                                            1 	(obj:-0.00124670029960172)
y(26,13)                                            1 	(obj:0.000350777870046483)
y(26,16)                                            1 	(obj:-0.000838988620301279)
y(26,19)                                            1 	(obj:-0.000122854746732106)
y(26,21)                                            1 	(obj:-0.000909813736083382)
y(26,22)                                            1 	(obj:-0.000280589659726459)
y(26,24)                                            1 	(obj:-0.000330896135971007)
y(26,26)                                            1 	(obj:0.00549520822084412)
y(26,28)                                            1 	(obj:-0.000984079123756875)
y(26,31)                                            1 	(obj:-0.000737315724040853)
y(26,32)                                            1 	(obj:0.000338691985038549)
y(28,1)                                             1 	(obj:4.20796512709609e-07)
y(28,3)                                             1 	(obj:-8.79466577194038e-05)
y(28,4)                                             1 	(obj:-0.000129664504521995)
y(28,5)                                             1 	(obj:0.000975612315057281)
y(28,8)                                             1 	(obj:0.000250827598343517)
y(28,12)                                            1 	(obj:-5.62719841511373e-05)
y(28,13)                                            1 	(obj:-5.82271425449755e-05)
y(28,16)                                            1 	(obj:0.000170923377674572)
y(28,19)                                            1 	(obj:-0.000605246229222266)
y(28,21)                                            1 	(obj:0.000245768354520529)
y(28,22)                                            1 	(obj:-0.000178022691781745)
y(28,24)                                            1 	(obj:7.43919849258946e-05)
y(28,26)                                            1 	(obj:-0.000984079123756875)
y(28,28)                                            1 	(obj:0.00136296726886721)
y(28,31)                                            1 	(obj:1.68514076906011e-05)
y(28,32)                                            1 	(obj:0.00024711827517175)
y(31,1)                                             1 	(obj:1.64564145808716e-05)
y(31,3)                                             1 	(obj:-0.000150711882298088)
y(31,4)                                             1 	(obj:-0.000332717567763338)
y(31,5)                                             1 	(obj:1.86690485972421e-05)
y(31,8)                                             1 	(obj:-5.40909363711036e-05)
y(31,12)                                            1 	(obj:0.000216495320840378)
y(31,13)                                            1 	(obj:2.0031812051627e-05)
y(31,16)                                            1 	(obj:-7.88373812264854e-05)
y(31,19)                                            1 	(obj:0.000378984747690029)
y(31,21)                                            1 	(obj:8.30994222633918e-05)
y(31,22)                                            1 	(obj:0.000142892850704042)
y(31,24)                                            1 	(obj:0.000149193984587442)
y(31,26)                                            1 	(obj:-0.000737315724040853)
y(31,28)                                            1 	(obj:1.68514076906011e-05)
y(31,31)                                            1 	(obj:0.00117312843812066)
y(31,32)                                            1 	(obj:-0.000293748914811189)
y(32,1)                                             1 	(obj:8.88233300812597e-05)
y(32,3)                                             1 	(obj:0.00223905018376563)
y(32,4)                                             1 	(obj:-0.000187937041714534)
y(32,5)                                             1 	(obj:0.000282148675573916)
y(32,8)                                             1 	(obj:-0.000404051952776958)
y(32,12)                                            1 	(obj:-0.00127722173379384)
y(32,13)                                            1 	(obj:0.000240787802263822)
y(32,16)                                            1 	(obj:-5.66234197778487e-07)
y(32,19)                                            1 	(obj:-0.00101935275306063)
y(32,21)                                            1 	(obj:0.000259572492734218)
y(32,22)                                            1 	(obj:-0.000388503940631337)
y(32,24)                                            1 	(obj:-8.7707205745241e-05)
y(32,26)                                            1 	(obj:0.000338691985038549)
y(32,28)                                            1 	(obj:0.00024711827517175)
y(32,31)                                            1 	(obj:-0.000293748914811189)
y(32,32)                                            1 	(obj:0.00265703394309924)
x(1)                                                1 	(obj:-0.00481287950569477)
x(3)                                                1 	(obj:-0.00456724103297996)
x(4)                                                1 	(obj:-0.0105507654939372)
x(5)                                                1 	(obj:-0.00472401332207921)
x(8)                                                1 	(obj:-0.0039632964867238)
x(12)                                               1 	(obj:-0.013362692183484)
x(13)                                               1 	(obj:-0.00317222649193316)
x(16)                                               1 	(obj:-0.00241282504337053)
x(19)                                               1 	(obj:-0.00817357099868575)
x(21)                                               1 	(obj:-0.0015919443066135)
x(22)                                               1 	(obj:-0.00298549485298503)
x(24)                                               1 	(obj:-0.00369022220868196)
x(26)                                               1 	(obj:-0.0103284916925843)
x(28)                                               1 	(obj:-0.00196802492960719)
x(31)                                               1 	(obj:-0.00417405686604247)
x(32)                                               1 	(obj:-0.00604824811529603)

Statistics
==========

SCIP Status        : problem is solved [optimal solution found]
Total Time         :       3.00
  solving          :       3.00
  presolving       :       0.00 (included in solving)
  reading          :       0.00
  copying          :       0.00 (2 #copies) (minimal 0.00, maximal 0.00, average 0.00)
Original Problem   :
  Problem name     : C:\Users\claudio\Documents\GitHub\embedding\src\lp\N32_B0.5_diversified_classical\IPL_linearized_N32q10.00B16.lp
  Variables        : 1056 (0 binary, 1056 integer, 0 implicit integer, 0 continuous)
  Constraints      : 3073 initial, 3073 maximal
  Objective        : minimize, 1056 non-zeros (abs.min = 4.20797e-07, abs.max = 0.0133627)
Presolved Problem  :
  Problem name     : t_C:\Users\claudio\Documents\GitHub\embedding\src\lp\N32_B0.5_diversified_classical\IPL_linearized_N32q10.00B16.lp
  Variables        : 528 (528 binary, 0 integer, 0 implicit integer, 0 continuous)
  Constraints      : 497 initial, 565 maximal
  Objective        : minimize, 528 non-zeros (abs.min = 8.41593e-07, abs.max = 0.0150008)
  Nonzeros         : 1520 constraint, 1982 clique table
Presolvers         :   ExecTime  SetupTime  Calls  FixedVars   AggrVars   ChgTypes  ChgBounds   AddHoles    DelCons    AddCons   ChgSides   ChgCoefs
  boundshift       :       0.00       0.00      0          0          0          0          0          0          0          0          0          0
  convertinttobin  :       0.00       0.00      0          0          0          0          0          0          0          0          0          0
  domcol           :       0.00       0.00      1          0          0          0          0          0          0          0          0          0
  dualagg          :       0.00       0.00      0          0          0          0          0          0          0          0          0          0
  dualcomp         :       0.00       0.00      0          0          0          0          0          0          0          0          0          0
  dualinfer        :       0.00       0.00      0          0          0          0          0          0          0          0          0          0
  dualsparsify     :       0.00       0.00      1          0          0          0          0          0          0          0          0          0
  gateextraction   :       0.00       0.00      1          0          0          0          0          0       2976        992          0          0
  implics          :       0.00       0.00      4          0          0          0          0          0          0          0          0          0
  inttobinary      :       0.00       0.00      0          0          0          0          0          0          0          0          0          0
  milp             :       0.00       0.00      1          0          0          0          0          0          0          0          0          0
  qpkktref         :       0.00       0.00      0          0          0          0          0          0          0          0          0          0
  redvub           :       0.00       0.00      0          0          0          0          0          0          0          0          0          0
  sparsify         :       0.00       0.00      1          0          0          0          0          0          0          0          0          0
  stuffing         :       0.00       0.00      0          0          0          0          0          0          0          0          0          0
  trivial          :       0.00       0.00      6          0          0          0          0          0          0          0          0          0
  tworowbnd        :       0.00       0.00      0          0          0          0          0          0          0          0          0          0
  dualfix          :       0.00       0.00      6          0          0          0          0          0          0          0          0          0
  genvbounds       :       0.00       0.00      0          0          0          0          0          0          0          0          0          0
  probing          :       0.00       0.00      1          0          0          0          0          0          0          0          0          0
  pseudoobj        :       0.00       0.00      0          0          0          0          0          0          0          0          0          0
  symmetry         :       0.00       0.00      1          0          0          0          0          0          0          0          0          0
  vbounds          :       0.00       0.00      1          0          0          0          0          0          0          0          0          0
  setppc           :       0.00       0.00      2          0          0          0          0          0          0          0          0          0
  and              :       0.00       0.00      4          0        496          0          0          0        496          0          0          0
  linear           :       0.00       0.00      8          0         32          0          0          0         96          0         32         32
  logicor          :       0.00       0.00      2          0          0          0          0          0          0          0          0          0
  benders          :       0.00       0.00      0          0          0          0          0          0          0          0          0          0
  components       :       0.00       0.00      1          0          0          0          0          0          0          0          0          0
  root node        :          -          -      -        116          -          -        116          -          -          -          -          -
Constraints        :     Number  MaxNumber  #Separate #Propagate    #EnfoLP    #EnfoRelax  #EnfoPS    #Check   #ResProp    Cutoffs    DomReds       Cuts    Applied      Conss   Children
  benderslp        :          0          0          0          0          9          0          0         30          0          0          0          0          0          0          0
  integral         :          0          0          0          0          9          0          0         30          0          0        121          0          0         15          6
  setppc           :          0+        14          2        340          0          0          0          5          1          0          1          0          0          0          0
  and              :        496        496         46       1545          1          0          0         25        307         24        323        323        110          0          0
  linear           :          1          1         31       1505          1          0          0         16         11          4         11          0          0          0          0
  logicor          :          0+        70         31        400          0          0          0          0          1          1          1          0          0          0          0
  benders          :          0          0          0          0          1          0          0         15          0          0          0          0          0          0          0
  countsols        :          0          0          0          0          1          0          0         15          0          0          0          0          0          0          0
  components       :          0          0          0          0          0          0          0          0          0          0          0          0          0          0          0
Constraint Timings :  TotalTime  SetupTime   Separate  Propagate     EnfoLP     EnfoPS     EnfoRelax   Check    ResProp    SB-Prop
  benderslp        :       0.00       0.00       0.00       0.00       0.00       0.00       0.00       0.00       0.00       0.00
  integral         :       1.00       0.00       0.00       0.00       1.00       0.00       0.00       0.00       0.00       0.00
  setppc           :       0.00       0.00       0.00       0.00       0.00       0.00       0.00       0.00       0.00       0.00
  and              :       0.00       0.00       0.00       0.00       0.00       0.00       0.00       0.00       0.00       0.00
  linear           :       0.00       0.00       0.00       0.00       0.00       0.00       0.00       0.00       0.00       0.00
  logicor          :       0.00       0.00       0.00       0.00       0.00       0.00       0.00       0.00       0.00       0.00
  benders          :       0.00       0.00       0.00       0.00       0.00       0.00       0.00       0.00       0.00       0.00
  countsols        :       0.00       0.00       0.00       0.00       0.00       0.00       0.00       0.00       0.00       0.00
  components       :       0.00       0.00       0.00       0.00       0.00       0.00       0.00       0.00       0.00       0.00
Propagators        : #Propagate   #ResProp    Cutoffs    DomReds
  dualfix          :          5          0          0          0
  genvbounds       :          0          0          0          0
  nlobbt           :          0          0          0          0
  obbt             :          0          0          0          0
  probing          :          0          0          0          0
  pseudoobj        :         82          0          0          0
  redcost          :         69          0          0        234
  rootredcost      :          4          0          0         19
  symmetry         :          0          0          0          0
  vbounds          :       1458          0          0          0
Propagator Timings :  TotalTime  SetupTime   Presolve  Propagate    ResProp    SB-Prop
  dualfix          :       0.00       0.00       0.00       0.00       0.00       0.00
  genvbounds       :       0.00       0.00       0.00       0.00       0.00       0.00
  nlobbt           :       0.00       0.00       0.00       0.00       0.00       0.00
  obbt             :       0.00       0.00       0.00       0.00       0.00       0.00
  probing          :       0.00       0.00       0.00       0.00       0.00       0.00
  pseudoobj        :       0.00       0.00       0.00       0.00       0.00       0.00
  redcost          :       0.00       0.00       0.00       0.00       0.00       0.00
  rootredcost      :       0.00       0.00       0.00       0.00       0.00       0.00
  symmetry         :       0.00       0.00       0.00       0.00       0.00       0.00
  vbounds          :       0.00       0.00       0.00       0.00       0.00       0.00
Conflict Analysis  :       Time      Calls    Success    DomReds  Conflicts   Literals    Reconvs ReconvLits   Dualrays   Nonzeros   LP Iters   (pool size: [10000,10000])
  propagation      :       0.00         25         24          -         62       11.9          0        0.0          -          -          -
  infeasible LP    :       0.00          0          0          -          0        0.0          0        0.0          0        0.0          0
  bound exceed. LP :       0.00         19          7          -         26       11.5          0        0.0          1       64.0        132
  strong branching :       0.00          0          0          -          0        0.0          0        0.0          -          -          0
  pseudo solution  :       0.00          0          0          -          0        0.0          0        0.0          -          -          -
  applied globally :       0.00          -          -          0         78       11.6          -          -          1          -          -
  applied locally  :          -          -          -          0          0        0.0          -          -          0          -          -
Separators         :   ExecTime  SetupTime      Calls    Cutoffs    DomReds       Cuts    Applied      Conss
  cut pool         :       0.00                    57          -          -       1841          -          -    (maximal pool size: 2829)
  aggregation      :       0.00       0.00         31          0          0          2          0          0
  cgmip            :       0.00       0.00          0          0          0          0          0          0
  clique           :       0.00       0.00         31          0          0          0          0          0
  closecuts        :       0.00       0.00          0          0          0          0          0          0
  cmir             :       0.00       0.00          0          0          0          0          0          0
  convexproj       :       0.00       0.00          0          0          0          0          0          0
  disjunctive      :       0.00       0.00          0          0          0          0          0          0
  eccuts           :       0.00       0.00          0          0          0          0          0          0
  flowcover        :       0.00       0.00          0          0          0          0          0          0
  gauge            :       0.00       0.00          0          0          0          0          0          0
  gomory           :       0.00       0.00         10          0          0        835         71          0
  impliedbounds    :       0.00       0.00         31          0          0        235        161          0
  intobj           :       0.00       0.00          0          0          0          0          0          0
  mcf              :       0.00       0.00          1          0          0          0          0          0
  oddcycle         :       0.00       0.00          0          0          0          0          0          0
  rapidlearning    :       0.00       0.00          0          0          0          0          0          0
  strongcg         :       1.00       0.00         20          0          0       1649         11          0
  zerohalf         :       0.00       0.00         20          0          0        108        104          0
Pricers            :   ExecTime  SetupTime      Calls       Vars
  problem variables:       0.00          -          0          0
Branching Rules    :   ExecTime  SetupTime   BranchLP  BranchExt   BranchPS    Cutoffs    DomReds       Cuts      Conss   Children
  allfullstrong    :       0.00       0.00          0          0          0          0          0          0          0          0
  cloud            :       0.00       0.00          0          0          0          0          0          0          0          0
  distribution     :       0.00       0.00          0          0          0          0          0          0          0          0
  fullstrong       :       0.00       0.00          0          0          0          0          0          0          0          0
  inference        :       0.00       0.00          0          0          0          0          0          0          0          0
  leastinf         :       0.00       0.00          0          0          0          0          0          0          0          0
  lookahead        :       0.00       0.00          0          0          0          0          0          0          0          0
  mostinf          :       0.00       0.00          0          0          0          0          0          0          0          0
  multaggr         :       0.00       0.00          0          0          0          0          0          0          0          0
  nodereopt        :       0.00       0.00          0          0          0          0          0          0          0          0
  pscost           :       0.00       0.00          0          0          0          0          0          0          0          0
  random           :       0.00       0.00          0          0          0          0          0          0          0          0
  relpscost        :       1.00       0.00          8          0          0          0        121          0         15          6
  vanillafullstrong:       0.00       0.00          0          0          0          0          0          0          0          0
Primal Heuristics  :   ExecTime  SetupTime      Calls      Found       Best
  LP solutions     :       0.00          -          -          1          1
  relax solutions  :       0.00          -          -          0          0
  pseudo solutions :       0.00          -          -          0          0
  strong branching :       0.00          -          -          2          2
  actconsdiving    :       0.00       0.00          0          0          0
  adaptivediving   :       0.00       0.00          0          0          0
  alns             :       0.00       0.00          1          0          0
  bound            :       0.00       0.00          0          0          0
  clique           :       0.00       0.00          1          1          1
  coefdiving       :       0.00       0.00          0          0          0
  completesol      :       0.00       0.00          0          0          0
  conflictdiving   :       0.00       0.00          1          0          0
  crossover        :       0.00       0.00          0          0          0
  dins             :       0.00       0.00          0          0          0
  distributiondivin:       0.00       0.00          0          0          0
  dualval          :       0.00       0.00          0          0          0
  farkasdiving     :       0.00       0.00          1          0          0
  feaspump         :       0.00       0.00          1          1          1
  fixandinfer      :       0.00       0.00          0          0          0
  fracdiving       :       0.00       0.00          0          0          0
  gins             :       0.00       0.00          0          0          0
  guideddiving     :       0.00       0.00          0          0          0
  indicator        :       0.00       0.00          0          0          0
  intdiving        :       0.00       0.00          0          0          0
  intshifting      :       0.00       0.00          0          0          0
  linesearchdiving :       0.00       0.00          0          0          0
  localbranching   :       0.00       0.00          0          0          0
  locks            :       0.00       0.00          1          0          0
  lpface           :       0.00       0.00          0          0          0
  mpec             :       0.00       0.00          0          0          0
  multistart       :       0.00       0.00          0          0          0
  mutation         :       0.00       0.00          0          0          0
  nlpdiving        :       0.00       0.00          0          0          0
  objpscostdiving  :       0.00       0.00          0          0          0
  octane           :       0.00       0.00          0          0          0
  ofins            :       0.00       0.00          0          0          0
  oneopt           :       0.00       0.00         10          0          0
  padm             :       0.00       0.00          0          0          0
  proximity        :       0.00       0.00          0          0          0
  pscostdiving     :       0.00       0.00          0          0          0
  randrounding     :       0.00       0.00         32          0          0
  rens             :       0.00       0.00          0          0          0
  reoptsols        :       0.00       0.00          0          0          0
  repair           :       0.00       0.00          0          0          0
  rins             :       0.00       0.00          0          0          0
  rootsoldiving    :       0.00       0.00          0          0          0
  rounding         :       0.00       0.00         48          0          0
  shiftandpropagate:       0.00       0.00          0          0          0
  shifting         :       0.00       0.00         32          9          6
  simplerounding   :       0.00       0.00          0          0          0
  subnlp           :       0.00       0.00          0          0          0
  trivial          :       0.00       0.00          2          0          0
  trivialnegation  :       0.00       0.00          0          0          0
  trustregion      :       0.00       0.00          0          0          0
  trysol           :       0.00       0.00          0          0          0
  twoopt           :       0.00       0.00          0          0          0
  undercover       :       0.00       0.00          1          0          0
  vbounds          :       0.00       0.00          1          1          1
  veclendiving     :       0.00       0.00          0          0          0
  zeroobj          :       0.00       0.00          0          0          0
  zirounding       :       0.00       0.00          3          0          0
  other solutions  :          -          -          -          0          -
Diving (single)    :      Calls      Nodes   LP Iters Backtracks  Conflicts   MinDepth   MaxDepth   AvgDepth  RoundSols  NLeafSols  MinSolDpt  MaxSolDpt  AvgSolDpt
  actconsdiving    :          0          -          -          -          -          -          -          -          -          -          -          -          -
  coefdiving       :          0          -          -          -          -          -          -          -          -          -          -          -          -
  conflictdiving   :          1         14        309          1          0         14         14       14.0          0          -          -          -          -
  distributiondivin:          0          -          -          -          -          -          -          -          -          -          -          -          -
  farkasdiving     :          1          8       1092          2         15          7          7        7.0          0          -          -          -          -
  fracdiving       :          0          -          -          -          -          -          -          -          -          -          -          -          -
  guideddiving     :          0          -          -          -          -          -          -          -          -          -          -          -          -
  linesearchdiving :          0          -          -          -          -          -          -          -          -          -          -          -          -
  pscostdiving     :          0          -          -          -          -          -          -          -          -          -          -          -          -
  veclendiving     :          0          -          -          -          -          -          -          -          -          -          -          -          -
Diving (adaptive)  :      Calls      Nodes   LP Iters Backtracks  Conflicts   MinDepth   MaxDepth   AvgDepth  RoundSols  NLeafSols  MinSolDpt  MaxSolDpt  AvgSolDpt
  actconsdiving    :          0          -          -          -          -          -          -          -          -          -          -          -          -
  coefdiving       :          0          -          -          -          -          -          -          -          -          -          -          -          -
  conflictdiving   :          0          -          -          -          -          -          -          -          -          -          -          -          -
  distributiondivin:          0          -          -          -          -          -          -          -          -          -          -          -          -
  farkasdiving     :          0          -          -          -          -          -          -          -          -          -          -          -          -
  fracdiving       :          0          -          -          -          -          -          -          -          -          -          -          -          -
  guideddiving     :          0          -          -          -          -          -          -          -          -          -          -          -          -
  linesearchdiving :          0          -          -          -          -          -          -          -          -          -          -          -          -
  pscostdiving     :          0          -          -          -          -          -          -          -          -          -          -          -          -
  veclendiving     :          0          -          -          -          -          -          -          -          -          -          -          -          -
Neighborhoods      :      Calls  SetupTime  SolveTime SolveNodes       Sols       Best       Exp3  EpsGreedy        UCB TgtFixRate  Opt  Inf Node Stal  Sol  Usr Othr Actv
  rens             :          0       0.00       0.00          0          0          0    0.00000   -1.00000    1.00000      0.900    0    0    0    0    0    0    0    1
  rins             :          0       0.00       0.00          0          0          0    0.00000   -1.00000    1.00000      0.900    0    0    0    0    0    0    0    1
  mutation         :          1       0.00       0.00          1          0          0    0.00000   -1.00000    1.00000      0.700    0    1    0    0    0    0    0    1
  localbranching   :          0       0.00       0.00          0          0          0    0.00000   -1.00000    1.00000      0.900    0    0    0    0    0    0    0    1
  crossover        :          0       0.00       0.00          0          0          0    0.00000   -1.00000    1.00000      0.900    0    0    0    0    0    0    0    1
  proximity        :          0       0.00       0.00          0          0          0    0.00000   -1.00000    1.00000      0.900    0    0    0    0    0    0    0    1
  zeroobjective    :          0       0.00       0.00          0          0          0    0.00000   -1.00000    1.00000      0.900    0    0    0    0    0    0    0    1
  dins             :          0       0.00       0.00          0          0          0    0.00000   -1.00000    1.00000      0.900    0    0    0    0    0    0    0    1
  trustregion      :          0       0.00       0.00          0          0          0    0.00000   -1.00000    1.00000      0.900    0    0    0    0    0    0    0    0
LP                 :       Time      Calls Iterations  Iter/call   Iter/sec  Time-0-It Calls-0-It    ItLimit
  primal LP        :       0.00          4          0       0.00          -       0.00          4
  dual LP          :       0.00         59       3604      73.55          -       0.00         10
  lex dual LP      :       0.00          0          0       0.00          -
  barrier LP       :       0.00          0          0       0.00          -       0.00          0
  resolve instable :       0.00          0          0       0.00          -
  diving/probing LP:       0.00         14       2843     203.07          -
  strong branching :       1.00         81      21059     259.99   21059.00          -          -          0
    (at root node) :          -         20       9618     480.90          -
  conflict analysis:       0.00         14        132       9.43          -
B&B Tree           :
  number of runs   :          1
  nodes            :          6 (3 internal, 3 leaves)
  feasible leaves  :          1
  infeas. leaves   :          1
  objective leaves :          1
  nodes (total)    :          6 (3 internal, 3 leaves)
  nodes left       :          0
  max depth        :          3
  max depth (total):          3
  backtracks       :          1 (16.7%)
  early backtracks :          0 (0.0%)
  nodes exc. ref.  :          0 (0.0%)
  delayed cutoffs  :          0
  repropagations   :          3 (11 domain reductions, 0 cutoffs)
  avg switch length:       3.00
  switching time   :       0.00
Estim. Tree Size   :          7
Estimation Tree    : 7 nodes (7 visited, 3 internal, 4 leaves, 0 open), weight: 1.0000 completed 0.9933
Estimations        :      estim      value      trend resolution     smooth
  wbe              :          7          -          -          -          -
  tree-profile     :         -1          -          -          -          -
  gap              :          7    1.00000    0.56868          1          6
  tree-weight      :          7    1.00000    0.34482          1          7
  leaf-frequency   :          7    0.50000    0.20893          1          6
  ssg              :          7    0.01059   -0.14251          1          8
  open-nodes       :          7    0.00000    1.55383          1          8
Root Node          :
  First LP value   : -9.96217672839422e-02
  First LP Iters   :        455
  First LP Time    :       0.00
  Final Dual Bound : -5.13559871923932e-02
  Final Root Iters :       2530
  Root LP Estimate : -3.52293821978095e-02
Solution           :
  Solutions found  :         15 (12 improvements)
  First Solution   : -3.22670416218068e-03   (in run 1, after 1 nodes, 1.00 seconds, depth 17, found by <clique>)
  Gap First Sol.   :    7098.05 %
  Gap Last Sol.    :       1.07 %
  Primal Bound     : -5.13559871923932e-02   (in run 1, after 5 nodes, 3.00 seconds, depth 3, found by <relaxation>)
  Dual Bound       : -5.13559871923932e-02
  Gap              :       0.00 %
Integrals          :      Total       Avg%
  primal-dual      :     144.82      48.27
  primal-ref       :          -          - (not evaluated)
  dual-ref         :          -          - (not evaluated)
