SCIP version 7.0.2 [precision: 8 byte] [memory: block] [mode: optimized] [LP solver: SoPlex 5.0.2] [GitHash: e9d280a398]
Copyright (C) 2002-2020 Konrad-Zuse-Zentrum fuer Informationstechnik Berlin (ZIB)

External codes: 
  SoPlex 5.0.2         Linear Programming Solver developed at Zuse Institute Berlin (soplex.zib.de) [GitHash: e24c304e]
  CppAD 20180000.0     Algorithmic Differentiation of C++ algorithms developed by B. Bell (www.coin-or.org/CppAD)
  MPIR 3.0.0           Multiple Precision Integers and Rationals Library developed by W. Hart (mpir.org)
  ZIMPL 3.4.0          Zuse Institute Mathematical Programming Language developed by T. Koch (zimpl.zib.de)
  PaPILO 1.0.2         parallel presolve for integer and linear optimization (https://github.com/lgottwald/PaPILO) [GitHash: 62d2842]
  bliss 0.73p          Computing Graph Automorphism Groups by T. Junttila and P. Kaski (http://www.tcs.hut.fi/Software/bliss/)
  Ipopt 3.12.9         Interior Point Optimizer developed by A. Waechter et.al. (www.coin-or.org/Ipopt)

user parameter file <scip.set> not found - using default parameters

read problem <C:\Users\Claubit\Documents\GitHub\embedding\src\lp\scenarioA2_N16_B0.2_classical\IPL_linearized_N16q30.00B3.lp>
============

original problem has 272 variables (0 bin, 272 int, 0 impl, 0 cont) and 769 constraints

solve problem
=============

presolving:
(round 1, fast)       16 del vars, 16 del conss, 0 add conss, 0 chg bounds, 16 chg sides, 16 chg coeffs, 0 upgd conss, 0 impls, 480 clqs
(round 2, fast)       16 del vars, 48 del conss, 0 add conss, 0 chg bounds, 16 chg sides, 16 chg coeffs, 0 upgd conss, 0 impls, 480 clqs
   (0.0s) running MILP presolver
   (0.0s) MILP presolver found nothing
(round 3, exhaustive) 16 del vars, 48 del conss, 0 add conss, 0 chg bounds, 16 chg sides, 16 chg coeffs, 720 upgd conss, 0 impls, 480 clqs
(round 4, exhaustive) 16 del vars, 768 del conss, 240 add conss, 0 chg bounds, 16 chg sides, 16 chg coeffs, 720 upgd conss, 0 impls, 480 clqs
(round 5, exhaustive) 136 del vars, 888 del conss, 240 add conss, 0 chg bounds, 16 chg sides, 16 chg coeffs, 720 upgd conss, 0 impls, 240 clqs
   (0.0s) probing: 51/136 (37.5%) - 0 fixings, 0 aggregations, 0 implications, 0 bound changes
   (0.0s) probing aborted: 50/50 successive totally useless probings
   (0.0s) symmetry computation started: requiring (bin +, int -, cont +), (fixed: bin -, int +, cont -)
   (0.0s) no symmetry present
presolving (6 rounds: 6 fast, 4 medium, 4 exhaustive):
 136 deleted vars, 888 deleted constraints, 240 added constraints, 0 tightened bounds, 0 added holes, 16 changed sides, 16 changed coefficients
 0 implications, 240 cliques
presolved problem has 136 variables (136 bin, 0 int, 0 impl, 0 cont) and 121 constraints
    120 constraints of type <and>
      1 constraints of type <linear>
Presolving Time: 0.00

 time | node  | left  |LP iter|LP it/n|mem/heur|mdpt |vars |cons |rows |cuts |sepa|confs|strbr|  dualbound   | primalbound  |  gap   | compl. 
p 0.0s|     1 |     0 |     0 |     - |  clique|   0 | 136 | 121 | 241 |   0 |  0 |   0 |   0 |-1.114511e-01 | 3.711223e-02 |    Inf | unknown
p 0.0s|     1 |     0 |     0 |     - |   locks|   0 | 136 | 121 | 241 |   0 |  0 |   0 |   0 |-1.114511e-01 | 2.664138e-02 |    Inf | unknown
p 0.0s|     1 |     0 |     0 |     - | vbounds|   0 | 136 | 121 | 241 |   0 |  0 |   0 |   0 |-1.114511e-01 | 7.710455e-03 |    Inf | unknown
  0.0s|     1 |     0 |    49 |     - |  3953k |   0 | 136 | 124 | 241 |   0 |  0 |   3 |   0 |-2.038374e-02 | 7.710455e-03 |    Inf | unknown
L 0.0s|     1 |     0 |    49 |     - |undercov|   0 | 136 | 121 | 202 |   0 |  0 |   3 |   0 |-2.038374e-02 | 4.443841e-03 |    Inf | unknown
  0.0s|     1 |     0 |    49 |     - |  3966k |   0 | 136 | 121 | 202 |   0 |  0 |   3 |   0 |-2.038374e-02 | 4.443841e-03 |    Inf | unknown
  0.0s|     1 |     0 |    49 |     - |  3966k |   0 | 136 | 121 | 200 |   0 |  0 |   3 |   0 |-2.038374e-02 | 4.443841e-03 |    Inf | unknown
  0.0s|     1 |     0 |    67 |     - |  3993k |   0 | 136 | 121 | 217 |  17 |  1 |   3 |   0 |-1.375153e-02 | 4.443841e-03 |    Inf | unknown
  0.0s|     1 |     0 |    67 |     - |  4001k |   0 | 136 | 123 | 196 |  17 |  1 |   5 |   0 |-1.375153e-02 | 4.443841e-03 |    Inf | unknown
  0.0s|     1 |     0 |    85 |     - |  4100k |   0 | 136 | 123 | 205 |  27 |  2 |   5 |   0 |-1.024283e-02 | 4.443841e-03 |    Inf | unknown
  0.0s|     1 |     0 |    85 |     - |  4105k |   0 | 136 | 123 | 198 |  27 |  2 |   5 |   0 |-1.024283e-02 | 4.443841e-03 |    Inf | unknown
  0.0s|     1 |     0 |    90 |     - |  4196k |   0 | 136 | 123 | 201 |  30 |  3 |   5 |   0 |-8.361471e-03 | 4.443841e-03 |    Inf | unknown
  0.0s|     1 |     0 |    90 |     - |  4198k |   0 | 136 | 123 | 199 |  30 |  3 |   5 |   0 |-8.361471e-03 | 4.443841e-03 |    Inf | unknown
  0.0s|     1 |     0 |   105 |     - |  4226k |   0 | 136 | 123 | 200 |  31 |  4 |   5 |   0 |-7.087980e-03 | 4.443841e-03 |    Inf | unknown
  0.0s|     1 |     0 |   105 |     - |  4229k |   0 | 136 | 123 | 182 |  31 |  4 |   5 |   0 |-7.087980e-03 | 4.443841e-03 |    Inf | unknown
 time | node  | left  |LP iter|LP it/n|mem/heur|mdpt |vars |cons |rows |cuts |sepa|confs|strbr|  dualbound   | primalbound  |  gap   | compl. 
  0.0s|     1 |     0 |   122 |     - |  4261k |   0 | 136 | 123 | 185 |  35 |  5 |   5 |   0 |-6.259098e-03 | 4.443841e-03 |    Inf | unknown
  0.0s|     1 |     0 |   153 |     - |  4368k |   0 | 136 | 125 | 186 |  36 |  6 |   7 |   0 |-5.193426e-03 | 4.443841e-03 |    Inf | unknown
  0.0s|     1 |     0 |   153 |     - |  4371k |   0 | 136 | 126 | 176 |  36 |  6 |   8 |   0 |-5.193426e-03 | 4.443841e-03 |    Inf | unknown
  0.0s|     1 |     0 |   170 |     - |  4414k |   0 | 136 | 126 | 178 |  38 |  7 |   8 |   0 |-4.505657e-03 | 4.443841e-03 |    Inf | unknown
  0.0s|     1 |     0 |   170 |     - |  4417k |   0 | 136 | 126 | 177 |  38 |  7 |   8 |   0 |-4.505657e-03 | 4.443841e-03 |    Inf | unknown
  0.0s|     1 |     0 |   174 |     - |  4814k |   0 | 136 | 126 | 178 |  39 |  8 |   8 |   0 |-4.423984e-03 | 4.443841e-03 |    Inf | unknown
  0.0s|     1 |     0 |   180 |     - |  4834k |   0 | 136 | 126 | 179 |  40 |  9 |   8 |   0 |-4.220212e-03 | 4.443841e-03 |    Inf | unknown
  0.0s|     1 |     0 |   180 |     - |  4834k |   0 | 136 | 126 | 178 |  40 |  9 |   8 |   0 |-4.220212e-03 | 4.443841e-03 |    Inf | unknown
  0.0s|     1 |     0 |   190 |     - |  4898k |   0 | 136 | 126 | 179 |  41 | 10 |   8 |   0 |-3.283289e-03 | 4.443841e-03 |    Inf | unknown
  0.0s|     1 |     0 |   190 |     - |  4898k |   0 | 136 | 126 | 177 |  41 | 10 |   8 |   0 |-3.283289e-03 | 4.443841e-03 |    Inf | unknown
  0.0s|     1 |     0 |   201 |     - |  4898k |   0 | 136 | 126 | 179 |  43 | 11 |   8 |   0 |-2.992971e-03 | 4.443841e-03 |    Inf | unknown
  0.0s|     1 |     0 |   201 |     - |  4898k |   0 | 136 | 126 | 178 |  43 | 11 |   8 |   0 |-2.992971e-03 | 4.443841e-03 |    Inf | unknown
  0.0s|     1 |     0 |   207 |     - |  4898k |   0 | 136 | 126 | 179 |  44 | 12 |   8 |   0 |-2.876953e-03 | 4.443841e-03 |    Inf | unknown
  0.0s|     1 |     0 |   207 |     - |  4898k |   0 | 136 | 126 | 178 |  44 | 12 |   8 |   0 |-2.876953e-03 | 4.443841e-03 |    Inf | unknown
  0.0s|     1 |     0 |   219 |     - |  4898k |   0 | 136 | 126 | 179 |  45 | 13 |   8 |   0 |-2.774916e-03 | 4.443841e-03 |    Inf | unknown
 time | node  | left  |LP iter|LP it/n|mem/heur|mdpt |vars |cons |rows |cuts |sepa|confs|strbr|  dualbound   | primalbound  |  gap   | compl. 
  0.0s|     1 |     0 |   225 |     - |  4918k |   0 | 136 | 126 | 182 |  48 | 14 |   8 |   0 |-2.735379e-03 | 4.443841e-03 |    Inf | unknown
  0.0s|     1 |     0 |   225 |     - |  4921k |   0 | 136 | 126 | 181 |  48 | 14 |   8 |   0 |-2.735379e-03 | 4.443841e-03 |    Inf | unknown
  0.0s|     1 |     0 |   232 |     - |  4939k |   0 | 136 | 126 | 182 |  49 | 15 |   8 |   0 |-2.698892e-03 | 4.443841e-03 |    Inf | unknown
  0.0s|     1 |     0 |   232 |     - |  4949k |   0 | 136 | 127 | 181 |  49 | 15 |   9 |   0 |-2.698892e-03 | 4.443841e-03 |    Inf | unknown
  0.0s|     1 |     0 |   235 |     - |  4949k |   0 | 136 | 127 | 175 |  50 | 16 |   9 |   0 |-2.675808e-03 | 4.443841e-03 |    Inf | unknown
  0.0s|     1 |     0 |   238 |     - |  4966k |   0 | 136 | 127 | 176 |  51 | 17 |   9 |   0 |-2.671035e-03 | 4.443841e-03 |    Inf | unknown
  0.0s|     1 |     0 |   244 |     - |  4970k |   0 | 136 | 127 | 177 |  52 | 18 |   9 |   0 |-2.655659e-03 | 4.443841e-03 |    Inf | unknown
  0.0s|     1 |     0 |   250 |     - |  4970k |   0 | 136 | 127 | 178 |  53 | 19 |   9 |   0 |-2.639589e-03 | 4.443841e-03 |    Inf | unknown
  0.0s|     1 |     0 |   252 |     - |  5185k |   0 | 136 | 127 | 179 |  54 | 20 |   9 |   0 |-2.639005e-03 | 4.443841e-03 |    Inf | unknown
  0.0s|     1 |     0 |   259 |     - |  5185k |   0 | 136 | 127 | 181 |  56 | 21 |   9 |   0 |-2.605858e-03 | 4.443841e-03 |    Inf | unknown
  0.0s|     1 |     0 |   263 |     - |  5185k |   0 | 136 | 127 | 180 |  58 | 22 |   9 |   0 |-2.604917e-03 | 4.443841e-03 |    Inf | unknown
  0.0s|     1 |     0 |   267 |     - |  5185k |   0 | 136 | 127 | 181 |  59 | 23 |   9 |   0 |-2.603988e-03 | 4.443841e-03 |    Inf | unknown
  0.0s|     1 |     0 |   267 |     - |  5185k |   0 | 136 |  85 | 208 |  59 | 23 |   9 |   0 |-2.603988e-03 | 4.443841e-03 |    Inf | unknown
(run 1, node 1) restarting after 73 global fixings of integer variables

(restart) converted 44 cuts from the global cut pool into linear constraints

presolving:
(round 1, fast)       73 del vars, 3 del conss, 0 add conss, 0 chg bounds, 0 chg sides, 0 chg coeffs, 1 upgd conss, 0 impls, 130 clqs
(round 2, fast)       73 del vars, 4 del conss, 0 add conss, 0 chg bounds, 0 chg sides, 0 chg coeffs, 1 upgd conss, 0 impls, 130 clqs
(round 3, exhaustive) 73 del vars, 4 del conss, 0 add conss, 0 chg bounds, 0 chg sides, 0 chg coeffs, 40 upgd conss, 0 impls, 130 clqs
(round 4, medium)     73 del vars, 6 del conss, 2 add conss, 0 chg bounds, 2 chg sides, 4 chg coeffs, 40 upgd conss, 0 impls, 130 clqs
(round 5, exhaustive) 73 del vars, 6 del conss, 2 add conss, 0 chg bounds, 2 chg sides, 5 chg coeffs, 40 upgd conss, 0 impls, 130 clqs
(round 6, exhaustive) 73 del vars, 6 del conss, 2 add conss, 0 chg bounds, 2 chg sides, 6 chg coeffs, 40 upgd conss, 0 impls, 130 clqs
(round 7, exhaustive) 73 del vars, 7 del conss, 2 add conss, 0 chg bounds, 2 chg sides, 6 chg coeffs, 40 upgd conss, 0 impls, 130 clqs
presolving (8 rounds: 8 fast, 6 medium, 5 exhaustive):
 73 deleted vars, 7 deleted constraints, 2 added constraints, 0 tightened bounds, 0 added holes, 2 changed sides, 6 changed coefficients
 0 implications, 130 cliques
presolved problem has 63 variables (63 bin, 0 int, 0 impl, 0 cont) and 132 constraints
     19 constraints of type <knapsack>
     48 constraints of type <setppc>
     50 constraints of type <and>
      3 constraints of type <linear>
     12 constraints of type <logicor>
Presolving Time: 0.00
transformed 6/12 original solutions to the transformed problem space

 time | node  | left  |LP iter|LP it/n|mem/heur|mdpt |vars |cons |rows |cuts |sepa|confs|strbr|  dualbound   | primalbound  |  gap   | compl. 
  0.0s|     1 |     0 |   433 |     - |  5327k |   0 |  63 | 132 | 170 |   0 |  0 |  17 |   0 |-2.592374e-03 | 4.443841e-03 |    Inf | unknown
  0.0s|     1 |     0 |   433 |     - |  5329k |   0 |  63 | 134 | 169 |   0 |  0 |  19 |   0 |-2.592374e-03 | 4.443841e-03 |    Inf | unknown
  0.0s|     1 |     0 |   436 |     - |  5350k |   0 |  63 | 134 | 170 |   1 |  1 |  19 |   0 |-2.591626e-03 | 4.443841e-03 |    Inf | unknown
  0.0s|     1 |     0 |   451 |     - |  5368k |   0 |  63 | 134 | 171 |   2 |  2 |  19 |   0 |-2.456831e-03 | 4.443841e-03 |    Inf | unknown
  0.0s|     1 |     0 |   461 |     - |  5387k |   0 |  63 | 134 | 173 |   4 |  3 |  19 |   0 |-2.382425e-03 | 4.443841e-03 |    Inf | unknown
  0.0s|     1 |     0 |   478 |     - |  5406k |   0 |  63 | 134 | 174 |   5 |  4 |  19 |   0 |-2.300900e-03 | 4.443841e-03 |    Inf | unknown
  0.0s|     1 |     0 |   486 |     - |  5426k |   0 |  63 | 136 | 175 |   6 |  5 |  21 |   0 |-2.223563e-03 | 4.443841e-03 |    Inf | unknown
  0.0s|     1 |     0 |   508 |     - |  5428k |   0 |  63 | 137 | 176 |   7 |  6 |  22 |   0 |-1.999121e-03 | 4.443841e-03 |    Inf | unknown
  0.0s|     1 |     0 |   508 |     - |  5448k |   0 |  63 | 137 | 175 |   7 |  6 |  22 |   0 |-1.999121e-03 | 4.443841e-03 |    Inf | unknown
  0.0s|     1 |     0 |   515 |     - |  5577k |   0 |  63 | 137 | 177 |   9 |  7 |  22 |   0 |-1.939131e-03 | 4.443841e-03 |    Inf | unknown
  0.0s|     1 |     0 |   515 |     - |  5579k |   0 |  63 | 137 | 176 |   9 |  7 |  22 |   0 |-1.939131e-03 | 4.443841e-03 |    Inf | unknown
  0.0s|     1 |     0 |   528 |     - |  5579k |   0 |  63 | 137 | 177 |  10 |  8 |  22 |   0 |-1.786558e-03 | 4.443841e-03 |    Inf | unknown
  0.0s|     1 |     0 |   546 |     - |  5586k |   0 |  63 | 137 | 178 |  11 |  9 |  22 |   0 |-1.486095e-03 | 4.443841e-03 |    Inf | unknown
  1.0s|     1 |     0 |   546 |     - |  5588k |   0 |  63 | 137 | 165 |  11 |  9 |  22 |   0 |-1.486095e-03 | 4.443841e-03 |    Inf | unknown
  1.0s|     1 |     0 |   555 |     - |  5604k |   0 |  63 | 126 | 167 |  13 | 10 |  22 |   0 |-1.228635e-03 | 4.443841e-03 |    Inf | unknown
 time | node  | left  |LP iter|LP it/n|mem/heur|mdpt |vars |cons |rows |cuts |sepa|confs|strbr|  dualbound   | primalbound  |  gap   | compl. 
  1.0s|     1 |     0 |   555 |     - |  5606k |   0 |  63 | 126 | 166 |  13 | 10 |  22 |   0 |-1.228635e-03 | 4.443841e-03 |    Inf | unknown
  1.0s|     1 |     0 |   566 |     - |  5622k |   0 |  63 | 126 | 162 |  14 | 11 |  22 |   0 |-8.851083e-04 | 4.443841e-03 |    Inf | unknown
  1.0s|     1 |     0 |   566 |     - |  5624k |   0 |  63 | 126 | 161 |  14 | 11 |  22 |   0 |-8.851083e-04 | 4.443841e-03 |    Inf | unknown
  1.0s|     1 |     0 |   586 |     - |  5640k |   0 |  63 | 126 | 162 |  15 | 12 |  22 |   0 |-4.728587e-04 | 4.443841e-03 |    Inf | unknown
  1.0s|     1 |     0 |   598 |     - |  5657k |   0 |  63 | 126 | 163 |  16 | 13 |  22 |   0 |-4.448830e-04 | 4.443841e-03 |    Inf | unknown
  1.0s|     1 |     0 |   615 |     - |  5675k |   0 |  63 | 127 | 164 |  17 | 14 |  23 |   0 |-3.329197e-04 | 4.443841e-03 |    Inf | unknown
  1.0s|     1 |     0 |   615 |     - |  5675k |   0 |  63 | 128 | 163 |  17 | 14 |  24 |   0 |-3.329197e-04 | 4.443841e-03 |    Inf | unknown
  1.0s|     1 |     0 |   621 |     - |  5675k |   0 |  63 | 128 | 164 |  18 | 15 |  24 |   0 |-2.773502e-04 | 4.443841e-03 |    Inf | unknown
  1.0s|     1 |     0 |   627 |     - |  5693k |   0 |  63 | 128 | 166 |  20 | 16 |  24 |   0 |-2.420958e-04 | 4.443841e-03 |    Inf | unknown
  1.0s|     1 |     0 |   636 |     - |  5693k |   0 |  63 | 128 | 158 |  21 | 17 |  24 |   0 |-3.630036e-05 | 4.443841e-03 |    Inf | unknown
  1.0s|     1 |     0 |   655 |     - |  5708k |   0 |  63 | 130 | 161 |  24 | 18 |  26 |   0 | 2.640212e-04 | 4.443841e-03 |1583.14%| unknown
  1.0s|     1 |     0 |   655 |     - |  5710k |   0 |  63 | 130 | 160 |  24 | 18 |  26 |   0 | 2.640212e-04 | 4.443841e-03 |1583.14%| unknown
  1.0s|     1 |     0 |   660 |     - |  5726k |   0 |  63 | 130 | 161 |  25 | 19 |  26 |   0 | 2.875775e-04 | 4.443841e-03 |1445.27%| unknown
  1.0s|     1 |     0 |   668 |     - |  6156k |   0 |  63 | 132 | 162 |  26 | 20 |  28 |   0 | 3.533973e-04 | 4.443841e-03 |1157.46%| unknown
  1.0s|     1 |     0 |   675 |     - |  6196k |   0 |  63 | 132 | 164 |  28 | 21 |  28 |   0 | 4.243678e-04 | 4.443841e-03 | 947.17%| unknown
 time | node  | left  |LP iter|LP it/n|mem/heur|mdpt |vars |cons |rows |cuts |sepa|confs|strbr|  dualbound   | primalbound  |  gap   | compl. 
  1.0s|     1 |     0 |   675 |     - |  6196k |   0 |  63 | 132 | 163 |  28 | 21 |  28 |   0 | 4.243678e-04 | 4.443841e-03 | 947.17%| unknown
  1.0s|     1 |     0 |   692 |     - |  6196k |   0 |  63 | 132 | 164 |  29 | 22 |  28 |   0 | 5.646811e-04 | 4.443841e-03 | 686.96%| unknown
  1.0s|     1 |     0 |   695 |     - |  6196k |   0 |  63 | 132 | 160 |  30 | 23 |  28 |   0 | 5.886513e-04 | 4.443841e-03 | 654.92%| unknown
  1.0s|     1 |     0 |   695 |     - |  6196k |   0 |  63 | 133 | 168 |  30 | 25 |  30 |   0 | 5.886513e-04 | 4.443841e-03 | 654.92%| unknown
(run 2, node 1) restarting after 10 global fixings of integer variables

(restart) converted 25 cuts from the global cut pool into linear constraints

presolving:
(round 1, fast)       10 del vars, 1 del conss, 1 add conss, 0 chg bounds, 0 chg sides, 1 chg coeffs, 0 upgd conss, 0 impls, 115 clqs
(round 2, medium)     11 del vars, 1 del conss, 1 add conss, 0 chg bounds, 0 chg sides, 1 chg coeffs, 0 upgd conss, 0 impls, 113 clqs
(round 3, fast)       11 del vars, 2 del conss, 1 add conss, 0 chg bounds, 0 chg sides, 2 chg coeffs, 1 upgd conss, 0 impls, 113 clqs
(round 4, exhaustive) 12 del vars, 2 del conss, 1 add conss, 0 chg bounds, 0 chg sides, 2 chg coeffs, 1 upgd conss, 0 impls, 112 clqs
(round 5, exhaustive) 12 del vars, 2 del conss, 1 add conss, 0 chg bounds, 0 chg sides, 5 chg coeffs, 1 upgd conss, 0 impls, 112 clqs
(round 6, exhaustive) 12 del vars, 2 del conss, 1 add conss, 0 chg bounds, 0 chg sides, 7 chg coeffs, 1 upgd conss, 0 impls, 112 clqs
(round 7, exhaustive) 12 del vars, 2 del conss, 1 add conss, 0 chg bounds, 0 chg sides, 8 chg coeffs, 1 upgd conss, 0 impls, 112 clqs
(round 8, exhaustive) 12 del vars, 3 del conss, 2 add conss, 0 chg bounds, 0 chg sides, 8 chg coeffs, 1 upgd conss, 0 impls, 112 clqs
(round 9, fast)       12 del vars, 4 del conss, 2 add conss, 0 chg bounds, 0 chg sides, 8 chg coeffs, 1 upgd conss, 0 impls, 113 clqs
(round 10, exhaustive) 12 del vars, 4 del conss, 2 add conss, 0 chg bounds, 0 chg sides, 8 chg coeffs, 22 upgd conss, 0 impls, 113 clqs
(round 11, medium)     12 del vars, 5 del conss, 3 add conss, 0 chg bounds, 1 chg sides, 10 chg coeffs, 22 upgd conss, 0 impls, 113 clqs
(round 12, exhaustive) 12 del vars, 10 del conss, 3 add conss, 0 chg bounds, 1 chg sides, 10 chg coeffs, 22 upgd conss, 0 impls, 113 clqs
(round 13, exhaustive) 12 del vars, 10 del conss, 3 add conss, 0 chg bounds, 1 chg sides, 20 chg coeffs, 22 upgd conss, 0 impls, 113 clqs
(round 14, exhaustive) 12 del vars, 11 del conss, 3 add conss, 0 chg bounds, 1 chg sides, 21 chg coeffs, 22 upgd conss, 0 impls, 113 clqs
presolving (15 rounds: 15 fast, 12 medium, 10 exhaustive):
 12 deleted vars, 11 deleted constraints, 3 added constraints, 0 tightened bounds, 0 added holes, 1 changed sides, 21 changed coefficients
 0 implications, 113 cliques
presolved problem has 51 variables (51 bin, 0 int, 0 impl, 0 cont) and 155 constraints
     32 constraints of type <knapsack>
     52 constraints of type <setppc>
     39 constraints of type <and>
      7 constraints of type <linear>
     25 constraints of type <logicor>
Presolving Time: 0.00
transformed 11/25 original solutions to the transformed problem space

 time | node  | left  |LP iter|LP it/n|mem/heur|mdpt |vars |cons |rows |cuts |sepa|confs|strbr|  dualbound   | primalbound  |  gap   | compl. 
  1.0s|     1 |     0 |   826 |     - |  6387k |   0 |  51 | 155 | 166 |   0 |  0 |  35 |   0 | 7.123177e-04 | 4.443841e-03 | 523.86%| unknown
  1.0s|     1 |     0 |   831 |     - |  6392k |   0 |  51 | 155 | 169 |   3 |  1 |  35 |   0 | 7.588701e-04 | 4.443841e-03 | 485.59%| unknown
  1.0s|     1 |     0 |   837 |     - |  6394k |   0 |  51 | 157 | 170 |   4 |  2 |  37 |   0 | 8.104659e-04 | 4.443841e-03 | 448.31%| unknown
  1.0s|     1 |     0 |   861 |     - |  6396k |   0 |  51 | 157 | 171 |   5 |  3 |  37 |   0 | 1.123441e-03 | 4.443841e-03 | 295.56%| unknown
  1.0s|     1 |     0 |   880 |     - |  6398k |   0 |  51 | 157 | 173 |   7 |  4 |  37 |   0 | 1.768733e-03 | 4.443841e-03 | 151.24%| unknown
  1.0s|     1 |     0 |   880 |     - |  6398k |   0 |  51 | 157 | 169 |   7 |  4 |  37 |   0 | 1.768733e-03 | 4.443841e-03 | 151.24%| unknown
  1.0s|     1 |     0 |   902 |     - |  6398k |   0 |  51 | 157 | 170 |   8 |  5 |  37 |   0 | 2.162638e-03 | 4.443841e-03 | 105.48%| unknown
  1.0s|     1 |     0 |   902 |     - |  6400k |   0 |  51 | 158 | 167 |   8 |  5 |  38 |   0 | 2.162638e-03 | 4.443841e-03 | 105.48%| unknown
  1.0s|     1 |     0 |   925 |     - |  6416k |   0 |  51 | 158 | 168 |   9 |  6 |  38 |   0 | 2.592639e-03 | 4.443841e-03 |  71.40%| unknown
  1.0s|     1 |     0 |   925 |     - |  6418k |   0 |  51 | 159 | 165 |   9 |  6 |  39 |   0 | 2.592639e-03 | 4.443841e-03 |  71.40%| unknown
  1.0s|     1 |     0 |   929 |     - |  6418k |   0 |  51 | 159 | 167 |  11 |  7 |  39 |   0 | 2.597348e-03 | 4.443841e-03 |  71.09%| unknown
  1.0s|     1 |     0 |   935 |     - |  6418k |   0 |  51 | 159 | 169 |  13 |  8 |  39 |   0 | 2.626058e-03 | 4.443841e-03 |  69.22%| unknown
  1.0s|     1 |     0 |   959 |     - |  6418k |   0 |  51 | 159 | 171 |  15 |  9 |  39 |   0 | 2.936630e-03 | 4.443841e-03 |  51.32%| unknown
  1.0s|     1 |     0 |   959 |     - |  6418k |   0 |  51 | 159 | 169 |  15 |  9 |  39 |   0 | 2.936630e-03 | 4.443841e-03 |  51.32%| unknown
  1.0s|     1 |     0 |   972 |     - |  6418k |   0 |  51 | 159 | 170 |  16 | 10 |  39 |   0 | 3.121898e-03 | 4.443841e-03 |  42.34%| unknown
 time | node  | left  |LP iter|LP it/n|mem/heur|mdpt |vars |cons |rows |cuts |sepa|confs|strbr|  dualbound   | primalbound  |  gap   | compl. 
  1.0s|     1 |     0 |   980 |     - |  6692k |   0 |  51 | 159 | 172 |  18 | 11 |  39 |   0 | 3.163916e-03 | 4.443841e-03 |  40.45%| unknown
  1.0s|     1 |     0 |   999 |     - |  6709k |   0 |  51 | 160 | 174 |  20 | 12 |  40 |   0 | 3.356455e-03 | 4.443841e-03 |  32.40%| unknown
  1.0s|     1 |     0 |  1003 |     - |  6709k |   0 |  51 | 161 | 175 |  21 | 13 |  41 |   0 | 3.364140e-03 | 4.443841e-03 |  32.09%| unknown
  1.0s|     1 |     0 |  1026 |     - |  6838k |   0 |  51 | 162 | 177 |  23 | 14 |  42 |   0 | 3.475563e-03 | 4.443841e-03 |  27.86%| unknown
  1.0s|     1 |     0 |  1047 |     - |  7318k |   0 |  51 | 162 | 149 |  25 | 15 |  42 |   0 | 3.551644e-03 | 4.443841e-03 |  25.12%| unknown
  1.0s|     1 |     0 |  1047 |     - |  7319k |   0 |  51 | 162 | 148 |  25 | 15 |  42 |   0 | 3.551644e-03 | 4.443841e-03 |  25.12%| unknown
  1.0s|     1 |     0 |  1071 |     - |  7334k |   0 |  51 | 162 | 149 |  26 | 16 |  42 |   0 | 3.759425e-03 | 4.443841e-03 |  18.21%| unknown
  1.0s|     1 |     0 |  1089 |     - |  7348k |   0 |  51 | 161 | 139 |  28 | 17 |  43 |   0 | 3.973859e-03 | 4.443841e-03 |  11.83%| unknown
  1.0s|     1 |     0 |  1089 |     - |  7350k |   0 |  51 | 162 | 138 |  28 | 17 |  44 |   0 | 3.973859e-03 | 4.443841e-03 |  11.83%| unknown
  1.0s|     1 |     0 |  1101 |     - |  7363k |   0 |  51 | 156 | 140 |  30 | 18 |  44 |   0 | 4.186513e-03 | 4.443841e-03 |   6.15%| unknown
  1.0s|     1 |     0 |  1101 |     - |  7365k |   0 |  51 | 157 | 132 |  30 | 18 |  45 |   0 | 4.186513e-03 | 4.443841e-03 |   6.15%| unknown
  1.0s|     1 |     0 |  1105 |     - |  7408k |   0 |  51 | 153 | 133 |  31 | 19 |  45 |   0 | 4.194882e-03 | 4.443841e-03 |   5.93%| unknown
  1.0s|     1 |     0 |  1116 |     - |  8336k |   0 |  51 | 155 | 125 |  32 | 20 |  47 |   0 | 4.352961e-03 | 4.443841e-03 |   2.09%| unknown
  1.0s|     1 |     0 |  1116 |     - |  8337k |   0 |  51 | 156 | 123 |  32 | 20 |  48 |   0 | 4.352961e-03 | 4.443841e-03 |   2.09%| unknown
  1.0s|     1 |     0 |  1126 |     - |  8337k |   0 |  51 | 156 | 124 |  33 | 21 |  48 |   0 | 4.385879e-03 | 4.443841e-03 |   1.32%| unknown
 time | node  | left  |LP iter|LP it/n|mem/heur|mdpt |vars |cons |rows |cuts |sepa|confs|strbr|  dualbound   | primalbound  |  gap   | compl. 
  1.0s|     1 |     0 |  1126 |     - |  8339k |   0 |  51 | 157 | 122 |  33 | 21 |  49 |   0 | 4.385879e-03 | 4.443841e-03 |   1.32%| unknown
  1.0s|     1 |     0 |  1135 |     - |  8339k |   0 |  51 | 157 | 123 |  34 | 22 |  49 |   0 | 4.408134e-03 | 4.443841e-03 |   0.81%| unknown
  1.0s|     1 |     0 |  1148 |     - |  8339k |   0 |  51 | 157 | 123 |  34 | 22 |  50 |   0 | 4.443841e-03 | 4.443841e-03 |   0.00%| unknown

SCIP Status        : problem is solved [optimal solution found]
Solving Time (sec) : 1.00
Solving Nodes      : 1 (total of 3 nodes in 3 runs)
Primal Bound       : +4.44384057639757e-03 (34 solutions)
Dual Bound         : +4.44384057639757e-03
Gap                : 0.00 %

primal solution (original space):
=================================

objective value:                  0.00444384057639757
y(14,14)                                            1 	(obj:0.0103491930473791)
y(14,15)                                            1 	(obj:-0.00197557426495741)
y(14,16)                                            1 	(obj:-0.0040326055660371)
y(15,14)                                            1 	(obj:-0.00197557426495741)
y(15,15)                                            1 	(obj:0.0036534718411328)
y(15,16)                                            1 	(obj:0.00306572323520144)
y(16,14)                                            1 	(obj:-0.0040326055660371)
y(16,15)                                            1 	(obj:0.00306572323520144)
y(16,16)                                            1 	(obj:0.00934618330134596)
x(14)                                               1 	(obj:0.000863377525571901)
x(15)                                               1 	(obj:-0.00517621098612854)
x(16)                                               1 	(obj:-0.00870726096131751)

Statistics
==========

SCIP Status        : problem is solved [optimal solution found]
Total Time         :       1.00
  solving          :       1.00
  presolving       :       0.00 (included in solving)
  reading          :       0.00
  copying          :       0.00 (4 #copies) (minimal 0.00, maximal 0.00, average 0.00)
Original Problem   :
  Problem name     : C:\Users\Claubit\Documents\GitHub\embedding\src\lp\scenarioA2_N16_B0.2_classical\IPL_linearized_N16q30.00B3.lp
  Variables        : 272 (0 binary, 272 integer, 0 implicit integer, 0 continuous)
  Constraints      : 769 initial, 769 maximal
  Objective        : minimize, 272 non-zeros (abs.min = 4.63118e-05, abs.max = 0.0541873)
Presolved Problem  :
  Problem name     : t_C:\Users\Claubit\Documents\GitHub\embedding\src\lp\scenarioA2_N16_B0.2_classical\IPL_linearized_N16q30.00B3.lp
  Variables        : 51 (51 binary, 0 integer, 0 implicit integer, 0 continuous)
  Constraints      : 155 initial, 162 maximal
  Objective        : minimize, 51 non-zeros (abs.min = 9.26236e-05, abs.max = 0.0137717)
  Nonzeros         : 1079 constraint, 131 clique table
Presolvers         :   ExecTime  SetupTime  Calls  FixedVars   AggrVars   ChgTypes  ChgBounds   AddHoles    DelCons    AddCons   ChgSides   ChgCoefs
  boundshift       :       0.00       0.00      0          0          0          0          0          0          0          0          0          0
  convertinttobin  :       0.00       0.00      0          0          0          0          0          0          0          0          0          0
  domcol           :       0.00       0.00      3          0          0          0          0          0          0          0          0          0
  dualagg          :       0.00       0.00      0          0          0          0          0          0          0          0          0          0
  dualcomp         :       0.00       0.00      0          0          0          0          0          0          0          0          0          0
  dualinfer        :       0.00       0.00      0          0          0          0          0          0          0          0          0          0
  dualsparsify     :       0.00       0.00      1          0          0          0          0          0          0          0          0          0
  gateextraction   :       0.00       0.00     16          0          0          0          0          0        720        240          0          0
  implics          :       0.00       0.00     22          0          0          0          0          0          0          0          0          0
  inttobinary      :       0.00       0.00      0          0          0          0          0          0          0          0          0          0
  milp             :       0.00       0.00      1          0          0          0          0          0          0          0          0          0
  qpkktref         :       0.00       0.00      0          0          0          0          0          0          0          0          0          0
  redvub           :       0.00       0.00      0          0          0          0          0          0          0          0          0          0
  sparsify         :       0.00       0.00      1          0          0          0          0          0          0          0          0          0
  stuffing         :       0.00       0.00      0          0          0          0          0          0          0          0          0          0
  trivial          :       0.00       0.00     29         83          0          0          0          0          0          0          0          0
  tworowbnd        :       0.00       0.00      0          0          0          0          0          0          0          0          0          0
  dualfix          :       0.00       0.00     29          0          0          0          0          0          0          0          0          0
  genvbounds       :       0.00       0.00      0          0          0          0          0          0          0          0          0          0
  probing          :       0.00       0.00      1          0          0          0          0          0          0          0          0          0
  pseudoobj        :       0.00       0.00      4          0          0          0          0          0          0          0          0          0
  symmetry         :       0.00       0.00      1          0          0          0          0          0          0          0          0          0
  vbounds          :       0.00       0.00      3          1          0          0          0          0          0          0          0          0
  knapsack         :       0.00       0.00     51          0          0          0          0          0          2          4          3         14
  setppc           :       0.00       0.00     53          0          0          0          0          0         10          0          0          0
  and              :       0.00       0.00     36          0        121          0          0          0        121          1          0          0
  linear           :       0.00       0.00     38          0         16          0          0          0         51          0         16         16
  logicor          :       0.00       0.00     48          0          0          0          0          0          2          0          0         13
  benders          :       0.00       0.00      0          0          0          0          0          0          0          0          0          0
  components       :       0.00       0.00      3          0          0          0          0          0          0          0          0          0
  root node        :          -          -      -        108          -          -        108          -          -          -          -          -
Constraints        :     Number  MaxNumber  #Separate #Propagate    #EnfoLP    #EnfoRelax  #EnfoPS    #Check   #ResProp    Cutoffs    DomReds       Cuts    Applied      Conss   Children
  benderslp        :          0          0          0          0          0          0          0        102          0          0          0          0          0          0          0
  integral         :          0          0          0          0          0          0          0        102          0          0          0          0          0          0          0
  knapsack         :         32         32         47        294          0          0          0          0         40          6          0         17          0          0          0
  setppc           :         52+        54         48        313          0          0          0         63         55          4          0          4          0          0          0
  and              :         39         39         71        729          0          0          0         92        117         10          0         58          6          0          0
  linear           :          7          7         71        702          0          0          0         65         17          8          0          0          0          0          0
  logicor          :         25+        33         70        215          0          0          0          0         17          0          0          5          4          0          0
  benders          :          0          0          0          0          0          0          0         52          0          0          0          0          0          0          0
  countsols        :          0          0          0          0          0          0          0         52          0          0          0          0          0          0          0
  components       :          0          0          0          0          0          0          0          0          0          0          0          0          0          0          0
Constraint Timings :  TotalTime  SetupTime   Separate  Propagate     EnfoLP     EnfoPS     EnfoRelax   Check    ResProp    SB-Prop
  benderslp        :       0.00       0.00       0.00       0.00       0.00       0.00       0.00       0.00       0.00       0.00
  integral         :       0.00       0.00       0.00       0.00       0.00       0.00       0.00       0.00       0.00       0.00
  knapsack         :       0.00       0.00       0.00       0.00       0.00       0.00       0.00       0.00       0.00       0.00
  setppc           :       1.00       0.00       0.00       1.00       0.00       0.00       0.00       0.00       0.00       0.00
  and              :       0.00       0.00       0.00       0.00       0.00       0.00       0.00       0.00       0.00       0.00
  linear           :       0.00       0.00       0.00       0.00       0.00       0.00       0.00       0.00       0.00       0.00
  logicor          :       0.00       0.00       0.00       0.00       0.00       0.00       0.00       0.00       0.00       0.00
  benders          :       0.00       0.00       0.00       0.00       0.00       0.00       0.00       0.00       0.00       0.00
  countsols        :       0.00       0.00       0.00       0.00       0.00       0.00       0.00       0.00       0.00       0.00
  components       :       0.00       0.00       0.00       0.00       0.00       0.00       0.00       0.00       0.00       0.00
Propagators        : #Propagate   #ResProp    Cutoffs    DomReds
  dualfix          :          8          0          0          0
  genvbounds       :          0          0          0          0
  nlobbt           :          0          0          0          0
  obbt             :          0          0          0          0
  probing          :          0          0          0          0
  pseudoobj        :        147          0          0          0
  redcost          :        107          0          0         94
  rootredcost      :          0          0          0          0
  symmetry         :          0          0          0          0
  vbounds          :        642          0          0          0
Propagator Timings :  TotalTime  SetupTime   Presolve  Propagate    ResProp    SB-Prop
  dualfix          :       0.00       0.00       0.00       0.00       0.00       0.00
  genvbounds       :       0.00       0.00       0.00       0.00       0.00       0.00
  nlobbt           :       0.00       0.00       0.00       0.00       0.00       0.00
  obbt             :       0.00       0.00       0.00       0.00       0.00       0.00
  probing          :       0.00       0.00       0.00       0.00       0.00       0.00
  pseudoobj        :       0.00       0.00       0.00       0.00       0.00       0.00
  redcost          :       0.00       0.00       0.00       0.00       0.00       0.00
  rootredcost      :       0.00       0.00       0.00       0.00       0.00       0.00
  symmetry         :       0.00       0.00       0.00       0.00       0.00       0.00
  vbounds          :       0.00       0.00       0.00       0.00       0.00       0.00
Conflict Analysis  :       Time      Calls    Success    DomReds  Conflicts   Literals    Reconvs ReconvLits   Dualrays   Nonzeros   LP Iters   (pool size: [10000,10000])
  propagation      :       0.00         25         25          -         51        6.2          1        9.0          -          -          -
  infeasible LP    :       0.00          0          0          -          0        0.0          0        0.0          0        0.0          0
  bound exceed. LP :       0.00         11          7          -         25        8.4          0        0.0          0        0.0         70
  strong branching :       0.00          0          0          -          0        0.0          0        0.0          -          -          0
  pseudo solution  :       0.00          0          0          -          0        0.0          0        0.0          -          -          -
  applied globally :       0.00          -          -          0         50        4.4          -          -          0          -          -
  applied locally  :          -          -          -          0          0        0.0          -          -          0          -          -
Separators         :   ExecTime  SetupTime      Calls    Cutoffs    DomReds       Cuts    Applied      Conss
  cut pool         :       0.00                    42          -          -       2090          -          -    (maximal pool size: 1634)
  aggregation      :       0.00       0.00         71          0          0          5          0          0
  cgmip            :       0.00       0.00          0          0          0          0          0          0
  clique           :       0.00       0.00         71          0          0          6          6          0
  closecuts        :       0.00       0.00          0          0          0          0          0          0
  cmir             :       0.00       0.00          0          0          0          0          0          0
  convexproj       :       0.00       0.00          0          0          0          0          0          0
  disjunctive      :       0.00       0.00          0          0          0          0          0          0
  eccuts           :       0.00       0.00          0          0          0          0          0          0
  flowcover        :       0.00       0.00          0          0          0          0          5          0
  gauge            :       0.00       0.00          0          0          0          0          0          0
  gomory           :       0.00       0.00         30          0          0       1214         28          0
  impliedbounds    :       0.00       0.00         71          0         11         43         28          0
  intobj           :       0.00       0.00          0          0          0          0          0          0
  mcf              :       0.00       0.00          3          0          0          0          0          0
  oddcycle         :       0.00       0.00          0          0          0          0          0          0
  rapidlearning    :       0.00       0.00          0          0          0          0          0          0
  strongcg         :       0.00       0.00         60          0          0       1524         18          0
  zerohalf         :       0.00       0.00         60          0          0         59         28          0
Pricers            :   ExecTime  SetupTime      Calls       Vars
  problem variables:       0.00          -          0          0
Branching Rules    :   ExecTime  SetupTime   BranchLP  BranchExt   BranchPS    Cutoffs    DomReds       Cuts      Conss   Children
  allfullstrong    :       0.00       0.00          0          0          0          0          0          0          0          0
  cloud            :       0.00       0.00          0          0          0          0          0          0          0          0
  distribution     :       0.00       0.00          0          0          0          0          0          0          0          0
  fullstrong       :       0.00       0.00          0          0          0          0          0          0          0          0
  inference        :       0.00       0.00          0          0          0          0          0          0          0          0
  leastinf         :       0.00       0.00          0          0          0          0          0          0          0          0
  lookahead        :       0.00       0.00          0          0          0          0          0          0          0          0
  mostinf          :       0.00       0.00          0          0          0          0          0          0          0          0
  multaggr         :       0.00       0.00          0          0          0          0          0          0          0          0
  nodereopt        :       0.00       0.00          0          0          0          0          0          0          0          0
  pscost           :       0.00       0.00          0          0          0          0          0          0          0          0
  random           :       0.00       0.00          0          0          0          0          0          0          0          0
  relpscost        :       0.00       0.00          0          0          0          0          0          0          0          0
  vanillafullstrong:       0.00       0.00          0          0          0          0          0          0          0          0
Primal Heuristics  :   ExecTime  SetupTime      Calls      Found       Best
  LP solutions     :       0.00          -          -          0          0
  relax solutions  :       0.00          -          -          0          0
  pseudo solutions :       0.00          -          -          0          0
  strong branching :       0.00          -          -          0          0
  actconsdiving    :       0.00       0.00          0          0          0
  adaptivediving   :       0.00       0.00          0          0          0
  alns             :       0.00       0.00          1          0          0
  bound            :       0.00       0.00          0          0          0
  clique           :       0.00       0.00          1          1          1
  coefdiving       :       0.00       0.00          0          0          0
  completesol      :       0.00       0.00          0          0          0
  conflictdiving   :       0.00       0.00          2          0          0
  crossover        :       0.00       0.00          0          0          0
  dins             :       0.00       0.00          0          0          0
  distributiondivin:       0.00       0.00          0          0          0
  dualval          :       0.00       0.00          0          0          0
  farkasdiving     :       0.00       0.00          2          0          0
  feaspump         :       0.00       0.00          0          0          0
  fixandinfer      :       0.00       0.00          0          0          0
  fracdiving       :       0.00       0.00          0          0          0
  gins             :       0.00       0.00          0          0          0
  guideddiving     :       0.00       0.00          0          0          0
  indicator        :       0.00       0.00          0          0          0
  intdiving        :       0.00       0.00          0          0          0
  intshifting      :       0.00       0.00          0          0          0
  linesearchdiving :       0.00       0.00          0          0          0
  localbranching   :       0.00       0.00          0          0          0
  locks            :       0.00       0.00          1          1          1
  lpface           :       0.00       0.00          0          0          0
  mpec             :       0.00       0.00          0          0          0
  multistart       :       0.00       0.00          0          0          0
  mutation         :       0.00       0.00          0          0          0
  nlpdiving        :       0.00       0.00          0          0          0
  objpscostdiving  :       0.00       0.00          0          0          0
  octane           :       0.00       0.00          0          0          0
  ofins            :       0.00       0.00          0          0          0
  oneopt           :       0.00       0.00          2          0          0
  padm             :       0.00       0.00          0          0          0
  proximity        :       0.00       0.00          0          0          0
  pscostdiving     :       0.00       0.00          0          0          0
  randrounding     :       1.00       0.00         71          3          0
  rens             :       0.00       0.00          2          0          0
  reoptsols        :       0.00       0.00          0          0          0
  repair           :       0.00       0.00          0          0          0
  rins             :       0.00       0.00          0          0          0
  rootsoldiving    :       0.00       0.00          0          0          0
  rounding         :       0.00       0.00         70          0          0
  shiftandpropagate:       0.00       0.00          0          0          0
  shifting         :       0.00       0.00         70         27          0
  simplerounding   :       0.00       0.00          0          0          0
  subnlp           :       0.00       0.00          0          0          0
  trivial          :       0.00       0.00          2          0          0
  trivialnegation  :       0.00       0.00          0          0          0
  trustregion      :       0.00       0.00          0          0          0
  trysol           :       0.00       0.00          0          0          0
  twoopt           :       0.00       0.00          0          0          0
  undercover       :       0.00       0.00          1          1          1
  vbounds          :       0.00       0.00          3          1          1
  veclendiving     :       0.00       0.00          0          0          0
  zeroobj          :       0.00       0.00          0          0          0
  zirounding       :       0.00       0.00          2          0          0
  other solutions  :          -          -          -          0          -
Diving (single)    :      Calls      Nodes   LP Iters Backtracks  Conflicts   MinDepth   MaxDepth   AvgDepth  RoundSols  NLeafSols  MinSolDpt  MaxSolDpt  AvgSolDpt
  actconsdiving    :          0          -          -          -          -          -          -          -          -          -          -          -          -
  coefdiving       :          0          -          -          -          -          -          -          -          -          -          -          -          -
  conflictdiving   :          2          9         71          2         12          4          5        4.5          0          -          -          -          -
  distributiondivin:          0          -          -          -          -          -          -          -          -          -          -          -          -
  farkasdiving     :          2         13        106          2          9          6          7        6.5          0          -          -          -          -
  fracdiving       :          0          -          -          -          -          -          -          -          -          -          -          -          -
  guideddiving     :          0          -          -          -          -          -          -          -          -          -          -          -          -
  linesearchdiving :          0          -          -          -          -          -          -          -          -          -          -          -          -
  pscostdiving     :          0          -          -          -          -          -          -          -          -          -          -          -          -
  veclendiving     :          0          -          -          -          -          -          -          -          -          -          -          -          -
Diving (adaptive)  :      Calls      Nodes   LP Iters Backtracks  Conflicts   MinDepth   MaxDepth   AvgDepth  RoundSols  NLeafSols  MinSolDpt  MaxSolDpt  AvgSolDpt
  actconsdiving    :          0          -          -          -          -          -          -          -          -          -          -          -          -
  coefdiving       :          0          -          -          -          -          -          -          -          -          -          -          -          -
  conflictdiving   :          0          -          -          -          -          -          -          -          -          -          -          -          -
  distributiondivin:          0          -          -          -          -          -          -          -          -          -          -          -          -
  farkasdiving     :          0          -          -          -          -          -          -          -          -          -          -          -          -
  fracdiving       :          0          -          -          -          -          -          -          -          -          -          -          -          -
  guideddiving     :          0          -          -          -          -          -          -          -          -          -          -          -          -
  linesearchdiving :          0          -          -          -          -          -          -          -          -          -          -          -          -
  pscostdiving     :          0          -          -          -          -          -          -          -          -          -          -          -          -
  veclendiving     :          0          -          -          -          -          -          -          -          -          -          -          -          -
Neighborhoods      :      Calls  SetupTime  SolveTime SolveNodes       Sols       Best       Exp3  EpsGreedy        UCB TgtFixRate  Opt  Inf Node Stal  Sol  Usr Othr Actv
  rens             :          1       0.00       0.00          7          0          0    0.00000   -1.00000    1.00000      0.700    0    1    0    0    0    0    0    1
  rins             :          0       0.00       0.00          0          0          0    0.00000   -1.00000    1.00000      0.900    0    0    0    0    0    0    0    1
  mutation         :          0       0.00       0.00          0          0          0    0.00000   -1.00000    1.00000      0.900    0    0    0    0    0    0    0    1
  localbranching   :          0       0.00       0.00          0          0          0    0.00000   -1.00000    1.00000      0.900    0    0    0    0    0    0    0    1
  crossover        :          0       0.00       0.00          0          0          0    0.00000   -1.00000    1.00000      0.900    0    0    0    0    0    0    0    1
  proximity        :          0       0.00       0.00          0          0          0    0.00000   -1.00000    1.00000      0.900    0    0    0    0    0    0    0    1
  zeroobjective    :          0       0.00       0.00          0          0          0    0.00000   -1.00000    1.00000      0.900    0    0    0    0    0    0    0    1
  dins             :          0       0.00       0.00          0          0          0    0.00000   -1.00000    1.00000      0.900    0    0    0    0    0    0    0    1
  trustregion      :          0       0.00       0.00          0          0          0    0.00000   -1.00000    1.00000      0.900    0    0    0    0    0    0    0    0
LP                 :       Time      Calls Iterations  Iter/call   Iter/sec  Time-0-It Calls-0-It    ItLimit
  primal LP        :       0.00          7          0       0.00          -       0.00          7
  dual LP          :       0.00        109        944      13.11          -       0.00         37
  lex dual LP      :       0.00          0          0       0.00          -
  barrier LP       :       0.00          0          0       0.00          -       0.00          0
  resolve instable :       0.00          0          0       0.00          -
  diving/probing LP:       0.00         21        204       9.71          -
  strong branching :       0.00          0          0       0.00          -          -          -          0
    (at root node) :          -          0          0       0.00          -
  conflict analysis:       0.00         10         70       7.00          -
B&B Tree           :
  number of runs   :          3
  nodes            :          1 (0 internal, 1 leaves)
  feasible leaves  :          0
  infeas. leaves   :          0
  objective leaves :          0
  nodes (total)    :          3 (0 internal, 3 leaves)
  nodes left       :          0
  max depth        :          0
  max depth (total):          0
  backtracks       :          0 (0.0%)
  early backtracks :          0 (0.0%)
  nodes exc. ref.  :          0 (0.0%)
  delayed cutoffs  :          0
  repropagations   :          0 (0 domain reductions, 0 cutoffs)
  avg switch length:       2.00
  switching time   :       0.00
Estim. Tree Size   :          1
Estimation Tree    : 1 nodes (1 visited, 0 internal, 1 leaves, 0 open), weight: 1.0000 completed 1.0000
Estimations        :      estim      value      trend resolution     smooth
  wbe              :          1          -          -          -          -
  tree-profile     :         -1          -          -          -          -
  gap              :          1    1.00000    1.00000          1          1
  tree-weight      :          1    1.00000    1.00000          1          1
  leaf-frequency   :          1    0.50000    1.00000          1          1
  ssg              :          1    0.00000   -1.00000          1          1
  open-nodes       :          1    0.00000    0.00000          1          1
Root Node          :
  First LP value   : -2.03837416480257e-02
  First LP Iters   :         49
  First LP Time    :       0.00
  Final Dual Bound : +4.44384057639757e-03
  Final Root Iters :        965
  Root LP Estimate :                     -
Solution           :
  Solutions found  :         34 (4 improvements)
  First Solution   : +3.71122349948469e-02   (in run 1, after 1 nodes, 0.00 seconds, depth 16, found by <clique>)
  Gap First Sol.   :   infinite
  Gap Last Sol.    :   infinite
  Primal Bound     : +4.44384057639757e-03   (in run 1, after 1 nodes, 0.00 seconds, depth 0, found by <undercover>)
  Dual Bound       : +4.44384057639757e-03
  Gap              :       0.00 %
Integrals          :      Total       Avg%
  primal-dual      :     100.00     100.00
  primal-ref       :          -          - (not evaluated)
  dual-ref         :          -          - (not evaluated)
