SCIP version 7.0.2 [precision: 8 byte] [memory: block] [mode: optimized] [LP solver: SoPlex 5.0.2] [GitHash: e9d280a398]
Copyright (C) 2002-2020 Konrad-Zuse-Zentrum fuer Informationstechnik Berlin (ZIB)

External codes: 
  SoPlex 5.0.2         Linear Programming Solver developed at Zuse Institute Berlin (soplex.zib.de) [GitHash: e24c304e]
  CppAD 20180000.0     Algorithmic Differentiation of C++ algorithms developed by B. Bell (www.coin-or.org/CppAD)
  MPIR 3.0.0           Multiple Precision Integers and Rationals Library developed by W. Hart (mpir.org)
  ZIMPL 3.4.0          Zuse Institute Mathematical Programming Language developed by T. Koch (zimpl.zib.de)
  PaPILO 1.0.2         parallel presolve for integer and linear optimization (https://github.com/lgottwald/PaPILO) [GitHash: 62d2842]
  bliss 0.73p          Computing Graph Automorphism Groups by T. Junttila and P. Kaski (http://www.tcs.hut.fi/Software/bliss/)
  Ipopt 3.12.9         Interior Point Optimizer developed by A. Waechter et.al. (www.coin-or.org/Ipopt)

user parameter file <scip.set> not found - using default parameters

read problem <C:\Users\claudio\Documents\GitHub\embedding\src\lp\N32_B0.5_correlated_classical\IPL_linearized_N32q0.00B16.lp>
============

original problem has 1056 variables (0 bin, 1056 int, 0 impl, 0 cont) and 3073 constraints

solve problem
=============

presolving:
(round 1, fast)       32 del vars, 32 del conss, 0 add conss, 0 chg bounds, 32 chg sides, 32 chg coeffs, 0 upgd conss, 0 impls, 1984 clqs
(round 2, fast)       32 del vars, 96 del conss, 0 add conss, 0 chg bounds, 32 chg sides, 32 chg coeffs, 0 upgd conss, 0 impls, 1984 clqs
   (0.0s) running MILP presolver
   (0.0s) MILP presolver found nothing
(round 3, exhaustive) 32 del vars, 96 del conss, 0 add conss, 0 chg bounds, 32 chg sides, 32 chg coeffs, 2976 upgd conss, 0 impls, 1984 clqs
(round 4, exhaustive) 32 del vars, 3072 del conss, 992 add conss, 0 chg bounds, 32 chg sides, 32 chg coeffs, 2976 upgd conss, 0 impls, 1984 clqs
(round 5, exhaustive) 528 del vars, 3568 del conss, 992 add conss, 0 chg bounds, 32 chg sides, 32 chg coeffs, 2976 upgd conss, 0 impls, 992 clqs
   (0.0s) probing: 51/528 (9.7%) - 0 fixings, 0 aggregations, 0 implications, 0 bound changes
   (0.0s) probing aborted: 50/50 successive totally useless probings
   (0.0s) symmetry computation started: requiring (bin +, int -, cont +), (fixed: bin -, int +, cont -)
   (0.0s) no symmetry present
presolving (6 rounds: 6 fast, 4 medium, 4 exhaustive):
 528 deleted vars, 3568 deleted constraints, 992 added constraints, 0 tightened bounds, 0 added holes, 32 changed sides, 32 changed coefficients
 0 implications, 992 cliques
presolved problem has 528 variables (528 bin, 0 int, 0 impl, 0 cont) and 497 constraints
    496 constraints of type <and>
      1 constraints of type <linear>
Presolving Time: 0.00

 time | node  | left  |LP iter|LP it/n|mem/heur|mdpt |vars |cons |rows |cuts |sepa|confs|strbr|  dualbound   | primalbound  |  gap   | compl. 
p 0.0s|     1 |     0 |     0 |     - |  clique|   0 | 528 | 497 | 993 |   0 |  0 |   0 |   0 |-1.336375e-01 |-7.045489e-02 |  89.68%| unknown
p 0.0s|     1 |     0 |     0 |     - | vbounds|   0 | 528 | 500 | 993 |   0 |  0 |   3 |   0 |-1.336375e-01 |-7.078941e-02 |  88.78%| unknown
p 0.0s|     1 |     0 |     2 |     - | vbounds|   0 | 528 | 534 | 993 |   0 |  0 |  37 |   0 |-1.336375e-01 |-7.186438e-02 |  85.96%| unknown
p 0.0s|     1 |     0 |     2 |     - | vbounds|   0 | 528 | 532 | 993 |   0 |  0 |  37 |   0 |-1.336375e-01 |-7.524285e-02 |  77.61%| unknown
* 0.0s|     1 |     0 |   153 |     - |    LP  |   0 | 528 | 532 | 993 |   0 |  0 |  37 |   0 |-8.406133e-02 |-8.406133e-02 |   0.00%| unknown
  0.0s|     1 |     0 |   153 |     - |    14M |   0 | 528 | 532 | 993 |   0 |  0 |  37 |   0 |-8.406133e-02 |-8.406133e-02 |   0.00%| unknown

SCIP Status        : problem is solved [optimal solution found]
Solving Time (sec) : 0.00
Solving Nodes      : 1
Primal Bound       : -8.40613253579452e-02 (5 solutions)
Dual Bound         : -8.40613253579452e-02
Gap                : 0.00 %

primal solution (original space):
=================================

objective value:                  -0.0840613253579452
y(2,2)                                              1 	(obj:0)
y(2,5)                                              1 	(obj:0)
y(2,6)                                              1 	(obj:0)
y(2,7)                                              1 	(obj:0)
y(2,8)                                              1 	(obj:0)
y(2,9)                                              1 	(obj:0)
y(2,10)                                             1 	(obj:0)
y(2,12)                                             1 	(obj:0)
y(2,13)                                             1 	(obj:0)
y(2,14)                                             1 	(obj:0)
y(2,16)                                             1 	(obj:0)
y(2,18)                                             1 	(obj:0)
y(2,19)                                             1 	(obj:0)
y(2,24)                                             1 	(obj:0)
y(2,25)                                             1 	(obj:0)
y(2,29)                                             1 	(obj:0)
y(5,2)                                              1 	(obj:0)
y(5,5)                                              1 	(obj:0)
y(5,6)                                              1 	(obj:0)
y(5,7)                                              1 	(obj:0)
y(5,8)                                              1 	(obj:0)
y(5,9)                                              1 	(obj:0)
y(5,10)                                             1 	(obj:0)
y(5,12)                                             1 	(obj:0)
y(5,13)                                             1 	(obj:0)
y(5,14)                                             1 	(obj:0)
y(5,16)                                             1 	(obj:0)
y(5,18)                                             1 	(obj:0)
y(5,19)                                             1 	(obj:0)
y(5,24)                                             1 	(obj:0)
y(5,25)                                             1 	(obj:0)
y(5,29)                                             1 	(obj:0)
y(6,2)                                              1 	(obj:0)
y(6,5)                                              1 	(obj:0)
y(6,6)                                              1 	(obj:0)
y(6,7)                                              1 	(obj:0)
y(6,8)                                              1 	(obj:0)
y(6,9)                                              1 	(obj:0)
y(6,10)                                             1 	(obj:0)
y(6,12)                                             1 	(obj:0)
y(6,13)                                             1 	(obj:0)
y(6,14)                                             1 	(obj:0)
y(6,16)                                             1 	(obj:0)
y(6,18)                                             1 	(obj:0)
y(6,19)                                             1 	(obj:0)
y(6,24)                                             1 	(obj:0)
y(6,25)                                             1 	(obj:0)
y(6,29)                                             1 	(obj:0)
y(7,2)                                              1 	(obj:0)
y(7,5)                                              1 	(obj:0)
y(7,6)                                              1 	(obj:0)
y(7,7)                                              1 	(obj:0)
y(7,8)                                              1 	(obj:0)
y(7,9)                                              1 	(obj:0)
y(7,10)                                             1 	(obj:0)
y(7,12)                                             1 	(obj:0)
y(7,13)                                             1 	(obj:0)
y(7,14)                                             1 	(obj:0)
y(7,16)                                             1 	(obj:0)
y(7,18)                                             1 	(obj:0)
y(7,19)                                             1 	(obj:0)
y(7,24)                                             1 	(obj:0)
y(7,25)                                             1 	(obj:0)
y(7,29)                                             1 	(obj:0)
y(8,2)                                              1 	(obj:0)
y(8,5)                                              1 	(obj:0)
y(8,6)                                              1 	(obj:0)
y(8,7)                                              1 	(obj:0)
y(8,8)                                              1 	(obj:0)
y(8,9)                                              1 	(obj:0)
y(8,10)                                             1 	(obj:0)
y(8,12)                                             1 	(obj:0)
y(8,13)                                             1 	(obj:0)
y(8,14)                                             1 	(obj:0)
y(8,16)                                             1 	(obj:0)
y(8,18)                                             1 	(obj:0)
y(8,19)                                             1 	(obj:0)
y(8,24)                                             1 	(obj:0)
y(8,25)                                             1 	(obj:0)
y(8,29)                                             1 	(obj:0)
y(9,2)                                              1 	(obj:0)
y(9,5)                                              1 	(obj:0)
y(9,6)                                              1 	(obj:0)
y(9,7)                                              1 	(obj:0)
y(9,8)                                              1 	(obj:0)
y(9,9)                                              1 	(obj:0)
y(9,10)                                             1 	(obj:0)
y(9,12)                                             1 	(obj:0)
y(9,13)                                             1 	(obj:0)
y(9,14)                                             1 	(obj:0)
y(9,16)                                             1 	(obj:0)
y(9,18)                                             1 	(obj:0)
y(9,19)                                             1 	(obj:0)
y(9,24)                                             1 	(obj:0)
y(9,25)                                             1 	(obj:0)
y(9,29)                                             1 	(obj:0)
y(10,2)                                             1 	(obj:0)
y(10,5)                                             1 	(obj:0)
y(10,6)                                             1 	(obj:0)
y(10,7)                                             1 	(obj:0)
y(10,8)                                             1 	(obj:0)
y(10,9)                                             1 	(obj:0)
y(10,10)                                            1 	(obj:0)
y(10,12)                                            1 	(obj:0)
y(10,13)                                            1 	(obj:0)
y(10,14)                                            1 	(obj:0)
y(10,16)                                            1 	(obj:0)
y(10,18)                                            1 	(obj:0)
y(10,19)                                            1 	(obj:0)
y(10,24)                                            1 	(obj:0)
y(10,25)                                            1 	(obj:0)
y(10,29)                                            1 	(obj:0)
y(12,2)                                             1 	(obj:0)
y(12,5)                                             1 	(obj:0)
y(12,6)                                             1 	(obj:0)
y(12,7)                                             1 	(obj:0)
y(12,8)                                             1 	(obj:0)
y(12,9)                                             1 	(obj:0)
y(12,10)                                            1 	(obj:0)
y(12,12)                                            1 	(obj:0)
y(12,13)                                            1 	(obj:0)
y(12,14)                                            1 	(obj:0)
y(12,16)                                            1 	(obj:0)
y(12,18)                                            1 	(obj:0)
y(12,19)                                            1 	(obj:0)
y(12,24)                                            1 	(obj:0)
y(12,25)                                            1 	(obj:0)
y(12,29)                                            1 	(obj:0)
y(13,2)                                             1 	(obj:0)
y(13,5)                                             1 	(obj:0)
y(13,6)                                             1 	(obj:0)
y(13,7)                                             1 	(obj:0)
y(13,8)                                             1 	(obj:0)
y(13,9)                                             1 	(obj:0)
y(13,10)                                            1 	(obj:0)
y(13,12)                                            1 	(obj:0)
y(13,13)                                            1 	(obj:0)
y(13,14)                                            1 	(obj:0)
y(13,16)                                            1 	(obj:0)
y(13,18)                                            1 	(obj:0)
y(13,19)                                            1 	(obj:0)
y(13,24)                                            1 	(obj:0)
y(13,25)                                            1 	(obj:0)
y(13,29)                                            1 	(obj:0)
y(14,2)                                             1 	(obj:0)
y(14,5)                                             1 	(obj:0)
y(14,6)                                             1 	(obj:0)
y(14,7)                                             1 	(obj:0)
y(14,8)                                             1 	(obj:0)
y(14,9)                                             1 	(obj:0)
y(14,10)                                            1 	(obj:0)
y(14,12)                                            1 	(obj:0)
y(14,13)                                            1 	(obj:0)
y(14,14)                                            1 	(obj:0)
y(14,16)                                            1 	(obj:0)
y(14,18)                                            1 	(obj:0)
y(14,19)                                            1 	(obj:0)
y(14,24)                                            1 	(obj:0)
y(14,25)                                            1 	(obj:0)
y(14,29)                                            1 	(obj:0)
y(16,2)                                             1 	(obj:0)
y(16,5)                                             1 	(obj:0)
y(16,6)                                             1 	(obj:0)
y(16,7)                                             1 	(obj:0)
y(16,8)                                             1 	(obj:0)
y(16,9)                                             1 	(obj:0)
y(16,10)                                            1 	(obj:0)
y(16,12)                                            1 	(obj:0)
y(16,13)                                            1 	(obj:0)
y(16,14)                                            1 	(obj:0)
y(16,16)                                            1 	(obj:0)
y(16,18)                                            1 	(obj:0)
y(16,19)                                            1 	(obj:0)
y(16,24)                                            1 	(obj:0)
y(16,25)                                            1 	(obj:0)
y(16,29)                                            1 	(obj:0)
y(18,2)                                             1 	(obj:0)
y(18,5)                                             1 	(obj:0)
y(18,6)                                             1 	(obj:0)
y(18,7)                                             1 	(obj:0)
y(18,8)                                             1 	(obj:0)
y(18,9)                                             1 	(obj:0)
y(18,10)                                            1 	(obj:0)
y(18,12)                                            1 	(obj:0)
y(18,13)                                            1 	(obj:0)
y(18,14)                                            1 	(obj:0)
y(18,16)                                            1 	(obj:0)
y(18,18)                                            1 	(obj:0)
y(18,19)                                            1 	(obj:0)
y(18,24)                                            1 	(obj:0)
y(18,25)                                            1 	(obj:0)
y(18,29)                                            1 	(obj:0)
y(19,2)                                             1 	(obj:0)
y(19,5)                                             1 	(obj:0)
y(19,6)                                             1 	(obj:0)
y(19,7)                                             1 	(obj:0)
y(19,8)                                             1 	(obj:0)
y(19,9)                                             1 	(obj:0)
y(19,10)                                            1 	(obj:0)
y(19,12)                                            1 	(obj:0)
y(19,13)                                            1 	(obj:0)
y(19,14)                                            1 	(obj:0)
y(19,16)                                            1 	(obj:0)
y(19,18)                                            1 	(obj:0)
y(19,19)                                            1 	(obj:0)
y(19,24)                                            1 	(obj:0)
y(19,25)                                            1 	(obj:0)
y(19,29)                                            1 	(obj:0)
y(24,2)                                             1 	(obj:0)
y(24,5)                                             1 	(obj:0)
y(24,6)                                             1 	(obj:0)
y(24,7)                                             1 	(obj:0)
y(24,8)                                             1 	(obj:0)
y(24,9)                                             1 	(obj:0)
y(24,10)                                            1 	(obj:0)
y(24,12)                                            1 	(obj:0)
y(24,13)                                            1 	(obj:0)
y(24,14)                                            1 	(obj:0)
y(24,16)                                            1 	(obj:0)
y(24,18)                                            1 	(obj:0)
y(24,19)                                            1 	(obj:0)
y(24,24)                                            1 	(obj:0)
y(24,25)                                            1 	(obj:0)
y(24,29)                                            1 	(obj:0)
y(25,2)                                             1 	(obj:0)
y(25,5)                                             1 	(obj:0)
y(25,6)                                             1 	(obj:0)
y(25,7)                                             1 	(obj:0)
y(25,8)                                             1 	(obj:0)
y(25,9)                                             1 	(obj:0)
y(25,10)                                            1 	(obj:0)
y(25,12)                                            1 	(obj:0)
y(25,13)                                            1 	(obj:0)
y(25,14)                                            1 	(obj:0)
y(25,16)                                            1 	(obj:0)
y(25,18)                                            1 	(obj:0)
y(25,19)                                            1 	(obj:0)
y(25,24)                                            1 	(obj:0)
y(25,25)                                            1 	(obj:0)
y(25,29)                                            1 	(obj:0)
y(29,2)                                             1 	(obj:0)
y(29,5)                                             1 	(obj:0)
y(29,6)                                             1 	(obj:0)
y(29,7)                                             1 	(obj:0)
y(29,8)                                             1 	(obj:0)
y(29,9)                                             1 	(obj:0)
y(29,10)                                            1 	(obj:0)
y(29,12)                                            1 	(obj:0)
y(29,13)                                            1 	(obj:0)
y(29,14)                                            1 	(obj:0)
y(29,16)                                            1 	(obj:0)
y(29,18)                                            1 	(obj:0)
y(29,19)                                            1 	(obj:0)
y(29,24)                                            1 	(obj:0)
y(29,25)                                            1 	(obj:0)
y(29,29)                                            1 	(obj:0)
x(2)                                                1 	(obj:-0.00482296262945112)
x(5)                                                1 	(obj:-0.00543316212198147)
x(6)                                                1 	(obj:-0.00493050816941095)
x(7)                                                1 	(obj:-0.00490472021267984)
x(8)                                                1 	(obj:-0.00450530479182022)
x(9)                                                1 	(obj:-0.00472997952120924)
x(10)                                               1 	(obj:-0.0055020358718101)
x(12)                                               1 	(obj:-0.0049991881091159)
x(13)                                               1 	(obj:-0.00671021732689935)
x(14)                                               1 	(obj:-0.00583759807338944)
x(16)                                               1 	(obj:-0.00580476967363632)
x(18)                                               1 	(obj:-0.00516311339804323)
x(19)                                               1 	(obj:-0.00484173630450649)
x(24)                                               1 	(obj:-0.00540494202707922)
x(25)                                               1 	(obj:-0.00589041628944574)
x(29)                                               1 	(obj:-0.0045806708374666)

Statistics
==========

SCIP Status        : problem is solved [optimal solution found]
Total Time         :       0.00
  solving          :       0.00
  presolving       :       0.00 (included in solving)
  reading          :       0.00
  copying          :       0.00 (0 times copied the problem)
Original Problem   :
  Problem name     : C:\Users\claudio\Documents\GitHub\embedding\src\lp\N32_B0.5_correlated_classical\IPL_linearized_N32q0.00B16.lp
  Variables        : 1056 (0 binary, 1056 integer, 0 implicit integer, 0 continuous)
  Constraints      : 3073 initial, 3073 maximal
  Objective        : minimize, 32 non-zeros (abs.min = 0.00120257, abs.max = 0.00671022)
Presolved Problem  :
  Problem name     : t_C:\Users\claudio\Documents\GitHub\embedding\src\lp\N32_B0.5_correlated_classical\IPL_linearized_N32q0.00B16.lp
  Variables        : 528 (528 binary, 0 integer, 0 implicit integer, 0 continuous)
  Constraints      : 497 initial, 534 maximal
  Objective        : minimize, 32 non-zeros (abs.min = 0.00120257, abs.max = 0.00671022)
  Nonzeros         : 1520 constraint, 1984 clique table
Presolvers         :   ExecTime  SetupTime  Calls  FixedVars   AggrVars   ChgTypes  ChgBounds   AddHoles    DelCons    AddCons   ChgSides   ChgCoefs
  boundshift       :       0.00       0.00      0          0          0          0          0          0          0          0          0          0
  convertinttobin  :       0.00       0.00      0          0          0          0          0          0          0          0          0          0
  domcol           :       0.00       0.00      1          0          0          0          0          0          0          0          0          0
  dualagg          :       0.00       0.00      0          0          0          0          0          0          0          0          0          0
  dualcomp         :       0.00       0.00      0          0          0          0          0          0          0          0          0          0
  dualinfer        :       0.00       0.00      0          0          0          0          0          0          0          0          0          0
  dualsparsify     :       0.00       0.00      1          0          0          0          0          0          0          0          0          0
  gateextraction   :       0.00       0.00      1          0          0          0          0          0       2976        992          0          0
  implics          :       0.00       0.00      4          0          0          0          0          0          0          0          0          0
  inttobinary      :       0.00       0.00      0          0          0          0          0          0          0          0          0          0
  milp             :       0.00       0.00      1          0          0          0          0          0          0          0          0          0
  qpkktref         :       0.00       0.00      0          0          0          0          0          0          0          0          0          0
  redvub           :       0.00       0.00      0          0          0          0          0          0          0          0          0          0
  sparsify         :       0.00       0.00      1          0          0          0          0          0          0          0          0          0
  stuffing         :       0.00       0.00      0          0          0          0          0          0          0          0          0          0
  trivial          :       0.00       0.00      6          0          0          0          0          0          0          0          0          0
  tworowbnd        :       0.00       0.00      0          0          0          0          0          0          0          0          0          0
  dualfix          :       0.00       0.00      6          0          0          0          0          0          0          0          0          0
  genvbounds       :       0.00       0.00      0          0          0          0          0          0          0          0          0          0
  probing          :       0.00       0.00      1          0          0          0          0          0          0          0          0          0
  pseudoobj        :       0.00       0.00      0          0          0          0          0          0          0          0          0          0
  symmetry         :       0.00       0.00      1          0          0          0          0          0          0          0          0          0
  vbounds          :       0.00       0.00      1          0          0          0          0          0          0          0          0          0
  and              :       0.00       0.00      4          0        496          0          0          0        496          0          0          0
  linear           :       0.00       0.00      8          0         32          0          0          0         96          0         32         32
  logicor          :       0.00       0.00      2          0          0          0          0          0          0          0          0          0
  benders          :       0.00       0.00      0          0          0          0          0          0          0          0          0          0
  components       :       0.00       0.00      1          0          0          0          0          0          0          0          0          0
  root node        :          -          -      -          0          -          -          0          -          -          -          -          -
Constraints        :     Number  MaxNumber  #Separate #Propagate    #EnfoLP    #EnfoRelax  #EnfoPS    #Check   #ResProp    Cutoffs    DomReds       Cuts    Applied      Conss   Children
  benderslp        :          0          0          0          0          0          0          0         12          0          0          0          0          0          0          0
  integral         :          0          0          0          0          0          0          0         12          0          0          0          0          0          0          0
  and              :        496        496          0        343          0          0          0          8        220          1          0          0          0          0          0
  linear           :          1+         3          0        340          0          0          0          7        138         11          0          0          0          0          0
  logicor          :          0+        35          0         38          0          0          0          0          0          0          0          0          0          0          0
  benders          :          0          0          0          0          0          0          0          6          0          0          0          0          0          0          0
  countsols        :          0          0          0          0          0          0          0          6          0          0          0          0          0          0          0
  components       :          0          0          0          0          0          0          0          0          0          0          0          0          0          0          0
Constraint Timings :  TotalTime  SetupTime   Separate  Propagate     EnfoLP     EnfoPS     EnfoRelax   Check    ResProp    SB-Prop
  benderslp        :       0.00       0.00       0.00       0.00       0.00       0.00       0.00       0.00       0.00       0.00
  integral         :       0.00       0.00       0.00       0.00       0.00       0.00       0.00       0.00       0.00       0.00
  and              :       0.00       0.00       0.00       0.00       0.00       0.00       0.00       0.00       0.00       0.00
  linear           :       0.00       0.00       0.00       0.00       0.00       0.00       0.00       0.00       0.00       0.00
  logicor          :       0.00       0.00       0.00       0.00       0.00       0.00       0.00       0.00       0.00       0.00
  benders          :       0.00       0.00       0.00       0.00       0.00       0.00       0.00       0.00       0.00       0.00
  countsols        :       0.00       0.00       0.00       0.00       0.00       0.00       0.00       0.00       0.00       0.00
  components       :       0.00       0.00       0.00       0.00       0.00       0.00       0.00       0.00       0.00       0.00
Propagators        : #Propagate   #ResProp    Cutoffs    DomReds
  dualfix          :          2          0          0          0
  genvbounds       :          0          0          0          0
  nlobbt           :          0          0          0          0
  obbt             :          0          0          0          0
  probing          :          0          0          0          0
  pseudoobj        :          2          0          0          0
  redcost          :          0          0          0          0
  rootredcost      :          0          0          0          0
  symmetry         :          0          0          0          0
  vbounds          :        244          0          0          0
Propagator Timings :  TotalTime  SetupTime   Presolve  Propagate    ResProp    SB-Prop
  dualfix          :       0.00       0.00       0.00       0.00       0.00       0.00
  genvbounds       :       0.00       0.00       0.00       0.00       0.00       0.00
  nlobbt           :       0.00       0.00       0.00       0.00       0.00       0.00
  obbt             :       0.00       0.00       0.00       0.00       0.00       0.00
  probing          :       0.00       0.00       0.00       0.00       0.00       0.00
  pseudoobj        :       0.00       0.00       0.00       0.00       0.00       0.00
  redcost          :       0.00       0.00       0.00       0.00       0.00       0.00
  rootredcost      :       0.00       0.00       0.00       0.00       0.00       0.00
  symmetry         :       0.00       0.00       0.00       0.00       0.00       0.00
  vbounds          :       0.00       0.00       0.00       0.00       0.00       0.00
Conflict Analysis  :       Time      Calls    Success    DomReds  Conflicts   Literals    Reconvs ReconvLits   Dualrays   Nonzeros   LP Iters   (pool size: [10000,10000])
  propagation      :       0.00         12         12          -         34       19.7          0        0.0          -          -          -
  infeasible LP    :       0.00          0          0          -          0        0.0          0        0.0          0        0.0          0
  bound exceed. LP :       0.00          2          2          -          2       16.0          0        0.0          2       31.5         11
  strong branching :       0.00          0          0          -          0        0.0          0        0.0          -          -          0
  pseudo solution  :       0.00          0          0          -          0        0.0          0        0.0          -          -          -
  applied globally :       0.00          -          -          0         35       19.5          -          -          2          -          -
  applied locally  :          -          -          -          0          0        0.0          -          -          0          -          -
Separators         :   ExecTime  SetupTime      Calls    Cutoffs    DomReds       Cuts    Applied      Conss
  cut pool         :       0.00                     0          -          -          0          -          -    (maximal pool size: 0)
  aggregation      :       0.00       0.00          0          0          0          0          0          0
  cgmip            :       0.00       0.00          0          0          0          0          0          0
  clique           :       0.00       0.00          0          0          0          0          0          0
  closecuts        :       0.00       0.00          0          0          0          0          0          0
  cmir             :       0.00       0.00          0          0          0          0          0          0
  convexproj       :       0.00       0.00          0          0          0          0          0          0
  disjunctive      :       0.00       0.00          0          0          0          0          0          0
  eccuts           :       0.00       0.00          0          0          0          0          0          0
  flowcover        :       0.00       0.00          0          0          0          0          0          0
  gauge            :       0.00       0.00          0          0          0          0          0          0
  gomory           :       0.00       0.00          0          0          0          0          0          0
  impliedbounds    :       0.00       0.00          0          0          0          0          0          0
  intobj           :       0.00       0.00          0          0          0          0          0          0
  mcf              :       0.00       0.00          0          0          0          0          0          0
  oddcycle         :       0.00       0.00          0          0          0          0          0          0
  rapidlearning    :       0.00       0.00          0          0          0          0          0          0
  strongcg         :       0.00       0.00          0          0          0          0          0          0
  zerohalf         :       0.00       0.00          0          0          0          0          0          0
Pricers            :   ExecTime  SetupTime      Calls       Vars
  problem variables:       0.00          -          0          0
Branching Rules    :   ExecTime  SetupTime   BranchLP  BranchExt   BranchPS    Cutoffs    DomReds       Cuts      Conss   Children
  allfullstrong    :       0.00       0.00          0          0          0          0          0          0          0          0
  cloud            :       0.00       0.00          0          0          0          0          0          0          0          0
  distribution     :       0.00       0.00          0          0          0          0          0          0          0          0
  fullstrong       :       0.00       0.00          0          0          0          0          0          0          0          0
  inference        :       0.00       0.00          0          0          0          0          0          0          0          0
  leastinf         :       0.00       0.00          0          0          0          0          0          0          0          0
  lookahead        :       0.00       0.00          0          0          0          0          0          0          0          0
  mostinf          :       0.00       0.00          0          0          0          0          0          0          0          0
  multaggr         :       0.00       0.00          0          0          0          0          0          0          0          0
  nodereopt        :       0.00       0.00          0          0          0          0          0          0          0          0
  pscost           :       0.00       0.00          0          0          0          0          0          0          0          0
  random           :       0.00       0.00          0          0          0          0          0          0          0          0
  relpscost        :       0.00       0.00          0          0          0          0          0          0          0          0
  vanillafullstrong:       0.00       0.00          0          0          0          0          0          0          0          0
Primal Heuristics  :   ExecTime  SetupTime      Calls      Found       Best
  LP solutions     :       0.00          -          -          1          1
  relax solutions  :       0.00          -          -          0          0
  pseudo solutions :       0.00          -          -          0          0
  strong branching :       0.00          -          -          0          0
  actconsdiving    :       0.00       0.00          0          0          0
  adaptivediving   :       0.00       0.00          0          0          0
  alns             :       0.00       0.00          0          0          0
  bound            :       0.00       0.00          0          0          0
  clique           :       0.00       0.00          1          1          1
  coefdiving       :       0.00       0.00          0          0          0
  completesol      :       0.00       0.00          0          0          0
  conflictdiving   :       0.00       0.00          0          0          0
  crossover        :       0.00       0.00          0          0          0
  dins             :       0.00       0.00          0          0          0
  distributiondivin:       0.00       0.00          0          0          0
  dualval          :       0.00       0.00          0          0          0
  farkasdiving     :       0.00       0.00          0          0          0
  feaspump         :       0.00       0.00          0          0          0
  fixandinfer      :       0.00       0.00          0          0          0
  fracdiving       :       0.00       0.00          0          0          0
  gins             :       0.00       0.00          0          0          0
  guideddiving     :       0.00       0.00          0          0          0
  indicator        :       0.00       0.00          0          0          0
  intdiving        :       0.00       0.00          0          0          0
  intshifting      :       0.00       0.00          0          0          0
  linesearchdiving :       0.00       0.00          0          0          0
  localbranching   :       0.00       0.00          0          0          0
  locks            :       0.00       0.00          1          0          0
  lpface           :       0.00       0.00          0          0          0
  mpec             :       0.00       0.00          0          0          0
  multistart       :       0.00       0.00          0          0          0
  mutation         :       0.00       0.00          0          0          0
  nlpdiving        :       0.00       0.00          0          0          0
  objpscostdiving  :       0.00       0.00          0          0          0
  octane           :       0.00       0.00          0          0          0
  ofins            :       0.00       0.00          0          0          0
  oneopt           :       0.00       0.00          1          0          0
  padm             :       0.00       0.00          0          0          0
  proximity        :       0.00       0.00          0          0          0
  pscostdiving     :       0.00       0.00          0          0          0
  randrounding     :       0.00       0.00          0          0          0
  rens             :       0.00       0.00          0          0          0
  reoptsols        :       0.00       0.00          0          0          0
  repair           :       0.00       0.00          0          0          0
  rins             :       0.00       0.00          0          0          0
  rootsoldiving    :       0.00       0.00          0          0          0
  rounding         :       0.00       0.00          0          0          0
  shiftandpropagate:       0.00       0.00          0          0          0
  shifting         :       0.00       0.00          0          0          0
  simplerounding   :       0.00       0.00          0          0          0
  subnlp           :       0.00       0.00          0          0          0
  trivial          :       0.00       0.00          2          0          0
  trivialnegation  :       0.00       0.00          0          0          0
  trustregion      :       0.00       0.00          0          0          0
  trysol           :       0.00       0.00          0          0          0
  twoopt           :       0.00       0.00          0          0          0
  undercover       :       0.00       0.00          0          0          0
  vbounds          :       0.00       0.00          1          3          3
  veclendiving     :       0.00       0.00          0          0          0
  zeroobj          :       0.00       0.00          0          0          0
  zirounding       :       0.00       0.00          0          0          0
  other solutions  :          -          -          -          0          -
Diving (single)    :      Calls      Nodes   LP Iters Backtracks  Conflicts   MinDepth   MaxDepth   AvgDepth  RoundSols  NLeafSols  MinSolDpt  MaxSolDpt  AvgSolDpt
  actconsdiving    :          0          -          -          -          -          -          -          -          -          -          -          -          -
  coefdiving       :          0          -          -          -          -          -          -          -          -          -          -          -          -
  conflictdiving   :          0          -          -          -          -          -          -          -          -          -          -          -          -
  distributiondivin:          0          -          -          -          -          -          -          -          -          -          -          -          -
  farkasdiving     :          0          -          -          -          -          -          -          -          -          -          -          -          -
  fracdiving       :          0          -          -          -          -          -          -          -          -          -          -          -          -
  guideddiving     :          0          -          -          -          -          -          -          -          -          -          -          -          -
  linesearchdiving :          0          -          -          -          -          -          -          -          -          -          -          -          -
  pscostdiving     :          0          -          -          -          -          -          -          -          -          -          -          -          -
  veclendiving     :          0          -          -          -          -          -          -          -          -          -          -          -          -
Diving (adaptive)  :      Calls      Nodes   LP Iters Backtracks  Conflicts   MinDepth   MaxDepth   AvgDepth  RoundSols  NLeafSols  MinSolDpt  MaxSolDpt  AvgSolDpt
  actconsdiving    :          0          -          -          -          -          -          -          -          -          -          -          -          -
  coefdiving       :          0          -          -          -          -          -          -          -          -          -          -          -          -
  conflictdiving   :          0          -          -          -          -          -          -          -          -          -          -          -          -
  distributiondivin:          0          -          -          -          -          -          -          -          -          -          -          -          -
  farkasdiving     :          0          -          -          -          -          -          -          -          -          -          -          -          -
  fracdiving       :          0          -          -          -          -          -          -          -          -          -          -          -          -
  guideddiving     :          0          -          -          -          -          -          -          -          -          -          -          -          -
  linesearchdiving :          0          -          -          -          -          -          -          -          -          -          -          -          -
  pscostdiving     :          0          -          -          -          -          -          -          -          -          -          -          -          -
  veclendiving     :          0          -          -          -          -          -          -          -          -          -          -          -          -
Neighborhoods      :      Calls  SetupTime  SolveTime SolveNodes       Sols       Best       Exp3  EpsGreedy        UCB TgtFixRate  Opt  Inf Node Stal  Sol  Usr Othr Actv
  rens             :          0       0.00       0.00          0          0          0    0.00000   -1.00000    1.00000      0.900    0    0    0    0    0    0    0    1
  rins             :          0       0.00       0.00          0          0          0    0.00000   -1.00000    1.00000      0.900    0    0    0    0    0    0    0    1
  mutation         :          0       0.00       0.00          0          0          0    0.00000   -1.00000    1.00000      0.900    0    0    0    0    0    0    0    1
  localbranching   :          0       0.00       0.00          0          0          0    0.00000   -1.00000    1.00000      0.900    0    0    0    0    0    0    0    1
  crossover        :          0       0.00       0.00          0          0          0    0.00000   -1.00000    1.00000      0.900    0    0    0    0    0    0    0    1
  proximity        :          0       0.00       0.00          0          0          0    0.00000   -1.00000    1.00000      0.900    0    0    0    0    0    0    0    1
  zeroobjective    :          0       0.00       0.00          0          0          0    0.00000   -1.00000    1.00000      0.900    0    0    0    0    0    0    0    1
  dins             :          0       0.00       0.00          0          0          0    0.00000   -1.00000    1.00000      0.900    0    0    0    0    0    0    0    1
  trustregion      :          0       0.00       0.00          0          0          0    0.00000   -1.00000    1.00000      0.900    0    0    0    0    0    0    0    0
LP                 :       Time      Calls Iterations  Iter/call   Iter/sec  Time-0-It Calls-0-It    ItLimit
  primal LP        :       0.00          0          0       0.00          -       0.00          0
  dual LP          :       0.00          1        151     151.00          -       0.00          0
  lex dual LP      :       0.00          0          0       0.00          -
  barrier LP       :       0.00          0          0       0.00          -       0.00          0
  resolve instable :       0.00          0          0       0.00          -
  diving/probing LP:       0.00          1          2       2.00          -
  strong branching :       0.00          0          0       0.00          -          -          -          0
    (at root node) :          -          0          0       0.00          -
  conflict analysis:       0.00          2         11       5.50          -
B&B Tree           :
  number of runs   :          1
  nodes            :          1 (0 internal, 1 leaves)
  feasible leaves  :          0
  infeas. leaves   :          0
  objective leaves :          1
  nodes (total)    :          1 (0 internal, 1 leaves)
  nodes left       :          0
  max depth        :          0
  max depth (total):          0
  backtracks       :          0 (0.0%)
  early backtracks :          0 (0.0%)
  nodes exc. ref.  :          0 (0.0%)
  delayed cutoffs  :          0
  repropagations   :          0 (0 domain reductions, 0 cutoffs)
  avg switch length:       2.00
  switching time   :       0.00
Estim. Tree Size   :          1
Estimation Tree    : 1 nodes (1 visited, 0 internal, 1 leaves, 0 open), weight: 1.0000 completed 1.0000
Estimations        :      estim      value      trend resolution     smooth
  wbe              :          1          -          -          -          -
  tree-profile     :         -1          -          -          -          -
  gap              :          1    1.00000    1.00000          1          1
  tree-weight      :          1    1.00000    1.00000          1          1
  leaf-frequency   :          1    0.50000    1.00000          1          1
  ssg              :          1    0.00000   -1.00000          1          1
  open-nodes       :          1    0.00000    0.00000          1          1
Root Node          :
  First LP value   : -8.40613253579452e-02
  First LP Iters   :        151
  First LP Time    :       0.00
  Final Dual Bound : -8.40613253579452e-02
  Final Root Iters :        151
  Root LP Estimate :                     -
Solution           :
  Solutions found  :          5 (5 improvements)
  First Solution   : -7.04548914456637e-02   (in run 1, after 1 nodes, 0.00 seconds, depth 12, found by <clique>)
  Gap First Sol.   :      89.68 %
  Gap Last Sol.    :       0.00 %
  Primal Bound     : -8.40613253579452e-02   (in run 1, after 1 nodes, 0.00 seconds, depth 0, found by <relaxation>)
  Dual Bound       : -8.40613253579452e-02
  Gap              :       0.00 %
Integrals          :      Total       Avg%
  primal-dual      :       0.00       0.00
  primal-ref       :       0.00       0.00
  dual-ref         :       0.00       0.00
