SCIP version 7.0.2 [precision: 8 byte] [memory: block] [mode: optimized] [LP solver: SoPlex 5.0.2] [GitHash: e9d280a398]
Copyright (C) 2002-2020 Konrad-Zuse-Zentrum fuer Informationstechnik Berlin (ZIB)

External codes: 
  SoPlex 5.0.2         Linear Programming Solver developed at Zuse Institute Berlin (soplex.zib.de) [GitHash: e24c304e]
  CppAD 20180000.0     Algorithmic Differentiation of C++ algorithms developed by B. Bell (www.coin-or.org/CppAD)
  MPIR 3.0.0           Multiple Precision Integers and Rationals Library developed by W. Hart (mpir.org)
  ZIMPL 3.4.0          Zuse Institute Mathematical Programming Language developed by T. Koch (zimpl.zib.de)
  PaPILO 1.0.2         parallel presolve for integer and linear optimization (https://github.com/lgottwald/PaPILO) [GitHash: 62d2842]
  bliss 0.73p          Computing Graph Automorphism Groups by T. Junttila and P. Kaski (http://www.tcs.hut.fi/Software/bliss/)
  Ipopt 3.12.9         Interior Point Optimizer developed by A. Waechter et.al. (www.coin-or.org/Ipopt)

user parameter file <scip.set> not found - using default parameters

read problem <C:\Users\Claubit\Documents\GitHub\embedding\src\lp\scenarioA2_N16_B0.9_classical\IPL_linearized_N16q0.60B14.lp>
============

original problem has 272 variables (0 bin, 272 int, 0 impl, 0 cont) and 769 constraints

solve problem
=============

presolving:
(round 1, fast)       16 del vars, 16 del conss, 0 add conss, 0 chg bounds, 16 chg sides, 16 chg coeffs, 0 upgd conss, 0 impls, 480 clqs
(round 2, fast)       16 del vars, 48 del conss, 0 add conss, 0 chg bounds, 16 chg sides, 16 chg coeffs, 0 upgd conss, 0 impls, 480 clqs
   (0.0s) running MILP presolver
   (0.0s) MILP presolver found nothing
(round 3, exhaustive) 16 del vars, 48 del conss, 0 add conss, 0 chg bounds, 16 chg sides, 16 chg coeffs, 720 upgd conss, 0 impls, 480 clqs
(round 4, exhaustive) 16 del vars, 768 del conss, 240 add conss, 0 chg bounds, 16 chg sides, 16 chg coeffs, 720 upgd conss, 0 impls, 480 clqs
(round 5, exhaustive) 136 del vars, 888 del conss, 240 add conss, 0 chg bounds, 16 chg sides, 16 chg coeffs, 720 upgd conss, 0 impls, 240 clqs
   (0.0s) probing: 51/136 (37.5%) - 0 fixings, 0 aggregations, 0 implications, 0 bound changes
   (0.0s) probing aborted: 50/50 successive totally useless probings
   (0.0s) symmetry computation started: requiring (bin +, int -, cont +), (fixed: bin -, int +, cont -)
   (0.0s) no symmetry present
presolving (6 rounds: 6 fast, 4 medium, 4 exhaustive):
 136 deleted vars, 888 deleted constraints, 240 added constraints, 0 tightened bounds, 0 added holes, 16 changed sides, 16 changed coefficients
 0 implications, 240 cliques
presolved problem has 136 variables (136 bin, 0 int, 0 impl, 0 cont) and 121 constraints
    120 constraints of type <and>
      1 constraints of type <linear>
Presolving Time: 0.00

 time | node  | left  |LP iter|LP it/n|mem/heur|mdpt |vars |cons |rows |cuts |sepa|confs|strbr|  dualbound   | primalbound  |  gap   | compl. 
p 0.0s|     1 |     0 |     0 |     - |  clique|   0 | 136 | 121 | 241 |   0 |  0 |   0 |   0 |-3.900384e-02 |-2.014351e-02 |  93.63%| unknown
  0.0s|     1 |     0 |    94 |     - |  3696k |   0 | 136 | 121 | 241 |   0 |  0 |   0 |   0 |-2.379787e-02 |-2.014351e-02 |  18.14%| unknown
r 0.0s|     1 |     0 |    94 |     - |shifting|   0 | 136 | 122 | 213 |   0 |  0 |   1 |   0 |-2.379787e-02 |-2.353071e-02 |   1.14%| unknown
  0.0s|     1 |     0 |    94 |     - |  3946k |   0 | 136 | 122 | 213 |   0 |  0 |   1 |   0 |-2.379787e-02 |-2.353071e-02 |   1.14%| unknown
  0.0s|     1 |     0 |    94 |     - |  3946k |   0 | 136 | 122 | 141 |   0 |  0 |   1 |   0 |-2.379787e-02 |-2.353071e-02 |   1.14%| unknown
  0.0s|     1 |     0 |   103 |     - |  3946k |   0 | 136 | 121 | 141 |   0 |  1 |   1 |   0 |-2.353071e-02 |-2.353071e-02 |   0.00%| unknown
  0.0s|     1 |     0 |   103 |     - |  3946k |   0 | 136 | 121 | 141 |   0 |  1 |   1 |   0 |-2.353071e-02 |-2.353071e-02 |   0.00%| unknown

SCIP Status        : problem is solved [optimal solution found]
Solving Time (sec) : 0.00
Solving Nodes      : 1
Primal Bound       : -2.35307113081978e-02 (2 solutions)
Dual Bound         : -2.35307113081978e-02
Gap                : 0.00 %

primal solution (original space):
=================================

objective value:                  -0.0235307113081978
y(1,1)                                              1 	(obj:0.000188266404323342)
y(1,2)                                              1 	(obj:-1.33728022665969e-05)
y(1,3)                                              1 	(obj:-1.65311775476643e-05)
y(1,4)                                              1 	(obj:7.445543450269e-05)
y(1,5)                                              1 	(obj:6.96099504927069e-06)
y(1,6)                                              1 	(obj:0.000128576519426384)
y(1,7)                                              1 	(obj:9.26184028926678e-05)
y(1,8)                                              1 	(obj:-8.30906554773956e-05)
y(1,10)                                             1 	(obj:5.38474566590752e-05)
y(1,11)                                             1 	(obj:8.54539971319226e-06)
y(1,12)                                             1 	(obj:-8.53147638541588e-05)
y(1,14)                                             1 	(obj:-8.19909669967704e-05)
y(1,15)                                             1 	(obj:7.43041146861508e-05)
y(1,16)                                             1 	(obj:9.45146718461414e-05)
y(2,1)                                              1 	(obj:-1.33728022665969e-05)
y(2,2)                                              1 	(obj:0.000125461064157819)
y(2,3)                                              1 	(obj:9.51868206493168e-05)
y(2,4)                                              1 	(obj:5.0410776230032e-05)
y(2,5)                                              1 	(obj:6.56884752612778e-05)
y(2,6)                                              1 	(obj:2.0774954397064e-06)
y(2,7)                                              1 	(obj:-1.20716419271524e-05)
y(2,8)                                              1 	(obj:7.34379902657921e-05)
y(2,10)                                             1 	(obj:7.78007322982449e-05)
y(2,11)                                             1 	(obj:1.70630414752316e-05)
y(2,12)                                             1 	(obj:0.00011536643641403)
y(2,14)                                             1 	(obj:6.45298467480695e-05)
y(2,15)                                             1 	(obj:-3.91930872092696e-06)
y(2,16)                                             1 	(obj:5.6666854173137e-05)
y(3,1)                                              1 	(obj:-1.65311775476643e-05)
y(3,2)                                              1 	(obj:9.51868206493168e-05)
y(3,3)                                              1 	(obj:0.000166238575024667)
y(3,4)                                              1 	(obj:8.37237795111419e-05)
y(3,5)                                              1 	(obj:9.15632810694137e-05)
y(3,6)                                              1 	(obj:3.3055370206537e-05)
y(3,7)                                              1 	(obj:3.26651377973944e-05)
y(3,8)                                              1 	(obj:5.92318750796865e-05)
y(3,10)                                             1 	(obj:7.82956575643794e-05)
y(3,11)                                             1 	(obj:2.24462879965868e-05)
y(3,12)                                             1 	(obj:9.47010018755412e-05)
y(3,14)                                             1 	(obj:4.80167410290559e-05)
y(3,15)                                             1 	(obj:2.32159409578062e-05)
y(3,16)                                             1 	(obj:7.58576262845466e-05)
y(4,1)                                              1 	(obj:7.445543450269e-05)
y(4,2)                                              1 	(obj:5.0410776230032e-05)
y(4,3)                                              1 	(obj:8.37237795111419e-05)
y(4,4)                                              1 	(obj:0.000117263334829602)
y(4,5)                                              1 	(obj:7.69956248728591e-05)
y(4,6)                                              1 	(obj:9.25959092329364e-05)
y(4,7)                                              1 	(obj:7.22595265162666e-05)
y(4,8)                                              1 	(obj:3.07368661088725e-06)
y(4,10)                                             1 	(obj:7.90047097317861e-05)
y(4,11)                                             1 	(obj:2.94246595634252e-05)
y(4,12)                                             1 	(obj:3.75394194615452e-05)
y(4,14)                                             1 	(obj:2.57819513511939e-05)
y(4,15)                                             1 	(obj:5.05946104540526e-05)
y(4,16)                                             1 	(obj:8.63249100295681e-05)
y(5,1)                                              1 	(obj:6.96099504927069e-06)
y(5,2)                                              1 	(obj:6.56884752612778e-05)
y(5,3)                                              1 	(obj:9.15632810694137e-05)
y(5,4)                                              1 	(obj:7.69956248728591e-05)
y(5,5)                                              1 	(obj:0.000264734924350215)
y(5,6)                                              1 	(obj:4.40001477818629e-05)
y(5,7)                                              1 	(obj:2.91675328503545e-05)
y(5,8)                                              1 	(obj:7.76951675412216e-05)
y(5,10)                                             1 	(obj:7.82308107380876e-05)
y(5,11)                                             1 	(obj:4.07662032527021e-05)
y(5,12)                                             1 	(obj:0.000124798591069565)
y(5,14)                                             1 	(obj:3.25810820292676e-05)
y(5,15)                                             1 	(obj:-1.20752153900499e-05)
y(5,16)                                             1 	(obj:7.23614248579835e-05)
y(6,1)                                              1 	(obj:0.000128576519426384)
y(6,2)                                              1 	(obj:2.0774954397064e-06)
y(6,3)                                              1 	(obj:3.3055370206537e-05)
y(6,4)                                              1 	(obj:9.25959092329364e-05)
y(6,5)                                              1 	(obj:4.40001477818629e-05)
y(6,6)                                              1 	(obj:0.000125289108937488)
y(6,7)                                              1 	(obj:9.50370761110761e-05)
y(6,8)                                              1 	(obj:-4.66442942946942e-05)
y(6,10)                                             1 	(obj:3.75306296013021e-05)
y(6,11)                                             1 	(obj:1.73701472476574e-05)
y(6,12)                                             1 	(obj:-3.17230280712315e-05)
y(6,14)                                             1 	(obj:-3.18207058193855e-05)
y(6,15)                                             1 	(obj:7.17795752961763e-05)
y(6,16)                                             1 	(obj:8.3740953762366e-05)
y(7,1)                                              1 	(obj:9.26184028926678e-05)
y(7,2)                                              1 	(obj:-1.20716419271524e-05)
y(7,3)                                              1 	(obj:3.26651377973944e-05)
y(7,4)                                              1 	(obj:7.22595265162666e-05)
y(7,5)                                              1 	(obj:2.91675328503545e-05)
y(7,6)                                              1 	(obj:9.50370761110761e-05)
y(7,7)                                              1 	(obj:0.000105777457425936)
y(7,8)                                              1 	(obj:-6.48047210486795e-05)
y(7,10)                                             1 	(obj:2.48414415099926e-05)
y(7,11)                                             1 	(obj:1.85988743045972e-05)
y(7,12)                                             1 	(obj:-4.51424867323945e-05)
y(7,14)                                             1 	(obj:-4.96484827983447e-05)
y(7,15)                                             1 	(obj:7.02336479833849e-05)
y(7,16)                                             1 	(obj:6.64251244307734e-05)
y(8,1)                                              1 	(obj:-8.30906554773956e-05)
y(8,2)                                              1 	(obj:7.34379902657921e-05)
y(8,3)                                              1 	(obj:5.92318750796865e-05)
y(8,4)                                              1 	(obj:3.07368661088725e-06)
y(8,5)                                              1 	(obj:7.76951675412216e-05)
y(8,6)                                              1 	(obj:-4.66442942946942e-05)
y(8,7)                                              1 	(obj:-6.48047210486795e-05)
y(8,8)                                              1 	(obj:0.000176621706460284)
y(8,10)                                             1 	(obj:2.72624294719416e-05)
y(8,11)                                             1 	(obj:9.2623551358856e-07)
y(8,12)                                             1 	(obj:0.000165921393504306)
y(8,14)                                             1 	(obj:0.000132218045279444)
y(8,15)                                             1 	(obj:-5.67198216755756e-05)
y(8,16)                                             1 	(obj:-2.07329935097693e-05)
y(10,1)                                             1 	(obj:5.38474566590752e-05)
y(10,2)                                             1 	(obj:7.78007322982449e-05)
y(10,3)                                             1 	(obj:7.82956575643794e-05)
y(10,4)                                             1 	(obj:7.90047097317861e-05)
y(10,5)                                             1 	(obj:7.82308107380876e-05)
y(10,6)                                             1 	(obj:3.75306296013021e-05)
y(10,7)                                             1 	(obj:2.48414415099926e-05)
y(10,8)                                             1 	(obj:2.72624294719416e-05)
y(10,10)                                            1 	(obj:0.000142850869908142)
y(10,11)                                            1 	(obj:8.39897586523554e-06)
y(10,12)                                            1 	(obj:6.09878161978809e-05)
y(10,14)                                            1 	(obj:2.19948937595587e-05)
y(10,15)                                            1 	(obj:1.66471804821208e-05)
y(10,16)                                            1 	(obj:8.73974324178596e-05)
y(11,1)                                             1 	(obj:8.54539971319226e-06)
y(11,2)                                             1 	(obj:1.70630414752316e-05)
y(11,3)                                             1 	(obj:2.24462879965868e-05)
y(11,4)                                             1 	(obj:2.94246595634252e-05)
y(11,5)                                             1 	(obj:4.07662032527021e-05)
y(11,6)                                             1 	(obj:1.73701472476574e-05)
y(11,7)                                             1 	(obj:1.85988743045972e-05)
y(11,8)                                             1 	(obj:9.2623551358856e-07)
y(11,10)                                            1 	(obj:8.39897586523554e-06)
y(11,11)                                            1 	(obj:6.39787354586234e-05)
y(11,12)                                            1 	(obj:1.65130111176337e-05)
y(11,14)                                            1 	(obj:-1.55006795423371e-06)
y(11,15)                                            1 	(obj:9.46665714496302e-06)
y(11,16)                                            1 	(obj:4.31031038517729e-05)
y(12,1)                                             1 	(obj:-8.53147638541588e-05)
y(12,2)                                             1 	(obj:0.00011536643641403)
y(12,3)                                             1 	(obj:9.47010018755412e-05)
y(12,4)                                             1 	(obj:3.75394194615452e-05)
y(12,5)                                             1 	(obj:0.000124798591069565)
y(12,6)                                             1 	(obj:-3.17230280712315e-05)
y(12,7)                                             1 	(obj:-4.51424867323945e-05)
y(12,8)                                             1 	(obj:0.000165921393504306)
y(12,10)                                            1 	(obj:6.09878161978809e-05)
y(12,11)                                            1 	(obj:1.65130111176337e-05)
y(12,12)                                            1 	(obj:0.000228430992727692)
y(12,14)                                            1 	(obj:0.000147435058322824)
y(12,15)                                            1 	(obj:-5.4812360395235e-05)
y(12,16)                                            1 	(obj:9.49825280183821e-07)
y(14,1)                                             1 	(obj:-8.19909669967704e-05)
y(14,2)                                             1 	(obj:6.45298467480695e-05)
y(14,3)                                             1 	(obj:4.80167410290559e-05)
y(14,4)                                             1 	(obj:2.57819513511939e-05)
y(14,5)                                             1 	(obj:3.25810820292676e-05)
y(14,6)                                             1 	(obj:-3.18207058193855e-05)
y(14,7)                                             1 	(obj:-4.96484827983447e-05)
y(14,8)                                             1 	(obj:0.000132218045279444)
y(14,10)                                            1 	(obj:2.19948937595587e-05)
y(14,11)                                            1 	(obj:-1.55006795423371e-06)
y(14,12)                                            1 	(obj:0.000147435058322824)
y(14,14)                                            1 	(obj:0.000206983860947582)
y(14,15)                                            1 	(obj:-3.95114852991482e-05)
y(14,16)                                            1 	(obj:-8.06521113207419e-05)
y(15,1)                                             1 	(obj:7.43041146861508e-05)
y(15,2)                                             1 	(obj:-3.91930872092696e-06)
y(15,3)                                             1 	(obj:2.32159409578062e-05)
y(15,4)                                             1 	(obj:5.05946104540526e-05)
y(15,5)                                             1 	(obj:-1.20752153900499e-05)
y(15,6)                                             1 	(obj:7.17795752961763e-05)
y(15,7)                                             1 	(obj:7.02336479833849e-05)
y(15,8)                                             1 	(obj:-5.67198216755756e-05)
y(15,10)                                            1 	(obj:1.66471804821208e-05)
y(15,11)                                            1 	(obj:9.46665714496302e-06)
y(15,12)                                            1 	(obj:-5.4812360395235e-05)
y(15,14)                                            1 	(obj:-3.95114852991482e-05)
y(15,15)                                            1 	(obj:7.30694368226559e-05)
y(15,16)                                            1 	(obj:6.13144647040288e-05)
y(16,1)                                             1 	(obj:9.45146718461414e-05)
y(16,2)                                             1 	(obj:5.6666854173137e-05)
y(16,3)                                             1 	(obj:7.58576262845466e-05)
y(16,4)                                             1 	(obj:8.63249100295681e-05)
y(16,5)                                             1 	(obj:7.23614248579835e-05)
y(16,6)                                             1 	(obj:8.3740953762366e-05)
y(16,7)                                             1 	(obj:6.64251244307734e-05)
y(16,8)                                             1 	(obj:-2.07329935097693e-05)
y(16,10)                                            1 	(obj:8.73974324178596e-05)
y(16,11)                                            1 	(obj:4.31031038517729e-05)
y(16,12)                                            1 	(obj:9.49825280183821e-07)
y(16,14)                                            1 	(obj:-8.06521113207419e-05)
y(16,15)                                            1 	(obj:6.13144647040288e-05)
y(16,16)                                            1 	(obj:0.000186923666026919)
x(1)                                                1 	(obj:-0.00667286319447288)
x(2)                                                1 	(obj:-9.56132732858106e-05)
x(3)                                                1 	(obj:-0.00434230035302338)
x(4)                                                1 	(obj:-9.66714092961341e-05)
x(5)                                                1 	(obj:0.00135022364735712)
x(6)                                                1 	(obj:-0.0025649184939233)
x(7)                                                1 	(obj:-0.00348984795828146)
x(8)                                                1 	(obj:0.00117967554409262)
x(10)                                               1 	(obj:-0.0045666940884271)
x(11)                                               1 	(obj:-0.00233757086924918)
x(12)                                               1 	(obj:0.00235010335856775)
x(14)                                               1 	(obj:0.000863377525571901)
x(15)                                               1 	(obj:-0.00517621098612854)
x(16)                                               1 	(obj:-0.00870726096131751)

Statistics
==========

SCIP Status        : problem is solved [optimal solution found]
Total Time         :       0.00
  solving          :       0.00
  presolving       :       0.00 (included in solving)
  reading          :       0.00
  copying          :       0.00 (1 #copies) (minimal 0.00, maximal 0.00, average 0.00)
Original Problem   :
  Problem name     : C:\Users\Claubit\Documents\GitHub\embedding\src\lp\scenarioA2_N16_B0.9_classical\IPL_linearized_N16q0.60B14.lp
  Variables        : 272 (0 binary, 272 integer, 0 implicit integer, 0 continuous)
  Constraints      : 769 initial, 769 maximal
  Objective        : minimize, 272 non-zeros (abs.min = 9.26236e-07, abs.max = 0.00870726)
Presolved Problem  :
  Problem name     : t_C:\Users\Claubit\Documents\GitHub\embedding\src\lp\scenarioA2_N16_B0.9_classical\IPL_linearized_N16q0.60B14.lp
  Variables        : 136 (136 binary, 0 integer, 0 implicit integer, 0 continuous)
  Constraints      : 121 initial, 122 maximal
  Objective        : minimize, 136 non-zeros (abs.min = 1.85247e-06, abs.max = 0.00852034)
  Nonzeros         : 376 constraint, 0 clique table
Presolvers         :   ExecTime  SetupTime  Calls  FixedVars   AggrVars   ChgTypes  ChgBounds   AddHoles    DelCons    AddCons   ChgSides   ChgCoefs
  boundshift       :       0.00       0.00      0          0          0          0          0          0          0          0          0          0
  convertinttobin  :       0.00       0.00      0          0          0          0          0          0          0          0          0          0
  domcol           :       0.00       0.00      1          0          0          0          0          0          0          0          0          0
  dualagg          :       0.00       0.00      0          0          0          0          0          0          0          0          0          0
  dualcomp         :       0.00       0.00      0          0          0          0          0          0          0          0          0          0
  dualinfer        :       0.00       0.00      0          0          0          0          0          0          0          0          0          0
  dualsparsify     :       0.00       0.00      1          0          0          0          0          0          0          0          0          0
  gateextraction   :       0.00       0.00      1          0          0          0          0          0        720        240          0          0
  implics          :       0.00       0.00      4          0          0          0          0          0          0          0          0          0
  inttobinary      :       0.00       0.00      0          0          0          0          0          0          0          0          0          0
  milp             :       0.00       0.00      1          0          0          0          0          0          0          0          0          0
  qpkktref         :       0.00       0.00      0          0          0          0          0          0          0          0          0          0
  redvub           :       0.00       0.00      0          0          0          0          0          0          0          0          0          0
  sparsify         :       0.00       0.00      1          0          0          0          0          0          0          0          0          0
  stuffing         :       0.00       0.00      0          0          0          0          0          0          0          0          0          0
  trivial          :       0.00       0.00      6          0          0          0          0          0          0          0          0          0
  tworowbnd        :       0.00       0.00      0          0          0          0          0          0          0          0          0          0
  dualfix          :       0.00       0.00      6          0          0          0          0          0          0          0          0          0
  genvbounds       :       0.00       0.00      0          0          0          0          0          0          0          0          0          0
  probing          :       0.00       0.00      1          0          0          0          0          0          0          0          0          0
  pseudoobj        :       0.00       0.00      0          0          0          0          0          0          0          0          0          0
  symmetry         :       0.00       0.00      1          0          0          0          0          0          0          0          0          0
  vbounds          :       0.00       0.00      1          0          0          0          0          0          0          0          0          0
  and              :       0.00       0.00      4          0        120          0          0          0        120          0          0          0
  linear           :       0.00       0.00      8          0         16          0          0          0         48          0         16         16
  logicor          :       0.00       0.00      2          0          0          0          0          0          0          0          0          0
  benders          :       0.00       0.00      0          0          0          0          0          0          0          0          0          0
  components       :       0.00       0.00      1          0          0          0          0          0          0          0          0          0
  root node        :          -          -      -         49          -          -         49          -          -          -          -          -
Constraints        :     Number  MaxNumber  #Separate #Propagate    #EnfoLP    #EnfoRelax  #EnfoPS    #Check   #ResProp    Cutoffs    DomReds       Cuts    Applied      Conss   Children
  benderslp        :          0          0          0          0          0          0          0         10          0          0          0          0          0          0          0
  integral         :          0          0          0          0          0          0          0         10          0          0          0          0          0          0          0
  and              :        120        120          1        197          0          0          0          5          3          1          0          9          0          0          0
  linear           :          1          1          1        188          0          0          0          4          1          0          0          0          0          0          0
  logicor          :          0+         1          1          1          0          0          0          0          0          0          0          0          0          0          0
  benders          :          0          0          0          0          0          0          0          3          0          0          0          0          0          0          0
  countsols        :          0          0          0          0          0          0          0          3          0          0          0          0          0          0          0
  components       :          0          0          0          0          0          0          0          0          0          0          0          0          0          0          0
Constraint Timings :  TotalTime  SetupTime   Separate  Propagate     EnfoLP     EnfoPS     EnfoRelax   Check    ResProp    SB-Prop
  benderslp        :       0.00       0.00       0.00       0.00       0.00       0.00       0.00       0.00       0.00       0.00
  integral         :       0.00       0.00       0.00       0.00       0.00       0.00       0.00       0.00       0.00       0.00
  and              :       0.00       0.00       0.00       0.00       0.00       0.00       0.00       0.00       0.00       0.00
  linear           :       0.00       0.00       0.00       0.00       0.00       0.00       0.00       0.00       0.00       0.00
  logicor          :       0.00       0.00       0.00       0.00       0.00       0.00       0.00       0.00       0.00       0.00
  benders          :       0.00       0.00       0.00       0.00       0.00       0.00       0.00       0.00       0.00       0.00
  countsols        :       0.00       0.00       0.00       0.00       0.00       0.00       0.00       0.00       0.00       0.00
  components       :       0.00       0.00       0.00       0.00       0.00       0.00       0.00       0.00       0.00       0.00
Propagators        : #Propagate   #ResProp    Cutoffs    DomReds
  dualfix          :          2          0          0          0
  genvbounds       :          0          0          0          0
  nlobbt           :          0          0          0          0
  obbt             :          0          0          0          0
  probing          :          0          0          0          0
  pseudoobj        :          8          0          0          3
  redcost          :          3          0          0         34
  rootredcost      :          0          0          0          0
  symmetry         :          0          0          0          0
  vbounds          :         98          0          0          0
Propagator Timings :  TotalTime  SetupTime   Presolve  Propagate    ResProp    SB-Prop
  dualfix          :       0.00       0.00       0.00       0.00       0.00       0.00
  genvbounds       :       0.00       0.00       0.00       0.00       0.00       0.00
  nlobbt           :       0.00       0.00       0.00       0.00       0.00       0.00
  obbt             :       0.00       0.00       0.00       0.00       0.00       0.00
  probing          :       0.00       0.00       0.00       0.00       0.00       0.00
  pseudoobj        :       0.00       0.00       0.00       0.00       0.00       0.00
  redcost          :       0.00       0.00       0.00       0.00       0.00       0.00
  rootredcost      :       0.00       0.00       0.00       0.00       0.00       0.00
  symmetry         :       0.00       0.00       0.00       0.00       0.00       0.00
  vbounds          :       0.00       0.00       0.00       0.00       0.00       0.00
Conflict Analysis  :       Time      Calls    Success    DomReds  Conflicts   Literals    Reconvs ReconvLits   Dualrays   Nonzeros   LP Iters   (pool size: [10000,10000])
  propagation      :       0.00          1          1          -          1        4.0          0        0.0          -          -          -
  infeasible LP    :       0.00          0          0          -          0        0.0          0        0.0          0        0.0          0
  bound exceed. LP :       0.00          6          0          -          0        0.0          0        0.0          0        0.0         60
  strong branching :       0.00          0          0          -          0        0.0          0        0.0          -          -          0
  pseudo solution  :       0.00          0          0          -          0        0.0          0        0.0          -          -          -
  applied globally :       0.00          -          -          0          1        4.0          -          -          0          -          -
  applied locally  :          -          -          -          0          0        0.0          -          -          0          -          -
Separators         :   ExecTime  SetupTime      Calls    Cutoffs    DomReds       Cuts    Applied      Conss
  cut pool         :       0.00                     0          -          -          0          -          -    (maximal pool size: 0)
  aggregation      :       0.00       0.00          0          0          0          0          0          0
  cgmip            :       0.00       0.00          0          0          0          0          0          0
  clique           :       0.00       0.00          0          0          0          0          0          0
  closecuts        :       0.00       0.00          0          0          0          0          0          0
  cmir             :       0.00       0.00          0          0          0          0          0          0
  convexproj       :       0.00       0.00          0          0          0          0          0          0
  disjunctive      :       0.00       0.00          0          0          0          0          0          0
  eccuts           :       0.00       0.00          0          0          0          0          0          0
  flowcover        :       0.00       0.00          0          0          0          0          0          0
  gauge            :       0.00       0.00          0          0          0          0          0          0
  gomory           :       0.00       0.00          0          0          0          0          0          0
  impliedbounds    :       0.00       0.00          1          0         12          0          0          0
  intobj           :       0.00       0.00          0          0          0          0          0          0
  mcf              :       0.00       0.00          0          0          0          0          0          0
  oddcycle         :       0.00       0.00          0          0          0          0          0          0
  rapidlearning    :       0.00       0.00          0          0          0          0          0          0
  strongcg         :       0.00       0.00          0          0          0          0          0          0
  zerohalf         :       0.00       0.00          0          0          0          0          0          0
Pricers            :   ExecTime  SetupTime      Calls       Vars
  problem variables:       0.00          -          0          0
Branching Rules    :   ExecTime  SetupTime   BranchLP  BranchExt   BranchPS    Cutoffs    DomReds       Cuts      Conss   Children
  allfullstrong    :       0.00       0.00          0          0          0          0          0          0          0          0
  cloud            :       0.00       0.00          0          0          0          0          0          0          0          0
  distribution     :       0.00       0.00          0          0          0          0          0          0          0          0
  fullstrong       :       0.00       0.00          0          0          0          0          0          0          0          0
  inference        :       0.00       0.00          0          0          0          0          0          0          0          0
  leastinf         :       0.00       0.00          0          0          0          0          0          0          0          0
  lookahead        :       0.00       0.00          0          0          0          0          0          0          0          0
  mostinf          :       0.00       0.00          0          0          0          0          0          0          0          0
  multaggr         :       0.00       0.00          0          0          0          0          0          0          0          0
  nodereopt        :       0.00       0.00          0          0          0          0          0          0          0          0
  pscost           :       0.00       0.00          0          0          0          0          0          0          0          0
  random           :       0.00       0.00          0          0          0          0          0          0          0          0
  relpscost        :       0.00       0.00          0          0          0          0          0          0          0          0
  vanillafullstrong:       0.00       0.00          0          0          0          0          0          0          0          0
Primal Heuristics  :   ExecTime  SetupTime      Calls      Found       Best
  LP solutions     :       0.00          -          -          0          0
  relax solutions  :       0.00          -          -          0          0
  pseudo solutions :       0.00          -          -          0          0
  strong branching :       0.00          -          -          0          0
  actconsdiving    :       0.00       0.00          0          0          0
  adaptivediving   :       0.00       0.00          0          0          0
  alns             :       0.00       0.00          0          0          0
  bound            :       0.00       0.00          0          0          0
  clique           :       0.00       0.00          1          1          1
  coefdiving       :       0.00       0.00          0          0          0
  completesol      :       0.00       0.00          0          0          0
  conflictdiving   :       0.00       0.00          0          0          0
  crossover        :       0.00       0.00          0          0          0
  dins             :       0.00       0.00          0          0          0
  distributiondivin:       0.00       0.00          0          0          0
  dualval          :       0.00       0.00          0          0          0
  farkasdiving     :       0.00       0.00          0          0          0
  feaspump         :       0.00       0.00          0          0          0
  fixandinfer      :       0.00       0.00          0          0          0
  fracdiving       :       0.00       0.00          0          0          0
  gins             :       0.00       0.00          0          0          0
  guideddiving     :       0.00       0.00          0          0          0
  indicator        :       0.00       0.00          0          0          0
  intdiving        :       0.00       0.00          0          0          0
  intshifting      :       0.00       0.00          0          0          0
  linesearchdiving :       0.00       0.00          0          0          0
  localbranching   :       0.00       0.00          0          0          0
  locks            :       0.00       0.00          1          0          0
  lpface           :       0.00       0.00          0          0          0
  mpec             :       0.00       0.00          0          0          0
  multistart       :       0.00       0.00          0          0          0
  mutation         :       0.00       0.00          0          0          0
  nlpdiving        :       0.00       0.00          0          0          0
  objpscostdiving  :       0.00       0.00          0          0          0
  octane           :       0.00       0.00          0          0          0
  ofins            :       0.00       0.00          0          0          0
  oneopt           :       0.00       0.00          2          0          0
  padm             :       0.00       0.00          0          0          0
  proximity        :       0.00       0.00          0          0          0
  pscostdiving     :       0.00       0.00          0          0          0
  randrounding     :       0.00       0.00          1          0          0
  rens             :       0.00       0.00          0          0          0
  reoptsols        :       0.00       0.00          0          0          0
  repair           :       0.00       0.00          0          0          0
  rins             :       0.00       0.00          0          0          0
  rootsoldiving    :       0.00       0.00          0          0          0
  rounding         :       0.00       0.00          1          0          0
  shiftandpropagate:       0.00       0.00          0          0          0
  shifting         :       0.00       0.00          1          1          1
  simplerounding   :       0.00       0.00          0          0          0
  subnlp           :       0.00       0.00          0          0          0
  trivial          :       0.00       0.00          2          0          0
  trivialnegation  :       0.00       0.00          0          0          0
  trustregion      :       0.00       0.00          0          0          0
  trysol           :       0.00       0.00          0          0          0
  twoopt           :       0.00       0.00          0          0          0
  undercover       :       0.00       0.00          1          0          0
  vbounds          :       0.00       0.00          1          0          0
  veclendiving     :       0.00       0.00          0          0          0
  zeroobj          :       0.00       0.00          0          0          0
  zirounding       :       0.00       0.00          0          0          0
  other solutions  :          -          -          -          0          -
Diving (single)    :      Calls      Nodes   LP Iters Backtracks  Conflicts   MinDepth   MaxDepth   AvgDepth  RoundSols  NLeafSols  MinSolDpt  MaxSolDpt  AvgSolDpt
  actconsdiving    :          0          -          -          -          -          -          -          -          -          -          -          -          -
  coefdiving       :          0          -          -          -          -          -          -          -          -          -          -          -          -
  conflictdiving   :          0          -          -          -          -          -          -          -          -          -          -          -          -
  distributiondivin:          0          -          -          -          -          -          -          -          -          -          -          -          -
  farkasdiving     :          0          -          -          -          -          -          -          -          -          -          -          -          -
  fracdiving       :          0          -          -          -          -          -          -          -          -          -          -          -          -
  guideddiving     :          0          -          -          -          -          -          -          -          -          -          -          -          -
  linesearchdiving :          0          -          -          -          -          -          -          -          -          -          -          -          -
  pscostdiving     :          0          -          -          -          -          -          -          -          -          -          -          -          -
  veclendiving     :          0          -          -          -          -          -          -          -          -          -          -          -          -
Diving (adaptive)  :      Calls      Nodes   LP Iters Backtracks  Conflicts   MinDepth   MaxDepth   AvgDepth  RoundSols  NLeafSols  MinSolDpt  MaxSolDpt  AvgSolDpt
  actconsdiving    :          0          -          -          -          -          -          -          -          -          -          -          -          -
  coefdiving       :          0          -          -          -          -          -          -          -          -          -          -          -          -
  conflictdiving   :          0          -          -          -          -          -          -          -          -          -          -          -          -
  distributiondivin:          0          -          -          -          -          -          -          -          -          -          -          -          -
  farkasdiving     :          0          -          -          -          -          -          -          -          -          -          -          -          -
  fracdiving       :          0          -          -          -          -          -          -          -          -          -          -          -          -
  guideddiving     :          0          -          -          -          -          -          -          -          -          -          -          -          -
  linesearchdiving :          0          -          -          -          -          -          -          -          -          -          -          -          -
  pscostdiving     :          0          -          -          -          -          -          -          -          -          -          -          -          -
  veclendiving     :          0          -          -          -          -          -          -          -          -          -          -          -          -
Neighborhoods      :      Calls  SetupTime  SolveTime SolveNodes       Sols       Best       Exp3  EpsGreedy        UCB TgtFixRate  Opt  Inf Node Stal  Sol  Usr Othr Actv
  rens             :          0       0.00       0.00          0          0          0    0.00000   -1.00000    1.00000      0.900    0    0    0    0    0    0    0    1
  rins             :          0       0.00       0.00          0          0          0    0.00000   -1.00000    1.00000      0.900    0    0    0    0    0    0    0    1
  mutation         :          0       0.00       0.00          0          0          0    0.00000   -1.00000    1.00000      0.900    0    0    0    0    0    0    0    1
  localbranching   :          0       0.00       0.00          0          0          0    0.00000   -1.00000    1.00000      0.900    0    0    0    0    0    0    0    1
  crossover        :          0       0.00       0.00          0          0          0    0.00000   -1.00000    1.00000      0.900    0    0    0    0    0    0    0    1
  proximity        :          0       0.00       0.00          0          0          0    0.00000   -1.00000    1.00000      0.900    0    0    0    0    0    0    0    1
  zeroobjective    :          0       0.00       0.00          0          0          0    0.00000   -1.00000    1.00000      0.900    0    0    0    0    0    0    0    1
  dins             :          0       0.00       0.00          0          0          0    0.00000   -1.00000    1.00000      0.900    0    0    0    0    0    0    0    1
  trustregion      :          0       0.00       0.00          0          0          0    0.00000   -1.00000    1.00000      0.900    0    0    0    0    0    0    0    0
LP                 :       Time      Calls Iterations  Iter/call   Iter/sec  Time-0-It Calls-0-It    ItLimit
  primal LP        :       0.00          0          0       0.00          -       0.00          0
  dual LP          :       0.00          4        103      51.50          -       0.00          2
  lex dual LP      :       0.00          0          0       0.00          -
  barrier LP       :       0.00          0          0       0.00          -       0.00          0
  resolve instable :       0.00          0          0       0.00          -
  diving/probing LP:       0.00          0          0       0.00          -
  strong branching :       0.00          0          0       0.00          -          -          -          0
    (at root node) :          -          0          0       0.00          -
  conflict analysis:       0.00          6         60      10.00          -
B&B Tree           :
  number of runs   :          1
  nodes            :          1 (0 internal, 1 leaves)
  feasible leaves  :          0
  infeas. leaves   :          0
  objective leaves :          0
  nodes (total)    :          1 (0 internal, 1 leaves)
  nodes left       :          0
  max depth        :          0
  max depth (total):          0
  backtracks       :          0 (0.0%)
  early backtracks :          0 (0.0%)
  nodes exc. ref.  :          0 (0.0%)
  delayed cutoffs  :          0
  repropagations   :          0 (0 domain reductions, 0 cutoffs)
  avg switch length:       2.00
  switching time   :       0.00
Estim. Tree Size   :          1
Estimation Tree    : 1 nodes (1 visited, 0 internal, 1 leaves, 0 open), weight: 1.0000 completed 1.0000
Estimations        :      estim      value      trend resolution     smooth
  wbe              :          1          -          -          -          -
  tree-profile     :         -1          -          -          -          -
  gap              :          1    1.00000    1.00000          1          1
  tree-weight      :          1    1.00000    1.00000          1          1
  leaf-frequency   :          1    0.50000    1.00000          1          1
  ssg              :          1    0.00000   -1.00000          1          1
  open-nodes       :          1    0.00000    0.00000          1          1
Root Node          :
  First LP value   : -2.37978662904347e-02
  First LP Iters   :         94
  First LP Time    :       0.00
  Final Dual Bound : -2.35307113081978e-02
  Final Root Iters :        103
  Root LP Estimate :                     -
Solution           :
  Solutions found  :          2 (2 improvements)
  First Solution   : -2.01435126600690e-02   (in run 1, after 1 nodes, 0.00 seconds, depth 4, found by <clique>)
  Gap First Sol.   :      93.63 %
  Gap Last Sol.    :       1.14 %
  Primal Bound     : -2.35307113081978e-02   (in run 1, after 1 nodes, 0.00 seconds, depth 0, found by <shifting>)
  Dual Bound       : -2.35307113081978e-02
  Gap              :       0.00 %
Integrals          :      Total       Avg%
  primal-dual      :       0.00       0.00
  primal-ref       :       0.00       0.00
  dual-ref         :       0.00       0.00
