SCIP version 7.0.2 [precision: 8 byte] [memory: block] [mode: optimized] [LP solver: SoPlex 5.0.2] [GitHash: e9d280a398]
Copyright (C) 2002-2020 Konrad-Zuse-Zentrum fuer Informationstechnik Berlin (ZIB)

External codes: 
  SoPlex 5.0.2         Linear Programming Solver developed at Zuse Institute Berlin (soplex.zib.de) [GitHash: e24c304e]
  CppAD 20180000.0     Algorithmic Differentiation of C++ algorithms developed by B. Bell (www.coin-or.org/CppAD)
  MPIR 3.0.0           Multiple Precision Integers and Rationals Library developed by W. Hart (mpir.org)
  ZIMPL 3.4.0          Zuse Institute Mathematical Programming Language developed by T. Koch (zimpl.zib.de)
  PaPILO 1.0.2         parallel presolve for integer and linear optimization (https://github.com/lgottwald/PaPILO) [GitHash: 62d2842]
  bliss 0.73p          Computing Graph Automorphism Groups by T. Junttila and P. Kaski (http://www.tcs.hut.fi/Software/bliss/)
  Ipopt 3.12.9         Interior Point Optimizer developed by A. Waechter et.al. (www.coin-or.org/Ipopt)

user parameter file <scip.set> not found - using default parameters

read problem <C:\Users\Claubit\Documents\GitHub\embedding\src\lp\scenarioA2_N64_B0.1_classical\IPL_linearized_N64q90.00B6.lp>
============

original problem has 4160 variables (0 bin, 4160 int, 0 impl, 0 cont) and 12289 constraints

solve problem
=============

presolving:
(round 1, fast)       64 del vars, 64 del conss, 0 add conss, 0 chg bounds, 64 chg sides, 64 chg coeffs, 0 upgd conss, 0 impls, 8064 clqs
(round 2, fast)       64 del vars, 192 del conss, 0 add conss, 0 chg bounds, 64 chg sides, 64 chg coeffs, 0 upgd conss, 0 impls, 8064 clqs
   (0.0s) running MILP presolver
   (0.0s) MILP presolver found nothing
(round 3, exhaustive) 64 del vars, 192 del conss, 0 add conss, 0 chg bounds, 64 chg sides, 64 chg coeffs, 12096 upgd conss, 0 impls, 8064 clqs
(round 4, exhaustive) 64 del vars, 12288 del conss, 4032 add conss, 0 chg bounds, 64 chg sides, 64 chg coeffs, 12096 upgd conss, 0 impls, 8064 clqs
(round 5, exhaustive) 2080 del vars, 14304 del conss, 4032 add conss, 0 chg bounds, 64 chg sides, 64 chg coeffs, 12096 upgd conss, 0 impls, 4032 clqs
   (0.0s) probing: 51/2080 (2.5%) - 0 fixings, 0 aggregations, 0 implications, 0 bound changes
   (0.0s) probing aborted: 50/50 successive totally useless probings
   (0.0s) symmetry computation started: requiring (bin +, int -, cont +), (fixed: bin -, int +, cont -)
   (0.0s) no symmetry present
presolving (6 rounds: 6 fast, 4 medium, 4 exhaustive):
 2080 deleted vars, 14304 deleted constraints, 4032 added constraints, 0 tightened bounds, 0 added holes, 64 changed sides, 64 changed coefficients
 0 implications, 4032 cliques
presolved problem has 2080 variables (2080 bin, 0 int, 0 impl, 0 cont) and 2017 constraints
   2016 constraints of type <and>
      1 constraints of type <linear>
Presolving Time: 0.00

 time | node  | left  |LP iter|LP it/n|mem/heur|mdpt |vars |cons |rows |cuts |sepa|confs|strbr|  dualbound   | primalbound  |  gap   | compl. 
p 0.0s|     1 |     0 |     0 |     - |  clique|   0 |2080 |2017 |4033 |   0 |  0 |   0 |   0 |-7.739071e+00 | 2.712652e-01 |    Inf | unknown
p 0.0s|     1 |     0 |     0 |     - | vbounds|   0 |2080 |2017 |4033 |   0 |  0 |   0 |   0 |-7.739071e+00 | 2.270403e-01 |    Inf | unknown
  0.0s|     1 |     0 |   860 |     - |    46M |   0 |2080 |2017 |4033 |   0 |  0 |   0 |   0 |-1.692273e+00 | 2.270403e-01 |    Inf | unknown
r 0.0s|     1 |     0 |   860 |     - |shifting|   0 |2080 |2017 |4033 |   0 |  0 |   0 |   0 |-1.692273e+00 | 1.097539e-01 |    Inf | unknown
  1.0s|     1 |     0 |  1177 |     - |    47M |   0 |2080 |2017 |4294 | 261 |  1 |   0 |   0 |-7.620852e-01 | 1.097539e-01 |    Inf | unknown
  1.0s|     1 |     0 |  1349 |     - |    48M |   0 |2080 |2017 |4431 | 398 |  2 |   0 |   0 |-6.170299e-01 | 1.097539e-01 |    Inf | unknown
  1.0s|     1 |     0 |  1443 |     - |    50M |   0 |2080 |2017 |4475 | 442 |  3 |   0 |   0 |-5.881935e-01 | 1.097539e-01 |    Inf | unknown
  2.0s|     1 |     0 |  1490 |     - |    52M |   0 |2080 |2017 |4498 | 465 |  4 |   0 |   0 |-5.689914e-01 | 1.097539e-01 |    Inf | unknown
  3.0s|     1 |     0 |  1534 |     - |    54M |   0 |2080 |2017 |4509 | 476 |  5 |   0 |   0 |-5.622920e-01 | 1.097539e-01 |    Inf | unknown
  3.0s|     1 |     0 |  1573 |     - |    55M |   0 |2080 |2018 |4515 | 482 |  6 |   1 |   0 |-5.551170e-01 | 1.097539e-01 |    Inf | unknown
  4.0s|     1 |     0 |  1617 |     - |    56M |   0 |2080 |2021 |4528 | 495 |  7 |   4 |   0 |-5.505208e-01 | 1.097539e-01 |    Inf | unknown
  4.0s|     1 |     0 |  1703 |     - |    58M |   0 |2080 |2021 |4533 | 500 |  8 |   4 |   0 |-5.407962e-01 | 1.097539e-01 |    Inf | unknown
  5.0s|     1 |     0 |  1767 |     - |    60M |   0 |2080 |2021 |4538 | 505 |  9 |   4 |   0 |-5.313906e-01 | 1.097539e-01 |    Inf | unknown
r 5.0s|     1 |     0 |  1767 |     - |shifting|   0 |2080 |2021 |4538 | 505 |  9 |   4 |   0 |-5.313906e-01 | 9.870093e-02 |    Inf | unknown
  5.0s|     1 |     0 |  1802 |     - |    61M |   0 |2080 |2021 |4545 | 512 | 10 |   4 |   0 |-5.291515e-01 | 9.870093e-02 |    Inf | unknown
 time | node  | left  |LP iter|LP it/n|mem/heur|mdpt |vars |cons |rows |cuts |sepa|confs|strbr|  dualbound   | primalbound  |  gap   | compl. 
  6.0s|     1 |     0 |  1850 |     - |    62M |   0 |2080 |2021 |4521 | 522 | 11 |   4 |   0 |-5.281441e-01 | 9.870093e-02 |    Inf | unknown
  6.0s|     1 |     0 |  1880 |     - |    63M |   0 |2080 |2021 |4529 | 530 | 12 |   4 |   0 |-5.277129e-01 | 9.870093e-02 |    Inf | unknown
  7.0s|     1 |     0 |  1943 |     - |    64M |   0 |2080 |2021 |4530 | 531 | 13 |   4 |   0 |-5.258286e-01 | 9.870093e-02 |    Inf | unknown
  7.0s|     1 |     0 |  2061 |     - |    65M |   0 |2080 |2021 |4538 | 539 | 14 |   4 |   0 |-5.194454e-01 | 9.870093e-02 |    Inf | unknown
  7.0s|     1 |     0 |  2123 |     - |    65M |   0 |2080 |2021 |4540 | 541 | 15 |   4 |   0 |-5.167825e-01 | 9.870093e-02 |    Inf | unknown
  8.0s|     1 |     0 |  2151 |     - |    66M |   0 |2080 |2021 |4542 | 543 | 17 |   4 |   0 |-5.161723e-01 | 9.870093e-02 |    Inf | unknown
  8.0s|     1 |     0 |  2153 |     - |    68M |   0 |2080 |2021 |4507 | 544 | 18 |   4 |   0 |-5.161224e-01 | 9.870093e-02 |    Inf | unknown
  9.0s|     1 |     0 |  2162 |     - |    68M |   0 |2080 |2021 |4508 | 545 | 19 |   4 |   0 |-5.161153e-01 | 9.870093e-02 |    Inf | unknown
  9.0s|     1 |     0 |  2190 |     - |    71M |   0 |2080 |2021 |4509 | 546 | 20 |   4 |   0 |-5.159391e-01 | 9.870093e-02 |    Inf | unknown
 10.0s|     1 |     0 |  2213 |     - |    72M |   0 |2080 |2023 |4510 | 547 | 21 |   6 |   0 |-5.158061e-01 | 9.870093e-02 |    Inf | unknown
 10.0s|     1 |     0 |  2214 |     - |    72M |   0 |2080 |2023 |4511 | 548 | 22 |   6 |   0 |-5.158050e-01 | 9.870093e-02 |    Inf | unknown
 10.0s|     1 |     0 |  2248 |     - |    72M |   0 |2080 |2024 |4512 | 549 | 23 |   7 |   0 |-5.155175e-01 | 9.870093e-02 |    Inf | unknown
 10.0s|     1 |     0 |  2262 |     - |    72M |   0 |2080 |2024 |4492 | 554 | 24 |   7 |   0 |-5.154489e-01 | 9.870093e-02 |    Inf | unknown
 10.0s|     1 |     0 |  2282 |     - |    72M |   0 |2080 |2024 |4493 | 555 | 25 |   7 |   0 |-5.152715e-01 | 9.870093e-02 |    Inf | unknown
 10.0s|     1 |     0 |  2318 |     - |    72M |   0 |2080 |2024 |4494 | 556 | 26 |   7 |   0 |-5.150738e-01 | 9.870093e-02 |    Inf | unknown
 time | node  | left  |LP iter|LP it/n|mem/heur|mdpt |vars |cons |rows |cuts |sepa|confs|strbr|  dualbound   | primalbound  |  gap   | compl. 
 10.0s|     1 |     0 |  2320 |     - |    72M |   0 |2080 |2024 |4495 | 557 | 27 |   7 |   0 |-5.150594e-01 | 9.870093e-02 |    Inf | unknown
 10.0s|     1 |     0 |  2332 |     - |    72M |   0 |2080 |2024 |4496 | 558 | 28 |   7 |   0 |-5.150309e-01 | 9.870093e-02 |    Inf | unknown
 10.0s|     1 |     0 |  2333 |     - |    72M |   0 |2080 |2024 |4497 | 559 | 29 |   7 |   0 |-5.150166e-01 | 9.870093e-02 |    Inf | unknown
 10.0s|     1 |     0 |  2355 |     - |    72M |   0 |2080 |2024 |4482 | 560 | 30 |   7 |   0 |-5.148517e-01 | 9.870093e-02 |    Inf | unknown
 10.0s|     1 |     0 |  2365 |     - |    72M |   0 |2080 |2024 |4483 | 561 | 31 |   7 |   0 |-5.148310e-01 | 9.870093e-02 |    Inf | unknown
 10.0s|     1 |     0 |  2367 |     - |    72M |   0 |2080 |2024 |4484 | 562 | 32 |   7 |   0 |-5.148155e-01 | 9.870093e-02 |    Inf | unknown
 10.0s|     1 |     0 |  2390 |     - |    72M |   0 |2080 |2024 |4485 | 563 | 33 |   7 |   0 |-5.147595e-01 | 9.870093e-02 |    Inf | unknown
 10.0s|     1 |     0 |  2397 |     - |    73M |   0 |2080 |2024 |4486 | 564 | 34 |   7 |   0 |-5.147470e-01 | 9.870093e-02 |    Inf | unknown
 10.0s|     1 |     0 |  2417 |     - |    73M |   0 |2080 |2024 |4487 | 565 | 35 |   7 |   0 |-5.147097e-01 | 9.870093e-02 |    Inf | unknown
 10.0s|     1 |     0 |  2439 |     - |    73M |   0 |2080 |2024 |4486 | 570 | 36 |   7 |   0 |-5.146940e-01 | 9.870093e-02 |    Inf | unknown
 10.0s|     1 |     0 |  2458 |     - |    73M |   0 |2080 |2024 |4487 | 571 | 37 |   7 |   0 |-5.146383e-01 | 9.870093e-02 |    Inf | unknown
 10.0s|     1 |     0 |  2463 |     - |    73M |   0 |2080 |2024 |4488 | 572 | 38 |   7 |   0 |-5.146347e-01 | 9.870093e-02 |    Inf | unknown
d10.0s|     1 |     0 |  3900 |     - |farkasdi|   0 |2080 |2024 |4488 |   0 | 40 |  11 |   0 |-5.146347e-01 | 8.699962e-02 |    Inf | unknown
 11.0s|     1 |     0 |  6129 |     - |    75M |   0 |2080 |2024 |4488 | 572 | 40 |  11 |   0 |-5.146347e-01 | 8.699962e-02 |    Inf | unknown
 12.0s|     1 |     2 |  6129 |     - |    75M |   0 |2080 |2024 |4488 | 572 | 42 |  11 |  20 |-4.617073e-01 | 8.699962e-02 |    Inf | unknown
 time | node  | left  |LP iter|LP it/n|mem/heur|mdpt |vars |cons |rows |cuts |sepa|confs|strbr|  dualbound   | primalbound  |  gap   | compl. 
*19.0s|    21 |    18 |  8153 | 284.5 |strongbr|  19 |2080 |2069 |4656 | 776 |  6 |  56 | 317 |-3.781411e-01 | 8.584033e-02 |    Inf | unknown
*19.0s|    22 |    17 |  8165 | 271.5 |strongbr|  19 |2080 |2089 |4656 | 776 |  2 |  76 | 321 |-3.781411e-01 | 8.520613e-02 |    Inf | unknown
*19.0s|    23 |    16 |  8206 | 261.0 |strongbr|  19 |2080 |2024 |4652 | 776 |  2 |  86 | 332 |-3.781411e-01 | 7.664020e-02 |    Inf | unknown
*20.0s|    34 |    15 |  9566 | 215.2 |    LP  |  20 |2080 |2045 |4684 | 888 |  3 | 170 | 395 |-2.938399e-01 | 7.378480e-02 |    Inf |  28.33%
*20.0s|    39 |    14 |  9824 | 193.7 |    LP  |  20 |2080 |2076 |4685 | 898 |  3 | 201 | 427 |-2.938399e-01 | 7.281758e-02 |    Inf |  30.17%
*20.0s|    44 |    13 |  9995 | 175.2 |strongbr|  20 |2080 |1999 |4695 | 908 |  3 | 201 | 445 |-2.938399e-01 | 7.249154e-02 |    Inf |  30.32%
*21.0s|    47 |    12 | 10334 | 171.1 |    LP  |  20 |2080 |2050 |4663 | 915 |  5 | 252 | 489 |-2.938399e-01 | 7.117181e-02 |    Inf |  31.64%
*29.0s|    96 |    13 | 15677 | 139.1 |strongbr|  20 |2080 |2312 |4714 |1248 |  2 | 518 | 913 |-2.536271e-01 | 7.033577e-02 |    Inf |  56.14%
 29.0s|   100 |    13 | 15819 | 134.9 |    91M |  20 |2080 |2335 |4714 |1251 |  1 | 541 | 924 |-2.536271e-01 | 7.033577e-02 |    Inf |  57.01%
*29.0s|   101 |    12 | 15887 | 134.2 |strongbr|  20 |2080 |2269 |4715 |1252 |  3 | 541 | 924 |-2.536271e-01 | 6.799643e-02 |    Inf |  57.01%
*29.0s|   103 |    12 | 16012 | 132.8 |strongbr|  20 |2080 |2073 |4715 |1252 |  2 | 551 | 931 |-2.536271e-01 | 6.689933e-02 |    Inf |  57.15%
*29.0s|   105 |    12 | 16159 | 131.7 |    LP  |  20 |2080 |2101 |4720 |1257 |  4 | 593 | 956 |-2.536271e-01 | 6.638038e-02 |    Inf |  57.46%
 34.0s|   200 |    13 | 20454 |  90.4 |    99M |  23 |2080 |2293 |4636 |1488 |  5 | 789 |1204 |-2.298827e-01 | 6.638038e-02 |    Inf |  64.24%
 43.0s|   300 |     9 | 28133 |  85.9 |   115M |  23 |2080 |2555 |4714 |1939 |  3 |1122 |1504 |-2.166438e-01 | 6.638038e-02 |    Inf |  87.39%
*44.0s|   312 |    12 | 28649 |  84.2 |    LP  |  23 |2080 |2159 |4719 |1946 |  2 |1122 |1507 |-2.166438e-01 | 6.207871e-02 |    Inf |  87.39%
 time | node  | left  |LP iter|LP it/n|mem/heur|mdpt |vars |cons |rows |cuts |sepa|confs|strbr|  dualbound   | primalbound  |  gap   | compl. 
*44.0s|   313 |    11 | 28651 |  83.9 |    LP  |  23 |2080 |2159 |4719 |1946 |  2 |1122 |1507 |-2.166438e-01 | 5.808584e-02 |    Inf |  87.39%
 44.0s|   400 |    16 | 30841 |  71.1 |   116M |  29 |2080 |2172 |4724 |2001 |  2 |1136 |1521 |-1.807154e-01 | 5.808584e-02 |    Inf |  89.54%
*44.0s|   401 |    13 | 30854 |  71.0 |    LP  |  29 |2080 |2168 |4724 |2001 |  2 |1136 |1521 |-1.807154e-01 | 5.463461e-02 |    Inf |  89.54%
 48.0s|   500 |    12 | 34999 |  65.2 |   120M |  29 |2080 |2210 |4787 |2139 |  2 |1179 |1583 |-1.353342e-01 | 5.463461e-02 |    Inf |  91.16%
 50.0s|   600 |    10 | 38737 |  60.6 |   122M |  29 |2080 |2289 |4723 |2174 |  0 |1258 |1634 |-1.353342e-01 | 5.463461e-02 |    Inf |  93.08%
*52.0s|   634 |    12 | 40121 |  59.5 |    LP  |  29 |2080 |2295 |4676 |2211 |  2 |1264 |1648 |-1.353342e-01 | 5.338931e-02 |    Inf |  93.15%
*54.0s|   677 |    13 | 42046 |  58.6 |strongbr|  29 |2080 |2198 |4683 |2263 |  2 |1306 |1669 |-1.353342e-01 | 4.996567e-02 |    Inf |  93.49%
 55.0s|   700 |    14 | 43274 |  58.4 |   128M |  29 |2080 |2238 |4672 |2312 |  1 |1347 |1694 |-8.174579e-02 | 4.996567e-02 |    Inf |  94.15%

SCIP Status        : problem is solved [optimal solution found]
Solving Time (sec) : 56.00
Solving Nodes      : 766
Primal Bound       : +4.99656708892716e-02 (91 solutions)
Dual Bound         : +4.99656708892716e-02
Gap                : 0.00 %

primal solution (original space):
=================================

objective value:                   0.0499656708892716
y(25,25)                                            1 	(obj:0.0264932559690426)
y(25,26)                                            1 	(obj:-0.0134900952697953)
y(25,33)                                            1 	(obj:-0.0122968631511297)
y(25,43)                                            1 	(obj:0.0113732186410648)
y(25,49)                                            1 	(obj:-0.000237138797667746)
y(25,62)                                            1 	(obj:-0.00850797325133634)
y(26,25)                                            1 	(obj:-0.0134900952697953)
y(26,26)                                            1 	(obj:0.0174791691422372)
y(26,33)                                            1 	(obj:0.0106896046942241)
y(26,43)                                            1 	(obj:-0.0104203289899059)
y(26,49)                                            1 	(obj:-0.000358411401820953)
y(26,62)                                            1 	(obj:0.00646155857357422)
y(33,25)                                            1 	(obj:-0.0122968631511297)
y(33,26)                                            1 	(obj:0.0106896046942241)
y(33,33)                                            1 	(obj:0.0157753922267942)
y(33,43)                                            1 	(obj:-0.00953150893465492)
y(33,49)                                            1 	(obj:0.00090389060869768)
y(33,62)                                            1 	(obj:0.00661330745099408)
y(43,25)                                            1 	(obj:0.0113732186410648)
y(43,26)                                            1 	(obj:-0.0104203289899059)
y(43,33)                                            1 	(obj:-0.00953150893465492)
y(43,43)                                            1 	(obj:0.029079510932136)
y(43,49)                                            1 	(obj:-0.00243711374051139)
y(43,62)                                            1 	(obj:-0.00279835490925705)
y(49,25)                                            1 	(obj:-0.000237138797667746)
y(49,26)                                            1 	(obj:-0.000358411401820953)
y(49,33)                                            1 	(obj:0.00090389060869768)
y(49,43)                                            1 	(obj:-0.00243711374051139)
y(49,49)                                            1 	(obj:0.0220300822384456)
y(49,62)                                            1 	(obj:0.000432972840537864)
y(62,25)                                            1 	(obj:-0.00850797325133634)
y(62,26)                                            1 	(obj:0.00646155857357422)
y(62,33)                                            1 	(obj:0.00661330745099408)
y(62,43)                                            1 	(obj:-0.00279835490925705)
y(62,49)                                            1 	(obj:0.000432972840537864)
y(62,62)                                            1 	(obj:0.0109604155233984)
x(25)                                               1 	(obj:0.00117967554409262)
x(26)                                               1 	(obj:-0.00907907859942305)
x(33)                                               1 	(obj:-0.00671525470420422)
x(43)                                               1 	(obj:0.00162785131409297)
x(49)                                               1 	(obj:-0.00648266643723911)
x(62)                                               1 	(obj:-0.00517621098612854)

Statistics
==========

SCIP Status        : problem is solved [optimal solution found]
Total Time         :      56.00
  solving          :      56.00
  presolving       :       0.00 (included in solving)
  reading          :       0.00
  copying          :       1.00 (11 #copies) (minimal 0.00, maximal 1.00, average 0.09)
Original Problem   :
  Problem name     : C:\Users\Claubit\Documents\GitHub\embedding\src\lp\scenarioA2_N64_B0.1_classical\IPL_linearized_N64q90.00B6.lp
  Variables        : 4160 (0 binary, 4160 integer, 0 implicit integer, 0 continuous)
  Constraints      : 12289 initial, 12289 maximal
  Objective        : minimize, 4160 non-zeros (abs.min = 1.03569e-07, abs.max = 0.550529)
Presolved Problem  :
  Problem name     : t_C:\Users\Claubit\Documents\GitHub\embedding\src\lp\scenarioA2_N64_B0.1_classical\IPL_linearized_N64q90.00B6.lp
  Variables        : 2080 (2080 binary, 0 integer, 0 implicit integer, 0 continuous)
  Constraints      : 2017 initial, 2555 maximal
  Objective        : minimize, 2080 non-zeros (abs.min = 2.07138e-07, abs.max = 0.56418)
  Nonzeros         : 6112 constraint, 7564 clique table
Presolvers         :   ExecTime  SetupTime  Calls  FixedVars   AggrVars   ChgTypes  ChgBounds   AddHoles    DelCons    AddCons   ChgSides   ChgCoefs
  boundshift       :       0.00       0.00      0          0          0          0          0          0          0          0          0          0
  convertinttobin  :       0.00       0.00      0          0          0          0          0          0          0          0          0          0
  domcol           :       0.00       0.00      1          0          0          0          0          0          0          0          0          0
  dualagg          :       0.00       0.00      0          0          0          0          0          0          0          0          0          0
  dualcomp         :       0.00       0.00      0          0          0          0          0          0          0          0          0          0
  dualinfer        :       0.00       0.00      0          0          0          0          0          0          0          0          0          0
  dualsparsify     :       0.00       0.00      1          0          0          0          0          0          0          0          0          0
  gateextraction   :       0.00       0.00      1          0          0          0          0          0      12096       4032          0          0
  implics          :       0.00       0.00      4          0          0          0          0          0          0          0          0          0
  inttobinary      :       0.00       0.00      0          0          0          0          0          0          0          0          0          0
  milp             :       0.00       0.00      1          0          0          0          0          0          0          0          0          0
  qpkktref         :       0.00       0.00      0          0          0          0          0          0          0          0          0          0
  redvub           :       0.00       0.00      0          0          0          0          0          0          0          0          0          0
  sparsify         :       0.00       0.00      1          0          0          0          0          0          0          0          0          0
  stuffing         :       0.00       0.00      0          0          0          0          0          0          0          0          0          0
  trivial          :       0.00       0.00      6          0          0          0          0          0          0          0          0          0
  tworowbnd        :       0.00       0.00      0          0          0          0          0          0          0          0          0          0
  dualfix          :       0.00       0.00      6          0          0          0          0          0          0          0          0          0
  genvbounds       :       0.00       0.00      0          0          0          0          0          0          0          0          0          0
  probing          :       0.00       0.00      1          0          0          0          0          0          0          0          0          0
  pseudoobj        :       0.00       0.00      0          0          0          0          0          0          0          0          0          0
  symmetry         :       0.00       0.00      1          0          0          0          0          0          0          0          0          0
  vbounds          :       0.00       0.00      1          0          0          0          0          0          0          0          0          0
  setppc           :       0.00       0.00      2          0          0          0          0          0          0          0          0          0
  and              :       0.00       0.00      4          0       2016          0          0          0       2016          0          0          0
  linear           :       0.00       0.00      8          0         64          0          0          0        192          0         64         64
  logicor          :       0.00       0.00      2          0          0          0          0          0          0          0          0          0
  benders          :       0.00       0.00      0          0          0          0          0          0          0          0          0          0
  components       :       0.00       0.00      1          0          0          0          0          0          0          0          0          0
  root node        :          -          -      -        127          -          -        127          -          -          -          -          -
Constraints        :     Number  MaxNumber  #Separate #Propagate    #EnfoLP    #EnfoRelax  #EnfoPS    #Check   #ResProp    Cutoffs    DomReds       Cuts    Applied      Conss   Children
  benderslp        :          0          0          0          0        698          0          0        155          0          0          0          0          0          0          0
  integral         :          0          0          0          0        698          0          0        155          0          1       2271          0          0       1129        768
  setppc           :          0+         1          0       6048          0          0          0         96          0          0          0          0          0          0          0
  and              :       2016       2016       1434      11948          8          0          0        150      38559         44     107488       2279       1455          0          0
  linear           :          1          1         39      11849          8          0          0         86         74        112         36          0          0          0          0
  logicor          :          0+       662         34       3032          0          0          0          0        132         39         32          0          0          0          0
  benders          :          0          0          0          0          8          0          0         85          0          0          0          0          0          0          0
  countsols        :          0          0          0          0          8          0          0         85          0          0          0          0          0          0          0
  components       :          0          0          0          0          0          0          0          0          0          0          0          0          0          0          0
Constraint Timings :  TotalTime  SetupTime   Separate  Propagate     EnfoLP     EnfoPS     EnfoRelax   Check    ResProp    SB-Prop
  benderslp        :       0.00       0.00       0.00       0.00       0.00       0.00       0.00       0.00       0.00       0.00
  integral         :      14.00       0.00       0.00       0.00      14.00       0.00       0.00       0.00       0.00       0.00
  setppc           :       0.00       0.00       0.00       0.00       0.00       0.00       0.00       0.00       0.00       0.00
  and              :       2.00       0.00       0.00       1.00       0.00       0.00       0.00       0.00       0.00       1.00
  linear           :       0.00       0.00       0.00       0.00       0.00       0.00       0.00       0.00       0.00       0.00
  logicor          :       0.00       0.00       0.00       0.00       0.00       0.00       0.00       0.00       0.00       0.00
  benders          :       0.00       0.00       0.00       0.00       0.00       0.00       0.00       0.00       0.00       0.00
  countsols        :       0.00       0.00       0.00       0.00       0.00       0.00       0.00       0.00       0.00       0.00
  components       :       0.00       0.00       0.00       0.00       0.00       0.00       0.00       0.00       0.00       0.00
Propagators        : #Propagate   #ResProp    Cutoffs    DomReds
  dualfix          :          3          0          0          0
  genvbounds       :          0          0          0          0
  nlobbt           :          0          0          0          0
  obbt             :          0          0          0          0
  probing          :          0          0          0          0
  pseudoobj        :       4744         37          8        117
  redcost          :       3264          0          0      69429
  rootredcost      :         17          0          0          0
  symmetry         :          0          0          0          0
  vbounds          :      12597          0          0          0
Propagator Timings :  TotalTime  SetupTime   Presolve  Propagate    ResProp    SB-Prop
  dualfix          :       0.00       0.00       0.00       0.00       0.00       0.00
  genvbounds       :       0.00       0.00       0.00       0.00       0.00       0.00
  nlobbt           :       0.00       0.00       0.00       0.00       0.00       0.00
  obbt             :       0.00       0.00       0.00       0.00       0.00       0.00
  probing          :       0.00       0.00       0.00       0.00       0.00       0.00
  pseudoobj        :       0.00       0.00       0.00       0.00       0.00       0.00
  redcost          :       1.00       0.00       0.00       1.00       0.00       0.00
  rootredcost      :       0.00       0.00       0.00       0.00       0.00       0.00
  symmetry         :       0.00       0.00       0.00       0.00       0.00       0.00
  vbounds          :       0.00       0.00       0.00       0.00       0.00       0.00
Conflict Analysis  :       Time      Calls    Success    DomReds  Conflicts   Literals    Reconvs ReconvLits   Dualrays   Nonzeros   LP Iters   (pool size: [10000,10000])
  propagation      :       0.00        116        115          -        628      144.8          0        0.0          -          -          -
  infeasible LP    :       0.00          0          0          -          0        0.0          0        0.0          0        0.0          0
  bound exceed. LP :       2.00        802        160          -       1687      149.7          1       60.0          0        0.0       6785
  strong branching :       0.00          0          0          -          0        0.0          0        0.0          -          -          0
  pseudo solution  :       0.00          0          0          -          0        0.0          0        0.0          -          -          -
  applied globally :       0.00          -          -          0       1404      102.6          -          -          0          -          -
  applied locally  :          -          -          -          0          0        0.0          -          -          0          -          -
Separators         :   ExecTime  SetupTime      Calls    Cutoffs    DomReds       Cuts    Applied      Conss
  cut pool         :       0.00                   482          -          -       6893          -          -    (maximal pool size: 5154)
  aggregation      :       0.00       0.00        269          0          0          2          0          0
  cgmip            :       0.00       0.00          0          0          0          0          0          0
  clique           :       0.00       0.00         39          0          0          0          0          0
  closecuts        :       0.00       0.00          0          0          0          0          0          0
  cmir             :       0.00       0.00          0          0          0          0          1          0
  convexproj       :       0.00       0.00          0          0          0          0          0          0
  disjunctive      :       0.00       0.00          0          0          0          0          0          0
  eccuts           :       0.00       0.00          0          0          0          0          0          0
  flowcover        :       0.00       0.00          0          0          0          0          0          0
  gauge            :       0.00       0.00          0          0          0          0          0          0
  gomory           :      22.00       0.00        127          0          0       4503        186          0
  impliedbounds    :       0.00       0.00        269          0          0        683        473          0
  intobj           :       0.00       0.00          0          0          0          0          0          0
  mcf              :       0.00       0.00          1          0          0          0          0          0
  oddcycle         :       0.00       0.00          0          0          0          0          0          0
  rapidlearning    :       0.00       0.00          0          0          0          0          0          0
  strongcg         :       5.00       0.00         20          0          0       2734         14          0
  zerohalf         :       0.00       0.00        137          0          0        169        206          0
Pricers            :   ExecTime  SetupTime      Calls       Vars
  problem variables:       0.00          -          0          0
Branching Rules    :   ExecTime  SetupTime   BranchLP  BranchExt   BranchPS    Cutoffs    DomReds       Cuts      Conss   Children
  allfullstrong    :       0.00       0.00          0          0          0          0          0          0          0          0
  cloud            :       0.00       0.00          0          0          0          0          0          0          0          0
  distribution     :       0.00       0.00          0          0          0          0          0          0          0          0
  fullstrong       :       0.00       0.00          0          0          0          0          0          0          0          0
  inference        :       0.00       0.00          0          0          0          0          0          0          0          0
  leastinf         :       0.00       0.00          0          0          0          0          0          0          0          0
  lookahead        :       0.00       0.00          0          0          0          0          0          0          0          0
  mostinf          :       0.00       0.00          0          0          0          0          0          0          0          0
  multaggr         :       0.00       0.00          0          0          0          0          0          0          0          0
  nodereopt        :       0.00       0.00          0          0          0          0          0          0          0          0
  pscost           :       0.00       0.00          0          0          0          0          0          0          0          0
  random           :       0.00       0.00          0          0          0          0          0          0          0          0
  relpscost        :      14.00       0.00        690          0          0          1       2271          0       1149        768
  vanillafullstrong:       0.00       0.00          0          0          0          0          0          0          0          0
Primal Heuristics  :   ExecTime  SetupTime      Calls      Found       Best
  LP solutions     :       0.00          -          -          8          8
  relax solutions  :       0.00          -          -          0          0
  pseudo solutions :       0.00          -          -          0          0
  strong branching :       0.00          -          -          8          8
  actconsdiving    :       0.00       0.00          0          0          0
  adaptivediving   :       0.00       0.00          0          0          0
  alns             :       1.00       0.00          5          0          0
  bound            :       0.00       0.00          0          0          0
  clique           :       0.00       0.00          1          1          1
  coefdiving       :       0.00       0.00          0          0          0
  completesol      :       0.00       0.00          0          0          0
  conflictdiving   :       0.00       0.00          1          0          0
  crossover        :       0.00       0.00          1          0          0
  dins             :       0.00       0.00          0          0          0
  distributiondivin:       0.00       0.00          0          0          0
  dualval          :       0.00       0.00          0          0          0
  farkasdiving     :       0.00       0.00          1          1          1
  feaspump         :       1.00       0.00          1          0          0
  fixandinfer      :       0.00       0.00          0          0          0
  fracdiving       :       0.00       0.00          0          0          0
  gins             :       0.00       0.00          0          0          0
  guideddiving     :       0.00       0.00          0          0          0
  indicator        :       0.00       0.00          0          0          0
  intdiving        :       0.00       0.00          0          0          0
  intshifting      :       0.00       0.00          0          0          0
  linesearchdiving :       0.00       0.00          0          0          0
  localbranching   :       0.00       0.00          0          0          0
  locks            :       0.00       0.00          1          0          0
  lpface           :       0.00       0.00          0          0          0
  mpec             :       0.00       0.00          0          0          0
  multistart       :       0.00       0.00          0          0          0
  mutation         :       0.00       0.00          0          0          0
  nlpdiving        :       0.00       0.00          0          0          0
  objpscostdiving  :       0.00       0.00          0          0          0
  octane           :       0.00       0.00          0          0          0
  ofins            :       0.00       0.00          0          0          0
  oneopt           :       0.00       0.00         20          0          0
  padm             :       0.00       0.00          0          0          0
  proximity        :       0.00       0.00          0          0          0
  pscostdiving     :       0.00       0.00          0          0          0
  randrounding     :       1.00       0.00         75          0          0
  rens             :       0.00       0.00          1          0          0
  reoptsols        :       0.00       0.00          0          0          0
  repair           :       0.00       0.00          0          0          0
  rins             :       2.00       0.00          3          0          0
  rootsoldiving    :       0.00       0.00          0          0          0
  rounding         :       0.00       0.00        426          0          0
  shiftandpropagate:       0.00       0.00          0          0          0
  shifting         :       0.00       0.00        311         72          2
  simplerounding   :       0.00       0.00          0          0          0
  subnlp           :       0.00       0.00          0          0          0
  trivial          :       0.00       0.00          2          0          0
  trivialnegation  :       0.00       0.00          0          0          0
  trustregion      :       0.00       0.00          0          0          0
  trysol           :       0.00       0.00          0          0          0
  twoopt           :       0.00       0.00          0          0          0
  undercover       :       1.00       0.00          1          0          0
  vbounds          :       0.00       0.00          1          1          1
  veclendiving     :       0.00       0.00          0          0          0
  zeroobj          :       0.00       0.00          0          0          0
  zirounding       :       1.00       0.00        384          0          0
  other solutions  :          -          -          -          0          -
Diving (single)    :      Calls      Nodes   LP Iters Backtracks  Conflicts   MinDepth   MaxDepth   AvgDepth  RoundSols  NLeafSols  MinSolDpt  MaxSolDpt  AvgSolDpt
  actconsdiving    :          0          -          -          -          -          -          -          -          -          -          -          -          -
  coefdiving       :          0          -          -          -          -          -          -          -          -          -          -          -          -
  conflictdiving   :          1         31        631          7          0         25         25       25.0          0          -          -          -          -
  distributiondivin:          0          -          -          -          -          -          -          -          -          -          -          -          -
  farkasdiving     :          1         69       1437          4         42         66         66       66.0          0          1         66         66       66.0
  fracdiving       :          0          -          -          -          -          -          -          -          -          -          -          -          -
  guideddiving     :          0          -          -          -          -          -          -          -          -          -          -          -          -
  linesearchdiving :          0          -          -          -          -          -          -          -          -          -          -          -          -
  pscostdiving     :          0          -          -          -          -          -          -          -          -          -          -          -          -
  veclendiving     :          0          -          -          -          -          -          -          -          -          -          -          -          -
Diving (adaptive)  :      Calls      Nodes   LP Iters Backtracks  Conflicts   MinDepth   MaxDepth   AvgDepth  RoundSols  NLeafSols  MinSolDpt  MaxSolDpt  AvgSolDpt
  actconsdiving    :          0          -          -          -          -          -          -          -          -          -          -          -          -
  coefdiving       :          0          -          -          -          -          -          -          -          -          -          -          -          -
  conflictdiving   :          0          -          -          -          -          -          -          -          -          -          -          -          -
  distributiondivin:          0          -          -          -          -          -          -          -          -          -          -          -          -
  farkasdiving     :          0          -          -          -          -          -          -          -          -          -          -          -          -
  fracdiving       :          0          -          -          -          -          -          -          -          -          -          -          -          -
  guideddiving     :          0          -          -          -          -          -          -          -          -          -          -          -          -
  linesearchdiving :          0          -          -          -          -          -          -          -          -          -          -          -          -
  pscostdiving     :          0          -          -          -          -          -          -          -          -          -          -          -          -
  veclendiving     :          0          -          -          -          -          -          -          -          -          -          -          -          -
Neighborhoods      :      Calls  SetupTime  SolveTime SolveNodes       Sols       Best       Exp3  EpsGreedy        UCB TgtFixRate  Opt  Inf Node Stal  Sol  Usr Othr Actv
  rens             :          1       0.00       0.00         11          0          0    0.00000   -1.00000    1.00000      0.700    0    1    0    0    0    0    0    1
  rins             :          1       0.00       0.00          3          0          0    0.00000   -1.00000    1.00000      0.700    0    1    0    0    0    0    0    1
  mutation         :          1       0.00       0.00          1          0          0    0.00000   -1.00000    1.00000      0.700    0    1    0    0    0    0    0    1
  localbranching   :          1       0.00       0.00         51          0          0    0.00000   -1.00000    1.00000      0.900    0    0    0    1    0    0    0    1
  crossover        :          0       0.00       0.00          0          0          0    0.00000   -1.00000    1.00000      0.900    0    0    0    0    0    0    0    1
  proximity        :          0       0.00       0.00          0          0          0    0.00000   -1.00000    1.00000      0.900    0    0    0    0    0    0    0    1
  zeroobjective    :          1       0.00       0.00          1          0          0    0.00000   -1.00000    1.00000      0.700    0    1    0    0    0    0    0    1
  dins             :          0       0.00       0.00          0          0          0    0.00000   -1.00000    1.00000      0.900    0    0    0    0    0    0    0    1
  trustregion      :          0       0.00       0.00          0          0          0    0.00000   -1.00000    1.00000      0.900    0    0    0    0    0    0    0    0
LP                 :       Time      Calls Iterations  Iter/call   Iter/sec  Time-0-It Calls-0-It    ItLimit
  primal LP        :       0.00         60          0       0.00          -       0.00         60
  dual LP          :       7.00       2884      41990      27.18    5998.57       3.00       1339
  lex dual LP      :       0.00          0          0       0.00          -
  barrier LP       :       0.00          0          0       0.00          -       0.00          0
  resolve instable :       0.00          0          0       0.00          -
  diving/probing LP:       2.00         91       3673      40.36    1836.50
  strong branching :       9.00       1725     131228      76.07   14580.89          -          -        239
    (at root node) :          -         20      10597     529.85          -
  conflict analysis:       0.00        715       6785       9.49          -
B&B Tree           :
  number of runs   :          1
  nodes            :        766 (384 internal, 382 leaves)
  feasible leaves  :          8
  infeas. leaves   :         34
  objective leaves :        340
  nodes (total)    :        766 (384 internal, 382 leaves)
  nodes left       :          0
  max depth        :         29
  max depth (total):         29
  backtracks       :        114 (14.9%)
  early backtracks :          0 (0.0%)
  nodes exc. ref.  :          0 (0.0%)
  delayed cutoffs  :          0
  repropagations   :         33 (335 domain reductions, 0 cutoffs)
  avg switch length:       2.65
  switching time   :       0.00
Estim. Tree Size   :        769
Estimation Tree    : 769 nodes (769 visited, 384 internal, 385 leaves, 0 open), weight: 1.0000 completed 1.0000
Estimations        :      estim      value      trend resolution     smooth
  wbe              :        769          -          -          -          -
  tree-profile     :         -1          -          -          -          -
  gap              :        769    1.00000    0.08937          1        866
  tree-weight      :        769    1.00000    0.00284          1        773
  leaf-frequency   :        769    0.50000    0.00020          1        771
  ssg              :        769    0.00000   -0.00255          1        770
  open-nodes       :        769    0.00000   -0.51963          1        770
Root Node          :
  First LP value   : -1.69227259336993e+00
  First LP Iters   :        860
  First LP Time    :       0.00
  Final Dual Bound : -4.61707276004559e-01
  Final Root Iters :       2463
  Root LP Estimate : +5.19427181711652e-01
Solution           :
  Solutions found  :         91 (21 improvements)
  First Solution   : +2.71265233723157e-01   (in run 1, after 1 nodes, 0.00 seconds, depth 61, found by <clique>)
  Gap First Sol.   :   infinite
  Gap Last Sol.    :   infinite
  Primal Bound     : +4.99656708892716e-02   (in run 1, after 677 nodes, 54.00 seconds, depth 19, found by <relaxation>)
  Dual Bound       : +4.99656708892716e-02
  Gap              :       0.00 %
Integrals          :      Total       Avg%
  primal-dual      :    5600.00     100.00
  primal-ref       :          -          - (not evaluated)
  dual-ref         :          -          - (not evaluated)
