SCIP version 7.0.2 [precision: 8 byte] [memory: block] [mode: optimized] [LP solver: SoPlex 5.0.2] [GitHash: e9d280a398]
Copyright (C) 2002-2020 Konrad-Zuse-Zentrum fuer Informationstechnik Berlin (ZIB)

External codes: 
  SoPlex 5.0.2         Linear Programming Solver developed at Zuse Institute Berlin (soplex.zib.de) [GitHash: e24c304e]
  CppAD 20180000.0     Algorithmic Differentiation of C++ algorithms developed by B. Bell (www.coin-or.org/CppAD)
  MPIR 3.0.0           Multiple Precision Integers and Rationals Library developed by W. Hart (mpir.org)
  ZIMPL 3.4.0          Zuse Institute Mathematical Programming Language developed by T. Koch (zimpl.zib.de)
  PaPILO 1.0.2         parallel presolve for integer and linear optimization (https://github.com/lgottwald/PaPILO) [GitHash: 62d2842]
  bliss 0.73p          Computing Graph Automorphism Groups by T. Junttila and P. Kaski (http://www.tcs.hut.fi/Software/bliss/)
  Ipopt 3.12.9         Interior Point Optimizer developed by A. Waechter et.al. (www.coin-or.org/Ipopt)

user parameter file <scip.set> not found - using default parameters

read problem <C:\Users\Claubit\Documents\GitHub\embedding\src\lp\scenarioA2_N64_B0.1_classical\IPL_linearized_N64q60.00B6.lp>
============

original problem has 4160 variables (0 bin, 4160 int, 0 impl, 0 cont) and 12289 constraints

solve problem
=============

presolving:
(round 1, fast)       64 del vars, 64 del conss, 0 add conss, 0 chg bounds, 64 chg sides, 64 chg coeffs, 0 upgd conss, 0 impls, 8064 clqs
(round 2, fast)       64 del vars, 192 del conss, 0 add conss, 0 chg bounds, 64 chg sides, 64 chg coeffs, 0 upgd conss, 0 impls, 8064 clqs
   (0.0s) running MILP presolver
   (0.0s) MILP presolver found nothing
(round 3, exhaustive) 64 del vars, 192 del conss, 0 add conss, 0 chg bounds, 64 chg sides, 64 chg coeffs, 12096 upgd conss, 0 impls, 8064 clqs
(round 4, exhaustive) 64 del vars, 12288 del conss, 4032 add conss, 0 chg bounds, 64 chg sides, 64 chg coeffs, 12096 upgd conss, 0 impls, 8064 clqs
(round 5, exhaustive) 2080 del vars, 14304 del conss, 4032 add conss, 0 chg bounds, 64 chg sides, 64 chg coeffs, 12096 upgd conss, 0 impls, 4032 clqs
   (0.0s) probing: 51/2080 (2.5%) - 0 fixings, 0 aggregations, 0 implications, 0 bound changes
   (0.0s) probing aborted: 50/50 successive totally useless probings
   (0.0s) symmetry computation started: requiring (bin +, int -, cont +), (fixed: bin -, int +, cont -)
   (0.0s) no symmetry present
presolving (6 rounds: 6 fast, 4 medium, 4 exhaustive):
 2080 deleted vars, 14304 deleted constraints, 4032 added constraints, 0 tightened bounds, 0 added holes, 64 changed sides, 64 changed coefficients
 0 implications, 4032 cliques
presolved problem has 2080 variables (2080 bin, 0 int, 0 impl, 0 cont) and 2017 constraints
   2016 constraints of type <and>
      1 constraints of type <linear>
Presolving Time: 0.00

 time | node  | left  |LP iter|LP it/n|mem/heur|mdpt |vars |cons |rows |cuts |sepa|confs|strbr|  dualbound   | primalbound  |  gap   | compl. 
p 0.0s|     1 |     0 |     0 |     - |  clique|   0 |2080 |2017 |4033 |   0 |  0 |   0 |   0 |-5.159380e+00 | 1.904752e-01 |    Inf | unknown
p 0.0s|     1 |     0 |     0 |     - | vbounds|   0 |2080 |2017 |4033 |   0 |  0 |   0 |   0 |-5.159380e+00 | 1.441777e-01 |    Inf | unknown
  0.0s|     1 |     0 |   773 |     - |    46M |   0 |2080 |2017 |4033 |   0 |  0 |   0 |   0 |-1.123520e+00 | 1.441777e-01 |    Inf | unknown
r 0.0s|     1 |     0 |   773 |     - |shifting|   0 |2080 |2017 |4033 |   0 |  0 |   0 |   0 |-1.123520e+00 | 8.466914e-02 |    Inf | unknown
  1.0s|     1 |     0 |  1089 |     - |    47M |   0 |2080 |2017 |4289 | 256 |  1 |   0 |   0 |-5.130532e-01 | 8.466914e-02 |    Inf | unknown
  1.0s|     1 |     0 |  1287 |     - |    48M |   0 |2080 |2017 |4430 | 397 |  2 |   0 |   0 |-4.103734e-01 | 8.466914e-02 |    Inf | unknown
  2.0s|     1 |     0 |  1371 |     - |    50M |   0 |2080 |2017 |4473 | 440 |  3 |   0 |   0 |-3.932917e-01 | 8.466914e-02 |    Inf | unknown
  2.0s|     1 |     0 |  1397 |     - |    52M |   0 |2080 |2017 |4496 | 463 |  4 |   0 |   0 |-3.883091e-01 | 8.466914e-02 |    Inf | unknown
  3.0s|     1 |     0 |  1414 |     - |    53M |   0 |2080 |2017 |4503 | 470 |  5 |   0 |   0 |-3.862193e-01 | 8.466914e-02 |    Inf | unknown
  3.0s|     1 |     0 |  1453 |     - |    54M |   0 |2080 |2017 |4508 | 475 |  6 |   0 |   0 |-3.810316e-01 | 8.466914e-02 |    Inf | unknown
  4.0s|     1 |     0 |  1478 |     - |    55M |   0 |2080 |2017 |4519 | 486 |  7 |   0 |   0 |-3.756475e-01 | 8.466914e-02 |    Inf | unknown
  4.0s|     1 |     0 |  1529 |     - |    57M |   0 |2080 |2017 |4522 | 489 |  8 |   0 |   0 |-3.698856e-01 | 8.466914e-02 |    Inf | unknown
  5.0s|     1 |     0 |  1571 |     - |    58M |   0 |2080 |2017 |4531 | 498 |  9 |   0 |   0 |-3.679050e-01 | 8.466914e-02 |    Inf | unknown
  6.0s|     1 |     0 |  1628 |     - |    59M |   0 |2080 |2017 |4537 | 504 | 10 |   0 |   0 |-3.655103e-01 | 8.466914e-02 |    Inf | unknown
  6.0s|     1 |     0 |  1646 |     - |    59M |   0 |2080 |2017 |4508 | 513 | 11 |   0 |   0 |-3.646849e-01 | 8.466914e-02 |    Inf | unknown
 time | node  | left  |LP iter|LP it/n|mem/heur|mdpt |vars |cons |rows |cuts |sepa|confs|strbr|  dualbound   | primalbound  |  gap   | compl. 
  6.0s|     1 |     0 |  1712 |     - |    61M |   0 |2080 |2018 |4512 | 517 | 12 |   1 |   0 |-3.607682e-01 | 8.466914e-02 |    Inf | unknown
  7.0s|     1 |     0 |  1757 |     - |    61M |   0 |2080 |2018 |4517 | 522 | 13 |   1 |   0 |-3.595163e-01 | 8.466914e-02 |    Inf | unknown
r 7.0s|     1 |     0 |  1757 |     - |shifting|   0 |2080 |2018 |4517 | 522 | 13 |   1 |   0 |-3.595163e-01 | 7.288359e-02 |    Inf | unknown
  7.0s|     1 |     0 |  1806 |     - |    62M |   0 |2080 |2018 |4518 | 523 | 14 |   1 |   0 |-3.575558e-01 | 7.288359e-02 |    Inf | unknown
  7.0s|     1 |     0 |  1860 |     - |    63M |   0 |2080 |2018 |4523 | 528 | 15 |   1 |   0 |-3.564357e-01 | 7.288359e-02 |    Inf | unknown
  8.0s|     1 |     0 |  1888 |     - |    64M |   0 |2080 |2018 |4524 | 529 | 16 |   1 |   0 |-3.559337e-01 | 7.288359e-02 |    Inf | unknown
  8.0s|     1 |     0 |  1901 |     - |    65M |   0 |2080 |2018 |4492 | 530 | 17 |   1 |   0 |-3.559063e-01 | 7.288359e-02 |    Inf | unknown
  9.0s|     1 |     0 |  1915 |     - |    68M |   0 |2080 |2018 |4494 | 532 | 18 |   1 |   0 |-3.557646e-01 | 7.288359e-02 |    Inf | unknown
  9.0s|     1 |     0 |  1923 |     - |    68M |   0 |2080 |2018 |4495 | 533 | 19 |   1 |   0 |-3.554903e-01 | 7.288359e-02 |    Inf | unknown
 10.0s|     1 |     0 |  1943 |     - |    69M |   0 |2080 |2021 |4496 | 534 | 20 |   4 |   0 |-3.552370e-01 | 7.288359e-02 |    Inf | unknown
 10.0s|     1 |     0 |  1998 |     - |    69M |   0 |2080 |2021 |4498 | 536 | 21 |   4 |   0 |-3.545760e-01 | 7.288359e-02 |    Inf | unknown
 10.0s|     1 |     0 |  2020 |     - |    69M |   0 |2080 |2021 |4502 | 540 | 22 |   4 |   0 |-3.543123e-01 | 7.288359e-02 |    Inf | unknown
 10.0s|     1 |     0 |  2029 |     - |    69M |   0 |2080 |2021 |4484 | 542 | 23 |   4 |   0 |-3.542052e-01 | 7.288359e-02 |    Inf | unknown
 10.0s|     1 |     0 |  2051 |     - |    69M |   0 |2080 |2021 |4485 | 543 | 24 |   4 |   0 |-3.540508e-01 | 7.288359e-02 |    Inf | unknown
 10.0s|     1 |     0 |  2095 |     - |    69M |   0 |2080 |2021 |4486 | 544 | 25 |   4 |   0 |-3.534710e-01 | 7.288359e-02 |    Inf | unknown
 time | node  | left  |LP iter|LP it/n|mem/heur|mdpt |vars |cons |rows |cuts |sepa|confs|strbr|  dualbound   | primalbound  |  gap   | compl. 
 10.0s|     1 |     0 |  2117 |     - |    69M |   0 |2080 |2021 |4488 | 546 | 26 |   4 |   0 |-3.533411e-01 | 7.288359e-02 |    Inf | unknown
 10.0s|     1 |     0 |  2122 |     - |    69M |   0 |2080 |2021 |4494 | 552 | 27 |   4 |   0 |-3.533385e-01 | 7.288359e-02 |    Inf | unknown
 10.0s|     1 |     0 |  2147 |     - |    69M |   0 |2080 |2024 |4496 | 554 | 28 |   7 |   0 |-3.532549e-01 | 7.288359e-02 |    Inf | unknown
d10.0s|     1 |     0 |  3680 |     - |farkasdi|   0 |2080 |2024 |4496 |   0 | 30 |  10 |   0 |-3.532549e-01 | 4.985127e-02 |    Inf | unknown
 10.0s|     1 |     0 |  5713 |     - |    71M |   0 |2080 |2024 |4496 | 554 | 30 |  10 |   0 |-3.532549e-01 | 4.985127e-02 |    Inf | unknown
 11.0s|     1 |     0 |  5718 |     - |    71M |   0 |2080 |2024 |4497 | 555 | 31 |  10 |   0 |-3.532517e-01 | 4.985127e-02 |    Inf | unknown
 11.0s|     1 |     0 |  5734 |     - |    71M |   0 |2080 |2027 |4498 | 556 | 32 |  13 |   0 |-3.531820e-01 | 4.985127e-02 |    Inf | unknown
 12.0s|     1 |     2 |  5734 |     - |    71M |   0 |2080 |2027 |4498 | 556 | 32 |  13 |  19 |-3.143771e-01 | 4.985127e-02 |    Inf | unknown
*19.0s|    19 |    18 |  7701 | 307.4 |strongbr|  18 |2080 |2027 |4639 | 734 |  3 |  23 | 349 |-2.558106e-01 | 4.514570e-02 |    Inf | unknown
*19.0s|    21 |    18 |  7776 | 280.4 |strongbr|  19 |2080 |2028 |4641 | 736 |  2 |  35 | 360 |-2.558106e-01 | 4.005524e-02 |    Inf | unknown
*19.0s|    22 |    17 |  7799 | 268.1 |strongbr|  19 |2080 |2028 |4643 | 738 |  3 |  35 | 362 |-2.558106e-01 | 3.891943e-02 |    Inf | unknown
*19.0s|    22 |    17 |  7839 | 270.0 |strongbr|  19 |2080 |2028 |4644 | 739 |  5 |  35 | 367 |-2.558106e-01 | 3.888762e-02 |    Inf | unknown
*21.0s|    32 |    19 |  8500 | 204.3 |    LP  |  19 |2080 |2040 |4647 | 777 |  3 | 116 | 488 |-2.558106e-01 | 3.645856e-02 |    Inf | unknown
*21.0s|    33 |    18 |  8508 | 198.1 |strongbr|  19 |2080 |2050 |4647 | 777 |  2 | 126 | 490 |-2.558106e-01 | 3.634478e-02 |    Inf | unknown
r22.0s|    66 |    19 | 10279 | 124.8 |shifting|  24 |2080 |2152 |4644 | 808 |  0 | 228 | 615 |-2.558106e-01 | 3.513548e-02 |    Inf | unknown
 time | node  | left  |LP iter|LP it/n|mem/heur|mdpt |vars |cons |rows |cuts |sepa|confs|strbr|  dualbound   | primalbound  |  gap   | compl. 
*22.0s|    66 |    19 | 10295 | 125.0 |    LP  |  24 |2080 |2050 |4646 | 810 |  4 | 228 | 617 |-2.558106e-01 | 3.310910e-02 |    Inf | unknown
*22.0s|    70 |    19 | 10415 | 119.5 |    LP  |  24 |2080 |2054 |4648 | 814 |  3 | 242 | 629 |-2.558106e-01 | 2.941080e-02 |    Inf | unknown
 23.0s|   100 |    15 | 11879 |  98.1 |    78M |  24 |2080 |2169 |4655 | 861 |  3 | 357 | 739 |-2.558106e-01 | 2.941080e-02 |    Inf | unknown
 31.0s|   200 |    17 | 17582 |  77.5 |    87M |  24 |2080 |2430 |4649 |1110 | 11 | 620 |1137 |-1.932048e-01 | 2.941080e-02 |    Inf |  33.88%
 36.0s|   300 |     9 | 23185 |  70.3 |    93M |  30 |2080 |2408 |4785 |1478 |  5 | 736 |1291 |-1.777423e-01 | 2.941080e-02 |    Inf |  70.15%
*40.0s|   331 |    12 | 25590 |  71.0 |    LP  |  30 |2080 |2459 |4666 |1587 |  2 | 796 |1322 |-1.561364e-01 | 2.818833e-02 |    Inf |  76.37%
*40.0s|   332 |    11 | 25601 |  70.8 |    LP  |  30 |2080 |2140 |4666 |1587 |  2 | 796 |1322 |-1.561364e-01 | 2.593485e-02 |    Inf |  76.37%
*41.0s|   370 |    11 | 26897 |  67.0 |    LP  |  30 |2080 |2162 |4691 |1630 |  3 | 818 |1328 |-1.561364e-01 | 2.509522e-02 |    Inf |  78.01%
 41.0s|   400 |    11 | 27365 |  63.2 |   100M |  30 |2080 |2178 |4693 |1633 |  1 | 834 |1328 |-1.561364e-01 | 2.509522e-02 |    Inf |  79.62%
*44.0s|   482 |    15 | 30191 |  58.3 |    LP  |  30 |2080 |2178 |4718 |1769 |  2 | 855 |1344 |-1.446029e-01 | 2.405913e-02 |    Inf |  80.88%
 45.0s|   500 |    17 | 30824 |  57.4 |   104M |  30 |2080 |2192 |4690 |1806 |  3 | 869 |1352 |-1.413750e-01 | 2.405913e-02 |    Inf |  81.53%
 54.0s|   600 |    11 | 36451 |  57.2 |   116M |  30 |2080 |2254 |4679 |2006 |  2 | 931 |1399 |-1.265160e-01 | 2.405913e-02 |    Inf |  87.73%

SCIP Status        : problem is solved [optimal solution found]
Solving Time (sec) : 56.00
Solving Nodes      : 641
Primal Bound       : +2.40591330873718e-02 (64 solutions)
Dual Bound         : +2.40591330873718e-02
Gap                : 0.00 %

primal solution (original space):
=================================

objective value:                   0.0240591330873718
y(9,9)                                              1 	(obj:0.0074101028924272)
y(9,25)                                             1 	(obj:-0.00020735216335623)
y(9,26)                                             1 	(obj:0.00271009899255228)
y(9,32)                                             1 	(obj:0.000808312085721002)
y(9,49)                                             1 	(obj:-0.00191637027947784)
y(9,62)                                             1 	(obj:0.00264238243615852)
y(25,9)                                             1 	(obj:-0.00020735216335623)
y(25,25)                                            1 	(obj:0.0176621706460284)
y(25,26)                                            1 	(obj:-0.00899339684653023)
y(25,32)                                            1 	(obj:9.26235513588559e-05)
y(25,49)                                            1 	(obj:-0.000158092531778498)
y(25,62)                                            1 	(obj:-0.00567198216755756)
y(26,9)                                             1 	(obj:0.00271009899255228)
y(26,25)                                            1 	(obj:-0.00899339684653023)
y(26,26)                                            1 	(obj:0.0116527794281582)
y(26,32)                                            1 	(obj:-0.000343667223659537)
y(26,49)                                            1 	(obj:-0.000238940934547302)
y(26,62)                                            1 	(obj:0.00430770571571615)
y(32,9)                                             1 	(obj:0.000808312085721002)
y(32,25)                                            1 	(obj:9.26235513588559e-05)
y(32,26)                                            1 	(obj:-0.000343667223659537)
y(32,32)                                            1 	(obj:0.00639787354586234)
y(32,49)                                            1 	(obj:-0.00017261107758779)
y(32,62)                                            1 	(obj:0.000946665714496302)
y(49,9)                                             1 	(obj:-0.00191637027947784)
y(49,25)                                            1 	(obj:-0.000158092531778498)
y(49,26)                                            1 	(obj:-0.000238940934547302)
y(49,32)                                            1 	(obj:-0.00017261107758779)
y(49,49)                                            1 	(obj:0.0146867214922971)
y(49,62)                                            1 	(obj:0.000288648560358576)
y(62,9)                                             1 	(obj:0.00264238243615852)
y(62,25)                                            1 	(obj:-0.00567198216755756)
y(62,26)                                            1 	(obj:0.00430770571571615)
y(62,32)                                            1 	(obj:0.000946665714496302)
y(62,49)                                            1 	(obj:0.000288648560358576)
y(62,62)                                            1 	(obj:0.00730694368226559)
x(9)                                                1 	(obj:-0.00734965491545315)
x(25)                                               1 	(obj:0.00117967554409262)
x(26)                                               1 	(obj:-0.00907907859942305)
x(32)                                               1 	(obj:-0.00233757086924918)
x(49)                                               1 	(obj:-0.00648266643723911)
x(62)                                               1 	(obj:-0.00517621098612854)

Statistics
==========

SCIP Status        : problem is solved [optimal solution found]
Total Time         :      56.00
  solving          :      56.00
  presolving       :       0.00 (included in solving)
  reading          :       0.00
  copying          :       1.00 (10 #copies) (minimal 0.00, maximal 1.00, average 0.10)
Original Problem   :
  Problem name     : C:\Users\Claubit\Documents\GitHub\embedding\src\lp\scenarioA2_N64_B0.1_classical\IPL_linearized_N64q60.00B6.lp
  Variables        : 4160 (0 binary, 4160 integer, 0 implicit integer, 0 continuous)
  Constraints      : 12289 initial, 12289 maximal
  Objective        : minimize, 4160 non-zeros (abs.min = 6.90461e-08, abs.max = 0.367019)
Presolved Problem  :
  Problem name     : t_C:\Users\Claubit\Documents\GitHub\embedding\src\lp\scenarioA2_N64_B0.1_classical\IPL_linearized_N64q60.00B6.lp
  Variables        : 2080 (2080 binary, 0 integer, 0 implicit integer, 0 continuous)
  Constraints      : 2017 initial, 2488 maximal
  Objective        : minimize, 2080 non-zeros (abs.min = 1.38092e-07, abs.max = 0.38067)
  Nonzeros         : 6112 constraint, 7564 clique table
Presolvers         :   ExecTime  SetupTime  Calls  FixedVars   AggrVars   ChgTypes  ChgBounds   AddHoles    DelCons    AddCons   ChgSides   ChgCoefs
  boundshift       :       0.00       0.00      0          0          0          0          0          0          0          0          0          0
  convertinttobin  :       0.00       0.00      0          0          0          0          0          0          0          0          0          0
  domcol           :       0.00       0.00      1          0          0          0          0          0          0          0          0          0
  dualagg          :       0.00       0.00      0          0          0          0          0          0          0          0          0          0
  dualcomp         :       0.00       0.00      0          0          0          0          0          0          0          0          0          0
  dualinfer        :       0.00       0.00      0          0          0          0          0          0          0          0          0          0
  dualsparsify     :       0.00       0.00      1          0          0          0          0          0          0          0          0          0
  gateextraction   :       0.00       0.00      1          0          0          0          0          0      12096       4032          0          0
  implics          :       0.00       0.00      4          0          0          0          0          0          0          0          0          0
  inttobinary      :       0.00       0.00      0          0          0          0          0          0          0          0          0          0
  milp             :       0.00       0.00      1          0          0          0          0          0          0          0          0          0
  qpkktref         :       0.00       0.00      0          0          0          0          0          0          0          0          0          0
  redvub           :       0.00       0.00      0          0          0          0          0          0          0          0          0          0
  sparsify         :       0.00       0.00      1          0          0          0          0          0          0          0          0          0
  stuffing         :       0.00       0.00      0          0          0          0          0          0          0          0          0          0
  trivial          :       0.00       0.00      6          0          0          0          0          0          0          0          0          0
  tworowbnd        :       0.00       0.00      0          0          0          0          0          0          0          0          0          0
  dualfix          :       0.00       0.00      6          0          0          0          0          0          0          0          0          0
  genvbounds       :       0.00       0.00      0          0          0          0          0          0          0          0          0          0
  probing          :       0.00       0.00      1          0          0          0          0          0          0          0          0          0
  pseudoobj        :       0.00       0.00      0          0          0          0          0          0          0          0          0          0
  symmetry         :       0.00       0.00      1          0          0          0          0          0          0          0          0          0
  vbounds          :       0.00       0.00      1          0          0          0          0          0          0          0          0          0
  and              :       0.00       0.00      4          0       2016          0          0          0       2016          0          0          0
  linear           :       0.00       0.00      8          0         64          0          0          0        192          0         64         64
  logicor          :       0.00       0.00      2          0          0          0          0          0          0          0          0          0
  benders          :       0.00       0.00      0          0          0          0          0          0          0          0          0          0
  components       :       0.00       0.00      1          0          0          0          0          0          0          0          0          0
  root node        :          -          -      -        388          -          -        388          -          -          -          -          -
Constraints        :     Number  MaxNumber  #Separate #Propagate    #EnfoLP    #EnfoRelax  #EnfoPS    #Check   #ResProp    Cutoffs    DomReds       Cuts    Applied      Conss   Children
  benderslp        :          0          0          0          0        546          0          0        117          0          0          0          0          0          0          0
  integral         :          0          0          0          0        546          0          0        117          0          1       1000          0          0        787        640
  and              :       2016       2016       1200       9934          7          0          0        112      42232         41      86626       2237       1499          0          0
  linear           :          1          1         30       9853          7          0          0         59         93         95         41          0          0          0          0
  logicor          :          0+       570         19       2132          0          0          0          0         56         20         39          0          0          0          0
  benders          :          0          0          0          0          7          0          0         58          0          0          0          0          0          0          0
  countsols        :          0          0          0          0          7          0          0         58          0          0          0          0          0          0          0
  components       :          0          0          0          0          0          0          0          0          0          0          0          0          0          0          0
Constraint Timings :  TotalTime  SetupTime   Separate  Propagate     EnfoLP     EnfoPS     EnfoRelax   Check    ResProp    SB-Prop
  benderslp        :       0.00       0.00       0.00       0.00       0.00       0.00       0.00       0.00       0.00       0.00
  integral         :      22.00       0.00       0.00       0.00      22.00       0.00       0.00       0.00       0.00       0.00
  and              :       2.00       0.00       0.00       1.00       0.00       0.00       0.00       0.00       0.00       1.00
  linear           :       0.00       0.00       0.00       0.00       0.00       0.00       0.00       0.00       0.00       0.00
  logicor          :       0.00       0.00       0.00       0.00       0.00       0.00       0.00       0.00       0.00       0.00
  benders          :       0.00       0.00       0.00       0.00       0.00       0.00       0.00       0.00       0.00       0.00
  countsols        :       0.00       0.00       0.00       0.00       0.00       0.00       0.00       0.00       0.00       0.00
  components       :       0.00       0.00       0.00       0.00       0.00       0.00       0.00       0.00       0.00       0.00
Propagators        : #Propagate   #ResProp    Cutoffs    DomReds
  dualfix          :          3          0          0          0
  genvbounds       :          0          0          0          0
  nlobbt           :          0          0          0          0
  obbt             :          0          0          0          0
  probing          :          0          0          0          0
  pseudoobj        :       3898         55         24        225
  redcost          :       2611          0          0      64547
  rootredcost      :         14          0          0          0
  symmetry         :          0          0          0          0
  vbounds          :      10425          0          0          0
Propagator Timings :  TotalTime  SetupTime   Presolve  Propagate    ResProp    SB-Prop
  dualfix          :       0.00       0.00       0.00       0.00       0.00       0.00
  genvbounds       :       0.00       0.00       0.00       0.00       0.00       0.00
  nlobbt           :       0.00       0.00       0.00       0.00       0.00       0.00
  obbt             :       0.00       0.00       0.00       0.00       0.00       0.00
  probing          :       0.00       0.00       0.00       0.00       0.00       0.00
  pseudoobj        :       0.00       0.00       0.00       0.00       0.00       0.00
  redcost          :       0.00       0.00       0.00       0.00       0.00       0.00
  rootredcost      :       0.00       0.00       0.00       0.00       0.00       0.00
  symmetry         :       0.00       0.00       0.00       0.00       0.00       0.00
  vbounds          :       0.00       0.00       0.00       0.00       0.00       0.00
Conflict Analysis  :       Time      Calls    Success    DomReds  Conflicts   Literals    Reconvs ReconvLits   Dualrays   Nonzeros   LP Iters   (pool size: [10000,10000])
  propagation      :       0.00        114        109          -        730      164.1          0        0.0          -          -          -
  infeasible LP    :       0.00          0          0          -          0        0.0          0        0.0          0        0.0          0
  bound exceed. LP :       0.00        583         89          -       1124      175.9          0        0.0          2      599.0       5026
  strong branching :       0.00          0          0          -          0        0.0          0        0.0          -          -          0
  pseudo solution  :       0.00          0          0          -          0        0.0          0        0.0          -          -          -
  applied globally :       0.00          -          -          1       1003       92.8          -          -          2          -          -
  applied locally  :          -          -          -          0          0        0.0          -          -          0          -          -
Separators         :   ExecTime  SetupTime      Calls    Cutoffs    DomReds       Cuts    Applied      Conss
  cut pool         :       0.00                   356          -          -       8416          -          -    (maximal pool size: 4949)
  aggregation      :       1.00       0.00        179          0          0          4          0          0
  cgmip            :       0.00       0.00          0          0          0          0          0          0
  clique           :       0.00       0.00         30          0          0          0          0          0
  closecuts        :       0.00       0.00          0          0          0          0          0          0
  cmir             :       0.00       0.00          0          0          0          0          0          0
  convexproj       :       0.00       0.00          0          0          0          0          0          0
  disjunctive      :       0.00       0.00          0          0          0          0          0          0
  eccuts           :       0.00       0.00          0          0          0          0          0          0
  flowcover        :       0.00       0.00          0          0          0          0          0          0
  gauge            :       0.00       0.00          0          0          0          0          0          0
  gomory           :      18.00       0.00        104          0          0       4015        124          0
  impliedbounds    :       0.00       0.00        179          0          0        658        413          0
  intobj           :       0.00       0.00          0          0          0          0          0          0
  mcf              :       0.00       0.00          1          0          0          0          0          0
  oddcycle         :       0.00       0.00          0          0          0          0          0          0
  rapidlearning    :       0.00       0.00          0          0          0          0          0          0
  strongcg         :       6.00       0.00         20          0          0       2596          8          0
  zerohalf         :       0.00       0.00        114          0          0        102         91          0
Pricers            :   ExecTime  SetupTime      Calls       Vars
  problem variables:       0.00          -          0          0
Branching Rules    :   ExecTime  SetupTime   BranchLP  BranchExt   BranchPS    Cutoffs    DomReds       Cuts      Conss   Children
  allfullstrong    :       0.00       0.00          0          0          0          0          0          0          0          0
  cloud            :       0.00       0.00          0          0          0          0          0          0          0          0
  distribution     :       0.00       0.00          0          0          0          0          0          0          0          0
  fullstrong       :       0.00       0.00          0          0          0          0          0          0          0          0
  inference        :       0.00       0.00          0          0          0          0          0          0          0          0
  leastinf         :       0.00       0.00          0          0          0          0          0          0          0          0
  lookahead        :       0.00       0.00          0          0          0          0          0          0          0          0
  mostinf          :       0.00       0.00          0          0          0          0          0          0          0          0
  multaggr         :       0.00       0.00          0          0          0          0          0          0          0          0
  nodereopt        :       0.00       0.00          0          0          0          0          0          0          0          0
  pscost           :       0.00       0.00          0          0          0          0          0          0          0          0
  random           :       0.00       0.00          0          0          0          0          0          0          0          0
  relpscost        :      22.00       0.00        539          0          0          1       1000          0        799        640
  vanillafullstrong:       0.00       0.00          0          0          0          0          0          0          0          0
Primal Heuristics  :   ExecTime  SetupTime      Calls      Found       Best
  LP solutions     :       0.00          -          -          7          7
  relax solutions  :       0.00          -          -          0          0
  pseudo solutions :       0.00          -          -          0          0
  strong branching :       0.00          -          -          5          5
  actconsdiving    :       0.00       0.00          0          0          0
  adaptivediving   :       0.00       0.00          0          0          0
  alns             :       1.00       0.00          5          0          0
  bound            :       0.00       0.00          0          0          0
  clique           :       0.00       0.00          1          1          1
  coefdiving       :       0.00       0.00          0          0          0
  completesol      :       0.00       0.00          0          0          0
  conflictdiving   :       0.00       0.00          1          0          0
  crossover        :       0.00       0.00          1          0          0
  dins             :       0.00       0.00          0          0          0
  distributiondivin:       0.00       0.00          0          0          0
  dualval          :       0.00       0.00          0          0          0
  farkasdiving     :       0.00       0.00          1          1          1
  feaspump         :       0.00       0.00          1          0          0
  fixandinfer      :       0.00       0.00          0          0          0
  fracdiving       :       0.00       0.00          0          0          0
  gins             :       0.00       0.00          0          0          0
  guideddiving     :       0.00       0.00          0          0          0
  indicator        :       0.00       0.00          0          0          0
  intdiving        :       0.00       0.00          0          0          0
  intshifting      :       0.00       0.00          0          0          0
  linesearchdiving :       0.00       0.00          0          0          0
  localbranching   :       0.00       0.00          0          0          0
  locks            :       0.00       0.00          1          0          0
  lpface           :       0.00       0.00          0          0          0
  mpec             :       0.00       0.00          0          0          0
  multistart       :       0.00       0.00          0          0          0
  mutation         :       0.00       0.00          0          0          0
  nlpdiving        :       0.00       0.00          0          0          0
  objpscostdiving  :       0.00       0.00          0          0          0
  octane           :       0.00       0.00          0          0          0
  ofins            :       0.00       0.00          0          0          0
  oneopt           :       0.00       0.00         15          0          0
  padm             :       0.00       0.00          0          0          0
  proximity        :       0.00       0.00          0          0          0
  pscostdiving     :       0.00       0.00          0          0          0
  randrounding     :       1.00       0.00         61          0          0
  rens             :       0.00       0.00          1          0          0
  reoptsols        :       0.00       0.00          0          0          0
  repair           :       0.00       0.00          0          0          0
  rins             :       0.00       0.00          2          0          0
  rootsoldiving    :       0.00       0.00          0          0          0
  rounding         :       0.00       0.00        381          0          0
  shiftandpropagate:       0.00       0.00          0          0          0
  shifting         :       0.00       0.00        213         49          3
  simplerounding   :       0.00       0.00          0          0          0
  subnlp           :       0.00       0.00          0          0          0
  trivial          :       0.00       0.00          2          0          0
  trivialnegation  :       0.00       0.00          0          0          0
  trustregion      :       0.00       0.00          0          0          0
  trysol           :       0.00       0.00          0          0          0
  twoopt           :       0.00       0.00          0          0          0
  undercover       :       1.00       0.00          1          0          0
  vbounds          :       0.00       0.00          1          1          1
  veclendiving     :       0.00       0.00          0          0          0
  zeroobj          :       0.00       0.00          0          0          0
  zirounding       :       0.00       0.00        320          0          0
  other solutions  :          -          -          -          0          -
Diving (single)    :      Calls      Nodes   LP Iters Backtracks  Conflicts   MinDepth   MaxDepth   AvgDepth  RoundSols  NLeafSols  MinSolDpt  MaxSolDpt  AvgSolDpt
  actconsdiving    :          0          -          -          -          -          -          -          -          -          -          -          -          -
  coefdiving       :          0          -          -          -          -          -          -          -          -          -          -          -          -
  conflictdiving   :          1         61       1014          2          0         60         60       60.0          0          -          -          -          -
  distributiondivin:          0          -          -          -          -          -          -          -          -          -          -          -          -
  farkasdiving     :          1         79       1533          4         45         76         76       76.0          0          1         76         76       76.0
  fracdiving       :          0          -          -          -          -          -          -          -          -          -          -          -          -
  guideddiving     :          0          -          -          -          -          -          -          -          -          -          -          -          -
  linesearchdiving :          0          -          -          -          -          -          -          -          -          -          -          -          -
  pscostdiving     :          0          -          -          -          -          -          -          -          -          -          -          -          -
  veclendiving     :          0          -          -          -          -          -          -          -          -          -          -          -          -
Diving (adaptive)  :      Calls      Nodes   LP Iters Backtracks  Conflicts   MinDepth   MaxDepth   AvgDepth  RoundSols  NLeafSols  MinSolDpt  MaxSolDpt  AvgSolDpt
  actconsdiving    :          0          -          -          -          -          -          -          -          -          -          -          -          -
  coefdiving       :          0          -          -          -          -          -          -          -          -          -          -          -          -
  conflictdiving   :          0          -          -          -          -          -          -          -          -          -          -          -          -
  distributiondivin:          0          -          -          -          -          -          -          -          -          -          -          -          -
  farkasdiving     :          0          -          -          -          -          -          -          -          -          -          -          -          -
  fracdiving       :          0          -          -          -          -          -          -          -          -          -          -          -          -
  guideddiving     :          0          -          -          -          -          -          -          -          -          -          -          -          -
  linesearchdiving :          0          -          -          -          -          -          -          -          -          -          -          -          -
  pscostdiving     :          0          -          -          -          -          -          -          -          -          -          -          -          -
  veclendiving     :          0          -          -          -          -          -          -          -          -          -          -          -          -
Neighborhoods      :      Calls  SetupTime  SolveTime SolveNodes       Sols       Best       Exp3  EpsGreedy        UCB TgtFixRate  Opt  Inf Node Stal  Sol  Usr Othr Actv
  rens             :          1       0.00       0.00          7          0          0    0.00000   -1.00000    1.00000      0.700    0    1    0    0    0    0    0    1
  rins             :          1       0.00       0.00         11          0          0    0.00000   -1.00000    1.00000      0.700    0    1    0    0    0    0    0    1
  mutation         :          1       1.00       0.00          1          0          0    0.00000   -1.00000    1.00000      0.700    0    1    0    0    0    0    0    1
  localbranching   :          1       0.00       0.00         50          0          0    0.00000   -1.00000    1.00000      0.900    0    0    0    1    0    0    0    1
  crossover        :          0       0.00       0.00          0          0          0    0.00000   -1.00000    1.00000      0.900    0    0    0    0    0    0    0    1
  proximity        :          0       0.00       0.00          0          0          0    0.00000   -1.00000    1.00000      0.900    0    0    0    0    0    0    0    1
  zeroobjective    :          1       0.00       0.00          1          0          0    0.00000   -1.00000    1.00000      0.700    0    1    0    0    0    0    0    1
  dins             :          0       0.00       0.00          0          0          0    0.00000   -1.00000    1.00000      0.900    0    0    0    0    0    0    0    1
  trustregion      :          0       0.00       0.00          0          0          0    0.00000   -1.00000    1.00000      0.900    0    0    0    0    0    0    0    0
LP                 :       Time      Calls Iterations  Iter/call   Iter/sec  Time-0-It Calls-0-It    ItLimit
  primal LP        :       0.00         36          0       0.00          -       0.00         36
  dual LP          :       6.00       2319      35479      28.57    5913.17       2.00       1077
  lex dual LP      :       0.00          0          0       0.00          -
  barrier LP       :       0.00          0          0       0.00          -       0.00          0
  resolve instable :       0.00          0          0       0.00          -
  diving/probing LP:       0.00         98       3566      36.39          -
  strong branching :      19.00       1429     126116      88.25    6637.68          -          -        177
    (at root node) :          -         19       8449     444.68          -
  conflict analysis:       0.00        531       5026       9.47          -
B&B Tree           :
  number of runs   :          1
  nodes            :        641 (320 internal, 321 leaves)
  feasible leaves  :          7
  infeas. leaves   :         46
  objective leaves :        268
  nodes (total)    :        641 (320 internal, 321 leaves)
  nodes left       :          0
  max depth        :         30
  max depth (total):         30
  backtracks       :        106 (16.5%)
  early backtracks :          0 (0.0%)
  nodes exc. ref.  :          0 (0.0%)
  delayed cutoffs  :          0
  repropagations   :         66 (448 domain reductions, 0 cutoffs)
  avg switch length:       2.36
  switching time   :       0.00
Estim. Tree Size   :        641
Estimation Tree    : 641 nodes (641 visited, 320 internal, 321 leaves, 0 open), weight: 1.0000 completed 1.0000
Estimations        :      estim      value      trend resolution     smooth
  wbe              :        641          -          -          -          -
  tree-profile     :         -1          -          -          -          -
  gap              :        641    1.00000    0.09000          1        801
  tree-weight      :        641    1.00000    0.01074          1        649
  leaf-frequency   :        641    0.50000    0.00020          1        645
  ssg              :        641    0.00000   -0.00378          1        643
  open-nodes       :        641    0.00000   -0.34254          1        643
Root Node          :
  First LP value   : -1.12352030633516e+00
  First LP Iters   :        773
  First LP Time    :       0.00
  Final Dual Bound : +2.40591330873718e-02
  Final Root Iters :       2168
  Root LP Estimate : +2.37265205105949e-01
Solution           :
  Solutions found  :         64 (18 improvements)
  First Solution   : +1.90475224946941e-01   (in run 1, after 1 nodes, 0.00 seconds, depth 62, found by <clique>)
  Gap First Sol.   :   infinite
  Gap Last Sol.    :   infinite
  Primal Bound     : +2.40591330873718e-02   (in run 1, after 482 nodes, 44.00 seconds, depth 20, found by <relaxation>)
  Dual Bound       : +2.40591330873718e-02
  Gap              :       0.00 %
Integrals          :      Total       Avg%
  primal-dual      :    5600.00     100.00
  primal-ref       :          -          - (not evaluated)
  dual-ref         :          -          - (not evaluated)
