SCIP version 7.0.2 [precision: 8 byte] [memory: block] [mode: optimized] [LP solver: SoPlex 5.0.2] [GitHash: e9d280a398]
Copyright (C) 2002-2020 Konrad-Zuse-Zentrum fuer Informationstechnik Berlin (ZIB)

External codes: 
  SoPlex 5.0.2         Linear Programming Solver developed at Zuse Institute Berlin (soplex.zib.de) [GitHash: e24c304e]
  CppAD 20180000.0     Algorithmic Differentiation of C++ algorithms developed by B. Bell (www.coin-or.org/CppAD)
  MPIR 3.0.0           Multiple Precision Integers and Rationals Library developed by W. Hart (mpir.org)
  ZIMPL 3.4.0          Zuse Institute Mathematical Programming Language developed by T. Koch (zimpl.zib.de)
  PaPILO 1.0.2         parallel presolve for integer and linear optimization (https://github.com/lgottwald/PaPILO) [GitHash: 62d2842]
  bliss 0.73p          Computing Graph Automorphism Groups by T. Junttila and P. Kaski (http://www.tcs.hut.fi/Software/bliss/)
  Ipopt 3.12.9         Interior Point Optimizer developed by A. Waechter et.al. (www.coin-or.org/Ipopt)

user parameter file <scip.set> not found - using default parameters

read problem <C:\Users\claudio\Documents\GitHub\embedding\src\lp\N16_B0.5_correlated_classical\IPL_linearized_N16q6.00B8.lp>
============

original problem has 272 variables (0 bin, 272 int, 0 impl, 0 cont) and 769 constraints

solve problem
=============

presolving:
(round 1, fast)       16 del vars, 16 del conss, 0 add conss, 0 chg bounds, 16 chg sides, 16 chg coeffs, 0 upgd conss, 0 impls, 480 clqs
(round 2, fast)       16 del vars, 48 del conss, 0 add conss, 0 chg bounds, 16 chg sides, 16 chg coeffs, 0 upgd conss, 0 impls, 480 clqs
   (0.0s) running MILP presolver
   (0.0s) MILP presolver found nothing
(round 3, exhaustive) 16 del vars, 48 del conss, 0 add conss, 0 chg bounds, 16 chg sides, 16 chg coeffs, 720 upgd conss, 0 impls, 480 clqs
(round 4, exhaustive) 16 del vars, 768 del conss, 240 add conss, 0 chg bounds, 16 chg sides, 16 chg coeffs, 720 upgd conss, 0 impls, 480 clqs
(round 5, exhaustive) 136 del vars, 888 del conss, 240 add conss, 0 chg bounds, 16 chg sides, 16 chg coeffs, 720 upgd conss, 0 impls, 240 clqs
   (0.0s) probing: 51/136 (37.5%) - 0 fixings, 0 aggregations, 0 implications, 0 bound changes
   (0.0s) probing aborted: 50/50 successive totally useless probings
   (0.0s) symmetry computation started: requiring (bin +, int -, cont +), (fixed: bin -, int +, cont -)
   (0.0s) no symmetry present
presolving (6 rounds: 6 fast, 4 medium, 4 exhaustive):
 136 deleted vars, 888 deleted constraints, 240 added constraints, 0 tightened bounds, 0 added holes, 16 changed sides, 16 changed coefficients
 0 implications, 240 cliques
presolved problem has 136 variables (136 bin, 0 int, 0 impl, 0 cont) and 121 constraints
    120 constraints of type <and>
      1 constraints of type <linear>
Presolving Time: 0.00

 time | node  | left  |LP iter|LP it/n|mem/heur|mdpt |vars |cons |rows |cuts |sepa|confs|strbr|  dualbound   | primalbound  |  gap   | compl. 
p 0.0s|     1 |     0 |     0 |     - |  clique|   0 | 136 | 121 | 241 |   0 |  0 |   0 |   0 |-3.022296e-02 | 7.484264e-02 |    Inf | unknown
p 0.0s|     1 |     0 |     0 |     - | vbounds|   0 | 136 | 122 | 241 |   0 |  0 |   1 |   0 |-3.022296e-02 | 7.440038e-02 |    Inf | unknown
p 0.0s|     1 |     0 |     0 |     - | vbounds|   0 | 136 | 121 | 241 |   0 |  0 |   3 |   0 |-3.022296e-02 | 6.629788e-02 |    Inf | unknown
  0.0s|     1 |     0 |    35 |     - |  4025k |   0 | 136 | 121 | 241 |   0 |  0 |   3 |   0 |-1.268073e-02 | 6.629788e-02 |    Inf | unknown
r 0.0s|     1 |     0 |    35 |     - |shifting|   0 | 136 | 121 | 241 |   0 |  0 |   3 |   0 |-1.268073e-02 | 5.721033e-02 |    Inf | unknown
  0.0s|     1 |     0 |    46 |     - |  4191k |   0 | 136 | 121 | 243 |   2 |  1 |   3 |   0 |-9.968072e-03 | 5.721033e-02 |    Inf | unknown
  0.0s|     1 |     0 |    68 |     - |  4272k |   0 | 136 | 121 | 245 |   4 |  2 |   3 |   0 |-7.232999e-03 | 5.721033e-02 |    Inf | unknown
  0.0s|     1 |     0 |    93 |     - |  4309k |   0 | 136 | 122 | 248 |   7 |  3 |   4 |   0 |-4.220268e-03 | 5.721033e-02 |    Inf | unknown
  0.0s|     1 |     0 |   103 |     - |  4346k |   0 | 136 | 122 | 250 |   9 |  4 |   4 |   0 |-3.203695e-03 | 5.721033e-02 |    Inf | unknown
  0.0s|     1 |     0 |   115 |     - |  4373k |   0 | 136 | 122 | 252 |  11 |  5 |   4 |   0 |-1.392436e-03 | 5.721033e-02 |    Inf | unknown
  0.0s|     1 |     0 |   127 |     - |  4403k |   0 | 136 | 122 | 253 |  12 |  6 |   4 |   0 |-7.110638e-04 | 5.721033e-02 |    Inf | unknown
  0.0s|     1 |     0 |   152 |     - |  4455k |   0 | 136 | 122 | 259 |  18 |  7 |   4 |   0 | 2.938687e-03 | 5.721033e-02 |1846.80%| unknown
  0.0s|     1 |     0 |   170 |     - |  4483k |   0 | 136 | 122 | 262 |  21 |  8 |   4 |   0 | 4.792720e-03 | 5.721033e-02 |1093.69%| unknown
  0.0s|     1 |     0 |   177 |     - |  4512k |   0 | 136 | 122 | 264 |  23 |  9 |   4 |   0 | 5.020700e-03 | 5.721033e-02 |1039.49%| unknown
  0.0s|     1 |     0 |   190 |     - |  4557k |   0 | 136 | 122 | 269 |  28 | 10 |   4 |   0 | 6.008016e-03 | 5.721033e-02 | 852.23%| unknown
 time | node  | left  |LP iter|LP it/n|mem/heur|mdpt |vars |cons |rows |cuts |sepa|confs|strbr|  dualbound   | primalbound  |  gap   | compl. 
  0.0s|     1 |     0 |   195 |     - |  4586k |   0 | 136 | 123 | 270 |  29 | 11 |   5 |   0 | 6.367856e-03 | 5.721033e-02 | 798.42%| unknown
  0.0s|     1 |     0 |   209 |     - |  4636k |   0 | 136 | 125 | 272 |  31 | 12 |   7 |   0 | 7.573754e-03 | 5.721033e-02 | 655.38%| unknown
  0.0s|     1 |     0 |   225 |     - |  4665k |   0 | 136 | 125 | 275 |  34 | 13 |   7 |   0 | 8.384599e-03 | 5.721033e-02 | 582.33%| unknown
  0.0s|     1 |     0 |   233 |     - |  4695k |   0 | 136 | 125 | 278 |  37 | 14 |   7 |   0 | 9.156978e-03 | 5.721033e-02 | 524.77%| unknown
  0.0s|     1 |     0 |   247 |     - |  4766k |   0 | 136 | 125 | 281 |  40 | 15 |   7 |   0 | 1.005976e-02 | 5.721033e-02 | 468.70%| unknown
  0.0s|     1 |     0 |   267 |     - |  4796k |   0 | 136 | 125 | 284 |  43 | 16 |   7 |   0 | 1.088311e-02 | 5.721033e-02 | 425.68%| unknown
  0.0s|     1 |     0 |   282 |     - |  4843k |   0 | 136 | 128 | 285 |  46 | 17 |  10 |   0 | 1.161242e-02 | 5.721033e-02 | 392.67%| unknown
  0.0s|     1 |     0 |   317 |     - |  4870k |   0 | 136 | 129 | 287 |  48 | 18 |  11 |   0 | 1.404393e-02 | 5.721033e-02 | 307.37%| unknown
  0.0s|     1 |     0 |   347 |     - |  4902k |   0 | 136 | 129 | 289 |  50 | 19 |  11 |   0 | 1.665801e-02 | 5.721033e-02 | 243.44%| unknown
  0.0s|     1 |     0 |   365 |     - |  4933k |   0 | 136 | 129 | 292 |  53 | 20 |  11 |   0 | 1.710126e-02 | 5.721033e-02 | 234.54%| unknown
  0.0s|     1 |     0 |   380 |     - |  4937k |   0 | 136 | 129 | 293 |  54 | 21 |  11 |   0 | 1.752795e-02 | 5.721033e-02 | 226.39%| unknown
  0.0s|     1 |     0 |   400 |     - |  4940k |   0 | 136 | 129 | 295 |  56 | 22 |  11 |   0 | 1.836010e-02 | 5.721033e-02 | 211.60%| unknown
  0.0s|     1 |     0 |   426 |     - |  4944k |   0 | 136 | 129 | 295 |  58 | 23 |  11 |   0 | 1.915951e-02 | 5.721033e-02 | 198.60%| unknown
  0.0s|     1 |     2 |   835 |     - |  4954k |   0 | 136 | 140 | 295 |  58 | 25 |  22 |  19 | 2.566127e-02 | 5.721033e-02 | 122.94%| unknown
* 0.0s|     6 |     5 |  1005 | 115.8 |strongbr|   5 | 136 | 131 | 286 |  58 |  1 |  22 |  82 | 3.007676e-02 | 5.310706e-02 |  76.57%| unknown
 time | node  | left  |LP iter|LP it/n|mem/heur|mdpt |vars |cons |rows |cuts |sepa|confs|strbr|  dualbound   | primalbound  |  gap   | compl. 
* 1.0s|    70 |     5 |  2558 |  30.9 |strongbr|   9 | 136 | 296 | 286 |  58 |  1 | 187 | 415 | 3.831996e-02 | 5.193818e-02 |  35.54%|  68.83%

SCIP Status        : problem is solved [optimal solution found]
Solving Time (sec) : 1.00
Solving Nodes      : 81
Primal Bound       : +5.19381772929501e-02 (28 solutions)
Dual Bound         : +5.19381772929501e-02
Gap                : 0.00 %

primal solution (original space):
=================================

objective value:                   0.0519381772929501
y(1,1)                                              1 	(obj:0.00141765075760992)
y(1,2)                                              1 	(obj:0.00110337838054213)
y(1,5)                                              1 	(obj:0.00140342094439159)
y(1,7)                                              1 	(obj:0.00139869787776123)
y(1,8)                                              1 	(obj:0.00103834753402722)
y(1,9)                                              1 	(obj:0.00128089563685374)
y(1,11)                                             1 	(obj:0.00143170685039176)
y(1,15)                                             1 	(obj:0.00129698165112255)
y(2,1)                                              1 	(obj:0.00110337838054213)
y(2,2)                                              1 	(obj:0.00125114909190367)
y(2,5)                                              1 	(obj:0.00121984706412007)
y(2,7)                                              1 	(obj:0.00136050555437081)
y(2,8)                                              1 	(obj:0.0010081731399227)
y(2,9)                                              1 	(obj:0.0012154761530767)
y(2,11)                                             1 	(obj:0.00117711817837245)
y(2,15)                                             1 	(obj:0.000960004714079605)
y(5,1)                                              1 	(obj:0.00140342094439159)
y(5,2)                                              1 	(obj:0.00121984706412007)
y(5,5)                                              1 	(obj:0.00181811231738824)
y(5,7)                                              1 	(obj:0.00173168367669955)
y(5,8)                                              1 	(obj:0.00109479733441995)
y(5,9)                                              1 	(obj:0.00152226898468825)
y(5,11)                                             1 	(obj:0.00156531135425774)
y(5,15)                                             1 	(obj:0.00135989189038477)
y(7,1)                                              1 	(obj:0.00139869787776123)
y(7,2)                                              1 	(obj:0.00136050555437081)
y(7,5)                                              1 	(obj:0.00173168367669955)
y(7,7)                                              1 	(obj:0.00191281710308688)
y(7,8)                                              1 	(obj:0.00114060776051782)
y(7,9)                                              1 	(obj:0.0015878234366423)
y(7,11)                                             1 	(obj:0.00152767072506752)
y(7,15)                                             1 	(obj:0.00131775538944935)
y(8,1)                                              1 	(obj:0.00103834753402722)
y(8,2)                                              1 	(obj:0.0010081731399227)
y(8,5)                                              1 	(obj:0.00109479733441995)
y(8,7)                                              1 	(obj:0.00114060776051782)
y(8,8)                                              1 	(obj:0.001085363530277)
y(8,9)                                              1 	(obj:0.00106579286687868)
y(8,11)                                             1 	(obj:0.00110262131560582)
y(8,15)                                             1 	(obj:0.000967964220851463)
y(9,1)                                              1 	(obj:0.00128089563685374)
y(9,2)                                              1 	(obj:0.0012154761530767)
y(9,5)                                              1 	(obj:0.00152226898468825)
y(9,7)                                              1 	(obj:0.0015878234366423)
y(9,8)                                              1 	(obj:0.00106579286687868)
y(9,9)                                              1 	(obj:0.0015924629131395)
y(9,11)                                             1 	(obj:0.00134186291803822)
y(9,15)                                             1 	(obj:0.00120764968604018)
y(11,1)                                             1 	(obj:0.00143170685039176)
y(11,2)                                             1 	(obj:0.00117711817837245)
y(11,5)                                             1 	(obj:0.00156531135425774)
y(11,7)                                             1 	(obj:0.00152767072506752)
y(11,8)                                             1 	(obj:0.00110262131560582)
y(11,9)                                             1 	(obj:0.00134186291803822)
y(11,11)                                            1 	(obj:0.00167544259886652)
y(11,15)                                            1 	(obj:0.00148398755213354)
y(15,1)                                             1 	(obj:0.00129698165112255)
y(15,2)                                             1 	(obj:0.000960004714079605)
y(15,5)                                             1 	(obj:0.00135989189038477)
y(15,7)                                             1 	(obj:0.00131775538944935)
y(15,8)                                             1 	(obj:0.000967964220851463)
y(15,9)                                             1 	(obj:0.00120764968604018)
y(15,11)                                            1 	(obj:0.00148398755213354)
y(15,15)                                            1 	(obj:0.00145854739258129)
x(1)                                                1 	(obj:-0.00278211798545672)
x(2)                                                1 	(obj:-0.00225222479898627)
x(5)                                                1 	(obj:-0.0049991881091159)
x(7)                                                1 	(obj:-0.00580476967363632)
x(8)                                                1 	(obj:-0.00415615929074789)
x(9)                                                1 	(obj:-0.00313721804173821)
x(11)                                               1 	(obj:-0.00540494202707922)
x(15)                                               1 	(obj:-0.00356123406655778)

Statistics
==========

SCIP Status        : problem is solved [optimal solution found]
Total Time         :       1.00
  solving          :       1.00
  presolving       :       0.00 (included in solving)
  reading          :       0.00
  copying          :       0.00 (2 #copies) (minimal 0.00, maximal 0.00, average 0.00)
Original Problem   :
  Problem name     : C:\Users\claudio\Documents\GitHub\embedding\src\lp\N16_B0.5_correlated_classical\IPL_linearized_N16q6.00B8.lp
  Variables        : 272 (0 binary, 272 integer, 0 implicit integer, 0 continuous)
  Constraints      : 769 initial, 769 maximal
  Objective        : minimize, 272 non-zeros (abs.min = 0.000960005, abs.max = 0.00580477)
Presolved Problem  :
  Problem name     : t_C:\Users\claudio\Documents\GitHub\embedding\src\lp\N16_B0.5_correlated_classical\IPL_linearized_N16q6.00B8.lp
  Variables        : 136 (136 binary, 0 integer, 0 implicit integer, 0 continuous)
  Constraints      : 121 initial, 332 maximal
  Objective        : minimize, 136 non-zeros (abs.min = 0.000351799, abs.max = 0.00493799)
  Nonzeros         : 376 constraint, 482 clique table
Presolvers         :   ExecTime  SetupTime  Calls  FixedVars   AggrVars   ChgTypes  ChgBounds   AddHoles    DelCons    AddCons   ChgSides   ChgCoefs
  boundshift       :       0.00       0.00      0          0          0          0          0          0          0          0          0          0
  convertinttobin  :       0.00       0.00      0          0          0          0          0          0          0          0          0          0
  domcol           :       0.00       0.00      1          0          0          0          0          0          0          0          0          0
  dualagg          :       0.00       0.00      0          0          0          0          0          0          0          0          0          0
  dualcomp         :       0.00       0.00      0          0          0          0          0          0          0          0          0          0
  dualinfer        :       0.00       0.00      0          0          0          0          0          0          0          0          0          0
  dualsparsify     :       0.00       0.00      1          0          0          0          0          0          0          0          0          0
  gateextraction   :       0.00       0.00      1          0          0          0          0          0        720        240          0          0
  implics          :       0.00       0.00      4          0          0          0          0          0          0          0          0          0
  inttobinary      :       0.00       0.00      0          0          0          0          0          0          0          0          0          0
  milp             :       0.00       0.00      1          0          0          0          0          0          0          0          0          0
  qpkktref         :       0.00       0.00      0          0          0          0          0          0          0          0          0          0
  redvub           :       0.00       0.00      0          0          0          0          0          0          0          0          0          0
  sparsify         :       0.00       0.00      1          0          0          0          0          0          0          0          0          0
  stuffing         :       0.00       0.00      0          0          0          0          0          0          0          0          0          0
  trivial          :       0.00       0.00      6          0          0          0          0          0          0          0          0          0
  tworowbnd        :       0.00       0.00      0          0          0          0          0          0          0          0          0          0
  dualfix          :       0.00       0.00      6          0          0          0          0          0          0          0          0          0
  genvbounds       :       0.00       0.00      0          0          0          0          0          0          0          0          0          0
  probing          :       0.00       0.00      1          0          0          0          0          0          0          0          0          0
  pseudoobj        :       0.00       0.00      0          0          0          0          0          0          0          0          0          0
  symmetry         :       0.00       0.00      1          0          0          0          0          0          0          0          0          0
  vbounds          :       0.00       0.00      1          0          0          0          0          0          0          0          0          0
  setppc           :       0.00       0.00      2          0          0          0          0          0          0          0          0          0
  and              :       0.00       0.00      4          0        120          0          0          0        120          0          0          0
  linear           :       0.00       0.00      8          0         16          0          0          0         48          0         16         16
  logicor          :       0.00       0.00      2          0          0          0          0          0          0          0          0          0
  benders          :       0.00       0.00      0          0          0          0          0          0          0          0          0          0
  components       :       0.00       0.00      1          0          0          0          0          0          0          0          0          0
  root node        :          -          -      -          1          -          -          1          -          -          -          -          -
Constraints        :     Number  MaxNumber  #Separate #Propagate    #EnfoLP    #EnfoRelax  #EnfoPS    #Check   #ResProp    Cutoffs    DomReds       Cuts    Applied      Conss   Children
  benderslp        :          0          0          0          0         93          0          0         51          0          0          0          0          0          0          0
  integral         :          0          0          0          0         93          0          0         51          0          1        246          0          0        193         80
  setppc           :          0+         1          0         73          0          0          0          0          0          0          0          0          0          0          0
  and              :        120        120        119       2714          0          0          0         46       1121          9       1274          0          0          0          0
  linear           :          1          1         24       2685          0          0          0         30         30         11         18          0          0          0          0
  logicor          :          0+       211         22        748          0          0          0          0         35         15          8          0          0          0          0
  benders          :          0          0          0          0          0          0          0         29          0          0          0          0          0          0          0
  countsols        :          0          0          0          0          0          0          0         29          0          0          0          0          0          0          0
  components       :          0          0          0          0          0          0          0          0          0          0          0          0          0          0          0
Constraint Timings :  TotalTime  SetupTime   Separate  Propagate     EnfoLP     EnfoPS     EnfoRelax   Check    ResProp    SB-Prop
  benderslp        :       0.00       0.00       0.00       0.00       0.00       0.00       0.00       0.00       0.00       0.00
  integral         :       1.00       0.00       0.00       0.00       1.00       0.00       0.00       0.00       0.00       0.00
  setppc           :       0.00       0.00       0.00       0.00       0.00       0.00       0.00       0.00       0.00       0.00
  and              :       0.00       0.00       0.00       0.00       0.00       0.00       0.00       0.00       0.00       0.00
  linear           :       0.00       0.00       0.00       0.00       0.00       0.00       0.00       0.00       0.00       0.00
  logicor          :       0.00       0.00       0.00       0.00       0.00       0.00       0.00       0.00       0.00       0.00
  benders          :       0.00       0.00       0.00       0.00       0.00       0.00       0.00       0.00       0.00       0.00
  countsols        :       0.00       0.00       0.00       0.00       0.00       0.00       0.00       0.00       0.00       0.00
  components       :       0.00       0.00       0.00       0.00       0.00       0.00       0.00       0.00       0.00       0.00
Propagators        : #Propagate   #ResProp    Cutoffs    DomReds
  dualfix          :          2          0          0          0
  genvbounds       :          0          0          0          0
  nlobbt           :          0          0          0          0
  obbt             :          0          0          0          0
  probing          :          0          0          0          0
  pseudoobj        :        410          0          2          0
  redcost          :        232          0          0        182
  rootredcost      :          3          0          0          0
  symmetry         :          0          0          0          0
  vbounds          :       2716          0          0          0
Propagator Timings :  TotalTime  SetupTime   Presolve  Propagate    ResProp    SB-Prop
  dualfix          :       0.00       0.00       0.00       0.00       0.00       0.00
  genvbounds       :       0.00       0.00       0.00       0.00       0.00       0.00
  nlobbt           :       0.00       0.00       0.00       0.00       0.00       0.00
  obbt             :       0.00       0.00       0.00       0.00       0.00       0.00
  probing          :       0.00       0.00       0.00       0.00       0.00       0.00
  pseudoobj        :       0.00       0.00       0.00       0.00       0.00       0.00
  redcost          :       0.00       0.00       0.00       0.00       0.00       0.00
  rootredcost      :       0.00       0.00       0.00       0.00       0.00       0.00
  symmetry         :       0.00       0.00       0.00       0.00       0.00       0.00
  vbounds          :       0.00       0.00       0.00       0.00       0.00       0.00
Conflict Analysis  :       Time      Calls    Success    DomReds  Conflicts   Literals    Reconvs ReconvLits   Dualrays   Nonzeros   LP Iters   (pool size: [10000,10000])
  propagation      :       0.00         26         22          -         26        7.8          0        0.0          -          -          -
  infeasible LP    :       0.00          0          0          -          0        0.0          0        0.0          0        0.0          0
  bound exceed. LP :       0.00        141         85          -        358       10.9          2        8.0          0        0.0        738
  strong branching :       0.00          0          0          -          0        0.0          0        0.0          -          -          0
  pseudo solution  :       0.00          0          0          -          0        0.0          0        0.0          -          -          -
  applied globally :       0.00          -          -          0        223        8.6          -          -          0          -          -
  applied locally  :          -          -          -          0          0        0.0          -          -          0          -          -
Separators         :   ExecTime  SetupTime      Calls    Cutoffs    DomReds       Cuts    Applied      Conss
  cut pool         :       0.00                    43          -          -        100          -          -    (maximal pool size: 109)
  aggregation      :       0.00       0.00         24          0          0          0          0          0
  cgmip            :       0.00       0.00          0          0          0          0          0          0
  clique           :       0.00       0.00         24          0          0          0          0          0
  closecuts        :       0.00       0.00          0          0          0          0          0          0
  cmir             :       0.00       0.00          0          0          0          0          0          0
  convexproj       :       0.00       0.00          0          0          0          0          0          0
  disjunctive      :       0.00       0.00          0          0          0          0          0          0
  eccuts           :       0.00       0.00          0          0          0          0          0          0
  flowcover        :       0.00       0.00          0          0          0          0          0          0
  gauge            :       0.00       0.00          0          0          0          0          0          0
  gomory           :       0.00       0.00         10          0          0         19         12          0
  impliedbounds    :       0.00       0.00         24          0          0          0          0          0
  intobj           :       0.00       0.00          0          0          0          0          0          0
  mcf              :       0.00       0.00          1          0          0          0          0          0
  oddcycle         :       0.00       0.00          0          0          0          0          0          0
  rapidlearning    :       0.00       0.00          0          0          0          0          0          0
  strongcg         :       0.00       0.00         20          0          0         51          9          0
  zerohalf         :       0.00       0.00         20          0          0         39         37          0
Pricers            :   ExecTime  SetupTime      Calls       Vars
  problem variables:       0.00          -          0          0
Branching Rules    :   ExecTime  SetupTime   BranchLP  BranchExt   BranchPS    Cutoffs    DomReds       Cuts      Conss   Children
  allfullstrong    :       0.00       0.00          0          0          0          0          0          0          0          0
  cloud            :       0.00       0.00          0          0          0          0          0          0          0          0
  distribution     :       0.00       0.00          0          0          0          0          0          0          0          0
  fullstrong       :       0.00       0.00          0          0          0          0          0          0          0          0
  inference        :       0.00       0.00          0          0          0          0          0          0          0          0
  leastinf         :       0.00       0.00          0          0          0          0          0          0          0          0
  lookahead        :       0.00       0.00          0          0          0          0          0          0          0          0
  mostinf          :       0.00       0.00          0          0          0          0          0          0          0          0
  multaggr         :       0.00       0.00          0          0          0          0          0          0          0          0
  nodereopt        :       0.00       0.00          0          0          0          0          0          0          0          0
  pscost           :       0.00       0.00          0          0          0          0          0          0          0          0
  random           :       0.00       0.00          0          0          0          0          0          0          0          0
  relpscost        :       1.00       0.00         93          0          0          1        246          0        197         80
  vanillafullstrong:       0.00       0.00          0          0          0          0          0          0          0          0
Primal Heuristics  :   ExecTime  SetupTime      Calls      Found       Best
  LP solutions     :       0.00          -          -          0          0
  relax solutions  :       0.00          -          -          0          0
  pseudo solutions :       0.00          -          -          0          0
  strong branching :       0.00          -          -          2          2
  actconsdiving    :       0.00       0.00          0          0          0
  adaptivediving   :       0.00       0.00          0          0          0
  alns             :       0.00       0.00          1          0          0
  bound            :       0.00       0.00          0          0          0
  clique           :       0.00       0.00          1          1          1
  coefdiving       :       0.00       0.00          0          0          0
  completesol      :       0.00       0.00          0          0          0
  conflictdiving   :       0.00       0.00          1          0          0
  crossover        :       0.00       0.00          0          0          0
  dins             :       0.00       0.00          0          0          0
  distributiondivin:       0.00       0.00          0          0          0
  dualval          :       0.00       0.00          0          0          0
  farkasdiving     :       0.00       0.00          1          0          0
  feaspump         :       0.00       0.00          0          0          0
  fixandinfer      :       0.00       0.00          0          0          0
  fracdiving       :       0.00       0.00          0          0          0
  gins             :       0.00       0.00          0          0          0
  guideddiving     :       0.00       0.00          0          0          0
  indicator        :       0.00       0.00          0          0          0
  intdiving        :       0.00       0.00          0          0          0
  intshifting      :       0.00       0.00          0          0          0
  linesearchdiving :       0.00       0.00          0          0          0
  localbranching   :       0.00       0.00          0          0          0
  locks            :       0.00       0.00          1          0          0
  lpface           :       0.00       0.00          0          0          0
  mpec             :       0.00       0.00          0          0          0
  multistart       :       0.00       0.00          0          0          0
  mutation         :       0.00       0.00          0          0          0
  nlpdiving        :       0.00       0.00          0          0          0
  objpscostdiving  :       0.00       0.00          0          0          0
  octane           :       0.00       0.00          0          0          0
  ofins            :       0.00       0.00          0          0          0
  oneopt           :       0.00       0.00          4          0          0
  padm             :       0.00       0.00          0          0          0
  proximity        :       0.00       0.00          0          0          0
  pscostdiving     :       0.00       0.00          0          0          0
  randrounding     :       0.00       0.00         24          0          0
  rens             :       0.00       0.00          1          0          0
  reoptsols        :       0.00       0.00          0          0          0
  repair           :       0.00       0.00          0          0          0
  rins             :       0.00       0.00          0          0          0
  rootsoldiving    :       0.00       0.00          0          0          0
  rounding         :       0.00       0.00        108          0          0
  shiftandpropagate:       0.00       0.00          0          0          0
  shifting         :       0.00       0.00         24         23          1
  simplerounding   :       0.00       0.00          0          0          0
  subnlp           :       0.00       0.00          0          0          0
  trivial          :       0.00       0.00          2          0          0
  trivialnegation  :       0.00       0.00          0          0          0
  trustregion      :       0.00       0.00          0          0          0
  trysol           :       0.00       0.00          0          0          0
  twoopt           :       0.00       0.00          0          0          0
  undercover       :       0.00       0.00          1          0          0
  vbounds          :       0.00       0.00          1          2          2
  veclendiving     :       0.00       0.00          0          0          0
  zeroobj          :       0.00       0.00          0          0          0
  zirounding       :       0.00       0.00         40          0          0
  other solutions  :          -          -          -          0          -
Diving (single)    :      Calls      Nodes   LP Iters Backtracks  Conflicts   MinDepth   MaxDepth   AvgDepth  RoundSols  NLeafSols  MinSolDpt  MaxSolDpt  AvgSolDpt
  actconsdiving    :          0          -          -          -          -          -          -          -          -          -          -          -          -
  coefdiving       :          0          -          -          -          -          -          -          -          -          -          -          -          -
  conflictdiving   :          1          7        182          1         11          7          7        7.0          0          -          -          -          -
  distributiondivin:          0          -          -          -          -          -          -          -          -          -          -          -          -
  farkasdiving     :          1          9        227          3         13          7          7        7.0          0          -          -          -          -
  fracdiving       :          0          -          -          -          -          -          -          -          -          -          -          -          -
  guideddiving     :          0          -          -          -          -          -          -          -          -          -          -          -          -
  linesearchdiving :          0          -          -          -          -          -          -          -          -          -          -          -          -
  pscostdiving     :          0          -          -          -          -          -          -          -          -          -          -          -          -
  veclendiving     :          0          -          -          -          -          -          -          -          -          -          -          -          -
Diving (adaptive)  :      Calls      Nodes   LP Iters Backtracks  Conflicts   MinDepth   MaxDepth   AvgDepth  RoundSols  NLeafSols  MinSolDpt  MaxSolDpt  AvgSolDpt
  actconsdiving    :          0          -          -          -          -          -          -          -          -          -          -          -          -
  coefdiving       :          0          -          -          -          -          -          -          -          -          -          -          -          -
  conflictdiving   :          0          -          -          -          -          -          -          -          -          -          -          -          -
  distributiondivin:          0          -          -          -          -          -          -          -          -          -          -          -          -
  farkasdiving     :          0          -          -          -          -          -          -          -          -          -          -          -          -
  fracdiving       :          0          -          -          -          -          -          -          -          -          -          -          -          -
  guideddiving     :          0          -          -          -          -          -          -          -          -          -          -          -          -
  linesearchdiving :          0          -          -          -          -          -          -          -          -          -          -          -          -
  pscostdiving     :          0          -          -          -          -          -          -          -          -          -          -          -          -
  veclendiving     :          0          -          -          -          -          -          -          -          -          -          -          -          -
Neighborhoods      :      Calls  SetupTime  SolveTime SolveNodes       Sols       Best       Exp3  EpsGreedy        UCB TgtFixRate  Opt  Inf Node Stal  Sol  Usr Othr Actv
  rens             :          1       0.00       0.00          0          0          0    0.00000   -1.00000    1.00000      0.900    0    0    0    0    0    0    1    1
  rins             :          0       0.00       0.00          0          0          0    0.00000   -1.00000    1.00000      0.900    0    0    0    0    0    0    0    1
  mutation         :          0       0.00       0.00          0          0          0    0.00000   -1.00000    1.00000      0.900    0    0    0    0    0    0    0    1
  localbranching   :          0       0.00       0.00          0          0          0    0.00000   -1.00000    1.00000      0.900    0    0    0    0    0    0    0    1
  crossover        :          0       0.00       0.00          0          0          0    0.00000   -1.00000    1.00000      0.900    0    0    0    0    0    0    0    1
  proximity        :          0       0.00       0.00          0          0          0    0.00000   -1.00000    1.00000      0.900    0    0    0    0    0    0    0    1
  zeroobjective    :          0       0.00       0.00          0          0          0    0.00000   -1.00000    1.00000      0.900    0    0    0    0    0    0    0    1
  dins             :          0       0.00       0.00          0          0          0    0.00000   -1.00000    1.00000      0.900    0    0    0    0    0    0    0    1
  trustregion      :          0       0.00       0.00          0          0          0    0.00000   -1.00000    1.00000      0.900    0    0    0    0    0    0    0    0
LP                 :       Time      Calls Iterations  Iter/call   Iter/sec  Time-0-It Calls-0-It    ItLimit
  primal LP        :       0.00          3          0       0.00          -       0.00          3
  dual LP          :       0.00        174       2489      17.17          -       0.00         29
  lex dual LP      :       0.00          0          0       0.00          -
  barrier LP       :       0.00          0          0       0.00          -       0.00          0
  resolve instable :       0.00          0          0       0.00          -
  diving/probing LP:       0.00         11        409      37.18          -
  strong branching :       1.00        450      17700      39.33   17700.00          -          -          1
    (at root node) :          -         19       1821      95.84          -
  conflict analysis:       0.00        119        738       6.20          -
B&B Tree           :
  number of runs   :          1
  nodes            :         81 (40 internal, 41 leaves)
  feasible leaves  :          0
  infeas. leaves   :         12
  objective leaves :         29
  nodes (total)    :         81 (40 internal, 41 leaves)
  nodes left       :          0
  max depth        :          9
  max depth (total):          9
  backtracks       :         21 (25.9%)
  early backtracks :          0 (0.0%)
  nodes exc. ref.  :          0 (0.0%)
  delayed cutoffs  :          0
  repropagations   :          0 (0 domain reductions, 0 cutoffs)
  avg switch length:       2.52
  switching time   :       0.00
Estim. Tree Size   :         81
Estimation Tree    : 81 nodes (81 visited, 40 internal, 41 leaves, 0 open), weight: 1.0000 completed 1.0000
Estimations        :      estim      value      trend resolution     smooth
  wbe              :         81          -          -          -          -
  tree-profile     :         -1          -          -          -          -
  gap              :         81    1.00000    0.01995          1         85
  tree-weight      :         81    1.00000    0.02587          1         82
  leaf-frequency   :         81    0.50000    0.00118          1         86
  ssg              :         81    0.00000   -0.01422          1         82
  open-nodes       :         81    0.00000   -0.28003          1         83
Root Node          :
  First LP value   : -1.26807268878793e-02
  First LP Iters   :         35
  First LP Time    :       0.00
  Final Dual Bound : +2.56612741114430e-02
  Final Root Iters :        426
  Root LP Estimate : +1.58018049510808e-01
Solution           :
  Solutions found  :         28 (6 improvements)
  First Solution   : +7.48426377140478e-02   (in run 1, after 1 nodes, 0.00 seconds, depth 14, found by <clique>)
  Gap First Sol.   :   infinite
  Gap Last Sol.    :      35.54 %
  Primal Bound     : +5.19381772929501e-02   (in run 1, after 70 nodes, 1.00 seconds, depth 9, found by <relaxation>)
  Dual Bound       : +5.19381772929501e-02
  Gap              :       0.00 %
Integrals          :      Total       Avg%
  primal-dual      :      41.10      41.10
  primal-ref       :          -          - (not evaluated)
  dual-ref         :          -          - (not evaluated)
