SCIP version 7.0.2 [precision: 8 byte] [memory: block] [mode: optimized] [LP solver: SoPlex 5.0.2] [GitHash: e9d280a398]
Copyright (C) 2002-2020 Konrad-Zuse-Zentrum fuer Informationstechnik Berlin (ZIB)

External codes: 
  SoPlex 5.0.2         Linear Programming Solver developed at Zuse Institute Berlin (soplex.zib.de) [GitHash: e24c304e]
  CppAD 20180000.0     Algorithmic Differentiation of C++ algorithms developed by B. Bell (www.coin-or.org/CppAD)
  MPIR 3.0.0           Multiple Precision Integers and Rationals Library developed by W. Hart (mpir.org)
  ZIMPL 3.4.0          Zuse Institute Mathematical Programming Language developed by T. Koch (zimpl.zib.de)
  PaPILO 1.0.2         parallel presolve for integer and linear optimization (https://github.com/lgottwald/PaPILO) [GitHash: 62d2842]
  bliss 0.73p          Computing Graph Automorphism Groups by T. Junttila and P. Kaski (http://www.tcs.hut.fi/Software/bliss/)
  Ipopt 3.12.9         Interior Point Optimizer developed by A. Waechter et.al. (www.coin-or.org/Ipopt)

user parameter file <scip.set> not found - using default parameters

read problem <C:\Users\claudio\Documents\GitHub\embedding\src\lp\N16_B0.5_correlated_classical\IPL_linearized_N16q20.00B8.lp>
============

original problem has 272 variables (0 bin, 272 int, 0 impl, 0 cont) and 769 constraints

solve problem
=============

presolving:
(round 1, fast)       16 del vars, 16 del conss, 0 add conss, 0 chg bounds, 16 chg sides, 16 chg coeffs, 0 upgd conss, 0 impls, 480 clqs
(round 2, fast)       16 del vars, 48 del conss, 0 add conss, 0 chg bounds, 16 chg sides, 16 chg coeffs, 0 upgd conss, 0 impls, 480 clqs
   (0.0s) running MILP presolver
   (0.0s) MILP presolver found nothing
(round 3, exhaustive) 16 del vars, 48 del conss, 0 add conss, 0 chg bounds, 16 chg sides, 16 chg coeffs, 720 upgd conss, 0 impls, 480 clqs
(round 4, exhaustive) 16 del vars, 768 del conss, 240 add conss, 0 chg bounds, 16 chg sides, 16 chg coeffs, 720 upgd conss, 0 impls, 480 clqs
(round 5, exhaustive) 136 del vars, 888 del conss, 240 add conss, 0 chg bounds, 16 chg sides, 16 chg coeffs, 720 upgd conss, 0 impls, 240 clqs
   (0.0s) probing: 51/136 (37.5%) - 0 fixings, 0 aggregations, 0 implications, 0 bound changes
   (0.0s) probing aborted: 50/50 successive totally useless probings
   (0.0s) symmetry computation started: requiring (bin +, int -, cont +), (fixed: bin -, int +, cont -)
   (0.0s) no symmetry present
presolving (6 rounds: 6 fast, 4 medium, 4 exhaustive):
 136 deleted vars, 888 deleted constraints, 240 added constraints, 0 tightened bounds, 0 added holes, 16 changed sides, 16 changed coefficients
 0 implications, 240 cliques
presolved problem has 136 variables (136 bin, 0 int, 0 impl, 0 cont) and 121 constraints
    120 constraints of type <and>
      1 constraints of type <linear>
Presolving Time: 0.00

 time | node  | left  |LP iter|LP it/n|mem/heur|mdpt |vars |cons |rows |cuts |sepa|confs|strbr|  dualbound   | primalbound  |  gap   | compl. 
p 0.0s|     1 |     0 |     0 |     - |  clique|   0 | 136 | 121 | 241 |   0 |  0 |   0 |   0 |-5.382809e-04 | 3.426653e-01 |    Inf | unknown
p 0.0s|     1 |     0 |     0 |     - |   locks|   0 | 136 | 121 | 241 |   0 |  0 |   0 |   0 |-5.382809e-04 | 3.314304e-01 |    Inf | unknown
p 0.0s|     1 |     0 |     0 |     - | vbounds|   0 | 136 | 121 | 241 |   0 |  0 |   0 |   0 |-5.382809e-04 | 2.978353e-01 |    Inf | unknown
  0.0s|     1 |     0 |    23 |     - |  4026k |   0 | 136 | 122 | 241 |   0 |  0 |   1 |   0 | 2.294857e-02 | 2.978353e-01 |1197.84%| unknown
  0.0s|     1 |     0 |    29 |     - |  4197k |   0 | 136 | 122 | 242 |   1 |  1 |   1 |   0 | 2.732843e-02 | 2.978353e-01 | 989.84%| unknown
  0.0s|     1 |     0 |    34 |     - |  4277k |   0 | 136 | 122 | 243 |   2 |  2 |   1 |   0 | 3.052845e-02 | 2.978353e-01 | 875.60%| unknown
  0.0s|     1 |     0 |    55 |     - |  4304k |   0 | 136 | 122 | 245 |   4 |  3 |   1 |   0 | 4.200837e-02 | 2.978353e-01 | 608.99%| unknown
  0.0s|     1 |     0 |    58 |     - |  4331k |   0 | 136 | 122 | 247 |   6 |  4 |   1 |   0 | 4.446625e-02 | 2.978353e-01 | 569.80%| unknown
  0.0s|     1 |     0 |    59 |     - |  4374k |   0 | 136 | 122 | 248 |   7 |  5 |   1 |   0 | 4.465272e-02 | 2.978353e-01 | 567.00%| unknown
  0.0s|     1 |     0 |    77 |     - |  4408k |   0 | 136 | 122 | 251 |  10 |  6 |   1 |   0 | 5.523450e-02 | 2.978353e-01 | 439.22%| unknown
  0.0s|     1 |     0 |    99 |     - |  4445k |   0 | 136 | 122 | 255 |  14 |  7 |   1 |   0 | 6.472457e-02 | 2.978353e-01 | 360.16%| unknown
  0.0s|     1 |     0 |   115 |     - |  4485k |   0 | 136 | 123 | 257 |  16 |  8 |   2 |   0 | 7.367909e-02 | 2.978353e-01 | 304.23%| unknown
  0.0s|     1 |     0 |   124 |     - |  4513k |   0 | 136 | 123 | 259 |  18 |  9 |   2 |   0 | 7.944900e-02 | 2.978353e-01 | 274.88%| unknown
  0.0s|     1 |     0 |   127 |     - |  4542k |   0 | 136 | 124 | 262 |  21 | 10 |   3 |   0 | 8.051117e-02 | 2.978353e-01 | 269.93%| unknown
  0.0s|     1 |     0 |   137 |     - |  4590k |   0 | 136 | 124 | 263 |  22 | 11 |   3 |   0 | 8.200205e-02 | 2.978353e-01 | 263.20%| unknown
 time | node  | left  |LP iter|LP it/n|mem/heur|mdpt |vars |cons |rows |cuts |sepa|confs|strbr|  dualbound   | primalbound  |  gap   | compl. 
  0.0s|     1 |     0 |   139 |     - |  4619k |   0 | 136 | 126 | 265 |  24 | 12 |   5 |   0 | 8.264767e-02 | 2.978353e-01 | 260.37%| unknown
r 0.0s|     1 |     0 |   139 |     - |shifting|   0 | 136 | 126 | 265 |  24 | 12 |   5 |   0 | 8.264767e-02 | 2.944936e-01 | 256.32%| unknown
  0.0s|     1 |     0 |   149 |     - |  4648k |   0 | 136 | 126 | 268 |  27 | 13 |   5 |   0 | 8.594450e-02 | 2.944936e-01 | 242.66%| unknown
  0.0s|     1 |     0 |   182 |     - |  4710k |   0 | 136 | 126 | 271 |  30 | 14 |   5 |   0 | 9.835370e-02 | 2.944936e-01 | 199.42%| unknown
  0.0s|     1 |     0 |   217 |     - |  4739k |   0 | 136 | 129 | 275 |  34 | 15 |   8 |   0 | 1.073838e-01 | 2.944936e-01 | 174.24%| unknown
  0.0s|     1 |     0 |   241 |     - |  4769k |   0 | 136 | 130 | 278 |  37 | 16 |   9 |   0 | 1.120399e-01 | 2.944936e-01 | 162.85%| unknown
  0.0s|     1 |     0 |   278 |     - |  4811k |   0 | 136 | 130 | 281 |  41 | 17 |   9 |   0 | 1.199326e-01 | 2.944936e-01 | 145.55%| unknown
r 0.0s|     1 |     0 |   278 |     - |shifting|   0 | 136 | 130 | 281 |  41 | 17 |   9 |   0 | 1.199326e-01 | 2.850854e-01 | 137.70%| unknown
  0.0s|     1 |     0 |   315 |     - |  4862k |   0 | 136 | 130 | 286 |  46 | 18 |   9 |   0 | 1.279484e-01 | 2.850854e-01 | 122.81%| unknown
  0.0s|     1 |     0 |   337 |     - |  5023k |   0 | 136 | 130 | 290 |  50 | 19 |   9 |   0 | 1.309474e-01 | 2.850854e-01 | 117.71%| unknown
r 0.0s|     1 |     0 |   337 |     - |shifting|   0 | 136 | 131 | 290 |  50 | 19 |  11 |   0 | 1.309474e-01 | 2.567838e-01 |  96.10%| unknown
  0.0s|     1 |     0 |   352 |     - |  5104k |   0 | 136 | 131 | 293 |  53 | 20 |  11 |   0 | 1.328997e-01 | 2.567838e-01 |  93.22%| unknown
  0.0s|     1 |     0 |   370 |     - |  5108k |   0 | 136 | 133 | 294 |  54 | 21 |  13 |   0 | 1.355077e-01 | 2.567838e-01 |  89.50%| unknown
  0.0s|     1 |     0 |   386 |     - |  5111k |   0 | 136 | 133 | 296 |  56 | 22 |  13 |   0 | 1.383217e-01 | 2.567838e-01 |  85.64%| unknown
d 0.0s|     1 |     0 |   713 |     - |farkasdi|   0 | 136 | 133 | 296 |   0 | 24 |  14 |   0 | 1.383217e-01 | 2.559015e-01 |  85.00%| unknown
 time | node  | left  |LP iter|LP it/n|mem/heur|mdpt |vars |cons |rows |cuts |sepa|confs|strbr|  dualbound   | primalbound  |  gap   | compl. 
  0.0s|     1 |     0 |   806 |     - |  5119k |   0 | 136 | 135 | 296 |  56 | 24 |  16 |   0 | 1.383217e-01 | 2.559015e-01 |  85.00%| unknown
  0.0s|     1 |     2 |   806 |     - |  5119k |   0 | 136 | 135 | 296 |  56 | 26 |  16 |  24 | 1.676526e-01 | 2.559015e-01 |  52.64%| unknown
* 0.0s|     9 |     6 |  1034 |  81.0 |strongbr|   7 | 136 | 137 | 287 |  56 |  1 |  18 | 115 | 1.676526e-01 | 2.543301e-01 |  51.70%|   9.48%
* 0.0s|    13 |     6 |  1075 |  57.4 |strongbr|   9 | 136 | 154 | 287 |  56 |  1 |  35 | 145 | 1.676526e-01 | 2.534817e-01 |  51.19%|  11.91%
* 0.0s|    18 |     7 |  1312 |  54.5 |strongbr|   9 | 136 | 183 | 287 |  56 |  2 |  64 | 199 | 1.862267e-01 | 2.497822e-01 |  34.13%|  18.05%
* 0.0s|    30 |    11 |  1546 |  40.0 |    LP  |  10 | 136 | 195 | 287 |  56 |  1 |  76 | 245 | 1.917154e-01 | 2.492995e-01 |  30.04%|  30.57%
* 0.0s|    31 |    10 |  1552 |  38.9 |    LP  |  10 | 136 | 195 | 289 |  58 |  2 |  76 | 245 | 1.917154e-01 | 2.484939e-01 |  29.62%|  30.61%
* 0.0s|    76 |     8 |  2190 |  24.1 |    LP  |  10 | 136 | 206 | 291 |  62 |  5 |  87 | 284 | 2.050676e-01 | 2.473589e-01 |  20.62%|  58.93%
  0.0s|   100 |     4 |  2617 |  22.5 |  5667k |  10 | 136 | 210 | 288 |  62 |  0 |  91 | 297 | 2.050676e-01 | 2.473589e-01 |  20.62%|  77.03%

SCIP Status        : problem is solved [optimal solution found]
Solving Time (sec) : 0.00
Solving Nodes      : 122
Primal Bound       : +2.47358887173939e-01 (37 solutions)
Dual Bound         : +2.47358887173939e-01
Gap                : 0.00 %

primal solution (original space):
=================================

objective value:                    0.247358887173939
y(1,1)                                              1 	(obj:0.00472550252536638)
y(1,2)                                              1 	(obj:0.00367792793514043)
y(1,5)                                              1 	(obj:0.00467806981463862)
y(1,8)                                              1 	(obj:0.0034611584467574)
y(1,9)                                              1 	(obj:0.00426965212284579)
y(1,11)                                             1 	(obj:0.00477235616797253)
y(1,14)                                             1 	(obj:0.00399968255372636)
y(1,15)                                             1 	(obj:0.00432327217040852)
y(2,1)                                              1 	(obj:0.00367792793514043)
y(2,2)                                              1 	(obj:0.00417049697301222)
y(2,5)                                              1 	(obj:0.00406615688040024)
y(2,8)                                              1 	(obj:0.00336057713307568)
y(2,9)                                              1 	(obj:0.00405158717692234)
y(2,11)                                             1 	(obj:0.0039237272612415)
y(2,14)                                             1 	(obj:0.00456031421272023)
y(2,15)                                             1 	(obj:0.00320001571359868)
y(5,1)                                              1 	(obj:0.00467806981463862)
y(5,2)                                              1 	(obj:0.00406615688040024)
y(5,5)                                              1 	(obj:0.00606037439129412)
y(5,8)                                              1 	(obj:0.00364932444806651)
y(5,9)                                              1 	(obj:0.00507422994896085)
y(5,11)                                             1 	(obj:0.00521770451419247)
y(5,14)                                             1 	(obj:0.00523070841658888)
y(5,15)                                             1 	(obj:0.00453297296794922)
y(8,1)                                              1 	(obj:0.0034611584467574)
y(8,2)                                              1 	(obj:0.00336057713307568)
y(8,5)                                              1 	(obj:0.00364932444806651)
y(8,8)                                              1 	(obj:0.00361787843425668)
y(8,9)                                              1 	(obj:0.00355264288959562)
y(8,11)                                             1 	(obj:0.00367540438535274)
y(8,14)                                             1 	(obj:0.00395173194381833)
y(8,15)                                             1 	(obj:0.00322654740283821)
y(9,1)                                              1 	(obj:0.00426965212284579)
y(9,2)                                              1 	(obj:0.00405158717692234)
y(9,5)                                              1 	(obj:0.00507422994896085)
y(9,8)                                              1 	(obj:0.00355264288959562)
y(9,9)                                              1 	(obj:0.00530820971046499)
y(9,11)                                             1 	(obj:0.00447287639346072)
y(9,14)                                             1 	(obj:0.00504231307286637)
y(9,15)                                             1 	(obj:0.00402549895346725)
y(11,1)                                             1 	(obj:0.00477235616797253)
y(11,2)                                             1 	(obj:0.0039237272612415)
y(11,5)                                             1 	(obj:0.00521770451419247)
y(11,8)                                             1 	(obj:0.00367540438535274)
y(11,9)                                             1 	(obj:0.00447287639346072)
y(11,11)                                            1 	(obj:0.00558480866288841)
y(11,14)                                            1 	(obj:0.0049688643980391)
y(11,15)                                            1 	(obj:0.00494662517377847)
y(14,1)                                             1 	(obj:0.00399968255372636)
y(14,2)                                             1 	(obj:0.00456031421272023)
y(14,5)                                             1 	(obj:0.00523070841658888)
y(14,8)                                             1 	(obj:0.00395173194381833)
y(14,9)                                             1 	(obj:0.00504231307286637)
y(14,11)                                            1 	(obj:0.0049688643980391)
y(14,14)                                            1 	(obj:0.00664382038104959)
y(14,15)                                            1 	(obj:0.00419332996933955)
y(15,1)                                             1 	(obj:0.00432327217040852)
y(15,2)                                             1 	(obj:0.00320001571359868)
y(15,5)                                             1 	(obj:0.00453297296794922)
y(15,8)                                             1 	(obj:0.00322654740283821)
y(15,9)                                             1 	(obj:0.00402549895346725)
y(15,11)                                            1 	(obj:0.00494662517377847)
y(15,14)                                            1 	(obj:0.00419332996933955)
y(15,15)                                            1 	(obj:0.00486182464193765)
x(1)                                                1 	(obj:-0.00278211798545672)
x(2)                                                1 	(obj:-0.00225222479898627)
x(5)                                                1 	(obj:-0.0049991881091159)
x(8)                                                1 	(obj:-0.00415615929074789)
x(9)                                                1 	(obj:-0.00313721804173821)
x(11)                                               1 	(obj:-0.00540494202707922)
x(14)                                               1 	(obj:-0.00353148916217389)
x(15)                                               1 	(obj:-0.00356123406655778)

Statistics
==========

SCIP Status        : problem is solved [optimal solution found]
Total Time         :       0.00
  solving          :       0.00
  presolving       :       0.00 (included in solving)
  reading          :       0.00
  copying          :       0.00 (2 #copies) (minimal 0.00, maximal 0.00, average 0.00)
Original Problem   :
  Problem name     : C:\Users\claudio\Documents\GitHub\embedding\src\lp\N16_B0.5_correlated_classical\IPL_linearized_N16q20.00B8.lp
  Variables        : 272 (0 binary, 272 integer, 0 implicit integer, 0 continuous)
  Constraints      : 769 initial, 769 maximal
  Objective        : minimize, 272 non-zeros (abs.min = 0.00120257, abs.max = 0.0107846)
Presolved Problem  :
  Problem name     : t_C:\Users\claudio\Documents\GitHub\embedding\src\lp\N16_B0.5_correlated_classical\IPL_linearized_N16q20.00B8.lp
  Variables        : 136 (136 binary, 0 integer, 0 implicit integer, 0 continuous)
  Constraints      : 121 initial, 223 maximal
  Objective        : minimize, 136 non-zeros (abs.min = 0.000179867, abs.max = 0.01646)
  Nonzeros         : 376 constraint, 480 clique table
Presolvers         :   ExecTime  SetupTime  Calls  FixedVars   AggrVars   ChgTypes  ChgBounds   AddHoles    DelCons    AddCons   ChgSides   ChgCoefs
  boundshift       :       0.00       0.00      0          0          0          0          0          0          0          0          0          0
  convertinttobin  :       0.00       0.00      0          0          0          0          0          0          0          0          0          0
  domcol           :       0.00       0.00      1          0          0          0          0          0          0          0          0          0
  dualagg          :       0.00       0.00      0          0          0          0          0          0          0          0          0          0
  dualcomp         :       0.00       0.00      0          0          0          0          0          0          0          0          0          0
  dualinfer        :       0.00       0.00      0          0          0          0          0          0          0          0          0          0
  dualsparsify     :       0.00       0.00      1          0          0          0          0          0          0          0          0          0
  gateextraction   :       0.00       0.00      1          0          0          0          0          0        720        240          0          0
  implics          :       0.00       0.00      4          0          0          0          0          0          0          0          0          0
  inttobinary      :       0.00       0.00      0          0          0          0          0          0          0          0          0          0
  milp             :       0.00       0.00      1          0          0          0          0          0          0          0          0          0
  qpkktref         :       0.00       0.00      0          0          0          0          0          0          0          0          0          0
  redvub           :       0.00       0.00      0          0          0          0          0          0          0          0          0          0
  sparsify         :       0.00       0.00      1          0          0          0          0          0          0          0          0          0
  stuffing         :       0.00       0.00      0          0          0          0          0          0          0          0          0          0
  trivial          :       0.00       0.00      6          0          0          0          0          0          0          0          0          0
  tworowbnd        :       0.00       0.00      0          0          0          0          0          0          0          0          0          0
  dualfix          :       0.00       0.00      6          0          0          0          0          0          0          0          0          0
  genvbounds       :       0.00       0.00      0          0          0          0          0          0          0          0          0          0
  probing          :       0.00       0.00      1          0          0          0          0          0          0          0          0          0
  pseudoobj        :       0.00       0.00      0          0          0          0          0          0          0          0          0          0
  symmetry         :       0.00       0.00      1          0          0          0          0          0          0          0          0          0
  vbounds          :       0.00       0.00      1          0          0          0          0          0          0          0          0          0
  and              :       0.00       0.00      4          0        120          0          0          0        120          0          0          0
  linear           :       0.00       0.00      8          0         16          0          0          0         48          0         16         16
  logicor          :       0.00       0.00      2          0          0          0          0          0          0          0          0          0
  benders          :       0.00       0.00      0          0          0          0          0          0          0          0          0          0
  components       :       0.00       0.00      1          0          0          0          0          0          0          0          0          0
  root node        :          -          -      -         16          -          -         16          -          -          -          -          -
Constraints        :     Number  MaxNumber  #Separate #Propagate    #EnfoLP    #EnfoRelax  #EnfoPS    #Check   #ResProp    Cutoffs    DomReds       Cuts    Applied      Conss   Children
  benderslp        :          0          0          0          0         96          0          0         59          0          0          0          0          0          0          0
  integral         :          0          0          0          0         96          0          0         59          0          0        133          0          0         81        122
  and              :        120        120        129       2255          3          0          0         54        507         11       1546          0          0          0          0
  linear           :          1          1         24       2226          3          0          0         36         33         13          7          0          0          0          0
  logicor          :          0+       104         24        645          0          0          0          0         19          6          1          0          0          0          0
  benders          :          0          0          0          0          3          0          0         35          0          0          0          0          0          0          0
  countsols        :          0          0          0          0          3          0          0         35          0          0          0          0          0          0          0
  components       :          0          0          0          0          0          0          0          0          0          0          0          0          0          0          0
Constraint Timings :  TotalTime  SetupTime   Separate  Propagate     EnfoLP     EnfoPS     EnfoRelax   Check    ResProp    SB-Prop
  benderslp        :       0.00       0.00       0.00       0.00       0.00       0.00       0.00       0.00       0.00       0.00
  integral         :       0.00       0.00       0.00       0.00       0.00       0.00       0.00       0.00       0.00       0.00
  and              :       0.00       0.00       0.00       0.00       0.00       0.00       0.00       0.00       0.00       0.00
  linear           :       0.00       0.00       0.00       0.00       0.00       0.00       0.00       0.00       0.00       0.00
  logicor          :       0.00       0.00       0.00       0.00       0.00       0.00       0.00       0.00       0.00       0.00
  benders          :       0.00       0.00       0.00       0.00       0.00       0.00       0.00       0.00       0.00       0.00
  countsols        :       0.00       0.00       0.00       0.00       0.00       0.00       0.00       0.00       0.00       0.00
  components       :       0.00       0.00       0.00       0.00       0.00       0.00       0.00       0.00       0.00       0.00
Propagators        : #Propagate   #ResProp    Cutoffs    DomReds
  dualfix          :          3          0          0          0
  genvbounds       :          0          0          0          0
  nlobbt           :          0          0          0          0
  obbt             :          0          0          0          0
  probing          :          0          0          0          0
  pseudoobj        :        483          0          1          0
  redcost          :        257          0          0        247
  rootredcost      :          7          0          0          0
  symmetry         :          0          0          0          0
  vbounds          :       2259          0          0          0
Propagator Timings :  TotalTime  SetupTime   Presolve  Propagate    ResProp    SB-Prop
  dualfix          :       0.00       0.00       0.00       0.00       0.00       0.00
  genvbounds       :       0.00       0.00       0.00       0.00       0.00       0.00
  nlobbt           :       0.00       0.00       0.00       0.00       0.00       0.00
  obbt             :       0.00       0.00       0.00       0.00       0.00       0.00
  probing          :       0.00       0.00       0.00       0.00       0.00       0.00
  pseudoobj        :       0.00       0.00       0.00       0.00       0.00       0.00
  redcost          :       0.00       0.00       0.00       0.00       0.00       0.00
  rootredcost      :       0.00       0.00       0.00       0.00       0.00       0.00
  symmetry         :       0.00       0.00       0.00       0.00       0.00       0.00
  vbounds          :       0.00       0.00       0.00       0.00       0.00       0.00
Conflict Analysis  :       Time      Calls    Success    DomReds  Conflicts   Literals    Reconvs ReconvLits   Dualrays   Nonzeros   LP Iters   (pool size: [10000,10000])
  propagation      :       0.00         18         17          -         32       10.1          1       10.0          -          -          -
  infeasible LP    :       0.00          1          1          -          2       22.0          0        0.0          0        0.0          0
  bound exceed. LP :       0.00         72         42          -        161       11.4          0        0.0          0        0.0        360
  strong branching :       0.00          0          0          -          0        0.0          0        0.0          -          -          0
  pseudo solution  :       0.00          0          0          -          0        0.0          0        0.0          -          -          -
  applied globally :       0.00          -          -          0        105        9.1          -          -          0          -          -
  applied locally  :          -          -          -          0          1       21.0          -          -          0          -          -
Separators         :   ExecTime  SetupTime      Calls    Cutoffs    DomReds       Cuts    Applied      Conss
  cut pool         :       0.00                    61          -          -        182          -          -    (maximal pool size: 213)
  aggregation      :       0.00       0.00         31          0          0          0          0          0
  cgmip            :       0.00       0.00          0          0          0          0          0          0
  clique           :       0.00       0.00         24          0          0          0          0          0
  closecuts        :       0.00       0.00          0          0          0          0          0          0
  cmir             :       0.00       0.00          0          0          0          0          0          0
  convexproj       :       0.00       0.00          0          0          0          0          0          0
  disjunctive      :       0.00       0.00          0          0          0          0          0          0
  eccuts           :       0.00       0.00          0          0          0          0          0          0
  flowcover        :       0.00       0.00          0          0          0          0          0          0
  gauge            :       0.00       0.00          0          0          0          0          0          0
  gomory           :       0.00       0.00         17          0          0         40         13          0
  impliedbounds    :       0.00       0.00         31          0          0          0          0          0
  intobj           :       0.00       0.00          0          0          0          0          0          0
  mcf              :       0.00       0.00          1          0          0          0          0          0
  oddcycle         :       0.00       0.00          0          0          0          0          0          0
  rapidlearning    :       0.00       0.00          0          0          0          0          0          0
  strongcg         :       0.00       0.00         20          0          0        129         10          0
  zerohalf         :       0.00       0.00         27          0          0         44         41          0
Pricers            :   ExecTime  SetupTime      Calls       Vars
  problem variables:       0.00          -          0          0
Branching Rules    :   ExecTime  SetupTime   BranchLP  BranchExt   BranchPS    Cutoffs    DomReds       Cuts      Conss   Children
  allfullstrong    :       0.00       0.00          0          0          0          0          0          0          0          0
  cloud            :       0.00       0.00          0          0          0          0          0          0          0          0
  distribution     :       0.00       0.00          0          0          0          0          0          0          0          0
  fullstrong       :       0.00       0.00          0          0          0          0          0          0          0          0
  inference        :       0.00       0.00          0          0          0          0          0          0          0          0
  leastinf         :       0.00       0.00          0          0          0          0          0          0          0          0
  lookahead        :       0.00       0.00          0          0          0          0          0          0          0          0
  mostinf          :       0.00       0.00          0          0          0          0          0          0          0          0
  multaggr         :       0.00       0.00          0          0          0          0          0          0          0          0
  nodereopt        :       0.00       0.00          0          0          0          0          0          0          0          0
  pscost           :       0.00       0.00          0          0          0          0          0          0          0          0
  random           :       0.00       0.00          0          0          0          0          0          0          0          0
  relpscost        :       0.00       0.00         93          0          0          0        133          0         81        122
  vanillafullstrong:       0.00       0.00          0          0          0          0          0          0          0          0
Primal Heuristics  :   ExecTime  SetupTime      Calls      Found       Best
  LP solutions     :       0.00          -          -          3          3
  relax solutions  :       0.00          -          -          0          0
  pseudo solutions :       0.00          -          -          0          0
  strong branching :       0.00          -          -          3          3
  actconsdiving    :       0.00       0.00          0          0          0
  adaptivediving   :       0.00       0.00          0          0          0
  alns             :       0.00       0.00          1          0          0
  bound            :       0.00       0.00          0          0          0
  clique           :       0.00       0.00          1          1          1
  coefdiving       :       0.00       0.00          0          0          0
  completesol      :       0.00       0.00          0          0          0
  conflictdiving   :       0.00       0.00          1          0          0
  crossover        :       0.00       0.00          0          0          0
  dins             :       0.00       0.00          0          0          0
  distributiondivin:       0.00       0.00          0          0          0
  dualval          :       0.00       0.00          0          0          0
  farkasdiving     :       0.00       0.00          1          1          1
  feaspump         :       0.00       0.00          0          0          0
  fixandinfer      :       0.00       0.00          0          0          0
  fracdiving       :       0.00       0.00          0          0          0
  gins             :       0.00       0.00          0          0          0
  guideddiving     :       0.00       0.00          0          0          0
  indicator        :       0.00       0.00          0          0          0
  intdiving        :       0.00       0.00          0          0          0
  intshifting      :       0.00       0.00          0          0          0
  linesearchdiving :       0.00       0.00          0          0          0
  localbranching   :       0.00       0.00          0          0          0
  locks            :       0.00       0.00          1          1          1
  lpface           :       0.00       0.00          0          0          0
  mpec             :       0.00       0.00          0          0          0
  multistart       :       0.00       0.00          0          0          0
  mutation         :       0.00       0.00          0          0          0
  nlpdiving        :       0.00       0.00          0          0          0
  objpscostdiving  :       0.00       0.00          0          0          0
  octane           :       0.00       0.00          0          0          0
  ofins            :       0.00       0.00          0          0          0
  oneopt           :       0.00       0.00         11          0          0
  padm             :       0.00       0.00          0          0          0
  proximity        :       0.00       0.00          0          0          0
  pscostdiving     :       0.00       0.00          0          0          0
  randrounding     :       0.00       0.00         24          0          0
  rens             :       0.00       0.00          1          0          0
  reoptsols        :       0.00       0.00          0          0          0
  repair           :       0.00       0.00          0          0          0
  rins             :       0.00       0.00          0          0          0
  rootsoldiving    :       0.00       0.00          0          0          0
  rounding         :       0.00       0.00        113          0          0
  shiftandpropagate:       0.00       0.00          0          0          0
  shifting         :       0.00       0.00         31         27          3
  simplerounding   :       0.00       0.00          0          0          0
  subnlp           :       0.00       0.00          0          0          0
  trivial          :       0.00       0.00          2          0          0
  trivialnegation  :       0.00       0.00          0          0          0
  trustregion      :       0.00       0.00          0          0          0
  trysol           :       0.00       0.00          0          0          0
  twoopt           :       0.00       0.00          0          0          0
  undercover       :       0.00       0.00          1          0          0
  vbounds          :       0.00       0.00          1          1          1
  veclendiving     :       0.00       0.00          0          0          0
  zeroobj          :       0.00       0.00          0          0          0
  zirounding       :       0.00       0.00         61          0          0
  other solutions  :          -          -          -          0          -
Diving (single)    :      Calls      Nodes   LP Iters Backtracks  Conflicts   MinDepth   MaxDepth   AvgDepth  RoundSols  NLeafSols  MinSolDpt  MaxSolDpt  AvgSolDpt
  actconsdiving    :          0          -          -          -          -          -          -          -          -          -          -          -          -
  coefdiving       :          0          -          -          -          -          -          -          -          -          -          -          -          -
  conflictdiving   :          1          7         93          1          6          7          7        7.0          0          -          -          -          -
  distributiondivin:          0          -          -          -          -          -          -          -          -          -          -          -          -
  farkasdiving     :          1         35        327          1          2         35         35       35.0          0          1         35         35       35.0
  fracdiving       :          0          -          -          -          -          -          -          -          -          -          -          -          -
  guideddiving     :          0          -          -          -          -          -          -          -          -          -          -          -          -
  linesearchdiving :          0          -          -          -          -          -          -          -          -          -          -          -          -
  pscostdiving     :          0          -          -          -          -          -          -          -          -          -          -          -          -
  veclendiving     :          0          -          -          -          -          -          -          -          -          -          -          -          -
Diving (adaptive)  :      Calls      Nodes   LP Iters Backtracks  Conflicts   MinDepth   MaxDepth   AvgDepth  RoundSols  NLeafSols  MinSolDpt  MaxSolDpt  AvgSolDpt
  actconsdiving    :          0          -          -          -          -          -          -          -          -          -          -          -          -
  coefdiving       :          0          -          -          -          -          -          -          -          -          -          -          -          -
  conflictdiving   :          0          -          -          -          -          -          -          -          -          -          -          -          -
  distributiondivin:          0          -          -          -          -          -          -          -          -          -          -          -          -
  farkasdiving     :          0          -          -          -          -          -          -          -          -          -          -          -          -
  fracdiving       :          0          -          -          -          -          -          -          -          -          -          -          -          -
  guideddiving     :          0          -          -          -          -          -          -          -          -          -          -          -          -
  linesearchdiving :          0          -          -          -          -          -          -          -          -          -          -          -          -
  pscostdiving     :          0          -          -          -          -          -          -          -          -          -          -          -          -
  veclendiving     :          0          -          -          -          -          -          -          -          -          -          -          -          -
Neighborhoods      :      Calls  SetupTime  SolveTime SolveNodes       Sols       Best       Exp3  EpsGreedy        UCB TgtFixRate  Opt  Inf Node Stal  Sol  Usr Othr Actv
  rens             :          1       0.00       0.00          0          0          0    0.00000   -1.00000    1.00000      0.900    0    0    0    0    0    0    1    1
  rins             :          0       0.00       0.00          0          0          0    0.00000   -1.00000    1.00000      0.900    0    0    0    0    0    0    0    1
  mutation         :          0       0.00       0.00          0          0          0    0.00000   -1.00000    1.00000      0.900    0    0    0    0    0    0    0    1
  localbranching   :          0       0.00       0.00          0          0          0    0.00000   -1.00000    1.00000      0.900    0    0    0    0    0    0    0    1
  crossover        :          0       0.00       0.00          0          0          0    0.00000   -1.00000    1.00000      0.900    0    0    0    0    0    0    0    1
  proximity        :          0       0.00       0.00          0          0          0    0.00000   -1.00000    1.00000      0.900    0    0    0    0    0    0    0    1
  zeroobjective    :          0       0.00       0.00          0          0          0    0.00000   -1.00000    1.00000      0.900    0    0    0    0    0    0    0    1
  dins             :          0       0.00       0.00          0          0          0    0.00000   -1.00000    1.00000      0.900    0    0    0    0    0    0    0    1
  trustregion      :          0       0.00       0.00          0          0          0    0.00000   -1.00000    1.00000      0.900    0    0    0    0    0    0    0    0
LP                 :       Time      Calls Iterations  Iter/call   Iter/sec  Time-0-It Calls-0-It    ItLimit
  primal LP        :       0.00          7          0       0.00          -       0.00          7
  dual LP          :       0.00        216       2762      15.69          -       0.00         40
  lex dual LP      :       0.00          0          0       0.00          -
  barrier LP       :       0.00          0          0       0.00          -       0.00          0
  resolve instable :       0.00          0          0       0.00          -
  diving/probing LP:       0.00         37        420      11.35          -
  strong branching :       0.00        331      13690      41.36          -          -          -          7
    (at root node) :          -         24       2480     103.33          -
  conflict analysis:       0.00         55        360       6.55          -
B&B Tree           :
  number of runs   :          1
  nodes            :        122 (61 internal, 61 leaves)
  feasible leaves  :          3
  infeas. leaves   :          7
  objective leaves :         51
  nodes (total)    :        122 (61 internal, 61 leaves)
  nodes left       :          0
  max depth        :         10
  max depth (total):         10
  backtracks       :         28 (23.0%)
  early backtracks :          0 (0.0%)
  nodes exc. ref.  :          0 (0.0%)
  delayed cutoffs  :          0
  repropagations   :          0 (0 domain reductions, 0 cutoffs)
  avg switch length:       3.11
  switching time   :       0.00
Estim. Tree Size   :        123
Estimation Tree    : 123 nodes (123 visited, 61 internal, 62 leaves, 0 open), weight: 1.0000 completed 1.0000
Estimations        :      estim      value      trend resolution     smooth
  wbe              :        123          -          -          -          -
  tree-profile     :         -1          -          -          -          -
  gap              :        123    1.00000    0.00969          1        132
  tree-weight      :        123    1.00000    0.02234          1        128
  leaf-frequency   :        123    0.50000    0.00099          1        127
  ssg              :        123   -0.00000   -0.01018          1        125
  open-nodes       :        123    0.00000   -0.29788          1        126
Root Node          :
  First LP value   : +2.29485737954211e-02
  First LP Iters   :         23
  First LP Time    :       0.00
  Final Dual Bound : +1.67652587064575e-01
  Final Root Iters :        386
  Root LP Estimate : +4.01457544056635e-01
Solution           :
  Solutions found  :         37 (13 improvements)
  First Solution   : +3.42665349201020e-01   (in run 1, after 1 nodes, 0.00 seconds, depth 10, found by <clique>)
  Gap First Sol.   :   infinite
  Gap Last Sol.    :      20.62 %
  Primal Bound     : +2.47358887173939e-01   (in run 1, after 76 nodes, 0.00 seconds, depth 10, found by <relaxation>)
  Dual Bound       : +2.47358887173939e-01
  Gap              :       0.00 %
Integrals          :      Total       Avg%
  primal-dual      :       0.00       0.00
  primal-ref       :       0.00       0.00
  dual-ref         :       0.00       0.00
