SCIP version 7.0.2 [precision: 8 byte] [memory: block] [mode: optimized] [LP solver: SoPlex 5.0.2] [GitHash: e9d280a398]
Copyright (C) 2002-2020 Konrad-Zuse-Zentrum fuer Informationstechnik Berlin (ZIB)

External codes: 
  SoPlex 5.0.2         Linear Programming Solver developed at Zuse Institute Berlin (soplex.zib.de) [GitHash: e24c304e]
  CppAD 20180000.0     Algorithmic Differentiation of C++ algorithms developed by B. Bell (www.coin-or.org/CppAD)
  MPIR 3.0.0           Multiple Precision Integers and Rationals Library developed by W. Hart (mpir.org)
  ZIMPL 3.4.0          Zuse Institute Mathematical Programming Language developed by T. Koch (zimpl.zib.de)
  PaPILO 1.0.2         parallel presolve for integer and linear optimization (https://github.com/lgottwald/PaPILO) [GitHash: 62d2842]
  bliss 0.73p          Computing Graph Automorphism Groups by T. Junttila and P. Kaski (http://www.tcs.hut.fi/Software/bliss/)
  Ipopt 3.12.9         Interior Point Optimizer developed by A. Waechter et.al. (www.coin-or.org/Ipopt)

user parameter file <scip.set> not found - using default parameters

read problem <C:\Users\claudio\Documents\GitHub\embedding\src\lp\N16_B0.5_correlated_classical\IPL_linearized_N16q3.00B8.lp>
============

original problem has 272 variables (0 bin, 272 int, 0 impl, 0 cont) and 769 constraints

solve problem
=============

presolving:
(round 1, fast)       16 del vars, 16 del conss, 0 add conss, 0 chg bounds, 16 chg sides, 16 chg coeffs, 0 upgd conss, 0 impls, 480 clqs
(round 2, fast)       16 del vars, 48 del conss, 0 add conss, 0 chg bounds, 16 chg sides, 16 chg coeffs, 0 upgd conss, 0 impls, 480 clqs
   (0.0s) running MILP presolver
   (0.0s) MILP presolver found nothing
(round 3, exhaustive) 16 del vars, 48 del conss, 0 add conss, 0 chg bounds, 16 chg sides, 16 chg coeffs, 720 upgd conss, 0 impls, 480 clqs
(round 4, exhaustive) 16 del vars, 768 del conss, 240 add conss, 0 chg bounds, 16 chg sides, 16 chg coeffs, 720 upgd conss, 0 impls, 480 clqs
(round 5, exhaustive) 136 del vars, 888 del conss, 240 add conss, 0 chg bounds, 16 chg sides, 16 chg coeffs, 720 upgd conss, 0 impls, 240 clqs
   (0.0s) probing: 51/136 (37.5%) - 0 fixings, 0 aggregations, 0 implications, 0 bound changes
   (0.0s) probing aborted: 50/50 successive totally useless probings
   (0.0s) symmetry computation started: requiring (bin +, int -, cont +), (fixed: bin -, int +, cont -)
   (0.0s) no symmetry present
presolving (6 rounds: 6 fast, 4 medium, 4 exhaustive):
 136 deleted vars, 888 deleted constraints, 240 added constraints, 0 tightened bounds, 0 added holes, 16 changed sides, 16 changed coefficients
 0 implications, 240 cliques
presolved problem has 136 variables (136 bin, 0 int, 0 impl, 0 cont) and 121 constraints
    120 constraints of type <and>
      1 constraints of type <linear>
Presolving Time: 0.00

 time | node  | left  |LP iter|LP it/n|mem/heur|mdpt |vars |cons |rows |cuts |sepa|confs|strbr|  dualbound   | primalbound  |  gap   | compl. 
p 0.0s|     1 |     0 |     0 |     - |  clique|   0 | 136 | 121 | 241 |   0 |  0 |   0 |   0 |-4.345141e-02 | 2.287092e-02 |    Inf | unknown
p 0.0s|     1 |     0 |     0 |     - | vbounds|   0 | 136 | 121 | 241 |   0 |  0 |   1 |   0 |-4.345141e-02 | 2.102344e-02 |    Inf | unknown
p 0.0s|     1 |     0 |     0 |     - | vbounds|   0 | 136 | 121 | 241 |   0 |  0 |   4 |   0 |-4.345141e-02 | 1.647538e-02 |    Inf | unknown
  0.0s|     1 |     0 |    47 |     - |  4026k |   0 | 136 | 121 | 241 |   0 |  0 |   4 |   0 |-2.031558e-02 | 1.647538e-02 |    Inf | unknown
r 0.0s|     1 |     0 |    47 |     - |shifting|   0 | 136 | 121 | 241 |   0 |  0 |   4 |   0 |-2.031558e-02 | 1.617916e-02 |    Inf | unknown
  0.0s|     1 |     0 |    52 |     - |  4193k |   0 | 136 | 121 | 242 |   1 |  1 |   4 |   0 |-1.965860e-02 | 1.617916e-02 |    Inf | unknown
r 0.0s|     1 |     0 |    52 |     - |shifting|   0 | 136 | 121 | 242 |   1 |  1 |   4 |   0 |-1.965860e-02 | 1.428813e-02 |    Inf | unknown
  0.0s|     1 |     0 |    63 |     - |  4219k |   0 | 136 | 121 | 244 |   3 |  2 |   4 |   0 |-1.811604e-02 | 1.428813e-02 |    Inf | unknown
  0.0s|     1 |     0 |    65 |     - |  4262k |   0 | 136 | 121 | 245 |   4 |  3 |   4 |   0 |-1.808590e-02 | 1.428813e-02 |    Inf | unknown
  0.0s|     1 |     0 |    67 |     - |  4289k |   0 | 136 | 121 | 246 |   5 |  4 |   4 |   0 |-1.805908e-02 | 1.428813e-02 |    Inf | unknown
  0.0s|     1 |     0 |    82 |     - |  4380k |   0 | 136 | 121 | 249 |   8 |  5 |   4 |   0 |-1.728885e-02 | 1.428813e-02 |    Inf | unknown
r 0.0s|     1 |     0 |    82 |     - |shifting|   0 | 136 | 121 | 249 |   8 |  5 |   4 |   0 |-1.728885e-02 | 1.384219e-02 |    Inf | unknown
  0.0s|     1 |     0 |    88 |     - |  4407k |   0 | 136 | 121 | 251 |  10 |  6 |   4 |   0 |-1.688241e-02 | 1.384219e-02 |    Inf | unknown
  0.0s|     1 |     0 |   101 |     - |  4435k |   0 | 136 | 121 | 254 |  13 |  7 |   4 |   0 |-1.625240e-02 | 1.384219e-02 |    Inf | unknown
  0.0s|     1 |     0 |   113 |     - |  4463k |   0 | 136 | 121 | 256 |  15 |  8 |   4 |   0 |-1.534570e-02 | 1.384219e-02 |    Inf | unknown
 time | node  | left  |LP iter|LP it/n|mem/heur|mdpt |vars |cons |rows |cuts |sepa|confs|strbr|  dualbound   | primalbound  |  gap   | compl. 
r 0.0s|     1 |     0 |   113 |     - |shifting|   0 | 136 | 122 | 256 |  15 |  8 |   5 |   0 |-1.534570e-02 | 1.265589e-02 |    Inf | unknown
  0.0s|     1 |     0 |   123 |     - |  4493k |   0 | 136 | 122 | 259 |  18 |  9 |   5 |   0 |-1.468158e-02 | 1.265589e-02 |    Inf | unknown
  0.0s|     1 |     0 |   142 |     - |  4525k |   0 | 136 | 122 | 260 |  19 | 10 |   5 |   0 |-1.389029e-02 | 1.265589e-02 |    Inf | unknown
  0.0s|     1 |     0 |   166 |     - |  4565k |   0 | 136 | 122 | 263 |  22 | 11 |   5 |   0 |-1.193580e-02 | 1.265589e-02 |    Inf | unknown
  0.0s|     1 |     0 |   175 |     - |  4608k |   0 | 136 | 122 | 267 |  26 | 12 |   5 |   0 |-1.139825e-02 | 1.265589e-02 |    Inf | unknown
  0.0s|     1 |     0 |   210 |     - |  4657k |   0 | 136 | 122 | 271 |  30 | 13 |   5 |   0 |-1.051568e-02 | 1.265589e-02 |    Inf | unknown
  0.0s|     1 |     0 |   214 |     - |  4687k |   0 | 136 | 124 | 273 |  32 | 14 |   7 |   0 |-1.040871e-02 | 1.265589e-02 |    Inf | unknown
  0.0s|     1 |     0 |   239 |     - |  4716k |   0 | 136 | 124 | 277 |  36 | 15 |   7 |   0 |-9.318091e-03 | 1.265589e-02 |    Inf | unknown
  0.0s|     1 |     0 |   266 |     - |  4747k |   0 | 136 | 126 | 279 |  38 | 16 |   9 |   0 |-8.295640e-03 | 1.265589e-02 |    Inf | unknown
  0.0s|     1 |     0 |   297 |     - |  4777k |   0 | 136 | 126 | 284 |  43 | 17 |   9 |   0 |-6.994026e-03 | 1.265589e-02 |    Inf | unknown
  0.0s|     1 |     0 |   317 |     - |  4832k |   0 | 136 | 126 | 288 |  47 | 18 |   9 |   0 |-6.107495e-03 | 1.265589e-02 |    Inf | unknown
  0.0s|     1 |     0 |   328 |     - |  4883k |   0 | 136 | 126 | 290 |  49 | 19 |   9 |   0 |-5.831055e-03 | 1.265589e-02 |    Inf | unknown
  0.0s|     1 |     0 |   372 |     - |  4914k |   0 | 136 | 127 | 294 |  53 | 20 |  10 |   0 |-4.586045e-03 | 1.265589e-02 |    Inf | unknown
  0.0s|     1 |     0 |   386 |     - |  4918k |   0 | 136 | 128 | 295 |  54 | 21 |  11 |   0 |-4.141133e-03 | 1.265589e-02 |    Inf | unknown
  0.0s|     1 |     0 |   398 |     - |  4922k |   0 | 136 | 130 | 296 |  55 | 22 |  13 |   0 |-3.967269e-03 | 1.265589e-02 |    Inf | unknown
 time | node  | left  |LP iter|LP it/n|mem/heur|mdpt |vars |cons |rows |cuts |sepa|confs|strbr|  dualbound   | primalbound  |  gap   | compl. 
d 0.0s|     1 |     0 |   580 |     - |farkasdi|   0 | 136 | 131 | 296 |   0 | 24 |  14 |   0 |-3.967269e-03 | 1.178124e-02 |    Inf | unknown
  0.0s|     1 |     0 |   647 |     - |  4925k |   0 | 136 | 136 | 296 |  55 | 24 |  19 |   0 |-3.967269e-03 | 1.178124e-02 |    Inf | unknown
  0.0s|     1 |     2 |   647 |     - |  4925k |   0 | 136 | 136 | 296 |  55 | 26 |  19 |  21 |-8.709680e-04 | 1.178124e-02 |    Inf | unknown
* 0.0s|     5 |     4 |   780 |  95.5 |    LP  |   4 | 136 | 131 | 279 |  55 |  2 |  21 |  72 |-8.709680e-04 | 1.063207e-02 |    Inf | unknown
* 0.0s|     9 |     4 |   922 |  65.5 |strongbr|   4 | 136 | 132 | 279 |  55 |  4 |  33 | 145 |-8.709680e-04 | 9.899961e-03 |    Inf |  17.54%

SCIP Status        : problem is solved [optimal solution found]
Solving Time (sec) : 0.00
Solving Nodes      : 41
Primal Bound       : +9.89996107346202e-03 (23 solutions)
Dual Bound         : +9.89996107346202e-03
Gap                : 0.00 %

primal solution (original space):
=================================

objective value:                  0.00989996107346202
y(1,1)                                              1 	(obj:0.000708825378804958)
y(1,2)                                              1 	(obj:0.000551689190271064)
y(1,4)                                              1 	(obj:0.000767236741075067)
y(1,5)                                              1 	(obj:0.000701710472195793)
y(1,7)                                              1 	(obj:0.000699348938880615)
y(1,8)                                              1 	(obj:0.000519173767013609)
y(1,11)                                             1 	(obj:0.00071585342519588)
y(1,15)                                             1 	(obj:0.000648490825561277)
y(2,1)                                              1 	(obj:0.000551689190271064)
y(2,2)                                              1 	(obj:0.000625574545951833)
y(2,4)                                              1 	(obj:0.000611522330832855)
y(2,5)                                              1 	(obj:0.000609923532060037)
y(2,7)                                              1 	(obj:0.000680252777185406)
y(2,8)                                              1 	(obj:0.000504086569961352)
y(2,11)                                             1 	(obj:0.000588559089186225)
y(2,15)                                             1 	(obj:0.000480002357039802)
y(4,1)                                              1 	(obj:0.000767236741075067)
y(4,2)                                              1 	(obj:0.000611522330832855)
y(4,4)                                              1 	(obj:0.00104693968962616)
y(4,5)                                              1 	(obj:0.000942232213444745)
y(4,7)                                              1 	(obj:0.000911018980047025)
y(4,8)                                              1 	(obj:0.00057139260379807)
y(4,11)                                             1 	(obj:0.000821120847156145)
y(4,15)                                             1 	(obj:0.000734657805520786)
y(5,1)                                              1 	(obj:0.000701710472195793)
y(5,2)                                              1 	(obj:0.000609923532060037)
y(5,4)                                              1 	(obj:0.000942232213444745)
y(5,5)                                              1 	(obj:0.000909056158694118)
y(5,7)                                              1 	(obj:0.000865841838349776)
y(5,8)                                              1 	(obj:0.000547398667209977)
y(5,11)                                             1 	(obj:0.00078265567712887)
y(5,15)                                             1 	(obj:0.000679945945192384)
y(7,1)                                              1 	(obj:0.000699348938880615)
y(7,2)                                              1 	(obj:0.000680252777185406)
y(7,4)                                              1 	(obj:0.000911018980047025)
y(7,5)                                              1 	(obj:0.000865841838349776)
y(7,7)                                              1 	(obj:0.000956408551543441)
y(7,8)                                              1 	(obj:0.000570303880258909)
y(7,11)                                             1 	(obj:0.000763835362533762)
y(7,15)                                             1 	(obj:0.000658877694724676)
y(8,1)                                              1 	(obj:0.000519173767013609)
y(8,2)                                              1 	(obj:0.000504086569961352)
y(8,4)                                              1 	(obj:0.00057139260379807)
y(8,5)                                              1 	(obj:0.000547398667209977)
y(8,7)                                              1 	(obj:0.000570303880258909)
y(8,8)                                              1 	(obj:0.000542681765138502)
y(8,11)                                             1 	(obj:0.000551310657802912)
y(8,15)                                             1 	(obj:0.000483982110425732)
y(11,1)                                             1 	(obj:0.00071585342519588)
y(11,2)                                             1 	(obj:0.000588559089186225)
y(11,4)                                             1 	(obj:0.000821120847156145)
y(11,5)                                             1 	(obj:0.00078265567712887)
y(11,7)                                             1 	(obj:0.000763835362533762)
y(11,8)                                             1 	(obj:0.000551310657802912)
y(11,11)                                            1 	(obj:0.000837721299433261)
y(11,15)                                            1 	(obj:0.00074199377606677)
y(15,1)                                             1 	(obj:0.000648490825561277)
y(15,2)                                             1 	(obj:0.000480002357039802)
y(15,4)                                             1 	(obj:0.000734657805520786)
y(15,5)                                             1 	(obj:0.000679945945192384)
y(15,7)                                             1 	(obj:0.000658877694724676)
y(15,8)                                             1 	(obj:0.000483982110425732)
y(15,11)                                            1 	(obj:0.00074199377606677)
y(15,15)                                            1 	(obj:0.000729273696290647)
x(1)                                                1 	(obj:-0.00278211798545672)
x(2)                                                1 	(obj:-0.00225222479898627)
x(4)                                                1 	(obj:-0.00490472021267984)
x(5)                                                1 	(obj:-0.0049991881091159)
x(7)                                                1 	(obj:-0.00580476967363632)
x(8)                                                1 	(obj:-0.00415615929074789)
x(11)                                               1 	(obj:-0.00540494202707922)
x(15)                                               1 	(obj:-0.00356123406655778)

Statistics
==========

SCIP Status        : problem is solved [optimal solution found]
Total Time         :       0.00
  solving          :       0.00
  presolving       :       0.00 (included in solving)
  reading          :       0.00
  copying          :       0.00 (2 #copies) (minimal 0.00, maximal 0.00, average 0.00)
Original Problem   :
  Problem name     : C:\Users\claudio\Documents\GitHub\embedding\src\lp\N16_B0.5_correlated_classical\IPL_linearized_N16q3.00B8.lp
  Variables        : 272 (0 binary, 272 integer, 0 implicit integer, 0 continuous)
  Constraints      : 769 initial, 769 maximal
  Objective        : minimize, 272 non-zeros (abs.min = 0.000480002, abs.max = 0.00580477)
Presolved Problem  :
  Problem name     : t_C:\Users\claudio\Documents\GitHub\embedding\src\lp\N16_B0.5_correlated_classical\IPL_linearized_N16q3.00B8.lp
  Variables        : 136 (136 binary, 0 integer, 0 implicit integer, 0 continuous)
  Constraints      : 121 initial, 231 maximal
  Objective        : minimize, 136 non-zeros (abs.min = 0.000499745, abs.max = 0.00484836)
  Nonzeros         : 376 constraint, 480 clique table
Presolvers         :   ExecTime  SetupTime  Calls  FixedVars   AggrVars   ChgTypes  ChgBounds   AddHoles    DelCons    AddCons   ChgSides   ChgCoefs
  boundshift       :       0.00       0.00      0          0          0          0          0          0          0          0          0          0
  convertinttobin  :       0.00       0.00      0          0          0          0          0          0          0          0          0          0
  domcol           :       0.00       0.00      1          0          0          0          0          0          0          0          0          0
  dualagg          :       0.00       0.00      0          0          0          0          0          0          0          0          0          0
  dualcomp         :       0.00       0.00      0          0          0          0          0          0          0          0          0          0
  dualinfer        :       0.00       0.00      0          0          0          0          0          0          0          0          0          0
  dualsparsify     :       0.00       0.00      1          0          0          0          0          0          0          0          0          0
  gateextraction   :       0.00       0.00      1          0          0          0          0          0        720        240          0          0
  implics          :       0.00       0.00      4          0          0          0          0          0          0          0          0          0
  inttobinary      :       0.00       0.00      0          0          0          0          0          0          0          0          0          0
  milp             :       0.00       0.00      1          0          0          0          0          0          0          0          0          0
  qpkktref         :       0.00       0.00      0          0          0          0          0          0          0          0          0          0
  redvub           :       0.00       0.00      0          0          0          0          0          0          0          0          0          0
  sparsify         :       0.00       0.00      1          0          0          0          0          0          0          0          0          0
  stuffing         :       0.00       0.00      0          0          0          0          0          0          0          0          0          0
  trivial          :       0.00       0.00      6          0          0          0          0          0          0          0          0          0
  tworowbnd        :       0.00       0.00      0          0          0          0          0          0          0          0          0          0
  dualfix          :       0.00       0.00      6          0          0          0          0          0          0          0          0          0
  genvbounds       :       0.00       0.00      0          0          0          0          0          0          0          0          0          0
  probing          :       0.00       0.00      1          0          0          0          0          0          0          0          0          0
  pseudoobj        :       0.00       0.00      0          0          0          0          0          0          0          0          0          0
  symmetry         :       0.00       0.00      1          0          0          0          0          0          0          0          0          0
  vbounds          :       0.00       0.00      1          0          0          0          0          0          0          0          0          0
  and              :       0.00       0.00      4          0        120          0          0          0        120          0          0          0
  linear           :       0.00       0.00      8          0         16          0          0          0         48          0         16         16
  logicor          :       0.00       0.00      2          0          0          0          0          0          0          0          0          0
  benders          :       0.00       0.00      0          0          0          0          0          0          0          0          0          0
  components       :       0.00       0.00      1          0          0          0          0          0          0          0          0          0
  root node        :          -          -      -          1          -          -          1          -          -          -          -          -
Constraints        :     Number  MaxNumber  #Separate #Propagate    #EnfoLP    #EnfoRelax  #EnfoPS    #Check   #ResProp    Cutoffs    DomReds       Cuts    Applied      Conss   Children
  benderslp        :          0          0          0          0         64          0          0         46          0          0          0          0          0          0          0
  integral         :          0          0          0          0         64          0          0         46          0          0        224          0          0        104         40
  and              :        120        120         91       2229          1          0          0         41        617         10        703          0          0          0          0
  linear           :          1          1         24       2199          1          0          0         24         36          7          4          0          0          0          0
  logicor          :          0+       110         16        600          0          0          0          0         17          4          5          0          0          0          0
  benders          :          0          0          0          0          1          0          0         23          0          0          0          0          0          0          0
  countsols        :          0          0          0          0          1          0          0         23          0          0          0          0          0          0          0
  components       :          0          0          0          0          0          0          0          0          0          0          0          0          0          0          0
Constraint Timings :  TotalTime  SetupTime   Separate  Propagate     EnfoLP     EnfoPS     EnfoRelax   Check    ResProp    SB-Prop
  benderslp        :       0.00       0.00       0.00       0.00       0.00       0.00       0.00       0.00       0.00       0.00
  integral         :       0.00       0.00       0.00       0.00       0.00       0.00       0.00       0.00       0.00       0.00
  and              :       0.00       0.00       0.00       0.00       0.00       0.00       0.00       0.00       0.00       0.00
  linear           :       0.00       0.00       0.00       0.00       0.00       0.00       0.00       0.00       0.00       0.00
  logicor          :       0.00       0.00       0.00       0.00       0.00       0.00       0.00       0.00       0.00       0.00
  benders          :       0.00       0.00       0.00       0.00       0.00       0.00       0.00       0.00       0.00       0.00
  countsols        :       0.00       0.00       0.00       0.00       0.00       0.00       0.00       0.00       0.00       0.00
  components       :       0.00       0.00       0.00       0.00       0.00       0.00       0.00       0.00       0.00       0.00
Propagators        : #Propagate   #ResProp    Cutoffs    DomReds
  dualfix          :          3          0          0          0
  genvbounds       :          0          0          0          0
  nlobbt           :          0          0          0          0
  obbt             :          0          0          0          0
  probing          :          0          0          0          0
  pseudoobj        :        268          0          0          0
  redcost          :        170          0          0        125
  rootredcost      :          3          0          0          0
  symmetry         :          0          0          0          0
  vbounds          :       2201          0          0          0
Propagator Timings :  TotalTime  SetupTime   Presolve  Propagate    ResProp    SB-Prop
  dualfix          :       0.00       0.00       0.00       0.00       0.00       0.00
  genvbounds       :       0.00       0.00       0.00       0.00       0.00       0.00
  nlobbt           :       0.00       0.00       0.00       0.00       0.00       0.00
  obbt             :       0.00       0.00       0.00       0.00       0.00       0.00
  probing          :       0.00       0.00       0.00       0.00       0.00       0.00
  pseudoobj        :       0.00       0.00       0.00       0.00       0.00       0.00
  redcost          :       0.00       0.00       0.00       0.00       0.00       0.00
  rootredcost      :       0.00       0.00       0.00       0.00       0.00       0.00
  symmetry         :       0.00       0.00       0.00       0.00       0.00       0.00
  vbounds          :       0.00       0.00       0.00       0.00       0.00       0.00
Conflict Analysis  :       Time      Calls    Success    DomReds  Conflicts   Literals    Reconvs ReconvLits   Dualrays   Nonzeros   LP Iters   (pool size: [10000,10000])
  propagation      :       0.00         14         14          -         24       10.1          0        0.0          -          -          -
  infeasible LP    :       0.00          0          0          -          0        0.0          0        0.0          0        0.0          0
  bound exceed. LP :       0.00        107         52          -        217       10.9          0        0.0          0        0.0        679
  strong branching :       0.00          0          0          -          0        0.0          0        0.0          -          -          0
  pseudo solution  :       0.00          0          0          -          0        0.0          0        0.0          -          -          -
  applied globally :       0.00          -          -          0        132        8.4          -          -          0          -          -
  applied locally  :          -          -          -          0          0        0.0          -          -          0          -          -
Separators         :   ExecTime  SetupTime      Calls    Cutoffs    DomReds       Cuts    Applied      Conss
  cut pool         :       0.00                    44          -          -        120          -          -    (maximal pool size: 131)
  aggregation      :       0.00       0.00         24          0          0          0          0          0
  cgmip            :       0.00       0.00          0          0          0          0          0          0
  clique           :       0.00       0.00         24          0          0          0          0          0
  closecuts        :       0.00       0.00          0          0          0          0          0          0
  cmir             :       0.00       0.00          0          0          0          0          0          0
  convexproj       :       0.00       0.00          0          0          0          0          0          0
  disjunctive      :       0.00       0.00          0          0          0          0          0          0
  eccuts           :       0.00       0.00          0          0          0          0          0          0
  flowcover        :       0.00       0.00          0          0          0          0          0          0
  gauge            :       0.00       0.00          0          0          0          0          0          0
  gomory           :       0.00       0.00         10          0          0         17          6          0
  impliedbounds    :       0.00       0.00         24          0          0          0          0          0
  intobj           :       0.00       0.00          0          0          0          0          0          0
  mcf              :       0.00       0.00          1          0          0          0          0          0
  oddcycle         :       0.00       0.00          0          0          0          0          0          0
  rapidlearning    :       0.00       0.00          0          0          0          0          0          0
  strongcg         :       0.00       0.00         20          0          0         75         11          0
  zerohalf         :       0.00       0.00         20          0          0         39         38          0
Pricers            :   ExecTime  SetupTime      Calls       Vars
  problem variables:       0.00          -          0          0
Branching Rules    :   ExecTime  SetupTime   BranchLP  BranchExt   BranchPS    Cutoffs    DomReds       Cuts      Conss   Children
  allfullstrong    :       0.00       0.00          0          0          0          0          0          0          0          0
  cloud            :       0.00       0.00          0          0          0          0          0          0          0          0
  distribution     :       0.00       0.00          0          0          0          0          0          0          0          0
  fullstrong       :       0.00       0.00          0          0          0          0          0          0          0          0
  inference        :       0.00       0.00          0          0          0          0          0          0          0          0
  leastinf         :       0.00       0.00          0          0          0          0          0          0          0          0
  lookahead        :       0.00       0.00          0          0          0          0          0          0          0          0
  mostinf          :       0.00       0.00          0          0          0          0          0          0          0          0
  multaggr         :       0.00       0.00          0          0          0          0          0          0          0          0
  nodereopt        :       0.00       0.00          0          0          0          0          0          0          0          0
  pscost           :       0.00       0.00          0          0          0          0          0          0          0          0
  random           :       0.00       0.00          0          0          0          0          0          0          0          0
  relpscost        :       0.00       0.00         63          0          0          0        224          0        107         40
  vanillafullstrong:       0.00       0.00          0          0          0          0          0          0          0          0
Primal Heuristics  :   ExecTime  SetupTime      Calls      Found       Best
  LP solutions     :       0.00          -          -          1          1
  relax solutions  :       0.00          -          -          0          0
  pseudo solutions :       0.00          -          -          0          0
  strong branching :       0.00          -          -          1          1
  actconsdiving    :       0.00       0.00          0          0          0
  adaptivediving   :       0.00       0.00          0          0          0
  alns             :       0.00       0.00          1          0          0
  bound            :       0.00       0.00          0          0          0
  clique           :       0.00       0.00          1          1          1
  coefdiving       :       0.00       0.00          0          0          0
  completesol      :       0.00       0.00          0          0          0
  conflictdiving   :       0.00       0.00          1          0          0
  crossover        :       0.00       0.00          0          0          0
  dins             :       0.00       0.00          0          0          0
  distributiondivin:       0.00       0.00          0          0          0
  dualval          :       0.00       0.00          0          0          0
  farkasdiving     :       0.00       0.00          1          1          1
  feaspump         :       0.00       0.00          0          0          0
  fixandinfer      :       0.00       0.00          0          0          0
  fracdiving       :       0.00       0.00          0          0          0
  gins             :       0.00       0.00          0          0          0
  guideddiving     :       0.00       0.00          0          0          0
  indicator        :       0.00       0.00          0          0          0
  intdiving        :       0.00       0.00          0          0          0
  intshifting      :       0.00       0.00          0          0          0
  linesearchdiving :       0.00       0.00          0          0          0
  localbranching   :       0.00       0.00          0          0          0
  locks            :       0.00       0.00          1          0          0
  lpface           :       0.00       0.00          0          0          0
  mpec             :       0.00       0.00          0          0          0
  multistart       :       0.00       0.00          0          0          0
  mutation         :       0.00       0.00          0          0          0
  nlpdiving        :       0.00       0.00          0          0          0
  objpscostdiving  :       0.00       0.00          0          0          0
  octane           :       0.00       0.00          0          0          0
  ofins            :       0.00       0.00          0          0          0
  oneopt           :       0.00       0.00          8          0          0
  padm             :       0.00       0.00          0          0          0
  proximity        :       0.00       0.00          0          0          0
  pscostdiving     :       0.00       0.00          0          0          0
  randrounding     :       0.00       0.00         24          0          0
  rens             :       0.00       0.00          1          0          0
  reoptsols        :       0.00       0.00          0          0          0
  repair           :       0.00       0.00          0          0          0
  rins             :       0.00       0.00          0          0          0
  rootsoldiving    :       0.00       0.00          0          0          0
  rounding         :       0.00       0.00         86          0          0
  shiftandpropagate:       0.00       0.00          0          0          0
  shifting         :       0.00       0.00         24         17          4
  simplerounding   :       0.00       0.00          0          0          0
  subnlp           :       0.00       0.00          0          0          0
  trivial          :       0.00       0.00          2          0          0
  trivialnegation  :       0.00       0.00          0          0          0
  trustregion      :       0.00       0.00          0          0          0
  trysol           :       0.00       0.00          0          0          0
  twoopt           :       0.00       0.00          0          0          0
  undercover       :       0.00       0.00          1          0          0
  vbounds          :       0.00       0.00          1          2          2
  veclendiving     :       0.00       0.00          0          0          0
  zeroobj          :       0.00       0.00          0          0          0
  zirounding       :       0.00       0.00         20          0          0
  other solutions  :          -          -          -          0          -
Diving (single)    :      Calls      Nodes   LP Iters Backtracks  Conflicts   MinDepth   MaxDepth   AvgDepth  RoundSols  NLeafSols  MinSolDpt  MaxSolDpt  AvgSolDpt
  actconsdiving    :          0          -          -          -          -          -          -          -          -          -          -          -          -
  coefdiving       :          0          -          -          -          -          -          -          -          -          -          -          -          -
  conflictdiving   :          1          7         67          1         12          7          7        7.0          0          -          -          -          -
  distributiondivin:          0          -          -          -          -          -          -          -          -          -          -          -          -
  farkasdiving     :          1          7        182          0          0          8          8        8.0          0          1          8          8        8.0
  fracdiving       :          0          -          -          -          -          -          -          -          -          -          -          -          -
  guideddiving     :          0          -          -          -          -          -          -          -          -          -          -          -          -
  linesearchdiving :          0          -          -          -          -          -          -          -          -          -          -          -          -
  pscostdiving     :          0          -          -          -          -          -          -          -          -          -          -          -          -
  veclendiving     :          0          -          -          -          -          -          -          -          -          -          -          -          -
Diving (adaptive)  :      Calls      Nodes   LP Iters Backtracks  Conflicts   MinDepth   MaxDepth   AvgDepth  RoundSols  NLeafSols  MinSolDpt  MaxSolDpt  AvgSolDpt
  actconsdiving    :          0          -          -          -          -          -          -          -          -          -          -          -          -
  coefdiving       :          0          -          -          -          -          -          -          -          -          -          -          -          -
  conflictdiving   :          0          -          -          -          -          -          -          -          -          -          -          -          -
  distributiondivin:          0          -          -          -          -          -          -          -          -          -          -          -          -
  farkasdiving     :          0          -          -          -          -          -          -          -          -          -          -          -          -
  fracdiving       :          0          -          -          -          -          -          -          -          -          -          -          -          -
  guideddiving     :          0          -          -          -          -          -          -          -          -          -          -          -          -
  linesearchdiving :          0          -          -          -          -          -          -          -          -          -          -          -          -
  pscostdiving     :          0          -          -          -          -          -          -          -          -          -          -          -          -
  veclendiving     :          0          -          -          -          -          -          -          -          -          -          -          -          -
Neighborhoods      :      Calls  SetupTime  SolveTime SolveNodes       Sols       Best       Exp3  EpsGreedy        UCB TgtFixRate  Opt  Inf Node Stal  Sol  Usr Othr Actv
  rens             :          1       0.00       0.00          0          0          0    0.00000   -1.00000    1.00000      0.900    0    0    0    0    0    0    1    1
  rins             :          0       0.00       0.00          0          0          0    0.00000   -1.00000    1.00000      0.900    0    0    0    0    0    0    0    1
  mutation         :          0       0.00       0.00          0          0          0    0.00000   -1.00000    1.00000      0.900    0    0    0    0    0    0    0    1
  localbranching   :          0       0.00       0.00          0          0          0    0.00000   -1.00000    1.00000      0.900    0    0    0    0    0    0    0    1
  crossover        :          0       0.00       0.00          0          0          0    0.00000   -1.00000    1.00000      0.900    0    0    0    0    0    0    0    1
  proximity        :          0       0.00       0.00          0          0          0    0.00000   -1.00000    1.00000      0.900    0    0    0    0    0    0    0    1
  zeroobjective    :          0       0.00       0.00          0          0          0    0.00000   -1.00000    1.00000      0.900    0    0    0    0    0    0    0    1
  dins             :          0       0.00       0.00          0          0          0    0.00000   -1.00000    1.00000      0.900    0    0    0    0    0    0    0    1
  trustregion      :          0       0.00       0.00          0          0          0    0.00000   -1.00000    1.00000      0.900    0    0    0    0    0    0    0    0
LP                 :       Time      Calls Iterations  Iter/call   Iter/sec  Time-0-It Calls-0-It    ItLimit
  primal LP        :       0.00          1          0       0.00          -       0.00          1
  dual LP          :       0.00        123       1713      16.63          -       0.00         20
  lex dual LP      :       0.00          0          0       0.00          -
  barrier LP       :       0.00          0          0       0.00          -       0.00          0
  resolve instable :       0.00          0          0       0.00          -
  diving/probing LP:       0.00          9        249      27.67          -
  strong branching :       0.00        368      14292      38.84          -          -          -          0
    (at root node) :          -         21       1631      77.67          -
  conflict analysis:       0.00         94        679       7.22          -
B&B Tree           :
  number of runs   :          1
  nodes            :         41 (20 internal, 21 leaves)
  feasible leaves  :          1
  infeas. leaves   :          3
  objective leaves :         17
  nodes (total)    :         41 (20 internal, 21 leaves)
  nodes left       :          0
  max depth        :          6
  max depth (total):          6
  backtracks       :         11 (26.8%)
  early backtracks :          0 (0.0%)
  nodes exc. ref.  :          0 (0.0%)
  delayed cutoffs  :          0
  repropagations   :          0 (0 domain reductions, 0 cutoffs)
  avg switch length:       2.49
  switching time   :       0.00
Estim. Tree Size   :         41
Estimation Tree    : 41 nodes (41 visited, 20 internal, 21 leaves, 0 open), weight: 1.0000 completed 1.0000
Estimations        :      estim      value      trend resolution     smooth
  wbe              :         41          -          -          -          -
  tree-profile     :         -1          -          -          -          -
  gap              :         41    1.00000    0.05634          1         78
  tree-weight      :         41    1.00000    0.02704          1         42
  leaf-frequency   :         41    0.50000    0.00272          1         48
  ssg              :         41   -0.00000   -0.03001          1         45
  open-nodes       :         41    0.00000   -0.12090          1         56
Root Node          :
  First LP value   : -2.03155770343008e-02
  First LP Iters   :         47
  First LP Time    :       0.00
  Final Dual Bound : -8.70967980463511e-04
  Final Root Iters :        398
  Root LP Estimate : +5.36442656633142e-02
Solution           :
  Solutions found  :         23 (10 improvements)
  First Solution   : +2.28709207447676e-02   (in run 1, after 1 nodes, 0.00 seconds, depth 7, found by <clique>)
  Gap First Sol.   :   infinite
  Gap Last Sol.    :   infinite
  Primal Bound     : +9.89996107346202e-03   (in run 1, after 9 nodes, 0.00 seconds, depth 6, found by <relaxation>)
  Dual Bound       : +9.89996107346202e-03
  Gap              :       0.00 %
Integrals          :      Total       Avg%
  primal-dual      :       0.00       0.00
  primal-ref       :       0.00       0.00
  dual-ref         :       0.00       0.00
