SCIP version 7.0.2 [precision: 8 byte] [memory: block] [mode: optimized] [LP solver: SoPlex 5.0.2] [GitHash: e9d280a398]
Copyright (C) 2002-2020 Konrad-Zuse-Zentrum fuer Informationstechnik Berlin (ZIB)

External codes: 
  SoPlex 5.0.2         Linear Programming Solver developed at Zuse Institute Berlin (soplex.zib.de) [GitHash: e24c304e]
  CppAD 20180000.0     Algorithmic Differentiation of C++ algorithms developed by B. Bell (www.coin-or.org/CppAD)
  MPIR 3.0.0           Multiple Precision Integers and Rationals Library developed by W. Hart (mpir.org)
  ZIMPL 3.4.0          Zuse Institute Mathematical Programming Language developed by T. Koch (zimpl.zib.de)
  PaPILO 1.0.2         parallel presolve for integer and linear optimization (https://github.com/lgottwald/PaPILO) [GitHash: 62d2842]
  bliss 0.73p          Computing Graph Automorphism Groups by T. Junttila and P. Kaski (http://www.tcs.hut.fi/Software/bliss/)
  Ipopt 3.12.9         Interior Point Optimizer developed by A. Waechter et.al. (www.coin-or.org/Ipopt)

user parameter file <scip.set> not found - using default parameters

read problem <C:\Users\Claubit\Documents\GitHub\embedding\src\lp\scenarioA2_N16_B0.4_classical\IPL_linearized_N16q20.00B6.lp>
============

original problem has 272 variables (0 bin, 272 int, 0 impl, 0 cont) and 769 constraints

solve problem
=============

presolving:
(round 1, fast)       16 del vars, 16 del conss, 0 add conss, 0 chg bounds, 16 chg sides, 16 chg coeffs, 0 upgd conss, 0 impls, 480 clqs
(round 2, fast)       16 del vars, 48 del conss, 0 add conss, 0 chg bounds, 16 chg sides, 16 chg coeffs, 0 upgd conss, 0 impls, 480 clqs
   (0.0s) running MILP presolver
   (0.0s) MILP presolver found nothing
(round 3, exhaustive) 16 del vars, 48 del conss, 0 add conss, 0 chg bounds, 16 chg sides, 16 chg coeffs, 720 upgd conss, 0 impls, 480 clqs
(round 4, exhaustive) 16 del vars, 768 del conss, 240 add conss, 0 chg bounds, 16 chg sides, 16 chg coeffs, 720 upgd conss, 0 impls, 480 clqs
(round 5, exhaustive) 136 del vars, 888 del conss, 240 add conss, 0 chg bounds, 16 chg sides, 16 chg coeffs, 720 upgd conss, 0 impls, 240 clqs
   (0.0s) probing: 51/136 (37.5%) - 0 fixings, 0 aggregations, 0 implications, 0 bound changes
   (0.0s) probing aborted: 50/50 successive totally useless probings
   (0.0s) symmetry computation started: requiring (bin +, int -, cont +), (fixed: bin -, int +, cont -)
   (0.0s) no symmetry present
presolving (6 rounds: 6 fast, 4 medium, 4 exhaustive):
 136 deleted vars, 888 deleted constraints, 240 added constraints, 0 tightened bounds, 0 added holes, 16 changed sides, 16 changed coefficients
 0 implications, 240 cliques
presolved problem has 136 variables (136 bin, 0 int, 0 impl, 0 cont) and 121 constraints
    120 constraints of type <and>
      1 constraints of type <linear>
Presolving Time: 0.00

 time | node  | left  |LP iter|LP it/n|mem/heur|mdpt |vars |cons |rows |cuts |sepa|confs|strbr|  dualbound   | primalbound  |  gap   | compl. 
p 0.0s|     1 |     0 |     0 |     - |  clique|   0 | 136 | 121 | 241 |   0 |  0 |   0 |   0 |-7.910490e-02 | 4.400288e-02 |    Inf | unknown
p 0.0s|     1 |     0 |     0 |     - | vbounds|   0 | 136 | 121 | 241 |   0 |  0 |   0 |   0 |-7.910490e-02 | 3.127584e-02 |    Inf | unknown
  0.0s|     1 |     0 |    54 |     - |  3698k |   0 | 136 | 121 | 241 |   0 |  0 |   0 |   0 |-1.865527e-02 | 3.127584e-02 |    Inf | unknown
  0.0s|     1 |     0 |    54 |     - |  3717k |   0 | 136 | 121 | 240 |   0 |  0 |   0 |   0 |-1.865527e-02 | 3.127584e-02 |    Inf | unknown
  0.0s|     1 |     0 |    77 |     - |  3756k |   0 | 136 | 121 | 251 |  11 |  1 |   0 |   0 |-1.044925e-02 | 3.127584e-02 |    Inf | unknown
  0.0s|     1 |     0 |    87 |     - |  3864k |   0 | 136 | 121 | 257 |  17 |  2 |   0 |   0 |-8.475427e-03 | 3.127584e-02 |    Inf | unknown
  0.0s|     1 |     0 |   112 |     - |  3982k |   0 | 136 | 121 | 266 |  26 |  3 |   0 |   0 |-5.348179e-03 | 3.127584e-02 |    Inf | unknown
  0.0s|     1 |     0 |   138 |     - |  4099k |   0 | 136 | 121 | 269 |  29 |  4 |   0 |   0 |-2.632213e-03 | 3.127584e-02 |    Inf | unknown
  0.0s|     1 |     0 |   163 |     - |  4217k |   0 | 136 | 121 | 281 |  41 |  5 |   0 |   0 | 1.197119e-03 | 3.127584e-02 |2512.59%| unknown
  0.0s|     1 |     0 |   163 |     - |  4463k |   0 | 136 | 123 | 279 |  41 |  5 |   2 |   0 | 1.197119e-03 | 3.127584e-02 |2512.59%| unknown
  0.0s|     1 |     0 |   205 |     - |  4490k |   0 | 136 | 123 | 285 |  47 |  6 |   2 |   0 | 4.551293e-03 | 3.127584e-02 | 587.19%| unknown
  0.0s|     1 |     0 |   205 |     - |  4499k |   0 | 136 | 126 | 283 |  47 |  6 |   5 |   0 | 4.551293e-03 | 3.127584e-02 | 587.19%| unknown
  0.0s|     1 |     0 |   230 |     - |  4870k |   0 | 136 | 126 | 289 |  53 |  7 |   5 |   0 | 5.477727e-03 | 3.127584e-02 | 470.96%| unknown
  0.0s|     1 |     0 |   260 |     - |  4994k |   0 | 136 | 126 | 292 |  56 |  8 |   5 |   0 | 5.982882e-03 | 3.127584e-02 | 422.76%| unknown
  0.0s|     1 |     0 |   260 |     - |  4997k |   0 | 136 | 127 | 291 |  56 |  8 |   6 |   0 | 5.982882e-03 | 3.127584e-02 | 422.76%| unknown
 time | node  | left  |LP iter|LP it/n|mem/heur|mdpt |vars |cons |rows |cuts |sepa|confs|strbr|  dualbound   | primalbound  |  gap   | compl. 
  0.0s|     1 |     0 |   283 |     - |  5376k |   0 | 136 | 127 | 296 |  61 |  9 |   6 |   0 | 6.112641e-03 | 3.127584e-02 | 411.66%| unknown
  0.0s|     1 |     0 |   301 |     - |  5732k |   0 | 136 | 127 | 298 |  63 | 10 |   6 |   0 | 6.257265e-03 | 3.127584e-02 | 399.83%| unknown
  0.0s|     1 |     0 |   314 |     - |  5765k |   0 | 136 | 127 | 302 |  67 | 11 |   6 |   0 | 6.340441e-03 | 3.127584e-02 | 393.28%| unknown
r 0.0s|     1 |     0 |   314 |     - |shifting|   0 | 136 | 127 | 302 |  67 | 11 |   6 |   0 | 6.340441e-03 | 2.884509e-02 | 354.94%| unknown
  0.0s|     1 |     0 |   325 |     - |  6322k |   0 | 136 | 127 | 305 |  70 | 12 |   6 |   0 | 6.437533e-03 | 2.884509e-02 | 348.08%| unknown
  0.0s|     1 |     0 |   325 |     - |  6326k |   0 | 136 | 127 | 303 |  70 | 12 |   6 |   0 | 6.437533e-03 | 2.884509e-02 | 348.08%| unknown
  0.0s|     1 |     0 |   336 |     - |  6638k |   0 | 136 | 127 | 305 |  72 | 13 |   6 |   0 | 6.491112e-03 | 2.884509e-02 | 344.38%| unknown
  0.0s|     1 |     0 |   344 |     - |  6689k |   0 | 136 | 127 | 307 |  74 | 14 |   6 |   0 | 6.503373e-03 | 2.884509e-02 | 343.54%| unknown
  0.0s|     1 |     0 |   366 |     - |  7417k |   0 | 136 | 128 | 309 |  76 | 15 |   7 |   0 | 6.678823e-03 | 2.884509e-02 | 331.89%| unknown
  0.0s|     1 |     0 |   384 |     - |  7929k |   0 | 136 | 128 | 312 |  79 | 16 |   7 |   0 | 6.779922e-03 | 2.884509e-02 | 325.45%| unknown
  0.0s|     1 |     0 |   399 |     - |  9102k |   0 | 136 | 129 | 313 |  82 | 17 |   8 |   0 | 6.937531e-03 | 2.884509e-02 | 315.78%| unknown
  0.0s|     1 |     0 |   444 |     - |  9132k |   0 | 136 | 129 | 316 |  85 | 18 |   8 |   0 | 7.437040e-03 | 2.884509e-02 | 287.86%| unknown
  0.0s|     1 |     0 |   481 |     - |  9197k |   0 | 136 | 129 | 318 |  87 | 19 |   8 |   0 | 7.789137e-03 | 2.884509e-02 | 270.32%| unknown
  0.0s|     1 |     0 |   493 |     - |  9231k |   0 | 136 | 129 | 321 |  90 | 20 |   8 |   0 | 7.807069e-03 | 2.884509e-02 | 269.47%| unknown
  0.0s|     1 |     0 |   514 |     - |  9235k |   0 | 136 | 129 | 323 |  92 | 21 |   8 |   0 | 7.872411e-03 | 2.884509e-02 | 266.41%| unknown
 time | node  | left  |LP iter|LP it/n|mem/heur|mdpt |vars |cons |rows |cuts |sepa|confs|strbr|  dualbound   | primalbound  |  gap   | compl. 
  0.0s|     1 |     0 |   529 |     - |  9239k |   0 | 136 | 130 | 324 |  93 | 22 |   9 |   0 | 7.939410e-03 | 2.884509e-02 | 263.32%| unknown
  0.0s|     1 |     0 |   545 |     - |  9246k |   0 | 136 | 132 | 318 |  94 | 23 |  11 |   0 | 8.010311e-03 | 2.884509e-02 | 260.10%| unknown
  0.0s|     1 |     0 |   556 |     - |  9246k |   0 | 136 | 134 | 319 |  95 | 24 |  13 |   0 | 8.017022e-03 | 2.884509e-02 | 259.80%| unknown
  0.0s|     1 |     0 |   556 |     - |  9250k |   0 | 136 | 135 | 327 |  95 | 26 |  14 |   0 | 8.017022e-03 | 2.884509e-02 | 259.80%| unknown
  0.0s|     1 |     0 |   561 |     - |  9250k |   0 | 136 | 135 | 328 |  96 | 27 |  14 |   0 | 8.019782e-03 | 2.884509e-02 | 259.67%| unknown
  0.0s|     1 |     0 |   572 |     - |  9253k |   0 | 136 | 135 | 329 |  97 | 28 |  14 |   0 | 8.045398e-03 | 2.884509e-02 | 258.53%| unknown
  0.0s|     1 |     0 |   575 |     - |  9257k |   0 | 136 | 135 | 330 |  98 | 29 |  14 |   0 | 8.046418e-03 | 2.884509e-02 | 258.48%| unknown
  0.0s|     1 |     0 |   590 |     - |  9269k |   0 | 136 | 135 | 331 |  99 | 30 |  14 |   0 | 8.061363e-03 | 2.884509e-02 | 257.82%| unknown
  0.0s|     1 |     0 |   594 |     - |  9269k |   0 | 136 | 135 | 317 | 100 | 31 |  14 |   0 | 8.061947e-03 | 2.884509e-02 | 257.79%| unknown
d 0.0s|     1 |     0 |   893 |     - |conflict|   0 | 136 | 137 | 317 |   0 | 33 |  19 |   0 | 8.061947e-03 | 2.285168e-02 | 183.45%| unknown
L 0.0s|     1 |     0 |   893 |     - |    rens|   0 | 136 | 137 | 317 | 100 | 33 |  19 |   0 | 8.061947e-03 | 1.302025e-02 |  61.50%| unknown
  0.0s|     1 |     0 |   893 |     - |  9396k |   0 | 136 | 137 | 318 | 100 | 33 |  19 |   0 | 8.061947e-03 | 1.302025e-02 |  61.50%| unknown
  0.0s|     1 |     0 |   893 |     - |  9396k |   0 | 136 | 137 | 269 | 100 | 33 |  19 |   0 | 8.061947e-03 | 1.302025e-02 |  61.50%| unknown
  0.0s|     1 |     0 |   893 |     - |  9396k |   0 | 136 | 129 | 265 | 100 | 34 |  19 |   0 | 8.061947e-03 | 1.302025e-02 |  61.50%| unknown
  0.0s|     1 |     0 |   893 |     - |  9396k |   0 | 136 | 122 | 287 | 100 | 35 |  19 |   0 | 8.061947e-03 | 1.302025e-02 |  61.50%| unknown
 time | node  | left  |LP iter|LP it/n|mem/heur|mdpt |vars |cons |rows |cuts |sepa|confs|strbr|  dualbound   | primalbound  |  gap   | compl. 
  1.0s|     1 |     0 |   896 |     - |  9396k |   0 | 136 | 122 | 288 | 101 | 36 |  19 |   0 | 8.063882e-03 | 1.302025e-02 |  61.46%| unknown
(run 1, node 1) restarting after 39 global fixings of integer variables

(restart) converted 59 cuts from the global cut pool into linear constraints

presolving:
(round 1, fast)       39 del vars, 4 del conss, 0 add conss, 0 chg bounds, 0 chg sides, 4 chg coeffs, 0 upgd conss, 0 impls, 186 clqs
(round 2, exhaustive) 39 del vars, 4 del conss, 0 add conss, 0 chg bounds, 0 chg sides, 4 chg coeffs, 55 upgd conss, 0 impls, 186 clqs
(round 3, exhaustive) 39 del vars, 4 del conss, 0 add conss, 0 chg bounds, 0 chg sides, 16 chg coeffs, 55 upgd conss, 0 impls, 187 clqs
(round 4, exhaustive) 39 del vars, 4 del conss, 0 add conss, 0 chg bounds, 0 chg sides, 17 chg coeffs, 55 upgd conss, 0 impls, 187 clqs
(round 5, exhaustive) 39 del vars, 4 del conss, 0 add conss, 0 chg bounds, 0 chg sides, 21 chg coeffs, 55 upgd conss, 0 impls, 187 clqs
presolving (6 rounds: 6 fast, 5 medium, 5 exhaustive):
 39 deleted vars, 4 deleted constraints, 0 added constraints, 0 tightened bounds, 0 added holes, 0 changed sides, 21 changed coefficients
 0 implications, 187 cliques
presolved problem has 97 variables (97 bin, 0 int, 0 impl, 0 cont) and 182 constraints
     47 constraints of type <knapsack>
     31 constraints of type <setppc>
     82 constraints of type <and>
      1 constraints of type <linear>
     21 constraints of type <logicor>
Presolving Time: 0.00
transformed 9/32 original solutions to the transformed problem space

 time | node  | left  |LP iter|LP it/n|mem/heur|mdpt |vars |cons |rows |cuts |sepa|confs|strbr|  dualbound   | primalbound  |  gap   | compl. 
  1.0s|     1 |     0 |  1082 |     - |  9038k |   0 |  97 | 182 | 243 |   0 |  0 |  24 |   0 | 8.063882e-03 | 1.302025e-02 |  61.46%| unknown
  1.0s|     1 |     0 |  1082 |     - |  9041k |   0 |  97 | 184 | 228 |   0 |  0 |  26 |   0 | 8.063882e-03 | 1.302025e-02 |  61.46%| unknown
  1.0s|     1 |     0 |  1117 |     - |  9071k |   0 |  97 | 174 | 232 |   7 |  1 |  26 |   0 | 8.091303e-03 | 1.302025e-02 |  60.92%| unknown
  1.0s|     1 |     0 |  1149 |     - |  9703k |   0 |  97 | 176 | 236 |  11 |  2 |  28 |   0 | 8.236515e-03 | 1.302025e-02 |  58.08%| unknown
  1.0s|     1 |     0 |  1149 |     - |  9706k |   0 |  97 | 176 | 235 |  11 |  2 |  28 |   0 | 8.236515e-03 | 1.302025e-02 |  58.08%| unknown
  1.0s|     1 |     0 |  1164 |     - |  9964k |   0 |  97 | 176 | 237 |  13 |  3 |  28 |   0 | 8.260008e-03 | 1.302025e-02 |  57.63%| unknown
  1.0s|     1 |     0 |  1203 |     - |    10M |   0 |  97 | 179 | 238 |  14 |  4 |  31 |   0 | 8.345352e-03 | 1.302025e-02 |  56.02%| unknown
  1.0s|     1 |     0 |  1231 |     - |    11M |   0 |  97 | 179 | 239 |  15 |  5 |  31 |   0 | 8.412050e-03 | 1.302025e-02 |  54.78%| unknown
  1.0s|     1 |     0 |  1241 |     - |    11M |   0 |  97 | 179 | 242 |  18 |  6 |  31 |   0 | 8.426262e-03 | 1.302025e-02 |  54.52%| unknown
  1.0s|     1 |     0 |  1248 |     - |    12M |   0 |  97 | 181 | 244 |  20 |  7 |  33 |   0 | 8.431857e-03 | 1.302025e-02 |  54.42%| unknown
  1.0s|     1 |     0 |  1256 |     - |    12M |   0 |  97 | 182 | 245 |  21 |  8 |  34 |   0 | 8.439113e-03 | 1.302025e-02 |  54.28%| unknown
  1.0s|     1 |     0 |  1269 |     - |    13M |   0 |  97 | 182 | 246 |  22 |  9 |  34 |   0 | 8.462303e-03 | 1.302025e-02 |  53.86%| unknown
  2.0s|     1 |     0 |  1283 |     - |    13M |   0 |  97 | 184 | 248 |  24 | 10 |  36 |   0 | 8.480219e-03 | 1.302025e-02 |  53.54%| unknown
  2.0s|     1 |     0 |  1294 |     - |    13M |   0 |  97 | 187 | 249 |  25 | 11 |  39 |   0 | 8.485295e-03 | 1.302025e-02 |  53.44%| unknown
  2.0s|     1 |     0 |  1315 |     - |    13M |   0 |  97 | 187 | 240 |  26 | 12 |  39 |   0 | 8.527519e-03 | 1.302025e-02 |  52.69%| unknown
 time | node  | left  |LP iter|LP it/n|mem/heur|mdpt |vars |cons |rows |cuts |sepa|confs|strbr|  dualbound   | primalbound  |  gap   | compl. 
  2.0s|     1 |     0 |  1315 |     - |    13M |   0 |  97 | 181 | 241 |  26 | 12 |  40 |   0 | 8.527519e-03 | 1.302025e-02 |  52.69%| unknown
  2.0s|     1 |     0 |  1320 |     - |    13M |   0 |  97 | 181 | 242 |  27 | 13 |  40 |   0 | 8.536511e-03 | 1.302025e-02 |  52.52%| unknown
  2.0s|     1 |     0 |  1333 |     - |    13M |   0 |  97 | 184 | 244 |  29 | 14 |  43 |   0 | 8.569130e-03 | 1.302025e-02 |  51.94%| unknown
  2.0s|     1 |     0 |  1345 |     - |    13M |   0 |  97 | 185 | 247 |  32 | 15 |  44 |   0 | 8.579908e-03 | 1.302025e-02 |  51.75%| unknown
  2.0s|     1 |     0 |  1360 |     - |    13M |   0 |  97 | 185 | 248 |  33 | 16 |  44 |   0 | 8.598899e-03 | 1.302025e-02 |  51.42%| unknown
  2.0s|     1 |     0 |  1385 |     - |    13M |   0 |  97 | 185 | 250 |  35 | 17 |  44 |   0 | 8.639925e-03 | 1.302025e-02 |  50.70%| unknown
  2.0s|     1 |     0 |  1410 |     - |    14M |   0 |  97 | 185 | 246 |  37 | 18 |  44 |   0 | 8.705608e-03 | 1.302025e-02 |  49.56%| unknown
  2.0s|     1 |     0 |  1410 |     - |    14M |   0 |  97 | 188 | 245 |  37 | 18 |  47 |   0 | 8.705608e-03 | 1.302025e-02 |  49.56%| unknown
  2.0s|     1 |     0 |  1426 |     - |    14M |   0 |  97 | 188 | 246 |  38 | 19 |  47 |   0 | 8.713493e-03 | 1.302025e-02 |  49.43%| unknown
  2.0s|     1 |     0 |  1436 |     - |    14M |   0 |  97 | 192 | 247 |  39 | 20 |  51 |   0 | 8.726808e-03 | 1.302025e-02 |  49.20%| unknown
  2.0s|     1 |     0 |  1447 |     - |    14M |   0 |  97 | 192 | 248 |  40 | 21 |  51 |   0 | 8.729954e-03 | 1.302025e-02 |  49.14%| unknown
  2.0s|     1 |     0 |  1458 |     - |    14M |   0 |  97 | 194 | 249 |  41 | 22 |  53 |   0 | 8.732626e-03 | 1.302025e-02 |  49.10%| unknown
  2.0s|     1 |     0 |  1483 |     - |    14M |   0 |  97 | 194 | 251 |  43 | 23 |  53 |   0 | 8.742802e-03 | 1.302025e-02 |  48.93%| unknown
  2.0s|     1 |     0 |  1483 |     - |    14M |   0 |  97 | 194 | 252 |  43 | 23 |  53 |   0 | 8.742802e-03 | 1.302025e-02 |  48.93%| unknown
  2.0s|     1 |     0 |  1485 |     - |    14M |   0 |  97 | 194 | 246 |  44 | 24 |  53 |   0 | 8.743133e-03 | 1.302025e-02 |  48.92%| unknown
 time | node  | left  |LP iter|LP it/n|mem/heur|mdpt |vars |cons |rows |cuts |sepa|confs|strbr|  dualbound   | primalbound  |  gap   | compl. 
  2.0s|     1 |     0 |  1501 |     - |    14M |   0 |  97 | 195 | 247 |  45 | 25 |  54 |   0 | 8.749048e-03 | 1.302025e-02 |  48.82%| unknown
  2.0s|     1 |     0 |  1502 |     - |    14M |   0 |  97 | 195 | 249 |  47 | 26 |  54 |   0 | 8.749145e-03 | 1.302025e-02 |  48.82%| unknown
  2.0s|     1 |     0 |  1509 |     - |    14M |   0 |  97 | 196 | 250 |  48 | 27 |  55 |   0 | 8.749374e-03 | 1.302025e-02 |  48.81%| unknown
  2.0s|     1 |     0 |  1767 |     - |    14M |   0 |  97 | 201 | 250 |  48 | 29 |  61 |   1 | 1.078757e-02 | 1.302025e-02 |  20.70%| unknown
(run 2, node 1) restarting after 18 global fixings of integer variables

(restart) converted 37 cuts from the global cut pool into linear constraints

presolving:
(round 1, fast)       18 del vars, 20 del conss, 3 add conss, 0 chg bounds, 0 chg sides, 28 chg coeffs, 0 upgd conss, 0 impls, 144 clqs
(round 2, medium)     18 del vars, 21 del conss, 5 add conss, 0 chg bounds, 2 chg sides, 32 chg coeffs, 0 upgd conss, 0 impls, 144 clqs
(round 3, exhaustive) 18 del vars, 21 del conss, 5 add conss, 0 chg bounds, 2 chg sides, 34 chg coeffs, 0 upgd conss, 0 impls, 144 clqs
(round 4, exhaustive) 18 del vars, 21 del conss, 5 add conss, 0 chg bounds, 2 chg sides, 34 chg coeffs, 31 upgd conss, 0 impls, 145 clqs
(round 5, exhaustive) 18 del vars, 30 del conss, 5 add conss, 0 chg bounds, 2 chg sides, 36 chg coeffs, 31 upgd conss, 0 impls, 145 clqs
(round 6, exhaustive) 18 del vars, 31 del conss, 6 add conss, 0 chg bounds, 2 chg sides, 36 chg coeffs, 31 upgd conss, 0 impls, 146 clqs
(round 7, exhaustive) 18 del vars, 34 del conss, 6 add conss, 0 chg bounds, 2 chg sides, 36 chg coeffs, 31 upgd conss, 0 impls, 146 clqs
presolving (8 rounds: 8 fast, 7 medium, 6 exhaustive):
 18 deleted vars, 34 deleted constraints, 6 added constraints, 0 tightened bounds, 0 added holes, 2 changed sides, 36 changed coefficients
 0 implications, 146 cliques
presolved problem has 79 variables (79 bin, 0 int, 0 impl, 0 cont) and 200 constraints
     61 constraints of type <knapsack>
     30 constraints of type <setppc>
     65 constraints of type <and>
      6 constraints of type <linear>
     38 constraints of type <logicor>
Presolving Time: 0.00
transformed 16/49 original solutions to the transformed problem space

 time | node  | left  |LP iter|LP it/n|mem/heur|mdpt |vars |cons |rows |cuts |sepa|confs|strbr|  dualbound   | primalbound  |  gap   | compl. 
  2.0s|     1 |     0 |  1954 |     - |    12M |   0 |  79 | 200 | 229 |   0 |  0 |  61 |   1 | 1.078757e-02 | 1.302025e-02 |  20.70%| unknown
  2.0s|     1 |     0 |  1954 |     - |    12M |   0 |  79 | 200 | 227 |   0 |  0 |  61 |   1 | 1.078757e-02 | 1.302025e-02 |  20.70%| unknown
  2.0s|     1 |     0 |  1974 |     - |    12M |   0 |  79 | 200 | 231 |   4 |  1 |  61 |   1 | 1.078757e-02 | 1.302025e-02 |  20.70%| unknown
  2.0s|     1 |     0 |  1997 |     - |    12M |   0 |  79 | 202 | 232 |   5 |  2 |  63 |   1 | 1.078757e-02 | 1.302025e-02 |  20.70%| unknown
  2.0s|     1 |     0 |  2028 |     - |    12M |   0 |  79 | 204 | 234 |   7 |  3 |  65 |   1 | 1.078757e-02 | 1.302025e-02 |  20.70%| unknown
  2.0s|     1 |     0 |  2028 |     - |    12M |   0 |  79 | 204 | 233 |   7 |  3 |  65 |   1 | 1.078757e-02 | 1.302025e-02 |  20.70%| unknown
  3.0s|     1 |     0 |  2059 |     - |    12M |   0 |  79 | 204 | 236 |  10 |  4 |  65 |   1 | 1.078757e-02 | 1.302025e-02 |  20.70%| unknown
  3.0s|     1 |     0 |  2083 |     - |    12M |   0 |  79 | 204 | 238 |  12 |  5 |  65 |   1 | 1.078757e-02 | 1.302025e-02 |  20.70%| unknown
  3.0s|     1 |     0 |  2083 |     - |    12M |   0 |  79 | 204 | 235 |  12 |  5 |  65 |   1 | 1.078757e-02 | 1.302025e-02 |  20.70%| unknown
  3.0s|     1 |     0 |  2099 |     - |    12M |   0 |  79 | 204 | 236 |  13 |  6 |  65 |   1 | 1.078757e-02 | 1.302025e-02 |  20.70%| unknown
  3.0s|     1 |     0 |  2099 |     - |    12M |   0 |  79 | 204 | 235 |  13 |  6 |  65 |   1 | 1.078757e-02 | 1.302025e-02 |  20.70%| unknown
  3.0s|     1 |     0 |  2108 |     - |    12M |   0 |  79 | 204 | 236 |  14 |  7 |  65 |   1 | 1.078757e-02 | 1.302025e-02 |  20.70%| unknown
  3.0s|     1 |     0 |  2118 |     - |    12M |   0 |  79 | 204 | 237 |  15 |  8 |  65 |   1 | 1.078757e-02 | 1.302025e-02 |  20.70%| unknown
  3.0s|     1 |     0 |  2136 |     - |    12M |   0 |  79 | 205 | 238 |  16 |  9 |  66 |   1 | 1.078757e-02 | 1.302025e-02 |  20.70%| unknown
  3.0s|     1 |     0 |  2145 |     - |    12M |   0 |  79 | 205 | 239 |  17 | 10 |  66 |   1 | 1.078757e-02 | 1.302025e-02 |  20.70%| unknown
 time | node  | left  |LP iter|LP it/n|mem/heur|mdpt |vars |cons |rows |cuts |sepa|confs|strbr|  dualbound   | primalbound  |  gap   | compl. 
  3.0s|     1 |     0 |  2155 |     - |    12M |   0 |  79 | 205 | 240 |  18 | 11 |  66 |   1 | 1.078757e-02 | 1.302025e-02 |  20.70%| unknown
  3.0s|     1 |     0 |  2168 |     - |    12M |   0 |  79 | 208 | 241 |  19 | 12 |  69 |   1 | 1.078757e-02 | 1.302025e-02 |  20.70%| unknown
  3.0s|     1 |     0 |  2184 |     - |    12M |   0 |  79 | 208 | 202 |  20 | 13 |  69 |   1 | 1.078757e-02 | 1.302025e-02 |  20.70%| unknown
  3.0s|     1 |     0 |  2206 |     - |    12M |   0 |  79 | 210 | 203 |  21 | 14 |  71 |   1 | 1.078757e-02 | 1.302025e-02 |  20.70%| unknown
  3.0s|     1 |     0 |  2242 |     - |    12M |   0 |  79 | 210 | 205 |  23 | 15 |  71 |   1 | 1.078757e-02 | 1.302025e-02 |  20.70%| unknown
  3.0s|     1 |     0 |  2299 |     - |    12M |   0 |  79 | 210 | 215 |  33 | 16 |  71 |   1 | 1.111167e-02 | 1.302025e-02 |  17.18%| unknown
  3.0s|     1 |     0 |  2299 |     - |    12M |   0 |  79 | 211 | 212 |  33 | 16 |  72 |   1 | 1.111167e-02 | 1.302025e-02 |  17.18%| unknown
  3.0s|     1 |     0 |  2320 |     - |    12M |   0 |  79 | 211 | 213 |  34 | 17 |  72 |   1 | 1.144548e-02 | 1.302025e-02 |  13.76%| unknown
  3.0s|     1 |     0 |  2343 |     - |    12M |   0 |  79 | 212 | 215 |  36 | 18 |  73 |   1 | 1.168830e-02 | 1.302025e-02 |  11.40%| unknown
  3.0s|     1 |     0 |  2343 |     - |    12M |   0 |  79 | 212 | 214 |  36 | 18 |  73 |   1 | 1.168830e-02 | 1.302025e-02 |  11.40%| unknown
  3.0s|     1 |     0 |  2370 |     - |    13M |   0 |  79 | 212 | 205 |  37 | 19 |  73 |   1 | 1.187053e-02 | 1.302025e-02 |   9.69%| unknown
  3.0s|     1 |     0 |  2371 |     - |    13M |   0 |  79 | 212 | 203 |  37 | 19 |  74 |   1 | 1.187054e-02 | 1.302025e-02 |   9.69%| unknown
  3.0s|     1 |     0 |  2396 |     - |    13M |   0 |  79 | 212 | 186 |  38 | 20 |  74 |   1 | 1.199714e-02 | 1.302025e-02 |   8.53%| unknown
  3.0s|     1 |     0 |  2396 |     - |    13M |   0 |  79 | 212 | 185 |  38 | 20 |  74 |   1 | 1.199714e-02 | 1.302025e-02 |   8.53%| unknown
  3.0s|     1 |     0 |  2410 |     - |    13M |   0 |  79 | 204 | 187 |  40 | 21 |  74 |   1 | 1.202949e-02 | 1.302025e-02 |   8.24%| unknown
 time | node  | left  |LP iter|LP it/n|mem/heur|mdpt |vars |cons |rows |cuts |sepa|confs|strbr|  dualbound   | primalbound  |  gap   | compl. 
  3.0s|     1 |     0 |  2410 |     - |    13M |   0 |  79 | 205 | 176 |  40 | 21 |  75 |   1 | 1.202949e-02 | 1.302025e-02 |   8.24%| unknown
  3.0s|     1 |     0 |  2421 |     - |    13M |   0 |  79 | 199 | 177 |  42 | 22 |  75 |   1 | 1.208901e-02 | 1.302025e-02 |   7.70%| unknown
  3.0s|     1 |     0 |  2428 |     - |    13M |   0 |  79 | 200 | 178 |  43 | 23 |  76 |   1 | 1.209577e-02 | 1.302025e-02 |   7.64%| unknown
  3.0s|     1 |     0 |  2433 |     - |    13M |   0 |  79 | 202 | 172 |  44 | 24 |  78 |   1 | 1.211398e-02 | 1.302025e-02 |   7.48%| unknown
  3.0s|     1 |     0 |  2439 |     - |    13M |   0 |  79 | 205 | 173 |  45 | 25 |  81 |   1 | 1.213807e-02 | 1.302025e-02 |   7.27%| unknown
  3.0s|     1 |     0 |  2447 |     - |    13M |   0 |  79 | 208 | 174 |  46 | 26 |  84 |   1 | 1.217747e-02 | 1.302025e-02 |   6.92%| unknown
  3.0s|     1 |     0 |  2455 |     - |    13M |   0 |  79 | 208 | 175 |  47 | 27 |  84 |   1 | 1.218287e-02 | 1.302025e-02 |   6.87%| unknown
  3.0s|     1 |     0 |  2459 |     - |    13M |   0 |  79 | 211 | 176 |  48 | 28 |  87 |   1 | 1.219138e-02 | 1.302025e-02 |   6.80%| unknown
  3.0s|     1 |     0 |  2472 |     - |    13M |   0 |  79 | 212 | 177 |  49 | 29 |  88 |   1 | 1.221360e-02 | 1.302025e-02 |   6.60%| unknown
  3.0s|     1 |     0 |  2478 |     - |    13M |   0 |  79 | 212 | 155 |  51 | 30 |  88 |   1 | 1.221768e-02 | 1.302025e-02 |   6.57%| unknown
  3.0s|     1 |     0 |  2478 |     - |    13M |   0 |  79 | 200 | 162 |  51 | 30 |  89 |   1 | 1.221768e-02 | 1.302025e-02 |   6.57%| unknown
  3.0s|     1 |     0 |  2480 |     - |    13M |   0 |  79 | 200 | 163 |  52 | 31 |  89 |   1 | 1.221914e-02 | 1.302025e-02 |   6.56%| unknown
  3.0s|     1 |     0 |  2482 |     - |    13M |   0 |  79 | 201 | 164 |  53 | 32 |  90 |   1 | 1.221944e-02 | 1.302025e-02 |   6.55%| unknown
  3.0s|     1 |     0 |  2491 |     - |    13M |   0 |  79 | 201 | 165 |  54 | 33 |  90 |   1 | 1.222947e-02 | 1.302025e-02 |   6.47%| unknown
  3.0s|     1 |     0 |  2493 |     - |    13M |   0 |  79 | 202 | 166 |  55 | 34 |  91 |   1 | 1.223424e-02 | 1.302025e-02 |   6.42%| unknown
 time | node  | left  |LP iter|LP it/n|mem/heur|mdpt |vars |cons |rows |cuts |sepa|confs|strbr|  dualbound   | primalbound  |  gap   | compl. 
  3.0s|     1 |     0 |  2563 |     - |    13M |   0 |  79 | 206 | 166 |  55 | 36 |  97 |   1 | 1.302025e-02 | 1.302025e-02 |   0.00%| unknown

SCIP Status        : problem is solved [optimal solution found]
Solving Time (sec) : 3.00
Solving Nodes      : 1 (total of 3 nodes in 3 runs)
Primal Bound       : +1.30202467601864e-02 (68 solutions)
Dual Bound         : +1.30202467601864e-02
Gap                : 0.00 %

primal solution (original space):
=================================

objective value:                   0.0130202467601864
y(1,1)                                              1 	(obj:0.00627554681077808)
y(1,8)                                              1 	(obj:-0.00276968851591319)
y(1,11)                                             1 	(obj:0.000284846657106409)
y(1,14)                                             1 	(obj:-0.00273303223322568)
y(1,15)                                             1 	(obj:0.00247680382287169)
y(1,16)                                             1 	(obj:0.00315048906153804)
y(8,1)                                              1 	(obj:-0.00276968851591319)
y(8,8)                                              1 	(obj:0.0058873902153428)
y(8,11)                                             1 	(obj:3.08745171196187e-05)
y(8,14)                                             1 	(obj:0.00440726817598145)
y(8,15)                                             1 	(obj:-0.00189066072251919)
y(8,16)                                             1 	(obj:-0.000691099783658977)
y(11,1)                                             1 	(obj:0.000284846657106409)
y(11,8)                                             1 	(obj:3.08745171196187e-05)
y(11,11)                                            1 	(obj:0.00213262451528745)
y(11,14)                                            1 	(obj:-5.16689318077903e-05)
y(11,15)                                            1 	(obj:0.000315555238165434)
y(11,16)                                            1 	(obj:0.00143677012839243)
y(14,1)                                             1 	(obj:-0.00273303223322568)
y(14,8)                                             1 	(obj:0.00440726817598145)
y(14,11)                                            1 	(obj:-5.16689318077903e-05)
y(14,14)                                            1 	(obj:0.00689946203158607)
y(14,15)                                            1 	(obj:-0.00131704950997161)
y(14,16)                                            1 	(obj:-0.0026884037106914)
y(15,1)                                             1 	(obj:0.00247680382287169)
y(15,8)                                             1 	(obj:-0.00189066072251919)
y(15,11)                                            1 	(obj:0.000315555238165434)
y(15,14)                                            1 	(obj:-0.00131704950997161)
y(15,15)                                            1 	(obj:0.00243564789408853)
y(15,16)                                            1 	(obj:0.00204381549013429)
y(16,1)                                             1 	(obj:0.00315048906153804)
y(16,8)                                             1 	(obj:-0.000691099783658977)
y(16,11)                                            1 	(obj:0.00143677012839243)
y(16,14)                                            1 	(obj:-0.0026884037106914)
y(16,15)                                            1 	(obj:0.00204381549013429)
y(16,16)                                            1 	(obj:0.00623078886756398)
x(1)                                                1 	(obj:-0.00667286319447288)
x(8)                                                1 	(obj:0.00117967554409262)
x(11)                                               1 	(obj:-0.00233757086924918)
x(14)                                               1 	(obj:0.000863377525571901)
x(15)                                               1 	(obj:-0.00517621098612854)
x(16)                                               1 	(obj:-0.00870726096131751)

Statistics
==========

SCIP Status        : problem is solved [optimal solution found]
Total Time         :       3.00
  solving          :       3.00
  presolving       :       0.00 (included in solving)
  reading          :       0.00
  copying          :       0.00 (2 #copies) (minimal 0.00, maximal 0.00, average 0.00)
Original Problem   :
  Problem name     : C:\Users\Claubit\Documents\GitHub\embedding\src\lp\scenarioA2_N16_B0.4_classical\IPL_linearized_N16q20.00B6.lp
  Variables        : 272 (0 binary, 272 integer, 0 implicit integer, 0 continuous)
  Constraints      : 769 initial, 769 maximal
  Objective        : minimize, 272 non-zeros (abs.min = 3.08745e-05, abs.max = 0.0361249)
Presolved Problem  :
  Problem name     : t_C:\Users\Claubit\Documents\GitHub\embedding\src\lp\scenarioA2_N16_B0.4_classical\IPL_linearized_N16q20.00B6.lp
  Variables        : 79 (79 binary, 0 integer, 0 implicit integer, 0 continuous)
  Constraints      : 200 initial, 213 maximal
  Objective        : minimize, 79 non-zeros (abs.min = 3.60673e-05, abs.max = 0.0101747)
  Nonzeros         : 2368 constraint, 196 clique table
Presolvers         :   ExecTime  SetupTime  Calls  FixedVars   AggrVars   ChgTypes  ChgBounds   AddHoles    DelCons    AddCons   ChgSides   ChgCoefs
  boundshift       :       0.00       0.00      0          0          0          0          0          0          0          0          0          0
  convertinttobin  :       0.00       0.00      0          0          0          0          0          0          0          0          0          0
  domcol           :       0.00       0.00      3          0          0          0          0          0          0          0          0          0
  dualagg          :       0.00       0.00      0          0          0          0          0          0          0          0          0          0
  dualcomp         :       0.00       0.00      0          0          0          0          0          0          0          0          0          0
  dualinfer        :       0.00       0.00      0          0          0          0          0          0          0          0          0          0
  dualsparsify     :       0.00       0.00      1          0          0          0          0          0          0          0          0          0
  gateextraction   :       0.00       0.00     12          0          0          0          0          0        720        240          0          0
  implics          :       0.00       0.00     16          0          0          0          0          0          0          0          0          0
  inttobinary      :       0.00       0.00      0          0          0          0          0          0          0          0          0          0
  milp             :       0.00       0.00      1          0          0          0          0          0          0          0          0          0
  qpkktref         :       0.00       0.00      0          0          0          0          0          0          0          0          0          0
  redvub           :       0.00       0.00      0          0          0          0          0          0          0          0          0          0
  sparsify         :       0.00       0.00      1          0          0          0          0          0          0          0          0          0
  stuffing         :       0.00       0.00      0          0          0          0          0          0          0          0          0          0
  trivial          :       0.00       0.00     20         57          0          0          0          0          0          0          0          0
  tworowbnd        :       0.00       0.00      0          0          0          0          0          0          0          0          0          0
  dualfix          :       0.00       0.00     20          0          0          0          0          0          0          0          0          0
  genvbounds       :       0.00       0.00      0          0          0          0          0          0          0          0          0          0
  probing          :       0.00       0.00      1          0          0          0          0          0          0          0          0          0
  pseudoobj        :       0.00       0.00      2          0          0          0          0          0          0          0          0          0
  symmetry         :       0.00       0.00      1          0          0          0          0          0          0          0          0          0
  vbounds          :       0.00       0.00      3          0          0          0          0          0          0          0          0          0
  knapsack         :       0.00       0.00     33          0          0          0          0          0          5          5          2         19
  setppc           :       0.00       0.00     36          0          0          0          0          0          7          0          0          0
  and              :       0.00       0.00     26          0        120          0          0          0        121          1          0          0
  linear           :       0.00       0.00     29          0         16          0          0          0         53          0         16         16
  logicor          :       0.00       0.00     33          0          0          0          0          0         20          0          0         38
  benders          :       0.00       0.00      0          0          0          0          0          0          0          0          0          0
  components       :       0.00       0.00      3          0          0          0          0          0          0          0          0          0
  root node        :          -          -      -         80          -          -         80          -          -          -          -          -
Constraints        :     Number  MaxNumber  #Separate #Propagate    #EnfoLP    #EnfoRelax  #EnfoPS    #Check   #ResProp    Cutoffs    DomReds       Cuts    Applied      Conss   Children
  benderslp        :          0          0          0          0          1          0          0        151          0          0          0          0          0          0          0
  integral         :          0          0          0          0          1          0          0        151          0          0         10          0          0          0          0
  knapsack         :         61         61         63        642          0          0          0          0         70         17          0        528          2          0          0
  setppc           :         30         30         71        670          0          0          0        100         53          3          0          3          0          0          0
  and              :         65         65         96       1294          0          0          0        134        227         25          0         83         21          0          0
  linear           :          6+         8         96       1236          0          0          0         97         40          3          0          0          0          0          0
  logicor          :         38+        66         91        519          0          0          0          0          3          0          0         12          0          0          0
  benders          :          0          0          0          0          0          0          0         94          0          0          0          0          0          0          0
  countsols        :          0          0          0          0          0          0          0         94          0          0          0          0          0          0          0
  components       :          0          0          0          0          0          0          0          0          0          0          0          0          0          0          0
Constraint Timings :  TotalTime  SetupTime   Separate  Propagate     EnfoLP     EnfoPS     EnfoRelax   Check    ResProp    SB-Prop
  benderslp        :       0.00       0.00       0.00       0.00       0.00       0.00       0.00       0.00       0.00       0.00
  integral         :       0.00       0.00       0.00       0.00       0.00       0.00       0.00       0.00       0.00       0.00
  knapsack         :       0.00       0.00       0.00       0.00       0.00       0.00       0.00       0.00       0.00       0.00
  setppc           :       0.00       0.00       0.00       0.00       0.00       0.00       0.00       0.00       0.00       0.00
  and              :       0.00       0.00       0.00       0.00       0.00       0.00       0.00       0.00       0.00       0.00
  linear           :       0.00       0.00       0.00       0.00       0.00       0.00       0.00       0.00       0.00       0.00
  logicor          :       0.00       0.00       0.00       0.00       0.00       0.00       0.00       0.00       0.00       0.00
  benders          :       0.00       0.00       0.00       0.00       0.00       0.00       0.00       0.00       0.00       0.00
  countsols        :       0.00       0.00       0.00       0.00       0.00       0.00       0.00       0.00       0.00       0.00
  components       :       0.00       0.00       0.00       0.00       0.00       0.00       0.00       0.00       0.00       0.00
Propagators        : #Propagate   #ResProp    Cutoffs    DomReds
  dualfix          :         16          0          0          0
  genvbounds       :          0          0          0          0
  nlobbt           :          0          0          0          0
  obbt             :          0          0          0          0
  probing          :          0          0          0          0
  pseudoobj        :        162          0          0          0
  redcost          :        128          0          0         53
  rootredcost      :          0          0          0          0
  symmetry         :          0          0          0          0
  vbounds          :       1224          0          0          0
Propagator Timings :  TotalTime  SetupTime   Presolve  Propagate    ResProp    SB-Prop
  dualfix          :       0.00       0.00       0.00       0.00       0.00       0.00
  genvbounds       :       0.00       0.00       0.00       0.00       0.00       0.00
  nlobbt           :       0.00       0.00       0.00       0.00       0.00       0.00
  obbt             :       0.00       0.00       0.00       0.00       0.00       0.00
  probing          :       0.00       0.00       0.00       0.00       0.00       0.00
  pseudoobj        :       0.00       0.00       0.00       0.00       0.00       0.00
  redcost          :       0.00       0.00       0.00       0.00       0.00       0.00
  rootredcost      :       0.00       0.00       0.00       0.00       0.00       0.00
  symmetry         :       0.00       0.00       0.00       0.00       0.00       0.00
  vbounds          :       0.00       0.00       0.00       0.00       0.00       0.00
Conflict Analysis  :       Time      Calls    Success    DomReds  Conflicts   Literals    Reconvs ReconvLits   Dualrays   Nonzeros   LP Iters   (pool size: [10000,10000])
  propagation      :       0.00         46         46          -        105        8.6          0        0.0          -          -          -
  infeasible LP    :       0.00          0          0          -          0        0.0          0        0.0          0        0.0          0
  bound exceed. LP :       0.00         15          8          -         19        6.7          0        0.0          2       11.0         80
  strong branching :       0.00          0          0          -          0        0.0          0        0.0          -          -          0
  pseudo solution  :       0.00          0          0          -          0        0.0          0        0.0          -          -          -
  applied globally :       0.00          -          -          0         95        6.7          -          -          2          -          -
  applied locally  :          -          -          -          0          0        0.0          -          -          0          -          -
Separators         :   ExecTime  SetupTime      Calls    Cutoffs    DomReds       Cuts    Applied      Conss
  cut pool         :       0.00                    58          -          -       3657          -          -    (maximal pool size: 1901)
  aggregation      :       0.00       0.00         96          0          0          0          0          0
  cgmip            :       0.00       0.00          0          0          0          0          0          0
  clique           :       0.00       0.00         96          0          0          0          0          0
  closecuts        :       0.00       0.00          0          0          0          0          0          0
  cmir             :       0.00       0.00          0          0          0          0          0          0
  convexproj       :       0.00       0.00          0          0          0          0          0          0
  disjunctive      :       0.00       0.00          0          0          0          0          0          0
  eccuts           :       0.00       0.00          0          0          0          0          0          0
  flowcover        :       0.00       0.00          0          0          0          0          0          0
  gauge            :       0.00       0.00          0          0          0          0          0          0
  gomory           :       0.00       0.00         30          0          0       2833         53          0
  impliedbounds    :       0.00       0.00         96          0         12         67         41          0
  intobj           :       0.00       0.00          0          0          0          0          0          0
  mcf              :       0.00       0.00          3          0          0          0          0          0
  oddcycle         :       0.00       0.00          0          0          0          0          0          0
  rapidlearning    :       0.00       0.00          0          0          0          0          0          0
  strongcg         :       0.00       0.00         60          0          0       2877         28          0
  zerohalf         :       0.00       0.00         60          0          0         77         59          0
Pricers            :   ExecTime  SetupTime      Calls       Vars
  problem variables:       0.00          -          0          0
Branching Rules    :   ExecTime  SetupTime   BranchLP  BranchExt   BranchPS    Cutoffs    DomReds       Cuts      Conss   Children
  allfullstrong    :       0.00       0.00          0          0          0          0          0          0          0          0
  cloud            :       0.00       0.00          0          0          0          0          0          0          0          0
  distribution     :       0.00       0.00          0          0          0          0          0          0          0          0
  fullstrong       :       0.00       0.00          0          0          0          0          0          0          0          0
  inference        :       0.00       0.00          0          0          0          0          0          0          0          0
  leastinf         :       0.00       0.00          0          0          0          0          0          0          0          0
  lookahead        :       0.00       0.00          0          0          0          0          0          0          0          0
  mostinf          :       0.00       0.00          0          0          0          0          0          0          0          0
  multaggr         :       0.00       0.00          0          0          0          0          0          0          0          0
  nodereopt        :       0.00       0.00          0          0          0          0          0          0          0          0
  pscost           :       0.00       0.00          0          0          0          0          0          0          0          0
  random           :       0.00       0.00          0          0          0          0          0          0          0          0
  relpscost        :       0.00       0.00          1          0          0          0         10          0          0          0
  vanillafullstrong:       0.00       0.00          0          0          0          0          0          0          0          0
Primal Heuristics  :   ExecTime  SetupTime      Calls      Found       Best
  LP solutions     :       0.00          -          -          0          0
  relax solutions  :       0.00          -          -          0          0
  pseudo solutions :       0.00          -          -          0          0
  strong branching :       0.00          -          -          0          0
  actconsdiving    :       0.00       0.00          0          0          0
  adaptivediving   :       0.00       0.00          0          0          0
  alns             :       0.00       0.00          1          0          0
  bound            :       0.00       0.00          0          0          0
  clique           :       0.00       0.00          1          1          1
  coefdiving       :       0.00       0.00          0          0          0
  completesol      :       0.00       0.00          0          0          0
  conflictdiving   :       0.00       0.00          3          1          1
  crossover        :       0.00       0.00          0          0          0
  dins             :       0.00       0.00          0          0          0
  distributiondivin:       0.00       0.00          0          0          0
  dualval          :       0.00       0.00          0          0          0
  farkasdiving     :       0.00       0.00          3          0          0
  feaspump         :       0.00       0.00          0          0          0
  fixandinfer      :       0.00       0.00          0          0          0
  fracdiving       :       0.00       0.00          0          0          0
  gins             :       0.00       0.00          0          0          0
  guideddiving     :       0.00       0.00          0          0          0
  indicator        :       0.00       0.00          0          0          0
  intdiving        :       0.00       0.00          0          0          0
  intshifting      :       0.00       0.00          0          0          0
  linesearchdiving :       0.00       0.00          0          0          0
  localbranching   :       0.00       0.00          0          0          0
  locks            :       0.00       0.00          1          0          0
  lpface           :       0.00       0.00          0          0          0
  mpec             :       0.00       0.00          0          0          0
  multistart       :       0.00       0.00          0          0          0
  mutation         :       0.00       0.00          0          0          0
  nlpdiving        :       0.00       0.00          0          0          0
  objpscostdiving  :       0.00       0.00          0          0          0
  octane           :       0.00       0.00          0          0          0
  ofins            :       0.00       0.00          0          0          0
  oneopt           :       0.00       0.00          3          0          0
  padm             :       0.00       0.00          0          0          0
  proximity        :       0.00       0.00          0          0          0
  pscostdiving     :       0.00       0.00          0          0          0
  randrounding     :       0.00       0.00         96          4          0
  rens             :       0.00       0.00          1          1          1
  reoptsols        :       0.00       0.00          0          0          0
  repair           :       0.00       0.00          0          0          0
  rins             :       0.00       0.00          0          0          0
  rootsoldiving    :       0.00       0.00          0          0          0
  rounding         :       0.00       0.00         95          0          0
  shiftandpropagate:       0.00       0.00          0          0          0
  shifting         :       0.00       0.00         95         60          1
  simplerounding   :       0.00       0.00          0          0          0
  subnlp           :       0.00       0.00          0          0          0
  trivial          :       0.00       0.00          2          0          0
  trivialnegation  :       0.00       0.00          0          0          0
  trustregion      :       0.00       0.00          0          0          0
  trysol           :       0.00       0.00          0          0          0
  twoopt           :       0.00       0.00          0          0          0
  undercover       :       0.00       0.00          1          0          0
  vbounds          :       0.00       0.00          3          1          1
  veclendiving     :       0.00       0.00          0          0          0
  zeroobj          :       0.00       0.00          0          0          0
  zirounding       :       0.00       0.00          3          0          0
  other solutions  :          -          -          -          0          -
Diving (single)    :      Calls      Nodes   LP Iters Backtracks  Conflicts   MinDepth   MaxDepth   AvgDepth  RoundSols  NLeafSols  MinSolDpt  MaxSolDpt  AvgSolDpt
  actconsdiving    :          0          -          -          -          -          -          -          -          -          -          -          -          -
  coefdiving       :          0          -          -          -          -          -          -          -          -          -          -          -          -
  conflictdiving   :          3         12        227          2         12          2          7        4.3          0          1          7          7        7.0
  distributiondivin:          0          -          -          -          -          -          -          -          -          -          -          -          -
  farkasdiving     :          3         13        324          5          9          2          6        3.7          0          -          -          -          -
  fracdiving       :          0          -          -          -          -          -          -          -          -          -          -          -          -
  guideddiving     :          0          -          -          -          -          -          -          -          -          -          -          -          -
  linesearchdiving :          0          -          -          -          -          -          -          -          -          -          -          -          -
  pscostdiving     :          0          -          -          -          -          -          -          -          -          -          -          -          -
  veclendiving     :          0          -          -          -          -          -          -          -          -          -          -          -          -
Diving (adaptive)  :      Calls      Nodes   LP Iters Backtracks  Conflicts   MinDepth   MaxDepth   AvgDepth  RoundSols  NLeafSols  MinSolDpt  MaxSolDpt  AvgSolDpt
  actconsdiving    :          0          -          -          -          -          -          -          -          -          -          -          -          -
  coefdiving       :          0          -          -          -          -          -          -          -          -          -          -          -          -
  conflictdiving   :          0          -          -          -          -          -          -          -          -          -          -          -          -
  distributiondivin:          0          -          -          -          -          -          -          -          -          -          -          -          -
  farkasdiving     :          0          -          -          -          -          -          -          -          -          -          -          -          -
  fracdiving       :          0          -          -          -          -          -          -          -          -          -          -          -          -
  guideddiving     :          0          -          -          -          -          -          -          -          -          -          -          -          -
  linesearchdiving :          0          -          -          -          -          -          -          -          -          -          -          -          -
  pscostdiving     :          0          -          -          -          -          -          -          -          -          -          -          -          -
  veclendiving     :          0          -          -          -          -          -          -          -          -          -          -          -          -
Neighborhoods      :      Calls  SetupTime  SolveTime SolveNodes       Sols       Best       Exp3  EpsGreedy        UCB TgtFixRate  Opt  Inf Node Stal  Sol  Usr Othr Actv
  rens             :          1       0.00       0.00          0          0          0    0.00000   -1.00000    1.00000      0.900    0    0    0    0    0    0    1    1
  rins             :          0       0.00       0.00          0          0          0    0.00000   -1.00000    1.00000      0.900    0    0    0    0    0    0    0    1
  mutation         :          0       0.00       0.00          0          0          0    0.00000   -1.00000    1.00000      0.900    0    0    0    0    0    0    0    1
  localbranching   :          0       0.00       0.00          0          0          0    0.00000   -1.00000    1.00000      0.900    0    0    0    0    0    0    0    1
  crossover        :          0       0.00       0.00          0          0          0    0.00000   -1.00000    1.00000      0.900    0    0    0    0    0    0    0    1
  proximity        :          0       0.00       0.00          0          0          0    0.00000   -1.00000    1.00000      0.900    0    0    0    0    0    0    0    1
  zeroobjective    :          0       0.00       0.00          0          0          0    0.00000   -1.00000    1.00000      0.900    0    0    0    0    0    0    0    1
  dins             :          0       0.00       0.00          0          0          0    0.00000   -1.00000    1.00000      0.900    0    0    0    0    0    0    0    1
  trustregion      :          0       0.00       0.00          0          0          0    0.00000   -1.00000    1.00000      0.900    0    0    0    0    0    0    0    0
LP                 :       Time      Calls Iterations  Iter/call   Iter/sec  Time-0-It Calls-0-It    ItLimit
  primal LP        :       0.00         11          0       0.00          -       0.00         11
  dual LP          :       1.00        122       1935      20.59    1935.00       0.00         28
  lex dual LP      :       0.00          0          0       0.00          -
  barrier LP       :       0.00          0          0       0.00          -       0.00          0
  resolve instable :       0.00          0          0       0.00          -
  diving/probing LP:       0.00         23        628      27.30          -
  strong branching :       0.00          1        121     121.00          -          -          -          0
    (at root node) :          -          1        121     121.00          -
  conflict analysis:       0.00          8         80      10.00          -
B&B Tree           :
  number of runs   :          3
  nodes            :          1 (0 internal, 1 leaves)
  feasible leaves  :          0
  infeas. leaves   :          0
  objective leaves :          0
  nodes (total)    :          3 (0 internal, 3 leaves)
  nodes left       :          0
  max depth        :          0
  max depth (total):          0
  backtracks       :          0 (0.0%)
  early backtracks :          0 (0.0%)
  nodes exc. ref.  :          0 (0.0%)
  delayed cutoffs  :          0
  repropagations   :          0 (0 domain reductions, 0 cutoffs)
  avg switch length:       2.00
  switching time   :       0.00
Estim. Tree Size   :          1
Estimation Tree    : 1 nodes (1 visited, 0 internal, 1 leaves, 0 open), weight: 1.0000 completed 1.0000
Estimations        :      estim      value      trend resolution     smooth
  wbe              :          1          -          -          -          -
  tree-profile     :         -1          -          -          -          -
  gap              :          1    1.00000    1.00000          1          1
  tree-weight      :          1    1.00000    1.00000          1          1
  leaf-frequency   :          1    0.50000    1.00000          1          1
  ssg              :          1    0.00000   -1.00000          1          1
  open-nodes       :          1    0.00000    0.00000          1          1
Root Node          :
  First LP value   : -1.86552744190716e-02
  First LP Iters   :         54
  First LP Time    :       0.00
  Final Dual Bound : +1.30202467601864e-02
  Final Root Iters :       1936
  Root LP Estimate :                     -
Solution           :
  Solutions found  :         68 (5 improvements)
  First Solution   : +4.40028849021151e-02   (in run 1, after 1 nodes, 0.00 seconds, depth 15, found by <clique>)
  Gap First Sol.   :   infinite
  Gap Last Sol.    :      61.50 %
  Primal Bound     : +1.30202467601864e-02   (in run 1, after 1 nodes, 0.00 seconds, depth 0, found by <rens>)
  Dual Bound       : +1.30202467601864e-02
  Gap              :       0.00 %
Integrals          :      Total       Avg%
  primal-dual      :      90.24      30.08
  primal-ref       :          -          - (not evaluated)
  dual-ref         :          -          - (not evaluated)
