SCIP version 7.0.2 [precision: 8 byte] [memory: block] [mode: optimized] [LP solver: SoPlex 5.0.2] [GitHash: e9d280a398]
Copyright (C) 2002-2020 Konrad-Zuse-Zentrum fuer Informationstechnik Berlin (ZIB)

External codes: 
  SoPlex 5.0.2         Linear Programming Solver developed at Zuse Institute Berlin (soplex.zib.de) [GitHash: e24c304e]
  CppAD 20180000.0     Algorithmic Differentiation of C++ algorithms developed by B. Bell (www.coin-or.org/CppAD)
  MPIR 3.0.0           Multiple Precision Integers and Rationals Library developed by W. Hart (mpir.org)
  ZIMPL 3.4.0          Zuse Institute Mathematical Programming Language developed by T. Koch (zimpl.zib.de)
  PaPILO 1.0.2         parallel presolve for integer and linear optimization (https://github.com/lgottwald/PaPILO) [GitHash: 62d2842]
  bliss 0.73p          Computing Graph Automorphism Groups by T. Junttila and P. Kaski (http://www.tcs.hut.fi/Software/bliss/)
  Ipopt 3.12.9         Interior Point Optimizer developed by A. Waechter et.al. (www.coin-or.org/Ipopt)

user parameter file <scip.set> not found - using default parameters

read problem <C:\Users\Claubit\Documents\GitHub\embedding\src\lp\scenarioA2_N16_B0.7_classical\IPL_linearized_N16q90.00B11.lp>
============

original problem has 272 variables (0 bin, 272 int, 0 impl, 0 cont) and 769 constraints

solve problem
=============

presolving:
(round 1, fast)       16 del vars, 16 del conss, 0 add conss, 0 chg bounds, 16 chg sides, 16 chg coeffs, 0 upgd conss, 0 impls, 480 clqs
(round 2, fast)       16 del vars, 48 del conss, 0 add conss, 0 chg bounds, 16 chg sides, 16 chg coeffs, 0 upgd conss, 0 impls, 480 clqs
   (0.0s) running MILP presolver
   (0.0s) MILP presolver found nothing
(round 3, exhaustive) 16 del vars, 48 del conss, 0 add conss, 0 chg bounds, 16 chg sides, 16 chg coeffs, 720 upgd conss, 0 impls, 480 clqs
(round 4, exhaustive) 16 del vars, 768 del conss, 240 add conss, 0 chg bounds, 16 chg sides, 16 chg coeffs, 720 upgd conss, 0 impls, 480 clqs
(round 5, exhaustive) 136 del vars, 888 del conss, 240 add conss, 0 chg bounds, 16 chg sides, 16 chg coeffs, 720 upgd conss, 0 impls, 240 clqs
   (0.0s) probing: 51/136 (37.5%) - 0 fixings, 0 aggregations, 0 implications, 0 bound changes
   (0.0s) probing aborted: 50/50 successive totally useless probings
   (0.0s) symmetry computation started: requiring (bin +, int -, cont +), (fixed: bin -, int +, cont -)
   (0.0s) no symmetry present
presolving (6 rounds: 6 fast, 4 medium, 4 exhaustive):
 136 deleted vars, 888 deleted constraints, 240 added constraints, 0 tightened bounds, 0 added holes, 16 changed sides, 16 changed coefficients
 0 implications, 240 cliques
presolved problem has 136 variables (136 bin, 0 int, 0 impl, 0 cont) and 121 constraints
    120 constraints of type <and>
      1 constraints of type <linear>
Presolving Time: 0.00

 time | node  | left  |LP iter|LP it/n|mem/heur|mdpt |vars |cons |rows |cuts |sepa|confs|strbr|  dualbound   | primalbound  |  gap   | compl. 
p 0.0s|     1 |     0 |     0 |     - |  clique|   0 | 136 | 121 | 241 |   0 |  0 |   0 |   0 |-3.297852e-01 | 8.375574e-01 |    Inf | unknown
  0.0s|     1 |     0 |   182 |     - |  3760k |   0 | 136 | 121 | 241 |   0 |  0 |   0 |   0 | 5.192942e-01 | 8.375574e-01 |  61.29%| unknown
L 0.0s|     1 |     0 |   182 |     - |undercov|   0 | 136 | 122 | 241 |   0 |  0 |   1 |   0 | 5.192942e-01 | 7.784154e-01 |  49.90%| unknown
  0.0s|     1 |     0 |   206 |     - |  4116k |   0 | 136 | 122 | 259 |  18 |  1 |   1 |   0 | 5.742264e-01 | 7.784154e-01 |  35.56%| unknown
  0.0s|     1 |     0 |   212 |     - |  4154k |   0 | 136 | 122 | 262 |  21 |  2 |   1 |   0 | 5.860228e-01 | 7.784154e-01 |  32.83%| unknown
  0.0s|     1 |     0 |   222 |     - |  4247k |   0 | 136 | 123 | 266 |  25 |  3 |   2 |   0 | 5.938678e-01 | 7.784154e-01 |  31.08%| unknown
  0.0s|     1 |     0 |   224 |     - |  4286k |   0 | 136 | 123 | 268 |  27 |  4 |   2 |   0 | 5.947054e-01 | 7.784154e-01 |  30.89%| unknown
  0.0s|     1 |     0 |   234 |     - |  4336k |   0 | 136 | 124 | 270 |  29 |  5 |   3 |   0 | 5.992943e-01 | 7.784154e-01 |  29.89%| unknown
  0.0s|     1 |     0 |   242 |     - |  4365k |   0 | 136 | 125 | 273 |  32 |  6 |   4 |   0 | 6.081271e-01 | 7.784154e-01 |  28.00%| unknown
  0.0s|     1 |     0 |   245 |     - |  4395k |   0 | 136 | 126 | 275 |  34 |  7 |   5 |   0 | 6.118828e-01 | 7.784154e-01 |  27.22%| unknown
  0.0s|     1 |     0 |   258 |     - |  4425k |   0 | 136 | 127 | 277 |  36 |  8 |   6 |   0 | 6.169062e-01 | 7.784154e-01 |  26.18%| unknown
d 0.0s|     1 |     0 |   258 |     - |farkasdi|   0 | 136 | 127 | 277 |   0 | 10 |   6 |   0 | 6.169062e-01 | 6.169062e-01 |   0.00%| unknown
  0.0s|     1 |     0 |   258 |     - |  4428k |   0 | 136 | 127 | 277 |  36 | 10 |   6 |   0 | 6.169062e-01 | 6.169062e-01 |   0.00%| unknown

SCIP Status        : problem is solved [optimal solution found]
Solving Time (sec) : 0.00
Solving Nodes      : 1
Primal Bound       : +6.16906249193436e-01 (10 solutions)
Dual Bound         : +6.16906249193436e-01
Gap                : 0.00 %

primal solution (original space):
=================================

objective value:                    0.616906249193436
y(1,1)                                              1 	(obj:0.0282399606485014)
y(1,2)                                              1 	(obj:-0.00200592033998953)
y(1,6)                                              1 	(obj:0.0192864779139576)
y(1,7)                                              1 	(obj:0.0138927604339002)
y(1,8)                                              1 	(obj:-0.0124635983216093)
y(1,10)                                             1 	(obj:0.00807711849886127)
y(1,11)                                             1 	(obj:0.00128180995697884)
y(1,12)                                             1 	(obj:-0.0127972145781238)
y(1,14)                                             1 	(obj:-0.0122986450495156)
y(1,15)                                             1 	(obj:0.0111456172029226)
y(1,16)                                             1 	(obj:0.0141772007769212)
y(2,1)                                              1 	(obj:-0.00200592033998953)
y(2,2)                                              1 	(obj:0.0188191596236729)
y(2,6)                                              1 	(obj:0.000311624315955961)
y(2,7)                                              1 	(obj:-0.00181074628907286)
y(2,8)                                              1 	(obj:0.0110156985398688)
y(2,10)                                             1 	(obj:0.0116701098447367)
y(2,11)                                             1 	(obj:0.00255945622128474)
y(2,12)                                             1 	(obj:0.0173049654621045)
y(2,14)                                             1 	(obj:0.00967947701221042)
y(2,15)                                             1 	(obj:-0.000587896308139044)
y(2,16)                                             1 	(obj:0.00850002812597054)
y(6,1)                                              1 	(obj:0.0192864779139576)
y(6,2)                                              1 	(obj:0.000311624315955961)
y(6,6)                                              1 	(obj:0.0187933663406232)
y(6,7)                                              1 	(obj:0.0142555614166614)
y(6,8)                                              1 	(obj:-0.00699664414420413)
y(6,10)                                             1 	(obj:0.00562959444019532)
y(6,11)                                             1 	(obj:0.0026055220871486)
y(6,12)                                             1 	(obj:-0.00475845421068473)
y(6,14)                                             1 	(obj:-0.00477310587290783)
y(6,15)                                             1 	(obj:0.0107669362944264)
y(6,16)                                             1 	(obj:0.0125611430643549)
y(7,1)                                              1 	(obj:0.0138927604339002)
y(7,2)                                              1 	(obj:-0.00181074628907286)
y(7,6)                                              1 	(obj:0.0142555614166614)
y(7,7)                                              1 	(obj:0.0158666186138905)
y(7,8)                                              1 	(obj:-0.00972070815730193)
y(7,10)                                             1 	(obj:0.00372621622649889)
y(7,11)                                             1 	(obj:0.00278983114568958)
y(7,12)                                             1 	(obj:-0.00677137300985917)
y(7,14)                                             1 	(obj:-0.00744727241975171)
y(7,15)                                             1 	(obj:0.0105350471975077)
y(7,16)                                             1 	(obj:0.00996376866461601)
y(8,1)                                              1 	(obj:-0.0124635983216093)
y(8,2)                                              1 	(obj:0.0110156985398688)
y(8,6)                                              1 	(obj:-0.00699664414420413)
y(8,7)                                              1 	(obj:-0.00972070815730193)
y(8,8)                                              1 	(obj:0.0264932559690426)
y(8,10)                                             1 	(obj:0.00408936442079125)
y(8,11)                                             1 	(obj:0.000138935327038284)
y(8,12)                                             1 	(obj:0.0248882090256459)
y(8,14)                                             1 	(obj:0.0198327067919165)
y(8,15)                                             1 	(obj:-0.00850797325133634)
y(8,16)                                             1 	(obj:-0.0031099490264654)
y(10,1)                                             1 	(obj:0.00807711849886127)
y(10,2)                                             1 	(obj:0.0116701098447367)
y(10,6)                                             1 	(obj:0.00562959444019532)
y(10,7)                                             1 	(obj:0.00372621622649889)
y(10,8)                                             1 	(obj:0.00408936442079125)
y(10,10)                                            1 	(obj:0.0214276304862213)
y(10,11)                                            1 	(obj:0.00125984637978533)
y(10,12)                                            1 	(obj:0.00914817242968214)
y(10,14)                                            1 	(obj:0.00329923406393381)
y(10,15)                                            1 	(obj:0.00249707707231812)
y(10,16)                                            1 	(obj:0.0131096148626789)
y(11,1)                                             1 	(obj:0.00128180995697884)
y(11,2)                                             1 	(obj:0.00255945622128474)
y(11,6)                                             1 	(obj:0.0026055220871486)
y(11,7)                                             1 	(obj:0.00278983114568958)
y(11,8)                                             1 	(obj:0.000138935327038284)
y(11,10)                                            1 	(obj:0.00125984637978533)
y(11,11)                                            1 	(obj:0.00959681031879351)
y(11,12)                                            1 	(obj:0.00247695166764505)
y(11,14)                                            1 	(obj:-0.000232510193135056)
y(11,15)                                            1 	(obj:0.00141999857174445)
y(11,16)                                            1 	(obj:0.00646546557776593)
y(12,1)                                             1 	(obj:-0.0127972145781238)
y(12,2)                                             1 	(obj:0.0173049654621045)
y(12,6)                                             1 	(obj:-0.00475845421068473)
y(12,7)                                             1 	(obj:-0.00677137300985917)
y(12,8)                                             1 	(obj:0.0248882090256459)
y(12,10)                                            1 	(obj:0.00914817242968214)
y(12,11)                                            1 	(obj:0.00247695166764505)
y(12,12)                                            1 	(obj:0.0342646489091538)
y(12,14)                                            1 	(obj:0.0221152587484236)
y(12,15)                                            1 	(obj:-0.00822185405928524)
y(12,16)                                            1 	(obj:0.000142473792027573)
y(14,1)                                             1 	(obj:-0.0122986450495156)
y(14,2)                                             1 	(obj:0.00967947701221042)
y(14,6)                                             1 	(obj:-0.00477310587290783)
y(14,7)                                             1 	(obj:-0.00744727241975171)
y(14,8)                                             1 	(obj:0.0198327067919165)
y(14,10)                                            1 	(obj:0.00329923406393381)
y(14,11)                                            1 	(obj:-0.000232510193135056)
y(14,12)                                            1 	(obj:0.0221152587484236)
y(14,14)                                            1 	(obj:0.0310475791421373)
y(14,15)                                            1 	(obj:-0.00592672279487223)
y(14,16)                                            1 	(obj:-0.0120978166981113)
y(15,1)                                             1 	(obj:0.0111456172029226)
y(15,2)                                             1 	(obj:-0.000587896308139044)
y(15,6)                                             1 	(obj:0.0107669362944264)
y(15,7)                                             1 	(obj:0.0105350471975077)
y(15,8)                                             1 	(obj:-0.00850797325133634)
y(15,10)                                            1 	(obj:0.00249707707231812)
y(15,11)                                            1 	(obj:0.00141999857174445)
y(15,12)                                            1 	(obj:-0.00822185405928524)
y(15,14)                                            1 	(obj:-0.00592672279487223)
y(15,15)                                            1 	(obj:0.0109604155233984)
y(15,16)                                            1 	(obj:0.00919716970560431)
y(16,1)                                             1 	(obj:0.0141772007769212)
y(16,2)                                             1 	(obj:0.00850002812597054)
y(16,6)                                             1 	(obj:0.0125611430643549)
y(16,7)                                             1 	(obj:0.00996376866461601)
y(16,8)                                             1 	(obj:-0.0031099490264654)
y(16,10)                                            1 	(obj:0.0131096148626789)
y(16,11)                                            1 	(obj:0.00646546557776593)
y(16,12)                                            1 	(obj:0.000142473792027573)
y(16,14)                                            1 	(obj:-0.0120978166981113)
y(16,15)                                            1 	(obj:0.00919716970560431)
y(16,16)                                            1 	(obj:0.0280385499040379)
x(1)                                                1 	(obj:-0.00667286319447288)
x(2)                                                1 	(obj:-9.56132732858106e-05)
x(6)                                                1 	(obj:-0.0025649184939233)
x(7)                                                1 	(obj:-0.00348984795828146)
x(8)                                                1 	(obj:0.00117967554409262)
x(10)                                               1 	(obj:-0.0045666940884271)
x(11)                                               1 	(obj:-0.00233757086924918)
x(12)                                               1 	(obj:0.00235010335856775)
x(14)                                               1 	(obj:0.000863377525571901)
x(15)                                               1 	(obj:-0.00517621098612854)
x(16)                                               1 	(obj:-0.00870726096131751)

Statistics
==========

SCIP Status        : problem is solved [optimal solution found]
Total Time         :       0.00
  solving          :       0.00
  presolving       :       0.00 (included in solving)
  reading          :       0.00
  copying          :       0.00 (1 #copies) (minimal 0.00, maximal 0.00, average 0.00)
Original Problem   :
  Problem name     : C:\Users\Claubit\Documents\GitHub\embedding\src\lp\scenarioA2_N16_B0.7_classical\IPL_linearized_N16q90.00B11.lp
  Variables        : 272 (0 binary, 272 integer, 0 implicit integer, 0 continuous)
  Constraints      : 769 initial, 769 maximal
  Objective        : minimize, 272 non-zeros (abs.min = 9.56133e-05, abs.max = 0.162562)
Presolved Problem  :
  Problem name     : t_C:\Users\Claubit\Documents\GitHub\embedding\src\lp\scenarioA2_N16_B0.7_classical\IPL_linearized_N16q90.00B11.lp
  Variables        : 136 (136 binary, 0 integer, 0 implicit integer, 0 continuous)
  Constraints      : 121 initial, 127 maximal
  Objective        : minimize, 136 non-zeros (abs.min = 0.000277871, abs.max = 0.165921)
  Nonzeros         : 376 constraint, 480 clique table
Presolvers         :   ExecTime  SetupTime  Calls  FixedVars   AggrVars   ChgTypes  ChgBounds   AddHoles    DelCons    AddCons   ChgSides   ChgCoefs
  boundshift       :       0.00       0.00      0          0          0          0          0          0          0          0          0          0
  convertinttobin  :       0.00       0.00      0          0          0          0          0          0          0          0          0          0
  domcol           :       0.00       0.00      1          0          0          0          0          0          0          0          0          0
  dualagg          :       0.00       0.00      0          0          0          0          0          0          0          0          0          0
  dualcomp         :       0.00       0.00      0          0          0          0          0          0          0          0          0          0
  dualinfer        :       0.00       0.00      0          0          0          0          0          0          0          0          0          0
  dualsparsify     :       0.00       0.00      1          0          0          0          0          0          0          0          0          0
  gateextraction   :       0.00       0.00      1          0          0          0          0          0        720        240          0          0
  implics          :       0.00       0.00      4          0          0          0          0          0          0          0          0          0
  inttobinary      :       0.00       0.00      0          0          0          0          0          0          0          0          0          0
  milp             :       0.00       0.00      1          0          0          0          0          0          0          0          0          0
  qpkktref         :       0.00       0.00      0          0          0          0          0          0          0          0          0          0
  redvub           :       0.00       0.00      0          0          0          0          0          0          0          0          0          0
  sparsify         :       0.00       0.00      1          0          0          0          0          0          0          0          0          0
  stuffing         :       0.00       0.00      0          0          0          0          0          0          0          0          0          0
  trivial          :       0.00       0.00      6          0          0          0          0          0          0          0          0          0
  tworowbnd        :       0.00       0.00      0          0          0          0          0          0          0          0          0          0
  dualfix          :       0.00       0.00      6          0          0          0          0          0          0          0          0          0
  genvbounds       :       0.00       0.00      0          0          0          0          0          0          0          0          0          0
  probing          :       0.00       0.00      1          0          0          0          0          0          0          0          0          0
  pseudoobj        :       0.00       0.00      0          0          0          0          0          0          0          0          0          0
  symmetry         :       0.00       0.00      1          0          0          0          0          0          0          0          0          0
  vbounds          :       0.00       0.00      1          0          0          0          0          0          0          0          0          0
  and              :       0.00       0.00      4          0        120          0          0          0        120          0          0          0
  linear           :       0.00       0.00      8          0         16          0          0          0         48          0         16         16
  logicor          :       0.00       0.00      2          0          0          0          0          0          0          0          0          0
  benders          :       0.00       0.00      0          0          0          0          0          0          0          0          0          0
  components       :       0.00       0.00      1          0          0          0          0          0          0          0          0          0
  root node        :          -          -      -          0          -          -          0          -          -          -          -          -
Constraints        :     Number  MaxNumber  #Separate #Propagate    #EnfoLP    #EnfoRelax  #EnfoPS    #Check   #ResProp    Cutoffs    DomReds       Cuts    Applied      Conss   Children
  benderslp        :          0          0          0          0          0          0          0         20          0          0          0          0          0          0          0
  integral         :          0          0          0          0          0          0          0         20          0          0          0          0          0          0          0
  and              :        120        120          9        314          0          0          0         15         13          6          0         25          3          0          0
  linear           :          1          1          9        300          0          0          0         12          2          0          0          0          0          0          0
  logicor          :          0+         6          9         11          0          0          0          0          1          0          0          1          0          0          0
  benders          :          0          0          0          0          0          0          0         11          0          0          0          0          0          0          0
  countsols        :          0          0          0          0          0          0          0         11          0          0          0          0          0          0          0
  components       :          0          0          0          0          0          0          0          0          0          0          0          0          0          0          0
Constraint Timings :  TotalTime  SetupTime   Separate  Propagate     EnfoLP     EnfoPS     EnfoRelax   Check    ResProp    SB-Prop
  benderslp        :       0.00       0.00       0.00       0.00       0.00       0.00       0.00       0.00       0.00       0.00
  integral         :       0.00       0.00       0.00       0.00       0.00       0.00       0.00       0.00       0.00       0.00
  and              :       0.00       0.00       0.00       0.00       0.00       0.00       0.00       0.00       0.00       0.00
  linear           :       0.00       0.00       0.00       0.00       0.00       0.00       0.00       0.00       0.00       0.00
  logicor          :       0.00       0.00       0.00       0.00       0.00       0.00       0.00       0.00       0.00       0.00
  benders          :       0.00       0.00       0.00       0.00       0.00       0.00       0.00       0.00       0.00       0.00
  countsols        :       0.00       0.00       0.00       0.00       0.00       0.00       0.00       0.00       0.00       0.00
  components       :       0.00       0.00       0.00       0.00       0.00       0.00       0.00       0.00       0.00       0.00
Propagators        : #Propagate   #ResProp    Cutoffs    DomReds
  dualfix          :          2          0          0          0
  genvbounds       :          0          0          0          0
  nlobbt           :          0          0          0          0
  obbt             :          0          0          0          0
  probing          :          0          0          0          0
  pseudoobj        :         12          0          0          0
  redcost          :         10          0          0          0
  rootredcost      :          0          0          0          0
  symmetry         :          0          0          0          0
  vbounds          :        216          0          0          0
Propagator Timings :  TotalTime  SetupTime   Presolve  Propagate    ResProp    SB-Prop
  dualfix          :       0.00       0.00       0.00       0.00       0.00       0.00
  genvbounds       :       0.00       0.00       0.00       0.00       0.00       0.00
  nlobbt           :       0.00       0.00       0.00       0.00       0.00       0.00
  obbt             :       0.00       0.00       0.00       0.00       0.00       0.00
  probing          :       0.00       0.00       0.00       0.00       0.00       0.00
  pseudoobj        :       0.00       0.00       0.00       0.00       0.00       0.00
  redcost          :       0.00       0.00       0.00       0.00       0.00       0.00
  rootredcost      :       0.00       0.00       0.00       0.00       0.00       0.00
  symmetry         :       0.00       0.00       0.00       0.00       0.00       0.00
  vbounds          :       0.00       0.00       0.00       0.00       0.00       0.00
Conflict Analysis  :       Time      Calls    Success    DomReds  Conflicts   Literals    Reconvs ReconvLits   Dualrays   Nonzeros   LP Iters   (pool size: [10000,10000])
  propagation      :       0.00          6          6          -          6        3.5          0        0.0          -          -          -
  infeasible LP    :       0.00          0          0          -          0        0.0          0        0.0          0        0.0          0
  bound exceed. LP :       0.00          5          0          -          0        0.0          0        0.0          0        0.0         46
  strong branching :       0.00          0          0          -          0        0.0          0        0.0          -          -          0
  pseudo solution  :       0.00          0          0          -          0        0.0          0        0.0          -          -          -
  applied globally :       0.00          -          -          0          6        3.5          -          -          0          -          -
  applied locally  :          -          -          -          0          0        0.0          -          -          0          -          -
Separators         :   ExecTime  SetupTime      Calls    Cutoffs    DomReds       Cuts    Applied      Conss
  cut pool         :       0.00                    16          -          -        125          -          -    (maximal pool size: 77)
  aggregation      :       0.00       0.00          8          0          0          0          0          0
  cgmip            :       0.00       0.00          0          0          0          0          0          0
  clique           :       0.00       0.00          8          0          0          0          0          0
  closecuts        :       0.00       0.00          0          0          0          0          0          0
  cmir             :       0.00       0.00          0          0          0          0          0          0
  convexproj       :       0.00       0.00          0          0          0          0          0          0
  disjunctive      :       0.00       0.00          0          0          0          0          0          0
  eccuts           :       0.00       0.00          0          0          0          0          0          0
  flowcover        :       0.00       0.00          0          0          0          0          0          0
  gauge            :       0.00       0.00          0          0          0          0          0          0
  gomory           :       0.00       0.00          8          0          0         34          5          0
  impliedbounds    :       0.00       0.00          8          0          0         21         14          0
  intobj           :       0.00       0.00          0          0          0          0          0          0
  mcf              :       0.00       0.00          1          0          0          0          0          0
  oddcycle         :       0.00       0.00          0          0          0          0          0          0
  rapidlearning    :       0.00       0.00          0          0          0          0          0          0
  strongcg         :       0.00       0.00          8          0          0          5          0          0
  zerohalf         :       0.00       0.00          8          0          0         17         14          0
Pricers            :   ExecTime  SetupTime      Calls       Vars
  problem variables:       0.00          -          0          0
Branching Rules    :   ExecTime  SetupTime   BranchLP  BranchExt   BranchPS    Cutoffs    DomReds       Cuts      Conss   Children
  allfullstrong    :       0.00       0.00          0          0          0          0          0          0          0          0
  cloud            :       0.00       0.00          0          0          0          0          0          0          0          0
  distribution     :       0.00       0.00          0          0          0          0          0          0          0          0
  fullstrong       :       0.00       0.00          0          0          0          0          0          0          0          0
  inference        :       0.00       0.00          0          0          0          0          0          0          0          0
  leastinf         :       0.00       0.00          0          0          0          0          0          0          0          0
  lookahead        :       0.00       0.00          0          0          0          0          0          0          0          0
  mostinf          :       0.00       0.00          0          0          0          0          0          0          0          0
  multaggr         :       0.00       0.00          0          0          0          0          0          0          0          0
  nodereopt        :       0.00       0.00          0          0          0          0          0          0          0          0
  pscost           :       0.00       0.00          0          0          0          0          0          0          0          0
  random           :       0.00       0.00          0          0          0          0          0          0          0          0
  relpscost        :       0.00       0.00          0          0          0          0          0          0          0          0
  vanillafullstrong:       0.00       0.00          0          0          0          0          0          0          0          0
Primal Heuristics  :   ExecTime  SetupTime      Calls      Found       Best
  LP solutions     :       0.00          -          -          0          0
  relax solutions  :       0.00          -          -          0          0
  pseudo solutions :       0.00          -          -          0          0
  strong branching :       0.00          -          -          0          0
  actconsdiving    :       0.00       0.00          0          0          0
  adaptivediving   :       0.00       0.00          0          0          0
  alns             :       0.00       0.00          0          0          0
  bound            :       0.00       0.00          0          0          0
  clique           :       0.00       0.00          1          1          1
  coefdiving       :       0.00       0.00          0          0          0
  completesol      :       0.00       0.00          0          0          0
  conflictdiving   :       0.00       0.00          0          0          0
  crossover        :       0.00       0.00          0          0          0
  dins             :       0.00       0.00          0          0          0
  distributiondivin:       0.00       0.00          0          0          0
  dualval          :       0.00       0.00          0          0          0
  farkasdiving     :       0.00       0.00          1          1          1
  feaspump         :       0.00       0.00          0          0          0
  fixandinfer      :       0.00       0.00          0          0          0
  fracdiving       :       0.00       0.00          0          0          0
  gins             :       0.00       0.00          0          0          0
  guideddiving     :       0.00       0.00          0          0          0
  indicator        :       0.00       0.00          0          0          0
  intdiving        :       0.00       0.00          0          0          0
  intshifting      :       0.00       0.00          0          0          0
  linesearchdiving :       0.00       0.00          0          0          0
  localbranching   :       0.00       0.00          0          0          0
  locks            :       0.00       0.00          1          0          0
  lpface           :       0.00       0.00          0          0          0
  mpec             :       0.00       0.00          0          0          0
  multistart       :       0.00       0.00          0          0          0
  mutation         :       0.00       0.00          0          0          0
  nlpdiving        :       0.00       0.00          0          0          0
  objpscostdiving  :       0.00       0.00          0          0          0
  octane           :       0.00       0.00          0          0          0
  ofins            :       0.00       0.00          0          0          0
  oneopt           :       0.00       0.00          2          0          0
  padm             :       0.00       0.00          0          0          0
  proximity        :       0.00       0.00          0          0          0
  pscostdiving     :       0.00       0.00          0          0          0
  randrounding     :       0.00       0.00          8          0          0
  rens             :       0.00       0.00          0          0          0
  reoptsols        :       0.00       0.00          0          0          0
  repair           :       0.00       0.00          0          0          0
  rins             :       0.00       0.00          0          0          0
  rootsoldiving    :       0.00       0.00          0          0          0
  rounding         :       0.00       0.00          8          0          0
  shiftandpropagate:       0.00       0.00          0          0          0
  shifting         :       0.00       0.00          8          7          0
  simplerounding   :       0.00       0.00          0          0          0
  subnlp           :       0.00       0.00          0          0          0
  trivial          :       0.00       0.00          2          0          0
  trivialnegation  :       0.00       0.00          0          0          0
  trustregion      :       0.00       0.00          0          0          0
  trysol           :       0.00       0.00          0          0          0
  twoopt           :       0.00       0.00          0          0          0
  undercover       :       0.00       0.00          1          1          1
  vbounds          :       0.00       0.00          1          0          0
  veclendiving     :       0.00       0.00          0          0          0
  zeroobj          :       0.00       0.00          0          0          0
  zirounding       :       0.00       0.00          0          0          0
  other solutions  :          -          -          -          0          -
Diving (single)    :      Calls      Nodes   LP Iters Backtracks  Conflicts   MinDepth   MaxDepth   AvgDepth  RoundSols  NLeafSols  MinSolDpt  MaxSolDpt  AvgSolDpt
  actconsdiving    :          0          -          -          -          -          -          -          -          -          -          -          -          -
  coefdiving       :          0          -          -          -          -          -          -          -          -          -          -          -          -
  conflictdiving   :          0          -          -          -          -          -          -          -          -          -          -          -          -
  distributiondivin:          0          -          -          -          -          -          -          -          -          -          -          -          -
  farkasdiving     :          1          0          0          0          0          1          1        1.0          0          1          1          1        1.0
  fracdiving       :          0          -          -          -          -          -          -          -          -          -          -          -          -
  guideddiving     :          0          -          -          -          -          -          -          -          -          -          -          -          -
  linesearchdiving :          0          -          -          -          -          -          -          -          -          -          -          -          -
  pscostdiving     :          0          -          -          -          -          -          -          -          -          -          -          -          -
  veclendiving     :          0          -          -          -          -          -          -          -          -          -          -          -          -
Diving (adaptive)  :      Calls      Nodes   LP Iters Backtracks  Conflicts   MinDepth   MaxDepth   AvgDepth  RoundSols  NLeafSols  MinSolDpt  MaxSolDpt  AvgSolDpt
  actconsdiving    :          0          -          -          -          -          -          -          -          -          -          -          -          -
  coefdiving       :          0          -          -          -          -          -          -          -          -          -          -          -          -
  conflictdiving   :          0          -          -          -          -          -          -          -          -          -          -          -          -
  distributiondivin:          0          -          -          -          -          -          -          -          -          -          -          -          -
  farkasdiving     :          0          -          -          -          -          -          -          -          -          -          -          -          -
  fracdiving       :          0          -          -          -          -          -          -          -          -          -          -          -          -
  guideddiving     :          0          -          -          -          -          -          -          -          -          -          -          -          -
  linesearchdiving :          0          -          -          -          -          -          -          -          -          -          -          -          -
  pscostdiving     :          0          -          -          -          -          -          -          -          -          -          -          -          -
  veclendiving     :          0          -          -          -          -          -          -          -          -          -          -          -          -
Neighborhoods      :      Calls  SetupTime  SolveTime SolveNodes       Sols       Best       Exp3  EpsGreedy        UCB TgtFixRate  Opt  Inf Node Stal  Sol  Usr Othr Actv
  rens             :          0       0.00       0.00          0          0          0    0.00000   -1.00000    1.00000      0.900    0    0    0    0    0    0    0    1
  rins             :          0       0.00       0.00          0          0          0    0.00000   -1.00000    1.00000      0.900    0    0    0    0    0    0    0    1
  mutation         :          0       0.00       0.00          0          0          0    0.00000   -1.00000    1.00000      0.900    0    0    0    0    0    0    0    1
  localbranching   :          0       0.00       0.00          0          0          0    0.00000   -1.00000    1.00000      0.900    0    0    0    0    0    0    0    1
  crossover        :          0       0.00       0.00          0          0          0    0.00000   -1.00000    1.00000      0.900    0    0    0    0    0    0    0    1
  proximity        :          0       0.00       0.00          0          0          0    0.00000   -1.00000    1.00000      0.900    0    0    0    0    0    0    0    1
  zeroobjective    :          0       0.00       0.00          0          0          0    0.00000   -1.00000    1.00000      0.900    0    0    0    0    0    0    0    1
  dins             :          0       0.00       0.00          0          0          0    0.00000   -1.00000    1.00000      0.900    0    0    0    0    0    0    0    1
  trustregion      :          0       0.00       0.00          0          0          0    0.00000   -1.00000    1.00000      0.900    0    0    0    0    0    0    0    0
LP                 :       Time      Calls Iterations  Iter/call   Iter/sec  Time-0-It Calls-0-It    ItLimit
  primal LP        :       0.00          0          0       0.00          -       0.00          0
  dual LP          :       0.00          9        258      28.67          -       0.00          0
  lex dual LP      :       0.00          0          0       0.00          -
  barrier LP       :       0.00          0          0       0.00          -       0.00          0
  resolve instable :       0.00          0          0       0.00          -
  diving/probing LP:       0.00          0          0       0.00          -
  strong branching :       0.00          0          0       0.00          -          -          -          0
    (at root node) :          -          0          0       0.00          -
  conflict analysis:       0.00          6         46       7.67          -
B&B Tree           :
  number of runs   :          1
  nodes            :          1 (0 internal, 1 leaves)
  feasible leaves  :          0
  infeas. leaves   :          0
  objective leaves :          1
  nodes (total)    :          1 (0 internal, 1 leaves)
  nodes left       :          0
  max depth        :          0
  max depth (total):          0
  backtracks       :          0 (0.0%)
  early backtracks :          0 (0.0%)
  nodes exc. ref.  :          0 (0.0%)
  delayed cutoffs  :          0
  repropagations   :          0 (0 domain reductions, 0 cutoffs)
  avg switch length:       2.00
  switching time   :       0.00
Estim. Tree Size   :          1
Estimation Tree    : 1 nodes (1 visited, 0 internal, 1 leaves, 0 open), weight: 1.0000 completed 1.0000
Estimations        :      estim      value      trend resolution     smooth
  wbe              :          1          -          -          -          -
  tree-profile     :         -1          -          -          -          -
  gap              :          1    1.00000    1.00000          1          1
  tree-weight      :          1    1.00000    1.00000          1          1
  leaf-frequency   :          1    0.50000    1.00000          1          1
  ssg              :          1    0.00000   -1.00000          1          1
  open-nodes       :          1    0.00000    0.00000          1          1
Root Node          :
  First LP value   : +5.19294236361864e-01
  First LP Iters   :        182
  First LP Time    :       0.00
  Final Dual Bound : +6.16906249193436e-01
  Final Root Iters :        258
  Root LP Estimate :                     -
Solution           :
  Solutions found  :         10 (3 improvements)
  First Solution   : +8.37557408476332e-01   (in run 1, after 1 nodes, 0.00 seconds, depth 8, found by <clique>)
  Gap First Sol.   :   infinite
  Gap Last Sol.    :       0.00 %
  Primal Bound     : +6.16906249193436e-01   (in run 1, after 1 nodes, 0.00 seconds, depth 1, found by <farkasdiving>)
  Dual Bound       : +6.16906249193436e-01
  Gap              :       0.00 %
Integrals          :      Total       Avg%
  primal-dual      :       0.00       0.00
  primal-ref       :       0.00       0.00
  dual-ref         :       0.00       0.00
