SCIP version 7.0.2 [precision: 8 byte] [memory: block] [mode: optimized] [LP solver: SoPlex 5.0.2] [GitHash: e9d280a398]
Copyright (C) 2002-2020 Konrad-Zuse-Zentrum fuer Informationstechnik Berlin (ZIB)

External codes: 
  SoPlex 5.0.2         Linear Programming Solver developed at Zuse Institute Berlin (soplex.zib.de) [GitHash: e24c304e]
  CppAD 20180000.0     Algorithmic Differentiation of C++ algorithms developed by B. Bell (www.coin-or.org/CppAD)
  MPIR 3.0.0           Multiple Precision Integers and Rationals Library developed by W. Hart (mpir.org)
  ZIMPL 3.4.0          Zuse Institute Mathematical Programming Language developed by T. Koch (zimpl.zib.de)
  PaPILO 1.0.2         parallel presolve for integer and linear optimization (https://github.com/lgottwald/PaPILO) [GitHash: 62d2842]
  bliss 0.73p          Computing Graph Automorphism Groups by T. Junttila and P. Kaski (http://www.tcs.hut.fi/Software/bliss/)
  Ipopt 3.12.9         Interior Point Optimizer developed by A. Waechter et.al. (www.coin-or.org/Ipopt)

user parameter file <scip.set> not found - using default parameters

read problem <C:\Users\Claubit\Documents\GitHub\embedding\src\lp\scenarioA2_N16_B0.7_classical\IPL_linearized_N16q40.00B11.lp>
============

original problem has 272 variables (0 bin, 272 int, 0 impl, 0 cont) and 769 constraints

solve problem
=============

presolving:
(round 1, fast)       16 del vars, 16 del conss, 0 add conss, 0 chg bounds, 16 chg sides, 16 chg coeffs, 0 upgd conss, 0 impls, 480 clqs
(round 2, fast)       16 del vars, 48 del conss, 0 add conss, 0 chg bounds, 16 chg sides, 16 chg coeffs, 0 upgd conss, 0 impls, 480 clqs
   (0.0s) running MILP presolver
   (0.0s) MILP presolver found nothing
(round 3, exhaustive) 16 del vars, 48 del conss, 0 add conss, 0 chg bounds, 16 chg sides, 16 chg coeffs, 720 upgd conss, 0 impls, 480 clqs
(round 4, exhaustive) 16 del vars, 768 del conss, 240 add conss, 0 chg bounds, 16 chg sides, 16 chg coeffs, 720 upgd conss, 0 impls, 480 clqs
(round 5, exhaustive) 136 del vars, 888 del conss, 240 add conss, 0 chg bounds, 16 chg sides, 16 chg coeffs, 720 upgd conss, 0 impls, 240 clqs
   (0.0s) probing: 51/136 (37.5%) - 0 fixings, 0 aggregations, 0 implications, 0 bound changes
   (0.0s) probing aborted: 50/50 successive totally useless probings
   (0.0s) symmetry computation started: requiring (bin +, int -, cont +), (fixed: bin -, int +, cont -)
   (0.0s) no symmetry present
presolving (6 rounds: 6 fast, 4 medium, 4 exhaustive):
 136 deleted vars, 888 deleted constraints, 240 added constraints, 0 tightened bounds, 0 added holes, 16 changed sides, 16 changed coefficients
 0 implications, 240 cliques
presolved problem has 136 variables (136 bin, 0 int, 0 impl, 0 cont) and 121 constraints
    120 constraints of type <and>
      1 constraints of type <linear>
Presolving Time: 0.00

 time | node  | left  |LP iter|LP it/n|mem/heur|mdpt |vars |cons |rows |cuts |sepa|confs|strbr|  dualbound   | primalbound  |  gap   | compl. 
p 0.0s|     1 |     0 |     0 |     - |  clique|   0 | 136 | 121 | 241 |   0 |  0 |   0 |   0 |-1.468761e-01 | 3.579110e-01 |    Inf | unknown
  0.0s|     1 |     0 |   156 |     - |  3758k |   0 | 136 | 121 | 241 |   0 |  0 |   0 |   0 | 2.189450e-01 | 3.579110e-01 |  63.47%| unknown
L 1.0s|     1 |     0 |   156 |     - |undercov|   0 | 136 | 122 | 241 |   0 |  0 |   1 |   0 | 2.189450e-01 | 3.372222e-01 |  54.02%| unknown
  1.0s|     1 |     0 |   181 |     - |  4109k |   0 | 136 | 122 | 257 |  16 |  1 |   1 |   0 | 2.412444e-01 | 3.372222e-01 |  39.78%| unknown
  1.0s|     1 |     0 |   185 |     - |  4223k |   0 | 136 | 124 | 259 |  18 |  2 |   3 |   0 | 2.439667e-01 | 3.372222e-01 |  38.22%| unknown
  1.0s|     1 |     0 |   195 |     - |  4309k |   0 | 136 | 125 | 264 |  23 |  3 |   4 |   0 | 2.481521e-01 | 3.372222e-01 |  35.89%| unknown
  1.0s|     1 |     0 |   213 |     - |  4368k |   0 | 136 | 126 | 266 |  25 |  4 |   5 |   0 | 2.554460e-01 | 3.372222e-01 |  32.01%| unknown
r 1.0s|     1 |     0 |   213 |     - |shifting|   0 | 136 | 126 | 266 |  25 |  4 |   5 |   0 | 2.554460e-01 | 2.845898e-01 |  11.41%| unknown
  1.0s|     1 |     0 |   220 |     - |  4452k |   0 | 136 | 126 | 271 |  30 |  5 |   5 |   0 | 2.561951e-01 | 2.845898e-01 |  11.08%| unknown
  1.0s|     1 |     0 |   220 |     - |  4455k |   0 | 136 | 127 | 269 |  30 |  5 |   6 |   0 | 2.561951e-01 | 2.845898e-01 |  11.08%| unknown
  1.0s|     1 |     0 |   225 |     - |  4481k |   0 | 136 | 126 | 272 |  33 |  6 |   6 |   0 | 2.579484e-01 | 2.845898e-01 |  10.33%| unknown
  1.0s|     1 |     0 |   225 |     - |  4481k |   0 | 136 | 125 | 273 |  33 |  8 |   6 |   0 | 2.579484e-01 | 2.845898e-01 |  10.33%| unknown
d 1.0s|     1 |     0 |   225 |     - |farkasdi|   0 | 136 | 125 | 273 |   0 | 10 |   6 |   0 | 2.579484e-01 | 2.579484e-01 |   0.00%| unknown
  1.0s|     1 |     0 |   225 |     - |  4485k |   0 | 136 | 125 | 273 |  33 | 10 |   6 |   0 | 2.579484e-01 | 2.579484e-01 |   0.00%| unknown

SCIP Status        : problem is solved [optimal solution found]
Solving Time (sec) : 1.00
Solving Nodes      : 1
Primal Bound       : +2.57948431087720e-01 (9 solutions)
Dual Bound         : +2.57948431087720e-01
Gap                : 0.00 %

primal solution (original space):
=================================

objective value:                     0.25794843108772
y(1,1)                                              1 	(obj:0.0125510936215562)
y(1,2)                                              1 	(obj:-0.000891520151106458)
y(1,6)                                              1 	(obj:0.00857176796175892)
y(1,7)                                              1 	(obj:0.00617456019284452)
y(1,8)                                              1 	(obj:-0.00553937703182637)
y(1,10)                                             1 	(obj:0.00358983044393834)
y(1,11)                                             1 	(obj:0.000569693314212817)
y(1,12)                                             1 	(obj:-0.00568765092361058)
y(1,14)                                             1 	(obj:-0.00546606446645136)
y(1,15)                                             1 	(obj:0.00495360764574339)
y(1,16)                                             1 	(obj:0.00630097812307609)
y(2,1)                                              1 	(obj:-0.000891520151106458)
y(2,2)                                              1 	(obj:0.00836407094385462)
y(2,6)                                              1 	(obj:0.000138499695980427)
y(2,7)                                              1 	(obj:-0.000804776128476827)
y(2,8)                                              1 	(obj:0.00489586601771947)
y(2,10)                                             1 	(obj:0.00518671548654966)
y(2,11)                                             1 	(obj:0.00113753609834877)
y(2,12)                                             1 	(obj:0.00769109576093535)
y(2,14)                                             1 	(obj:0.00430198978320463)
y(2,15)                                             1 	(obj:-0.000261287248061797)
y(2,16)                                             1 	(obj:0.00377779027820913)
y(6,1)                                              1 	(obj:0.00857176796175892)
y(6,2)                                              1 	(obj:0.000138499695980427)
y(6,6)                                              1 	(obj:0.00835260726249918)
y(6,7)                                              1 	(obj:0.00633580507407174)
y(6,8)                                              1 	(obj:-0.00310961961964628)
y(6,10)                                             1 	(obj:0.00250204197342014)
y(6,11)                                             1 	(obj:0.00115800981651049)
y(6,12)                                             1 	(obj:-0.0021148685380821)
y(6,14)                                             1 	(obj:-0.00212138038795903)
y(6,15)                                             1 	(obj:0.00478530501974509)
y(6,16)                                             1 	(obj:0.0055827302508244)
y(7,1)                                              1 	(obj:0.00617456019284452)
y(7,2)                                              1 	(obj:-0.000804776128476827)
y(7,6)                                              1 	(obj:0.00633580507407174)
y(7,7)                                              1 	(obj:0.00705183049506243)
y(7,8)                                              1 	(obj:-0.00432031473657864)
y(7,10)                                             1 	(obj:0.00165609610066617)
y(7,11)                                             1 	(obj:0.00123992495363982)
y(7,12)                                             1 	(obj:-0.00300949911549297)
y(7,14)                                             1 	(obj:-0.00330989885322298)
y(7,15)                                             1 	(obj:0.00468224319889233)
y(7,16)                                             1 	(obj:0.00442834162871823)
y(8,1)                                              1 	(obj:-0.00553937703182637)
y(8,2)                                              1 	(obj:0.00489586601771947)
y(8,6)                                              1 	(obj:-0.00310961961964628)
y(8,7)                                              1 	(obj:-0.00432031473657864)
y(8,8)                                              1 	(obj:0.0117747804306856)
y(8,10)                                             1 	(obj:0.00181749529812944)
y(8,11)                                             1 	(obj:6.17490342392373e-05)
y(8,12)                                             1 	(obj:0.0110614262336204)
y(8,14)                                             1 	(obj:0.00881453635196291)
y(8,15)                                             1 	(obj:-0.00378132144503837)
y(8,16)                                             1 	(obj:-0.00138219956731795)
y(10,1)                                             1 	(obj:0.00358983044393834)
y(10,2)                                             1 	(obj:0.00518671548654966)
y(10,6)                                             1 	(obj:0.00250204197342014)
y(10,7)                                             1 	(obj:0.00165609610066617)
y(10,8)                                             1 	(obj:0.00181749529812944)
y(10,10)                                            1 	(obj:0.00952339132720945)
y(10,11)                                            1 	(obj:0.000559931724349036)
y(10,12)                                            1 	(obj:0.00406585441319206)
y(10,14)                                            1 	(obj:0.00146632625063725)
y(10,15)                                            1 	(obj:0.00110981203214139)
y(10,16)                                            1 	(obj:0.00582649549452397)
y(11,1)                                             1 	(obj:0.000569693314212817)
y(11,2)                                             1 	(obj:0.00113753609834877)
y(11,6)                                             1 	(obj:0.00115800981651049)
y(11,7)                                             1 	(obj:0.00123992495363982)
y(11,8)                                             1 	(obj:6.17490342392373e-05)
y(11,10)                                            1 	(obj:0.000559931724349036)
y(11,11)                                            1 	(obj:0.00426524903057489)
y(11,12)                                            1 	(obj:0.00110086740784224)
y(11,14)                                            1 	(obj:-0.000103337863615581)
y(11,15)                                            1 	(obj:0.000631110476330868)
y(11,16)                                            1 	(obj:0.00287354025678486)
y(12,1)                                             1 	(obj:-0.00568765092361058)
y(12,2)                                             1 	(obj:0.00769109576093535)
y(12,6)                                             1 	(obj:-0.0021148685380821)
y(12,7)                                             1 	(obj:-0.00300949911549297)
y(12,8)                                             1 	(obj:0.0110614262336204)
y(12,10)                                            1 	(obj:0.00406585441319206)
y(12,11)                                            1 	(obj:0.00110086740784224)
y(12,12)                                            1 	(obj:0.0152287328485128)
y(12,14)                                            1 	(obj:0.00982900388818829)
y(12,15)                                            1 	(obj:-0.00365415735968233)
y(12,16)                                            1 	(obj:6.33216853455881e-05)
y(14,1)                                             1 	(obj:-0.00546606446645136)
y(14,2)                                             1 	(obj:0.00430198978320463)
y(14,6)                                             1 	(obj:-0.00212138038795903)
y(14,7)                                             1 	(obj:-0.00330989885322298)
y(14,8)                                             1 	(obj:0.00881453635196291)
y(14,10)                                            1 	(obj:0.00146632625063725)
y(14,11)                                            1 	(obj:-0.000103337863615581)
y(14,12)                                            1 	(obj:0.00982900388818829)
y(14,14)                                            1 	(obj:0.0137989240631721)
y(14,15)                                            1 	(obj:-0.00263409901994321)
y(14,16)                                            1 	(obj:-0.0053768074213828)
y(15,1)                                             1 	(obj:0.00495360764574339)
y(15,2)                                             1 	(obj:-0.000261287248061797)
y(15,6)                                             1 	(obj:0.00478530501974509)
y(15,7)                                             1 	(obj:0.00468224319889233)
y(15,8)                                             1 	(obj:-0.00378132144503837)
y(15,10)                                            1 	(obj:0.00110981203214139)
y(15,11)                                            1 	(obj:0.000631110476330868)
y(15,12)                                            1 	(obj:-0.00365415735968233)
y(15,14)                                            1 	(obj:-0.00263409901994321)
y(15,15)                                            1 	(obj:0.00487129578817706)
y(15,16)                                            1 	(obj:0.00408763098026858)
y(16,1)                                             1 	(obj:0.00630097812307609)
y(16,2)                                             1 	(obj:0.00377779027820913)
y(16,6)                                             1 	(obj:0.0055827302508244)
y(16,7)                                             1 	(obj:0.00442834162871823)
y(16,8)                                             1 	(obj:-0.00138219956731795)
y(16,10)                                            1 	(obj:0.00582649549452397)
y(16,11)                                            1 	(obj:0.00287354025678486)
y(16,12)                                            1 	(obj:6.33216853455881e-05)
y(16,14)                                            1 	(obj:-0.0053768074213828)
y(16,15)                                            1 	(obj:0.00408763098026858)
y(16,16)                                            1 	(obj:0.012461577735128)
x(1)                                                1 	(obj:-0.00667286319447288)
x(2)                                                1 	(obj:-9.56132732858106e-05)
x(6)                                                1 	(obj:-0.0025649184939233)
x(7)                                                1 	(obj:-0.00348984795828146)
x(8)                                                1 	(obj:0.00117967554409262)
x(10)                                               1 	(obj:-0.0045666940884271)
x(11)                                               1 	(obj:-0.00233757086924918)
x(12)                                               1 	(obj:0.00235010335856775)
x(14)                                               1 	(obj:0.000863377525571901)
x(15)                                               1 	(obj:-0.00517621098612854)
x(16)                                               1 	(obj:-0.00870726096131751)

Statistics
==========

SCIP Status        : problem is solved [optimal solution found]
Total Time         :       1.00
  solving          :       1.00
  presolving       :       0.00 (included in solving)
  reading          :       0.00
  copying          :       0.00 (1 #copies) (minimal 0.00, maximal 0.00, average 0.00)
Original Problem   :
  Problem name     : C:\Users\Claubit\Documents\GitHub\embedding\src\lp\scenarioA2_N16_B0.7_classical\IPL_linearized_N16q40.00B11.lp
  Variables        : 272 (0 binary, 272 integer, 0 implicit integer, 0 continuous)
  Constraints      : 769 initial, 769 maximal
  Objective        : minimize, 272 non-zeros (abs.min = 6.1749e-05, abs.max = 0.0722497)
Presolved Problem  :
  Problem name     : t_C:\Users\Claubit\Documents\GitHub\embedding\src\lp\scenarioA2_N16_B0.7_classical\IPL_linearized_N16q40.00B11.lp
  Variables        : 136 (136 binary, 0 integer, 0 implicit integer, 0 continuous)
  Constraints      : 121 initial, 127 maximal
  Objective        : minimize, 136 non-zeros (abs.min = 0.000123498, abs.max = 0.0756093)
  Nonzeros         : 376 constraint, 416 clique table
Presolvers         :   ExecTime  SetupTime  Calls  FixedVars   AggrVars   ChgTypes  ChgBounds   AddHoles    DelCons    AddCons   ChgSides   ChgCoefs
  boundshift       :       0.00       0.00      0          0          0          0          0          0          0          0          0          0
  convertinttobin  :       0.00       0.00      0          0          0          0          0          0          0          0          0          0
  domcol           :       0.00       0.00      1          0          0          0          0          0          0          0          0          0
  dualagg          :       0.00       0.00      0          0          0          0          0          0          0          0          0          0
  dualcomp         :       0.00       0.00      0          0          0          0          0          0          0          0          0          0
  dualinfer        :       0.00       0.00      0          0          0          0          0          0          0          0          0          0
  dualsparsify     :       0.00       0.00      1          0          0          0          0          0          0          0          0          0
  gateextraction   :       0.00       0.00      1          0          0          0          0          0        720        240          0          0
  implics          :       0.00       0.00      4          0          0          0          0          0          0          0          0          0
  inttobinary      :       0.00       0.00      0          0          0          0          0          0          0          0          0          0
  milp             :       0.00       0.00      1          0          0          0          0          0          0          0          0          0
  qpkktref         :       0.00       0.00      0          0          0          0          0          0          0          0          0          0
  redvub           :       0.00       0.00      0          0          0          0          0          0          0          0          0          0
  sparsify         :       0.00       0.00      1          0          0          0          0          0          0          0          0          0
  stuffing         :       0.00       0.00      0          0          0          0          0          0          0          0          0          0
  trivial          :       0.00       0.00      6          0          0          0          0          0          0          0          0          0
  tworowbnd        :       0.00       0.00      0          0          0          0          0          0          0          0          0          0
  dualfix          :       0.00       0.00      6          0          0          0          0          0          0          0          0          0
  genvbounds       :       0.00       0.00      0          0          0          0          0          0          0          0          0          0
  probing          :       0.00       0.00      1          0          0          0          0          0          0          0          0          0
  pseudoobj        :       0.00       0.00      0          0          0          0          0          0          0          0          0          0
  symmetry         :       0.00       0.00      1          0          0          0          0          0          0          0          0          0
  vbounds          :       0.00       0.00      1          0          0          0          0          0          0          0          0          0
  setppc           :       0.00       0.00      2          0          0          0          0          0          0          0          0          0
  and              :       0.00       0.00      4          0        120          0          0          0        120          0          0          0
  linear           :       0.00       0.00      8          0         16          0          0          0         48          0         16         16
  logicor          :       0.00       0.00      2          0          0          0          0          0          0          0          0          0
  benders          :       0.00       0.00      0          0          0          0          0          0          0          0          0          0
  components       :       0.00       0.00      1          0          0          0          0          0          0          0          0          0
  root node        :          -          -      -          4          -          -          4          -          -          -          -          -
Constraints        :     Number  MaxNumber  #Separate #Propagate    #EnfoLP    #EnfoRelax  #EnfoPS    #Check   #ResProp    Cutoffs    DomReds       Cuts    Applied      Conss   Children
  benderslp        :          0          0          0          0          0          0          0         18          0          0          0          0          0          0          0
  integral         :          0          0          0          0          0          0          0         18          0          0          0          0          0          0          0
  setppc           :          0+         1          1          1          0          0          0          1          0          0          0          0          0          0          0
  and              :        120        120          8        314          0          0          0         13         17          5          1         30          7          0          0
  linear           :          1          1          8        300          0          0          0         11          4          0          0          0          0          0          0
  logicor          :          0+         6          8         12          0          0          0          0          0          0          0          0          0          0          0
  benders          :          0          0          0          0          0          0          0         10          0          0          0          0          0          0          0
  countsols        :          0          0          0          0          0          0          0         10          0          0          0          0          0          0          0
  components       :          0          0          0          0          0          0          0          0          0          0          0          0          0          0          0
Constraint Timings :  TotalTime  SetupTime   Separate  Propagate     EnfoLP     EnfoPS     EnfoRelax   Check    ResProp    SB-Prop
  benderslp        :       0.00       0.00       0.00       0.00       0.00       0.00       0.00       0.00       0.00       0.00
  integral         :       0.00       0.00       0.00       0.00       0.00       0.00       0.00       0.00       0.00       0.00
  setppc           :       0.00       0.00       0.00       0.00       0.00       0.00       0.00       0.00       0.00       0.00
  and              :       0.00       0.00       0.00       0.00       0.00       0.00       0.00       0.00       0.00       0.00
  linear           :       0.00       0.00       0.00       0.00       0.00       0.00       0.00       0.00       0.00       0.00
  logicor          :       0.00       0.00       0.00       0.00       0.00       0.00       0.00       0.00       0.00       0.00
  benders          :       0.00       0.00       0.00       0.00       0.00       0.00       0.00       0.00       0.00       0.00
  countsols        :       0.00       0.00       0.00       0.00       0.00       0.00       0.00       0.00       0.00       0.00
  components       :       0.00       0.00       0.00       0.00       0.00       0.00       0.00       0.00       0.00       0.00
Propagators        : #Propagate   #ResProp    Cutoffs    DomReds
  dualfix          :          4          0          0          0
  genvbounds       :          0          0          0          0
  nlobbt           :          0          0          0          0
  obbt             :          0          0          0          0
  probing          :          0          0          0          0
  pseudoobj        :         15          0          0          0
  redcost          :         10          0          0          3
  rootredcost      :          0          0          0          0
  symmetry         :          0          0          0          0
  vbounds          :        216          0          0          0
Propagator Timings :  TotalTime  SetupTime   Presolve  Propagate    ResProp    SB-Prop
  dualfix          :       0.00       0.00       0.00       0.00       0.00       0.00
  genvbounds       :       0.00       0.00       0.00       0.00       0.00       0.00
  nlobbt           :       0.00       0.00       0.00       0.00       0.00       0.00
  obbt             :       0.00       0.00       0.00       0.00       0.00       0.00
  probing          :       0.00       0.00       0.00       0.00       0.00       0.00
  pseudoobj        :       0.00       0.00       0.00       0.00       0.00       0.00
  redcost          :       0.00       0.00       0.00       0.00       0.00       0.00
  rootredcost      :       0.00       0.00       0.00       0.00       0.00       0.00
  symmetry         :       0.00       0.00       0.00       0.00       0.00       0.00
  vbounds          :       0.00       0.00       0.00       0.00       0.00       0.00
Conflict Analysis  :       Time      Calls    Success    DomReds  Conflicts   Literals    Reconvs ReconvLits   Dualrays   Nonzeros   LP Iters   (pool size: [10000,10000])
  propagation      :       0.00          5          5          -          6        5.3          0        0.0          -          -          -
  infeasible LP    :       0.00          0          0          -          0        0.0          0        0.0          0        0.0          0
  bound exceed. LP :       0.00          6          0          -          0        0.0          0        0.0          0        0.0         58
  strong branching :       0.00          0          0          -          0        0.0          0        0.0          -          -          0
  pseudo solution  :       0.00          0          0          -          0        0.0          0        0.0          -          -          -
  applied globally :       0.00          -          -          0          6        5.3          -          -          0          -          -
  applied locally  :          -          -          -          0          0        0.0          -          -          0          -          -
Separators         :   ExecTime  SetupTime      Calls    Cutoffs    DomReds       Cuts    Applied      Conss
  cut pool         :       0.00                    13          -          -        103          -          -    (maximal pool size: 129)
  aggregation      :       0.00       0.00          6          0          0          0          0          0
  cgmip            :       0.00       0.00          0          0          0          0          0          0
  clique           :       0.00       0.00          6          0          0          0          0          0
  closecuts        :       0.00       0.00          0          0          0          0          0          0
  cmir             :       0.00       0.00          0          0          0          0          0          0
  convexproj       :       0.00       0.00          0          0          0          0          0          0
  disjunctive      :       0.00       0.00          0          0          0          0          0          0
  eccuts           :       0.00       0.00          0          0          0          0          0          0
  flowcover        :       0.00       0.00          0          0          0          0          0          0
  gauge            :       0.00       0.00          0          0          0          0          0          0
  gomory           :       0.00       0.00          6          0          0         62          2          0
  impliedbounds    :       0.00       0.00          6          0          0         25         14          0
  intobj           :       0.00       0.00          0          0          0          0          0          0
  mcf              :       0.00       0.00          1          0          0          0          0          0
  oddcycle         :       0.00       0.00          0          0          0          0          0          0
  rapidlearning    :       0.00       0.00          0          0          0          0          0          0
  strongcg         :       0.00       0.00          6          0          0         31          1          0
  zerohalf         :       0.00       0.00          6          0          0         11          9          0
Pricers            :   ExecTime  SetupTime      Calls       Vars
  problem variables:       0.00          -          0          0
Branching Rules    :   ExecTime  SetupTime   BranchLP  BranchExt   BranchPS    Cutoffs    DomReds       Cuts      Conss   Children
  allfullstrong    :       0.00       0.00          0          0          0          0          0          0          0          0
  cloud            :       0.00       0.00          0          0          0          0          0          0          0          0
  distribution     :       0.00       0.00          0          0          0          0          0          0          0          0
  fullstrong       :       0.00       0.00          0          0          0          0          0          0          0          0
  inference        :       0.00       0.00          0          0          0          0          0          0          0          0
  leastinf         :       0.00       0.00          0          0          0          0          0          0          0          0
  lookahead        :       0.00       0.00          0          0          0          0          0          0          0          0
  mostinf          :       0.00       0.00          0          0          0          0          0          0          0          0
  multaggr         :       0.00       0.00          0          0          0          0          0          0          0          0
  nodereopt        :       0.00       0.00          0          0          0          0          0          0          0          0
  pscost           :       0.00       0.00          0          0          0          0          0          0          0          0
  random           :       0.00       0.00          0          0          0          0          0          0          0          0
  relpscost        :       0.00       0.00          0          0          0          0          0          0          0          0
  vanillafullstrong:       0.00       0.00          0          0          0          0          0          0          0          0
Primal Heuristics  :   ExecTime  SetupTime      Calls      Found       Best
  LP solutions     :       0.00          -          -          0          0
  relax solutions  :       0.00          -          -          0          0
  pseudo solutions :       0.00          -          -          0          0
  strong branching :       0.00          -          -          0          0
  actconsdiving    :       0.00       0.00          0          0          0
  adaptivediving   :       0.00       0.00          0          0          0
  alns             :       0.00       0.00          0          0          0
  bound            :       0.00       0.00          0          0          0
  clique           :       0.00       0.00          1          1          1
  coefdiving       :       0.00       0.00          0          0          0
  completesol      :       0.00       0.00          0          0          0
  conflictdiving   :       0.00       0.00          0          0          0
  crossover        :       0.00       0.00          0          0          0
  dins             :       0.00       0.00          0          0          0
  distributiondivin:       0.00       0.00          0          0          0
  dualval          :       0.00       0.00          0          0          0
  farkasdiving     :       0.00       0.00          1          1          1
  feaspump         :       0.00       0.00          0          0          0
  fixandinfer      :       0.00       0.00          0          0          0
  fracdiving       :       0.00       0.00          0          0          0
  gins             :       0.00       0.00          0          0          0
  guideddiving     :       0.00       0.00          0          0          0
  indicator        :       0.00       0.00          0          0          0
  intdiving        :       0.00       0.00          0          0          0
  intshifting      :       0.00       0.00          0          0          0
  linesearchdiving :       0.00       0.00          0          0          0
  localbranching   :       0.00       0.00          0          0          0
  locks            :       0.00       0.00          1          0          0
  lpface           :       0.00       0.00          0          0          0
  mpec             :       0.00       0.00          0          0          0
  multistart       :       0.00       0.00          0          0          0
  mutation         :       0.00       0.00          0          0          0
  nlpdiving        :       0.00       0.00          0          0          0
  objpscostdiving  :       0.00       0.00          0          0          0
  octane           :       0.00       0.00          0          0          0
  ofins            :       0.00       0.00          0          0          0
  oneopt           :       0.00       0.00          3          0          0
  padm             :       0.00       0.00          0          0          0
  proximity        :       0.00       0.00          0          0          0
  pscostdiving     :       0.00       0.00          0          0          0
  randrounding     :       0.00       0.00          6          0          0
  rens             :       0.00       0.00          0          0          0
  reoptsols        :       0.00       0.00          0          0          0
  repair           :       0.00       0.00          0          0          0
  rins             :       0.00       0.00          0          0          0
  rootsoldiving    :       0.00       0.00          0          0          0
  rounding         :       0.00       0.00          6          0          0
  shiftandpropagate:       0.00       0.00          0          0          0
  shifting         :       0.00       0.00          6          6          1
  simplerounding   :       0.00       0.00          0          0          0
  subnlp           :       0.00       0.00          0          0          0
  trivial          :       0.00       0.00          2          0          0
  trivialnegation  :       0.00       0.00          0          0          0
  trustregion      :       0.00       0.00          0          0          0
  trysol           :       0.00       0.00          0          0          0
  twoopt           :       0.00       0.00          0          0          0
  undercover       :       1.00       0.00          1          1          1
  vbounds          :       0.00       0.00          1          0          0
  veclendiving     :       0.00       0.00          0          0          0
  zeroobj          :       0.00       0.00          0          0          0
  zirounding       :       0.00       0.00          0          0          0
  other solutions  :          -          -          -          0          -
Diving (single)    :      Calls      Nodes   LP Iters Backtracks  Conflicts   MinDepth   MaxDepth   AvgDepth  RoundSols  NLeafSols  MinSolDpt  MaxSolDpt  AvgSolDpt
  actconsdiving    :          0          -          -          -          -          -          -          -          -          -          -          -          -
  coefdiving       :          0          -          -          -          -          -          -          -          -          -          -          -          -
  conflictdiving   :          0          -          -          -          -          -          -          -          -          -          -          -          -
  distributiondivin:          0          -          -          -          -          -          -          -          -          -          -          -          -
  farkasdiving     :          1          0          0          0          0          1          1        1.0          0          1          1          1        1.0
  fracdiving       :          0          -          -          -          -          -          -          -          -          -          -          -          -
  guideddiving     :          0          -          -          -          -          -          -          -          -          -          -          -          -
  linesearchdiving :          0          -          -          -          -          -          -          -          -          -          -          -          -
  pscostdiving     :          0          -          -          -          -          -          -          -          -          -          -          -          -
  veclendiving     :          0          -          -          -          -          -          -          -          -          -          -          -          -
Diving (adaptive)  :      Calls      Nodes   LP Iters Backtracks  Conflicts   MinDepth   MaxDepth   AvgDepth  RoundSols  NLeafSols  MinSolDpt  MaxSolDpt  AvgSolDpt
  actconsdiving    :          0          -          -          -          -          -          -          -          -          -          -          -          -
  coefdiving       :          0          -          -          -          -          -          -          -          -          -          -          -          -
  conflictdiving   :          0          -          -          -          -          -          -          -          -          -          -          -          -
  distributiondivin:          0          -          -          -          -          -          -          -          -          -          -          -          -
  farkasdiving     :          0          -          -          -          -          -          -          -          -          -          -          -          -
  fracdiving       :          0          -          -          -          -          -          -          -          -          -          -          -          -
  guideddiving     :          0          -          -          -          -          -          -          -          -          -          -          -          -
  linesearchdiving :          0          -          -          -          -          -          -          -          -          -          -          -          -
  pscostdiving     :          0          -          -          -          -          -          -          -          -          -          -          -          -
  veclendiving     :          0          -          -          -          -          -          -          -          -          -          -          -          -
Neighborhoods      :      Calls  SetupTime  SolveTime SolveNodes       Sols       Best       Exp3  EpsGreedy        UCB TgtFixRate  Opt  Inf Node Stal  Sol  Usr Othr Actv
  rens             :          0       0.00       0.00          0          0          0    0.00000   -1.00000    1.00000      0.900    0    0    0    0    0    0    0    1
  rins             :          0       0.00       0.00          0          0          0    0.00000   -1.00000    1.00000      0.900    0    0    0    0    0    0    0    1
  mutation         :          0       0.00       0.00          0          0          0    0.00000   -1.00000    1.00000      0.900    0    0    0    0    0    0    0    1
  localbranching   :          0       0.00       0.00          0          0          0    0.00000   -1.00000    1.00000      0.900    0    0    0    0    0    0    0    1
  crossover        :          0       0.00       0.00          0          0          0    0.00000   -1.00000    1.00000      0.900    0    0    0    0    0    0    0    1
  proximity        :          0       0.00       0.00          0          0          0    0.00000   -1.00000    1.00000      0.900    0    0    0    0    0    0    0    1
  zeroobjective    :          0       0.00       0.00          0          0          0    0.00000   -1.00000    1.00000      0.900    0    0    0    0    0    0    0    1
  dins             :          0       0.00       0.00          0          0          0    0.00000   -1.00000    1.00000      0.900    0    0    0    0    0    0    0    1
  trustregion      :          0       0.00       0.00          0          0          0    0.00000   -1.00000    1.00000      0.900    0    0    0    0    0    0    0    0
LP                 :       Time      Calls Iterations  Iter/call   Iter/sec  Time-0-It Calls-0-It    ItLimit
  primal LP        :       0.00          0          0       0.00          -       0.00          0
  dual LP          :       0.00          9        225      32.14          -       0.00          2
  lex dual LP      :       0.00          0          0       0.00          -
  barrier LP       :       0.00          0          0       0.00          -       0.00          0
  resolve instable :       0.00          0          0       0.00          -
  diving/probing LP:       0.00          0          0       0.00          -
  strong branching :       0.00          0          0       0.00          -          -          -          0
    (at root node) :          -          0          0       0.00          -
  conflict analysis:       0.00          7         58       8.29          -
B&B Tree           :
  number of runs   :          1
  nodes            :          1 (0 internal, 1 leaves)
  feasible leaves  :          0
  infeas. leaves   :          0
  objective leaves :          0
  nodes (total)    :          1 (0 internal, 1 leaves)
  nodes left       :          0
  max depth        :          0
  max depth (total):          0
  backtracks       :          0 (0.0%)
  early backtracks :          0 (0.0%)
  nodes exc. ref.  :          0 (0.0%)
  delayed cutoffs  :          0
  repropagations   :          0 (0 domain reductions, 0 cutoffs)
  avg switch length:       2.00
  switching time   :       0.00
Estim. Tree Size   :          1
Estimation Tree    : 1 nodes (1 visited, 0 internal, 1 leaves, 0 open), weight: 1.0000 completed 1.0000
Estimations        :      estim      value      trend resolution     smooth
  wbe              :          1          -          -          -          -
  tree-profile     :         -1          -          -          -          -
  gap              :          1    1.00000    1.00000          1          1
  tree-weight      :          1    1.00000    1.00000          1          1
  leaf-frequency   :          1    0.50000    1.00000          1          1
  ssg              :          1    0.00000   -1.00000          1          1
  open-nodes       :          1    0.00000    0.00000          1          1
Root Node          :
  First LP value   : +2.18944991112108e-01
  First LP Iters   :        156
  First LP Time    :       0.00
  Final Dual Bound : +2.57948431087720e-01
  Final Root Iters :        225
  Root LP Estimate :                     -
Solution           :
  Solutions found  :          9 (4 improvements)
  First Solution   : +3.57910975784716e-01   (in run 1, after 1 nodes, 0.00 seconds, depth 8, found by <clique>)
  Gap First Sol.   :   infinite
  Gap Last Sol.    :       0.00 %
  Primal Bound     : +2.57948431087720e-01   (in run 1, after 1 nodes, 1.00 seconds, depth 1, found by <farkasdiving>)
  Dual Bound       : +2.57948431087720e-01
  Gap              :       0.00 %
Integrals          :      Total       Avg%
  primal-dual      :      38.83      38.83
  primal-ref       :          -          - (not evaluated)
  dual-ref         :          -          - (not evaluated)
