SCIP version 7.0.2 [precision: 8 byte] [memory: block] [mode: optimized] [LP solver: SoPlex 5.0.2] [GitHash: e9d280a398]
Copyright (C) 2002-2020 Konrad-Zuse-Zentrum fuer Informationstechnik Berlin (ZIB)

External codes: 
  SoPlex 5.0.2         Linear Programming Solver developed at Zuse Institute Berlin (soplex.zib.de) [GitHash: e24c304e]
  CppAD 20180000.0     Algorithmic Differentiation of C++ algorithms developed by B. Bell (www.coin-or.org/CppAD)
  MPIR 3.0.0           Multiple Precision Integers and Rationals Library developed by W. Hart (mpir.org)
  ZIMPL 3.4.0          Zuse Institute Mathematical Programming Language developed by T. Koch (zimpl.zib.de)
  PaPILO 1.0.2         parallel presolve for integer and linear optimization (https://github.com/lgottwald/PaPILO) [GitHash: 62d2842]
  bliss 0.73p          Computing Graph Automorphism Groups by T. Junttila and P. Kaski (http://www.tcs.hut.fi/Software/bliss/)
  Ipopt 3.12.9         Interior Point Optimizer developed by A. Waechter et.al. (www.coin-or.org/Ipopt)

user parameter file <scip.set> not found - using default parameters

read problem <C:\Users\Claubit\Documents\GitHub\embedding\src\lp\scenario1_N32_classical\IPL_linearized_N32q500.00B16.lp>
============

original problem has 1056 variables (0 bin, 1056 int, 0 impl, 0 cont) and 3073 constraints

solve problem
=============

presolving:
(round 1, fast)       32 del vars, 32 del conss, 0 add conss, 0 chg bounds, 32 chg sides, 32 chg coeffs, 0 upgd conss, 0 impls, 1984 clqs
(round 2, fast)       32 del vars, 96 del conss, 0 add conss, 0 chg bounds, 32 chg sides, 32 chg coeffs, 0 upgd conss, 0 impls, 1984 clqs
   (0.0s) running MILP presolver
   (0.0s) MILP presolver found nothing
(round 3, exhaustive) 32 del vars, 96 del conss, 0 add conss, 0 chg bounds, 32 chg sides, 32 chg coeffs, 2976 upgd conss, 0 impls, 1984 clqs
(round 4, exhaustive) 32 del vars, 3072 del conss, 992 add conss, 0 chg bounds, 32 chg sides, 32 chg coeffs, 2976 upgd conss, 0 impls, 1984 clqs
(round 5, exhaustive) 528 del vars, 3568 del conss, 992 add conss, 0 chg bounds, 32 chg sides, 32 chg coeffs, 2976 upgd conss, 0 impls, 992 clqs
   (0.0s) probing: 51/528 (9.7%) - 0 fixings, 0 aggregations, 0 implications, 0 bound changes
   (0.0s) probing aborted: 50/50 successive totally useless probings
   (0.0s) symmetry computation started: requiring (bin +, int -, cont +), (fixed: bin -, int +, cont -)
   (0.0s) no symmetry present
presolving (6 rounds: 6 fast, 4 medium, 4 exhaustive):
 528 deleted vars, 3568 deleted constraints, 992 added constraints, 0 tightened bounds, 0 added holes, 32 changed sides, 32 changed coefficients
 0 implications, 992 cliques
presolved problem has 528 variables (528 bin, 0 int, 0 impl, 0 cont) and 497 constraints
    496 constraints of type <and>
      1 constraints of type <linear>
Presolving Time: 0.00

 time | node  | left  |LP iter|LP it/n|mem/heur|mdpt |vars |cons |rows |cuts |sepa|confs|strbr|  dualbound   | primalbound  |  gap   | compl. 
p 0.0s|     1 |     0 |     0 |     - |  clique|   0 | 528 | 497 | 993 |   0 |  0 |   0 |   0 |-8.078022e+00 | 1.330467e+01 |    Inf | unknown
  0.0s|     1 |     0 |   345 |     - |    13M |   0 | 528 | 497 | 993 |   0 |  0 |   0 |   0 |-6.095680e-01 | 1.330467e+01 |    Inf | unknown
L 0.0s|     1 |     0 |   345 |     - |undercov|   0 | 528 | 497 | 993 |   0 |  0 |   0 |   0 |-6.095680e-01 | 1.127358e+01 |    Inf | unknown
  0.0s|     1 |     0 |   385 |     - |    14M |   0 | 528 | 497 |1010 |  17 |  1 |   0 |   0 |-3.159052e-01 | 1.127358e+01 |    Inf | unknown
r 0.0s|     1 |     0 |   385 |     - |shifting|   0 | 528 | 497 |1010 |  17 |  1 |   0 |   0 |-3.159052e-01 | 1.066475e+01 |    Inf | unknown
  0.0s|     1 |     0 |   423 |     - |    14M |   0 | 528 | 497 |1022 |  29 |  2 |   0 |   0 |-1.362604e-01 | 1.066475e+01 |    Inf | unknown
  0.0s|     1 |     0 |   454 |     - |    15M |   0 | 528 | 497 |1030 |  37 |  3 |   0 |   0 | 2.139639e-02 | 1.066475e+01 |  Large | unknown
r 0.0s|     1 |     0 |   454 |     - |shifting|   0 | 528 | 497 |1030 |  37 |  3 |   0 |   0 | 2.139639e-02 | 1.058633e+01 |  Large | unknown
  0.0s|     1 |     0 |   488 |     - |    15M |   0 | 528 | 497 |1039 |  46 |  4 |   0 |   0 | 1.285489e-01 | 1.058633e+01 |8135.25%| unknown
r 0.0s|     1 |     0 |   488 |     - |shifting|   0 | 528 | 497 |1039 |  46 |  4 |   0 |   0 | 1.285489e-01 | 9.479907e+00 |7274.55%| unknown
  0.0s|     1 |     0 |   506 |     - |    15M |   0 | 528 | 497 |1057 |  64 |  5 |   0 |   0 | 2.348141e-01 | 9.479907e+00 |3937.20%| unknown
  0.0s|     1 |     0 |   556 |     - |    16M |   0 | 528 | 503 |1070 |  77 |  6 |   6 |   0 | 3.881233e-01 | 9.479907e+00 |2342.50%| unknown
  0.0s|     1 |     0 |   647 |     - |    17M |   0 | 528 | 503 |1087 |  94 |  7 |   6 |   0 | 7.730136e-01 | 9.479907e+00 |1126.36%| unknown
  0.0s|     1 |     0 |   740 |     - |    18M |   0 | 528 | 503 |1101 | 108 |  8 |   6 |   0 | 9.221365e-01 | 9.479907e+00 | 928.04%| unknown
  0.0s|     1 |     0 |   807 |     - |    18M |   0 | 528 | 503 |1115 | 122 |  9 |   6 |   0 | 1.110414e+00 | 9.479907e+00 | 753.73%| unknown
 time | node  | left  |LP iter|LP it/n|mem/heur|mdpt |vars |cons |rows |cuts |sepa|confs|strbr|  dualbound   | primalbound  |  gap   | compl. 
r 0.0s|     1 |     0 |   807 |     - |shifting|   0 | 528 | 508 |1115 | 122 |  9 |  11 |   0 | 1.110414e+00 | 8.877264e+00 | 699.45%| unknown
  0.0s|     1 |     0 |   876 |     - |    18M |   0 | 528 | 508 |1137 | 144 | 10 |  11 |   0 | 1.248850e+00 | 8.877264e+00 | 610.84%| unknown
  0.0s|     1 |     0 |   965 |     - |    19M |   0 | 528 | 513 |1145 | 152 | 11 |  16 |   0 | 1.388780e+00 | 8.877264e+00 | 539.21%| unknown
  0.0s|     1 |     0 |  1037 |     - |    19M |   0 | 528 | 514 |1154 | 161 | 12 |  17 |   0 | 1.504702e+00 | 8.877264e+00 | 489.97%| unknown
  0.0s|     1 |     0 |  1126 |     - |    20M |   0 | 528 | 515 |1169 | 176 | 13 |  18 |   0 | 1.700483e+00 | 8.877264e+00 | 422.04%| unknown
  0.0s|     1 |     0 |  1228 |     - |    20M |   0 | 528 | 515 |1179 | 186 | 14 |  18 |   0 | 1.803863e+00 | 8.877264e+00 | 392.13%| unknown
  0.0s|     1 |     0 |  1316 |     - |    20M |   0 | 528 | 515 |1188 | 195 | 15 |  18 |   0 | 1.908725e+00 | 8.877264e+00 | 365.09%| unknown
  0.0s|     1 |     0 |  1434 |     - |    21M |   0 | 528 | 516 |1200 | 207 | 16 |  19 |   0 | 1.998325e+00 | 8.877264e+00 | 344.24%| unknown
  0.0s|     1 |     0 |  1525 |     - |    22M |   0 | 528 | 522 |1202 | 215 | 17 |  25 |   0 | 2.057517e+00 | 8.877264e+00 | 331.46%| unknown
  1.0s|     1 |     0 |  1697 |     - |    23M |   0 | 528 | 523 |1210 | 223 | 18 |  26 |   0 | 2.191568e+00 | 8.877264e+00 | 305.06%| unknown
  1.0s|     1 |     0 |  1821 |     - |    25M |   0 | 528 | 526 |1217 | 230 | 19 |  29 |   0 | 2.358446e+00 | 8.877264e+00 | 276.40%| unknown
  1.0s|     1 |     0 |  1983 |     - |    25M |   0 | 528 | 526 |1225 | 238 | 20 |  29 |   0 | 2.488358e+00 | 8.877264e+00 | 256.75%| unknown
  1.0s|     1 |     0 |  2059 |     - |    25M |   0 | 528 | 526 |1233 | 246 | 21 |  29 |   0 | 2.534693e+00 | 8.877264e+00 | 250.23%| unknown
  1.0s|     1 |     0 |  2114 |     - |    26M |   0 | 528 | 526 |1237 | 250 | 22 |  29 |   0 | 2.545729e+00 | 8.877264e+00 | 248.71%| unknown
  1.0s|     1 |     0 |  2136 |     - |    26M |   0 | 528 | 527 |1220 | 254 | 23 |  30 |   0 | 2.551919e+00 | 8.877264e+00 | 247.87%| unknown
 time | node  | left  |LP iter|LP it/n|mem/heur|mdpt |vars |cons |rows |cuts |sepa|confs|strbr|  dualbound   | primalbound  |  gap   | compl. 
  1.0s|     1 |     0 |  2202 |     - |    26M |   0 | 528 | 527 |1226 | 260 | 24 |  30 |   0 | 2.587643e+00 | 8.877264e+00 | 243.06%| unknown
  1.0s|     1 |     0 |  2308 |     - |    26M |   0 | 528 | 528 |1230 | 264 | 25 |  31 |   0 | 2.616897e+00 | 8.877264e+00 | 239.23%| unknown
  1.0s|     1 |     0 |  2397 |     - |    26M |   0 | 528 | 528 |1238 | 272 | 26 |  31 |   0 | 2.636086e+00 | 8.877264e+00 | 236.76%| unknown
  1.0s|     1 |     0 |  2446 |     - |    26M |   0 | 528 | 528 |1243 | 277 | 27 |  31 |   0 | 2.644388e+00 | 8.877264e+00 | 235.70%| unknown
  1.0s|     1 |     0 |  2490 |     - |    26M |   0 | 528 | 532 |1245 | 279 | 28 |  35 |   0 | 2.651387e+00 | 8.877264e+00 | 234.82%| unknown
  1.0s|     1 |     0 |  2534 |     - |    26M |   0 | 528 | 539 |1236 | 283 | 29 |  42 |   0 | 2.655487e+00 | 8.877264e+00 | 234.30%| unknown
  1.0s|     1 |     0 |  2614 |     - |    26M |   0 | 528 | 542 |1240 | 287 | 30 |  45 |   0 | 2.665815e+00 | 8.877264e+00 | 233.00%| unknown
  1.0s|     1 |     0 |  2636 |     - |    26M |   0 | 528 | 545 |1244 | 291 | 31 |  48 |   0 | 2.667373e+00 | 8.877264e+00 | 232.81%| unknown
  1.0s|     1 |     0 |  2652 |     - |    26M |   0 | 528 | 546 |1249 | 296 | 32 |  49 |   0 | 2.667969e+00 | 8.877264e+00 | 232.73%| unknown
  1.0s|     1 |     0 |  2653 |     - |    26M |   0 | 528 | 546 |1250 | 297 | 33 |  49 |   0 | 2.668037e+00 | 8.877264e+00 | 232.73%| unknown
  1.0s|     1 |     0 |  2658 |     - |    26M |   0 | 528 | 546 |1251 | 298 | 34 |  49 |   0 | 2.668053e+00 | 8.877264e+00 | 232.72%| unknown
d 1.0s|     1 |     0 |  4320 |     - |farkasdi|   0 | 528 | 547 |1251 |   0 | 36 |  50 |   0 | 2.668053e+00 | 8.242958e+00 | 208.95%| unknown
  1.0s|     1 |     0 |  5242 |     - |    26M |   0 | 528 | 547 |1251 | 298 | 36 |  50 |   0 | 2.668053e+00 | 8.242958e+00 | 208.95%| unknown
  1.0s|     1 |     0 |  5260 |     - |    26M |   0 | 528 | 547 |1254 | 301 | 37 |  50 |   0 | 2.668228e+00 | 8.242958e+00 | 208.93%| unknown
  1.0s|     1 |     0 |  5274 |     - |    26M |   0 | 528 | 547 |1256 | 303 | 38 |  50 |   0 | 2.668678e+00 | 8.242958e+00 | 208.88%| unknown
 time | node  | left  |LP iter|LP it/n|mem/heur|mdpt |vars |cons |rows |cuts |sepa|confs|strbr|  dualbound   | primalbound  |  gap   | compl. 
  2.0s|     1 |     2 |  5274 |     - |    26M |   0 | 528 | 548 |1256 | 303 | 38 |  51 |  22 | 3.057314e+00 | 8.242958e+00 | 169.61%| unknown
* 4.0s|    11 |    10 |  6544 | 385.4 |    LP  |  10 | 528 | 548 |1264 | 364 |  8 |  51 | 205 | 3.403098e+00 | 7.302590e+00 | 114.59%| unknown
* 5.0s|    12 |     9 |  6723 | 366.6 |strongbr|  10 | 528 | 548 |1281 | 387 | 10 |  51 | 205 | 3.403098e+00 | 7.266610e+00 | 113.53%| unknown
* 6.0s|    14 |     7 |  7457 | 366.7 |strongbr|  10 | 528 | 611 |1267 | 409 | 10 | 114 | 441 | 3.403098e+00 | 7.237835e+00 | 112.68%|   8.50%
* 6.0s|    14 |     7 |  7465 | 367.3 |strongbr|  10 | 528 | 623 |1267 | 409 | 11 | 126 | 462 | 3.403098e+00 | 7.135986e+00 | 109.69%|   8.50%
* 7.0s|    20 |    11 |  8244 | 292.3 |strongbr|  10 | 528 | 625 |1287 | 451 | 10 | 128 | 545 | 3.403098e+00 | 6.926168e+00 | 103.53%|   9.26%
* 7.0s|    21 |    10 |  8598 | 295.4 |strongbr|  10 | 528 | 553 |1302 | 467 |  8 | 131 | 550 | 3.403098e+00 | 6.824196e+00 | 100.53%|   9.30%
* 7.0s|    21 |    10 |  8607 | 295.9 |    LP  |  10 | 528 | 558 |1302 | 467 | 10 | 136 | 555 | 3.403098e+00 | 6.814739e+00 | 100.25%|   9.30%
* 8.0s|    25 |    12 |  9135 | 268.5 |strongbr|  10 | 528 | 562 |1312 | 500 |  8 | 140 | 615 | 3.403098e+00 | 6.804330e+00 |  99.95%|  10.47%
* 8.0s|    25 |    12 |  9149 | 269.1 |strongbr|  10 | 528 | 563 |1313 | 501 |  9 | 143 | 620 | 3.403098e+00 | 6.690006e+00 |  96.59%|  10.47%
* 8.0s|    26 |    11 |  9304 | 264.6 |strongbr|  10 | 528 | 572 |1306 | 502 |  4 | 152 | 627 | 3.403098e+00 | 6.662978e+00 |  95.79%|  10.50%
* 8.0s|    28 |    10 |  9573 | 254.9 |strongbr|  10 | 528 | 558 |1314 | 518 |  6 | 152 | 650 | 3.403098e+00 | 6.403272e+00 |  88.16%|  11.98%
* 8.0s|    28 |    10 |  9603 | 256.0 |strongbr|  10 | 528 | 551 |1314 | 518 |  7 | 152 | 653 | 3.403098e+00 | 6.352740e+00 |  86.68%|  11.98%
*10.0s|    34 |    11 | 10489 | 236.3 |strongbr|  12 | 528 | 555 |1332 | 551 |  2 | 156 | 773 | 3.403098e+00 | 6.193161e+00 |  81.99%|  14.65%
*10.0s|    37 |     9 | 10804 | 225.4 |strongbr|  12 | 528 | 568 |1332 | 551 |  2 | 169 | 816 | 3.403098e+00 | 6.118940e+00 |  79.80%|  16.72%
 time | node  | left  |LP iter|LP it/n|mem/heur|mdpt |vars |cons |rows |cuts |sepa|confs|strbr|  dualbound   | primalbound  |  gap   | compl. 
 12.0s|   100 |    12 | 18325 | 157.9 |    32M |  13 | 528 | 572 |1345 | 733 |  1 | 173 | 856 | 4.657606e+00 | 6.118940e+00 |  31.38%|  49.95%

SCIP Status        : problem is solved [optimal solution found]
Solving Time (sec) : 12.00
Solving Nodes      : 142
Primal Bound       : +6.11894034865186e+00 (38 solutions)
Dual Bound         : +6.11894034865186e+00
Gap                : 0.00 %

primal solution (original space):
=================================

objective value:                     6.11894034865186
y(1,1)                                              1 	(obj:0.156888670269452)
y(1,2)                                              1 	(obj:-0.0169879322000043)
y(1,3)                                              1 	(obj:-0.0111440018888307)
y(1,12)                                             1 	(obj:0.0771820024105565)
y(1,13)                                             1 	(obj:0.0704330278861334)
y(1,16)                                             1 	(obj:-0.0765731846302876)
y(1,17)                                             1 	(obj:-0.0692422128978296)
y(1,21)                                             1 	(obj:0.00712116642766021)
y(1,22)                                             1 	(obj:-0.0710956365451323)
y(1,23)                                             1 	(obj:0.0607459539335812)
y(1,24)                                             1 	(obj:0.120673572873305)
y(1,27)                                             1 	(obj:0.0726514081024283)
y(1,28)                                             1 	(obj:-0.068325805830642)
y(1,29)                                             1 	(obj:0.037345729181461)
y(1,30)                                             1 	(obj:0.0619200955717923)
y(1,32)                                             1 	(obj:0.0465083694969305)
y(2,1)                                              1 	(obj:-0.0169879322000043)
y(2,2)                                              1 	(obj:0.140290509507801)
y(2,3)                                              1 	(obj:0.0608216779704049)
y(2,12)                                             1 	(obj:0.0169344176468698)
y(2,13)                                             1 	(obj:0.0251530696761098)
y(2,16)                                             1 	(obj:0.0694633529971799)
y(2,17)                                             1 	(obj:0.0219259156616811)
y(2,21)                                             1 	(obj:0.0223415987054734)
y(2,22)                                             1 	(obj:0.07562683048714)
y(2,23)                                             1 	(obj:0.0264249636293436)
y(2,24)                                             1 	(obj:-0.0164680164563855)
y(2,27)                                             1 	(obj:0.00365187103189036)
y(2,28)                                             1 	(obj:0.0309454039755539)
y(2,29)                                             1 	(obj:0.044018699737986)
y(2,30)                                             1 	(obj:0.00845818000556852)
y(2,32)                                             1 	(obj:0.00855167593572919)
y(3,1)                                              1 	(obj:-0.0111440018888307)
y(3,2)                                              1 	(obj:0.0608216779704049)
y(3,3)                                              1 	(obj:0.104550886798183)
y(3,12)                                             1 	(obj:-0.0100597016059603)
y(3,13)                                             1 	(obj:0.00625286256910847)
y(3,16)                                             1 	(obj:0.0902121363751329)
y(3,17)                                             1 	(obj:0.0611983252214934)
y(3,21)                                             1 	(obj:0.0142192012293597)
y(3,22)                                             1 	(obj:0.0961386970116919)
y(3,23)                                             1 	(obj:-0.0186163808864807)
y(3,24)                                             1 	(obj:-0.0297089280545665)
y(3,27)                                             1 	(obj:-0.0210690814603618)
y(3,28)                                             1 	(obj:0.0537748722900579)
y(3,29)                                             1 	(obj:-0.00573411329333845)
y(3,30)                                             1 	(obj:-0.00326609060077247)
y(3,32)                                             1 	(obj:-0.0233430617441682)
y(12,1)                                             1 	(obj:0.0771820024105565)
y(12,2)                                             1 	(obj:0.0169344176468698)
y(12,3)                                             1 	(obj:-0.0100597016059603)
y(12,12)                                            1 	(obj:0.0881478811882804)
y(12,13)                                            1 	(obj:0.0651075146161504)
y(12,16)                                            1 	(obj:-0.0199445787254419)
y(12,17)                                            1 	(obj:-0.0540039342072329)
y(12,21)                                            1 	(obj:0.0154990619204977)
y(12,22)                                            1 	(obj:-0.0376187389436621)
y(12,23)                                            1 	(obj:0.0814401974680461)
y(12,24)                                            1 	(obj:0.0876889543000681)
y(12,27)                                            1 	(obj:0.0563404643849668)
y(12,28)                                            1 	(obj:-0.0413737356652873)
y(12,29)                                            1 	(obj:0.0370222180881355)
y(12,30)                                            1 	(obj:0.0585280399861541)
y(12,32)                                            1 	(obj:0.037601470641404)
y(13,1)                                             1 	(obj:0.0704330278861334)
y(13,2)                                             1 	(obj:0.0251530696761098)
y(13,3)                                             1 	(obj:0.00625286256910847)
y(13,12)                                            1 	(obj:0.0651075146161504)
y(13,13)                                            1 	(obj:0.123704584393659)
y(13,16)                                            1 	(obj:0.00607821100003893)
y(13,17)                                            1 	(obj:-0.0329551050385302)
y(13,21)                                            1 	(obj:0.0331936138624684)
y(13,22)                                            1 	(obj:-0.00795202393571906)
y(13,23)                                            1 	(obj:0.0562245063290577)
y(13,24)                                            1 	(obj:0.0684254631942514)
y(13,27)                                            1 	(obj:0.0480646222557701)
y(13,28)                                            1 	(obj:-0.0275089431992263)
y(13,29)                                            1 	(obj:0.0272777912122786)
y(13,30)                                            1 	(obj:0.0399609353270293)
y(13,32)                                            1 	(obj:0.0402148692576469)
y(16,1)                                             1 	(obj:-0.0765731846302876)
y(16,2)                                             1 	(obj:0.0694633529971799)
y(16,3)                                             1 	(obj:0.0902121363751329)
y(16,12)                                            1 	(obj:-0.0199445787254419)
y(16,13)                                            1 	(obj:0.00607821100003893)
y(16,16)                                            1 	(obj:0.19783029823718)
y(16,17)                                            1 	(obj:0.0999141007368715)
y(16,21)                                            1 	(obj:0.0184194960864124)
y(16,22)                                            1 	(obj:0.127436737225128)
y(16,23)                                            1 	(obj:-0.00144692485009076)
y(16,24)                                            1 	(obj:-0.0625534945047368)
y(16,27)                                            1 	(obj:-0.0255653012964397)
y(16,28)                                            1 	(obj:0.0767674264954161)
y(16,29)                                            1 	(obj:-0.00375337557962276)
y(16,30)                                            1 	(obj:-0.0197835772930004)
y(16,32)                                            1 	(obj:-0.0380544332965484)
y(17,1)                                             1 	(obj:-0.0692422128978296)
y(17,2)                                             1 	(obj:0.0219259156616811)
y(17,3)                                             1 	(obj:0.0611983252214934)
y(17,12)                                            1 	(obj:-0.0540039342072329)
y(17,13)                                            1 	(obj:-0.0329551050385302)
y(17,16)                                            1 	(obj:0.0999141007368715)
y(17,17)                                            1 	(obj:0.14718475538357)
y(17,21)                                            1 	(obj:0.000771862927990466)
y(17,22)                                            1 	(obj:0.138267827920255)
y(17,23)                                            1 	(obj:-0.052230947748912)
y(17,24)                                            1 	(obj:-0.0700721966964937)
y(17,27)                                            1 	(obj:0.00438607355040191)
y(17,28)                                            1 	(obj:0.110181704399536)
y(17,29)                                            1 	(obj:-0.0143757580051458)
y(17,30)                                            1 	(obj:-0.0472665180629797)
y(17,32)                                            1 	(obj:-0.0313357438151542)
y(21,1)                                             1 	(obj:0.00712116642766021)
y(21,2)                                             1 	(obj:0.0223415987054734)
y(21,3)                                             1 	(obj:0.0142192012293597)
y(21,12)                                            1 	(obj:0.0154990619204977)
y(21,13)                                            1 	(obj:0.0331936138624684)
y(21,16)                                            1 	(obj:0.0184194960864124)
y(21,17)                                            1 	(obj:0.000771862927990466)
y(21,21)                                            1 	(obj:0.0533156128821862)
y(21,22)                                            1 	(obj:0.0137608425980281)
y(21,23)                                            1 	(obj:0.0334419305362122)
y(21,24)                                            1 	(obj:-0.00293651909935571)
y(21,27)                                            1 	(obj:-0.0137260750318027)
y(21,28)                                            1 	(obj:-0.00129172329519476)
y(21,29)                                            1 	(obj:0.0175519694181521)
y(21,30)                                            1 	(obj:0.00788888095413585)
y(21,32)                                            1 	(obj:-0.0028580382466445)
y(22,1)                                             1 	(obj:-0.0710956365451323)
y(22,2)                                             1 	(obj:0.07562683048714)
y(22,3)                                             1 	(obj:0.0961386970116919)
y(22,12)                                            1 	(obj:-0.0376187389436621)
y(22,13)                                            1 	(obj:-0.00795202393571906)
y(22,16)                                            1 	(obj:0.127436737225128)
y(22,17)                                            1 	(obj:0.138267827920255)
y(22,21)                                            1 	(obj:0.0137608425980281)
y(22,22)                                            1 	(obj:0.19035916060641)
y(22,23)                                            1 	(obj:-0.0536084269199974)
y(22,24)                                            1 	(obj:-0.064623693611564)
y(22,27)                                            1 	(obj:0.00566731838351953)
y(22,28)                                            1 	(obj:0.122862548602354)
y(22,29)                                            1 	(obj:-0.0141970185415107)
y(22,30)                                            1 	(obj:-0.0456769669960291)
y(22,32)                                            1 	(obj:-0.0350469705812747)
y(23,1)                                             1 	(obj:0.0607459539335812)
y(23,2)                                             1 	(obj:0.0264249636293436)
y(23,3)                                             1 	(obj:-0.0186163808864807)
y(23,12)                                            1 	(obj:0.0814401974680461)
y(23,13)                                            1 	(obj:0.0562245063290577)
y(23,16)                                            1 	(obj:-0.00144692485009076)
y(23,17)                                            1 	(obj:-0.052230947748912)
y(23,21)                                            1 	(obj:0.0334419305362122)
y(23,22)                                            1 	(obj:-0.0536084269199974)
y(23,23)                                            1 	(obj:0.128668121172141)
y(23,24)                                            1 	(obj:0.0829404831228434)
y(23,27)                                            1 	(obj:0.0359665132295444)
y(23,28)                                            1 	(obj:-0.0770447908781112)
y(23,29)                                            1 	(obj:0.034619397033996)
y(23,30)                                            1 	(obj:0.0553157715467618)
y(23,32)                                            1 	(obj:0.0340724628531629)
y(24,1)                                             1 	(obj:0.120673572873305)
y(24,2)                                             1 	(obj:-0.0164680164563855)
y(24,3)                                             1 	(obj:-0.0297089280545665)
y(24,12)                                            1 	(obj:0.0876889543000681)
y(24,13)                                            1 	(obj:0.0684254631942514)
y(24,16)                                            1 	(obj:-0.0625534945047368)
y(24,17)                                            1 	(obj:-0.0700721966964937)
y(24,21)                                            1 	(obj:-0.00293651909935571)
y(24,22)                                            1 	(obj:-0.064623693611564)
y(24,23)                                            1 	(obj:0.0829404831228434)
y(24,24)                                            1 	(obj:0.182590913773593)
y(24,27)                                            1 	(obj:0.120132907997876)
y(24,28)                                            1 	(obj:-0.0325755978808255)
y(24,29)                                            1 	(obj:4.33064305604781e-05)
y(24,30)                                            1 	(obj:0.066494303833207)
y(24,32)                                            1 	(obj:0.0546084122303427)
y(27,1)                                             1 	(obj:0.0726514081024283)
y(27,2)                                             1 	(obj:0.00365187103189036)
y(27,3)                                             1 	(obj:-0.0210690814603618)
y(27,12)                                            1 	(obj:0.0563404643849668)
y(27,13)                                            1 	(obj:0.0480646222557701)
y(27,16)                                            1 	(obj:-0.0255653012964397)
y(27,17)                                            1 	(obj:0.00438607355040191)
y(27,21)                                            1 	(obj:-0.0137260750318027)
y(27,22)                                            1 	(obj:0.00566731838351953)
y(27,23)                                            1 	(obj:0.0359665132295444)
y(27,24)                                            1 	(obj:0.120132907997876)
y(27,27)                                            1 	(obj:0.152767739061466)
y(27,28)                                            1 	(obj:0.0287764236007298)
y(27,29)                                            1 	(obj:0.019590047129621)
y(27,30)                                            1 	(obj:0.0329037589504282)
y(27,32)                                            1 	(obj:0.045892269784415)
y(28,1)                                             1 	(obj:-0.068325805830642)
y(28,2)                                             1 	(obj:0.0309454039755539)
y(28,3)                                             1 	(obj:0.0537748722900579)
y(28,12)                                            1 	(obj:-0.0413737356652873)
y(28,13)                                            1 	(obj:-0.0275089431992263)
y(28,16)                                            1 	(obj:0.0767674264954161)
y(28,17)                                            1 	(obj:0.110181704399536)
y(28,21)                                            1 	(obj:-0.00129172329519476)
y(28,22)                                            1 	(obj:0.122862548602354)
y(28,23)                                            1 	(obj:-0.0770447908781112)
y(28,24)                                            1 	(obj:-0.0325755978808255)
y(28,27)                                            1 	(obj:0.0287764236007298)
y(28,28)                                            1 	(obj:0.172486550789652)
y(28,29)                                            1 	(obj:-0.0175256708535271)
y(28,30)                                            1 	(obj:-0.0329262377492901)
y(28,32)                                            1 	(obj:-0.022992227197187)
y(29,1)                                             1 	(obj:0.037345729181461)
y(29,2)                                             1 	(obj:0.044018699737986)
y(29,3)                                             1 	(obj:-0.00573411329333845)
y(29,12)                                            1 	(obj:0.0370222180881355)
y(29,13)                                            1 	(obj:0.0272777912122786)
y(29,16)                                            1 	(obj:-0.00375337557962276)
y(29,17)                                            1 	(obj:-0.0143757580051458)
y(29,21)                                            1 	(obj:0.0175519694181521)
y(29,22)                                            1 	(obj:-0.0141970185415107)
y(29,23)                                            1 	(obj:0.034619397033996)
y(29,24)                                            1 	(obj:4.33064305604781e-05)
y(29,27)                                            1 	(obj:0.019590047129621)
y(29,28)                                            1 	(obj:-0.0175256708535271)
y(29,29)                                            1 	(obj:0.0916700478022803)
y(29,30)                                            1 	(obj:0.0244930134885173)
y(29,32)                                            1 	(obj:0.021211143059317)
y(30,1)                                             1 	(obj:0.0619200955717923)
y(30,2)                                             1 	(obj:0.00845818000556852)
y(30,3)                                             1 	(obj:-0.00326609060077247)
y(30,12)                                            1 	(obj:0.0585280399861541)
y(30,13)                                            1 	(obj:0.0399609353270293)
y(30,16)                                            1 	(obj:-0.0197835772930004)
y(30,17)                                            1 	(obj:-0.0472665180629797)
y(30,21)                                            1 	(obj:0.00788888095413585)
y(30,22)                                            1 	(obj:-0.0456769669960291)
y(30,23)                                            1 	(obj:0.0553157715467618)
y(30,24)                                            1 	(obj:0.066494303833207)
y(30,27)                                            1 	(obj:0.0329037589504282)
y(30,28)                                            1 	(obj:-0.0329262377492901)
y(30,29)                                            1 	(obj:0.0244930134885173)
y(30,30)                                            1 	(obj:0.0608911973522133)
y(30,32)                                            1 	(obj:0.0263421576642983)
y(32,1)                                             1 	(obj:0.0465083694969305)
y(32,2)                                             1 	(obj:0.00855167593572919)
y(32,3)                                             1 	(obj:-0.0233430617441682)
y(32,12)                                            1 	(obj:0.037601470641404)
y(32,13)                                            1 	(obj:0.0402148692576469)
y(32,16)                                            1 	(obj:-0.0380544332965484)
y(32,17)                                            1 	(obj:-0.0313357438151542)
y(32,21)                                            1 	(obj:-0.0028580382466445)
y(32,22)                                            1 	(obj:-0.0350469705812747)
y(32,23)                                            1 	(obj:0.0340724628531629)
y(32,24)                                            1 	(obj:0.0546084122303427)
y(32,27)                                            1 	(obj:0.045892269784415)
y(32,28)                                            1 	(obj:-0.022992227197187)
y(32,29)                                            1 	(obj:0.021211143059317)
y(32,30)                                            1 	(obj:0.0263421576642983)
y(32,32)                                            1 	(obj:0.0438474896212531)
x(1)                                                1 	(obj:-0.00667286319447288)
x(2)                                                1 	(obj:0.000565771959715261)
x(3)                                                1 	(obj:-9.56132732858106e-05)
x(12)                                               1 	(obj:-0.00348984795828146)
x(13)                                               1 	(obj:-0.00714774089661002)
x(16)                                               1 	(obj:-0.0059640060439669)
x(17)                                               1 	(obj:0.00117967554409262)
x(21)                                               1 	(obj:-0.00233757086924918)
x(22)                                               1 	(obj:0.00235010335856775)
x(23)                                               1 	(obj:-0.00274468105522858)
x(24)                                               1 	(obj:-0.00102827908751343)
x(27)                                               1 	(obj:-0.0023468359083123)
x(28)                                               1 	(obj:0.000863377525571901)
x(29)                                               1 	(obj:-0.00746616271732443)
x(30)                                               1 	(obj:-0.00517621098612854)
x(32)                                               1 	(obj:-0.0039925222536812)

Statistics
==========

SCIP Status        : problem is solved [optimal solution found]
Total Time         :      12.00
  solving          :      12.00
  presolving       :       0.00 (included in solving)
  reading          :       0.00
  copying          :       0.00 (2 #copies) (minimal 0.00, maximal 0.00, average 0.00)
Original Problem   :
  Problem name     : C:\Users\Claubit\Documents\GitHub\embedding\src\lp\scenario1_N32_classical\IPL_linearized_N32q500.00B16.lp
  Variables        : 1056 (0 binary, 1056 integer, 0 implicit integer, 0 continuous)
  Constraints      : 3073 initial, 3073 maximal
  Objective        : minimize, 1056 non-zeros (abs.min = 4.33064e-05, abs.max = 0.903122)
Presolved Problem  :
  Problem name     : t_C:\Users\Claubit\Documents\GitHub\embedding\src\lp\scenario1_N32_classical\IPL_linearized_N32q500.00B16.lp
  Variables        : 528 (528 binary, 0 integer, 0 implicit integer, 0 continuous)
  Constraints      : 497 initial, 628 maximal
  Objective        : minimize, 528 non-zeros (abs.min = 8.66129e-05, abs.max = 0.955676)
  Nonzeros         : 1520 constraint, 1984 clique table
Presolvers         :   ExecTime  SetupTime  Calls  FixedVars   AggrVars   ChgTypes  ChgBounds   AddHoles    DelCons    AddCons   ChgSides   ChgCoefs
  boundshift       :       0.00       0.00      0          0          0          0          0          0          0          0          0          0
  convertinttobin  :       0.00       0.00      0          0          0          0          0          0          0          0          0          0
  domcol           :       0.00       0.00      1          0          0          0          0          0          0          0          0          0
  dualagg          :       0.00       0.00      0          0          0          0          0          0          0          0          0          0
  dualcomp         :       0.00       0.00      0          0          0          0          0          0          0          0          0          0
  dualinfer        :       0.00       0.00      0          0          0          0          0          0          0          0          0          0
  dualsparsify     :       0.00       0.00      1          0          0          0          0          0          0          0          0          0
  gateextraction   :       0.00       0.00      1          0          0          0          0          0       2976        992          0          0
  implics          :       0.00       0.00      4          0          0          0          0          0          0          0          0          0
  inttobinary      :       0.00       0.00      0          0          0          0          0          0          0          0          0          0
  milp             :       0.00       0.00      1          0          0          0          0          0          0          0          0          0
  qpkktref         :       0.00       0.00      0          0          0          0          0          0          0          0          0          0
  redvub           :       0.00       0.00      0          0          0          0          0          0          0          0          0          0
  sparsify         :       0.00       0.00      1          0          0          0          0          0          0          0          0          0
  stuffing         :       0.00       0.00      0          0          0          0          0          0          0          0          0          0
  trivial          :       0.00       0.00      6          0          0          0          0          0          0          0          0          0
  tworowbnd        :       0.00       0.00      0          0          0          0          0          0          0          0          0          0
  dualfix          :       0.00       0.00      6          0          0          0          0          0          0          0          0          0
  genvbounds       :       0.00       0.00      0          0          0          0          0          0          0          0          0          0
  probing          :       0.00       0.00      1          0          0          0          0          0          0          0          0          0
  pseudoobj        :       0.00       0.00      0          0          0          0          0          0          0          0          0          0
  symmetry         :       0.00       0.00      1          0          0          0          0          0          0          0          0          0
  vbounds          :       0.00       0.00      1          0          0          0          0          0          0          0          0          0
  setppc           :       0.00       0.00      2          0          0          0          0          0          0          0          0          0
  and              :       0.00       0.00      4          0        496          0          0          0        496          0          0          0
  linear           :       0.00       0.00      8          0         32          0          0          0         96          0         32         32
  logicor          :       0.00       0.00      2          0          0          0          0          0          0          0          0          0
  benders          :       0.00       0.00      0          0          0          0          0          0          0          0          0          0
  components       :       0.00       0.00      1          0          0          0          0          0          0          0          0          0
  root node        :          -          -      -        370          -          -        370          -          -          -          -          -
Constraints        :     Number  MaxNumber  #Separate #Propagate    #EnfoLP    #EnfoRelax  #EnfoPS    #Check   #ResProp    Cutoffs    DomReds       Cuts    Applied      Conss   Children
  benderslp        :          0          0          0          0        122          0          0         62          0          0          0          0          0          0          0
  integral         :          0          0          0          0        122          0          0         62          0          1        355          0          0        110        144
  setppc           :          0+        73          0          6          0          0          0          0          0          0         13          0          0          0          0
  and              :        496        496        290       5404          2          0          0         57       2282         19       4566        309        256          0          0
  linear           :          1          1         36       5359          2          0          0         38         14          5         11          0          0          0          0
  logicor          :          0+       131         31       1393          0          0          0          0          7          4          2          0          0          0          0
  benders          :          0          0          0          0          2          0          0         37          0          0          0          0          0          0          0
  countsols        :          0          0          0          0          2          0          0         37          0          0          0          0          0          0          0
  components       :          0          0          0          0          0          0          0          0          0          0          0          0          0          0          0
Constraint Timings :  TotalTime  SetupTime   Separate  Propagate     EnfoLP     EnfoPS     EnfoRelax   Check    ResProp    SB-Prop
  benderslp        :       0.00       0.00       0.00       0.00       0.00       0.00       0.00       0.00       0.00       0.00
  integral         :       8.00       0.00       0.00       0.00       8.00       0.00       0.00       0.00       0.00       0.00
  setppc           :       0.00       0.00       0.00       0.00       0.00       0.00       0.00       0.00       0.00       0.00
  and              :       0.00       0.00       0.00       0.00       0.00       0.00       0.00       0.00       0.00       0.00
  linear           :       0.00       0.00       0.00       0.00       0.00       0.00       0.00       0.00       0.00       0.00
  logicor          :       0.00       0.00       0.00       0.00       0.00       0.00       0.00       0.00       0.00       0.00
  benders          :       0.00       0.00       0.00       0.00       0.00       0.00       0.00       0.00       0.00       0.00
  countsols        :       0.00       0.00       0.00       0.00       0.00       0.00       0.00       0.00       0.00       0.00
  components       :       0.00       0.00       0.00       0.00       0.00       0.00       0.00       0.00       0.00       0.00
Propagators        : #Propagate   #ResProp    Cutoffs    DomReds
  dualfix          :          3          0          0          0
  genvbounds       :          0          0          0          0
  nlobbt           :          0          0          0          0
  obbt             :          0          0          0          0
  probing          :          0          0          0          0
  pseudoobj        :        638          0          0          0
  redcost          :        515          0          0        884
  rootredcost      :         15          0          0          0
  symmetry         :          0          0          0          0
  vbounds          :       5430          0          0          0
Propagator Timings :  TotalTime  SetupTime   Presolve  Propagate    ResProp    SB-Prop
  dualfix          :       0.00       0.00       0.00       0.00       0.00       0.00
  genvbounds       :       0.00       0.00       0.00       0.00       0.00       0.00
  nlobbt           :       0.00       0.00       0.00       0.00       0.00       0.00
  obbt             :       0.00       0.00       0.00       0.00       0.00       0.00
  probing          :       0.00       0.00       0.00       0.00       0.00       0.00
  pseudoobj        :       0.00       0.00       0.00       0.00       0.00       0.00
  redcost          :       0.00       0.00       0.00       0.00       0.00       0.00
  rootredcost      :       0.00       0.00       0.00       0.00       0.00       0.00
  symmetry         :       0.00       0.00       0.00       0.00       0.00       0.00
  vbounds          :       0.00       0.00       0.00       0.00       0.00       0.00
Conflict Analysis  :       Time      Calls    Success    DomReds  Conflicts   Literals    Reconvs ReconvLits   Dualrays   Nonzeros   LP Iters   (pool size: [10000,10000])
  propagation      :       0.00         23         23          -         58       14.4          0        0.0          -          -          -
  infeasible LP    :       0.00          0          0          -          0        0.0          0        0.0          0        0.0          0
  bound exceed. LP :       1.00        126         36          -        343       46.1          0        0.0          0        0.0        866
  strong branching :       0.00          0          0          -          0        0.0          0        0.0          -          -          0
  pseudo solution  :       0.00          0          0          -          0        0.0          0        0.0          -          -          -
  applied globally :       0.00          -          -          0        173       19.3          -          -          0          -          -
  applied locally  :          -          -          -          0          0        0.0          -          -          0          -          -
Separators         :   ExecTime  SetupTime      Calls    Cutoffs    DomReds       Cuts    Applied      Conss
  cut pool         :       0.00                   210          -          -       2712          -          -    (maximal pool size: 3649)
  aggregation      :       0.00       0.00        118          0          0          1          0          0
  cgmip            :       0.00       0.00          0          0          0          0          0          0
  clique           :       0.00       0.00         36          0          0          0          0          0
  closecuts        :       0.00       0.00          0          0          0          0          0          0
  cmir             :       0.00       0.00          0          0          0          0          0          0
  convexproj       :       0.00       0.00          0          0          0          0          0          0
  disjunctive      :       0.00       0.00          0          0          0          0          0          0
  eccuts           :       0.00       0.00          0          0          0          0          0          0
  flowcover        :       0.00       0.00          0          0          0          0          0          0
  gauge            :       0.00       0.00          0          0          0          0          0          0
  gomory           :       3.00       0.00         64          0          0       1926        141          0
  impliedbounds    :       0.00       0.00        118          0          0         72         29          0
  intobj           :       0.00       0.00          0          0          0          0          0          0
  mcf              :       0.00       0.00          1          0          0          0          0          0
  oddcycle         :       0.00       0.00          0          0          0          0          0          0
  rapidlearning    :       0.00       0.00          0          0          0          0          0          0
  strongcg         :       0.00       0.00         20          0          0       2058         59          0
  zerohalf         :       0.00       0.00         74          0          0        224        274          0
Pricers            :   ExecTime  SetupTime      Calls       Vars
  problem variables:       0.00          -          0          0
Branching Rules    :   ExecTime  SetupTime   BranchLP  BranchExt   BranchPS    Cutoffs    DomReds       Cuts      Conss   Children
  allfullstrong    :       0.00       0.00          0          0          0          0          0          0          0          0
  cloud            :       0.00       0.00          0          0          0          0          0          0          0          0
  distribution     :       0.00       0.00          0          0          0          0          0          0          0          0
  fullstrong       :       0.00       0.00          0          0          0          0          0          0          0          0
  inference        :       0.00       0.00          0          0          0          0          0          0          0          0
  leastinf         :       0.00       0.00          0          0          0          0          0          0          0          0
  lookahead        :       0.00       0.00          0          0          0          0          0          0          0          0
  mostinf          :       0.00       0.00          0          0          0          0          0          0          0          0
  multaggr         :       0.00       0.00          0          0          0          0          0          0          0          0
  nodereopt        :       0.00       0.00          0          0          0          0          0          0          0          0
  pscost           :       0.00       0.00          0          0          0          0          0          0          0          0
  random           :       0.00       0.00          0          0          0          0          0          0          0          0
  relpscost        :       8.00       0.00        120          0          0          1        355          0        120        144
  vanillafullstrong:       0.00       0.00          0          0          0          0          0          0          0          0
Primal Heuristics  :   ExecTime  SetupTime      Calls      Found       Best
  LP solutions     :       0.00          -          -          2          2
  relax solutions  :       0.00          -          -          0          0
  pseudo solutions :       0.00          -          -          0          0
  strong branching :       0.00          -          -         12         12
  actconsdiving    :       0.00       0.00          0          0          0
  adaptivediving   :       0.00       0.00          0          0          0
  alns             :       0.00       0.00          1          0          0
  bound            :       0.00       0.00          0          0          0
  clique           :       0.00       0.00          1          1          1
  coefdiving       :       0.00       0.00          0          0          0
  completesol      :       0.00       0.00          0          0          0
  conflictdiving   :       0.00       0.00          1          0          0
  crossover        :       0.00       0.00          0          0          0
  dins             :       0.00       0.00          0          0          0
  distributiondivin:       0.00       0.00          0          0          0
  dualval          :       0.00       0.00          0          0          0
  farkasdiving     :       0.00       0.00          1          1          1
  feaspump         :       0.00       0.00          0          0          0
  fixandinfer      :       0.00       0.00          0          0          0
  fracdiving       :       0.00       0.00          0          0          0
  gins             :       0.00       0.00          0          0          0
  guideddiving     :       0.00       0.00          0          0          0
  indicator        :       0.00       0.00          0          0          0
  intdiving        :       0.00       0.00          0          0          0
  intshifting      :       0.00       0.00          0          0          0
  linesearchdiving :       0.00       0.00          0          0          0
  localbranching   :       0.00       0.00          0          0          0
  locks            :       0.00       0.00          1          0          0
  lpface           :       0.00       0.00          0          0          0
  mpec             :       0.00       0.00          0          0          0
  multistart       :       0.00       0.00          0          0          0
  mutation         :       0.00       0.00          0          0          0
  nlpdiving        :       0.00       0.00          0          0          0
  objpscostdiving  :       0.00       0.00          0          0          0
  octane           :       0.00       0.00          0          0          0
  ofins            :       0.00       0.00          0          0          0
  oneopt           :       0.00       0.00         17          0          0
  padm             :       0.00       0.00          0          0          0
  proximity        :       0.00       0.00          0          0          0
  pscostdiving     :       0.00       0.00          0          0          0
  randrounding     :       0.00       0.00         38          0          0
  rens             :       0.00       0.00          0          0          0
  reoptsols        :       0.00       0.00          0          0          0
  repair           :       0.00       0.00          0          0          0
  rins             :       0.00       0.00          0          0          0
  rootsoldiving    :       0.00       0.00          0          0          0
  rounding         :       0.00       0.00        201          0          0
  shiftandpropagate:       0.00       0.00          0          0          0
  shifting         :       1.00       0.00        116         21          4
  simplerounding   :       0.00       0.00          0          0          0
  subnlp           :       0.00       0.00          0          0          0
  trivial          :       0.00       0.00          2          0          0
  trivialnegation  :       0.00       0.00          0          0          0
  trustregion      :       0.00       0.00          0          0          0
  trysol           :       0.00       0.00          0          0          0
  twoopt           :       0.00       0.00          0          0          0
  undercover       :       0.00       0.00          1          1          1
  vbounds          :       0.00       0.00          1          0          0
  veclendiving     :       0.00       0.00          0          0          0
  zeroobj          :       0.00       0.00          0          0          0
  zirounding       :       0.00       0.00         72          0          0
  other solutions  :          -          -          -          0          -
Diving (single)    :      Calls      Nodes   LP Iters Backtracks  Conflicts   MinDepth   MaxDepth   AvgDepth  RoundSols  NLeafSols  MinSolDpt  MaxSolDpt  AvgSolDpt
  actconsdiving    :          0          -          -          -          -          -          -          -          -          -          -          -          -
  coefdiving       :          0          -          -          -          -          -          -          -          -          -          -          -          -
  conflictdiving   :          1         15        922          1          0         15         15       15.0          0          -          -          -          -
  distributiondivin:          0          -          -          -          -          -          -          -          -          -          -          -          -
  farkasdiving     :          1         27       1662          0          0         28         28       28.0          0          1         28         28       28.0
  fracdiving       :          0          -          -          -          -          -          -          -          -          -          -          -          -
  guideddiving     :          0          -          -          -          -          -          -          -          -          -          -          -          -
  linesearchdiving :          0          -          -          -          -          -          -          -          -          -          -          -          -
  pscostdiving     :          0          -          -          -          -          -          -          -          -          -          -          -          -
  veclendiving     :          0          -          -          -          -          -          -          -          -          -          -          -          -
Diving (adaptive)  :      Calls      Nodes   LP Iters Backtracks  Conflicts   MinDepth   MaxDepth   AvgDepth  RoundSols  NLeafSols  MinSolDpt  MaxSolDpt  AvgSolDpt
  actconsdiving    :          0          -          -          -          -          -          -          -          -          -          -          -          -
  coefdiving       :          0          -          -          -          -          -          -          -          -          -          -          -          -
  conflictdiving   :          0          -          -          -          -          -          -          -          -          -          -          -          -
  distributiondivin:          0          -          -          -          -          -          -          -          -          -          -          -          -
  farkasdiving     :          0          -          -          -          -          -          -          -          -          -          -          -          -
  fracdiving       :          0          -          -          -          -          -          -          -          -          -          -          -          -
  guideddiving     :          0          -          -          -          -          -          -          -          -          -          -          -          -
  linesearchdiving :          0          -          -          -          -          -          -          -          -          -          -          -          -
  pscostdiving     :          0          -          -          -          -          -          -          -          -          -          -          -          -
  veclendiving     :          0          -          -          -          -          -          -          -          -          -          -          -          -
Neighborhoods      :      Calls  SetupTime  SolveTime SolveNodes       Sols       Best       Exp3  EpsGreedy        UCB TgtFixRate  Opt  Inf Node Stal  Sol  Usr Othr Actv
  rens             :          0       0.00       0.00          0          0          0    0.00000   -1.00000    1.00000      0.900    0    0    0    0    0    0    0    1
  rins             :          0       0.00       0.00          0          0          0    0.00000   -1.00000    1.00000      0.900    0    0    0    0    0    0    0    1
  mutation         :          1       0.00       0.00          1          0          0    0.00000   -1.00000    1.00000      0.700    0    1    0    0    0    0    0    1
  localbranching   :          0       0.00       0.00          0          0          0    0.00000   -1.00000    1.00000      0.900    0    0    0    0    0    0    0    1
  crossover        :          0       0.00       0.00          0          0          0    0.00000   -1.00000    1.00000      0.900    0    0    0    0    0    0    0    1
  proximity        :          0       0.00       0.00          0          0          0    0.00000   -1.00000    1.00000      0.900    0    0    0    0    0    0    0    1
  zeroobjective    :          0       0.00       0.00          0          0          0    0.00000   -1.00000    1.00000      0.900    0    0    0    0    0    0    0    1
  dins             :          0       0.00       0.00          0          0          0    0.00000   -1.00000    1.00000      0.900    0    0    0    0    0    0    0    1
  trustregion      :          0       0.00       0.00          0          0          0    0.00000   -1.00000    1.00000      0.900    0    0    0    0    0    0    0    0
LP                 :       Time      Calls Iterations  Iter/call   Iter/sec  Time-0-It Calls-0-It    ItLimit
  primal LP        :       0.00         19          0       0.00          -       0.00         19
  dual LP          :       0.00        462      20199      57.55          -       0.00        111
  lex dual LP      :       0.00          0          0       0.00          -
  barrier LP       :       0.00          0          0       0.00          -       0.00          0
  resolve instable :       0.00          0          0       0.00          -
  diving/probing LP:       0.00         31       2584      83.35          -
  strong branching :       6.00        872     124823     143.15   20803.83          -          -         27
    (at root node) :          -         22      13496     613.45          -
  conflict analysis:       0.00         92        866       9.41          -
B&B Tree           :
  number of runs   :          1
  nodes            :        142 (72 internal, 70 leaves)
  feasible leaves  :          2
  infeas. leaves   :          2
  objective leaves :         66
  nodes (total)    :        142 (72 internal, 70 leaves)
  nodes left       :          0
  max depth        :         13
  max depth (total):         13
  backtracks       :         44 (31.0%)
  early backtracks :          0 (0.0%)
  nodes exc. ref.  :          0 (0.0%)
  delayed cutoffs  :          0
  repropagations   :          1 (0 domain reductions, 0 cutoffs)
  avg switch length:       3.17
  switching time   :       0.00
Estim. Tree Size   :        145
Estimation Tree    : 145 nodes (145 visited, 72 internal, 73 leaves, 0 open), weight: 1.0000 completed 1.0000
Estimations        :      estim      value      trend resolution     smooth
  wbe              :        145          -          -          -          -
  tree-profile     :         -1          -          -          -          -
  gap              :        145    1.00000    0.01476          1        150
  tree-weight      :        145    1.00000    0.03049          1        150
  leaf-frequency   :        145    0.50000    0.00072          1        147
  ssg              :        145    0.00000   -0.01351          1        146
  open-nodes       :        145    0.00000   -0.37422          1        146
Root Node          :
  First LP value   : -6.09568031744041e-01
  First LP Iters   :        345
  First LP Time    :       0.00
  Final Dual Bound : +3.05731416106344e+00
  Final Root Iters :       2690
  Root LP Estimate : +2.49277664546924e+01
Solution           :
  Solutions found  :         38 (21 improvements)
  First Solution   : +1.33046709411807e+01   (in run 1, after 1 nodes, 0.00 seconds, depth 18, found by <clique>)
  Gap First Sol.   :   infinite
  Gap Last Sol.    :      79.80 %
  Primal Bound     : +6.11894034865186e+00   (in run 1, after 37 nodes, 10.00 seconds, depth 14, found by <relaxation>)
  Dual Bound       : +6.11894034865186e+00
  Gap              :       0.00 %
Integrals          :      Total       Avg%
  primal-dual      :     628.36      52.36
  primal-ref       :          -          - (not evaluated)
  dual-ref         :          -          - (not evaluated)
