SCIP version 7.0.2 [precision: 8 byte] [memory: block] [mode: optimized] [LP solver: SoPlex 5.0.2] [GitHash: e9d280a398]
Copyright (C) 2002-2020 Konrad-Zuse-Zentrum fuer Informationstechnik Berlin (ZIB)

External codes: 
  SoPlex 5.0.2         Linear Programming Solver developed at Zuse Institute Berlin (soplex.zib.de) [GitHash: e24c304e]
  CppAD 20180000.0     Algorithmic Differentiation of C++ algorithms developed by B. Bell (www.coin-or.org/CppAD)
  MPIR 3.0.0           Multiple Precision Integers and Rationals Library developed by W. Hart (mpir.org)
  ZIMPL 3.4.0          Zuse Institute Mathematical Programming Language developed by T. Koch (zimpl.zib.de)
  PaPILO 1.0.2         parallel presolve for integer and linear optimization (https://github.com/lgottwald/PaPILO) [GitHash: 62d2842]
  bliss 0.73p          Computing Graph Automorphism Groups by T. Junttila and P. Kaski (http://www.tcs.hut.fi/Software/bliss/)
  Ipopt 3.12.9         Interior Point Optimizer developed by A. Waechter et.al. (www.coin-or.org/Ipopt)

user parameter file <scip.set> not found - using default parameters

read problem <C:\Users\Claubit\Documents\GitHub\embedding\src\lp\scenario1_N32_classical\IPL_linearized_N32q5.00B16.lp>
============

original problem has 1056 variables (0 bin, 1056 int, 0 impl, 0 cont) and 3073 constraints

solve problem
=============

presolving:
(round 1, fast)       32 del vars, 32 del conss, 0 add conss, 0 chg bounds, 32 chg sides, 32 chg coeffs, 0 upgd conss, 0 impls, 1984 clqs
(round 2, fast)       32 del vars, 96 del conss, 0 add conss, 0 chg bounds, 32 chg sides, 32 chg coeffs, 0 upgd conss, 0 impls, 1984 clqs
   (0.0s) running MILP presolver
   (0.0s) MILP presolver found nothing
(round 3, exhaustive) 32 del vars, 96 del conss, 0 add conss, 0 chg bounds, 32 chg sides, 32 chg coeffs, 2976 upgd conss, 0 impls, 1984 clqs
(round 4, exhaustive) 32 del vars, 3072 del conss, 992 add conss, 0 chg bounds, 32 chg sides, 32 chg coeffs, 2976 upgd conss, 0 impls, 1984 clqs
(round 5, exhaustive) 528 del vars, 3568 del conss, 992 add conss, 0 chg bounds, 32 chg sides, 32 chg coeffs, 2976 upgd conss, 0 impls, 992 clqs
   (0.0s) probing: 51/528 (9.7%) - 0 fixings, 0 aggregations, 0 implications, 0 bound changes
   (0.0s) probing aborted: 50/50 successive totally useless probings
   (0.0s) symmetry computation started: requiring (bin +, int -, cont +), (fixed: bin -, int +, cont -)
   (0.0s) no symmetry present
presolving (6 rounds: 6 fast, 4 medium, 4 exhaustive):
 528 deleted vars, 3568 deleted constraints, 992 added constraints, 0 tightened bounds, 0 added holes, 32 changed sides, 32 changed coefficients
 0 implications, 992 cliques
presolved problem has 528 variables (528 bin, 0 int, 0 impl, 0 cont) and 497 constraints
    496 constraints of type <and>
      1 constraints of type <linear>
Presolving Time: 0.00

 time | node  | left  |LP iter|LP it/n|mem/heur|mdpt |vars |cons |rows |cuts |sepa|confs|strbr|  dualbound   | primalbound  |  gap   | compl. 
p 0.0s|     1 |     0 |     0 |     - |  clique|   0 | 528 | 497 | 993 |   0 |  0 |   0 |   0 |-1.331560e-01 | 5.098325e-02 |    Inf | unknown
  0.0s|     1 |     0 |   366 |     - |    13M |   0 | 528 | 497 | 993 |   0 |  0 |   0 |   0 |-3.296076e-02 | 5.098325e-02 |    Inf | unknown
r 0.0s|     1 |     0 |   366 |     - |shifting|   0 | 528 | 498 | 993 |   0 |  0 |   1 |   0 |-3.296076e-02 | 4.817600e-02 |    Inf | unknown
  0.0s|     1 |     0 |   440 |     - |    14M |   0 | 528 | 498 |1054 |  61 |  1 |   1 |   0 |-2.642108e-02 | 4.817600e-02 |    Inf | unknown
r 0.0s|     1 |     0 |   440 |     - |shifting|   0 | 528 | 499 |1054 |  61 |  1 |   2 |   0 |-2.642108e-02 | 3.740062e-02 |    Inf | unknown
  0.0s|     1 |     0 |   479 |     - |    15M |   0 | 528 | 499 |1064 |  71 |  2 |   2 |   0 |-2.345656e-02 | 3.740062e-02 |    Inf | unknown
  0.0s|     1 |     0 |   503 |     - |    15M |   0 | 528 | 500 |1072 |  79 |  3 |   3 |   0 |-2.191564e-02 | 3.740062e-02 |    Inf | unknown
  0.0s|     1 |     0 |   547 |     - |    15M |   0 | 528 | 500 |1079 |  86 |  4 |   3 |   0 |-2.062502e-02 | 3.740062e-02 |    Inf | unknown
  0.0s|     1 |     0 |   588 |     - |    15M |   0 | 528 | 500 |1088 |  95 |  5 |   3 |   0 |-1.904913e-02 | 3.740062e-02 |    Inf | unknown
  0.0s|     1 |     0 |   644 |     - |    16M |   0 | 528 | 500 |1098 | 105 |  6 |   3 |   0 |-1.743871e-02 | 3.740062e-02 |    Inf | unknown
  0.0s|     1 |     0 |   679 |     - |    16M |   0 | 528 | 507 |1109 | 116 |  7 |  10 |   0 |-1.565108e-02 | 3.740062e-02 |    Inf | unknown
r 0.0s|     1 |     0 |   679 |     - |shifting|   0 | 528 | 508 |1109 | 116 |  7 |  11 |   0 |-1.565108e-02 | 3.432635e-02 |    Inf | unknown
  0.0s|     1 |     0 |   732 |     - |    17M |   0 | 528 | 508 |1122 | 129 |  8 |  11 |   0 |-1.428346e-02 | 3.432635e-02 |    Inf | unknown
  0.0s|     1 |     0 |   772 |     - |    18M |   0 | 528 | 514 |1131 | 138 |  9 |  17 |   0 |-1.317158e-02 | 3.432635e-02 |    Inf | unknown
  0.0s|     1 |     0 |   798 |     - |    18M |   0 | 528 | 514 |1136 | 143 | 10 |  17 |   0 |-1.295313e-02 | 3.432635e-02 |    Inf | unknown
 time | node  | left  |LP iter|LP it/n|mem/heur|mdpt |vars |cons |rows |cuts |sepa|confs|strbr|  dualbound   | primalbound  |  gap   | compl. 
  0.0s|     1 |     0 |   917 |     - |    18M |   0 | 528 | 518 |1140 | 155 | 11 |  21 |   0 |-1.190821e-02 | 3.432635e-02 |    Inf | unknown
r 0.0s|     1 |     0 |   917 |     - |shifting|   0 | 528 | 519 |1140 | 155 | 11 |  22 |   0 |-1.190821e-02 | 3.040489e-02 |    Inf | unknown
  0.0s|     1 |     0 |   963 |     - |    19M |   0 | 528 | 519 |1166 | 181 | 12 |  22 |   0 |-1.066538e-02 | 3.040489e-02 |    Inf | unknown
  0.0s|     1 |     0 |  1046 |     - |    19M |   0 | 528 | 523 |1175 | 190 | 13 |  26 |   0 |-9.613424e-03 | 3.040489e-02 |    Inf | unknown
  0.0s|     1 |     0 |  1120 |     - |    19M |   0 | 528 | 523 |1187 | 202 | 14 |  26 |   0 |-8.573026e-03 | 3.040489e-02 |    Inf | unknown
  0.0s|     1 |     0 |  1280 |     - |    19M |   0 | 528 | 523 |1197 | 212 | 15 |  26 |   0 |-6.469928e-03 | 3.040489e-02 |    Inf | unknown
  1.0s|     1 |     0 |  1403 |     - |    22M |   0 | 528 | 524 |1217 | 232 | 16 |  27 |   0 |-5.571950e-03 | 3.040489e-02 |    Inf | unknown
  1.0s|     1 |     0 |  1497 |     - |    23M |   0 | 528 | 525 |1224 | 240 | 17 |  28 |   0 |-4.949210e-03 | 3.040489e-02 |    Inf | unknown
  1.0s|     1 |     0 |  1583 |     - |    23M |   0 | 528 | 531 |1232 | 248 | 18 |  34 |   0 |-4.335694e-03 | 3.040489e-02 |    Inf | unknown
  1.0s|     1 |     0 |  1701 |     - |    23M |   0 | 528 | 531 |1239 | 255 | 19 |  34 |   0 |-3.713976e-03 | 3.040489e-02 |    Inf | unknown
  1.0s|     1 |     0 |  1739 |     - |    25M |   0 | 528 | 535 |1244 | 260 | 20 |  38 |   0 |-3.439757e-03 | 3.040489e-02 |    Inf | unknown
  1.0s|     1 |     0 |  1778 |     - |    25M |   0 | 528 | 536 |1248 | 264 | 21 |  39 |   0 |-3.342417e-03 | 3.040489e-02 |    Inf | unknown
  1.0s|     1 |     0 |  1854 |     - |    25M |   0 | 528 | 537 |1252 | 268 | 22 |  40 |   0 |-3.184571e-03 | 3.040489e-02 |    Inf | unknown
  1.0s|     1 |     0 |  1902 |     - |    25M |   0 | 528 | 537 |1243 | 272 | 23 |  40 |   0 |-3.131691e-03 | 3.040489e-02 |    Inf | unknown
  2.0s|     1 |     2 |  5617 |     - |    25M |   0 | 528 | 540 |1243 | 272 | 25 |  43 |  22 | 1.430793e-03 | 3.040489e-02 |2025.04%| unknown
 time | node  | left  |LP iter|LP it/n|mem/heur|mdpt |vars |cons |rows |cuts |sepa|confs|strbr|  dualbound   | primalbound  |  gap   | compl. 
* 2.0s|     5 |     2 |  6223 |1080.3 |strongbr|   4 | 528 | 538 |1214 | 289 |  2 |  43 |  85 | 4.222964e-03 | 9.599605e-03 | 127.32%|  18.47%
* 2.0s|     5 |     2 |  6264 |1090.5 |    LP  |   4 | 528 | 538 |1214 | 289 |  4 |  45 |  91 | 4.222964e-03 | 8.237141e-03 |  95.06%|  18.47%
* 2.0s|     6 |     1 |  6386 | 896.8 |strongbr|   4 | 528 | 538 |1215 | 290 |  4 |  45 |  94 | 4.222964e-03 | 7.472911e-03 |  76.96%|  20.76%
* 2.0s|     6 |     1 |  6386 | 896.8 |strongbr|   4 | 528 | 538 |1215 | 290 |  4 |  45 |  95 | 4.222964e-03 | 6.514221e-03 |  54.26%|  20.76%

SCIP Status        : problem is solved [optimal solution found]
Solving Time (sec) : 3.00
Solving Nodes      : 7
Primal Bound       : +6.51422143732977e-03 (14 solutions)
Dual Bound         : +6.51422143732977e-03
Gap                : 0.00 %

primal solution (original space):
=================================

objective value:                  0.00651422143732976
y(1,1)                                              1 	(obj:0.00156888670269452)
y(1,3)                                              1 	(obj:-0.000111440018888307)
y(1,4)                                              1 	(obj:-0.000137759812897202)
y(1,12)                                             1 	(obj:0.000771820024105565)
y(1,13)                                             1 	(obj:0.000704330278861334)
y(1,16)                                             1 	(obj:-0.000765731846302876)
y(1,17)                                             1 	(obj:-0.000692422128978296)
y(1,19)                                             1 	(obj:0.000448728805492293)
y(1,21)                                             1 	(obj:7.12116642766021e-05)
y(1,23)                                             1 	(obj:0.000607459539335812)
y(1,27)                                             1 	(obj:0.000726514081024283)
y(1,28)                                             1 	(obj:-0.00068325805830642)
y(1,29)                                             1 	(obj:0.00037345729181461)
y(1,30)                                             1 	(obj:0.000619200955717924)
y(1,31)                                             1 	(obj:0.000787622265384511)
y(1,32)                                             1 	(obj:0.000465083694969305)
y(3,1)                                              1 	(obj:-0.000111440018888307)
y(3,3)                                              1 	(obj:0.00104550886798183)
y(3,4)                                              1 	(obj:0.000793223505410973)
y(3,12)                                             1 	(obj:-0.000100597016059603)
y(3,13)                                             1 	(obj:6.25286256910847e-05)
y(3,16)                                             1 	(obj:0.000902121363751329)
y(3,17)                                             1 	(obj:0.000611983252214934)
y(3,19)                                             1 	(obj:0.000648339435818707)
y(3,21)                                             1 	(obj:0.000142192012293597)
y(3,23)                                             1 	(obj:-0.000186163808864807)
y(3,27)                                             1 	(obj:-0.000210690814603618)
y(3,28)                                             1 	(obj:0.000537748722900579)
y(3,29)                                             1 	(obj:-5.73411329333845e-05)
y(3,30)                                             1 	(obj:-3.26609060077247e-05)
y(3,31)                                             1 	(obj:0.000472223784776141)
y(3,32)                                             1 	(obj:-0.000233430617441682)
y(4,1)                                              1 	(obj:-0.000137759812897202)
y(4,3)                                              1 	(obj:0.000793223505410973)
y(4,4)                                              1 	(obj:0.00138532145853889)
y(4,12)                                             1 	(obj:0.000272209481644954)
y(4,13)                                             1 	(obj:0.000233352708552456)
y(4,16)                                             1 	(obj:0.00119101912919579)
y(4,17)                                             1 	(obj:0.000493598958997387)
y(4,19)                                             1 	(obj:0.000652463813036495)
y(4,21)                                             1 	(obj:0.000187052399971557)
y(4,23)                                             1 	(obj:0.000290048138008239)
y(4,27)                                             1 	(obj:0.000238796049695337)
y(4,28)                                             1 	(obj:0.000400139508575466)
y(4,29)                                             1 	(obj:-7.71619939208645e-05)
y(4,30)                                             1 	(obj:0.000193466174648385)
y(4,31)                                             1 	(obj:0.000632146885704555)
y(4,32)                                             1 	(obj:-0.000225439272312111)
y(12,1)                                             1 	(obj:0.000771820024105565)
y(12,3)                                             1 	(obj:-0.000100597016059603)
y(12,4)                                             1 	(obj:0.000272209481644954)
y(12,12)                                            1 	(obj:0.000881478811882804)
y(12,13)                                            1 	(obj:0.000651075146161504)
y(12,16)                                            1 	(obj:-0.000199445787254419)
y(12,17)                                            1 	(obj:-0.000540039342072329)
y(12,19)                                            1 	(obj:0.000207012012583271)
y(12,21)                                            1 	(obj:0.000154990619204977)
y(12,23)                                            1 	(obj:0.000814401974680461)
y(12,27)                                            1 	(obj:0.000563404643849668)
y(12,28)                                            1 	(obj:-0.000413737356652873)
y(12,29)                                            1 	(obj:0.000370222180881355)
y(12,30)                                            1 	(obj:0.000585280399861541)
y(12,31)                                            1 	(obj:0.000553542703589779)
y(12,32)                                            1 	(obj:0.00037601470641404)
y(13,1)                                             1 	(obj:0.000704330278861334)
y(13,3)                                             1 	(obj:6.25286256910847e-05)
y(13,4)                                             1 	(obj:0.000233352708552456)
y(13,12)                                            1 	(obj:0.000651075146161504)
y(13,13)                                            1 	(obj:0.00123704584393659)
y(13,16)                                            1 	(obj:6.07821100003893e-05)
y(13,17)                                            1 	(obj:-0.000329551050385302)
y(13,19)                                            1 	(obj:0.000564338854270219)
y(13,21)                                            1 	(obj:0.000331936138624684)
y(13,23)                                            1 	(obj:0.000562245063290577)
y(13,27)                                            1 	(obj:0.000480646222557701)
y(13,28)                                            1 	(obj:-0.000275089431992263)
y(13,29)                                            1 	(obj:0.000272777912122786)
y(13,30)                                            1 	(obj:0.000399609353270293)
y(13,31)                                            1 	(obj:0.000634245093892271)
y(13,32)                                            1 	(obj:0.000402148692576469)
y(16,1)                                             1 	(obj:-0.000765731846302876)
y(16,3)                                             1 	(obj:0.000902121363751329)
y(16,4)                                             1 	(obj:0.00119101912919579)
y(16,12)                                            1 	(obj:-0.000199445787254419)
y(16,13)                                            1 	(obj:6.07821100003893e-05)
y(16,16)                                            1 	(obj:0.0019783029823718)
y(16,17)                                            1 	(obj:0.000999141007368715)
y(16,19)                                            1 	(obj:0.000360189391290006)
y(16,21)                                            1 	(obj:0.000184194960864124)
y(16,23)                                            1 	(obj:-1.44692485009076e-05)
y(16,27)                                            1 	(obj:-0.000255653012964397)
y(16,28)                                            1 	(obj:0.000767674264954161)
y(16,29)                                            1 	(obj:-3.75337557962276e-05)
y(16,30)                                            1 	(obj:-0.000197835772930004)
y(16,31)                                            1 	(obj:0.000291133881430067)
y(16,32)                                            1 	(obj:-0.000380544332965484)
y(17,1)                                             1 	(obj:-0.000692422128978296)
y(17,3)                                             1 	(obj:0.000611983252214934)
y(17,4)                                             1 	(obj:0.000493598958997387)
y(17,12)                                            1 	(obj:-0.000540039342072329)
y(17,13)                                            1 	(obj:-0.000329551050385302)
y(17,16)                                            1 	(obj:0.000999141007368715)
y(17,17)                                            1 	(obj:0.0014718475538357)
y(17,19)                                            1 	(obj:0.00022718691226618)
y(17,21)                                            1 	(obj:7.71862927990466e-06)
y(17,23)                                            1 	(obj:-0.00052230947748912)
y(17,27)                                            1 	(obj:4.38607355040191e-05)
y(17,28)                                            1 	(obj:0.00110181704399536)
y(17,29)                                            1 	(obj:-0.000143757580051458)
y(17,30)                                            1 	(obj:-0.000472665180629797)
y(17,31)                                            1 	(obj:-0.000172774945914744)
y(17,32)                                            1 	(obj:-0.000313357438151542)
y(19,1)                                             1 	(obj:0.000448728805492293)
y(19,3)                                             1 	(obj:0.000648339435818707)
y(19,4)                                             1 	(obj:0.000652463813036495)
y(19,12)                                            1 	(obj:0.000207012012583271)
y(19,13)                                            1 	(obj:0.000564338854270219)
y(19,16)                                            1 	(obj:0.000360189391290006)
y(19,17)                                            1 	(obj:0.00022718691226618)
y(19,19)                                            1 	(obj:0.00119042391590118)
y(19,21)                                            1 	(obj:6.99914655436295e-05)
y(19,23)                                            1 	(obj:0.000134593792455071)
y(19,27)                                            1 	(obj:0.000559792031989135)
y(19,28)                                            1 	(obj:0.000183290781329656)
y(19,29)                                            1 	(obj:7.66168291307524e-05)
y(19,30)                                            1 	(obj:0.000138726504017673)
y(19,31)                                            1 	(obj:0.000728311936815497)
y(19,32)                                            1 	(obj:9.88830306857495e-05)
y(21,1)                                             1 	(obj:7.12116642766021e-05)
y(21,3)                                             1 	(obj:0.000142192012293597)
y(21,4)                                             1 	(obj:0.000187052399971557)
y(21,12)                                            1 	(obj:0.000154990619204977)
y(21,13)                                            1 	(obj:0.000331936138624684)
y(21,16)                                            1 	(obj:0.000184194960864124)
y(21,17)                                            1 	(obj:7.71862927990466e-06)
y(21,19)                                            1 	(obj:6.99914655436295e-05)
y(21,21)                                            1 	(obj:0.000533156128821862)
y(21,23)                                            1 	(obj:0.000334419305362122)
y(21,27)                                            1 	(obj:-0.000137260750318027)
y(21,28)                                            1 	(obj:-1.29172329519476e-05)
y(21,29)                                            1 	(obj:0.000175519694181521)
y(21,30)                                            1 	(obj:7.88888095413585e-05)
y(21,31)                                            1 	(obj:0.000359192532098107)
y(21,32)                                            1 	(obj:-2.8580382466445e-05)
y(23,1)                                             1 	(obj:0.000607459539335812)
y(23,3)                                             1 	(obj:-0.000186163808864807)
y(23,4)                                             1 	(obj:0.000290048138008239)
y(23,12)                                            1 	(obj:0.000814401974680461)
y(23,13)                                            1 	(obj:0.000562245063290577)
y(23,16)                                            1 	(obj:-1.44692485009076e-05)
y(23,17)                                            1 	(obj:-0.00052230947748912)
y(23,19)                                            1 	(obj:0.000134593792455071)
y(23,21)                                            1 	(obj:0.000334419305362122)
y(23,23)                                            1 	(obj:0.00128668121172141)
y(23,27)                                            1 	(obj:0.000359665132295444)
y(23,28)                                            1 	(obj:-0.000770447908781112)
y(23,29)                                            1 	(obj:0.00034619397033996)
y(23,30)                                            1 	(obj:0.000553157715467618)
y(23,31)                                            1 	(obj:0.000847633662292914)
y(23,32)                                            1 	(obj:0.000340724628531629)
y(27,1)                                             1 	(obj:0.000726514081024283)
y(27,3)                                             1 	(obj:-0.000210690814603618)
y(27,4)                                             1 	(obj:0.000238796049695337)
y(27,12)                                            1 	(obj:0.000563404643849668)
y(27,13)                                            1 	(obj:0.000480646222557701)
y(27,16)                                            1 	(obj:-0.000255653012964397)
y(27,17)                                            1 	(obj:4.38607355040191e-05)
y(27,19)                                            1 	(obj:0.000559792031989135)
y(27,21)                                            1 	(obj:-0.000137260750318027)
y(27,23)                                            1 	(obj:0.000359665132295444)
y(27,27)                                            1 	(obj:0.00152767739061466)
y(27,28)                                            1 	(obj:0.000287764236007298)
y(27,29)                                            1 	(obj:0.00019590047129621)
y(27,30)                                            1 	(obj:0.000329037589504282)
y(27,31)                                            1 	(obj:0.000337443813458252)
y(27,32)                                            1 	(obj:0.00045892269784415)
y(28,1)                                             1 	(obj:-0.00068325805830642)
y(28,3)                                             1 	(obj:0.000537748722900579)
y(28,4)                                             1 	(obj:0.000400139508575466)
y(28,12)                                            1 	(obj:-0.000413737356652873)
y(28,13)                                            1 	(obj:-0.000275089431992263)
y(28,16)                                            1 	(obj:0.000767674264954161)
y(28,17)                                            1 	(obj:0.00110181704399536)
y(28,19)                                            1 	(obj:0.000183290781329656)
y(28,21)                                            1 	(obj:-1.29172329519476e-05)
y(28,23)                                            1 	(obj:-0.000770447908781112)
y(28,27)                                            1 	(obj:0.000287764236007298)
y(28,28)                                            1 	(obj:0.00172486550789652)
y(28,29)                                            1 	(obj:-0.000175256708535271)
y(28,30)                                            1 	(obj:-0.000329262377492901)
y(28,31)                                            1 	(obj:-0.000672100927672849)
y(28,32)                                            1 	(obj:-0.00022992227197187)
y(29,1)                                             1 	(obj:0.00037345729181461)
y(29,3)                                             1 	(obj:-5.73411329333845e-05)
y(29,4)                                             1 	(obj:-7.71619939208645e-05)
y(29,12)                                            1 	(obj:0.000370222180881355)
y(29,13)                                            1 	(obj:0.000272777912122786)
y(29,16)                                            1 	(obj:-3.75337557962276e-05)
y(29,17)                                            1 	(obj:-0.000143757580051458)
y(29,19)                                            1 	(obj:7.66168291307524e-05)
y(29,21)                                            1 	(obj:0.000175519694181521)
y(29,23)                                            1 	(obj:0.00034619397033996)
y(29,27)                                            1 	(obj:0.00019590047129621)
y(29,28)                                            1 	(obj:-0.000175256708535271)
y(29,29)                                            1 	(obj:0.000916700478022803)
y(29,30)                                            1 	(obj:0.000244930134885173)
y(29,31)                                            1 	(obj:0.000212775888806751)
y(29,32)                                            1 	(obj:0.00021211143059317)
y(30,1)                                             1 	(obj:0.000619200955717924)
y(30,3)                                             1 	(obj:-3.26609060077247e-05)
y(30,4)                                             1 	(obj:0.000193466174648385)
y(30,12)                                            1 	(obj:0.000585280399861541)
y(30,13)                                            1 	(obj:0.000399609353270293)
y(30,16)                                            1 	(obj:-0.000197835772930004)
y(30,17)                                            1 	(obj:-0.000472665180629797)
y(30,19)                                            1 	(obj:0.000138726504017673)
y(30,21)                                            1 	(obj:7.88888095413585e-05)
y(30,23)                                            1 	(obj:0.000553157715467618)
y(30,27)                                            1 	(obj:0.000329037589504282)
y(30,28)                                            1 	(obj:-0.000329262377492901)
y(30,29)                                            1 	(obj:0.000244930134885173)
y(30,30)                                            1 	(obj:0.000608911973522132)
y(30,31)                                            1 	(obj:0.000510953872533573)
y(30,32)                                            1 	(obj:0.000263421576642983)
y(31,1)                                             1 	(obj:0.000787622265384511)
y(31,3)                                             1 	(obj:0.000472223784776141)
y(31,4)                                             1 	(obj:0.000632146885704555)
y(31,12)                                            1 	(obj:0.000553542703589779)
y(31,13)                                            1 	(obj:0.000634245093892271)
y(31,16)                                            1 	(obj:0.000291133881430067)
y(31,17)                                            1 	(obj:-0.000172774945914744)
y(31,19)                                            1 	(obj:0.000728311936815497)
y(31,21)                                            1 	(obj:0.000359192532098107)
y(31,23)                                            1 	(obj:0.000847633662292914)
y(31,27)                                            1 	(obj:0.000337443813458252)
y(31,28)                                            1 	(obj:-0.000672100927672849)
y(31,29)                                            1 	(obj:0.000212775888806751)
y(31,30)                                            1 	(obj:0.000510953872533573)
y(31,31)                                            1 	(obj:0.00155769721689099)
y(31,32)                                            1 	(obj:0.00028632195421794)
y(32,1)                                             1 	(obj:0.000465083694969305)
y(32,3)                                             1 	(obj:-0.000233430617441682)
y(32,4)                                             1 	(obj:-0.000225439272312111)
y(32,12)                                            1 	(obj:0.00037601470641404)
y(32,13)                                            1 	(obj:0.000402148692576469)
y(32,16)                                            1 	(obj:-0.000380544332965484)
y(32,17)                                            1 	(obj:-0.000313357438151542)
y(32,19)                                            1 	(obj:9.88830306857495e-05)
y(32,21)                                            1 	(obj:-2.8580382466445e-05)
y(32,23)                                            1 	(obj:0.000340724628531629)
y(32,27)                                            1 	(obj:0.00045892269784415)
y(32,28)                                            1 	(obj:-0.00022992227197187)
y(32,29)                                            1 	(obj:0.00021211143059317)
y(32,30)                                            1 	(obj:0.000263421576642983)
y(32,31)                                            1 	(obj:0.00028632195421794)
y(32,32)                                            1 	(obj:0.000438474896212531)
x(1)                                                1 	(obj:-0.00667286319447288)
x(3)                                                1 	(obj:-9.56132732858106e-05)
x(4)                                                1 	(obj:-0.00434230035302338)
x(12)                                               1 	(obj:-0.00348984795828146)
x(13)                                               1 	(obj:-0.00714774089661002)
x(16)                                               1 	(obj:-0.0059640060439669)
x(17)                                               1 	(obj:0.00117967554409262)
x(19)                                               1 	(obj:-0.0045666940884271)
x(21)                                               1 	(obj:-0.00233757086924918)
x(23)                                               1 	(obj:-0.00274468105522858)
x(27)                                               1 	(obj:-0.0023468359083123)
x(28)                                               1 	(obj:0.000863377525571901)
x(29)                                               1 	(obj:-0.00746616271732443)
x(30)                                               1 	(obj:-0.00517621098612854)
x(31)                                               1 	(obj:-0.00870726096131751)
x(32)                                               1 	(obj:-0.0039925222536812)

Statistics
==========

SCIP Status        : problem is solved [optimal solution found]
Total Time         :       3.00
  solving          :       3.00
  presolving       :       0.00 (included in solving)
  reading          :       0.00
  copying          :       0.00 (2 #copies) (minimal 0.00, maximal 0.00, average 0.00)
Original Problem   :
  Problem name     : C:\Users\Claubit\Documents\GitHub\embedding\src\lp\scenario1_N32_classical\IPL_linearized_N32q5.00B16.lp
  Variables        : 1056 (0 binary, 1056 integer, 0 implicit integer, 0 continuous)
  Constraints      : 3073 initial, 3073 maximal
  Objective        : minimize, 1056 non-zeros (abs.min = 4.33064e-07, abs.max = 0.00903122)
Presolved Problem  :
  Problem name     : t_C:\Users\Claubit\Documents\GitHub\embedding\src\lp\scenario1_N32_classical\IPL_linearized_N32q5.00B16.lp
  Variables        : 528 (528 binary, 0 integer, 0 implicit integer, 0 continuous)
  Constraints      : 497 initial, 541 maximal
  Objective        : minimize, 528 non-zeros (abs.min = 8.66129e-07, abs.max = 0.0123908)
  Nonzeros         : 1520 constraint, 1988 clique table
Presolvers         :   ExecTime  SetupTime  Calls  FixedVars   AggrVars   ChgTypes  ChgBounds   AddHoles    DelCons    AddCons   ChgSides   ChgCoefs
  boundshift       :       0.00       0.00      0          0          0          0          0          0          0          0          0          0
  convertinttobin  :       0.00       0.00      0          0          0          0          0          0          0          0          0          0
  domcol           :       0.00       0.00      1          0          0          0          0          0          0          0          0          0
  dualagg          :       0.00       0.00      0          0          0          0          0          0          0          0          0          0
  dualcomp         :       0.00       0.00      0          0          0          0          0          0          0          0          0          0
  dualinfer        :       0.00       0.00      0          0          0          0          0          0          0          0          0          0
  dualsparsify     :       0.00       0.00      1          0          0          0          0          0          0          0          0          0
  gateextraction   :       0.00       0.00      1          0          0          0          0          0       2976        992          0          0
  implics          :       0.00       0.00      4          0          0          0          0          0          0          0          0          0
  inttobinary      :       0.00       0.00      0          0          0          0          0          0          0          0          0          0
  milp             :       0.00       0.00      1          0          0          0          0          0          0          0          0          0
  qpkktref         :       0.00       0.00      0          0          0          0          0          0          0          0          0          0
  redvub           :       0.00       0.00      0          0          0          0          0          0          0          0          0          0
  sparsify         :       0.00       0.00      1          0          0          0          0          0          0          0          0          0
  stuffing         :       0.00       0.00      0          0          0          0          0          0          0          0          0          0
  trivial          :       0.00       0.00      6          0          0          0          0          0          0          0          0          0
  tworowbnd        :       0.00       0.00      0          0          0          0          0          0          0          0          0          0
  dualfix          :       0.00       0.00      6          0          0          0          0          0          0          0          0          0
  genvbounds       :       0.00       0.00      0          0          0          0          0          0          0          0          0          0
  probing          :       0.00       0.00      1          0          0          0          0          0          0          0          0          0
  pseudoobj        :       0.00       0.00      0          0          0          0          0          0          0          0          0          0
  symmetry         :       0.00       0.00      1          0          0          0          0          0          0          0          0          0
  vbounds          :       0.00       0.00      1          0          0          0          0          0          0          0          0          0
  setppc           :       0.00       0.00      2          0          0          0          0          0          0          0          0          0
  and              :       0.00       0.00      4          0        496          0          0          0        496          0          0          0
  linear           :       0.00       0.00      8          0         32          0          0          0         96          0         32         32
  logicor          :       0.00       0.00      2          0          0          0          0          0          0          0          0          0
  benders          :       0.00       0.00      0          0          0          0          0          0          0          0          0          0
  components       :       0.00       0.00      1          0          0          0          0          0          0          0          0          0
  root node        :          -          -      -        161          -          -        161          -          -          -          -          -
Constraints        :     Number  MaxNumber  #Separate #Propagate    #EnfoLP    #EnfoRelax  #EnfoPS    #Check   #ResProp    Cutoffs    DomReds       Cuts    Applied      Conss   Children
  benderslp        :          0          0          0          0         10          0          0         27          0          0          0          0          0          0          0
  integral         :          0          0          0          0         10          0          0         27          0          1         77          0          0          3          8
  setppc           :          0+        61          0        238          0          0          0          3          2          0          0          0          0          0          0
  and              :        496        496         43       1357          1          0          0         22        156         16        239        152         74          0          0
  linear           :          1+         2         24       1327          1          0          0         15          7          2          0          0          0          0          0
  logicor          :          0+        43         24        279          0          0          0          0          0          0          0          0          0          0          0
  benders          :          0          0          0          0          1          0          0         14          0          0          0          0          0          0          0
  countsols        :          0          0          0          0          1          0          0         14          0          0          0          0          0          0          0
  components       :          0          0          0          0          0          0          0          0          0          0          0          0          0          0          0
Constraint Timings :  TotalTime  SetupTime   Separate  Propagate     EnfoLP     EnfoPS     EnfoRelax   Check    ResProp    SB-Prop
  benderslp        :       0.00       0.00       0.00       0.00       0.00       0.00       0.00       0.00       0.00       0.00
  integral         :       1.00       0.00       0.00       0.00       1.00       0.00       0.00       0.00       0.00       0.00
  setppc           :       0.00       0.00       0.00       0.00       0.00       0.00       0.00       0.00       0.00       0.00
  and              :       0.00       0.00       0.00       0.00       0.00       0.00       0.00       0.00       0.00       0.00
  linear           :       0.00       0.00       0.00       0.00       0.00       0.00       0.00       0.00       0.00       0.00
  logicor          :       0.00       0.00       0.00       0.00       0.00       0.00       0.00       0.00       0.00       0.00
  benders          :       0.00       0.00       0.00       0.00       0.00       0.00       0.00       0.00       0.00       0.00
  countsols        :       0.00       0.00       0.00       0.00       0.00       0.00       0.00       0.00       0.00       0.00
  components       :       0.00       0.00       0.00       0.00       0.00       0.00       0.00       0.00       0.00       0.00
Propagators        : #Propagate   #ResProp    Cutoffs    DomReds
  dualfix          :          2          0          0          0
  genvbounds       :          0          0          0          0
  nlobbt           :          0          0          0          0
  obbt             :          0          0          0          0
  probing          :          0          0          0          0
  pseudoobj        :         68          0          0          0
  redcost          :         65          0          0        193
  rootredcost      :          4          0          0          0
  symmetry         :          0          0          0          0
  vbounds          :       1268          0          0          0
Propagator Timings :  TotalTime  SetupTime   Presolve  Propagate    ResProp    SB-Prop
  dualfix          :       0.00       0.00       0.00       0.00       0.00       0.00
  genvbounds       :       0.00       0.00       0.00       0.00       0.00       0.00
  nlobbt           :       0.00       0.00       0.00       0.00       0.00       0.00
  obbt             :       0.00       0.00       0.00       0.00       0.00       0.00
  probing          :       0.00       0.00       0.00       0.00       0.00       0.00
  pseudoobj        :       0.00       0.00       0.00       0.00       0.00       0.00
  redcost          :       0.00       0.00       0.00       0.00       0.00       0.00
  rootredcost      :       0.00       0.00       0.00       0.00       0.00       0.00
  symmetry         :       0.00       0.00       0.00       0.00       0.00       0.00
  vbounds          :       0.00       0.00       0.00       0.00       0.00       0.00
Conflict Analysis  :       Time      Calls    Success    DomReds  Conflicts   Literals    Reconvs ReconvLits   Dualrays   Nonzeros   LP Iters   (pool size: [10000,10000])
  propagation      :       0.00         16         16          -         41       12.1          0        0.0          -          -          -
  infeasible LP    :       0.00          0          0          -          0        0.0          0        0.0          0        0.0          0
  bound exceed. LP :       0.00         25          5          -         11       13.2          0        0.0          1       77.0        181
  strong branching :       0.00          0          0          -          0        0.0          0        0.0          -          -          0
  pseudo solution  :       0.00          0          0          -          0        0.0          0        0.0          -          -          -
  applied globally :       0.00          -          -          0         49       10.5          -          -          1          -          -
  applied locally  :          -          -          -          0          0        0.0          -          -          0          -          -
Separators         :   ExecTime  SetupTime      Calls    Cutoffs    DomReds       Cuts    Applied      Conss
  cut pool         :       0.00                    44          -          -       1714          -          -    (maximal pool size: 2797)
  aggregation      :       0.00       0.00         24          0          0          0          0          0
  cgmip            :       0.00       0.00          0          0          0          0          0          0
  clique           :       0.00       0.00         24          0          0          0          0          0
  closecuts        :       0.00       0.00          0          0          0          0          0          0
  cmir             :       0.00       0.00          0          0          0          0          0          0
  convexproj       :       0.00       0.00          0          0          0          0          0          0
  disjunctive      :       0.00       0.00          0          0          0          0          0          0
  eccuts           :       0.00       0.00          0          0          0          0          0          0
  flowcover        :       0.00       0.00          0          0          0          0          0          0
  gauge            :       0.00       0.00          0          0          0          0          0          0
  gomory           :       0.00       0.00         10          0          0        743         56          0
  impliedbounds    :       0.00       0.00         24          0          0        109         57          0
  intobj           :       0.00       0.00          0          0          0          0          0          0
  mcf              :       0.00       0.00          1          0          0          0          0          0
  oddcycle         :       0.00       0.00          0          0          0          0          0          0
  rapidlearning    :       0.00       0.00          0          0          0          0          0          0
  strongcg         :       1.00       0.00         20          0          0       1844         27          0
  zerohalf         :       0.00       0.00         20          0          0        101         90          0
Pricers            :   ExecTime  SetupTime      Calls       Vars
  problem variables:       0.00          -          0          0
Branching Rules    :   ExecTime  SetupTime   BranchLP  BranchExt   BranchPS    Cutoffs    DomReds       Cuts      Conss   Children
  allfullstrong    :       0.00       0.00          0          0          0          0          0          0          0          0
  cloud            :       0.00       0.00          0          0          0          0          0          0          0          0
  distribution     :       0.00       0.00          0          0          0          0          0          0          0          0
  fullstrong       :       0.00       0.00          0          0          0          0          0          0          0          0
  inference        :       0.00       0.00          0          0          0          0          0          0          0          0
  leastinf         :       0.00       0.00          0          0          0          0          0          0          0          0
  lookahead        :       0.00       0.00          0          0          0          0          0          0          0          0
  mostinf          :       0.00       0.00          0          0          0          0          0          0          0          0
  multaggr         :       0.00       0.00          0          0          0          0          0          0          0          0
  nodereopt        :       0.00       0.00          0          0          0          0          0          0          0          0
  pscost           :       0.00       0.00          0          0          0          0          0          0          0          0
  random           :       0.00       0.00          0          0          0          0          0          0          0          0
  relpscost        :       1.00       0.00          9          0          0          1         77          0          5          8
  vanillafullstrong:       0.00       0.00          0          0          0          0          0          0          0          0
Primal Heuristics  :   ExecTime  SetupTime      Calls      Found       Best
  LP solutions     :       0.00          -          -          1          1
  relax solutions  :       0.00          -          -          0          0
  pseudo solutions :       0.00          -          -          0          0
  strong branching :       0.00          -          -          3          3
  actconsdiving    :       0.00       0.00          0          0          0
  adaptivediving   :       0.00       0.00          0          0          0
  alns             :       0.00       0.00          1          0          0
  bound            :       0.00       0.00          0          0          0
  clique           :       0.00       0.00          1          1          1
  coefdiving       :       0.00       0.00          0          0          0
  completesol      :       0.00       0.00          0          0          0
  conflictdiving   :       0.00       0.00          1          0          0
  crossover        :       0.00       0.00          0          0          0
  dins             :       0.00       0.00          0          0          0
  distributiondivin:       0.00       0.00          0          0          0
  dualval          :       0.00       0.00          0          0          0
  farkasdiving     :       0.00       0.00          1          0          0
  feaspump         :       0.00       0.00          1          0          0
  fixandinfer      :       0.00       0.00          0          0          0
  fracdiving       :       0.00       0.00          0          0          0
  gins             :       0.00       0.00          0          0          0
  guideddiving     :       0.00       0.00          0          0          0
  indicator        :       0.00       0.00          0          0          0
  intdiving        :       0.00       0.00          0          0          0
  intshifting      :       0.00       0.00          0          0          0
  linesearchdiving :       0.00       0.00          0          0          0
  localbranching   :       0.00       0.00          0          0          0
  locks            :       0.00       0.00          1          0          0
  lpface           :       0.00       0.00          0          0          0
  mpec             :       0.00       0.00          0          0          0
  multistart       :       0.00       0.00          0          0          0
  mutation         :       0.00       0.00          0          0          0
  nlpdiving        :       0.00       0.00          0          0          0
  objpscostdiving  :       0.00       0.00          0          0          0
  octane           :       0.00       0.00          0          0          0
  ofins            :       0.00       0.00          0          0          0
  oneopt           :       0.00       0.00          8          0          0
  padm             :       0.00       0.00          0          0          0
  proximity        :       0.00       0.00          0          0          0
  pscostdiving     :       0.00       0.00          0          0          0
  randrounding     :       0.00       0.00         24          0          0
  rens             :       0.00       0.00          0          0          0
  reoptsols        :       0.00       0.00          0          0          0
  repair           :       0.00       0.00          0          0          0
  rins             :       0.00       0.00          0          0          0
  rootsoldiving    :       0.00       0.00          0          0          0
  rounding         :       0.00       0.00         42          0          0
  shiftandpropagate:       0.00       0.00          0          0          0
  shifting         :       0.00       0.00         24          9          4
  simplerounding   :       0.00       0.00          0          0          0
  subnlp           :       0.00       0.00          0          0          0
  trivial          :       0.00       0.00          2          0          0
  trivialnegation  :       0.00       0.00          0          0          0
  trustregion      :       0.00       0.00          0          0          0
  trysol           :       0.00       0.00          0          0          0
  twoopt           :       0.00       0.00          0          0          0
  undercover       :       0.00       0.00          1          0          0
  vbounds          :       0.00       0.00          1          0          0
  veclendiving     :       0.00       0.00          0          0          0
  zeroobj          :       0.00       0.00          0          0          0
  zirounding       :       0.00       0.00          4          0          0
  other solutions  :          -          -          -          0          -
Diving (single)    :      Calls      Nodes   LP Iters Backtracks  Conflicts   MinDepth   MaxDepth   AvgDepth  RoundSols  NLeafSols  MinSolDpt  MaxSolDpt  AvgSolDpt
  actconsdiving    :          0          -          -          -          -          -          -          -          -          -          -          -          -
  coefdiving       :          0          -          -          -          -          -          -          -          -          -          -          -          -
  conflictdiving   :          1         14          0          1          0         14         14       14.0          0          -          -          -          -
  distributiondivin:          0          -          -          -          -          -          -          -          -          -          -          -          -
  farkasdiving     :          1         11       1287          3          2          9          9        9.0          0          -          -          -          -
  fracdiving       :          0          -          -          -          -          -          -          -          -          -          -          -          -
  guideddiving     :          0          -          -          -          -          -          -          -          -          -          -          -          -
  linesearchdiving :          0          -          -          -          -          -          -          -          -          -          -          -          -
  pscostdiving     :          0          -          -          -          -          -          -          -          -          -          -          -          -
  veclendiving     :          0          -          -          -          -          -          -          -          -          -          -          -          -
Diving (adaptive)  :      Calls      Nodes   LP Iters Backtracks  Conflicts   MinDepth   MaxDepth   AvgDepth  RoundSols  NLeafSols  MinSolDpt  MaxSolDpt  AvgSolDpt
  actconsdiving    :          0          -          -          -          -          -          -          -          -          -          -          -          -
  coefdiving       :          0          -          -          -          -          -          -          -          -          -          -          -          -
  conflictdiving   :          0          -          -          -          -          -          -          -          -          -          -          -          -
  distributiondivin:          0          -          -          -          -          -          -          -          -          -          -          -          -
  farkasdiving     :          0          -          -          -          -          -          -          -          -          -          -          -          -
  fracdiving       :          0          -          -          -          -          -          -          -          -          -          -          -          -
  guideddiving     :          0          -          -          -          -          -          -          -          -          -          -          -          -
  linesearchdiving :          0          -          -          -          -          -          -          -          -          -          -          -          -
  pscostdiving     :          0          -          -          -          -          -          -          -          -          -          -          -          -
  veclendiving     :          0          -          -          -          -          -          -          -          -          -          -          -          -
Neighborhoods      :      Calls  SetupTime  SolveTime SolveNodes       Sols       Best       Exp3  EpsGreedy        UCB TgtFixRate  Opt  Inf Node Stal  Sol  Usr Othr Actv
  rens             :          0       0.00       0.00          0          0          0    0.00000   -1.00000    1.00000      0.900    0    0    0    0    0    0    0    1
  rins             :          0       0.00       0.00          0          0          0    0.00000   -1.00000    1.00000      0.900    0    0    0    0    0    0    0    1
  mutation         :          1       0.00       0.00          1          0          0    0.00000   -1.00000    1.00000      0.700    0    1    0    0    0    0    0    1
  localbranching   :          0       0.00       0.00          0          0          0    0.00000   -1.00000    1.00000      0.900    0    0    0    0    0    0    0    1
  crossover        :          0       0.00       0.00          0          0          0    0.00000   -1.00000    1.00000      0.900    0    0    0    0    0    0    0    1
  proximity        :          0       0.00       0.00          0          0          0    0.00000   -1.00000    1.00000      0.900    0    0    0    0    0    0    0    1
  zeroobjective    :          0       0.00       0.00          0          0          0    0.00000   -1.00000    1.00000      0.900    0    0    0    0    0    0    0    1
  dins             :          0       0.00       0.00          0          0          0    0.00000   -1.00000    1.00000      0.900    0    0    0    0    0    0    0    1
  trustregion      :          0       0.00       0.00          0          0          0    0.00000   -1.00000    1.00000      0.900    0    0    0    0    0    0    0    0
LP                 :       Time      Calls Iterations  Iter/call   Iter/sec  Time-0-It Calls-0-It    ItLimit
  primal LP        :       0.00          4          0       0.00          -       0.00          4
  dual LP          :       1.00         56       3051      69.34    3051.00       1.00         12
  lex dual LP      :       0.00          0          0       0.00          -
  barrier LP       :       0.00          0          0       0.00          -       0.00          0
  resolve instable :       0.00          0          0       0.00          -
  diving/probing LP:       0.00         29       3727     128.52          -
  strong branching :       1.00        104      21843     210.03   21843.00          -          -          0
    (at root node) :          -         22       9211     418.68          -
  conflict analysis:       0.00         19        181       9.53          -
B&B Tree           :
  number of runs   :          1
  nodes            :          7 (4 internal, 3 leaves)
  feasible leaves  :          1
  infeas. leaves   :          0
  objective leaves :          2
  nodes (total)    :          7 (4 internal, 3 leaves)
  nodes left       :          0
  max depth        :          4
  max depth (total):          4
  backtracks       :          1 (14.3%)
  early backtracks :          0 (0.0%)
  nodes exc. ref.  :          0 (0.0%)
  delayed cutoffs  :          0
  repropagations   :          1 (0 domain reductions, 0 cutoffs)
  avg switch length:       2.00
  switching time   :       0.00
Estim. Tree Size   :          9
Estimation Tree    : 9 nodes (9 visited, 4 internal, 5 leaves, 0 open), weight: 1.0000 completed 0.7772
Estimations        :      estim      value      trend resolution     smooth
  wbe              :          9          -          -          -          -
  tree-profile     :         -1          -          -          -          -
  gap              :          9    1.00000    0.26846          1          9
  tree-weight      :          9    1.00000    0.19277          1         10
  leaf-frequency   :          9    0.50000    0.10680          1          9
  ssg              :         15    0.35173   -0.12300          1         15
  open-nodes       :          9    0.00000    1.70750          1         11
Root Node          :
  First LP value   : -3.29607635307939e-02
  First LP Iters   :        366
  First LP Time    :       0.00
  Final Dual Bound : +1.43079342315935e-03
  Final Root Iters :       1902
  Root LP Estimate : +6.48019541035047e-02
Solution           :
  Solutions found  :         14 (9 improvements)
  First Solution   : +5.09832547881892e-02   (in run 1, after 1 nodes, 0.00 seconds, depth 23, found by <clique>)
  Gap First Sol.   :   infinite
  Gap Last Sol.    :      54.26 %
  Primal Bound     : +6.51422143732977e-03   (in run 1, after 6 nodes, 2.00 seconds, depth 6, found by <relaxation>)
  Dual Bound       : +6.51422143732977e-03
  Gap              :       0.00 %
Integrals          :      Total       Avg%
  primal-dual      :     229.92      76.64
  primal-ref       :          -          - (not evaluated)
  dual-ref         :          -          - (not evaluated)
