SCIP version 7.0.2 [precision: 8 byte] [memory: block] [mode: optimized] [LP solver: SoPlex 5.0.2] [GitHash: e9d280a398]
Copyright (C) 2002-2020 Konrad-Zuse-Zentrum fuer Informationstechnik Berlin (ZIB)

External codes: 
  SoPlex 5.0.2         Linear Programming Solver developed at Zuse Institute Berlin (soplex.zib.de) [GitHash: e24c304e]
  CppAD 20180000.0     Algorithmic Differentiation of C++ algorithms developed by B. Bell (www.coin-or.org/CppAD)
  MPIR 3.0.0           Multiple Precision Integers and Rationals Library developed by W. Hart (mpir.org)
  ZIMPL 3.4.0          Zuse Institute Mathematical Programming Language developed by T. Koch (zimpl.zib.de)
  PaPILO 1.0.2         parallel presolve for integer and linear optimization (https://github.com/lgottwald/PaPILO) [GitHash: 62d2842]
  bliss 0.73p          Computing Graph Automorphism Groups by T. Junttila and P. Kaski (http://www.tcs.hut.fi/Software/bliss/)
  Ipopt 3.12.9         Interior Point Optimizer developed by A. Waechter et.al. (www.coin-or.org/Ipopt)

user parameter file <scip.set> not found - using default parameters

read problem <C:\Users\Claubit\Documents\GitHub\embedding\src\lp\scenarioA2_N32_B0.9_classical\IPL_linearized_N32q70.00B28.lp>
============

original problem has 1056 variables (0 bin, 1056 int, 0 impl, 0 cont) and 3073 constraints

solve problem
=============

presolving:
(round 1, fast)       32 del vars, 32 del conss, 0 add conss, 0 chg bounds, 32 chg sides, 32 chg coeffs, 0 upgd conss, 0 impls, 1984 clqs
(round 2, fast)       32 del vars, 96 del conss, 0 add conss, 0 chg bounds, 32 chg sides, 32 chg coeffs, 0 upgd conss, 0 impls, 1984 clqs
   (0.0s) running MILP presolver
   (0.0s) MILP presolver found nothing
(round 3, exhaustive) 32 del vars, 96 del conss, 0 add conss, 0 chg bounds, 32 chg sides, 32 chg coeffs, 2976 upgd conss, 0 impls, 1984 clqs
(round 4, exhaustive) 32 del vars, 3072 del conss, 992 add conss, 0 chg bounds, 32 chg sides, 32 chg coeffs, 2976 upgd conss, 0 impls, 1984 clqs
(round 5, exhaustive) 528 del vars, 3568 del conss, 992 add conss, 0 chg bounds, 32 chg sides, 32 chg coeffs, 2976 upgd conss, 0 impls, 992 clqs
   (0.0s) probing: 51/528 (9.7%) - 0 fixings, 0 aggregations, 0 implications, 0 bound changes
   (0.0s) probing aborted: 50/50 successive totally useless probings
   (0.0s) symmetry computation started: requiring (bin +, int -, cont +), (fixed: bin -, int +, cont -)
   (0.0s) no symmetry present
presolving (6 rounds: 6 fast, 4 medium, 4 exhaustive):
 528 deleted vars, 3568 deleted constraints, 992 added constraints, 0 tightened bounds, 0 added holes, 32 changed sides, 32 changed coefficients
 0 implications, 992 cliques
presolved problem has 528 variables (528 bin, 0 int, 0 impl, 0 cont) and 497 constraints
    496 constraints of type <and>
      1 constraints of type <linear>
Presolving Time: 0.00

 time | node  | left  |LP iter|LP it/n|mem/heur|mdpt |vars |cons |rows |cuts |sepa|confs|strbr|  dualbound   | primalbound  |  gap   | compl. 
p 0.0s|     1 |     0 |     0 |     - |  clique|   0 | 528 | 497 | 993 |   0 |  0 |   0 |   0 |-1.130923e+00 | 5.662723e+00 |    Inf | unknown
p 0.0s|     1 |     0 |     0 |     - |   locks|   0 | 528 | 497 | 993 |   0 |  0 |   0 |   0 |-1.130923e+00 | 5.569310e+00 |    Inf | unknown
  0.0s|     1 |     0 |   707 |     - |    13M |   0 | 528 | 497 | 993 |   0 |  0 |   0 |   0 | 4.008463e+00 | 5.569310e+00 |  38.94%| unknown
r 0.0s|     1 |     0 |   707 |     - |shifting|   0 | 528 | 499 | 993 |   0 |  0 |   2 |   0 | 4.008463e+00 | 4.175154e+00 |   4.16%| unknown
  0.0s|     1 |     0 |   759 |     - |    14M |   0 | 528 | 499 |1027 |  34 |  1 |   2 |   0 | 4.175154e+00 | 4.175154e+00 |   0.00%| unknown
  0.0s|     1 |     0 |   759 |     - |    14M |   0 | 528 | 499 |1027 |  34 |  1 |   2 |   0 | 4.175154e+00 | 4.175154e+00 |   0.00%| unknown

SCIP Status        : problem is solved [optimal solution found]
Solving Time (sec) : 0.00
Solving Nodes      : 1
Primal Bound       : +4.17515429810236e+00 (3 solutions)
Dual Bound         : +4.17515429810236e+00
Gap                : 0.00 %

primal solution (original space):
=================================

objective value:                     4.17515429810237
y(1,1)                                              1 	(obj:0.0219644138377233)
y(1,2)                                              1 	(obj:-0.0023783105080006)
y(1,3)                                              1 	(obj:-0.0015601602644363)
y(1,4)                                              1 	(obj:-0.00192863738056083)
y(1,5)                                              1 	(obj:-0.0154117922935554)
y(1,6)                                              1 	(obj:0.00868646735864716)
y(1,7)                                              1 	(obj:0.000812116089081581)
y(1,8)                                              1 	(obj:0.0150005939330781)
y(1,11)                                             1 	(obj:0.0245717751166409)
y(1,12)                                             1 	(obj:0.0108054803374779)
y(1,13)                                             1 	(obj:0.00986062390405867)
y(1,14)                                             1 	(obj:0.0102597169648877)
y(1,16)                                             1 	(obj:-0.0107202458482403)
y(1,17)                                             1 	(obj:-0.00969390980569615)
y(1,19)                                             1 	(obj:0.0062822032768921)
y(1,20)                                             1 	(obj:0.0106285296727878)
y(1,21)                                             1 	(obj:0.00099696329987243)
y(1,22)                                             1 	(obj:-0.00995338911631852)
y(1,23)                                             1 	(obj:0.00850443355070137)
y(1,24)                                             1 	(obj:0.0168943002022627)
y(1,25)                                             1 	(obj:-2.81496216180052e-05)
y(1,26)                                             1 	(obj:0.0125531466562442)
y(1,27)                                             1 	(obj:0.01017119713434)
y(1,28)                                             1 	(obj:-0.00956561281628987)
y(1,29)                                             1 	(obj:0.00522840208540454)
y(1,30)                                             1 	(obj:0.00866881338005093)
y(1,31)                                             1 	(obj:0.0110267117153832)
y(1,32)                                             1 	(obj:0.00651117172957027)
y(2,1)                                              1 	(obj:-0.0023783105080006)
y(2,2)                                              1 	(obj:0.0196406713310921)
y(2,3)                                              1 	(obj:0.00851503491585669)
y(2,4)                                              1 	(obj:0.0057720369295141)
y(2,5)                                              1 	(obj:0.0110867624629314)
y(2,6)                                              1 	(obj:0.00426838415478795)
y(2,7)                                              1 	(obj:0.0106065365468743)
y(2,8)                                              1 	(obj:-0.000212793329411317)
y(2,11)                                             1 	(obj:-0.00272509966335572)
y(2,12)                                             1 	(obj:0.00237081847056177)
y(2,13)                                             1 	(obj:0.00352142975465537)
y(2,14)                                             1 	(obj:0.00347077134790317)
y(2,16)                                             1 	(obj:0.00972486941960519)
y(2,17)                                             1 	(obj:0.00306962819263535)
y(2,19)                                             1 	(obj:0.00871716991213741)
y(2,20)                                             1 	(obj:-0.00383096049156076)
y(2,21)                                             1 	(obj:0.00312782381876628)
y(2,22)                                             1 	(obj:0.0105877562681996)
y(2,23)                                             1 	(obj:0.0036994949081081)
y(2,24)                                             1 	(obj:-0.00230552230389398)
y(2,25)                                             1 	(obj:0.0108179754537752)
y(2,26)                                             1 	(obj:-0.00484559862693014)
y(2,27)                                             1 	(obj:0.00051126194446465)
y(2,28)                                             1 	(obj:0.00433235655657755)
y(2,29)                                             1 	(obj:0.00616261796331804)
y(2,30)                                             1 	(obj:0.00118414520077959)
y(2,31)                                             1 	(obj:0.00752651294037417)
y(2,32)                                             1 	(obj:0.00119723463100209)
y(3,1)                                              1 	(obj:-0.0015601602644363)
y(3,2)                                              1 	(obj:0.00851503491585669)
y(3,3)                                              1 	(obj:0.0146371241517456)
y(3,4)                                              1 	(obj:0.0111051290757536)
y(3,5)                                              1 	(obj:0.0177936903635407)
y(3,6)                                              1 	(obj:0.00588125722683707)
y(3,7)                                              1 	(obj:0.00766365544714907)
y(3,8)                                              1 	(obj:0.000242374467965747)
y(3,11)                                             1 	(obj:0.000778052966302623)
y(3,12)                                             1 	(obj:-0.00140835822483445)
y(3,13)                                             1 	(obj:0.000875400759675186)
y(3,14)                                             1 	(obj:0.00277548871270402)
y(3,16)                                             1 	(obj:0.0126296990925186)
y(3,17)                                             1 	(obj:0.00856776553100907)
y(3,19)                                             1 	(obj:0.0090767521014619)
y(3,20)                                             1 	(obj:0.00361993389854289)
y(3,21)                                             1 	(obj:0.00199068817211035)
y(3,22)                                             1 	(obj:0.0134594175816369)
y(3,23)                                             1 	(obj:-0.0026062933241073)
y(3,24)                                             1 	(obj:-0.00415924992763931)
y(3,25)                                             1 	(obj:0.00701535202926279)
y(3,26)                                             1 	(obj:-0.00117569853054004)
y(3,27)                                             1 	(obj:-0.00294967140445065)
y(3,28)                                             1 	(obj:0.00752848212060811)
y(3,29)                                             1 	(obj:-0.000802775861067383)
y(3,30)                                             1 	(obj:-0.000457252684108146)
y(3,31)                                             1 	(obj:0.00661113298686598)
y(3,32)                                             1 	(obj:-0.00326802864418354)
y(4,1)                                              1 	(obj:-0.00192863738056083)
y(4,2)                                              1 	(obj:0.0057720369295141)
y(4,3)                                              1 	(obj:0.0111051290757536)
y(4,4)                                              1 	(obj:0.0193945004195444)
y(4,5)                                              1 	(obj:0.0182394315811463)
y(4,6)                                              1 	(obj:0.00976777427629989)
y(4,7)                                              1 	(obj:0.0106823827914316)
y(4,8)                                              1 	(obj:0.00385645985742932)
y(4,11)                                             1 	(obj:-0.000916070902944357)
y(4,12)                                             1 	(obj:0.00381093274302935)
y(4,13)                                             1 	(obj:0.00326693791973438)
y(4,14)                                             1 	(obj:0.00401552795134295)
y(4,16)                                             1 	(obj:0.016674267808741)
y(4,17)                                             1 	(obj:0.00691038542596342)
y(4,19)                                             1 	(obj:0.00913449338251093)
y(4,20)                                             1 	(obj:0.0110316113353839)
y(4,21)                                             1 	(obj:0.0026187335996018)
y(4,22)                                             1 	(obj:0.0110484502188131)
y(4,23)                                             1 	(obj:0.00406067393211534)
y(4,24)                                             1 	(obj:0.000780425788280828)
y(4,25)                                             1 	(obj:0.0086660515806661)
y(4,26)                                             1 	(obj:0.00866258615731653)
y(4,27)                                             1 	(obj:0.00334314469573472)
y(4,28)                                             1 	(obj:0.00560195312005653)
y(4,29)                                             1 	(obj:-0.0010802679148921)
y(4,30)                                             1 	(obj:0.00270852644507739)
y(4,31)                                             1 	(obj:0.00885005639986377)
y(4,32)                                             1 	(obj:-0.00315614981236955)
y(5,1)                                              1 	(obj:-0.0154117922935554)
y(5,2)                                              1 	(obj:0.0110867624629314)
y(5,3)                                              1 	(obj:0.0177936903635407)
y(5,4)                                              1 	(obj:0.0182394315811463)
y(5,5)                                              1 	(obj:0.0397582599833808)
y(5,6)                                              1 	(obj:0.00442241137817798)
y(5,7)                                              1 	(obj:0.0122811129347212)
y(5,8)                                              1 	(obj:-0.00719884611222308)
y(5,11)                                             1 	(obj:-0.0124212636692247)
y(5,12)                                             1 	(obj:-0.00727837488125319)
y(5,13)                                             1 	(obj:-0.00428677966761646)
y(5,14)                                             1 	(obj:0.00149324940066176)
y(5,16)                                             1 	(obj:0.0266750534157382)
y(5,17)                                             1 	(obj:0.02325194483823)
y(5,19)                                             1 	(obj:0.00804017277977787)
y(5,20)                                             1 	(obj:0.00380268745326977)
y(5,21)                                             1 	(obj:0.00235451354301224)
y(5,22)                                             1 	(obj:0.0282743366683959)
y(5,23)                                             1 	(obj:-0.00716222730681848)
y(5,24)                                             1 	(obj:-0.0130703781764028)
y(5,25)                                             1 	(obj:0.0145920830214554)
y(5,26)                                             1 	(obj:0.00139899854129702)
y(5,27)                                             1 	(obj:-0.000951677096700243)
y(5,28)                                             1 	(obj:0.0215426740270393)
y(5,29)                                             1 	(obj:-0.00362326609423324)
y(5,30)                                             1 	(obj:-0.00661157464279208)
y(5,31)                                             1 	(obj:0.000990260309657648)
y(5,32)                                             1 	(obj:-0.00692716782200175)
y(6,1)                                              1 	(obj:0.00868646735864716)
y(6,2)                                              1 	(obj:0.00426838415478795)
y(6,3)                                              1 	(obj:0.00588125722683707)
y(6,4)                                              1 	(obj:0.00976777427629989)
y(6,5)                                              1 	(obj:0.00442241137817798)
y(6,6)                                              1 	(obj:0.0136807223967868)
y(6,7)                                              1 	(obj:0.00898282290183356)
y(6,8)                                              1 	(obj:0.0108028560771759)
y(6,11)                                             1 	(obj:0.00943806315956993)
y(6,12)                                             1 	(obj:0.00843027809356444)
y(6,13)                                             1 	(obj:0.00831006066837924)
y(6,14)                                             1 	(obj:0.00988485145249482)
y(6,16)                                             1 	(obj:0.0023441296480917)
y(6,17)                                             1 	(obj:0.000358596771270179)
y(6,19)                                             1 	(obj:0.00921721613537504)
y(6,20)                                             1 	(obj:0.0131354511841613)
y(6,21)                                             1 	(obj:0.00343287694906628)
y(6,22)                                             1 	(obj:0.00437959893718027)
y(6,23)                                             1 	(obj:0.00562155551630134)
y(6,24)                                             1 	(obj:0.0108253357420792)
y(6,25)                                             1 	(obj:0.00894448178296997)
y(6,26)                                             1 	(obj:0.00927564428277422)
y(6,27)                                             1 	(obj:0.00978955534048713)
y(6,28)                                             1 	(obj:0.00300789432430595)
y(6,29)                                             1 	(obj:0.00199275470516156)
y(6,30)                                             1 	(obj:0.00590270455297281)
y(6,31)                                             1 	(obj:0.0100712395034496)
y(6,32)                                             1 	(obj:0.00295710307543379)
y(7,1)                                              1 	(obj:0.000812116089081581)
y(7,2)                                              1 	(obj:0.0106065365468743)
y(7,3)                                              1 	(obj:0.00766365544714907)
y(7,4)                                              1 	(obj:0.0106823827914316)
y(7,5)                                              1 	(obj:0.0122811129347212)
y(7,6)                                              1 	(obj:0.00898282290183356)
y(7,7)                                              1 	(obj:0.0308857411741917)
y(7,8)                                              1 	(obj:0.00513335057455067)
y(7,11)                                             1 	(obj:0.0104138315943049)
y(7,12)                                             1 	(obj:0.00340287883254136)
y(7,13)                                             1 	(obj:-0.000968100630075195)
y(7,14)                                             1 	(obj:0.00612516081650508)
y(7,16)                                             1 	(obj:0.00770310099168183)
y(7,17)                                             1 	(obj:0.00906443621314251)
y(7,19)                                             1 	(obj:0.00912692791944355)
y(7,20)                                             1 	(obj:0.0115797785461618)
y(7,21)                                             1 	(obj:0.00475605704614858)
y(7,22)                                             1 	(obj:0.0145598356247826)
y(7,23)                                             1 	(obj:0.00572207178221761)
y(7,24)                                             1 	(obj:0.002426760260355)
y(7,25)                                             1 	(obj:0.00464712596256805)
y(7,26)                                             1 	(obj:0.00348470328577171)
y(7,27)                                             1 	(obj:0.00669656650067991)
y(7,28)                                             1 	(obj:0.00380112623674789)
y(7,29)                                             1 	(obj:0.0036634316559808)
y(7,30)                                             1 	(obj:-0.00140877512883916)
y(7,31)                                             1 	(obj:0.0084421662334314)
y(7,32)                                             1 	(obj:-0.00350240068323874)
y(8,1)                                              1 	(obj:0.0150005939330781)
y(8,2)                                              1 	(obj:-0.000212793329411317)
y(8,3)                                              1 	(obj:0.000242374467965747)
y(8,4)                                              1 	(obj:0.00385645985742932)
y(8,5)                                              1 	(obj:-0.00719884611222308)
y(8,6)                                              1 	(obj:0.0108028560771759)
y(8,7)                                              1 	(obj:0.00513335057455067)
y(8,8)                                              1 	(obj:0.0146170627093736)
y(8,11)                                             1 	(obj:0.0188780401376907)
y(8,12)                                             1 	(obj:0.0110876588796255)
y(8,13)                                             1 	(obj:0.00839603839263089)
y(8,14)                                             1 	(obj:0.00995882490740967)
y(8,16)                                             1 	(obj:-0.00380635287546371)
y(8,17)                                             1 	(obj:-0.00544183433438099)
y(8,19)                                             1 	(obj:0.00437857345348525)
y(8,20)                                             1 	(obj:0.0152949848930698)
y(8,21)                                             1 	(obj:0.00202651717889336)
y(8,22)                                             1 	(obj:-0.00370101994164368)
y(8,23)                                             1 	(obj:0.00934042045598805)
y(8,24)                                             1 	(obj:0.0164519157964336)
y(8,25)                                             1 	(obj:0.00355888996353858)
y(8,26)                                             1 	(obj:0.0131239815669701)
y(8,27)                                             1 	(obj:0.0104675071364922)
y(8,28)                                             1 	(obj:-0.00371241567892831)
y(8,29)                                             1 	(obj:0.00295563069918081)
y(8,30)                                             1 	(obj:0.0083742837845539)
y(8,31)                                             1 	(obj:0.0097697779389427)
y(8,32)                                             1 	(obj:0.00484889063479684)
y(11,1)                                             1 	(obj:0.0245717751166409)
y(11,2)                                             1 	(obj:-0.00272509966335572)
y(11,3)                                             1 	(obj:0.000778052966302623)
y(11,4)                                             1 	(obj:-0.000916070902944357)
y(11,5)                                             1 	(obj:-0.0124212636692247)
y(11,6)                                             1 	(obj:0.00943806315956993)
y(11,7)                                             1 	(obj:0.0104138315943049)
y(11,8)                                             1 	(obj:0.0188780401376907)
y(11,11)                                            1 	(obj:0.0576984866023365)
y(11,12)                                            1 	(obj:0.013810049661198)
y(11,13)                                            1 	(obj:0.0131088471308361)
y(11,14)                                            1 	(obj:0.0145211134200678)
y(11,16)                                            1 	(obj:-0.00643032959930865)
y(11,17)                                            1 	(obj:-0.00593885346892579)
y(11,19)                                            1 	(obj:0.00389191499929787)
y(11,20)                                            1 	(obj:0.0263394411067904)
y(11,21)                                            1 	(obj:0.00812581525117991)
y(11,22)                                            1 	(obj:-0.00812175686521234)
y(11,23)                                            1 	(obj:0.017392069169021)
y(11,24)                                            1 	(obj:0.0198851581345852)
y(11,25)                                            1 	(obj:-0.00507288648987379)
y(11,26)                                            1 	(obj:0.0201923495367077)
y(11,27)                                            1 	(obj:0.00923602727063967)
y(11,28)                                            1 	(obj:-0.0119364264561963)
y(11,29)                                            1 	(obj:0.00631579520658204)
y(11,30)                                            1 	(obj:0.0108855792987027)
y(11,31)                                            1 	(obj:0.0190504244359457)
y(11,32)                                            1 	(obj:0.00578595210035954)
y(12,1)                                             1 	(obj:0.0108054803374779)
y(12,2)                                             1 	(obj:0.00237081847056177)
y(12,3)                                             1 	(obj:-0.00140835822483445)
y(12,4)                                             1 	(obj:0.00381093274302935)
y(12,5)                                             1 	(obj:-0.00727837488125319)
y(12,6)                                             1 	(obj:0.00843027809356444)
y(12,7)                                             1 	(obj:0.00340287883254136)
y(12,8)                                             1 	(obj:0.0110876588796255)
y(12,11)                                            1 	(obj:0.013810049661198)
y(12,12)                                            1 	(obj:0.0123407033663593)
y(12,13)                                            1 	(obj:0.00911505204626105)
y(12,14)                                            1 	(obj:0.00835632070987674)
y(12,16)                                            1 	(obj:-0.00279224102156187)
y(12,17)                                            1 	(obj:-0.00756055078901261)
y(12,19)                                            1 	(obj:0.0028981681761658)
y(12,20)                                            1 	(obj:0.0119181941115718)
y(12,21)                                            1 	(obj:0.00216986866886968)
y(12,22)                                            1 	(obj:-0.00526662345211269)
y(12,23)                                            1 	(obj:0.0114016276455265)
y(12,24)                                            1 	(obj:0.0122764536020095)
y(12,25)                                            1 	(obj:0.00495772486371593)
y(12,26)                                            1 	(obj:0.0101909239750026)
y(12,27)                                            1 	(obj:0.00788766501389535)
y(12,28)                                            1 	(obj:-0.00579232299314022)
y(12,29)                                            1 	(obj:0.00518311053233896)
y(12,30)                                            1 	(obj:0.00819392559806157)
y(12,31)                                            1 	(obj:0.0077495978502569)
y(12,32)                                            1 	(obj:0.00526420588979656)
y(13,1)                                             1 	(obj:0.00986062390405867)
y(13,2)                                             1 	(obj:0.00352142975465537)
y(13,3)                                             1 	(obj:0.000875400759675186)
y(13,4)                                             1 	(obj:0.00326693791973438)
y(13,5)                                             1 	(obj:-0.00428677966761646)
y(13,6)                                             1 	(obj:0.00831006066837924)
y(13,7)                                             1 	(obj:-0.000968100630075195)
y(13,8)                                             1 	(obj:0.00839603839263089)
y(13,11)                                            1 	(obj:0.0131088471308361)
y(13,12)                                            1 	(obj:0.00911505204626105)
y(13,13)                                            1 	(obj:0.0173186418151123)
y(13,14)                                            1 	(obj:0.00761759200159249)
y(13,16)                                            1 	(obj:0.00085094954000545)
y(13,17)                                            1 	(obj:-0.00461371470539423)
y(13,19)                                            1 	(obj:0.00790074395978306)
y(13,20)                                            1 	(obj:0.00521840215553284)
y(13,21)                                            1 	(obj:0.00464710594074558)
y(13,22)                                            1 	(obj:-0.00111328335100067)
y(13,23)                                            1 	(obj:0.00787143088606808)
y(13,24)                                            1 	(obj:0.00957956484719519)
y(13,25)                                            1 	(obj:0.00707990731512236)
y(13,26)                                            1 	(obj:0.00876621958603196)
y(13,27)                                            1 	(obj:0.00672904711580781)
y(13,28)                                            1 	(obj:-0.00385125204789168)
y(13,29)                                            1 	(obj:0.00381889076971901)
y(13,30)                                            1 	(obj:0.0055945309457841)
y(13,31)                                            1 	(obj:0.0088794313144918)
y(13,32)                                            1 	(obj:0.00563008169607057)
y(14,1)                                             1 	(obj:0.0102597169648877)
y(14,2)                                             1 	(obj:0.00347077134790317)
y(14,3)                                             1 	(obj:0.00277548871270402)
y(14,4)                                             1 	(obj:0.00401552795134295)
y(14,5)                                             1 	(obj:0.00149324940066176)
y(14,6)                                             1 	(obj:0.00988485145249482)
y(14,7)                                             1 	(obj:0.00612516081650508)
y(14,8)                                             1 	(obj:0.00995882490740967)
y(14,11)                                            1 	(obj:0.0145211134200678)
y(14,12)                                            1 	(obj:0.00835632070987674)
y(14,13)                                            1 	(obj:0.00761759200159249)
y(14,14)                                            1 	(obj:0.0156088045824631)
y(14,16)                                            1 	(obj:-0.00249538586121553)
y(14,17)                                            1 	(obj:0.000958410847814903)
y(14,19)                                            1 	(obj:0.00728209329369701)
y(14,20)                                            1 	(obj:0.0132097012450164)
y(14,21)                                            1 	(obj:0.00109304300422162)
y(14,22)                                            1 	(obj:0.00177338342315069)
y(14,23)                                            1 	(obj:0.00822280313087295)
y(14,24)                                            1 	(obj:0.0123778040980326)
y(14,25)                                            1 	(obj:0.00725886411119332)
y(14,26)                                            1 	(obj:0.0137770245947564)
y(14,27)                                            1 	(obj:0.0121785367885779)
y(14,28)                                            1 	(obj:-0.000880239611381632)
y(14,29)                                            1 	(obj:0.00300660483431209)
y(14,30)                                            1 	(obj:0.00546617314932175)
y(14,31)                                            1 	(obj:0.0101998369539018)
y(14,32)                                            1 	(obj:0.0060415144035344)
y(16,1)                                             1 	(obj:-0.0107202458482403)
y(16,2)                                             1 	(obj:0.00972486941960519)
y(16,3)                                             1 	(obj:0.0126296990925186)
y(16,4)                                             1 	(obj:0.016674267808741)
y(16,5)                                             1 	(obj:0.0266750534157382)
y(16,6)                                             1 	(obj:0.0023441296480917)
y(16,7)                                             1 	(obj:0.00770310099168183)
y(16,8)                                             1 	(obj:-0.00380635287546371)
y(16,11)                                            1 	(obj:-0.00643032959930865)
y(16,12)                                            1 	(obj:-0.00279224102156187)
y(16,13)                                            1 	(obj:0.00085094954000545)
y(16,14)                                            1 	(obj:-0.00249538586121553)
y(16,16)                                            1 	(obj:0.0276962417532052)
y(16,17)                                            1 	(obj:0.013987974103162)
y(16,19)                                            1 	(obj:0.00504265147806008)
y(16,20)                                            1 	(obj:0.00155485054301861)
y(16,21)                                            1 	(obj:0.00257872945209773)
y(16,22)                                            1 	(obj:0.0178411432115179)
y(16,23)                                            1 	(obj:-0.000202569479012706)
y(16,24)                                            1 	(obj:-0.00875748923066315)
y(16,25)                                            1 	(obj:0.00976786975190834)
y(16,26)                                            1 	(obj:0.00269458702861309)
y(16,27)                                            1 	(obj:-0.00357914218150155)
y(16,28)                                            1 	(obj:0.0107474397093582)
y(16,29)                                            1 	(obj:-0.000525472581147187)
y(16,30)                                            1 	(obj:-0.00276970082102006)
y(16,31)                                            1 	(obj:0.00407587434002093)
y(16,32)                                            1 	(obj:-0.00532762066151678)
y(17,1)                                             1 	(obj:-0.00969390980569615)
y(17,2)                                             1 	(obj:0.00306962819263535)
y(17,3)                                             1 	(obj:0.00856776553100907)
y(17,4)                                             1 	(obj:0.00691038542596342)
y(17,5)                                             1 	(obj:0.02325194483823)
y(17,6)                                             1 	(obj:0.000358596771270179)
y(17,7)                                             1 	(obj:0.00906443621314251)
y(17,8)                                             1 	(obj:-0.00544183433438099)
y(17,11)                                            1 	(obj:-0.00593885346892579)
y(17,12)                                            1 	(obj:-0.00756055078901261)
y(17,13)                                            1 	(obj:-0.00461371470539423)
y(17,14)                                            1 	(obj:0.000958410847814903)
y(17,16)                                            1 	(obj:0.013987974103162)
y(17,17)                                            1 	(obj:0.0206058657536998)
y(17,19)                                            1 	(obj:0.00318061677172652)
y(17,20)                                            1 	(obj:0.00291619704253374)
y(17,21)                                            1 	(obj:0.000108060809918665)
y(17,22)                                            1 	(obj:0.0193574959088357)
y(17,23)                                            1 	(obj:-0.00731233268484768)
y(17,24)                                            1 	(obj:-0.00981010753750912)
y(17,25)                                            1 	(obj:0.00916920911425141)
y(17,26)                                            1 	(obj:0.00345131709971342)
y(17,27)                                            1 	(obj:0.000614050297056267)
y(17,28)                                            1 	(obj:0.0154254386159351)
y(17,29)                                            1 	(obj:-0.00201260612072042)
y(17,30)                                            1 	(obj:-0.00661731252881715)
y(17,31)                                            1 	(obj:-0.00241884924280642)
y(17,32)                                            1 	(obj:-0.00438700413412158)
y(19,1)                                             1 	(obj:0.0062822032768921)
y(19,2)                                             1 	(obj:0.00871716991213741)
y(19,3)                                             1 	(obj:0.0090767521014619)
y(19,4)                                             1 	(obj:0.00913449338251093)
y(19,5)                                             1 	(obj:0.00804017277977787)
y(19,6)                                             1 	(obj:0.00921721613537504)
y(19,7)                                             1 	(obj:0.00912692791944355)
y(19,8)                                             1 	(obj:0.00437857345348525)
y(19,11)                                            1 	(obj:0.00389191499929787)
y(19,12)                                            1 	(obj:0.0028981681761658)
y(19,13)                                            1 	(obj:0.00790074395978306)
y(19,14)                                            1 	(obj:0.00728209329369701)
y(19,16)                                            1 	(obj:0.00504265147806008)
y(19,17)                                            1 	(obj:0.00318061677172652)
y(19,19)                                            1 	(obj:0.0166659348226165)
y(19,20)                                            1 	(obj:0.00440095514424828)
y(19,21)                                            1 	(obj:0.000979880517610813)
y(19,22)                                            1 	(obj:0.00711524522308611)
y(19,23)                                            1 	(obj:0.00188431309437099)
y(19,24)                                            1 	(obj:0.00516030351231721)
y(19,25)                                            1 	(obj:0.00625756418481851)
y(19,26)                                            1 	(obj:0.0069333824293061)
y(19,27)                                            1 	(obj:0.0078370884478479)
y(19,28)                                            1 	(obj:0.00256607093861519)
y(19,29)                                            1 	(obj:0.00107263560783053)
y(19,30)                                            1 	(obj:0.00194217105624743)
y(19,31)                                            1 	(obj:0.010196367115417)
y(19,32)                                            1 	(obj:0.00138436242960049)
y(20,1)                                             1 	(obj:0.0106285296727878)
y(20,2)                                             1 	(obj:-0.00383096049156076)
y(20,3)                                             1 	(obj:0.00361993389854289)
y(20,4)                                             1 	(obj:0.0110316113353839)
y(20,5)                                             1 	(obj:0.00380268745326977)
y(20,6)                                             1 	(obj:0.0131354511841613)
y(20,7)                                             1 	(obj:0.0115797785461618)
y(20,8)                                             1 	(obj:0.0152949848930698)
y(20,11)                                            1 	(obj:0.0263394411067904)
y(20,12)                                            1 	(obj:0.0119181941115718)
y(20,13)                                            1 	(obj:0.00521840215553284)
y(20,14)                                            1 	(obj:0.0132097012450164)
y(20,16)                                            1 	(obj:0.00155485054301861)
y(20,17)                                            1 	(obj:0.00291619704253374)
y(20,19)                                            1 	(obj:0.00440095514424828)
y(20,20)                                            1 	(obj:0.0454755585191007)
y(20,21)                                            1 	(obj:0.00282696168810034)
y(20,22)                                            1 	(obj:0.0014213278429154)
y(20,23)                                            1 	(obj:0.0138898738347512)
y(20,24)                                            1 	(obj:0.0174291889225867)
y(20,25)                                            1 	(obj:0.00257625610582702)
y(20,26)                                            1 	(obj:0.0221061321994157)
y(20,27)                                            1 	(obj:0.00951233336203239)
y(20,28)                                            1 	(obj:0.00126431730509809)
y(20,29)                                            1 	(obj:-0.00613204698469322)
y(20,30)                                            1 	(obj:0.00954642913444948)
y(20,31)                                            1 	(obj:0.00963323410504758)
y(20,32)                                            1 	(obj:0.00133272780443197)
y(21,1)                                             1 	(obj:0.00099696329987243)
y(21,2)                                             1 	(obj:0.00312782381876628)
y(21,3)                                             1 	(obj:0.00199068817211035)
y(21,4)                                             1 	(obj:0.0026187335996018)
y(21,5)                                             1 	(obj:0.00235451354301224)
y(21,6)                                             1 	(obj:0.00343287694906628)
y(21,7)                                             1 	(obj:0.00475605704614858)
y(21,8)                                             1 	(obj:0.00202651717889336)
y(21,11)                                            1 	(obj:0.00812581525117991)
y(21,12)                                            1 	(obj:0.00216986866886968)
y(21,13)                                            1 	(obj:0.00464710594074558)
y(21,14)                                            1 	(obj:0.00109304300422162)
y(21,16)                                            1 	(obj:0.00257872945209773)
y(21,17)                                            1 	(obj:0.000108060809918665)
y(21,19)                                            1 	(obj:0.000979880517610813)
y(21,20)                                            1 	(obj:0.00282696168810034)
y(21,21)                                            1 	(obj:0.00746418580350606)
y(21,22)                                            1 	(obj:0.00192651796372393)
y(21,23)                                            1 	(obj:0.00468187027506971)
y(21,24)                                            1 	(obj:-0.000411112673909799)
y(21,25)                                            1 	(obj:0.00303758399735514)
y(21,26)                                            1 	(obj:-0.00447993090801473)
y(21,27)                                            1 	(obj:-0.00192165050445238)
y(21,28)                                            1 	(obj:-0.000180841261327266)
y(21,29)                                            1 	(obj:0.0024572757185413)
y(21,30)                                            1 	(obj:0.00110444333357902)
y(21,31)                                            1 	(obj:0.0050286954493735)
y(21,32)                                            1 	(obj:-0.00040012535453023)
y(22,1)                                             1 	(obj:-0.00995338911631852)
y(22,2)                                             1 	(obj:0.0105877562681996)
y(22,3)                                             1 	(obj:0.0134594175816369)
y(22,4)                                             1 	(obj:0.0110484502188131)
y(22,5)                                             1 	(obj:0.0282743366683959)
y(22,6)                                             1 	(obj:0.00437959893718027)
y(22,7)                                             1 	(obj:0.0145598356247826)
y(22,8)                                             1 	(obj:-0.00370101994164368)
y(22,11)                                            1 	(obj:-0.00812175686521234)
y(22,12)                                            1 	(obj:-0.00526662345211269)
y(22,13)                                            1 	(obj:-0.00111328335100067)
y(22,14)                                            1 	(obj:0.00177338342315069)
y(22,16)                                            1 	(obj:0.0178411432115179)
y(22,17)                                            1 	(obj:0.0193574959088357)
y(22,19)                                            1 	(obj:0.00711524522308611)
y(22,20)                                            1 	(obj:0.0014213278429154)
y(22,21)                                            1 	(obj:0.00192651796372393)
y(22,22)                                            1 	(obj:0.0266502824848974)
y(22,23)                                            1 	(obj:-0.00750517976879964)
y(22,24)                                            1 	(obj:-0.00904731710561895)
y(22,25)                                            1 	(obj:0.0131894929817841)
y(22,26)                                            1 	(obj:0.00169978852102073)
y(22,27)                                            1 	(obj:0.000793424573692735)
y(22,28)                                            1 	(obj:0.0172007568043295)
y(22,29)                                            1 	(obj:-0.0019875825958115)
y(22,30)                                            1 	(obj:-0.00639477537944408)
y(22,31)                                            1 	(obj:0.000110812949354779)
y(22,32)                                            1 	(obj:-0.00490657588137846)
y(23,1)                                             1 	(obj:0.00850443355070137)
y(23,2)                                             1 	(obj:0.0036994949081081)
y(23,3)                                             1 	(obj:-0.0026062933241073)
y(23,4)                                             1 	(obj:0.00406067393211534)
y(23,5)                                             1 	(obj:-0.00716222730681848)
y(23,6)                                             1 	(obj:0.00562155551630134)
y(23,7)                                             1 	(obj:0.00572207178221761)
y(23,8)                                             1 	(obj:0.00934042045598805)
y(23,11)                                            1 	(obj:0.017392069169021)
y(23,12)                                            1 	(obj:0.0114016276455265)
y(23,13)                                            1 	(obj:0.00787143088606808)
y(23,14)                                            1 	(obj:0.00822280313087295)
y(23,16)                                            1 	(obj:-0.000202569479012706)
y(23,17)                                            1 	(obj:-0.00731233268484768)
y(23,19)                                            1 	(obj:0.00188431309437099)
y(23,20)                                            1 	(obj:0.0138898738347512)
y(23,21)                                            1 	(obj:0.00468187027506971)
y(23,22)                                            1 	(obj:-0.00750517976879964)
y(23,23)                                            1 	(obj:0.0180135369640998)
y(23,24)                                            1 	(obj:0.0116116676371981)
y(23,25)                                            1 	(obj:0.000910396874880926)
y(23,26)                                            1 	(obj:0.00847918117010646)
y(23,27)                                            1 	(obj:0.00503531185213621)
y(23,28)                                            1 	(obj:-0.0107862707229356)
y(23,29)                                            1 	(obj:0.00484671558475944)
y(23,30)                                            1 	(obj:0.00774420801654665)
y(23,31)                                            1 	(obj:0.0118668712721008)
y(23,32)                                            1 	(obj:0.0047701447994428)
y(24,1)                                             1 	(obj:0.0168943002022627)
y(24,2)                                             1 	(obj:-0.00230552230389398)
y(24,3)                                             1 	(obj:-0.00415924992763931)
y(24,4)                                             1 	(obj:0.000780425788280828)
y(24,5)                                             1 	(obj:-0.0130703781764028)
y(24,6)                                             1 	(obj:0.0108253357420792)
y(24,7)                                             1 	(obj:0.002426760260355)
y(24,8)                                             1 	(obj:0.0164519157964336)
y(24,11)                                            1 	(obj:0.0198851581345852)
y(24,12)                                            1 	(obj:0.0122764536020095)
y(24,13)                                            1 	(obj:0.00957956484719519)
y(24,14)                                            1 	(obj:0.0123778040980326)
y(24,16)                                            1 	(obj:-0.00875748923066315)
y(24,17)                                            1 	(obj:-0.00981010753750912)
y(24,19)                                            1 	(obj:0.00516030351231721)
y(24,20)                                            1 	(obj:0.0174291889225867)
y(24,21)                                            1 	(obj:-0.000411112673909799)
y(24,22)                                            1 	(obj:-0.00904731710561895)
y(24,23)                                            1 	(obj:0.0116116676371981)
y(24,24)                                            1 	(obj:0.0255627279283031)
y(24,25)                                            1 	(obj:-0.00153255543053383)
y(24,26)                                            1 	(obj:0.0170457115477543)
y(24,27)                                            1 	(obj:0.0168186071197027)
y(24,28)                                            1 	(obj:-0.00456058370331557)
y(24,29)                                            1 	(obj:6.06290027846693e-06)
y(24,30)                                            1 	(obj:0.00930920253664898)
y(24,31)                                            1 	(obj:0.00845563337392961)
y(24,32)                                            1 	(obj:0.00764517771224797)
y(25,1)                                             1 	(obj:-2.81496216180052e-05)
y(25,2)                                             1 	(obj:0.0108179754537752)
y(25,3)                                             1 	(obj:0.00701535202926279)
y(25,4)                                             1 	(obj:0.0086660515806661)
y(25,5)                                             1 	(obj:0.0145920830214554)
y(25,6)                                             1 	(obj:0.00894448178296997)
y(25,7)                                             1 	(obj:0.00464712596256805)
y(25,8)                                             1 	(obj:0.00355888996353858)
y(25,11)                                            1 	(obj:-0.00507288648987379)
y(25,12)                                            1 	(obj:0.00495772486371593)
y(25,13)                                            1 	(obj:0.00707990731512236)
y(25,14)                                            1 	(obj:0.00725886411119332)
y(25,16)                                            1 	(obj:0.00976786975190834)
y(25,17)                                            1 	(obj:0.00916920911425141)
y(25,19)                                            1 	(obj:0.00625756418481851)
y(25,20)                                            1 	(obj:0.00257625610582702)
y(25,21)                                            1 	(obj:0.00303758399735514)
y(25,22)                                            1 	(obj:0.0131894929817841)
y(25,23)                                            1 	(obj:0.000910396874880926)
y(25,24)                                            1 	(obj:-0.00153255543053383)
y(25,25)                                            1 	(obj:0.0215648940651112)
y(25,26)                                            1 	(obj:0.00421649288602824)
y(25,27)                                            1 	(obj:0.00615442094691807)
y(25,28)                                            1 	(obj:0.0116323988726976)
y(25,29)                                            1 	(obj:0.00726812301670089)
y(25,30)                                            1 	(obj:0.00248691578281268)
y(25,31)                                            1 	(obj:0.00310105180519357)
y(25,32)                                            1 	(obj:0.00282836043638167)
y(26,1)                                             1 	(obj:0.0125531466562442)
y(26,2)                                             1 	(obj:-0.00484559862693014)
y(26,3)                                             1 	(obj:-0.00117569853054004)
y(26,4)                                             1 	(obj:0.00866258615731653)
y(26,5)                                             1 	(obj:0.00139899854129702)
y(26,6)                                             1 	(obj:0.00927564428277422)
y(26,7)                                             1 	(obj:0.00348470328577171)
y(26,8)                                             1 	(obj:0.0131239815669701)
y(26,11)                                            1 	(obj:0.0201923495367077)
y(26,12)                                            1 	(obj:0.0101909239750026)
y(26,13)                                            1 	(obj:0.00876621958603196)
y(26,14)                                            1 	(obj:0.0137770245947564)
y(26,16)                                            1 	(obj:0.00269458702861309)
y(26,17)                                            1 	(obj:0.00345131709971342)
y(26,19)                                            1 	(obj:0.0069333824293061)
y(26,20)                                            1 	(obj:0.0221061321994157)
y(26,21)                                            1 	(obj:-0.00447993090801473)
y(26,22)                                            1 	(obj:0.00169978852102073)
y(26,23)                                            1 	(obj:0.00847918117010646)
y(26,24)                                            1 	(obj:0.0170457115477543)
y(26,25)                                            1 	(obj:0.00421649288602824)
y(26,26)                                            1 	(obj:0.0395807835051722)
y(26,27)                                            1 	(obj:0.0204027957324508)
y(26,28)                                            1 	(obj:-0.00233286361362623)
y(26,29)                                            1 	(obj:-0.00146211582166906)
y(26,30)                                            1 	(obj:0.00782490693804418)
y(26,31)                                            1 	(obj:0.0114767418868399)
y(26,32)                                            1 	(obj:0.00623265592860873)
y(27,1)                                             1 	(obj:0.01017119713434)
y(27,2)                                             1 	(obj:0.00051126194446465)
y(27,3)                                             1 	(obj:-0.00294967140445065)
y(27,4)                                             1 	(obj:0.00334314469573472)
y(27,5)                                             1 	(obj:-0.000951677096700243)
y(27,6)                                             1 	(obj:0.00978955534048713)
y(27,7)                                             1 	(obj:0.00669656650067991)
y(27,8)                                             1 	(obj:0.0104675071364922)
y(27,11)                                            1 	(obj:0.00923602727063967)
y(27,12)                                            1 	(obj:0.00788766501389535)
y(27,13)                                            1 	(obj:0.00672904711580781)
y(27,14)                                            1 	(obj:0.0121785367885779)
y(27,16)                                            1 	(obj:-0.00357914218150155)
y(27,17)                                            1 	(obj:0.000614050297056267)
y(27,19)                                            1 	(obj:0.0078370884478479)
y(27,20)                                            1 	(obj:0.00951233336203239)
y(27,21)                                            1 	(obj:-0.00192165050445238)
y(27,22)                                            1 	(obj:0.000793424573692735)
y(27,23)                                            1 	(obj:0.00503531185213621)
y(27,24)                                            1 	(obj:0.0168186071197027)
y(27,25)                                            1 	(obj:0.00615442094691807)
y(27,26)                                            1 	(obj:0.0204027957324508)
y(27,27)                                            1 	(obj:0.0213874834686052)
y(27,28)                                            1 	(obj:0.00402869930410217)
y(27,29)                                            1 	(obj:0.00274260659814694)
y(27,30)                                            1 	(obj:0.00460652625305994)
y(27,31)                                            1 	(obj:0.00472421338841553)
y(27,32)                                            1 	(obj:0.0064249177698181)
y(28,1)                                             1 	(obj:-0.00956561281628987)
y(28,2)                                             1 	(obj:0.00433235655657755)
y(28,3)                                             1 	(obj:0.00752848212060811)
y(28,4)                                             1 	(obj:0.00560195312005653)
y(28,5)                                             1 	(obj:0.0215426740270393)
y(28,6)                                             1 	(obj:0.00300789432430595)
y(28,7)                                             1 	(obj:0.00380112623674789)
y(28,8)                                             1 	(obj:-0.00371241567892831)
y(28,11)                                            1 	(obj:-0.0119364264561963)
y(28,12)                                            1 	(obj:-0.00579232299314022)
y(28,13)                                            1 	(obj:-0.00385125204789168)
y(28,14)                                            1 	(obj:-0.000880239611381632)
y(28,16)                                            1 	(obj:0.0107474397093582)
y(28,17)                                            1 	(obj:0.0154254386159351)
y(28,19)                                            1 	(obj:0.00256607093861519)
y(28,20)                                            1 	(obj:0.00126431730509809)
y(28,21)                                            1 	(obj:-0.000180841261327266)
y(28,22)                                            1 	(obj:0.0172007568043295)
y(28,23)                                            1 	(obj:-0.0107862707229356)
y(28,24)                                            1 	(obj:-0.00456058370331557)
y(28,25)                                            1 	(obj:0.0116323988726976)
y(28,26)                                            1 	(obj:-0.00233286361362623)
y(28,27)                                            1 	(obj:0.00402869930410217)
y(28,28)                                            1 	(obj:0.0241481171105513)
y(28,29)                                            1 	(obj:-0.00245359391949379)
y(28,30)                                            1 	(obj:-0.00460967328490062)
y(28,31)                                            1 	(obj:-0.00940941298741989)
y(28,32)                                            1 	(obj:-0.00321891180760617)
y(29,1)                                             1 	(obj:0.00522840208540454)
y(29,2)                                             1 	(obj:0.00616261796331804)
y(29,3)                                             1 	(obj:-0.000802775861067383)
y(29,4)                                             1 	(obj:-0.0010802679148921)
y(29,5)                                             1 	(obj:-0.00362326609423324)
y(29,6)                                             1 	(obj:0.00199275470516156)
y(29,7)                                             1 	(obj:0.0036634316559808)
y(29,8)                                             1 	(obj:0.00295563069918081)
y(29,11)                                            1 	(obj:0.00631579520658204)
y(29,12)                                            1 	(obj:0.00518311053233896)
y(29,13)                                            1 	(obj:0.00381889076971901)
y(29,14)                                            1 	(obj:0.00300660483431209)
y(29,16)                                            1 	(obj:-0.000525472581147187)
y(29,17)                                            1 	(obj:-0.00201260612072042)
y(29,19)                                            1 	(obj:0.00107263560783053)
y(29,20)                                            1 	(obj:-0.00613204698469322)
y(29,21)                                            1 	(obj:0.0024572757185413)
y(29,22)                                            1 	(obj:-0.0019875825958115)
y(29,23)                                            1 	(obj:0.00484671558475944)
y(29,24)                                            1 	(obj:6.06290027846693e-06)
y(29,25)                                            1 	(obj:0.00726812301670089)
y(29,26)                                            1 	(obj:-0.00146211582166906)
y(29,27)                                            1 	(obj:0.00274260659814694)
y(29,28)                                            1 	(obj:-0.00245359391949379)
y(29,29)                                            1 	(obj:0.0128338066923192)
y(29,30)                                            1 	(obj:0.00342902188839242)
y(29,31)                                            1 	(obj:0.00297886244329451)
y(29,32)                                            1 	(obj:0.00296956002830438)
y(30,1)                                             1 	(obj:0.00866881338005093)
y(30,2)                                             1 	(obj:0.00118414520077959)
y(30,3)                                             1 	(obj:-0.000457252684108146)
y(30,4)                                             1 	(obj:0.00270852644507739)
y(30,5)                                             1 	(obj:-0.00661157464279208)
y(30,6)                                             1 	(obj:0.00590270455297281)
y(30,7)                                             1 	(obj:-0.00140877512883916)
y(30,8)                                             1 	(obj:0.0083742837845539)
y(30,11)                                            1 	(obj:0.0108855792987027)
y(30,12)                                            1 	(obj:0.00819392559806157)
y(30,13)                                            1 	(obj:0.0055945309457841)
y(30,14)                                            1 	(obj:0.00546617314932175)
y(30,16)                                            1 	(obj:-0.00276970082102006)
y(30,17)                                            1 	(obj:-0.00661731252881715)
y(30,19)                                            1 	(obj:0.00194217105624743)
y(30,20)                                            1 	(obj:0.00954642913444948)
y(30,21)                                            1 	(obj:0.00110444333357902)
y(30,22)                                            1 	(obj:-0.00639477537944408)
y(30,23)                                            1 	(obj:0.00774420801654665)
y(30,24)                                            1 	(obj:0.00930920253664898)
y(30,25)                                            1 	(obj:0.00248691578281268)
y(30,26)                                            1 	(obj:0.00782490693804418)
y(30,27)                                            1 	(obj:0.00460652625305994)
y(30,28)                                            1 	(obj:-0.00460967328490062)
y(30,29)                                            1 	(obj:0.00342902188839242)
y(30,30)                                            1 	(obj:0.00852476762930986)
y(30,31)                                            1 	(obj:0.00715335421547002)
y(30,32)                                            1 	(obj:0.00368790207300176)
y(31,1)                                             1 	(obj:0.0110267117153832)
y(31,2)                                             1 	(obj:0.00752651294037417)
y(31,3)                                             1 	(obj:0.00661113298686598)
y(31,4)                                             1 	(obj:0.00885005639986377)
y(31,5)                                             1 	(obj:0.000990260309657648)
y(31,6)                                             1 	(obj:0.0100712395034496)
y(31,7)                                             1 	(obj:0.0084421662334314)
y(31,8)                                             1 	(obj:0.0097697779389427)
y(31,11)                                            1 	(obj:0.0190504244359457)
y(31,12)                                            1 	(obj:0.0077495978502569)
y(31,13)                                            1 	(obj:0.0088794313144918)
y(31,14)                                            1 	(obj:0.0101998369539018)
y(31,16)                                            1 	(obj:0.00407587434002093)
y(31,17)                                            1 	(obj:-0.00241884924280642)
y(31,19)                                            1 	(obj:0.010196367115417)
y(31,20)                                            1 	(obj:0.00963323410504758)
y(31,21)                                            1 	(obj:0.0050286954493735)
y(31,22)                                            1 	(obj:0.000110812949354779)
y(31,23)                                            1 	(obj:0.0118668712721008)
y(31,24)                                            1 	(obj:0.00845563337392961)
y(31,25)                                            1 	(obj:0.00310105180519357)
y(31,26)                                            1 	(obj:0.0114767418868399)
y(31,27)                                            1 	(obj:0.00472421338841553)
y(31,28)                                            1 	(obj:-0.00940941298741989)
y(31,29)                                            1 	(obj:0.00297886244329451)
y(31,30)                                            1 	(obj:0.00715335421547002)
y(31,31)                                            1 	(obj:0.0218077610364739)
y(31,32)                                            1 	(obj:0.00400850735905117)
y(32,1)                                             1 	(obj:0.00651117172957027)
y(32,2)                                             1 	(obj:0.00119723463100209)
y(32,3)                                             1 	(obj:-0.00326802864418354)
y(32,4)                                             1 	(obj:-0.00315614981236955)
y(32,5)                                             1 	(obj:-0.00692716782200175)
y(32,6)                                             1 	(obj:0.00295710307543379)
y(32,7)                                             1 	(obj:-0.00350240068323874)
y(32,8)                                             1 	(obj:0.00484889063479684)
y(32,11)                                            1 	(obj:0.00578595210035954)
y(32,12)                                            1 	(obj:0.00526420588979656)
y(32,13)                                            1 	(obj:0.00563008169607057)
y(32,14)                                            1 	(obj:0.0060415144035344)
y(32,16)                                            1 	(obj:-0.00532762066151678)
y(32,17)                                            1 	(obj:-0.00438700413412158)
y(32,19)                                            1 	(obj:0.00138436242960049)
y(32,20)                                            1 	(obj:0.00133272780443197)
y(32,21)                                            1 	(obj:-0.00040012535453023)
y(32,22)                                            1 	(obj:-0.00490657588137846)
y(32,23)                                            1 	(obj:0.0047701447994428)
y(32,24)                                            1 	(obj:0.00764517771224797)
y(32,25)                                            1 	(obj:0.00282836043638167)
y(32,26)                                            1 	(obj:0.00623265592860873)
y(32,27)                                            1 	(obj:0.0064249177698181)
y(32,28)                                            1 	(obj:-0.00321891180760617)
y(32,29)                                            1 	(obj:0.00296956002830438)
y(32,30)                                            1 	(obj:0.00368790207300176)
y(32,31)                                            1 	(obj:0.00400850735905117)
y(32,32)                                            1 	(obj:0.00613864854697544)
x(1)                                                1 	(obj:-0.00667286319447288)
x(2)                                                1 	(obj:0.000565771959715261)
x(3)                                                1 	(obj:-9.56132732858106e-05)
x(4)                                                1 	(obj:-0.00434230035302338)
x(5)                                                1 	(obj:-9.16335224440956e-05)
x(6)                                                1 	(obj:-9.66714092961341e-05)
x(7)                                                1 	(obj:0.00135022364735712)
x(8)                                                1 	(obj:-0.0025649184939233)
x(11)                                               1 	(obj:-0.00171707122175014)
x(12)                                               1 	(obj:-0.00348984795828146)
x(13)                                               1 	(obj:-0.00714774089661002)
x(14)                                               1 	(obj:-0.00212590896623755)
x(16)                                               1 	(obj:-0.0059640060439669)
x(17)                                               1 	(obj:0.00117967554409262)
x(19)                                               1 	(obj:-0.0045666940884271)
x(20)                                               1 	(obj:0.00596536592573595)
x(21)                                               1 	(obj:-0.00233757086924918)
x(22)                                               1 	(obj:0.00235010335856775)
x(23)                                               1 	(obj:-0.00274468105522858)
x(24)                                               1 	(obj:-0.00102827908751343)
x(25)                                               1 	(obj:0.00151642990092467)
x(26)                                               1 	(obj:0.0053668145481757)
x(27)                                               1 	(obj:-0.0023468359083123)
x(28)                                               1 	(obj:0.000863377525571901)
x(29)                                               1 	(obj:-0.00746616271732443)
x(30)                                               1 	(obj:-0.00517621098612854)
x(31)                                               1 	(obj:-0.00870726096131751)
x(32)                                               1 	(obj:-0.0039925222536812)

Statistics
==========

SCIP Status        : problem is solved [optimal solution found]
Total Time         :       0.00
  solving          :       0.00
  presolving       :       0.00 (included in solving)
  reading          :       0.00
  copying          :       0.00 (1 #copies) (minimal 0.00, maximal 0.00, average 0.00)
Original Problem   :
  Problem name     : C:\Users\Claubit\Documents\GitHub\embedding\src\lp\scenarioA2_N32_B0.9_classical\IPL_linearized_N32q70.00B28.lp
  Variables        : 1056 (0 binary, 1056 integer, 0 implicit integer, 0 continuous)
  Constraints      : 3073 initial, 3073 maximal
  Objective        : minimize, 1056 non-zeros (abs.min = 6.0629e-06, abs.max = 0.126437)
Presolved Problem  :
  Problem name     : t_C:\Users\Claubit\Documents\GitHub\embedding\src\lp\scenarioA2_N32_B0.9_classical\IPL_linearized_N32q70.00B28.lp
  Variables        : 528 (528 binary, 0 integer, 0 implicit integer, 0 continuous)
  Constraints      : 497 initial, 499 maximal
  Objective        : minimize, 528 non-zeros (abs.min = 1.21258e-05, abs.max = 0.133795)
  Nonzeros         : 1520 constraint, 1984 clique table
Presolvers         :   ExecTime  SetupTime  Calls  FixedVars   AggrVars   ChgTypes  ChgBounds   AddHoles    DelCons    AddCons   ChgSides   ChgCoefs
  boundshift       :       0.00       0.00      0          0          0          0          0          0          0          0          0          0
  convertinttobin  :       0.00       0.00      0          0          0          0          0          0          0          0          0          0
  domcol           :       0.00       0.00      1          0          0          0          0          0          0          0          0          0
  dualagg          :       0.00       0.00      0          0          0          0          0          0          0          0          0          0
  dualcomp         :       0.00       0.00      0          0          0          0          0          0          0          0          0          0
  dualinfer        :       0.00       0.00      0          0          0          0          0          0          0          0          0          0
  dualsparsify     :       0.00       0.00      1          0          0          0          0          0          0          0          0          0
  gateextraction   :       0.00       0.00      1          0          0          0          0          0       2976        992          0          0
  implics          :       0.00       0.00      4          0          0          0          0          0          0          0          0          0
  inttobinary      :       0.00       0.00      0          0          0          0          0          0          0          0          0          0
  milp             :       0.00       0.00      1          0          0          0          0          0          0          0          0          0
  qpkktref         :       0.00       0.00      0          0          0          0          0          0          0          0          0          0
  redvub           :       0.00       0.00      0          0          0          0          0          0          0          0          0          0
  sparsify         :       0.00       0.00      1          0          0          0          0          0          0          0          0          0
  stuffing         :       0.00       0.00      0          0          0          0          0          0          0          0          0          0
  trivial          :       0.00       0.00      6          0          0          0          0          0          0          0          0          0
  tworowbnd        :       0.00       0.00      0          0          0          0          0          0          0          0          0          0
  dualfix          :       0.00       0.00      6          0          0          0          0          0          0          0          0          0
  genvbounds       :       0.00       0.00      0          0          0          0          0          0          0          0          0          0
  probing          :       0.00       0.00      1          0          0          0          0          0          0          0          0          0
  pseudoobj        :       0.00       0.00      0          0          0          0          0          0          0          0          0          0
  symmetry         :       0.00       0.00      1          0          0          0          0          0          0          0          0          0
  vbounds          :       0.00       0.00      1          0          0          0          0          0          0          0          0          0
  and              :       0.00       0.00      4          0        496          0          0          0        496          0          0          0
  linear           :       0.00       0.00      8          0         32          0          0          0         96          0         32         32
  logicor          :       0.00       0.00      2          0          0          0          0          0          0          0          0          0
  benders          :       0.00       0.00      0          0          0          0          0          0          0          0          0          0
  components       :       0.00       0.00      1          0          0          0          0          0          0          0          0          0
  root node        :          -          -      -          0          -          -          0          -          -          -          -          -
Constraints        :     Number  MaxNumber  #Separate #Propagate    #EnfoLP    #EnfoRelax  #EnfoPS    #Check   #ResProp    Cutoffs    DomReds       Cuts    Applied      Conss   Children
  benderslp        :          0          0          0          0          0          0          0         11          0          0          0          0          0          0          0
  integral         :          0          0          0          0          0          0          0         11          0          0          0          0          0          0          0
  and              :        496        496          1        292          0          0          0          6          5          1          0         29          0          0          0
  linear           :          1          1          1        284          0          0          0          5          2          0          0          0          0          0          0
  logicor          :          0+         2          1          1          0          0          0          0          0          0          0          0          0          0          0
  benders          :          0          0          0          0          0          0          0          4          0          0          0          0          0          0          0
  countsols        :          0          0          0          0          0          0          0          4          0          0          0          0          0          0          0
  components       :          0          0          0          0          0          0          0          0          0          0          0          0          0          0          0
Constraint Timings :  TotalTime  SetupTime   Separate  Propagate     EnfoLP     EnfoPS     EnfoRelax   Check    ResProp    SB-Prop
  benderslp        :       0.00       0.00       0.00       0.00       0.00       0.00       0.00       0.00       0.00       0.00
  integral         :       0.00       0.00       0.00       0.00       0.00       0.00       0.00       0.00       0.00       0.00
  and              :       0.00       0.00       0.00       0.00       0.00       0.00       0.00       0.00       0.00       0.00
  linear           :       0.00       0.00       0.00       0.00       0.00       0.00       0.00       0.00       0.00       0.00
  logicor          :       0.00       0.00       0.00       0.00       0.00       0.00       0.00       0.00       0.00       0.00
  benders          :       0.00       0.00       0.00       0.00       0.00       0.00       0.00       0.00       0.00       0.00
  countsols        :       0.00       0.00       0.00       0.00       0.00       0.00       0.00       0.00       0.00       0.00
  components       :       0.00       0.00       0.00       0.00       0.00       0.00       0.00       0.00       0.00       0.00
Propagators        : #Propagate   #ResProp    Cutoffs    DomReds
  dualfix          :          2          0          0          0
  genvbounds       :          0          0          0          0
  nlobbt           :          0          0          0          0
  obbt             :          0          0          0          0
  probing          :          0          0          0          0
  pseudoobj        :          3          0          0          0
  redcost          :          1          0          0          0
  rootredcost      :          0          0          0          0
  symmetry         :          0          0          0          0
  vbounds          :        193          0          0          0
Propagator Timings :  TotalTime  SetupTime   Presolve  Propagate    ResProp    SB-Prop
  dualfix          :       0.00       0.00       0.00       0.00       0.00       0.00
  genvbounds       :       0.00       0.00       0.00       0.00       0.00       0.00
  nlobbt           :       0.00       0.00       0.00       0.00       0.00       0.00
  obbt             :       0.00       0.00       0.00       0.00       0.00       0.00
  probing          :       0.00       0.00       0.00       0.00       0.00       0.00
  pseudoobj        :       0.00       0.00       0.00       0.00       0.00       0.00
  redcost          :       0.00       0.00       0.00       0.00       0.00       0.00
  rootredcost      :       0.00       0.00       0.00       0.00       0.00       0.00
  symmetry         :       0.00       0.00       0.00       0.00       0.00       0.00
  vbounds          :       0.00       0.00       0.00       0.00       0.00       0.00
Conflict Analysis  :       Time      Calls    Success    DomReds  Conflicts   Literals    Reconvs ReconvLits   Dualrays   Nonzeros   LP Iters   (pool size: [10000,10000])
  propagation      :       0.00          1          1          -          2        5.5          0        0.0          -          -          -
  infeasible LP    :       0.00          0          0          -          0        0.0          0        0.0          0        0.0          0
  bound exceed. LP :       0.00          4          0          -          0        0.0          0        0.0          0        0.0         40
  strong branching :       0.00          0          0          -          0        0.0          0        0.0          -          -          0
  pseudo solution  :       0.00          0          0          -          0        0.0          0        0.0          -          -          -
  applied globally :       0.00          -          -          0          2        5.5          -          -          0          -          -
  applied locally  :          -          -          -          0          0        0.0          -          -          0          -          -
Separators         :   ExecTime  SetupTime      Calls    Cutoffs    DomReds       Cuts    Applied      Conss
  cut pool         :       0.00                     1          -          -         40          -          -    (maximal pool size: 58)
  aggregation      :       0.00       0.00          1          0          0          0          0          0
  cgmip            :       0.00       0.00          0          0          0          0          0          0
  clique           :       0.00       0.00          1          0          0          0          0          0
  closecuts        :       0.00       0.00          0          0          0          0          0          0
  cmir             :       0.00       0.00          0          0          0          0          0          0
  convexproj       :       0.00       0.00          0          0          0          0          0          0
  disjunctive      :       0.00       0.00          0          0          0          0          0          0
  eccuts           :       0.00       0.00          0          0          0          0          0          0
  flowcover        :       0.00       0.00          0          0          0          0          0          0
  gauge            :       0.00       0.00          0          0          0          0          0          0
  gomory           :       0.00       0.00          1          0          0         29          5          0
  impliedbounds    :       0.00       0.00          1          0          0         29         29          0
  intobj           :       0.00       0.00          0          0          0          0          0          0
  mcf              :       0.00       0.00          1          0          0          0          0          0
  oddcycle         :       0.00       0.00          0          0          0          0          0          0
  rapidlearning    :       0.00       0.00          0          0          0          0          0          0
  strongcg         :       0.00       0.00          1          0          0          0          0          0
  zerohalf         :       0.00       0.00          1          0          0          0          0          0
Pricers            :   ExecTime  SetupTime      Calls       Vars
  problem variables:       0.00          -          0          0
Branching Rules    :   ExecTime  SetupTime   BranchLP  BranchExt   BranchPS    Cutoffs    DomReds       Cuts      Conss   Children
  allfullstrong    :       0.00       0.00          0          0          0          0          0          0          0          0
  cloud            :       0.00       0.00          0          0          0          0          0          0          0          0
  distribution     :       0.00       0.00          0          0          0          0          0          0          0          0
  fullstrong       :       0.00       0.00          0          0          0          0          0          0          0          0
  inference        :       0.00       0.00          0          0          0          0          0          0          0          0
  leastinf         :       0.00       0.00          0          0          0          0          0          0          0          0
  lookahead        :       0.00       0.00          0          0          0          0          0          0          0          0
  mostinf          :       0.00       0.00          0          0          0          0          0          0          0          0
  multaggr         :       0.00       0.00          0          0          0          0          0          0          0          0
  nodereopt        :       0.00       0.00          0          0          0          0          0          0          0          0
  pscost           :       0.00       0.00          0          0          0          0          0          0          0          0
  random           :       0.00       0.00          0          0          0          0          0          0          0          0
  relpscost        :       0.00       0.00          0          0          0          0          0          0          0          0
  vanillafullstrong:       0.00       0.00          0          0          0          0          0          0          0          0
Primal Heuristics  :   ExecTime  SetupTime      Calls      Found       Best
  LP solutions     :       0.00          -          -          0          0
  relax solutions  :       0.00          -          -          0          0
  pseudo solutions :       0.00          -          -          0          0
  strong branching :       0.00          -          -          0          0
  actconsdiving    :       0.00       0.00          0          0          0
  adaptivediving   :       0.00       0.00          0          0          0
  alns             :       0.00       0.00          0          0          0
  bound            :       0.00       0.00          0          0          0
  clique           :       0.00       0.00          1          1          1
  coefdiving       :       0.00       0.00          0          0          0
  completesol      :       0.00       0.00          0          0          0
  conflictdiving   :       0.00       0.00          0          0          0
  crossover        :       0.00       0.00          0          0          0
  dins             :       0.00       0.00          0          0          0
  distributiondivin:       0.00       0.00          0          0          0
  dualval          :       0.00       0.00          0          0          0
  farkasdiving     :       0.00       0.00          0          0          0
  feaspump         :       0.00       0.00          0          0          0
  fixandinfer      :       0.00       0.00          0          0          0
  fracdiving       :       0.00       0.00          0          0          0
  gins             :       0.00       0.00          0          0          0
  guideddiving     :       0.00       0.00          0          0          0
  indicator        :       0.00       0.00          0          0          0
  intdiving        :       0.00       0.00          0          0          0
  intshifting      :       0.00       0.00          0          0          0
  linesearchdiving :       0.00       0.00          0          0          0
  localbranching   :       0.00       0.00          0          0          0
  locks            :       0.00       0.00          1          1          1
  lpface           :       0.00       0.00          0          0          0
  mpec             :       0.00       0.00          0          0          0
  multistart       :       0.00       0.00          0          0          0
  mutation         :       0.00       0.00          0          0          0
  nlpdiving        :       0.00       0.00          0          0          0
  objpscostdiving  :       0.00       0.00          0          0          0
  octane           :       0.00       0.00          0          0          0
  ofins            :       0.00       0.00          0          0          0
  oneopt           :       0.00       0.00          2          0          0
  padm             :       0.00       0.00          0          0          0
  proximity        :       0.00       0.00          0          0          0
  pscostdiving     :       0.00       0.00          0          0          0
  randrounding     :       0.00       0.00          1          0          0
  rens             :       0.00       0.00          0          0          0
  reoptsols        :       0.00       0.00          0          0          0
  repair           :       0.00       0.00          0          0          0
  rins             :       0.00       0.00          0          0          0
  rootsoldiving    :       0.00       0.00          0          0          0
  rounding         :       0.00       0.00          1          0          0
  shiftandpropagate:       0.00       0.00          0          0          0
  shifting         :       0.00       0.00          1          1          1
  simplerounding   :       0.00       0.00          0          0          0
  subnlp           :       0.00       0.00          0          0          0
  trivial          :       0.00       0.00          2          0          0
  trivialnegation  :       0.00       0.00          0          0          0
  trustregion      :       0.00       0.00          0          0          0
  trysol           :       0.00       0.00          0          0          0
  twoopt           :       0.00       0.00          0          0          0
  undercover       :       0.00       0.00          1          0          0
  vbounds          :       0.00       0.00          1          0          0
  veclendiving     :       0.00       0.00          0          0          0
  zeroobj          :       0.00       0.00          0          0          0
  zirounding       :       0.00       0.00          0          0          0
  other solutions  :          -          -          -          0          -
Diving (single)    :      Calls      Nodes   LP Iters Backtracks  Conflicts   MinDepth   MaxDepth   AvgDepth  RoundSols  NLeafSols  MinSolDpt  MaxSolDpt  AvgSolDpt
  actconsdiving    :          0          -          -          -          -          -          -          -          -          -          -          -          -
  coefdiving       :          0          -          -          -          -          -          -          -          -          -          -          -          -
  conflictdiving   :          0          -          -          -          -          -          -          -          -          -          -          -          -
  distributiondivin:          0          -          -          -          -          -          -          -          -          -          -          -          -
  farkasdiving     :          0          -          -          -          -          -          -          -          -          -          -          -          -
  fracdiving       :          0          -          -          -          -          -          -          -          -          -          -          -          -
  guideddiving     :          0          -          -          -          -          -          -          -          -          -          -          -          -
  linesearchdiving :          0          -          -          -          -          -          -          -          -          -          -          -          -
  pscostdiving     :          0          -          -          -          -          -          -          -          -          -          -          -          -
  veclendiving     :          0          -          -          -          -          -          -          -          -          -          -          -          -
Diving (adaptive)  :      Calls      Nodes   LP Iters Backtracks  Conflicts   MinDepth   MaxDepth   AvgDepth  RoundSols  NLeafSols  MinSolDpt  MaxSolDpt  AvgSolDpt
  actconsdiving    :          0          -          -          -          -          -          -          -          -          -          -          -          -
  coefdiving       :          0          -          -          -          -          -          -          -          -          -          -          -          -
  conflictdiving   :          0          -          -          -          -          -          -          -          -          -          -          -          -
  distributiondivin:          0          -          -          -          -          -          -          -          -          -          -          -          -
  farkasdiving     :          0          -          -          -          -          -          -          -          -          -          -          -          -
  fracdiving       :          0          -          -          -          -          -          -          -          -          -          -          -          -
  guideddiving     :          0          -          -          -          -          -          -          -          -          -          -          -          -
  linesearchdiving :          0          -          -          -          -          -          -          -          -          -          -          -          -
  pscostdiving     :          0          -          -          -          -          -          -          -          -          -          -          -          -
  veclendiving     :          0          -          -          -          -          -          -          -          -          -          -          -          -
Neighborhoods      :      Calls  SetupTime  SolveTime SolveNodes       Sols       Best       Exp3  EpsGreedy        UCB TgtFixRate  Opt  Inf Node Stal  Sol  Usr Othr Actv
  rens             :          0       0.00       0.00          0          0          0    0.00000   -1.00000    1.00000      0.900    0    0    0    0    0    0    0    1
  rins             :          0       0.00       0.00          0          0          0    0.00000   -1.00000    1.00000      0.900    0    0    0    0    0    0    0    1
  mutation         :          0       0.00       0.00          0          0          0    0.00000   -1.00000    1.00000      0.900    0    0    0    0    0    0    0    1
  localbranching   :          0       0.00       0.00          0          0          0    0.00000   -1.00000    1.00000      0.900    0    0    0    0    0    0    0    1
  crossover        :          0       0.00       0.00          0          0          0    0.00000   -1.00000    1.00000      0.900    0    0    0    0    0    0    0    1
  proximity        :          0       0.00       0.00          0          0          0    0.00000   -1.00000    1.00000      0.900    0    0    0    0    0    0    0    1
  zeroobjective    :          0       0.00       0.00          0          0          0    0.00000   -1.00000    1.00000      0.900    0    0    0    0    0    0    0    1
  dins             :          0       0.00       0.00          0          0          0    0.00000   -1.00000    1.00000      0.900    0    0    0    0    0    0    0    1
  trustregion      :          0       0.00       0.00          0          0          0    0.00000   -1.00000    1.00000      0.900    0    0    0    0    0    0    0    0
LP                 :       Time      Calls Iterations  Iter/call   Iter/sec  Time-0-It Calls-0-It    ItLimit
  primal LP        :       0.00          0          0       0.00          -       0.00          0
  dual LP          :       0.00          2        759     379.50          -       0.00          0
  lex dual LP      :       0.00          0          0       0.00          -
  barrier LP       :       0.00          0          0       0.00          -       0.00          0
  resolve instable :       0.00          0          0       0.00          -
  diving/probing LP:       0.00          0          0       0.00          -
  strong branching :       0.00          0          0       0.00          -          -          -          0
    (at root node) :          -          0          0       0.00          -
  conflict analysis:       0.00          4         40      10.00          -
B&B Tree           :
  number of runs   :          1
  nodes            :          1 (0 internal, 1 leaves)
  feasible leaves  :          0
  infeas. leaves   :          0
  objective leaves :          1
  nodes (total)    :          1 (0 internal, 1 leaves)
  nodes left       :          0
  max depth        :          0
  max depth (total):          0
  backtracks       :          0 (0.0%)
  early backtracks :          0 (0.0%)
  nodes exc. ref.  :          0 (0.0%)
  delayed cutoffs  :          0
  repropagations   :          0 (0 domain reductions, 0 cutoffs)
  avg switch length:       2.00
  switching time   :       0.00
Estim. Tree Size   :          1
Estimation Tree    : 1 nodes (1 visited, 0 internal, 1 leaves, 0 open), weight: 1.0000 completed 1.0000
Estimations        :      estim      value      trend resolution     smooth
  wbe              :          1          -          -          -          -
  tree-profile     :         -1          -          -          -          -
  gap              :          1    1.00000    1.00000          1          1
  tree-weight      :          1    1.00000    1.00000          1          1
  leaf-frequency   :          1    0.50000    1.00000          1          1
  ssg              :          1    0.00000   -1.00000          1          1
  open-nodes       :          1    0.00000    0.00000          1          1
Root Node          :
  First LP value   : +4.00846285720280e+00
  First LP Iters   :        707
  First LP Time    :       0.00
  Final Dual Bound : +4.17515429810236e+00
  Final Root Iters :        759
  Root LP Estimate :                     -
Solution           :
  Solutions found  :          3 (3 improvements)
  First Solution   : +5.66272288596563e+00   (in run 1, after 1 nodes, 0.00 seconds, depth 6, found by <clique>)
  Gap First Sol.   :   infinite
  Gap Last Sol.    :       4.16 %
  Primal Bound     : +4.17515429810236e+00   (in run 1, after 1 nodes, 0.00 seconds, depth 0, found by <shifting>)
  Dual Bound       : +4.17515429810236e+00
  Gap              :       0.00 %
Integrals          :      Total       Avg%
  primal-dual      :       0.00       0.00
  primal-ref       :       0.00       0.00
  dual-ref         :       0.00       0.00
