SCIP version 7.0.2 [precision: 8 byte] [memory: block] [mode: optimized] [LP solver: SoPlex 5.0.2] [GitHash: e9d280a398]
Copyright (C) 2002-2020 Konrad-Zuse-Zentrum fuer Informationstechnik Berlin (ZIB)

External codes: 
  SoPlex 5.0.2         Linear Programming Solver developed at Zuse Institute Berlin (soplex.zib.de) [GitHash: e24c304e]
  CppAD 20180000.0     Algorithmic Differentiation of C++ algorithms developed by B. Bell (www.coin-or.org/CppAD)
  MPIR 3.0.0           Multiple Precision Integers and Rationals Library developed by W. Hart (mpir.org)
  ZIMPL 3.4.0          Zuse Institute Mathematical Programming Language developed by T. Koch (zimpl.zib.de)
  PaPILO 1.0.2         parallel presolve for integer and linear optimization (https://github.com/lgottwald/PaPILO) [GitHash: 62d2842]
  bliss 0.73p          Computing Graph Automorphism Groups by T. Junttila and P. Kaski (http://www.tcs.hut.fi/Software/bliss/)
  Ipopt 3.12.9         Interior Point Optimizer developed by A. Waechter et.al. (www.coin-or.org/Ipopt)

user parameter file <scip.set> not found - using default parameters

read problem <C:\Users\cfpgo\Documents\GitHub\embedding\src\lp\WV_N64_B0.5_correlated\IPL_linearized_WV_N64q1.00B32.lp>
============

original problem has 4160 variables (0 bin, 4160 int, 0 impl, 0 cont) and 12289 constraints

solve problem
=============

presolving:
(round 1, fast)       0 del vars, 0 del conss, 0 add conss, 0 chg bounds, 64 chg sides, 64 chg coeffs, 0 upgd conss, 0 impls, 8192 clqs
   (0.0s) running MILP presolver
   (0.0s) MILP presolver (4 rounds): 64 aggregations, 0 fixings, 0 bound changes
(round 2, medium)     64 del vars, 0 del conss, 0 add conss, 0 chg bounds, 64 chg sides, 64 chg coeffs, 0 upgd conss, 0 impls, 8064 clqs
(round 3, fast)       64 del vars, 192 del conss, 0 add conss, 0 chg bounds, 64 chg sides, 64 chg coeffs, 0 upgd conss, 0 impls, 8064 clqs
(round 4, exhaustive) 64 del vars, 192 del conss, 0 add conss, 0 chg bounds, 64 chg sides, 64 chg coeffs, 12096 upgd conss, 0 impls, 8064 clqs
(round 5, exhaustive) 64 del vars, 12288 del conss, 4032 add conss, 0 chg bounds, 64 chg sides, 64 chg coeffs, 12096 upgd conss, 0 impls, 8064 clqs
(round 6, exhaustive) 2080 del vars, 14304 del conss, 4032 add conss, 0 chg bounds, 64 chg sides, 64 chg coeffs, 12096 upgd conss, 0 impls, 4032 clqs
   (0.0s) probing: 51/2080 (2.5%) - 0 fixings, 0 aggregations, 0 implications, 0 bound changes
   (0.0s) probing aborted: 50/50 successive totally useless probings
   (0.0s) symmetry computation started: requiring (bin +, int -, cont +), (fixed: bin -, int +, cont -)
   (0.0s) no symmetry present
presolving (7 rounds: 7 fast, 5 medium, 4 exhaustive):
 2080 deleted vars, 14304 deleted constraints, 4032 added constraints, 0 tightened bounds, 0 added holes, 64 changed sides, 64 changed coefficients
 0 implications, 4032 cliques
presolved problem has 2080 variables (2080 bin, 0 int, 0 impl, 0 cont) and 2017 constraints
   2016 constraints of type <and>
      1 constraints of type <linear>
Presolving Time: 0.00

 time | node  | left  |LP iter|LP it/n|mem/heur|mdpt |vars |cons |rows |cuts |sepa|confs|strbr|  dualbound   | primalbound  |  gap   | compl. 
p 0.0s|     1 |     0 |     0 |     - |  clique|   0 |2080 |2017 |4033 |   0 |  0 |   0 |   0 | 6.251498e-01 | 1.470396e-01 | 325.16%| unknown
p 0.0s|     1 |     0 |     0 |     - | vbounds|   0 |2080 |2017 |4033 |   0 |  0 |   0 |   0 | 6.251498e-01 | 1.499192e-01 | 316.99%| unknown
p 0.0s|     1 |     0 |     0 |     - | vbounds|   0 |2080 |2019 |4033 |   0 |  0 |   2 |   0 | 6.251498e-01 | 1.641192e-01 | 280.91%| unknown
  1.0s|     1 |     0 |  4504 |     - |    47M |   0 |2080 |2019 |4033 |   0 |  0 |   2 |   0 | 3.862610e-01 | 1.641192e-01 | 135.35%| unknown
r 1.0s|     1 |     0 |  4504 |     - |shifting|   0 |2080 |2029 |4033 |   0 |  0 |  12 |   0 | 3.862610e-01 | 1.959612e-01 |  97.11%| unknown
L 1.0s|     1 |     0 |  4504 |     - |undercov|   0 |2080 |2029 |4033 |   0 |  0 |  12 |   0 | 3.862610e-01 | 2.426677e-01 |  59.17%| unknown
  1.0s|     1 |     0 |  5827 |     - |    50M |   0 |2080 |2029 |5061 |1028 |  1 |  12 |   0 | 3.201372e-01 | 2.426677e-01 |  31.92%| unknown
  1.0s|     1 |     0 |  6134 |     - |    52M |   0 |2080 |2029 |5665 |1632 |  2 |  12 |   0 | 3.125749e-01 | 2.426677e-01 |  28.81%| unknown
  4.0s|     1 |     2 | 18490 |     - |    56M |   0 |2080 |2043 |5665 |1632 |  4 |  26 |  19 | 3.100443e-01 | 2.426677e-01 |  27.76%| unknown
 25.0s|   100 |    23 | 42309 | 365.4 |    72M |  16 |2080 |2101 |5457 |3076 |  0 |  84 | 372 | 3.076297e-01 | 2.426677e-01 |  26.77%|   2.69%
 32.0s|   200 |    59 | 68102 | 311.4 |    84M |  16 |2080 |2092 |5456 |3805 |  2 |  84 | 407 | 2.983761e-01 | 2.426677e-01 |  22.96%|   9.00%
 38.0s|   300 |    81 | 95433 | 298.7 |    96M |  17 |2080 |2107 |5680 |4454 |  2 | 105 | 445 | 2.947965e-01 | 2.426677e-01 |  21.48%|  12.31%
 45.0s|   400 |    75 |122661 | 292.0 |    98M |  18 |2080 |2111 |5494 |4687 |  1 | 112 | 480 | 2.941662e-01 | 2.426677e-01 |  21.22%|  13.07%
 56.0s|   500 |    85 |165457 | 319.3 |   101M |  18 |2080 |2117 |5545 |5137 |  1 | 122 | 519 | 2.934975e-01 | 2.426677e-01 |  20.95%|  14.24%
 63.0s|   600 |    87 |198679 | 321.4 |   110M |  19 |2080 |2135 |5653 |5631 |  0 | 141 | 548 | 2.906130e-01 | 2.426677e-01 |  19.76%|  16.17%
 time | node  | left  |LP iter|LP it/n|mem/heur|mdpt |vars |cons |rows |cuts |sepa|confs|strbr|  dualbound   | primalbound  |  gap   | compl. 
 72.0s|   700 |    95 |234123 | 326.2 |   115M |  19 |2080 |2164 |5598 |5838 |  0 | 176 | 588 | 2.902594e-01 | 2.426677e-01 |  19.61%|  17.20%
 77.0s|   800 |    97 |257791 | 315.0 |   116M |  21 |2080 |2202 |5708 |6177 |  0 | 214 | 614 | 2.889691e-01 | 2.426677e-01 |  19.08%|  17.76%
 85.0s|   900 |   109 |290451 | 316.3 |   121M |  21 |2080 |2233 |5583 |6279 |  0 | 246 | 657 | 2.885138e-01 | 2.426677e-01 |  18.89%|  18.71%
 92.0s|  1000 |   101 |314427 | 308.6 |   130M |  21 |2080 |2261 |5873 |6973 |  1 | 274 | 696 | 2.885138e-01 | 2.426677e-01 |  18.89%|  19.00%
Restart triggered after 50 consecutive estimations that the remaining tree will be large
(run 1, node 1072) performing user restart

(restart) converted 647 cuts from the global cut pool into linear constraints

presolving:
(round 1, exhaustive) 0 del vars, 0 del conss, 0 add conss, 0 chg bounds, 1 chg sides, 1 chg coeffs, 647 upgd conss, 0 impls, 4032 clqs
presolving (2 rounds: 2 fast, 2 medium, 2 exhaustive):
 0 deleted vars, 1 deleted constraints, 0 added constraints, 0 tightened bounds, 0 added holes, 1 changed sides, 19 changed coefficients
 0 implications, 4032 cliques
presolved problem has 2080 variables (2080 bin, 0 int, 0 impl, 0 cont) and 2905 constraints
     11 constraints of type <knapsack>
    636 constraints of type <setppc>
   2016 constraints of type <and>
     13 constraints of type <linear>
    229 constraints of type <logicor>
Presolving Time: 0.00
transformed 100/100 original solutions to the transformed problem space

 time | node  | left  |LP iter|LP it/n|mem/heur|mdpt |vars |cons |rows |cuts |sepa|confs|strbr|  dualbound   | primalbound  |  gap   | compl. 
  101s|     1 |     0 |367049 |     - |   136M |   0 |2080 |2905 |4680 |   0 |  0 | 274 | 721 | 2.860952e-01 | 2.426677e-01 |  17.90%| unknown
  101s|     1 |     0 |367129 |     - |   136M |   0 |2080 |2905 |4925 | 245 |  1 | 274 | 721 | 2.860952e-01 | 2.426677e-01 |  17.90%| unknown
  102s|     1 |     0 |367137 |     - |   140M |   0 |2080 |2915 |4926 | 246 |  2 | 284 | 721 | 2.860952e-01 | 2.426677e-01 |  17.90%| unknown
  102s|     1 |     0 |367203 |     - |   144M |   0 |2080 |2915 |4961 | 281 |  3 | 284 | 721 | 2.860952e-01 | 2.426677e-01 |  17.90%| unknown
  102s|     1 |     0 |367223 |     - |   145M |   0 |2080 |2916 |4967 | 287 |  4 | 285 | 721 | 2.860952e-01 | 2.426677e-01 |  17.90%| unknown
  102s|     1 |     0 |367279 |     - |   145M |   0 |2080 |2917 |4969 | 289 |  5 | 286 | 721 | 2.860952e-01 | 2.426677e-01 |  17.90%| unknown
  102s|     1 |     0 |367354 |     - |   149M |   0 |2080 |2918 |5050 | 370 |  6 | 287 | 721 | 2.860952e-01 | 2.426677e-01 |  17.90%| unknown
  102s|     1 |     0 |367386 |     - |   150M |   0 |2080 |2918 |5053 | 373 |  7 | 287 | 721 | 2.860952e-01 | 2.426677e-01 |  17.90%| unknown
  103s|     1 |     0 |367412 |     - |   150M |   0 |2080 |2928 |5055 | 375 |  8 | 297 | 721 | 2.860952e-01 | 2.426677e-01 |  17.90%| unknown
  103s|     1 |     0 |367446 |     - |   155M |   0 |2080 |2928 |5098 | 418 |  9 | 297 | 721 | 2.860952e-01 | 2.426677e-01 |  17.90%| unknown
  103s|     1 |     0 |367487 |     - |   156M |   0 |2080 |2928 |5144 | 464 | 10 | 297 | 721 | 2.860952e-01 | 2.426677e-01 |  17.90%| unknown
  103s|     1 |     0 |367536 |     - |   159M |   0 |2080 |2938 |5180 | 500 | 11 | 307 | 721 | 2.860952e-01 | 2.426677e-01 |  17.90%| unknown
  103s|     1 |     0 |367540 |     - |   164M |   0 |2080 |2947 |5211 | 531 | 12 | 316 | 721 | 2.860952e-01 | 2.426677e-01 |  17.90%| unknown
  103s|     1 |     0 |367575 |     - |   169M |   0 |2080 |2947 |5053 | 569 | 13 | 316 | 721 | 2.860952e-01 | 2.426677e-01 |  17.90%| unknown
  104s|     1 |     0 |367611 |     - |   173M |   0 |2080 |2947 |5128 | 644 | 14 | 316 | 721 | 2.860952e-01 | 2.426677e-01 |  17.90%| unknown
 time | node  | left  |LP iter|LP it/n|mem/heur|mdpt |vars |cons |rows |cuts |sepa|confs|strbr|  dualbound   | primalbound  |  gap   | compl. 
  104s|     1 |     0 |367670 |     - |   175M |   0 |2080 |2947 |5169 | 685 | 15 | 316 | 721 | 2.860952e-01 | 2.426677e-01 |  17.90%| unknown
d 105s|     1 |     0 |369534 |     - |farkasdi|   0 |2080 |2947 |5169 |   0 | 15 | 316 | 721 | 2.860952e-01 | 2.427706e-01 |  17.85%| unknown
  106s|     1 |     0 |376580 |     - |   175M |   0 |2080 |2952 |5169 | 685 | 15 | 321 | 721 | 2.860952e-01 | 2.427706e-01 |  17.85%| unknown
  106s|     1 |     0 |376602 |     - |   182M |   0 |2080 |2961 |5163 | 759 | 16 | 330 | 721 | 2.860952e-01 | 2.427706e-01 |  17.85%| unknown
  106s|     1 |     0 |376621 |     - |   182M |   0 |2080 |2971 |5164 | 760 | 17 | 340 | 721 | 2.860952e-01 | 2.427706e-01 |  17.85%| unknown
  108s|     1 |     2 |376621 |     - |   182M |   0 |2080 |2969 |5164 | 760 | 17 | 340 | 739 | 2.860952e-01 | 2.427706e-01 |  17.85%| unknown
  121s|   100 |    23 |425421 | 351.4 |   195M |  12 |2080 |2978 |5296 |3450 |  2 | 384 | 784 | 2.860952e-01 | 2.427706e-01 |  17.85%|   1.86%
  138s|   200 |    27 |482972 | 369.0 |   216M |  13 |2080 |2972 |5454 |4809 |  1 | 385 | 849 | 2.860952e-01 | 2.427706e-01 |  17.85%|   3.28%
  161s|   300 |    35 |561839 | 399.6 |   216M |  15 |2080 |3009 |5936 |5544 |  0 | 433 | 922 | 2.860952e-01 | 2.427706e-01 |  17.85%|   3.73%
  181s|   400 |    37 |624647 | 415.2 |   226M |  15 |2080 |3083 |5662 |6076 |  0 | 513 |1007 | 2.860952e-01 | 2.427706e-01 |  17.85%|   5.07%
  205s|   500 |    45 |698378 | 435.7 |   243M |  15 |2080 |3140 |5843 |6567 |  1 | 576 |1099 | 2.860952e-01 | 2.427706e-01 |  17.85%|   6.17%
  223s|   600 |    51 |753840 | 442.8 |   259M |  17 |2080 |3181 |5976 |7247 |  0 | 631 |1174 | 2.860952e-01 | 2.427706e-01 |  17.85%|   6.24%
  237s|   700 |    59 |799845 | 443.8 |   265M |  18 |2080 |3296 |6068 |7730 |  2 | 756 |1235 | 2.860582e-01 | 2.427706e-01 |  17.83%|   6.32%
  256s|   800 |    73 |856588 | 450.4 |   284M |  18 |2080 |3357 |6101 |7819 |  1 | 832 |1290 | 2.849868e-01 | 2.427706e-01 |  17.39%|   7.89%
  274s|   900 |    83 |925411 | 462.4 |   284M |  18 |2080 |3405 |6024 |8082 |  0 | 895 |1339 | 2.841351e-01 | 2.427706e-01 |  17.04%|   8.94%
 time | node  | left  |LP iter|LP it/n|mem/heur|mdpt |vars |cons |rows |cuts |sepa|confs|strbr|  dualbound   | primalbound  |  gap   | compl. 
  290s|  1000 |    89 |975518 | 464.3 |   291M |  18 |2080 |3427 |5862 |8203 |  1 | 932 |1402 | 2.840108e-01 | 2.427706e-01 |  16.99%|   9.26%
  306s|  1100 |    93 |  1026k| 466.5 |   295M |  18 |2080 |3474 |5837 |8426 |  0 |1002 |1459 | 2.833767e-01 | 2.427706e-01 |  16.73%|  10.15%
  321s|  1200 |    93 |  1072k| 466.2 |   303M |  18 |2080 |3508 |5783 |8554 |  0 |1053 |1525 | 2.830397e-01 | 2.427706e-01 |  16.59%|  10.67%
  339s|  1300 |    95 |  1126k| 469.3 |   310M |  18 |2080 |3540 |5739 |8775 |  0 |1104 |1579 | 2.830224e-01 | 2.427706e-01 |  16.58%|  11.89%
  369s|  1400 |    99 |  1209k| 483.6 |   319M |  18 |2080 |3541 |5743 |9076 |  1 |1115 |1648 | 2.818124e-01 | 2.427706e-01 |  16.08%|  13.88%
  396s|  1500 |   107 |  1282k| 493.5 |   331M |  18 |2080 |3543 |5918 |9249 |  0 |1131 |1717 | 2.814321e-01 | 2.427706e-01 |  15.93%|  15.45%
  417s|  1600 |   115 |  1338k| 496.1 |   342M |  19 |2080 |3593 |6071 |9454 |  0 |1203 |1791 | 2.805053e-01 | 2.427706e-01 |  15.54%|  16.34%
  426s|  1700 |   123 |  1367k| 488.6 |   342M |  22 |2080 |3663 |6105 |9856 |  0 |1309 |1832 | 2.803463e-01 | 2.427706e-01 |  15.48%|  16.56%
  434s|  1800 |   131 |  1393k| 480.4 |   343M |  23 |2080 |3671 |6162 |  10k|  0 |1336 |1856 | 2.799142e-01 | 2.427706e-01 |  15.30%|  17.54%
  448s|  1900 |   135 |  1438k| 479.5 |   346M |  23 |2080 |3725 |5869 |  10k|  0 |1413 |1913 | 2.795455e-01 | 2.427706e-01 |  15.15%|  17.94%
  474s|  2000 |   137 |  1509k| 487.0 |   360M |  23 |2080 |3733 |6084 |  10k|  2 |1421 |1991 | 2.791033e-01 | 2.427706e-01 |  14.97%|  18.77%
  493s|  2100 |   133 |  1563k| 488.8 |   363M |  23 |2080 |3746 |5928 |  11k|  1 |1441 |2061 | 2.791033e-01 | 2.427706e-01 |  14.97%|  18.98%
  509s|  2200 |   137 |  1615k| 489.5 |   366M |  23 |2080 |3760 |5410 |  11k|  1 |1470 |2127 | 2.787477e-01 | 2.427706e-01 |  14.82%|  20.73%
  531s|  2300 |   137 |  1671k| 491.8 |   372M |  23 |2080 |3773 |5962 |  11k|  1 |1489 |2189 | 2.785406e-01 | 2.427706e-01 |  14.73%|  21.43%
  547s|  2400 |   139 |  1716k| 490.5 |   377M |  23 |2080 |3881 |6228 |  11k|  1 |1625 |2248 | 2.784503e-01 | 2.427706e-01 |  14.70%|  21.63%
 time | node  | left  |LP iter|LP it/n|mem/heur|mdpt |vars |cons |rows |cuts |sepa|confs|strbr|  dualbound   | primalbound  |  gap   | compl. 
  562s|  2500 |   143 |  1756k| 487.8 |   380M |  23 |2080 |3951 |5932 |  12k|  1 |1740 |2314 | 2.784198e-01 | 2.427706e-01 |  14.68%|  21.87%
  577s|  2600 |   139 |  1799k| 486.4 |   383M |  23 |2080 |3959 |6225 |  12k|  0 |1758 |2354 | 2.784198e-01 | 2.427706e-01 |  14.68%|  22.09%
  595s|  2700 |   143 |  1849k| 486.8 |   388M |  23 |2080 |4001 |6077 |  12k|  0 |1827 |2412 | 2.783133e-01 | 2.427706e-01 |  14.64%|  22.30%
  616s|  2800 |   157 |  1911k| 490.1 |   394M |  23 |2080 |4036 |6066 |  12k|  0 |1903 |2468 | 2.772062e-01 | 2.427706e-01 |  14.18%|  24.43%
  628s|  2900 |   157 |  1941k| 485.3 |   396M |  23 |2080 |4077 |6181 |  12k|  0 |1960 |2503 | 2.772062e-01 | 2.427706e-01 |  14.18%|  24.55%
  636s|  3000 |   159 |  1964k| 479.0 |   396M |  23 |2080 |4139 |6176 |  12k|  0 |2052 |2546 | 2.772062e-01 | 2.427706e-01 |  14.18%|  24.56%
  646s|  3100 |   161 |  1989k| 473.7 |   400M |  23 |2080 |4239 |6084 |  13k|  1 |2205 |2609 | 2.769107e-01 | 2.427706e-01 |  14.06%|  24.82%
  657s|  3200 |   163 |  2020k| 469.8 |   402M |  23 |2080 |4365 |6218 |  13k|  0 |2363 |2674 | 2.768925e-01 | 2.427706e-01 |  14.06%|  24.93%
  681s|  3300 |   167 |  2088k| 474.5 |   412M |  23 |2080 |4414 |6080 |  13k|  2 |2440 |2748 | 2.764542e-01 | 2.427706e-01 |  13.87%|  25.87%
  698s|  3400 |   169 |  2142k| 476.1 |   415M |  23 |2080 |4523 |6038 |  13k|  1 |2588 |2831 | 2.759482e-01 | 2.427706e-01 |  13.67%|  27.21%
  716s|  3500 |   171 |  2191k| 476.3 |   419M |  23 |2080 |4561 |6013 |  13k|  0 |2665 |2890 | 2.758074e-01 | 2.427706e-01 |  13.61%|  27.59%
  735s|  3600 |   171 |  2246k| 478.0 |   423M |  23 |2080 |4606 |6204 |  13k|  1 |2732 |2938 | 2.757009e-01 | 2.427706e-01 |  13.56%|  28.26%
  747s|  3700 |   179 |  2281k| 475.2 |   427M |  23 |2080 |4787 |6228 |  13k|  1 |3002 |3010 | 2.752253e-01 | 2.427706e-01 |  13.37%|  28.59%
  753s|  3800 |   179 |  2306k| 470.6 |   428M |  23 |2080 |4787 |6211 |  13k|  0 |3008 |3015 | 2.750214e-01 | 2.427706e-01 |  13.28%|  28.85%
  761s|  3900 |   187 |  2341k| 468.3 |   431M |  23 |2080 |4843 |6224 |  13k|  0 |3113 |3050 | 2.748046e-01 | 2.427706e-01 |  13.20%|  29.18%
 time | node  | left  |LP iter|LP it/n|mem/heur|mdpt |vars |cons |rows |cuts |sepa|confs|strbr|  dualbound   | primalbound  |  gap   | compl. 
  772s|  4000 |   191 |  2376k| 465.8 |   433M |  23 |2080 |4983 |6130 |  14k|  0 |3374 |3178 | 2.747313e-01 | 2.427706e-01 |  13.17%|  29.33%
  782s|  4100 |   187 |  2416k| 464.5 |   436M |  23 |2080 |4982 |6150 |  14k|  1 |3374 |3178 | 2.747313e-01 | 2.427706e-01 |  13.17%|  29.45%
  796s|  4200 |   197 |  2468k| 465.6 |   441M |  23 |2080 |4975 |6289 |  14k|  1 |3417 |3190 | 2.744379e-01 | 2.427706e-01 |  13.04%|  30.03%
  801s|  4300 |   203 |  2488k| 460.8 |   442M |  23 |2080 |5033 |6270 |  14k|  0 |3532 |3233 | 2.744033e-01 | 2.427706e-01 |  13.03%|  30.19%
  810s|  4400 |   205 |  2517k| 457.6 |   445M |  23 |2080 |5080 |6289 |  14k|  1 |3689 |3289 | 2.742989e-01 | 2.427706e-01 |  12.99%|  30.33%
  816s|  4500 |   211 |  2534k| 452.5 |   444M |  23 |2080 |5206 |6323 |  14k|  4 |3904 |3372 | 2.742989e-01 | 2.427706e-01 |  12.99%|  30.34%
  821s|  4600 |   215 |  2558k| 448.7 |   444M |  23 |2080 |5206 |6290 |  14k|  2 |3943 |3383 | 2.741792e-01 | 2.427706e-01 |  12.94%|  30.68%
  826s|  4700 |   213 |  2579k| 444.6 |   446M |  23 |2080 |5194 |6273 |  14k|  1 |3945 |3384 | 2.741792e-01 | 2.427706e-01 |  12.94%|  30.83%
  830s|  4800 |   211 |  2599k| 440.4 |   446M |  23 |2080 |5195 |5934 |  14k|  0 |3971 |3388 | 2.739173e-01 | 2.427706e-01 |  12.83%|  31.08%
  843s|  4900 |   213 |  2648k| 441.3 |   449M |  23 |2080 |5181 |6069 |  14k|  1 |3983 |3391 | 2.738090e-01 | 2.427706e-01 |  12.79%|  31.76%
  851s|  5000 |   209 |  2684k| 439.9 |   455M |  23 |2080 |5176 |6143 |  14k|  1 |3983 |3391 | 2.738090e-01 | 2.427706e-01 |  12.79%|  31.92%
  863s|  5100 |   209 |  2725k| 439.5 |   460M |  23 |2080 |5165 |6038 |  14k|  1 |3984 |3391 | 2.737210e-01 | 2.427706e-01 |  12.75%|  32.11%
  870s|  5200 |   209 |  2759k| 437.9 |   460M |  23 |2080 |5162 |6051 |  14k|  1 |3985 |3391 | 2.737210e-01 | 2.427706e-01 |  12.75%|  32.16%
  878s|  5300 |   213 |  2795k| 436.6 |   461M |  23 |2080 |5128 |6132 |  14k|  0 |3997 |3392 | 2.735980e-01 | 2.427706e-01 |  12.70%|  32.44%
  888s|  5400 |   215 |  2839k| 436.7 |   464M |  23 |2080 |5105 |6227 |  14k|  1 |3998 |3392 | 2.735980e-01 | 2.427706e-01 |  12.70%|  32.77%
 time | node  | left  |LP iter|LP it/n|mem/heur|mdpt |vars |cons |rows |cuts |sepa|confs|strbr|  dualbound   | primalbound  |  gap   | compl. 
  897s|  5500 |   217 |  2881k| 436.4 |   464M |  23 |2080 |5092 |6223 |  15k|  1 |4006 |3392 | 2.734703e-01 | 2.427706e-01 |  12.65%|  33.24%
  910s|  5600 |   217 |  2935k| 438.0 |   468M |  23 |2080 |5075 |6127 |  15k|  0 |4006 |3392 | 2.731638e-01 | 2.427706e-01 |  12.52%|  33.75%
  926s|  5700 |   221 |  2999k| 440.9 |   471M |  23 |2080 |5062 |6118 |  15k|  1 |4007 |3392 | 2.729403e-01 | 2.427706e-01 |  12.43%|  34.27%
  940s|  5800 |   227 |  3052k| 442.3 |   476M |  23 |2080 |5045 |6116 |  15k|  2 |4024 |3398 | 2.728010e-01 | 2.427706e-01 |  12.37%|  34.43%
  953s|  5900 |   231 |  3106k| 443.7 |   479M |  23 |2080 |5032 |6060 |  15k|  0 |4041 |3404 | 2.726506e-01 | 2.427706e-01 |  12.31%|  34.85%
  962s|  6000 |   233 |  3146k| 443.1 |   482M |  23 |2080 |5055 |6085 |  15k|  1 |4086 |3415 | 2.726506e-01 | 2.427706e-01 |  12.31%|  34.89%
  979s|  6100 |   229 |  3206k| 445.2 |   489M |  23 |2080 |5056 |6233 |  15k|  0 |4107 |3420 | 2.725826e-01 | 2.427706e-01 |  12.28%|  35.23%
  994s|  6200 |   233 |  3258k| 446.2 |   492M |  23 |2080 |5067 |6299 |  15k|  1 |4136 |3437 | 2.725198e-01 | 2.427706e-01 |  12.25%|  35.41%
 1001s|  6300 |   241 |  3283k| 443.5 |   495M |  23 |2080 |5110 |6322 |  15k|  1 |4271 |3483 | 2.722450e-01 | 2.427706e-01 |  12.14%|  36.02%
 1010s|  6400 |   241 |  3313k| 441.7 |   498M |  23 |2080 |5094 |6274 |  15k|  0 |4287 |3485 | 2.719684e-01 | 2.427706e-01 |  12.03%|  36.29%
 1018s|  6500 |   249 |  3347k| 440.3 |   500M |  23 |2080 |5061 |6336 |  15k|  1 |4302 |3485 | 2.717530e-01 | 2.427706e-01 |  11.94%|  36.64%
 1028s|  6600 |   249 |  3385k| 439.5 |   501M |  23 |2080 |5050 |6131 |  15k|  0 |4316 |3486 | 2.715693e-01 | 2.427706e-01 |  11.86%|  37.31%
 1038s|  6700 |   249 |  3427k| 439.3 |   501M |  23 |2080 |5045 |6209 |  15k|  0 |4316 |3486 | 2.715672e-01 | 2.427706e-01 |  11.86%|  37.64%
 1046s|  6800 |   251 |  3462k| 438.1 |   503M |  23 |2080 |5057 |6173 |  15k|  0 |4337 |3489 | 2.715125e-01 | 2.427706e-01 |  11.84%|  37.73%
 1055s|  6900 |   253 |  3498k| 437.1 |   504M |  23 |2080 |5053 |6167 |  15k|  1 |4343 |3490 | 2.714604e-01 | 2.427706e-01 |  11.82%|  37.82%
 time | node  | left  |LP iter|LP it/n|mem/heur|mdpt |vars |cons |rows |cuts |sepa|confs|strbr|  dualbound   | primalbound  |  gap   | compl. 
 1063s|  7000 |   255 |  3526k| 435.3 |   504M |  23 |2080 |5076 |6197 |  15k|  0 |4380 |3500 | 2.713828e-01 | 2.427706e-01 |  11.79%|  37.88%
 1077s|  7100 |   251 |  3580k| 436.4 |   506M |  23 |2080 |5056 |6243 |  16k|  1 |4381 |3500 | 2.713139e-01 | 2.427706e-01 |  11.76%|  38.28%
 1090s|  7200 |   251 |  3632k| 437.5 |   508M |  23 |2080 |5031 |6278 |  16k|  1 |4387 |3500 | 2.711172e-01 | 2.427706e-01 |  11.68%|  38.53%
 1103s|  7300 |   251 |  3686k| 438.7 |   508M |  23 |2080 |5019 |6239 |  16k|  0 |4388 |3500 | 2.710146e-01 | 2.427706e-01 |  11.63%|  38.69%
 1111s|  7400 |   255 |  3717k| 437.2 |   509M |  23 |2080 |5045 |6302 |  16k|  0 |4432 |3517 | 2.709445e-01 | 2.427706e-01 |  11.61%|  38.78%
 1119s|  7500 |   267 |  3745k| 435.4 |   509M |  23 |2080 |5113 |6350 |  16k|  1 |4601 |3584 | 2.708452e-01 | 2.427706e-01 |  11.56%|  39.02%
 1124s|  7600 |   269 |  3760k| 432.1 |   510M |  23 |2080 |5178 |6378 |  16k|  0 |4748 |3635 | 2.708038e-01 | 2.427706e-01 |  11.55%|  39.05%
 1133s|  7700 |   275 |  3798k| 431.5 |   514M |  25 |2080 |5243 |6413 |  16k|  0 |4927 |3688 | 2.706166e-01 | 2.427706e-01 |  11.47%|  39.24%
 1144s|  7800 |   283 |  3838k| 431.2 |   514M |  25 |2080 |5184 |6333 |  16k|  2 |4970 |3705 | 2.704898e-01 | 2.427706e-01 |  11.42%|  39.56%
 1151s|  7900 |   287 |  3868k| 429.6 |   517M |  25 |2080 |5123 |6188 |  16k|  0 |4981 |3707 | 2.703409e-01 | 2.427706e-01 |  11.36%|  39.85%
 1162s|  8000 |   281 |  3912k| 429.8 |   519M |  25 |2080 |5077 |6305 |  17k|  1 |4991 |3707 | 2.702713e-01 | 2.427706e-01 |  11.33%|  40.17%
 1169s|  8100 |   303 |  3944k| 428.6 |   521M |  25 |2080 |5054 |6361 |  17k|  1 |5052 |3712 | 2.697069e-01 | 2.427706e-01 |  11.10%|  40.94%
 1175s|  8200 |   309 |  3968k| 426.6 |   523M |  25 |2080 |5087 |6324 |  17k|  1 |5160 |3746 | 2.694512e-01 | 2.427706e-01 |  10.99%|  41.34%
 1180s|  8300 |   317 |  3991k| 424.5 |   523M |  25 |2080 |5066 |6368 |  17k|  0 |5202 |3761 | 2.692922e-01 | 2.427706e-01 |  10.92%|  41.62%
 1184s|  8400 |   319 |  4008k| 421.8 |   523M |  25 |2080 |5093 |6416 |  17k|  2 |5280 |3792 | 2.692859e-01 | 2.427706e-01 |  10.92%|  41.63%
 time | node  | left  |LP iter|LP it/n|mem/heur|mdpt |vars |cons |rows |cuts |sepa|confs|strbr|  dualbound   | primalbound  |  gap   | compl. 
 1195s|  8500 |   327 |  4057k| 422.5 |   524M |  25 |2080 |5098 |6333 |  18k|  1 |5382 |3824 | 2.690781e-01 | 2.427706e-01 |  10.84%|  41.88%
 1203s|  8600 |   327 |  4078k| 420.3 |   528M |  25 |2080 |5204 |6424 |  18k|  0 |5593 |3897 | 2.690006e-01 | 2.427706e-01 |  10.80%|  41.99%
 1210s|  8700 |   339 |  4118k| 420.0 |   531M |  25 |2080 |5281 |6432 |  18k|  0 |5774 |3949 | 2.689540e-01 | 2.427706e-01 |  10.79%|  42.06%
 1214s|  8800 |   339 |  4127k| 416.8 |   531M |  25 |2080 |5374 |6429 |  18k|  0 |5914 |3995 | 2.689540e-01 | 2.427706e-01 |  10.79%|  42.06%
 1218s|  8900 |   341 |  4145k| 414.3 |   532M |  27 |2080 |5495 |6480 |  18k|  2 |6140 |4086 | 2.689504e-01 | 2.427706e-01 |  10.78%|  42.06%
 1223s|  9000 |   345 |  4160k| 411.7 |   533M |  27 |2080 |5664 |6499 |  18k|  1 |6468 |4252 | 2.689204e-01 | 2.427706e-01 |  10.77%|  42.20%
 1233s|  9100 |   353 |  4195k| 411.1 |   536M |  28 |2080 |5663 |6331 |  19k|  0 |6666 |4333 | 2.686031e-01 | 2.427706e-01 |  10.64%|  42.71%
 1241s|  9200 |   365 |  4231k| 410.6 |   537M |  28 |2080 |5552 |6321 |  19k|  1 |6677 |4333 | 2.683970e-01 | 2.427706e-01 |  10.56%|  43.02%
 1245s|  9300 |   369 |  4247k| 408.3 |   538M |  28 |2080 |5540 |6326 |  19k|  0 |6685 |4334 | 2.683089e-01 | 2.427706e-01 |  10.52%|  43.08%
 1253s|  9400 |   377 |  4282k| 407.7 |   539M |  28 |2080 |5539 |6325 |  19k|  1 |6697 |4334 | 2.680443e-01 | 2.427706e-01 |  10.41%|  43.66%
 1257s|  9500 |   387 |  4304k| 405.8 |   539M |  28 |2080 |5519 |6341 |  19k|  1 |6714 |4334 | 2.679823e-01 | 2.427706e-01 |  10.38%|  43.71%
 1262s|  9600 |   389 |  4325k| 404.0 |   539M |  28 |2080 |5482 |6332 |  19k|  0 |6720 |4334 | 2.678902e-01 | 2.427706e-01 |  10.35%|  43.82%
 1268s|  9700 |   399 |  4353k| 402.9 |   541M |  28 |2080 |5443 |6333 |  19k|  0 |6727 |4334 | 2.677524e-01 | 2.427706e-01 |  10.29%|  44.17%
 1274s|  9800 |   407 |  4382k| 401.9 |   541M |  28 |2080 |5421 |6360 |  19k|  0 |6737 |4334 | 2.676804e-01 | 2.427706e-01 |  10.26%|  44.29%
 1285s|  9900 |   397 |  4423k| 402.0 |   543M |  28 |2080 |5412 |6326 |  19k|  1 |6745 |4335 | 2.676804e-01 | 2.427706e-01 |  10.26%|  44.60%
 time | node  | left  |LP iter|LP it/n|mem/heur|mdpt |vars |cons |rows |cuts |sepa|confs|strbr|  dualbound   | primalbound  |  gap   | compl. 
 1291s| 10000 |   401 |  4451k| 400.9 |   543M |  28 |2080 |5368 |6374 |  19k|  0 |6754 |4338 | 2.676059e-01 | 2.427706e-01 |  10.23%|  44.69%
 1296s| 10100 |   405 |  4471k| 399.0 |   545M |  28 |2080 |5362 |6374 |  19k|  1 |6764 |4338 | 2.675368e-01 | 2.427706e-01 |  10.20%|  44.74%
 1323s| 10200 |   403 |  4549k| 402.4 |   552M |  28 |2080 |5337 |6236 |  19k|  0 |6766 |4338 | 2.674127e-01 | 2.427706e-01 |  10.15%|  45.42%
 1338s| 10300 |   415 |  4600k| 403.4 |   554M |  28 |2080 |5305 |6404 |  19k|  0 |6786 |4339 | 2.673721e-01 | 2.427706e-01 |  10.13%|  45.65%
 1345s| 10400 |   429 |  4627k| 402.2 |   556M |  28 |2080 |5265 |6401 |  19k|  1 |6786 |4339 | 2.672807e-01 | 2.427706e-01 |  10.10%|  45.72%
 1348s| 10500 |   425 |  4641k| 399.9 |   556M |  28 |2080 |5260 |6388 |  19k|  0 |6787 |4339 | 2.672733e-01 | 2.427706e-01 |  10.09%|  45.80%
 1354s| 10600 |   431 |  4667k| 398.7 |   556M |  28 |2080 |5235 |6388 |  19k|  1 |6787 |4339 | 2.671354e-01 | 2.427706e-01 |  10.04%|  46.02%
 1362s| 10700 |   419 |  4701k| 398.2 |   558M |  28 |2080 |5206 |6351 |  19k|  0 |6787 |4339 | 2.670944e-01 | 2.427706e-01 |  10.02%|  46.21%
 1372s| 10800 |   421 |  4742k| 398.3 |   559M |  28 |2080 |5185 |6294 |  20k|  0 |6787 |4339 | 2.669727e-01 | 2.427706e-01 |   9.97%|  46.52%
 1382s| 10900 |   431 |  4773k| 397.6 |   560M |  28 |2080 |5179 |6293 |  20k|  1 |6818 |4348 | 2.667807e-01 | 2.427706e-01 |   9.89%|  46.85%
 1388s| 11000 |   433 |  4797k| 396.3 |   561M |  28 |2080 |5185 |6315 |  20k|  1 |6855 |4361 | 2.667189e-01 | 2.427706e-01 |   9.86%|  46.94%
 1397s| 11100 |   445 |  4833k| 396.0 |   561M |  28 |2080 |5180 |6305 |  20k|  1 |6908 |4378 | 2.666665e-01 | 2.427706e-01 |   9.84%|  47.09%
 1405s| 11200 |   457 |  4857k| 394.7 |   562M |  28 |2080 |5296 |6327 |  20k|  1 |7134 |4469 | 2.665798e-01 | 2.427706e-01 |   9.81%|  47.17%
 1411s| 11300 |   467 |  4880k| 393.4 |   563M |  28 |2080 |5281 |6374 |  20k|  0 |7144 |4469 | 2.664258e-01 | 2.427706e-01 |   9.74%|  47.43%
 1419s| 11400 |   479 |  4907k| 392.4 |   564M |  28 |2080 |5292 |6378 |  20k|  1 |7320 |4537 | 2.663276e-01 | 2.427706e-01 |   9.70%|  47.62%
 time | node  | left  |LP iter|LP it/n|mem/heur|mdpt |vars |cons |rows |cuts |sepa|confs|strbr|  dualbound   | primalbound  |  gap   | compl. 
 1428s| 11500 |   485 |  4932k| 391.3 |   565M |  28 |2080 |5443 |6372 |  20k|  1 |7646 |4653 | 2.661467e-01 | 2.427706e-01 |   9.63%|  47.94%
 1433s| 11600 |   491 |  4953k| 389.8 |   565M |  28 |2080 |5428 |6365 |  20k|  1 |7667 |4661 | 2.660455e-01 | 2.427706e-01 |   9.59%|  48.02%
 1437s| 11700 |   491 |  4968k| 387.9 |   566M |  28 |2080 |5409 |6402 |  20k|  0 |7668 |4661 | 2.660035e-01 | 2.427706e-01 |   9.57%|  48.06%
 1441s| 11800 |   505 |  4989k| 386.5 |   568M |  28 |2080 |5436 |6401 |  20k|  0 |7713 |4670 | 2.659270e-01 | 2.427706e-01 |   9.54%|  48.20%
 1446s| 11900 |   509 |  5006k| 384.9 |   570M |  28 |2080 |5497 |6404 |  20k|  0 |7816 |4700 | 2.659004e-01 | 2.427706e-01 |   9.53%|  48.22%
 1453s| 12000 |   515 |  5032k| 383.9 |   571M |  28 |2080 |5454 |6359 |  20k|  1 |7819 |4700 | 2.658321e-01 | 2.427706e-01 |   9.50%|  48.34%
 1460s| 12100 |   511 |  5060k| 383.1 |   571M |  28 |2080 |5398 |6360 |  20k|  0 |7820 |4700 | 2.658274e-01 | 2.427706e-01 |   9.50%|  48.58%
 1463s| 12200 |   507 |  5077k| 381.5 |   571M |  28 |2080 |5373 |6369 |  20k|  0 |7820 |4700 | 2.658274e-01 | 2.427706e-01 |   9.50%|  48.63%
 1475s| 12300 |   513 |  5124k| 382.2 |   573M |  28 |2080 |5355 |6362 |  20k|  2 |7840 |4702 | 2.657194e-01 | 2.427706e-01 |   9.45%|  48.86%
 1487s| 12400 |   505 |  5159k| 382.0 |   573M |  28 |2080 |5327 |6244 |  20k|  1 |7861 |4706 | 2.657150e-01 | 2.427706e-01 |   9.45%|  49.06%
 1493s| 12500 |   501 |  5184k| 381.0 |   573M |  28 |2080 |5347 |6207 |  21k|  1 |7908 |4717 | 2.656563e-01 | 2.427706e-01 |   9.43%|  49.16%
 1504s| 12600 |   499 |  5225k| 381.2 |   574M |  28 |2080 |5334 |6304 |  21k|  1 |7908 |4717 | 2.655947e-01 | 2.427706e-01 |   9.40%|  49.31%
 1633s| 12700 |   505 |  5880k| 426.0 |   574M |  28 |2080 |5322 |6317 |  21k|  0 |7908 |4717 | 2.655521e-01 | 2.427706e-01 |   9.38%|  49.41%
 1743s| 12800 |   515 |  6456k| 464.5 |   575M |  28 |2080 |5314 |6374 |  21k|  0 |7910 |4728 | 2.654645e-01 | 2.427706e-01 |   9.35%|  49.68%
 1843s| 12900 |   517 |  6999k| 500.0 |   575M |  28 |2080 |5309 |6341 |  21k|  1 |7910 |4739 | 2.653756e-01 | 2.427706e-01 |   9.31%|  49.78%
 time | node  | left  |LP iter|LP it/n|mem/heur|mdpt |vars |cons |rows |cuts |sepa|confs|strbr|  dualbound   | primalbound  |  gap   | compl. 
 1939s| 13000 |   515 |  7518k| 533.4 |   575M |  28 |2080 |5279 |6324 |  21k|  0 |7910 |4750 | 2.652833e-01 | 2.427706e-01 |   9.27%|  49.86%
 2049s| 13100 |   515 |  8104k| 570.9 |   576M |  28 |2080 |5258 |6377 |  21k|  1 |7910 |4758 | 2.651786e-01 | 2.427706e-01 |   9.23%|  50.17%
 2155s| 13200 |   515 |  8683k| 607.5 |   576M |  28 |2080 |5245 |6370 |  21k|  0 |7912 |4762 | 2.650479e-01 | 2.427706e-01 |   9.18%|  50.33%
 2225s| 13300 |   517 |  9118k| 633.5 |   577M |  28 |2080 |5243 |6384 |  21k|  1 |7914 |4779 | 2.649879e-01 | 2.427706e-01 |   9.15%|  50.52%
 2319s| 13400 |   503 |  9637k| 665.1 |   577M |  28 |2080 |5234 |6408 |  21k|  0 |7915 |4779 | 2.649779e-01 | 2.427706e-01 |   9.15%|  50.64%
 2461s| 13500 |   513 | 10366k| 710.5 |   579M |  28 |2080 |5185 |6283 |  21k|  0 |7916 |4787 | 2.648164e-01 | 2.427706e-01 |   9.08%|  51.07%
 2591s| 13600 |   505 | 10986k| 747.9 |   582M |  28 |2080 |5176 |6259 |  21k|  0 |7916 |4799 | 2.648024e-01 | 2.427706e-01 |   9.08%|  51.21%
 2681s| 13700 |   503 | 11432k| 773.0 |   582M |  28 |2080 |5176 |6343 |  21k|  1 |7916 |4810 | 2.648024e-01 | 2.427706e-01 |   9.08%|  51.22%
 2812s| 13800 |   501 | 12027k| 807.9 |   582M |  28 |2080 |5160 |6231 |  21k|  1 |7920 |4815 | 2.647568e-01 | 2.427706e-01 |   9.06%|  51.30%
 2914s| 13900 |   499 | 12577k| 839.2 |   582M |  28 |2080 |5145 |6270 |  21k|  0 |7920 |4818 | 2.647361e-01 | 2.427706e-01 |   9.05%|  51.34%
 3043s| 14000 |   505 | 13245k| 878.0 |   582M |  28 |2080 |5082 |6380 |  21k|  1 |7921 |4830 | 2.646290e-01 | 2.427706e-01 |   9.00%|  51.50%
 3127s| 14100 |   511 | 13735k| 904.5 |   582M |  28 |2080 |5052 |6388 |  21k|  0 |7921 |4841 | 2.645858e-01 | 2.427706e-01 |   8.99%|  51.55%
 3211s| 14200 |   507 | 14230k| 931.0 |   582M |  28 |2080 |5039 |6385 |  21k|  0 |7924 |4841 | 2.645429e-01 | 2.427706e-01 |   8.97%|  51.66%
 3327s| 14300 |   507 | 14887k| 967.6 |   582M |  28 |2080 |5006 |6367 |  21k|  0 |7924 |4848 | 2.644804e-01 | 2.427706e-01 |   8.94%|  52.05%
 3456s| 14400 |   503 | 15584k|1006.5 |   585M |  28 |2080 |4981 |6261 |  21k|  0 |7926 |4857 | 2.643799e-01 | 2.427706e-01 |   8.90%|  52.25%
 time | node  | left  |LP iter|LP it/n|mem/heur|mdpt |vars |cons |rows |cuts |sepa|confs|strbr|  dualbound   | primalbound  |  gap   | compl. 
 3546s| 14500 |   507 | 16102k|1033.2 |   585M |  28 |2080 |4975 |6319 |  21k|  1 |7926 |4866 | 2.643547e-01 | 2.427706e-01 |   8.89%|  52.28%
 3711s| 14600 |   511 | 16731k|1066.8 |   585M |  28 |2080 |4956 |6374 |  21k|  0 |7933 |4868 | 2.642922e-01 | 2.427706e-01 |   8.86%|  52.37%
 3849s| 14700 |   515 | 17323k|1097.6 |   585M |  28 |2080 |4948 |6384 |  21k|  1 |7933 |4879 | 2.642734e-01 | 2.427706e-01 |   8.86%|  52.39%
 3934s| 14800 |   507 | 17741k|1117.0 |   585M |  28 |2080 |4948 |6225 |  21k|  0 |7933 |4883 | 2.642734e-01 | 2.427706e-01 |   8.86%|  52.42%
 4060s| 14900 |   509 | 18384k|1150.2 |   585M |  28 |2080 |4921 |6340 |  21k|  1 |7933 |4886 | 2.642667e-01 | 2.427706e-01 |   8.85%|  52.56%
 4186s| 15000 |   505 | 19045k|1184.2 |   585M |  28 |2080 |4906 |6292 |  21k|  0 |7933 |4898 | 2.642667e-01 | 2.427706e-01 |   8.85%|  52.58%
 4266s| 15100 |   505 | 19499k|1204.9 |   585M |  28 |2080 |4902 |6325 |  21k|  1 |7933 |4904 | 2.642546e-01 | 2.427706e-01 |   8.85%|  52.60%
 4358s| 15200 |   505 | 20008k|1228.8 |   585M |  28 |2080 |4890 |6338 |  21k|  0 |7933 |4906 | 2.642546e-01 | 2.427706e-01 |   8.85%|  52.61%
 4433s| 15300 |   505 | 20445k|1248.0 |   585M |  28 |2080 |4889 |6329 |  21k|  0 |7934 |4911 | 2.642403e-01 | 2.427706e-01 |   8.84%|  52.62%
 4544s| 15400 |   503 | 21051k|1277.2 |   585M |  28 |2080 |4886 |6385 |  21k|  1 |7942 |4911 | 2.642080e-01 | 2.427706e-01 |   8.83%|  52.67%
 4632s| 15500 |   499 | 21534k|1298.7 |   586M |  28 |2080 |4884 |6247 |  21k|  0 |7942 |4919 | 2.642080e-01 | 2.427706e-01 |   8.83%|  52.71%
 4732s| 15600 |   495 | 22088k|1324.1 |   587M |  28 |2080 |4881 |6307 |  21k|  0 |7943 |4928 | 2.642080e-01 | 2.427706e-01 |   8.83%|  52.78%
 4848s| 15700 |   493 | 22719k|1353.9 |   587M |  28 |2080 |4874 |6352 |  21k|  0 |7943 |4928 | 2.641338e-01 | 2.427706e-01 |   8.80%|  52.90%
 4949s| 15800 |   501 | 23294k|1379.9 |   589M |  28 |2080 |4866 |6353 |  22k|  1 |7954 |4938 | 2.640930e-01 | 2.427706e-01 |   8.78%|  53.04%
 5065s| 15900 |   509 | 23964k|1411.3 |   591M |  28 |2080 |4817 |6076 |  22k|  2 |7955 |4942 | 2.640336e-01 | 2.427706e-01 |   8.76%|  53.19%
 time | node  | left  |LP iter|LP it/n|mem/heur|mdpt |vars |cons |rows |cuts |sepa|confs|strbr|  dualbound   | primalbound  |  gap   | compl. 
 5150s| 16000 |   509 | 24477k|1433.1 |   591M |  28 |2080 |4817 |6347 |  22k|  0 |7955 |4948 | 2.640336e-01 | 2.427706e-01 |   8.76%|  53.26%
 5273s| 16100 |   513 | 25136k|1463.1 |   591M |  28 |2080 |4821 |6444 |  22k|  0 |7963 |5000 | 2.637433e-01 | 2.427706e-01 |   8.64%|  53.72%
 5377s| 16200 |   521 | 25724k|1488.6 |   591M |  28 |2080 |4802 |6197 |  22k|  1 |7964 |5027 | 2.636384e-01 | 2.427706e-01 |   8.60%|  53.83%
 5454s| 16300 |   525 | 26210k|1508.1 |   592M |  28 |2080 |4801 |6350 |  22k|  0 |7966 |5033 | 2.636324e-01 | 2.427706e-01 |   8.59%|  53.92%
 5513s| 16400 |   519 | 26604k|1522.0 |   592M |  28 |2080 |4801 |6305 |  22k|  2 |7967 |5038 | 2.636324e-01 | 2.427706e-01 |   8.59%|  53.94%
 5610s| 16500 |   527 | 27164k|1545.2 |   592M |  28 |2080 |4804 |6362 |  22k|  1 |7975 |5050 | 2.635227e-01 | 2.427706e-01 |   8.55%|  54.05%
 5689s| 16600 |   523 | 27643k|1563.5 |   592M |  28 |2080 |4796 |6353 |  22k|  0 |7975 |5063 | 2.635119e-01 | 2.427706e-01 |   8.54%|  54.14%
 5794s| 16700 |   527 | 28262k|1589.6 |   592M |  28 |2080 |4795 |6235 |  22k|  1 |7975 |5067 | 2.634466e-01 | 2.427706e-01 |   8.52%|  54.27%
 5900s| 16800 |   527 | 28864k|1614.4 |   593M |  28 |2080 |4803 |6352 |  22k|  1 |7984 |5069 | 2.634286e-01 | 2.427706e-01 |   8.51%|  54.31%
 6015s| 16900 |   523 | 29509k|1641.3 |   594M |  28 |2080 |4791 |6158 |  22k|  1 |7984 |5089 | 2.634101e-01 | 2.427706e-01 |   8.50%|  54.48%
 6131s| 17000 |   519 | 30184k|1669.5 |   596M |  28 |2080 |4755 |6319 |  22k|  1 |7985 |5089 | 2.633655e-01 | 2.427706e-01 |   8.48%|  54.63%
 6231s| 17100 |   517 | 30768k|1692.5 |   596M |  28 |2080 |4753 |6249 |  22k|  0 |7985 |5105 | 2.633376e-01 | 2.427706e-01 |   8.47%|  54.69%
 6315s| 17200 |   521 | 31303k|1712.5 |   596M |  28 |2080 |4751 |6280 |  22k|  0 |7988 |5105 | 2.633324e-01 | 2.427706e-01 |   8.47%|  54.69%
 6406s| 17300 |   523 | 31863k|1733.7 |   596M |  28 |2080 |4740 |6228 |  22k|  1 |7989 |5110 | 2.633110e-01 | 2.427706e-01 |   8.46%|  54.73%
 6492s| 17400 |   525 | 32387k|1752.7 |   597M |  28 |2080 |4729 |6414 |  22k|  0 |7989 |5110 | 2.633110e-01 | 2.427706e-01 |   8.46%|  54.77%
 time | node  | left  |LP iter|LP it/n|mem/heur|mdpt |vars |cons |rows |cuts |sepa|confs|strbr|  dualbound   | primalbound  |  gap   | compl. 
 6579s| 17500 |   531 | 32894k|1770.6 |   597M |  28 |2080 |4721 |6433 |  22k|  0 |7990 |5123 | 2.632587e-01 | 2.427706e-01 |   8.44%|  55.06%
 6673s| 17600 |   529 | 33466k|1791.7 |   597M |  28 |2080 |4712 |6340 |  22k|  0 |7991 |5123 | 2.632432e-01 | 2.427706e-01 |   8.43%|  55.11%
 6783s| 17700 |   527 | 34105k|1816.2 |   598M |  28 |2080 |4696 |6279 |  22k|  1 |7991 |5132 | 2.631560e-01 | 2.427706e-01 |   8.40%|  55.31%
 6894s| 17800 |   523 | 34730k|1839.7 |   598M |  28 |2080 |4680 |6285 |  22k|  0 |7991 |5143 | 2.631490e-01 | 2.427706e-01 |   8.39%|  55.40%
 7036s| 17900 |   523 | 35514k|1871.3 |   598M |  28 |2080 |4678 |6174 |  22k|  1 |7993 |5146 | 2.630623e-01 | 2.427706e-01 |   8.36%|  55.59%
 7162s| 18000 |   523 | 36215k|1898.2 |   599M |  28 |2080 |4677 |6345 |  22k|  0 |7994 |5155 | 2.630397e-01 | 2.427706e-01 |   8.35%|  55.68%
 7259s| 18100 |   527 | 36784k|1918.0 |   599M |  28 |2080 |4677 |6287 |  22k|  1 |7994 |5160 | 2.630137e-01 | 2.427706e-01 |   8.34%|  55.71%
 7359s| 18200 |   525 | 37376k|1938.8 |   599M |  28 |2080 |4676 |6296 |  22k|  1 |7996 |5175 | 2.628776e-01 | 2.427706e-01 |   8.28%|  55.95%
 7472s| 18300 |   523 | 38031k|1962.6 |   599M |  28 |2080 |4678 |6137 |  22k|  0 |8005 |5175 | 2.628174e-01 | 2.427706e-01 |   8.26%|  56.04%
 7577s| 18400 |   529 | 38659k|1984.8 |   599M |  28 |2080 |4677 |6292 |  22k|  2 |8007 |5186 | 2.628010e-01 | 2.427706e-01 |   8.25%|  56.08%
 7673s| 18500 |   531 | 39231k|2003.9 |   599M |  28 |2080 |4670 |6408 |  23k|  1 |8008 |5186 | 2.627921e-01 | 2.427706e-01 |   8.25%|  56.14%
 7782s| 18600 |   535 | 39858k|2025.6 |   599M |  28 |2080 |4664 |6410 |  23k|  1 |8010 |5199 | 2.627394e-01 | 2.427706e-01 |   8.23%|  56.19%
 7913s| 18700 |   531 | 40597k|2052.7 |   602M |  28 |2080 |4654 |6408 |  23k|  1 |8010 |5202 | 2.627109e-01 | 2.427706e-01 |   8.21%|  56.34%
 8022s| 18800 |   531 | 41226k|2074.0 |   602M |  28 |2080 |4650 |6305 |  23k|  1 |8010 |5213 | 2.627046e-01 | 2.427706e-01 |   8.21%|  56.42%
 8112s| 18900 |   529 | 41797k|2092.2 |   602M |  28 |2080 |4650 |6324 |  23k|  0 |8013 |5213 | 2.627015e-01 | 2.427706e-01 |   8.21%|  56.43%
 time | node  | left  |LP iter|LP it/n|mem/heur|mdpt |vars |cons |rows |cuts |sepa|confs|strbr|  dualbound   | primalbound  |  gap   | compl. 
 8213s| 19000 |   531 | 42381k|2110.9 |   603M |  28 |2080 |4640 |6326 |  23k|  1 |8014 |5232 | 2.626840e-01 | 2.427706e-01 |   8.20%|  56.47%
 8294s| 19100 |   533 | 42908k|2126.5 |   603M |  28 |2080 |4638 |6052 |  23k|  0 |8014 |5245 | 2.626669e-01 | 2.427706e-01 |   8.20%|  56.55%
 8379s| 19200 |   529 | 43431k|2141.9 |   603M |  28 |2080 |4634 |6320 |  23k|  0 |8015 |5256 | 2.626669e-01 | 2.427706e-01 |   8.20%|  56.62%
 8485s| 19300 |   529 | 44037k|2161.1 |   604M |  28 |2080 |4601 |6274 |  23k|  1 |8015 |5274 | 2.625998e-01 | 2.427706e-01 |   8.17%|  56.74%
 8595s| 19400 |   527 | 44664k|2181.2 |   604M |  28 |2080 |4597 |6313 |  23k|  0 |8016 |5290 | 2.625975e-01 | 2.427706e-01 |   8.17%|  56.85%
 8744s| 19500 |   535 | 45493k|2210.8 |   604M |  28 |2080 |4589 |6518 |  23k|  1 |8016 |5299 | 2.625082e-01 | 2.427706e-01 |   8.13%|  57.16%
 8844s| 19600 |   521 | 46070k|2228.1 |   604M |  28 |2080 |4586 |6202 |  23k|  0 |8016 |5303 | 2.624868e-01 | 2.427706e-01 |   8.12%|  57.26%
 8953s| 19700 |   517 | 46694k|2247.4 |   606M |  28 |2080 |4579 |6418 |  23k|  0 |8016 |5303 | 2.624727e-01 | 2.427706e-01 |   8.12%|  57.35%
 9071s| 19800 |   511 | 47375k|2269.3 |   607M |  28 |2080 |4569 |6307 |  23k|  2 |8017 |5316 | 2.623440e-01 | 2.427706e-01 |   8.06%|  57.63%
 9197s| 19900 |   507 | 48091k|2292.6 |   609M |  28 |2080 |4563 |6111 |  23k|  1 |8017 |5329 | 2.623104e-01 | 2.427706e-01 |   8.05%|  57.89%
 9358s| 20000 |   509 | 48952k|2322.6 |   609M |  28 |2080 |4561 |6382 |  23k|  1 |8019 |5335 | 2.621997e-01 | 2.427706e-01 |   8.00%|  58.17%
 9452s| 20100 |   509 | 49510k|2337.9 |   609M |  28 |2080 |4555 |6295 |  23k|  0 |8019 |5349 | 2.621788e-01 | 2.427706e-01 |   7.99%|  58.21%
 9558s| 20200 |   513 | 50145k|2356.8 |   610M |  28 |2080 |4552 |6270 |  23k|  0 |8019 |5351 | 2.621477e-01 | 2.427706e-01 |   7.98%|  58.25%
 9687s| 20300 |   507 | 50850k|2378.8 |   610M |  28 |2080 |4546 |6235 |  23k|  0 |8019 |5363 | 2.621308e-01 | 2.427706e-01 |   7.97%|  58.46%
 9781s| 20400 |   509 | 51434k|2394.9 |   610M |  28 |2080 |4543 |6309 |  23k|  0 |8022 |5366 | 2.620091e-01 | 2.427706e-01 |   7.92%|  58.58%
 time | node  | left  |LP iter|LP it/n|mem/heur|mdpt |vars |cons |rows |cuts |sepa|confs|strbr|  dualbound   | primalbound  |  gap   | compl. 
 9874s| 20500 |   511 | 51989k|2409.5 |   610M |  28 |2080 |4542 |6297 |  23k|  1 |8023 |5366 | 2.619532e-01 | 2.427706e-01 |   7.90%|  58.71%
  167m| 20600 |   507 | 52719k|2432.1 |   612M |  28 |2080 |4538 |6216 |  24k|  1 |8024 |5378 | 2.619420e-01 | 2.427706e-01 |   7.90%|  58.87%
  169m| 20700 |   513 | 53350k|2449.9 |   612M |  28 |2080 |4538 |6418 |  24k|  2 |8030 |5380 | 2.618942e-01 | 2.427706e-01 |   7.88%|  58.93%
  170m| 20800 |   505 | 53899k|2463.8 |   612M |  28 |2080 |4536 |6283 |  24k|  1 |8031 |5395 | 2.618931e-01 | 2.427706e-01 |   7.88%|  58.95%
  172m| 20900 |   503 | 54470k|2478.6 |   612M |  28 |2080 |4534 |6278 |  24k|  0 |8032 |5395 | 2.618648e-01 | 2.427706e-01 |   7.87%|  58.98%
  173m| 21000 |   501 | 55094k|2495.6 |   612M |  28 |2080 |4533 |6322 |  24k|  0 |8033 |5406 | 2.618648e-01 | 2.427706e-01 |   7.87%|  59.01%
  175m| 21100 |   503 | 55709k|2512.1 |   612M |  28 |2080 |4533 |6459 |  24k|  0 |8034 |5408 | 2.618502e-01 | 2.427706e-01 |   7.86%|  59.13%
  177m| 21200 |   501 | 56236k|2524.5 |   612M |  28 |2080 |4528 |6343 |  24k|  1 |8034 |5408 | 2.617461e-01 | 2.427706e-01 |   7.82%|  59.26%
  178m| 21300 |   497 | 56825k|2539.5 |   612M |  28 |2080 |4522 |6375 |  24k|  0 |8034 |5419 | 2.617298e-01 | 2.427706e-01 |   7.81%|  59.44%
  181m| 21400 |   493 | 57407k|2554.1 |   612M |  28 |2080 |4519 |6227 |  24k|  0 |8034 |5419 | 2.617173e-01 | 2.427706e-01 |   7.80%|  59.63%
  183m| 21500 |   493 | 58096k|2573.3 |   612M |  28 |2080 |4519 |6242 |  24k|  1 |8034 |5432 | 2.617111e-01 | 2.427706e-01 |   7.80%|  59.72%
  185m| 21600 |   489 | 58669k|2587.3 |   612M |  28 |2080 |4519 |6284 |  24k|  1 |8034 |5432 | 2.616953e-01 | 2.427706e-01 |   7.80%|  59.76%
  187m| 21700 |   483 | 59238k|2600.9 |   612M |  28 |2080 |4517 |6261 |  24k|  0 |8034 |5444 | 2.616953e-01 | 2.427706e-01 |   7.80%|  59.79%
  188m| 21800 |   491 | 59873k|2617.3 |   612M |  28 |2080 |4515 |6365 |  24k|  0 |8034 |5448 | 2.616230e-01 | 2.427706e-01 |   7.77%|  59.86%
  190m| 21900 |   487 | 60431k|2630.2 |   612M |  28 |2080 |4511 |6141 |  24k|  0 |8035 |5448 | 2.614791e-01 | 2.427706e-01 |   7.71%|  60.17%
 time | node  | left  |LP iter|LP it/n|mem/heur|mdpt |vars |cons |rows |cuts |sepa|confs|strbr|  dualbound   | primalbound  |  gap   | compl. 
  192m| 22000 |   485 | 60998k|2643.4 |   612M |  28 |2080 |4508 |6141 |  24k|  0 |8035 |5455 | 2.614488e-01 | 2.427706e-01 |   7.69%|  60.24%
  193m| 22100 |   485 | 61572k|2656.7 |   612M |  28 |2080 |4506 |6292 |  24k|  0 |8035 |5455 | 2.614173e-01 | 2.427706e-01 |   7.68%|  60.33%
  195m| 22200 |   483 | 62159k|2670.5 |   612M |  28 |2080 |4502 |6125 |  24k|  1 |8037 |5469 | 2.614016e-01 | 2.427706e-01 |   7.67%|  60.47%
  197m| 22300 |   475 | 62811k|2687.0 |   612M |  28 |2080 |4502 |6245 |  24k|  1 |8037 |5469 | 2.614011e-01 | 2.427706e-01 |   7.67%|  60.59%
  199m| 22400 |   469 | 63458k|2703.1 |   612M |  28 |2080 |4499 |6519 |  24k|  1 |8037 |5484 | 2.614011e-01 | 2.427706e-01 |   7.67%|  60.65%
  201m| 22500 |   467 | 64157k|2721.3 |   613M |  28 |2080 |4497 |6297 |  24k|  0 |8037 |5485 | 2.612972e-01 | 2.427706e-01 |   7.63%|  60.98%
  203m| 22600 |   463 | 64853k|2739.2 |   613M |  28 |2080 |4496 |6354 |  24k|  0 |8037 |5498 | 2.612485e-01 | 2.427706e-01 |   7.61%|  61.14%
  204m| 22700 |   469 | 65354k|2748.8 |   613M |  28 |2080 |4494 |6373 |  24k|  1 |8038 |5503 | 2.611748e-01 | 2.427706e-01 |   7.58%|  61.27%
  206m| 22800 |   465 | 65993k|2764.0 |   614M |  28 |2080 |4498 |6451 |  24k|  1 |8047 |5503 | 2.611477e-01 | 2.427706e-01 |   7.57%|  61.35%
  207m| 22900 |   465 | 66520k|2774.5 |   614M |  28 |2080 |4492 |6302 |  24k|  0 |8047 |5512 | 2.610977e-01 | 2.427706e-01 |   7.55%|  61.41%
  209m| 23000 |   469 | 67032k|2784.2 |   614M |  28 |2080 |4489 |6312 |  24k|  0 |8047 |5515 | 2.610744e-01 | 2.427706e-01 |   7.54%|  61.52%
SCIP version 7.0.2 [precision: 8 byte] [memory: block] [mode: optimized] [LP solver: SoPlex 5.0.2] [GitHash: e9d280a398]
Copyright (C) 2002-2020 Konrad-Zuse-Zentrum fuer Informationstechnik Berlin (ZIB)

External codes: 
  SoPlex 5.0.2         Linear Programming Solver developed at Zuse Institute Berlin (soplex.zib.de) [GitHash: e24c304e]
  CppAD 20180000.0     Algorithmic Differentiation of C++ algorithms developed by B. Bell (www.coin-or.org/CppAD)
  MPIR 3.0.0           Multiple Precision Integers and Rationals Library developed by W. Hart (mpir.org)
  ZIMPL 3.4.0          Zuse Institute Mathematical Programming Language developed by T. Koch (zimpl.zib.de)
  PaPILO 1.0.2         parallel presolve for integer and linear optimization (https://github.com/lgottwald/PaPILO) [GitHash: 62d2842]
  bliss 0.73p          Computing Graph Automorphism Groups by T. Junttila and P. Kaski (http://www.tcs.hut.fi/Software/bliss/)
  Ipopt 3.12.9         Interior Point Optimizer developed by A. Waechter et.al. (www.coin-or.org/Ipopt)

user parameter file <scip.set> not found - using default parameters

read problem <C:\Users\cfpgo\Documents\GitHub\embedding\src\lp\WV_N64_B0.5_correlated\IPL_linearized_WV_N64q1.00B32.lp>
============

original problem has 4160 variables (0 bin, 4160 int, 0 impl, 0 cont) and 12289 constraints

solve problem
=============

presolving:
(round 1, fast)       0 del vars, 0 del conss, 0 add conss, 0 chg bounds, 64 chg sides, 64 chg coeffs, 0 upgd conss, 0 impls, 8192 clqs
   (1.0s) running MILP presolver
   (1.0s) MILP presolver (4 rounds): 64 aggregations, 0 fixings, 0 bound changes
(round 2, medium)     64 del vars, 0 del conss, 0 add conss, 0 chg bounds, 64 chg sides, 64 chg coeffs, 0 upgd conss, 0 impls, 8064 clqs
(round 3, fast)       64 del vars, 192 del conss, 0 add conss, 0 chg bounds, 64 chg sides, 64 chg coeffs, 0 upgd conss, 0 impls, 8064 clqs
(round 4, exhaustive) 64 del vars, 192 del conss, 0 add conss, 0 chg bounds, 64 chg sides, 64 chg coeffs, 12096 upgd conss, 0 impls, 8064 clqs
(round 5, exhaustive) 64 del vars, 12288 del conss, 4032 add conss, 0 chg bounds, 64 chg sides, 64 chg coeffs, 12096 upgd conss, 0 impls, 8064 clqs
(round 6, exhaustive) 2080 del vars, 14304 del conss, 4032 add conss, 0 chg bounds, 64 chg sides, 64 chg coeffs, 12096 upgd conss, 0 impls, 4032 clqs
   (1.0s) probing: 51/2080 (2.5%) - 0 fixings, 0 aggregations, 0 implications, 0 bound changes
   (1.0s) probing aborted: 50/50 successive totally useless probings
   (1.0s) symmetry computation started: requiring (bin +, int -, cont +), (fixed: bin -, int +, cont -)
   (1.0s) no symmetry present
presolving (7 rounds: 7 fast, 5 medium, 4 exhaustive):
 2080 deleted vars, 14304 deleted constraints, 4032 added constraints, 0 tightened bounds, 0 added holes, 64 changed sides, 64 changed coefficients
 0 implications, 4032 cliques
presolved problem has 2080 variables (2080 bin, 0 int, 0 impl, 0 cont) and 2017 constraints
   2016 constraints of type <and>
      1 constraints of type <linear>
Presolving Time: 1.00

 time | node  | left  |LP iter|LP it/n|mem/heur|mdpt |vars |cons |rows |cuts |sepa|confs|strbr|  dualbound   | primalbound  |  gap   | compl. 
p 1.0s|     1 |     0 |     0 |     - |  clique|   0 |2080 |2017 |4033 |   0 |  0 |   0 |   0 | 6.251498e-01 | 1.470396e-01 | 325.16%| unknown
p 1.0s|     1 |     0 |     0 |     - | vbounds|   0 |2080 |2017 |4033 |   0 |  0 |   0 |   0 | 6.251498e-01 | 1.499192e-01 | 316.99%| unknown
p 1.0s|     1 |     0 |     0 |     - | vbounds|   0 |2080 |2019 |4033 |   0 |  0 |   2 |   0 | 6.251498e-01 | 1.641192e-01 | 280.91%| unknown
  1.0s|     1 |     0 |  4504 |     - |    47M |   0 |2080 |2019 |4033 |   0 |  0 |   2 |   0 | 3.862610e-01 | 1.641192e-01 | 135.35%| unknown
r 1.0s|     1 |     0 |  4504 |     - |shifting|   0 |2080 |2029 |4033 |   0 |  0 |  12 |   0 | 3.862610e-01 | 1.959612e-01 |  97.11%| unknown
L 1.0s|     1 |     0 |  4504 |     - |undercov|   0 |2080 |2029 |4033 |   0 |  0 |  12 |   0 | 3.862610e-01 | 2.426677e-01 |  59.17%| unknown
  2.0s|     1 |     0 |  5827 |     - |    50M |   0 |2080 |2029 |5061 |1028 |  1 |  12 |   0 | 3.201372e-01 | 2.426677e-01 |  31.92%| unknown
  2.0s|     1 |     0 |  6134 |     - |    52M |   0 |2080 |2029 |5665 |1632 |  2 |  12 |   0 | 3.125749e-01 | 2.426677e-01 |  28.81%| unknown
  4.0s|     1 |     2 | 18490 |     - |    56M |   0 |2080 |2043 |5665 |1632 |  4 |  26 |  19 | 3.100443e-01 | 2.426677e-01 |  27.76%| unknown
