SCIP version 7.0.2 [precision: 8 byte] [memory: block] [mode: optimized] [LP solver: SoPlex 5.0.2] [GitHash: e9d280a398]
Copyright (C) 2002-2020 Konrad-Zuse-Zentrum fuer Informationstechnik Berlin (ZIB)

External codes: 
  SoPlex 5.0.2         Linear Programming Solver developed at Zuse Institute Berlin (soplex.zib.de) [GitHash: e24c304e]
  CppAD 20180000.0     Algorithmic Differentiation of C++ algorithms developed by B. Bell (www.coin-or.org/CppAD)
  MPIR 3.0.0           Multiple Precision Integers and Rationals Library developed by W. Hart (mpir.org)
  ZIMPL 3.4.0          Zuse Institute Mathematical Programming Language developed by T. Koch (zimpl.zib.de)
  PaPILO 1.0.2         parallel presolve for integer and linear optimization (https://github.com/lgottwald/PaPILO) [GitHash: 62d2842]
  bliss 0.73p          Computing Graph Automorphism Groups by T. Junttila and P. Kaski (http://www.tcs.hut.fi/Software/bliss/)
  Ipopt 3.12.9         Interior Point Optimizer developed by A. Waechter et.al. (www.coin-or.org/Ipopt)

user parameter file <scip.set> not found - using default parameters

read problem <C:\Users\Claubit\Documents\GitHub\embedding\src\lp\scenarioA2_N32_B0.4_classical\IPL_linearized_N32q60.00B12.lp>
============

original problem has 1056 variables (0 bin, 1056 int, 0 impl, 0 cont) and 3073 constraints

solve problem
=============

presolving:
(round 1, fast)       32 del vars, 32 del conss, 0 add conss, 0 chg bounds, 32 chg sides, 32 chg coeffs, 0 upgd conss, 0 impls, 1984 clqs
(round 2, fast)       32 del vars, 96 del conss, 0 add conss, 0 chg bounds, 32 chg sides, 32 chg coeffs, 0 upgd conss, 0 impls, 1984 clqs
   (0.0s) running MILP presolver
   (0.0s) MILP presolver found nothing
(round 3, exhaustive) 32 del vars, 96 del conss, 0 add conss, 0 chg bounds, 32 chg sides, 32 chg coeffs, 2976 upgd conss, 0 impls, 1984 clqs
(round 4, exhaustive) 32 del vars, 3072 del conss, 992 add conss, 0 chg bounds, 32 chg sides, 32 chg coeffs, 2976 upgd conss, 0 impls, 1984 clqs
(round 5, exhaustive) 528 del vars, 3568 del conss, 992 add conss, 0 chg bounds, 32 chg sides, 32 chg coeffs, 2976 upgd conss, 0 impls, 992 clqs
   (0.0s) probing: 51/528 (9.7%) - 0 fixings, 0 aggregations, 0 implications, 0 bound changes
   (0.0s) probing aborted: 50/50 successive totally useless probings
   (0.0s) symmetry computation started: requiring (bin +, int -, cont +), (fixed: bin -, int +, cont -)
   (0.0s) no symmetry present
presolving (6 rounds: 6 fast, 4 medium, 4 exhaustive):
 528 deleted vars, 3568 deleted constraints, 992 added constraints, 0 tightened bounds, 0 added holes, 32 changed sides, 32 changed coefficients
 0 implications, 992 cliques
presolved problem has 528 variables (528 bin, 0 int, 0 impl, 0 cont) and 497 constraints
    496 constraints of type <and>
      1 constraints of type <linear>
Presolving Time: 0.00

 time | node  | left  |LP iter|LP it/n|mem/heur|mdpt |vars |cons |rows |cuts |sepa|confs|strbr|  dualbound   | primalbound  |  gap   | compl. 
p 0.0s|     1 |     0 |     0 |     - |  clique|   0 | 528 | 497 | 993 |   0 |  0 |   0 |   0 |-9.693627e-01 | 9.971963e-01 |    Inf | unknown
p 0.0s|     1 |     0 |     0 |     - | vbounds|   0 | 528 | 497 | 993 |   0 |  0 |   0 |   0 |-9.693627e-01 | 8.654029e-01 |    Inf | unknown
  0.0s|     1 |     0 |   241 |     - |    13M |   0 | 528 | 497 | 993 |   0 |  0 |   0 |   0 |-2.269938e-01 | 8.654029e-01 |    Inf | unknown
r 0.0s|     1 |     0 |   241 |     - |shifting|   0 | 528 | 501 | 993 |   0 |  0 |   4 |   0 |-2.269938e-01 | 8.151312e-01 |    Inf | unknown
L 0.0s|     1 |     0 |   241 |     - |undercov|   0 | 528 | 501 | 993 |   0 |  0 |   4 |   0 |-2.269938e-01 | 3.972408e-01 |    Inf | unknown
  0.0s|     1 |     0 |   314 |     - |    14M |   0 | 528 | 501 |1026 |  33 |  1 |   4 |   0 |-1.478019e-01 | 3.972408e-01 |    Inf | unknown
  0.0s|     1 |     0 |   325 |     - |    14M |   0 | 528 | 501 |1037 |  44 |  2 |   4 |   0 |-1.360333e-01 | 3.972408e-01 |    Inf | unknown
  0.0s|     1 |     0 |   346 |     - |    14M |   0 | 528 | 501 |1050 |  57 |  3 |   4 |   0 |-1.254070e-01 | 3.972408e-01 |    Inf | unknown
  4.0s|     1 |     0 |   391 |     - |    15M |   0 | 528 | 501 |1057 |  64 |  4 |   4 |   0 |-1.158990e-01 | 3.972408e-01 |    Inf | unknown
  4.0s|     1 |     0 |   434 |     - |    15M |   0 | 528 | 502 |1065 |  72 |  5 |   5 |   0 |-1.043291e-01 | 3.972408e-01 |    Inf | unknown
  4.0s|     1 |     0 |   499 |     - |    15M |   0 | 528 | 506 |1084 |  91 |  6 |   9 |   0 |-8.389017e-02 | 3.972408e-01 |    Inf | unknown
  4.0s|     1 |     0 |   525 |     - |    17M |   0 | 528 | 506 |1101 | 108 |  7 |   9 |   0 |-7.757307e-02 | 3.972408e-01 |    Inf | unknown
  4.0s|     1 |     0 |   584 |     - |    17M |   0 | 528 | 506 |1111 | 118 |  8 |   9 |   0 |-6.368094e-02 | 3.972408e-01 |    Inf | unknown
  4.0s|     1 |     0 |   675 |     - |    18M |   0 | 528 | 511 |1131 | 138 |  9 |  14 |   0 |-4.183973e-02 | 3.972408e-01 |    Inf | unknown
  4.0s|     1 |     0 |   763 |     - |    18M |   0 | 528 | 511 |1147 | 154 | 10 |  14 |   0 |-2.609488e-02 | 3.972408e-01 |    Inf | unknown
 time | node  | left  |LP iter|LP it/n|mem/heur|mdpt |vars |cons |rows |cuts |sepa|confs|strbr|  dualbound   | primalbound  |  gap   | compl. 
  4.0s|     1 |     0 |   843 |     - |    18M |   0 | 528 | 511 |1176 | 183 | 11 |  14 |   0 |-1.338350e-02 | 3.972408e-01 |    Inf | unknown
  4.0s|     1 |     0 |   963 |     - |    19M |   0 | 528 | 511 |1195 | 202 | 12 |  14 |   0 | 1.034188e-03 | 3.972408e-01 |  Large | unknown
  4.0s|     1 |     0 |  1036 |     - |    20M |   0 | 528 | 511 |1204 | 211 | 13 |  14 |   0 | 6.422916e-03 | 3.972408e-01 |6084.74%| unknown
  4.0s|     1 |     0 |  1123 |     - |    21M |   0 | 528 | 511 |1214 | 221 | 14 |  14 |   0 | 1.240833e-02 | 3.972408e-01 |3101.40%| unknown
  4.0s|     1 |     0 |  1251 |     - |    21M |   0 | 528 | 511 |1221 | 228 | 15 |  14 |   0 | 2.111970e-02 | 3.972408e-01 |1780.90%| unknown
  5.0s|     1 |     0 |  1326 |     - |    21M |   0 | 528 | 512 |1235 | 242 | 16 |  15 |   0 | 2.448866e-02 | 3.972408e-01 |1522.14%| unknown
  5.0s|     1 |     0 |  1386 |     - |    24M |   0 | 528 | 512 |1232 | 248 | 17 |  15 |   0 | 2.618271e-02 | 3.972408e-01 |1417.19%| unknown
  5.0s|     1 |     0 |  1476 |     - |    25M |   0 | 528 | 512 |1239 | 255 | 18 |  15 |   0 | 2.849334e-02 | 3.972408e-01 |1294.15%| unknown
  5.0s|     1 |     0 |  1488 |     - |    26M |   0 | 528 | 513 |1242 | 258 | 19 |  16 |   0 | 2.857574e-02 | 3.972408e-01 |1290.13%| unknown
  5.0s|     1 |     0 |  1511 |     - |    26M |   0 | 528 | 513 |1246 | 262 | 20 |  16 |   0 | 2.885401e-02 | 3.972408e-01 |1276.73%| unknown
  5.0s|     1 |     0 |  1582 |     - |    26M |   0 | 528 | 514 |1250 | 266 | 21 |  17 |   0 | 2.973774e-02 | 3.972408e-01 |1235.81%| unknown
  5.0s|     1 |     0 |  1638 |     - |    26M |   0 | 528 | 514 |1255 | 271 | 22 |  17 |   0 | 3.048123e-02 | 3.972408e-01 |1203.23%| unknown
  5.0s|     1 |     0 |  1659 |     - |    26M |   0 | 528 | 514 |1228 | 275 | 23 |  17 |   0 | 3.059977e-02 | 3.972408e-01 |1198.18%| unknown
  5.0s|     1 |     0 |  1677 |     - |    26M |   0 | 528 | 514 |1230 | 277 | 24 |  17 |   0 | 3.066139e-02 | 3.972408e-01 |1195.57%| unknown
  5.0s|     1 |     0 |  1702 |     - |    26M |   0 | 528 | 514 |1232 | 279 | 25 |  17 |   0 | 3.098765e-02 | 3.972408e-01 |1181.93%| unknown
 time | node  | left  |LP iter|LP it/n|mem/heur|mdpt |vars |cons |rows |cuts |sepa|confs|strbr|  dualbound   | primalbound  |  gap   | compl. 
  5.0s|     1 |     0 |  1731 |     - |    26M |   0 | 528 | 514 |1236 | 283 | 26 |  17 |   0 | 3.108965e-02 | 3.972408e-01 |1177.73%| unknown
  5.0s|     1 |     0 |  1740 |     - |    26M |   0 | 528 | 515 |1238 | 285 | 27 |  18 |   0 | 3.111065e-02 | 3.972408e-01 |1176.86%| unknown
  7.0s|     1 |     2 |  3092 |     - |    27M |   0 | 528 | 516 |1238 | 285 | 29 |  19 |  20 | 5.191248e-02 | 3.972408e-01 | 665.21%| unknown
*11.0s|    17 |    10 |  5278 | 221.1 |strongbr|  10 | 528 | 528 |1253 | 383 | 12 |  31 | 386 | 8.765179e-02 | 3.935403e-01 | 348.98%|   3.73%
*12.0s|    19 |     9 |  5755 | 223.1 |strongbr|  11 | 528 | 533 |1252 | 407 |  3 |  36 | 433 | 8.765179e-02 | 3.846683e-01 | 338.86%|   5.66%
*12.0s|    19 |     9 |  5778 | 224.3 |strongbr|  11 | 528 | 520 |1252 | 407 |  5 |  36 | 441 | 8.765179e-02 | 3.742384e-01 | 326.96%|   5.66%
*13.0s|    28 |    14 |  6619 | 180.7 |strongbr|  11 | 528 | 524 |1248 | 436 |  9 |  45 | 580 | 9.909476e-02 | 3.707337e-01 | 274.12%|   8.93%
*13.0s|    28 |    14 |  6619 | 180.7 |strongbr|  11 | 528 | 527 |1248 | 436 |  9 |  48 | 583 | 9.909476e-02 | 3.580958e-01 | 261.37%|   8.93%
*16.0s|    88 |    30 | 12107 | 119.2 |strongbr|  11 | 528 | 610 |1272 | 601 |  6 | 141 | 930 | 1.771173e-01 | 3.402893e-01 |  92.13%|  29.48%
 17.0s|   100 |    24 | 13652 | 120.3 |    33M |  11 | 528 | 622 |1243 | 621 |  2 | 153 | 987 | 1.803141e-01 | 3.402893e-01 |  88.72%|  40.27%
*18.0s|   153 |    23 | 17897 | 106.3 |strongbr|  12 | 528 | 592 |1320 | 796 | 11 | 196 |1072 | 2.044925e-01 | 3.373635e-01 |  64.98%|  51.69%
*18.0s|   156 |    25 | 18040 | 105.2 |    LP  |  13 | 528 | 599 |1306 | 796 |  2 | 203 |1077 | 2.044925e-01 | 3.270249e-01 |  59.92%|  51.75%
*18.0s|   167 |    26 | 18195 |  99.1 |    LP  |  17 | 528 | 553 |1306 | 796 |  1 | 203 |1077 | 2.044925e-01 | 3.226233e-01 |  57.77%|  51.86%
*18.0s|   168 |    23 | 18205 |  98.6 |    LP  |  17 | 528 | 546 |1306 | 796 |  2 | 203 |1077 | 2.044925e-01 | 3.143565e-01 |  53.73%|  56.45%
 19.0s|   200 |    11 | 20686 |  95.2 |    35M |  17 | 528 | 564 |1254 | 829 |  2 | 221 |1101 | 2.111860e-01 | 3.143565e-01 |  48.85%|  76.31%

SCIP Status        : problem is solved [optimal solution found]
Solving Time (sec) : 19.00
Solving Nodes      : 225
Primal Bound       : +3.14356537317598e-01 (94 solutions)
Dual Bound         : +3.14356537317598e-01
Gap                : 0.00 %

primal solution (original space):
=================================

objective value:                    0.314356537317598
y(1,1)                                              1 	(obj:0.0188266404323342)
y(1,3)                                              1 	(obj:-0.00133728022665969)
y(1,12)                                             1 	(obj:0.00926184028926678)
y(1,16)                                             1 	(obj:-0.00918878215563451)
y(1,17)                                             1 	(obj:-0.00830906554773956)
y(1,19)                                             1 	(obj:0.00538474566590752)
y(1,21)                                             1 	(obj:0.000854539971319226)
y(1,23)                                             1 	(obj:0.00728951447202975)
y(1,28)                                             1 	(obj:-0.00819909669967703)
y(1,29)                                             1 	(obj:0.00448148750177532)
y(1,30)                                             1 	(obj:0.00743041146861508)
y(1,32)                                             1 	(obj:0.00558100433963166)
y(3,1)                                              1 	(obj:-0.00133728022665969)
y(3,3)                                              1 	(obj:0.0125461064157819)
y(3,12)                                             1 	(obj:-0.00120716419271524)
y(3,16)                                             1 	(obj:0.010825456365016)
y(3,17)                                             1 	(obj:0.00734379902657921)
y(3,19)                                             1 	(obj:0.00778007322982449)
y(3,21)                                             1 	(obj:0.00170630414752316)
y(3,23)                                             1 	(obj:-0.00223396570637769)
y(3,28)                                             1 	(obj:0.00645298467480695)
y(3,29)                                             1 	(obj:-0.000688093595200614)
y(3,30)                                             1 	(obj:-0.000391930872092696)
y(3,32)                                             1 	(obj:-0.00280116740930018)
y(12,1)                                             1 	(obj:0.00926184028926678)
y(12,3)                                             1 	(obj:-0.00120716419271524)
y(12,12)                                            1 	(obj:0.0105777457425936)
y(12,16)                                            1 	(obj:-0.00239334944705303)
y(12,17)                                            1 	(obj:-0.00648047210486795)
y(12,19)                                            1 	(obj:0.00248414415099926)
y(12,21)                                            1 	(obj:0.00185988743045972)
y(12,23)                                            1 	(obj:0.00977282369616553)
y(12,28)                                            1 	(obj:-0.00496484827983447)
y(12,29)                                            1 	(obj:0.00444266617057626)
y(12,30)                                            1 	(obj:0.00702336479833849)
y(12,32)                                            1 	(obj:0.00451217647696848)
y(16,1)                                             1 	(obj:-0.00918878215563451)
y(16,3)                                             1 	(obj:0.010825456365016)
y(16,12)                                            1 	(obj:-0.00239334944705303)
y(16,16)                                            1 	(obj:0.0237396357884616)
y(16,17)                                            1 	(obj:0.0119896920884246)
y(16,19)                                            1 	(obj:0.00432227269548007)
y(16,21)                                            1 	(obj:0.00221033953036948)
y(16,23)                                            1 	(obj:-0.000173630982010891)
y(16,28)                                            1 	(obj:0.00921209117944993)
y(16,29)                                            1 	(obj:-0.000450405069554732)
y(16,30)                                            1 	(obj:-0.00237402927516005)
y(16,32)                                            1 	(obj:-0.00456653199558581)
y(17,1)                                             1 	(obj:-0.00830906554773956)
y(17,3)                                             1 	(obj:0.00734379902657921)
y(17,12)                                            1 	(obj:-0.00648047210486795)
y(17,16)                                            1 	(obj:0.0119896920884246)
y(17,17)                                            1 	(obj:0.0176621706460284)
y(17,19)                                            1 	(obj:0.00272624294719416)
y(17,21)                                            1 	(obj:9.26235513588559e-05)
y(17,23)                                            1 	(obj:-0.00626771372986944)
y(17,28)                                            1 	(obj:0.0132218045279444)
y(17,29)                                            1 	(obj:-0.0017250909606175)
y(17,30)                                            1 	(obj:-0.00567198216755756)
y(17,32)                                            1 	(obj:-0.0037602892578185)
y(19,1)                                             1 	(obj:0.00538474566590752)
y(19,3)                                             1 	(obj:0.00778007322982449)
y(19,12)                                            1 	(obj:0.00248414415099926)
y(19,16)                                            1 	(obj:0.00432227269548007)
y(19,17)                                            1 	(obj:0.00272624294719416)
y(19,19)                                            1 	(obj:0.0142850869908142)
y(19,21)                                            1 	(obj:0.000839897586523554)
y(19,23)                                            1 	(obj:0.00161512550946085)
y(19,28)                                            1 	(obj:0.00219948937595587)
y(19,29)                                            1 	(obj:0.000919401949569028)
y(19,30)                                            1 	(obj:0.00166471804821208)
y(19,32)                                            1 	(obj:0.00118659636822899)
y(21,1)                                             1 	(obj:0.000854539971319226)
y(21,3)                                             1 	(obj:0.00170630414752316)
y(21,12)                                            1 	(obj:0.00185988743045972)
y(21,16)                                            1 	(obj:0.00221033953036948)
y(21,17)                                            1 	(obj:9.26235513588559e-05)
y(21,19)                                            1 	(obj:0.000839897586523554)
y(21,21)                                            1 	(obj:0.00639787354586234)
y(21,23)                                            1 	(obj:0.00401303166434546)
y(21,28)                                            1 	(obj:-0.000155006795423371)
y(21,29)                                            1 	(obj:0.00210623633017826)
y(21,30)                                            1 	(obj:0.000946665714496302)
y(21,32)                                            1 	(obj:-0.00034296458959734)
y(23,1)                                             1 	(obj:0.00728951447202975)
y(23,3)                                             1 	(obj:-0.00223396570637769)
y(23,12)                                            1 	(obj:0.00977282369616553)
y(23,16)                                            1 	(obj:-0.000173630982010891)
y(23,17)                                            1 	(obj:-0.00626771372986944)
y(23,19)                                            1 	(obj:0.00161512550946085)
y(23,21)                                            1 	(obj:0.00401303166434546)
y(23,23)                                            1 	(obj:0.015440174540657)
y(23,28)                                            1 	(obj:-0.00924537490537335)
y(23,29)                                            1 	(obj:0.00415432764407952)
y(23,30)                                            1 	(obj:0.00663789258561141)
y(23,32)                                            1 	(obj:0.00408869554237954)
y(28,1)                                             1 	(obj:-0.00819909669967703)
y(28,3)                                             1 	(obj:0.00645298467480695)
y(28,12)                                            1 	(obj:-0.00496484827983447)
y(28,16)                                            1 	(obj:0.00921209117944993)
y(28,17)                                            1 	(obj:0.0132218045279444)
y(28,19)                                            1 	(obj:0.00219948937595587)
y(28,21)                                            1 	(obj:-0.000155006795423371)
y(28,23)                                            1 	(obj:-0.00924537490537335)
y(28,28)                                            1 	(obj:0.0206983860947582)
y(28,29)                                            1 	(obj:-0.00210308050242325)
y(28,30)                                            1 	(obj:-0.00395114852991482)
y(28,32)                                            1 	(obj:-0.00275906726366243)
y(29,1)                                             1 	(obj:0.00448148750177532)
y(29,3)                                             1 	(obj:-0.000688093595200614)
y(29,12)                                            1 	(obj:0.00444266617057626)
y(29,16)                                            1 	(obj:-0.000450405069554732)
y(29,17)                                            1 	(obj:-0.0017250909606175)
y(29,19)                                            1 	(obj:0.000919401949569028)
y(29,21)                                            1 	(obj:0.00210623633017826)
y(29,23)                                            1 	(obj:0.00415432764407952)
y(29,28)                                            1 	(obj:-0.00210308050242325)
y(29,29)                                            1 	(obj:0.0110004057362736)
y(29,30)                                            1 	(obj:0.00293916161862207)
y(29,32)                                            1 	(obj:0.00254533716711804)
y(30,1)                                             1 	(obj:0.00743041146861508)
y(30,3)                                             1 	(obj:-0.000391930872092696)
y(30,12)                                            1 	(obj:0.00702336479833849)
y(30,16)                                            1 	(obj:-0.00237402927516005)
y(30,17)                                            1 	(obj:-0.00567198216755756)
y(30,19)                                            1 	(obj:0.00166471804821208)
y(30,21)                                            1 	(obj:0.000946665714496302)
y(30,23)                                            1 	(obj:0.00663789258561141)
y(30,28)                                            1 	(obj:-0.00395114852991482)
y(30,29)                                            1 	(obj:0.00293916161862207)
y(30,30)                                            1 	(obj:0.00730694368226559)
y(30,32)                                            1 	(obj:0.0031610589197158)
y(32,1)                                             1 	(obj:0.00558100433963166)
y(32,3)                                             1 	(obj:-0.00280116740930018)
y(32,12)                                            1 	(obj:0.00451217647696848)
y(32,16)                                            1 	(obj:-0.00456653199558581)
y(32,17)                                            1 	(obj:-0.0037602892578185)
y(32,19)                                            1 	(obj:0.00118659636822899)
y(32,21)                                            1 	(obj:-0.00034296458959734)
y(32,23)                                            1 	(obj:0.00408869554237954)
y(32,28)                                            1 	(obj:-0.00275906726366243)
y(32,29)                                            1 	(obj:0.00254533716711804)
y(32,30)                                            1 	(obj:0.0031610589197158)
y(32,32)                                            1 	(obj:0.00526169875455037)
x(1)                                                1 	(obj:-0.00667286319447288)
x(3)                                                1 	(obj:-9.56132732858106e-05)
x(12)                                               1 	(obj:-0.00348984795828146)
x(16)                                               1 	(obj:-0.0059640060439669)
x(17)                                               1 	(obj:0.00117967554409262)
x(19)                                               1 	(obj:-0.0045666940884271)
x(21)                                               1 	(obj:-0.00233757086924918)
x(23)                                               1 	(obj:-0.00274468105522858)
x(28)                                               1 	(obj:0.000863377525571901)
x(29)                                               1 	(obj:-0.00746616271732443)
x(30)                                               1 	(obj:-0.00517621098612854)
x(32)                                               1 	(obj:-0.0039925222536812)

Statistics
==========

SCIP Status        : problem is solved [optimal solution found]
Total Time         :      19.00
  solving          :      19.00
  presolving       :       0.00 (included in solving)
  reading          :       0.00
  copying          :       0.00 (3 #copies) (minimal 0.00, maximal 0.00, average 0.00)
Original Problem   :
  Problem name     : C:\Users\Claubit\Documents\GitHub\embedding\src\lp\scenarioA2_N32_B0.4_classical\IPL_linearized_N32q60.00B12.lp
  Variables        : 1056 (0 binary, 1056 integer, 0 implicit integer, 0 continuous)
  Constraints      : 3073 initial, 3073 maximal
  Objective        : minimize, 1056 non-zeros (abs.min = 5.19677e-06, abs.max = 0.108375)
Presolved Problem  :
  Problem name     : t_C:\Users\Claubit\Documents\GitHub\embedding\src\lp\scenarioA2_N32_B0.4_classical\IPL_linearized_N32q60.00B12.lp
  Variables        : 528 (528 binary, 0 integer, 0 implicit integer, 0 continuous)
  Constraints      : 497 initial, 665 maximal
  Objective        : minimize, 528 non-zeros (abs.min = 1.03935e-05, abs.max = 0.114681)
  Nonzeros         : 1520 constraint, 1918 clique table
Presolvers         :   ExecTime  SetupTime  Calls  FixedVars   AggrVars   ChgTypes  ChgBounds   AddHoles    DelCons    AddCons   ChgSides   ChgCoefs
  boundshift       :       0.00       0.00      0          0          0          0          0          0          0          0          0          0
  convertinttobin  :       0.00       0.00      0          0          0          0          0          0          0          0          0          0
  domcol           :       0.00       0.00      1          0          0          0          0          0          0          0          0          0
  dualagg          :       0.00       0.00      0          0          0          0          0          0          0          0          0          0
  dualcomp         :       0.00       0.00      0          0          0          0          0          0          0          0          0          0
  dualinfer        :       0.00       0.00      0          0          0          0          0          0          0          0          0          0
  dualsparsify     :       0.00       0.00      1          0          0          0          0          0          0          0          0          0
  gateextraction   :       0.00       0.00      1          0          0          0          0          0       2976        992          0          0
  implics          :       0.00       0.00      4          0          0          0          0          0          0          0          0          0
  inttobinary      :       0.00       0.00      0          0          0          0          0          0          0          0          0          0
  milp             :       0.00       0.00      1          0          0          0          0          0          0          0          0          0
  qpkktref         :       0.00       0.00      0          0          0          0          0          0          0          0          0          0
  redvub           :       0.00       0.00      0          0          0          0          0          0          0          0          0          0
  sparsify         :       0.00       0.00      1          0          0          0          0          0          0          0          0          0
  stuffing         :       0.00       0.00      0          0          0          0          0          0          0          0          0          0
  trivial          :       0.00       0.00      6          0          0          0          0          0          0          0          0          0
  tworowbnd        :       0.00       0.00      0          0          0          0          0          0          0          0          0          0
  dualfix          :       0.00       0.00      6          0          0          0          0          0          0          0          0          0
  genvbounds       :       0.00       0.00      0          0          0          0          0          0          0          0          0          0
  probing          :       0.00       0.00      1          0          0          0          0          0          0          0          0          0
  pseudoobj        :       0.00       0.00      0          0          0          0          0          0          0          0          0          0
  symmetry         :       0.00       0.00      1          0          0          0          0          0          0          0          0          0
  vbounds          :       0.00       0.00      1          0          0          0          0          0          0          0          0          0
  setppc           :       0.00       0.00      2          0          0          0          0          0          0          0          0          0
  and              :       0.00       0.00      4          0        496          0          0          0        496          0          0          0
  linear           :       0.00       0.00      8          0         32          0          0          0         96          0         32         32
  logicor          :       0.00       0.00      2          0          0          0          0          0          0          0          0          0
  benders          :       0.00       0.00      0          0          0          0          0          0          0          0          0          0
  components       :       0.00       0.00      1          0          0          0          0          0          0          0          0          0
  root node        :          -          -      -         33          -          -         33          -          -          -          -          -
Constraints        :     Number  MaxNumber  #Separate #Propagate    #EnfoLP    #EnfoRelax  #EnfoPS    #Check   #ResProp    Cutoffs    DomReds       Cuts    Applied      Conss   Children
  benderslp        :          0          0          0          0        251          0          0        114          0          0          0          0          0          0          0
  integral         :          0          0          0          0        251          0          0        114          0          0        683          0          0        197        228
  setppc           :          0+         2          0        659          0          0          0          0          0          2          0          0          0          0          0
  and              :        496        496        496       6362          3          0          0        109       4491         17       8488        394        252          0          0
  linear           :          1          1         28       6319          3          0          0         93         22         38          8          0          0          0          0
  logicor          :          0+       167         28       1214          0          0          0          0         18          7          3          0          0          0          0
  benders          :          0          0          0          0          3          0          0         92          0          0          0          0          0          0          0
  countsols        :          0          0          0          0          3          0          0         92          0          0          0          0          0          0          0
  components       :          0          0          0          0          0          0          0          0          0          0          0          0          0          0          0
Constraint Timings :  TotalTime  SetupTime   Separate  Propagate     EnfoLP     EnfoPS     EnfoRelax   Check    ResProp    SB-Prop
  benderslp        :       0.00       0.00       0.00       0.00       0.00       0.00       0.00       0.00       0.00       0.00
  integral         :       9.00       0.00       0.00       0.00       9.00       0.00       0.00       0.00       0.00       0.00
  setppc           :       0.00       0.00       0.00       0.00       0.00       0.00       0.00       0.00       0.00       0.00
  and              :       1.00       0.00       0.00       0.00       0.00       0.00       0.00       0.00       0.00       1.00
  linear           :       0.00       0.00       0.00       0.00       0.00       0.00       0.00       0.00       0.00       0.00
  logicor          :       0.00       0.00       0.00       0.00       0.00       0.00       0.00       0.00       0.00       0.00
  benders          :       0.00       0.00       0.00       0.00       0.00       0.00       0.00       0.00       0.00       0.00
  countsols        :       0.00       0.00       0.00       0.00       0.00       0.00       0.00       0.00       0.00       0.00
  components       :       0.00       0.00       0.00       0.00       0.00       0.00       0.00       0.00       0.00       0.00
Propagators        : #Propagate   #ResProp    Cutoffs    DomReds
  dualfix          :          2          0          0          0
  genvbounds       :          0          0          0          0
  nlobbt           :          0          0          0          0
  obbt             :          0          0          0          0
  probing          :          0          0          0          0
  pseudoobj        :       1323          0          0          0
  redcost          :       1009          0          0       3383
  rootredcost      :         10          0          0          0
  symmetry         :          0          0          0          0
  vbounds          :       6524          0          0          0
Propagator Timings :  TotalTime  SetupTime   Presolve  Propagate    ResProp    SB-Prop
  dualfix          :       0.00       0.00       0.00       0.00       0.00       0.00
  genvbounds       :       0.00       0.00       0.00       0.00       0.00       0.00
  nlobbt           :       0.00       0.00       0.00       0.00       0.00       0.00
  obbt             :       0.00       0.00       0.00       0.00       0.00       0.00
  probing          :       0.00       0.00       0.00       0.00       0.00       0.00
  pseudoobj        :       0.00       0.00       0.00       0.00       0.00       0.00
  redcost          :       0.00       0.00       0.00       0.00       0.00       0.00
  rootredcost      :       0.00       0.00       0.00       0.00       0.00       0.00
  symmetry         :       0.00       0.00       0.00       0.00       0.00       0.00
  vbounds          :       0.00       0.00       0.00       0.00       0.00       0.00
Conflict Analysis  :       Time      Calls    Success    DomReds  Conflicts   Literals    Reconvs ReconvLits   Dualrays   Nonzeros   LP Iters   (pool size: [10000,10000])
  propagation      :       0.00         26         24          -         56       17.8          0        0.0          -          -          -
  infeasible LP    :       0.00          0          0          -          0        0.0          0        0.0          0        0.0          0
  bound exceed. LP :       0.00        391         64          -        537       47.7          0        0.0          0        0.0       3313
  strong branching :       0.00          0          0          -          0        0.0          0        0.0          -          -          0
  pseudo solution  :       0.00          0          0          -          0        0.0          0        0.0          -          -          -
  applied globally :       0.00          -          -          0        235       21.1          -          -          0          -          -
  applied locally  :          -          -          -          0          0        0.0          -          -          0          -          -
Separators         :   ExecTime  SetupTime      Calls    Cutoffs    DomReds       Cuts    Applied      Conss
  cut pool         :       0.00                   269          -          -       3148          -          -    (maximal pool size: 3542)
  aggregation      :       0.00       0.00        163          0          0          1          0          0
  cgmip            :       0.00       0.00          0          0          0          0          0          0
  clique           :       0.00       0.00         28          0          0          0          0          0
  closecuts        :       0.00       0.00          0          0          0          0          0          0
  cmir             :       0.00       0.00          0          0          0          0          0          0
  convexproj       :       0.00       0.00          0          0          0          0          0          0
  disjunctive      :       0.00       0.00          0          0          0          0          0          0
  eccuts           :       0.00       0.00          0          0          0          0          0          0
  flowcover        :       0.00       0.00          0          0          0          0          0          0
  gauge            :       0.00       0.00          0          0          0          0          0          0
  gomory           :       1.00       0.00         83          0          0       1946        146          0
  impliedbounds    :       0.00       0.00        163          0          1        164         86          0
  intobj           :       0.00       0.00          0          0          0          0          0          0
  mcf              :       0.00       0.00          1          0          0          0          0          0
  oddcycle         :       0.00       0.00          0          0          0          0          0          0
  rapidlearning    :       0.00       0.00          0          0          0          0          0          0
  strongcg         :       1.00       0.00         20          0          0       2057         32          0
  zerohalf         :       0.00       0.00         93          0          0        250        370          0
Pricers            :   ExecTime  SetupTime      Calls       Vars
  problem variables:       0.00          -          0          0
Branching Rules    :   ExecTime  SetupTime   BranchLP  BranchExt   BranchPS    Cutoffs    DomReds       Cuts      Conss   Children
  allfullstrong    :       0.00       0.00          0          0          0          0          0          0          0          0
  cloud            :       0.00       0.00          0          0          0          0          0          0          0          0
  distribution     :       0.00       0.00          0          0          0          0          0          0          0          0
  fullstrong       :       0.00       0.00          0          0          0          0          0          0          0          0
  inference        :       0.00       0.00          0          0          0          0          0          0          0          0
  leastinf         :       0.00       0.00          0          0          0          0          0          0          0          0
  lookahead        :       0.00       0.00          0          0          0          0          0          0          0          0
  mostinf          :       0.00       0.00          0          0          0          0          0          0          0          0
  multaggr         :       0.00       0.00          0          0          0          0          0          0          0          0
  nodereopt        :       0.00       0.00          0          0          0          0          0          0          0          0
  pscost           :       0.00       0.00          0          0          0          0          0          0          0          0
  random           :       0.00       0.00          0          0          0          0          0          0          0          0
  relpscost        :       9.00       0.00        248          0          0          0        683          0        210        228
  vanillafullstrong:       0.00       0.00          0          0          0          0          0          0          0          0
Primal Heuristics  :   ExecTime  SetupTime      Calls      Found       Best
  LP solutions     :       0.00          -          -          3          3
  relax solutions  :       0.00          -          -          0          0
  pseudo solutions :       0.00          -          -          0          0
  strong branching :       0.00          -          -          7          7
  actconsdiving    :       0.00       0.00          0          0          0
  adaptivediving   :       0.00       0.00          0          0          0
  alns             :       0.00       0.00          1          0          0
  bound            :       0.00       0.00          0          0          0
  clique           :       0.00       0.00          1          1          1
  coefdiving       :       0.00       0.00          0          0          0
  completesol      :       0.00       0.00          0          0          0
  conflictdiving   :       1.00       0.00          1          0          0
  crossover        :       0.00       0.00          0          0          0
  dins             :       0.00       0.00          0          0          0
  distributiondivin:       0.00       0.00          0          0          0
  dualval          :       0.00       0.00          0          0          0
  farkasdiving     :       0.00       0.00          1          0          0
  feaspump         :       0.00       0.00          0          0          0
  fixandinfer      :       0.00       0.00          0          0          0
  fracdiving       :       0.00       0.00          0          0          0
  gins             :       0.00       0.00          0          0          0
  guideddiving     :       0.00       0.00          0          0          0
  indicator        :       0.00       0.00          0          0          0
  intdiving        :       0.00       0.00          0          0          0
  intshifting      :       0.00       0.00          0          0          0
  linesearchdiving :       0.00       0.00          0          0          0
  localbranching   :       0.00       0.00          0          0          0
  locks            :       0.00       0.00          1          0          0
  lpface           :       0.00       0.00          0          0          0
  mpec             :       0.00       0.00          0          0          0
  multistart       :       0.00       0.00          0          0          0
  mutation         :       0.00       0.00          0          0          0
  nlpdiving        :       0.00       0.00          0          0          0
  objpscostdiving  :       0.00       0.00          0          0          0
  octane           :       0.00       0.00          0          0          0
  ofins            :       0.00       0.00          0          0          0
  oneopt           :       0.00       0.00         11          0          0
  padm             :       0.00       0.00          0          0          0
  proximity        :       0.00       0.00          0          0          0
  pscostdiving     :       0.00       0.00          0          0          0
  randrounding     :       0.00       0.00         28          0          0
  rens             :       0.00       0.00          1          0          0
  reoptsols        :       0.00       0.00          0          0          0
  repair           :       0.00       0.00          0          0          0
  rins             :       0.00       0.00          0          0          0
  rootsoldiving    :       0.00       0.00          0          0          0
  rounding         :       0.00       0.00        255          0          0
  shiftandpropagate:       0.00       0.00          0          0          0
  shifting         :       0.00       0.00        168         81          1
  simplerounding   :       0.00       0.00          0          0          0
  subnlp           :       0.00       0.00          0          0          0
  trivial          :       0.00       0.00          2          0          0
  trivialnegation  :       0.00       0.00          0          0          0
  trustregion      :       0.00       0.00          0          0          0
  trysol           :       0.00       0.00          0          0          0
  twoopt           :       0.00       0.00          0          0          0
  undercover       :       0.00       0.00          1          1          1
  vbounds          :       0.00       0.00          1          1          1
  veclendiving     :       0.00       0.00          0          0          0
  zeroobj          :       0.00       0.00          0          0          0
  zirounding       :       0.00       0.00        114          0          0
  other solutions  :          -          -          -          0          -
Diving (single)    :      Calls      Nodes   LP Iters Backtracks  Conflicts   MinDepth   MaxDepth   AvgDepth  RoundSols  NLeafSols  MinSolDpt  MaxSolDpt  AvgSolDpt
  actconsdiving    :          0          -          -          -          -          -          -          -          -          -          -          -          -
  coefdiving       :          0          -          -          -          -          -          -          -          -          -          -          -          -
  conflictdiving   :          1         19        388          2          0         18         18       18.0          0          -          -          -          -
  distributiondivin:          0          -          -          -          -          -          -          -          -          -          -          -          -
  farkasdiving     :          1         22        964          1         15         22         22       22.0          0          -          -          -          -
  fracdiving       :          0          -          -          -          -          -          -          -          -          -          -          -          -
  guideddiving     :          0          -          -          -          -          -          -          -          -          -          -          -          -
  linesearchdiving :          0          -          -          -          -          -          -          -          -          -          -          -          -
  pscostdiving     :          0          -          -          -          -          -          -          -          -          -          -          -          -
  veclendiving     :          0          -          -          -          -          -          -          -          -          -          -          -          -
Diving (adaptive)  :      Calls      Nodes   LP Iters Backtracks  Conflicts   MinDepth   MaxDepth   AvgDepth  RoundSols  NLeafSols  MinSolDpt  MaxSolDpt  AvgSolDpt
  actconsdiving    :          0          -          -          -          -          -          -          -          -          -          -          -          -
  coefdiving       :          0          -          -          -          -          -          -          -          -          -          -          -          -
  conflictdiving   :          0          -          -          -          -          -          -          -          -          -          -          -          -
  distributiondivin:          0          -          -          -          -          -          -          -          -          -          -          -          -
  farkasdiving     :          0          -          -          -          -          -          -          -          -          -          -          -          -
  fracdiving       :          0          -          -          -          -          -          -          -          -          -          -          -          -
  guideddiving     :          0          -          -          -          -          -          -          -          -          -          -          -          -
  linesearchdiving :          0          -          -          -          -          -          -          -          -          -          -          -          -
  pscostdiving     :          0          -          -          -          -          -          -          -          -          -          -          -          -
  veclendiving     :          0          -          -          -          -          -          -          -          -          -          -          -          -
Neighborhoods      :      Calls  SetupTime  SolveTime SolveNodes       Sols       Best       Exp3  EpsGreedy        UCB TgtFixRate  Opt  Inf Node Stal  Sol  Usr Othr Actv
  rens             :          0       0.00       0.00          0          0          0    0.00000   -1.00000    1.00000      0.900    0    0    0    0    0    0    0    1
  rins             :          0       0.00       0.00          0          0          0    0.00000   -1.00000    1.00000      0.900    0    0    0    0    0    0    0    1
  mutation         :          1       0.00       0.00          1          0          0    0.00000   -1.00000    1.00000      0.700    0    1    0    0    0    0    0    1
  localbranching   :          0       0.00       0.00          0          0          0    0.00000   -1.00000    1.00000      0.900    0    0    0    0    0    0    0    1
  crossover        :          0       0.00       0.00          0          0          0    0.00000   -1.00000    1.00000      0.900    0    0    0    0    0    0    0    1
  proximity        :          0       0.00       0.00          0          0          0    0.00000   -1.00000    1.00000      0.900    0    0    0    0    0    0    0    1
  zeroobjective    :          0       0.00       0.00          0          0          0    0.00000   -1.00000    1.00000      0.900    0    0    0    0    0    0    0    1
  dins             :          0       0.00       0.00          0          0          0    0.00000   -1.00000    1.00000      0.900    0    0    0    0    0    0    0    1
  trustregion      :          0       0.00       0.00          0          0          0    0.00000   -1.00000    1.00000      0.900    0    0    0    0    0    0    0    0
LP                 :       Time      Calls Iterations  Iter/call   Iter/sec  Time-0-It Calls-0-It    ItLimit
  primal LP        :       0.00         38          0       0.00          -       0.00         38
  dual LP          :       3.00        859      21341      37.11    7113.67       1.00        284
  lex dual LP      :       0.00          0          0       0.00          -
  barrier LP       :       0.00          0          0       0.00          -       0.00          0
  resolve instable :       0.00          0          0       0.00          -
  diving/probing LP:       1.00         26       1352      52.00    1352.00
  strong branching :       8.00       1117     120124     107.54   15015.50          -          -         25
    (at root node) :          -         20       9156     457.80          -
  conflict analysis:       0.00        348       3313       9.52          -
B&B Tree           :
  number of runs   :          1
  nodes            :        225 (114 internal, 111 leaves)
  feasible leaves  :          3
  infeas. leaves   :          5
  objective leaves :        103
  nodes (total)    :        225 (114 internal, 111 leaves)
  nodes left       :          0
  max depth        :         17
  max depth (total):         17
  backtracks       :         66 (29.3%)
  early backtracks :          0 (0.0%)
  nodes exc. ref.  :          0 (0.0%)
  delayed cutoffs  :          0
  repropagations   :          1 (0 domain reductions, 0 cutoffs)
  avg switch length:       4.43
  switching time   :       0.00
Estim. Tree Size   :        229
Estimation Tree    : 229 nodes (229 visited, 114 internal, 115 leaves, 0 open), weight: 1.0000 completed 1.0000
Estimations        :      estim      value      trend resolution     smooth
  wbe              :        229          -          -          -          -
  tree-profile     :         -1          -          -          -          -
  gap              :        229    1.00000    0.01918          1        236
  tree-weight      :        229    1.00000    0.01438          1        231
  leaf-frequency   :        229    0.50000    0.00058          1        232
  ssg              :        229    0.00000   -0.00496          1        230
  open-nodes       :        229    0.00000   -0.39050          1        230
Root Node          :
  First LP value   : -2.26993762935606e-01
  First LP Iters   :        241
  First LP Time    :       0.00
  Final Dual Bound : +5.19124781669866e-02
  Final Root Iters :       1740
  Root LP Estimate : +9.99170264934783e-01
Solution           :
  Solutions found  :         94 (14 improvements)
  First Solution   : +9.97196273126225e-01   (in run 1, after 1 nodes, 0.00 seconds, depth 22, found by <clique>)
  Gap First Sol.   :   infinite
  Gap Last Sol.    :      53.73 %
  Primal Bound     : +3.14356537317598e-01   (in run 1, after 168 nodes, 18.00 seconds, depth 15, found by <relaxation>)
  Dual Bound       : +3.14356537317598e-01
  Gap              :       0.00 %
Integrals          :      Total       Avg%
  primal-dual      :    1452.10      76.43
  primal-ref       :          -          - (not evaluated)
  dual-ref         :          -          - (not evaluated)
