SCIP version 7.0.2 [precision: 8 byte] [memory: block] [mode: optimized] [LP solver: SoPlex 5.0.2] [GitHash: e9d280a398]
Copyright (C) 2002-2020 Konrad-Zuse-Zentrum fuer Informationstechnik Berlin (ZIB)

External codes: 
  SoPlex 5.0.2         Linear Programming Solver developed at Zuse Institute Berlin (soplex.zib.de) [GitHash: e24c304e]
  CppAD 20180000.0     Algorithmic Differentiation of C++ algorithms developed by B. Bell (www.coin-or.org/CppAD)
  MPIR 3.0.0           Multiple Precision Integers and Rationals Library developed by W. Hart (mpir.org)
  ZIMPL 3.4.0          Zuse Institute Mathematical Programming Language developed by T. Koch (zimpl.zib.de)
  PaPILO 1.0.2         parallel presolve for integer and linear optimization (https://github.com/lgottwald/PaPILO) [GitHash: 62d2842]
  bliss 0.73p          Computing Graph Automorphism Groups by T. Junttila and P. Kaski (http://www.tcs.hut.fi/Software/bliss/)
  Ipopt 3.12.9         Interior Point Optimizer developed by A. Waechter et.al. (www.coin-or.org/Ipopt)

user parameter file <scip.set> not found - using default parameters

read problem <C:\Users\Claubit\Documents\GitHub\embedding\src\lp\scenarioA2_N32_B0.4_classical\IPL_linearized_N32q500.00B12.lp>
============

original problem has 1056 variables (0 bin, 1056 int, 0 impl, 0 cont) and 3073 constraints

solve problem
=============

presolving:
(round 1, fast)       32 del vars, 32 del conss, 0 add conss, 0 chg bounds, 32 chg sides, 32 chg coeffs, 0 upgd conss, 0 impls, 1984 clqs
(round 2, fast)       32 del vars, 96 del conss, 0 add conss, 0 chg bounds, 32 chg sides, 32 chg coeffs, 0 upgd conss, 0 impls, 1984 clqs
   (0.0s) running MILP presolver
   (0.0s) MILP presolver found nothing
(round 3, exhaustive) 32 del vars, 96 del conss, 0 add conss, 0 chg bounds, 32 chg sides, 32 chg coeffs, 2976 upgd conss, 0 impls, 1984 clqs
(round 4, exhaustive) 32 del vars, 3072 del conss, 992 add conss, 0 chg bounds, 32 chg sides, 32 chg coeffs, 2976 upgd conss, 0 impls, 1984 clqs
(round 5, exhaustive) 528 del vars, 3568 del conss, 992 add conss, 0 chg bounds, 32 chg sides, 32 chg coeffs, 2976 upgd conss, 0 impls, 992 clqs
   (0.0s) probing: 51/528 (9.7%) - 0 fixings, 0 aggregations, 0 implications, 0 bound changes
   (0.0s) probing aborted: 50/50 successive totally useless probings
   (0.0s) symmetry computation started: requiring (bin +, int -, cont +), (fixed: bin -, int +, cont -)
   (0.0s) no symmetry present
presolving (6 rounds: 6 fast, 4 medium, 4 exhaustive):
 528 deleted vars, 3568 deleted constraints, 992 added constraints, 0 tightened bounds, 0 added holes, 32 changed sides, 32 changed coefficients
 0 implications, 992 cliques
presolved problem has 528 variables (528 bin, 0 int, 0 impl, 0 cont) and 497 constraints
    496 constraints of type <and>
      1 constraints of type <linear>
Presolving Time: 0.00

 time | node  | left  |LP iter|LP it/n|mem/heur|mdpt |vars |cons |rows |cuts |sepa|confs|strbr|  dualbound   | primalbound  |  gap   | compl. 
p 0.0s|     1 |     0 |     0 |     - |  clique|   0 | 528 | 497 | 993 |   0 |  0 |   0 |   0 |-8.078022e+00 | 8.450914e+00 |    Inf | unknown
p 0.0s|     1 |     0 |     0 |     - | vbounds|   0 | 528 | 497 | 993 |   0 |  0 |   0 |   0 |-8.078022e+00 | 7.416979e+00 |    Inf | unknown
  0.0s|     1 |     0 |   252 |     - |    13M |   0 | 528 | 497 | 993 |   0 |  0 |   0 |   0 |-1.671959e+00 | 7.416979e+00 |    Inf | unknown
r 0.0s|     1 |     0 |   252 |     - |shifting|   0 | 528 | 501 | 993 |   0 |  0 |   4 |   0 |-1.671959e+00 | 7.123346e+00 |    Inf | unknown
L 0.0s|     1 |     0 |   252 |     - |undercov|   0 | 528 | 501 | 993 |   0 |  0 |   4 |   0 |-1.671959e+00 | 3.419011e+00 |    Inf | unknown
  0.0s|     1 |     0 |   344 |     - |    14M |   0 | 528 | 501 |1030 |  37 |  1 |   4 |   0 |-1.115688e+00 | 3.419011e+00 |    Inf | unknown
  0.0s|     1 |     0 |   364 |     - |    14M |   0 | 528 | 502 |1042 |  49 |  2 |   5 |   0 |-1.000679e+00 | 3.419011e+00 |    Inf | unknown
  0.0s|     1 |     0 |   396 |     - |    14M |   0 | 528 | 506 |1048 |  55 |  3 |   9 |   0 |-9.360620e-01 | 3.419011e+00 |    Inf | unknown
  1.0s|     1 |     0 |   443 |     - |    15M |   0 | 528 | 506 |1060 |  67 |  4 |   9 |   0 |-7.800467e-01 | 3.419011e+00 |    Inf | unknown
  1.0s|     1 |     0 |   482 |     - |    15M |   0 | 528 | 512 |1077 |  84 |  5 |  15 |   0 |-6.997599e-01 | 3.419011e+00 |    Inf | unknown
  1.0s|     1 |     0 |   494 |     - |    15M |   0 | 528 | 512 |1083 |  90 |  6 |  15 |   0 |-6.735252e-01 | 3.419011e+00 |    Inf | unknown
  1.0s|     1 |     0 |   507 |     - |    15M |   0 | 528 | 512 |1088 |  95 |  7 |  15 |   0 |-6.281126e-01 | 3.419011e+00 |    Inf | unknown
  1.0s|     1 |     0 |   568 |     - |    16M |   0 | 528 | 516 |1100 | 107 |  8 |  19 |   0 |-3.945653e-01 | 3.419011e+00 |    Inf | unknown
  1.0s|     1 |     0 |   616 |     - |    17M |   0 | 528 | 517 |1112 | 119 |  9 |  20 |   0 |-1.988925e-01 | 3.419011e+00 |    Inf | unknown
  1.0s|     1 |     0 |   724 |     - |    17M |   0 | 528 | 517 |1124 | 131 | 10 |  20 |   0 |-6.428703e-02 | 3.419011e+00 |    Inf | unknown
 time | node  | left  |LP iter|LP it/n|mem/heur|mdpt |vars |cons |rows |cuts |sepa|confs|strbr|  dualbound   | primalbound  |  gap   | compl. 
  1.0s|     1 |     0 |   797 |     - |    18M |   0 | 528 | 517 |1139 | 150 | 11 |  20 |   0 | 3.722436e-02 | 3.419011e+00 |9084.87%| unknown
  2.0s|     1 |     0 |   913 |     - |    18M |   0 | 528 | 517 |1150 | 161 | 12 |  20 |   0 | 1.543067e-01 | 3.419011e+00 |2115.72%| unknown
  2.0s|     1 |     0 |  1048 |     - |    19M |   0 | 528 | 517 |1171 | 182 | 13 |  20 |   0 | 2.254687e-01 | 3.419011e+00 |1416.40%| unknown
  2.0s|     1 |     0 |  1150 |     - |    19M |   0 | 528 | 517 |1182 | 193 | 14 |  20 |   0 | 2.884305e-01 | 3.419011e+00 |1085.38%| unknown
  2.0s|     1 |     0 |  1245 |     - |    19M |   0 | 528 | 518 |1189 | 200 | 15 |  21 |   0 | 3.165900e-01 | 3.419011e+00 | 979.95%| unknown
  2.0s|     1 |     0 |  1311 |     - |    21M |   0 | 528 | 518 |1205 | 216 | 16 |  21 |   0 | 3.621962e-01 | 3.419011e+00 | 843.97%| unknown
  2.0s|     1 |     0 |  1460 |     - |    22M |   0 | 528 | 518 |1209 | 225 | 17 |  21 |   0 | 4.665975e-01 | 3.419011e+00 | 632.75%| unknown
  2.0s|     1 |     0 |  1585 |     - |    23M |   0 | 528 | 519 |1214 | 230 | 18 |  22 |   0 | 4.998976e-01 | 3.419011e+00 | 583.94%| unknown
  2.0s|     1 |     0 |  1654 |     - |    24M |   0 | 528 | 519 |1223 | 239 | 19 |  22 |   0 | 5.293104e-01 | 3.419011e+00 | 545.94%| unknown
  2.0s|     1 |     0 |  1722 |     - |    25M |   0 | 528 | 519 |1229 | 245 | 20 |  22 |   0 | 5.421588e-01 | 3.419011e+00 | 530.63%| unknown
  2.0s|     1 |     0 |  1760 |     - |    25M |   0 | 528 | 519 |1236 | 252 | 21 |  22 |   0 | 5.452474e-01 | 3.419011e+00 | 527.06%| unknown
  2.0s|     1 |     0 |  1799 |     - |    25M |   0 | 528 | 520 |1240 | 256 | 22 |  23 |   0 | 5.476043e-01 | 3.419011e+00 | 524.36%| unknown
  2.0s|     1 |     0 |  1841 |     - |    25M |   0 | 528 | 520 |1228 | 258 | 23 |  23 |   0 | 5.508798e-01 | 3.419011e+00 | 520.65%| unknown
  3.0s|     1 |     0 |  1886 |     - |    25M |   0 | 528 | 524 |1232 | 262 | 24 |  27 |   0 | 5.537814e-01 | 3.419011e+00 | 517.39%| unknown
  3.0s|     1 |     0 |  1908 |     - |    25M |   0 | 528 | 530 |1234 | 264 | 25 |  33 |   0 | 5.543096e-01 | 3.419011e+00 | 516.81%| unknown
 time | node  | left  |LP iter|LP it/n|mem/heur|mdpt |vars |cons |rows |cuts |sepa|confs|strbr|  dualbound   | primalbound  |  gap   | compl. 
  3.0s|     1 |     0 |  1930 |     - |    25M |   0 | 528 | 530 |1236 | 266 | 26 |  33 |   0 | 5.552334e-01 | 3.419011e+00 | 515.78%| unknown
  3.0s|     1 |     0 |  1942 |     - |    25M |   0 | 528 | 534 |1237 | 267 | 27 |  37 |   0 | 5.555323e-01 | 3.419011e+00 | 515.45%| unknown
  3.0s|     1 |     0 |  1957 |     - |    25M |   0 | 528 | 534 |1238 | 268 | 28 |  37 |   0 | 5.561482e-01 | 3.419011e+00 | 514.77%| unknown
  3.0s|     1 |     0 |  1967 |     - |    25M |   0 | 528 | 534 |1221 | 270 | 29 |  37 |   0 | 5.562745e-01 | 3.419011e+00 | 514.63%| unknown
  4.0s|     1 |     2 |  3291 |     - |    26M |   0 | 528 | 536 |1221 | 270 | 31 |  39 |  29 | 7.094736e-01 | 3.419011e+00 | 381.91%| unknown
*13.0s|    38 |    15 |  8408 | 174.1 |strongbr|  11 | 528 | 636 |1263 | 465 |  1 | 139 | 772 | 1.056528e+00 | 3.406819e+00 | 222.45%|   5.56%
*13.0s|    39 |    14 |  8503 | 172.0 |strongbr|  11 | 528 | 662 |1263 | 465 |  3 | 165 | 792 | 1.056528e+00 | 3.383134e+00 | 220.21%|   5.58%
*16.0s|    59 |    25 | 10594 | 148.7 |    LP  |  14 | 528 | 553 |1270 | 567 |  1 | 207 | 888 | 1.267826e+00 | 3.103507e+00 | 144.79%|   7.23%
 17.0s|   100 |    38 | 14015 | 121.7 |    33M |  16 | 528 | 553 |1284 | 678 |  0 | 207 | 898 | 1.489725e+00 | 3.103507e+00 | 108.33%|  18.06%
*17.0s|   128 |    33 | 16269 | 112.6 |    LP  |  16 | 528 | 556 |1275 | 719 |  2 | 210 | 908 | 1.489725e+00 | 3.044117e+00 | 104.34%|  29.57%
*20.0s|   164 |    37 | 19495 | 107.5 |strongbr|  16 | 528 | 556 |1301 | 823 | 10 | 210 | 913 | 1.603755e+00 | 3.041921e+00 |  89.67%|  36.87%
*20.0s|   165 |    35 | 19580 | 107.4 |    LP  |  16 | 528 | 570 |1296 | 828 |  1 | 224 | 918 | 1.603755e+00 | 2.917136e+00 |  81.89%|  37.23%
 20.0s|   200 |    26 | 22889 | 105.1 |    35M |  16 | 528 | 578 |1323 | 878 |  0 | 232 | 933 | 1.896827e+00 | 2.917136e+00 |  53.79%|  56.33%
*21.0s|   209 |    28 | 23787 | 104.9 |    LP  |  16 | 528 | 578 |1306 | 907 |  2 | 232 | 933 | 2.209415e+00 | 2.905894e+00 |  31.52%|  59.68%
*21.0s|   225 |    19 | 24502 | 100.6 |    LP  |  16 | 528 | 587 |1341 | 910 |  1 | 241 | 938 | 2.254360e+00 | 2.891274e+00 |  28.25%|  64.19%
 time | node  | left  |LP iter|LP it/n|mem/heur|mdpt |vars |cons |rows |cuts |sepa|confs|strbr|  dualbound   | primalbound  |  gap   | compl. 
*21.0s|   232 |    14 | 25072 | 100.0 |    LP  |  16 | 528 | 580 |1344 | 911 |  2 | 248 | 949 | 2.254360e+00 | 2.866708e+00 |  27.16%|  66.76%

SCIP Status        : problem is solved [optimal solution found]
Solving Time (sec) : 22.00
Solving Nodes      : 254
Primal Bound       : +2.86670780932981e+00 (94 solutions)
Dual Bound         : +2.86670780932981e+00
Gap                : 0.00 %

primal solution (original space):
=================================

objective value:                     2.86670780932981
y(1,1)                                              1 	(obj:0.156888670269452)
y(1,3)                                              1 	(obj:-0.0111440018888307)
y(1,12)                                             1 	(obj:0.0771820024105565)
y(1,17)                                             1 	(obj:-0.0692422128978296)
y(1,21)                                             1 	(obj:0.00712116642766021)
y(1,22)                                             1 	(obj:-0.0710956365451323)
y(1,23)                                             1 	(obj:0.0607459539335812)
y(1,24)                                             1 	(obj:0.120673572873305)
y(1,28)                                             1 	(obj:-0.068325805830642)
y(1,29)                                             1 	(obj:0.037345729181461)
y(1,30)                                             1 	(obj:0.0619200955717923)
y(1,32)                                             1 	(obj:0.0465083694969305)
y(3,1)                                              1 	(obj:-0.0111440018888307)
y(3,3)                                              1 	(obj:0.104550886798183)
y(3,12)                                             1 	(obj:-0.0100597016059603)
y(3,17)                                             1 	(obj:0.0611983252214934)
y(3,21)                                             1 	(obj:0.0142192012293597)
y(3,22)                                             1 	(obj:0.0961386970116919)
y(3,23)                                             1 	(obj:-0.0186163808864807)
y(3,24)                                             1 	(obj:-0.0297089280545665)
y(3,28)                                             1 	(obj:0.0537748722900579)
y(3,29)                                             1 	(obj:-0.00573411329333845)
y(3,30)                                             1 	(obj:-0.00326609060077247)
y(3,32)                                             1 	(obj:-0.0233430617441682)
y(12,1)                                             1 	(obj:0.0771820024105565)
y(12,3)                                             1 	(obj:-0.0100597016059603)
y(12,12)                                            1 	(obj:0.0881478811882804)
y(12,17)                                            1 	(obj:-0.0540039342072329)
y(12,21)                                            1 	(obj:0.0154990619204977)
y(12,22)                                            1 	(obj:-0.0376187389436621)
y(12,23)                                            1 	(obj:0.0814401974680461)
y(12,24)                                            1 	(obj:0.0876889543000681)
y(12,28)                                            1 	(obj:-0.0413737356652873)
y(12,29)                                            1 	(obj:0.0370222180881355)
y(12,30)                                            1 	(obj:0.0585280399861541)
y(12,32)                                            1 	(obj:0.037601470641404)
y(17,1)                                             1 	(obj:-0.0692422128978296)
y(17,3)                                             1 	(obj:0.0611983252214934)
y(17,12)                                            1 	(obj:-0.0540039342072329)
y(17,17)                                            1 	(obj:0.14718475538357)
y(17,21)                                            1 	(obj:0.000771862927990466)
y(17,22)                                            1 	(obj:0.138267827920255)
y(17,23)                                            1 	(obj:-0.052230947748912)
y(17,24)                                            1 	(obj:-0.0700721966964937)
y(17,28)                                            1 	(obj:0.110181704399536)
y(17,29)                                            1 	(obj:-0.0143757580051458)
y(17,30)                                            1 	(obj:-0.0472665180629797)
y(17,32)                                            1 	(obj:-0.0313357438151542)
y(21,1)                                             1 	(obj:0.00712116642766021)
y(21,3)                                             1 	(obj:0.0142192012293597)
y(21,12)                                            1 	(obj:0.0154990619204977)
y(21,17)                                            1 	(obj:0.000771862927990466)
y(21,21)                                            1 	(obj:0.0533156128821862)
y(21,22)                                            1 	(obj:0.0137608425980281)
y(21,23)                                            1 	(obj:0.0334419305362122)
y(21,24)                                            1 	(obj:-0.00293651909935571)
y(21,28)                                            1 	(obj:-0.00129172329519476)
y(21,29)                                            1 	(obj:0.0175519694181521)
y(21,30)                                            1 	(obj:0.00788888095413585)
y(21,32)                                            1 	(obj:-0.0028580382466445)
y(22,1)                                             1 	(obj:-0.0710956365451323)
y(22,3)                                             1 	(obj:0.0961386970116919)
y(22,12)                                            1 	(obj:-0.0376187389436621)
y(22,17)                                            1 	(obj:0.138267827920255)
y(22,21)                                            1 	(obj:0.0137608425980281)
y(22,22)                                            1 	(obj:0.19035916060641)
y(22,23)                                            1 	(obj:-0.0536084269199974)
y(22,24)                                            1 	(obj:-0.064623693611564)
y(22,28)                                            1 	(obj:0.122862548602354)
y(22,29)                                            1 	(obj:-0.0141970185415107)
y(22,30)                                            1 	(obj:-0.0456769669960291)
y(22,32)                                            1 	(obj:-0.0350469705812747)
y(23,1)                                             1 	(obj:0.0607459539335812)
y(23,3)                                             1 	(obj:-0.0186163808864807)
y(23,12)                                            1 	(obj:0.0814401974680461)
y(23,17)                                            1 	(obj:-0.052230947748912)
y(23,21)                                            1 	(obj:0.0334419305362122)
y(23,22)                                            1 	(obj:-0.0536084269199974)
y(23,23)                                            1 	(obj:0.128668121172141)
y(23,24)                                            1 	(obj:0.0829404831228434)
y(23,28)                                            1 	(obj:-0.0770447908781112)
y(23,29)                                            1 	(obj:0.034619397033996)
y(23,30)                                            1 	(obj:0.0553157715467618)
y(23,32)                                            1 	(obj:0.0340724628531629)
y(24,1)                                             1 	(obj:0.120673572873305)
y(24,3)                                             1 	(obj:-0.0297089280545665)
y(24,12)                                            1 	(obj:0.0876889543000681)
y(24,17)                                            1 	(obj:-0.0700721966964937)
y(24,21)                                            1 	(obj:-0.00293651909935571)
y(24,22)                                            1 	(obj:-0.064623693611564)
y(24,23)                                            1 	(obj:0.0829404831228434)
y(24,24)                                            1 	(obj:0.182590913773593)
y(24,28)                                            1 	(obj:-0.0325755978808255)
y(24,29)                                            1 	(obj:4.33064305604781e-05)
y(24,30)                                            1 	(obj:0.066494303833207)
y(24,32)                                            1 	(obj:0.0546084122303427)
y(28,1)                                             1 	(obj:-0.068325805830642)
y(28,3)                                             1 	(obj:0.0537748722900579)
y(28,12)                                            1 	(obj:-0.0413737356652873)
y(28,17)                                            1 	(obj:0.110181704399536)
y(28,21)                                            1 	(obj:-0.00129172329519476)
y(28,22)                                            1 	(obj:0.122862548602354)
y(28,23)                                            1 	(obj:-0.0770447908781112)
y(28,24)                                            1 	(obj:-0.0325755978808255)
y(28,28)                                            1 	(obj:0.172486550789652)
y(28,29)                                            1 	(obj:-0.0175256708535271)
y(28,30)                                            1 	(obj:-0.0329262377492901)
y(28,32)                                            1 	(obj:-0.022992227197187)
y(29,1)                                             1 	(obj:0.037345729181461)
y(29,3)                                             1 	(obj:-0.00573411329333845)
y(29,12)                                            1 	(obj:0.0370222180881355)
y(29,17)                                            1 	(obj:-0.0143757580051458)
y(29,21)                                            1 	(obj:0.0175519694181521)
y(29,22)                                            1 	(obj:-0.0141970185415107)
y(29,23)                                            1 	(obj:0.034619397033996)
y(29,24)                                            1 	(obj:4.33064305604781e-05)
y(29,28)                                            1 	(obj:-0.0175256708535271)
y(29,29)                                            1 	(obj:0.0916700478022803)
y(29,30)                                            1 	(obj:0.0244930134885173)
y(29,32)                                            1 	(obj:0.021211143059317)
y(30,1)                                             1 	(obj:0.0619200955717923)
y(30,3)                                             1 	(obj:-0.00326609060077247)
y(30,12)                                            1 	(obj:0.0585280399861541)
y(30,17)                                            1 	(obj:-0.0472665180629797)
y(30,21)                                            1 	(obj:0.00788888095413585)
y(30,22)                                            1 	(obj:-0.0456769669960291)
y(30,23)                                            1 	(obj:0.0553157715467618)
y(30,24)                                            1 	(obj:0.066494303833207)
y(30,28)                                            1 	(obj:-0.0329262377492901)
y(30,29)                                            1 	(obj:0.0244930134885173)
y(30,30)                                            1 	(obj:0.0608911973522133)
y(30,32)                                            1 	(obj:0.0263421576642983)
y(32,1)                                             1 	(obj:0.0465083694969305)
y(32,3)                                             1 	(obj:-0.0233430617441682)
y(32,12)                                            1 	(obj:0.037601470641404)
y(32,17)                                            1 	(obj:-0.0313357438151542)
y(32,21)                                            1 	(obj:-0.0028580382466445)
y(32,22)                                            1 	(obj:-0.0350469705812747)
y(32,23)                                            1 	(obj:0.0340724628531629)
y(32,24)                                            1 	(obj:0.0546084122303427)
y(32,28)                                            1 	(obj:-0.022992227197187)
y(32,29)                                            1 	(obj:0.021211143059317)
y(32,30)                                            1 	(obj:0.0263421576642983)
y(32,32)                                            1 	(obj:0.0438474896212531)
x(1)                                                1 	(obj:-0.00667286319447288)
x(3)                                                1 	(obj:-9.56132732858106e-05)
x(12)                                               1 	(obj:-0.00348984795828146)
x(17)                                               1 	(obj:0.00117967554409262)
x(21)                                               1 	(obj:-0.00233757086924918)
x(22)                                               1 	(obj:0.00235010335856775)
x(23)                                               1 	(obj:-0.00274468105522858)
x(24)                                               1 	(obj:-0.00102827908751343)
x(28)                                               1 	(obj:0.000863377525571901)
x(29)                                               1 	(obj:-0.00746616271732443)
x(30)                                               1 	(obj:-0.00517621098612854)
x(32)                                               1 	(obj:-0.0039925222536812)

Statistics
==========

SCIP Status        : problem is solved [optimal solution found]
Total Time         :      22.00
  solving          :      22.00
  presolving       :       0.00 (included in solving)
  reading          :       0.00
  copying          :       0.00 (3 #copies) (minimal 0.00, maximal 0.00, average 0.00)
Original Problem   :
  Problem name     : C:\Users\Claubit\Documents\GitHub\embedding\src\lp\scenarioA2_N32_B0.4_classical\IPL_linearized_N32q500.00B12.lp
  Variables        : 1056 (0 binary, 1056 integer, 0 implicit integer, 0 continuous)
  Constraints      : 3073 initial, 3073 maximal
  Objective        : minimize, 1056 non-zeros (abs.min = 4.33064e-05, abs.max = 0.903122)
Presolved Problem  :
  Problem name     : t_C:\Users\Claubit\Documents\GitHub\embedding\src\lp\scenarioA2_N32_B0.4_classical\IPL_linearized_N32q500.00B12.lp
  Variables        : 528 (528 binary, 0 integer, 0 implicit integer, 0 continuous)
  Constraints      : 497 initial, 704 maximal
  Objective        : minimize, 528 non-zeros (abs.min = 8.66129e-05, abs.max = 0.955676)
  Nonzeros         : 1520 constraint, 1986 clique table
Presolvers         :   ExecTime  SetupTime  Calls  FixedVars   AggrVars   ChgTypes  ChgBounds   AddHoles    DelCons    AddCons   ChgSides   ChgCoefs
  boundshift       :       0.00       0.00      0          0          0          0          0          0          0          0          0          0
  convertinttobin  :       0.00       0.00      0          0          0          0          0          0          0          0          0          0
  domcol           :       0.00       0.00      1          0          0          0          0          0          0          0          0          0
  dualagg          :       0.00       0.00      0          0          0          0          0          0          0          0          0          0
  dualcomp         :       0.00       0.00      0          0          0          0          0          0          0          0          0          0
  dualinfer        :       0.00       0.00      0          0          0          0          0          0          0          0          0          0
  dualsparsify     :       0.00       0.00      1          0          0          0          0          0          0          0          0          0
  gateextraction   :       0.00       0.00      1          0          0          0          0          0       2976        992          0          0
  implics          :       0.00       0.00      4          0          0          0          0          0          0          0          0          0
  inttobinary      :       0.00       0.00      0          0          0          0          0          0          0          0          0          0
  milp             :       0.00       0.00      1          0          0          0          0          0          0          0          0          0
  qpkktref         :       0.00       0.00      0          0          0          0          0          0          0          0          0          0
  redvub           :       0.00       0.00      0          0          0          0          0          0          0          0          0          0
  sparsify         :       0.00       0.00      1          0          0          0          0          0          0          0          0          0
  stuffing         :       0.00       0.00      0          0          0          0          0          0          0          0          0          0
  trivial          :       0.00       0.00      6          0          0          0          0          0          0          0          0          0
  tworowbnd        :       0.00       0.00      0          0          0          0          0          0          0          0          0          0
  dualfix          :       0.00       0.00      6          0          0          0          0          0          0          0          0          0
  genvbounds       :       0.00       0.00      0          0          0          0          0          0          0          0          0          0
  probing          :       0.00       0.00      1          0          0          0          0          0          0          0          0          0
  pseudoobj        :       0.00       0.00      0          0          0          0          0          0          0          0          0          0
  symmetry         :       0.00       0.00      1          0          0          0          0          0          0          0          0          0
  vbounds          :       0.00       0.00      1          0          0          0          0          0          0          0          0          0
  setppc           :       0.00       0.00      2          0          0          0          0          0          0          0          0          0
  and              :       0.00       0.00      4          0        496          0          0          0        496          0          0          0
  linear           :       0.00       0.00      8          0         32          0          0          0         96          0         32         32
  logicor          :       0.00       0.00      2          0          0          0          0          0          0          0          0          0
  benders          :       0.00       0.00      0          0          0          0          0          0          0          0          0          0
  components       :       0.00       0.00      1          0          0          0          0          0          0          0          0          0
  root node        :          -          -      -         73          -          -         73          -          -          -          -          -
Constraints        :     Number  MaxNumber  #Separate #Propagate    #EnfoLP    #EnfoRelax  #EnfoPS    #Check   #ResProp    Cutoffs    DomReds       Cuts    Applied      Conss   Children
  benderslp        :          0          0          0          0        234          0          0        113          0          0          0          0          0          0          0
  integral         :          0          0          0          0        234          0          0        113          0          0        599          0          0        224        260
  setppc           :          0+         7          0        266          0          0          0          0          0          0          1          0          0          0          0
  and              :        496        496        495       5923          6          0          0        108       5263         21       9169        463        331          0          0
  linear           :          1          1         30       5878          6          0          0         90         34         13         22          0          0          0          0
  logicor          :          0+       207         30       1464          0          0          0          0         20          2          5          0          0          0          0
  benders          :          0          0          0          0          6          0          0         89          0          0          0          0          0          0          0
  countsols        :          0          0          0          0          6          0          0         89          0          0          0          0          0          0          0
  components       :          0          0          0          0          0          0          0          0          0          0          0          0          0          0          0
Constraint Timings :  TotalTime  SetupTime   Separate  Propagate     EnfoLP     EnfoPS     EnfoRelax   Check    ResProp    SB-Prop
  benderslp        :       0.00       0.00       0.00       0.00       0.00       0.00       0.00       0.00       0.00       0.00
  integral         :      10.00       0.00       0.00       0.00      10.00       0.00       0.00       0.00       0.00       0.00
  setppc           :       0.00       0.00       0.00       0.00       0.00       0.00       0.00       0.00       0.00       0.00
  and              :       0.00       0.00       0.00       0.00       0.00       0.00       0.00       0.00       0.00       0.00
  linear           :       0.00       0.00       0.00       0.00       0.00       0.00       0.00       0.00       0.00       0.00
  logicor          :       0.00       0.00       0.00       0.00       0.00       0.00       0.00       0.00       0.00       0.00
  benders          :       0.00       0.00       0.00       0.00       0.00       0.00       0.00       0.00       0.00       0.00
  countsols        :       0.00       0.00       0.00       0.00       0.00       0.00       0.00       0.00       0.00       0.00
  components       :       0.00       0.00       0.00       0.00       0.00       0.00       0.00       0.00       0.00       0.00
Propagators        : #Propagate   #ResProp    Cutoffs    DomReds
  dualfix          :          2          0          0          0
  genvbounds       :          0          0          0          0
  nlobbt           :          0          0          0          0
  obbt             :          0          0          0          0
  probing          :          0          0          0          0
  pseudoobj        :       1304          0          2          0
  redcost          :        985          0          0       3649
  rootredcost      :         10          0          0          0
  symmetry         :          0          0          0          0
  vbounds          :       6062          0          0          0
Propagator Timings :  TotalTime  SetupTime   Presolve  Propagate    ResProp    SB-Prop
  dualfix          :       0.00       0.00       0.00       0.00       0.00       0.00
  genvbounds       :       0.00       0.00       0.00       0.00       0.00       0.00
  nlobbt           :       0.00       0.00       0.00       0.00       0.00       0.00
  obbt             :       0.00       0.00       0.00       0.00       0.00       0.00
  probing          :       0.00       0.00       0.00       0.00       0.00       0.00
  pseudoobj        :       0.00       0.00       0.00       0.00       0.00       0.00
  redcost          :       0.00       0.00       0.00       0.00       0.00       0.00
  rootredcost      :       0.00       0.00       0.00       0.00       0.00       0.00
  symmetry         :       0.00       0.00       0.00       0.00       0.00       0.00
  vbounds          :       0.00       0.00       0.00       0.00       0.00       0.00
Conflict Analysis  :       Time      Calls    Success    DomReds  Conflicts   Literals    Reconvs ReconvLits   Dualrays   Nonzeros   LP Iters   (pool size: [10000,10000])
  propagation      :       0.00         25         23          -         67       16.4          0        0.0          -          -          -
  infeasible LP    :       0.00          0          0          -          0        0.0          0        0.0          0        0.0          0
  bound exceed. LP :       3.00        328         77          -        625       52.4          0        0.0          0        0.0       2609
  strong branching :       0.00          0          0          -          0        0.0          0        0.0          -          -          0
  pseudo solution  :       0.00          0          0          -          0        0.0          0        0.0          -          -          -
  applied globally :       0.00          -          -          0        266       23.5          -          -          0          -          -
  applied locally  :          -          -          -          0          0        0.0          -          -          0          -          -
Separators         :   ExecTime  SetupTime      Calls    Cutoffs    DomReds       Cuts    Applied      Conss
  cut pool         :       0.00                   292          -          -       3287          -          -    (maximal pool size: 3022)
  aggregation      :       0.00       0.00        173          0          0          0          0          0
  cgmip            :       0.00       0.00          0          0          0          0          0          0
  clique           :       0.00       0.00         30          0          0          0          0          0
  closecuts        :       0.00       0.00          0          0          0          0          0          0
  cmir             :       0.00       0.00          0          0          0          0          0          0
  convexproj       :       0.00       0.00          0          0          0          0          0          0
  disjunctive      :       0.00       0.00          0          0          0          0          0          0
  eccuts           :       0.00       0.00          0          0          0          0          0          0
  flowcover        :       0.00       0.00          0          0          0          0          0          0
  gauge            :       0.00       0.00          0          0          0          0          0          0
  gomory           :       8.00       0.00         95          0          0       2410        119          0
  impliedbounds    :       0.00       0.00        173          0          0        167         69          0
  intobj           :       0.00       0.00          0          0          0          0          0          0
  mcf              :       0.00       0.00          1          0          0          0          0          0
  oddcycle         :       0.00       0.00          0          0          0          0          0          0
  rapidlearning    :       0.00       0.00          0          0          0          0          0          0
  strongcg         :       0.00       0.00         20          0          0       1737         34          0
  zerohalf         :       0.00       0.00        105          0          0        269        396          0
Pricers            :   ExecTime  SetupTime      Calls       Vars
  problem variables:       0.00          -          0          0
Branching Rules    :   ExecTime  SetupTime   BranchLP  BranchExt   BranchPS    Cutoffs    DomReds       Cuts      Conss   Children
  allfullstrong    :       0.00       0.00          0          0          0          0          0          0          0          0
  cloud            :       0.00       0.00          0          0          0          0          0          0          0          0
  distribution     :       0.00       0.00          0          0          0          0          0          0          0          0
  fullstrong       :       0.00       0.00          0          0          0          0          0          0          0          0
  inference        :       0.00       0.00          0          0          0          0          0          0          0          0
  leastinf         :       0.00       0.00          0          0          0          0          0          0          0          0
  lookahead        :       0.00       0.00          0          0          0          0          0          0          0          0
  mostinf          :       0.00       0.00          0          0          0          0          0          0          0          0
  multaggr         :       0.00       0.00          0          0          0          0          0          0          0          0
  nodereopt        :       0.00       0.00          0          0          0          0          0          0          0          0
  pscost           :       0.00       0.00          0          0          0          0          0          0          0          0
  random           :       0.00       0.00          0          0          0          0          0          0          0          0
  relpscost        :      10.00       0.00        228          0          0          0        599          0        224        260
  vanillafullstrong:       0.00       0.00          0          0          0          0          0          0          0          0
Primal Heuristics  :   ExecTime  SetupTime      Calls      Found       Best
  LP solutions     :       0.00          -          -          6          6
  relax solutions  :       0.00          -          -          0          0
  pseudo solutions :       0.00          -          -          0          0
  strong branching :       0.00          -          -          3          3
  actconsdiving    :       0.00       0.00          0          0          0
  adaptivediving   :       0.00       0.00          0          0          0
  alns             :       0.00       0.00          1          0          0
  bound            :       0.00       0.00          0          0          0
  clique           :       0.00       0.00          1          1          1
  coefdiving       :       0.00       0.00          0          0          0
  completesol      :       0.00       0.00          0          0          0
  conflictdiving   :       0.00       0.00          1          0          0
  crossover        :       0.00       0.00          0          0          0
  dins             :       0.00       0.00          0          0          0
  distributiondivin:       0.00       0.00          0          0          0
  dualval          :       0.00       0.00          0          0          0
  farkasdiving     :       0.00       0.00          1          0          0
  feaspump         :       0.00       0.00          0          0          0
  fixandinfer      :       0.00       0.00          0          0          0
  fracdiving       :       0.00       0.00          0          0          0
  gins             :       0.00       0.00          0          0          0
  guideddiving     :       0.00       0.00          0          0          0
  indicator        :       0.00       0.00          0          0          0
  intdiving        :       0.00       0.00          0          0          0
  intshifting      :       0.00       0.00          0          0          0
  linesearchdiving :       0.00       0.00          0          0          0
  localbranching   :       0.00       0.00          0          0          0
  locks            :       0.00       0.00          1          0          0
  lpface           :       0.00       0.00          0          0          0
  mpec             :       0.00       0.00          0          0          0
  multistart       :       0.00       0.00          0          0          0
  mutation         :       0.00       0.00          0          0          0
  nlpdiving        :       0.00       0.00          0          0          0
  objpscostdiving  :       0.00       0.00          0          0          0
  octane           :       0.00       0.00          0          0          0
  ofins            :       0.00       0.00          0          0          0
  oneopt           :       0.00       0.00         12          0          0
  padm             :       0.00       0.00          0          0          0
  proximity        :       0.00       0.00          0          0          0
  pscostdiving     :       0.00       0.00          0          0          0
  randrounding     :       0.00       0.00         30          0          0
  rens             :       0.00       0.00          1          0          0
  reoptsols        :       0.00       0.00          0          0          0
  repair           :       0.00       0.00          0          0          0
  rins             :       0.00       0.00          0          0          0
  rootsoldiving    :       0.00       0.00          0          0          0
  rounding         :       0.00       0.00        267          0          0
  shiftandpropagate:       0.00       0.00          0          0          0
  shifting         :       0.00       0.00        176         82          1
  simplerounding   :       0.00       0.00          0          0          0
  subnlp           :       0.00       0.00          0          0          0
  trivial          :       0.00       0.00          2          0          0
  trivialnegation  :       0.00       0.00          0          0          0
  trustregion      :       0.00       0.00          0          0          0
  trysol           :       0.00       0.00          0          0          0
  twoopt           :       0.00       0.00          0          0          0
  undercover       :       0.00       0.00          1          1          1
  vbounds          :       0.00       0.00          1          1          1
  veclendiving     :       0.00       0.00          0          0          0
  zeroobj          :       0.00       0.00          0          0          0
  zirounding       :       0.00       0.00        130          0          0
  other solutions  :          -          -          -          0          -
Diving (single)    :      Calls      Nodes   LP Iters Backtracks  Conflicts   MinDepth   MaxDepth   AvgDepth  RoundSols  NLeafSols  MinSolDpt  MaxSolDpt  AvgSolDpt
  actconsdiving    :          0          -          -          -          -          -          -          -          -          -          -          -          -
  coefdiving       :          0          -          -          -          -          -          -          -          -          -          -          -          -
  conflictdiving   :          1         20        341          1          0         20         20       20.0          0          -          -          -          -
  distributiondivin:          0          -          -          -          -          -          -          -          -          -          -          -          -
  farkasdiving     :          1         23        983          2         16         22         22       22.0          0          -          -          -          -
  fracdiving       :          0          -          -          -          -          -          -          -          -          -          -          -          -
  guideddiving     :          0          -          -          -          -          -          -          -          -          -          -          -          -
  linesearchdiving :          0          -          -          -          -          -          -          -          -          -          -          -          -
  pscostdiving     :          0          -          -          -          -          -          -          -          -          -          -          -          -
  veclendiving     :          0          -          -          -          -          -          -          -          -          -          -          -          -
Diving (adaptive)  :      Calls      Nodes   LP Iters Backtracks  Conflicts   MinDepth   MaxDepth   AvgDepth  RoundSols  NLeafSols  MinSolDpt  MaxSolDpt  AvgSolDpt
  actconsdiving    :          0          -          -          -          -          -          -          -          -          -          -          -          -
  coefdiving       :          0          -          -          -          -          -          -          -          -          -          -          -          -
  conflictdiving   :          0          -          -          -          -          -          -          -          -          -          -          -          -
  distributiondivin:          0          -          -          -          -          -          -          -          -          -          -          -          -
  farkasdiving     :          0          -          -          -          -          -          -          -          -          -          -          -          -
  fracdiving       :          0          -          -          -          -          -          -          -          -          -          -          -          -
  guideddiving     :          0          -          -          -          -          -          -          -          -          -          -          -          -
  linesearchdiving :          0          -          -          -          -          -          -          -          -          -          -          -          -
  pscostdiving     :          0          -          -          -          -          -          -          -          -          -          -          -          -
  veclendiving     :          0          -          -          -          -          -          -          -          -          -          -          -          -
Neighborhoods      :      Calls  SetupTime  SolveTime SolveNodes       Sols       Best       Exp3  EpsGreedy        UCB TgtFixRate  Opt  Inf Node Stal  Sol  Usr Othr Actv
  rens             :          0       0.00       0.00          0          0          0    0.00000   -1.00000    1.00000      0.900    0    0    0    0    0    0    0    1
  rins             :          0       0.00       0.00          0          0          0    0.00000   -1.00000    1.00000      0.900    0    0    0    0    0    0    0    1
  mutation         :          1       0.00       0.00          1          0          0    0.00000   -1.00000    1.00000      0.700    0    1    0    0    0    0    0    1
  localbranching   :          0       0.00       0.00          0          0          0    0.00000   -1.00000    1.00000      0.900    0    0    0    0    0    0    0    1
  crossover        :          0       0.00       0.00          0          0          0    0.00000   -1.00000    1.00000      0.900    0    0    0    0    0    0    0    1
  proximity        :          0       0.00       0.00          0          0          0    0.00000   -1.00000    1.00000      0.900    0    0    0    0    0    0    0    1
  zeroobjective    :          0       0.00       0.00          0          0          0    0.00000   -1.00000    1.00000      0.900    0    0    0    0    0    0    0    1
  dins             :          0       0.00       0.00          0          0          0    0.00000   -1.00000    1.00000      0.900    0    0    0    0    0    0    0    1
  trustregion      :          0       0.00       0.00          0          0          0    0.00000   -1.00000    1.00000      0.900    0    0    0    0    0    0    0    0
LP                 :       Time      Calls Iterations  Iter/call   Iter/sec  Time-0-It Calls-0-It    ItLimit
  primal LP        :       0.00         46          0       0.00          -       0.00         46
  dual LP          :       3.00        865      26099      43.86    8699.67       0.00        270
  lex dual LP      :       0.00          0          0       0.00          -
  barrier LP       :       0.00          0          0       0.00          -       0.00          0
  resolve instable :       0.00          0          0       0.00          -
  diving/probing LP:       0.00         25       1324      52.96          -
  strong branching :       7.00        983     125708     127.88   17958.29          -          -         17
    (at root node) :          -         29      12616     435.03          -
  conflict analysis:       2.00        268       2609       9.74    1304.50
B&B Tree           :
  number of runs   :          1
  nodes            :        254 (130 internal, 124 leaves)
  feasible leaves  :          6
  infeas. leaves   :          3
  objective leaves :        115
  nodes (total)    :        254 (130 internal, 124 leaves)
  nodes left       :          0
  max depth        :         16
  max depth (total):         16
  backtracks       :         76 (29.9%)
  early backtracks :          0 (0.0%)
  nodes exc. ref.  :          0 (0.0%)
  delayed cutoffs  :          0
  repropagations   :          0 (0 domain reductions, 0 cutoffs)
  avg switch length:       4.54
  switching time   :       0.00
Estim. Tree Size   :        261
Estimation Tree    : 261 nodes (261 visited, 130 internal, 131 leaves, 0 open), weight: 1.0000 completed 1.0000
Estimations        :      estim      value      trend resolution     smooth
  wbe              :        261          -          -          -          -
  tree-profile     :         -1          -          -          -          -
  gap              :        261    1.00000    0.01653          1        274
  tree-weight      :        261    1.00000    0.02575          1        264
  leaf-frequency   :        261    0.50000    0.00052          1        263
  ssg              :        261   -0.00000   -0.00601          1        262
  open-nodes       :        261    0.00000   -0.50677          1        262
Root Node          :
  First LP value   : -1.67195931911034e+00
  First LP Iters   :        252
  First LP Time    :       0.00
  Final Dual Bound : +7.09473601574065e-01
  Final Root Iters :       1967
  Root LP Estimate : +8.25361070352043e+00
Solution           :
  Solutions found  :         94 (13 improvements)
  First Solution   : +8.45091424654876e+00   (in run 1, after 1 nodes, 0.00 seconds, depth 22, found by <clique>)
  Gap First Sol.   :   infinite
  Gap Last Sol.    :      27.16 %
  Primal Bound     : +2.86670780932981e+00   (in run 1, after 232 nodes, 21.00 seconds, depth 9, found by <relaxation>)
  Dual Bound       : +2.86670780932981e+00
  Gap              :       0.00 %
Integrals          :      Total       Avg%
  primal-dual      :    1435.35      65.24
  primal-ref       :          -          - (not evaluated)
  dual-ref         :          -          - (not evaluated)
