SCIP version 7.0.2 [precision: 8 byte] [memory: block] [mode: optimized] [LP solver: SoPlex 5.0.2] [GitHash: e9d280a398]
Copyright (C) 2002-2020 Konrad-Zuse-Zentrum fuer Informationstechnik Berlin (ZIB)

External codes: 
  SoPlex 5.0.2         Linear Programming Solver developed at Zuse Institute Berlin (soplex.zib.de) [GitHash: e24c304e]
  CppAD 20180000.0     Algorithmic Differentiation of C++ algorithms developed by B. Bell (www.coin-or.org/CppAD)
  MPIR 3.0.0           Multiple Precision Integers and Rationals Library developed by W. Hart (mpir.org)
  ZIMPL 3.4.0          Zuse Institute Mathematical Programming Language developed by T. Koch (zimpl.zib.de)
  PaPILO 1.0.2         parallel presolve for integer and linear optimization (https://github.com/lgottwald/PaPILO) [GitHash: 62d2842]
  bliss 0.73p          Computing Graph Automorphism Groups by T. Junttila and P. Kaski (http://www.tcs.hut.fi/Software/bliss/)
  Ipopt 3.12.9         Interior Point Optimizer developed by A. Waechter et.al. (www.coin-or.org/Ipopt)

user parameter file <scip.set> not found - using default parameters

read problem <C:\Users\Claubit\Documents\GitHub\embedding\src\lp\scenarioA2_N32_B0.4_classical\IPL_linearized_N32q1000.00B12.lp>
============

original problem has 1056 variables (0 bin, 1056 int, 0 impl, 0 cont) and 3073 constraints

solve problem
=============

presolving:
(round 1, fast)       32 del vars, 32 del conss, 0 add conss, 0 chg bounds, 32 chg sides, 32 chg coeffs, 0 upgd conss, 0 impls, 1984 clqs
(round 2, fast)       32 del vars, 96 del conss, 0 add conss, 0 chg bounds, 32 chg sides, 32 chg coeffs, 0 upgd conss, 0 impls, 1984 clqs
   (0.0s) running MILP presolver
   (0.0s) MILP presolver found nothing
(round 3, exhaustive) 32 del vars, 96 del conss, 0 add conss, 0 chg bounds, 32 chg sides, 32 chg coeffs, 2976 upgd conss, 0 impls, 1984 clqs
(round 4, exhaustive) 32 del vars, 3072 del conss, 992 add conss, 0 chg bounds, 32 chg sides, 32 chg coeffs, 2976 upgd conss, 0 impls, 1984 clqs
(round 5, exhaustive) 528 del vars, 3568 del conss, 992 add conss, 0 chg bounds, 32 chg sides, 32 chg coeffs, 2976 upgd conss, 0 impls, 992 clqs
   (0.0s) probing: 51/528 (9.7%) - 0 fixings, 0 aggregations, 0 implications, 0 bound changes
   (0.0s) probing aborted: 50/50 successive totally useless probings
   (0.0s) symmetry computation started: requiring (bin +, int -, cont +), (fixed: bin -, int +, cont -)
   (0.0s) no symmetry present
presolving (6 rounds: 6 fast, 4 medium, 4 exhaustive):
 528 deleted vars, 3568 deleted constraints, 992 added constraints, 0 tightened bounds, 0 added holes, 32 changed sides, 32 changed coefficients
 0 implications, 992 cliques
presolved problem has 528 variables (528 bin, 0 int, 0 impl, 0 cont) and 497 constraints
    496 constraints of type <and>
      1 constraints of type <linear>
Presolving Time: 0.00

 time | node  | left  |LP iter|LP it/n|mem/heur|mdpt |vars |cons |rows |cuts |sepa|confs|strbr|  dualbound   | primalbound  |  gap   | compl. 
p 0.0s|     1 |     0 |     0 |     - |  clique|   0 | 528 | 497 | 993 |   0 |  0 |   0 |   0 |-1.615604e+01 | 1.692105e+01 |    Inf | unknown
p 0.0s|     1 |     0 |     0 |     - | vbounds|   0 | 528 | 497 | 993 |   0 |  0 |   0 |   0 |-1.615604e+01 | 1.486195e+01 |    Inf | unknown
  0.0s|     1 |     0 |   249 |     - |    13M |   0 | 528 | 497 | 993 |   0 |  0 |   0 |   0 |-3.315052e+00 | 1.486195e+01 |    Inf | unknown
r 0.0s|     1 |     0 |   249 |     - |shifting|   0 | 528 | 501 | 993 |   0 |  0 |   4 |   0 |-3.315052e+00 | 1.397133e+01 |    Inf | unknown
L 0.0s|     1 |     0 |   249 |     - |undercov|   0 | 528 | 501 | 993 |   0 |  0 |   4 |   0 |-3.315052e+00 | 6.873392e+00 |    Inf | unknown
  0.0s|     1 |     0 |   332 |     - |    14M |   0 | 528 | 501 |1027 |  34 |  1 |   4 |   0 |-2.192832e+00 | 6.873392e+00 |    Inf | unknown
  0.0s|     1 |     0 |   362 |     - |    14M |   0 | 528 | 502 |1037 |  44 |  2 |   5 |   0 |-1.793704e+00 | 6.873392e+00 |    Inf | unknown
  1.0s|     1 |     0 |   390 |     - |    14M |   0 | 528 | 503 |1045 |  52 |  3 |   6 |   0 |-1.595198e+00 | 6.873392e+00 |    Inf | unknown
  1.0s|     1 |     0 |   423 |     - |    15M |   0 | 528 | 503 |1053 |  60 |  4 |   6 |   0 |-1.471138e+00 | 6.873392e+00 |    Inf | unknown
  1.0s|     1 |     0 |   453 |     - |    15M |   0 | 528 | 503 |1066 |  73 |  5 |   6 |   0 |-1.254482e+00 | 6.873392e+00 |    Inf | unknown
  1.0s|     1 |     0 |   481 |     - |    15M |   0 | 528 | 506 |1075 |  82 |  6 |   9 |   0 |-1.097766e+00 | 6.873392e+00 |    Inf | unknown
  1.0s|     1 |     0 |   543 |     - |    15M |   0 | 528 | 506 |1089 |  96 |  7 |   9 |   0 |-8.313335e-01 | 6.873392e+00 |    Inf | unknown
  1.0s|     1 |     0 |   601 |     - |    15M |   0 | 528 | 506 |1105 | 112 |  8 |   9 |   0 |-5.035414e-01 | 6.873392e+00 |    Inf | unknown
  1.0s|     1 |     0 |   632 |     - |    17M |   0 | 528 | 506 |1116 | 123 |  9 |   9 |   0 |-3.906797e-01 | 6.873392e+00 |    Inf | unknown
  1.0s|     1 |     0 |   670 |     - |    17M |   0 | 528 | 506 |1124 | 131 | 10 |   9 |   0 |-2.893449e-01 | 6.873392e+00 |    Inf | unknown
 time | node  | left  |LP iter|LP it/n|mem/heur|mdpt |vars |cons |rows |cuts |sepa|confs|strbr|  dualbound   | primalbound  |  gap   | compl. 
  1.0s|     1 |     0 |   716 |     - |    17M |   0 | 528 | 506 |1133 | 140 | 11 |   9 |   0 |-1.384910e-01 | 6.873392e+00 |    Inf | unknown
  1.0s|     1 |     0 |   754 |     - |    18M |   0 | 528 | 506 |1143 | 150 | 12 |   9 |   0 | 3.883866e-02 | 6.873392e+00 |  Large | unknown
  1.0s|     1 |     0 |   786 |     - |    18M |   0 | 528 | 512 |1150 | 157 | 13 |  15 |   0 | 1.453858e-01 | 6.873392e+00 |4627.69%| unknown
  1.0s|     1 |     0 |   844 |     - |    19M |   0 | 528 | 512 |1159 | 166 | 14 |  15 |   0 | 2.691704e-01 | 6.873392e+00 |2453.55%| unknown
  1.0s|     1 |     0 |   929 |     - |    19M |   0 | 528 | 512 |1163 | 170 | 15 |  15 |   0 | 5.042749e-01 | 6.873392e+00 |1263.02%| unknown
  1.0s|     1 |     0 |  1029 |     - |    19M |   0 | 528 | 512 |1174 | 181 | 16 |  15 |   0 | 6.658210e-01 | 6.873392e+00 | 932.32%| unknown
  1.0s|     1 |     0 |  1132 |     - |    19M |   0 | 528 | 513 |1186 | 196 | 17 |  16 |   0 | 8.764851e-01 | 6.873392e+00 | 684.20%| unknown
  1.0s|     1 |     0 |  1272 |     - |    19M |   0 | 528 | 514 |1200 | 210 | 18 |  17 |   0 | 1.191763e+00 | 6.873392e+00 | 476.74%| unknown
  1.0s|     1 |     0 |  1388 |     - |    20M |   0 | 528 | 514 |1211 | 221 | 19 |  17 |   0 | 1.350473e+00 | 6.873392e+00 | 408.96%| unknown
  2.0s|     1 |     0 |  1462 |     - |    21M |   0 | 528 | 515 |1219 | 229 | 20 |  18 |   0 | 1.424182e+00 | 6.873392e+00 | 382.62%| unknown
  2.0s|     1 |     0 |  1547 |     - |    21M |   0 | 528 | 515 |1228 | 238 | 21 |  18 |   0 | 1.458219e+00 | 6.873392e+00 | 371.36%| unknown
  2.0s|     1 |     0 |  1625 |     - |    21M |   0 | 528 | 515 |1234 | 244 | 22 |  18 |   0 | 1.507359e+00 | 6.873392e+00 | 355.99%| unknown
  2.0s|     1 |     0 |  1674 |     - |    21M |   0 | 528 | 515 |1236 | 249 | 23 |  18 |   0 | 1.516664e+00 | 6.873392e+00 | 353.19%| unknown
  2.0s|     1 |     0 |  1688 |     - |    21M |   0 | 528 | 515 |1239 | 252 | 24 |  18 |   0 | 1.521530e+00 | 6.873392e+00 | 351.74%| unknown
  2.0s|     1 |     0 |  1710 |     - |    21M |   0 | 528 | 515 |1241 | 254 | 25 |  18 |   0 | 1.525735e+00 | 6.873392e+00 | 350.50%| unknown
 time | node  | left  |LP iter|LP it/n|mem/heur|mdpt |vars |cons |rows |cuts |sepa|confs|strbr|  dualbound   | primalbound  |  gap   | compl. 
  2.0s|     1 |     0 |  1726 |     - |    21M |   0 | 528 | 515 |1242 | 255 | 26 |  18 |   0 | 1.526466e+00 | 6.873392e+00 | 350.28%| unknown
  2.0s|     1 |     0 |  1742 |     - |    21M |   0 | 528 | 515 |1245 | 258 | 27 |  18 |   0 | 1.528315e+00 | 6.873392e+00 | 349.74%| unknown
  2.0s|     1 |     0 |  1745 |     - |    21M |   0 | 528 | 515 |1246 | 259 | 28 |  18 |   0 | 1.528378e+00 | 6.873392e+00 | 349.72%| unknown
  2.0s|     1 |     2 |  2776 |     - |    21M |   0 | 528 | 515 |1246 | 259 | 30 |  18 |  19 | 1.899677e+00 | 6.873392e+00 | 261.82%| unknown
* 4.0s|     7 |     6 |  3585 | 306.7 |    LP  |   6 | 528 | 534 |1224 | 285 |  8 |  37 | 148 | 2.376020e+00 | 6.865005e+00 | 188.93%| unknown
* 4.0s|     8 |     5 |  3719 | 282.0 |strongbr|   6 | 528 | 534 |1226 | 288 |  3 |  37 | 149 | 2.376020e+00 | 6.669501e+00 | 180.70%|   4.62%
* 4.0s|     8 |     5 |  3779 | 290.6 |strongbr|   6 | 528 | 536 |1226 | 288 |  4 |  39 | 154 | 2.376020e+00 | 6.660267e+00 | 180.31%|   4.62%
* 4.0s|     8 |     5 |  3779 | 290.6 |strongbr|   6 | 528 | 518 |1226 | 288 |  4 |  39 | 155 | 2.376020e+00 | 6.515862e+00 | 174.23%|   4.62%
 14.0s|   100 |    27 | 11646 | 100.0 |    28M |  14 | 528 | 565 |1270 | 567 |  2 |  86 | 853 | 2.671788e+00 | 6.515862e+00 | 143.88%|  25.91%
*14.0s|   112 |    27 | 11754 |  90.2 |    LP  |  20 | 528 | 565 |1270 | 567 |  1 |  86 | 853 | 2.671788e+00 | 6.515288e+00 | 143.85%|  25.91%
*14.0s|   160 |    29 | 13852 |  76.1 |    LP  |  20 | 528 | 565 |1273 | 615 |  2 |  86 | 862 | 2.671788e+00 | 6.507389e+00 | 143.56%|  34.83%
*14.0s|   161 |    28 | 13855 |  75.7 |strongbr|  20 | 528 | 565 |1273 | 615 |  1 |  86 | 862 | 2.671788e+00 | 6.362518e+00 | 138.14%|  34.84%
*14.0s|   161 |    26 | 13855 |  75.7 |strongbr|  20 | 528 | 563 |1273 | 615 |  1 |  86 | 863 | 2.671788e+00 | 6.288333e+00 | 135.36%|  34.98%
*15.0s|   192 |    37 | 16124 |  75.3 |    LP  |  20 | 528 | 563 |1258 | 703 |  2 |  86 | 873 | 2.908209e+00 | 6.212105e+00 | 113.61%|  36.38%
 16.0s|   200 |    43 | 17223 |  77.8 |    29M |  20 | 528 | 564 |1307 | 762 |  1 |  87 | 882 | 2.908209e+00 | 6.212105e+00 | 113.61%|  36.72%
 time | node  | left  |LP iter|LP it/n|mem/heur|mdpt |vars |cons |rows |cuts |sepa|confs|strbr|  dualbound   | primalbound  |  gap   | compl. 
*16.0s|   209 |    45 | 17442 |  75.5 |    LP  |  21 | 528 | 564 |1307 | 762 |  1 |  87 | 882 | 2.908209e+00 | 6.197087e+00 | 113.09%|  36.79%
*16.0s|   210 |    44 | 17444 |  75.1 |    LP  |  21 | 528 | 564 |1307 | 762 |  1 |  87 | 882 | 2.908209e+00 | 6.195840e+00 | 113.05%|  36.79%
*16.0s|   219 |    47 | 18072 |  74.9 |    LP  |  21 | 528 | 564 |1320 | 782 |  2 |  87 | 882 | 2.950097e+00 | 6.195126e+00 | 110.00%|  37.83%
r17.0s|   240 |    33 | 20291 |  77.6 |rounding|  21 | 528 | 523 |1261 | 830 |  0 |  89 | 887 | 3.250290e+00 | 5.762026e+00 |  77.28%|  45.61%
 19.0s|   300 |    29 | 25921 |  80.9 |    32M |  21 | 528 | 528 |1346 | 957 |  2 |  94 | 912 | 4.585506e+00 | 5.762026e+00 |  25.66%|  66.30%

SCIP Status        : problem is solved [optimal solution found]
Solving Time (sec) : 19.00
Solving Nodes      : 337
Primal Bound       : +5.76202621362656e+00 (101 solutions)
Dual Bound         : +5.76202621362656e+00
Gap                : 0.00 %

primal solution (original space):
=================================

objective value:                     5.76202621362655
y(1,1)                                              1 	(obj:0.313777340538904)
y(1,3)                                              1 	(obj:-0.0222880037776615)
y(1,12)                                             1 	(obj:0.154364004821113)
y(1,17)                                             1 	(obj:-0.138484425795659)
y(1,21)                                             1 	(obj:0.0142423328553204)
y(1,22)                                             1 	(obj:-0.142191273090265)
y(1,23)                                             1 	(obj:0.121491907867162)
y(1,24)                                             1 	(obj:0.24134714574661)
y(1,28)                                             1 	(obj:-0.136651611661284)
y(1,29)                                             1 	(obj:0.074691458362922)
y(1,30)                                             1 	(obj:0.123840191143585)
y(1,32)                                             1 	(obj:0.093016738993861)
y(3,1)                                              1 	(obj:-0.0222880037776615)
y(3,3)                                              1 	(obj:0.209101773596365)
y(3,12)                                             1 	(obj:-0.0201194032119207)
y(3,17)                                             1 	(obj:0.122396650442987)
y(3,21)                                             1 	(obj:0.0284384024587193)
y(3,22)                                             1 	(obj:0.192277394023384)
y(3,23)                                             1 	(obj:-0.0372327617729614)
y(3,24)                                             1 	(obj:-0.059417856109133)
y(3,28)                                             1 	(obj:0.107549744580116)
y(3,29)                                             1 	(obj:-0.0114682265866769)
y(3,30)                                             1 	(obj:-0.00653218120154494)
y(3,32)                                             1 	(obj:-0.0466861234883364)
y(12,1)                                             1 	(obj:0.154364004821113)
y(12,3)                                             1 	(obj:-0.0201194032119207)
y(12,12)                                            1 	(obj:0.176295762376561)
y(12,17)                                            1 	(obj:-0.108007868414466)
y(12,21)                                            1 	(obj:0.0309981238409954)
y(12,22)                                            1 	(obj:-0.0752374778873241)
y(12,23)                                            1 	(obj:0.162880394936092)
y(12,24)                                            1 	(obj:0.175377908600136)
y(12,28)                                            1 	(obj:-0.0827474713305745)
y(12,29)                                            1 	(obj:0.0740444361762709)
y(12,30)                                            1 	(obj:0.117056079972308)
y(12,32)                                            1 	(obj:0.0752029412828081)
y(17,1)                                             1 	(obj:-0.138484425795659)
y(17,3)                                             1 	(obj:0.122396650442987)
y(17,12)                                            1 	(obj:-0.108007868414466)
y(17,17)                                            1 	(obj:0.29436951076714)
y(17,21)                                            1 	(obj:0.00154372585598093)
y(17,22)                                            1 	(obj:0.27653565584051)
y(17,23)                                            1 	(obj:-0.104461895497824)
y(17,24)                                            1 	(obj:-0.140144393392987)
y(17,28)                                            1 	(obj:0.220363408799073)
y(17,29)                                            1 	(obj:-0.0287515160102917)
y(17,30)                                            1 	(obj:-0.0945330361259593)
y(17,32)                                            1 	(obj:-0.0626714876303083)
y(21,1)                                             1 	(obj:0.0142423328553204)
y(21,3)                                             1 	(obj:0.0284384024587193)
y(21,12)                                            1 	(obj:0.0309981238409954)
y(21,17)                                            1 	(obj:0.00154372585598093)
y(21,21)                                            1 	(obj:0.106631225764372)
y(21,22)                                            1 	(obj:0.0275216851960561)
y(21,23)                                            1 	(obj:0.0668838610724244)
y(21,24)                                            1 	(obj:-0.00587303819871141)
y(21,28)                                            1 	(obj:-0.00258344659038952)
y(21,29)                                            1 	(obj:0.0351039388363043)
y(21,30)                                            1 	(obj:0.0157777619082717)
y(21,32)                                            1 	(obj:-0.005716076493289)
y(22,1)                                             1 	(obj:-0.142191273090265)
y(22,3)                                             1 	(obj:0.192277394023384)
y(22,12)                                            1 	(obj:-0.0752374778873241)
y(22,17)                                            1 	(obj:0.27653565584051)
y(22,21)                                            1 	(obj:0.0275216851960561)
y(22,22)                                            1 	(obj:0.38071832121282)
y(22,23)                                            1 	(obj:-0.107216853839995)
y(22,24)                                            1 	(obj:-0.129247387223128)
y(22,28)                                            1 	(obj:0.245725097204707)
y(22,29)                                            1 	(obj:-0.0283940370830215)
y(22,30)                                            1 	(obj:-0.0913539339920583)
y(22,32)                                            1 	(obj:-0.0700939411625495)
y(23,1)                                             1 	(obj:0.121491907867162)
y(23,3)                                             1 	(obj:-0.0372327617729614)
y(23,12)                                            1 	(obj:0.162880394936092)
y(23,17)                                            1 	(obj:-0.104461895497824)
y(23,21)                                            1 	(obj:0.0668838610724244)
y(23,22)                                            1 	(obj:-0.107216853839995)
y(23,23)                                            1 	(obj:0.257336242344283)
y(23,24)                                            1 	(obj:0.165880966245687)
y(23,28)                                            1 	(obj:-0.154089581756222)
y(23,29)                                            1 	(obj:0.069238794067992)
y(23,30)                                            1 	(obj:0.110631543093524)
y(23,32)                                            1 	(obj:0.0681449257063257)
y(24,1)                                             1 	(obj:0.24134714574661)
y(24,3)                                             1 	(obj:-0.059417856109133)
y(24,12)                                            1 	(obj:0.175377908600136)
y(24,17)                                            1 	(obj:-0.140144393392987)
y(24,21)                                            1 	(obj:-0.00587303819871141)
y(24,22)                                            1 	(obj:-0.129247387223128)
y(24,23)                                            1 	(obj:0.165880966245687)
y(24,24)                                            1 	(obj:0.365181827547187)
y(24,28)                                            1 	(obj:-0.065151195761651)
y(24,29)                                            1 	(obj:8.66128611209562e-05)
y(24,30)                                            1 	(obj:0.132988607666414)
y(24,32)                                            1 	(obj:0.109216824460685)
y(28,1)                                             1 	(obj:-0.136651611661284)
y(28,3)                                             1 	(obj:0.107549744580116)
y(28,12)                                            1 	(obj:-0.0827474713305745)
y(28,17)                                            1 	(obj:0.220363408799073)
y(28,21)                                            1 	(obj:-0.00258344659038952)
y(28,22)                                            1 	(obj:0.245725097204707)
y(28,23)                                            1 	(obj:-0.154089581756222)
y(28,24)                                            1 	(obj:-0.065151195761651)
y(28,28)                                            1 	(obj:0.344973101579304)
y(28,29)                                            1 	(obj:-0.0350513417070542)
y(28,30)                                            1 	(obj:-0.0658524754985803)
y(28,32)                                            1 	(obj:-0.0459844543943739)
y(29,1)                                             1 	(obj:0.074691458362922)
y(29,3)                                             1 	(obj:-0.0114682265866769)
y(29,12)                                            1 	(obj:0.0740444361762709)
y(29,17)                                            1 	(obj:-0.0287515160102917)
y(29,21)                                            1 	(obj:0.0351039388363043)
y(29,22)                                            1 	(obj:-0.0283940370830215)
y(29,23)                                            1 	(obj:0.069238794067992)
y(29,24)                                            1 	(obj:8.66128611209562e-05)
y(29,28)                                            1 	(obj:-0.0350513417070542)
y(29,29)                                            1 	(obj:0.183340095604561)
y(29,30)                                            1 	(obj:0.0489860269770345)
y(29,32)                                            1 	(obj:0.042422286118634)
y(30,1)                                             1 	(obj:0.123840191143585)
y(30,3)                                             1 	(obj:-0.00653218120154494)
y(30,12)                                            1 	(obj:0.117056079972308)
y(30,17)                                            1 	(obj:-0.0945330361259593)
y(30,21)                                            1 	(obj:0.0157777619082717)
y(30,22)                                            1 	(obj:-0.0913539339920583)
y(30,23)                                            1 	(obj:0.110631543093524)
y(30,24)                                            1 	(obj:0.132988607666414)
y(30,28)                                            1 	(obj:-0.0658524754985803)
y(30,29)                                            1 	(obj:0.0489860269770345)
y(30,30)                                            1 	(obj:0.121782394704427)
y(30,32)                                            1 	(obj:0.0526843153285966)
y(32,1)                                             1 	(obj:0.093016738993861)
y(32,3)                                             1 	(obj:-0.0466861234883364)
y(32,12)                                            1 	(obj:0.0752029412828081)
y(32,17)                                            1 	(obj:-0.0626714876303083)
y(32,21)                                            1 	(obj:-0.005716076493289)
y(32,22)                                            1 	(obj:-0.0700939411625495)
y(32,23)                                            1 	(obj:0.0681449257063257)
y(32,24)                                            1 	(obj:0.109216824460685)
y(32,28)                                            1 	(obj:-0.0459844543943739)
y(32,29)                                            1 	(obj:0.042422286118634)
y(32,30)                                            1 	(obj:0.0526843153285966)
y(32,32)                                            1 	(obj:0.0876949792425062)
x(1)                                                1 	(obj:-0.00667286319447288)
x(3)                                                1 	(obj:-9.56132732858106e-05)
x(12)                                               1 	(obj:-0.00348984795828146)
x(17)                                               1 	(obj:0.00117967554409262)
x(21)                                               1 	(obj:-0.00233757086924918)
x(22)                                               1 	(obj:0.00235010335856775)
x(23)                                               1 	(obj:-0.00274468105522858)
x(24)                                               1 	(obj:-0.00102827908751343)
x(28)                                               1 	(obj:0.000863377525571901)
x(29)                                               1 	(obj:-0.00746616271732443)
x(30)                                               1 	(obj:-0.00517621098612854)
x(32)                                               1 	(obj:-0.0039925222536812)

Statistics
==========

SCIP Status        : problem is solved [optimal solution found]
Total Time         :      19.00
  solving          :      19.00
  presolving       :       0.00 (included in solving)
  reading          :       0.00
  copying          :       0.00 (3 #copies) (minimal 0.00, maximal 0.00, average 0.00)
Original Problem   :
  Problem name     : C:\Users\Claubit\Documents\GitHub\embedding\src\lp\scenarioA2_N32_B0.4_classical\IPL_linearized_N32q1000.00B12.lp
  Variables        : 1056 (0 binary, 1056 integer, 0 implicit integer, 0 continuous)
  Constraints      : 3073 initial, 3073 maximal
  Objective        : minimize, 1056 non-zeros (abs.min = 8.66129e-05, abs.max = 1.80624)
Presolved Problem  :
  Problem name     : t_C:\Users\Claubit\Documents\GitHub\embedding\src\lp\scenarioA2_N32_B0.4_classical\IPL_linearized_N32q1000.00B12.lp
  Variables        : 528 (528 binary, 0 integer, 0 implicit integer, 0 continuous)
  Constraints      : 497 initial, 566 maximal
  Objective        : minimize, 528 non-zeros (abs.min = 0.000173226, abs.max = 1.91135)
  Nonzeros         : 1520 constraint, 1984 clique table
Presolvers         :   ExecTime  SetupTime  Calls  FixedVars   AggrVars   ChgTypes  ChgBounds   AddHoles    DelCons    AddCons   ChgSides   ChgCoefs
  boundshift       :       0.00       0.00      0          0          0          0          0          0          0          0          0          0
  convertinttobin  :       0.00       0.00      0          0          0          0          0          0          0          0          0          0
  domcol           :       0.00       0.00      1          0          0          0          0          0          0          0          0          0
  dualagg          :       0.00       0.00      0          0          0          0          0          0          0          0          0          0
  dualcomp         :       0.00       0.00      0          0          0          0          0          0          0          0          0          0
  dualinfer        :       0.00       0.00      0          0          0          0          0          0          0          0          0          0
  dualsparsify     :       0.00       0.00      1          0          0          0          0          0          0          0          0          0
  gateextraction   :       0.00       0.00      1          0          0          0          0          0       2976        992          0          0
  implics          :       0.00       0.00      4          0          0          0          0          0          0          0          0          0
  inttobinary      :       0.00       0.00      0          0          0          0          0          0          0          0          0          0
  milp             :       0.00       0.00      1          0          0          0          0          0          0          0          0          0
  qpkktref         :       0.00       0.00      0          0          0          0          0          0          0          0          0          0
  redvub           :       0.00       0.00      0          0          0          0          0          0          0          0          0          0
  sparsify         :       0.00       0.00      1          0          0          0          0          0          0          0          0          0
  stuffing         :       0.00       0.00      0          0          0          0          0          0          0          0          0          0
  trivial          :       0.00       0.00      6          0          0          0          0          0          0          0          0          0
  tworowbnd        :       0.00       0.00      0          0          0          0          0          0          0          0          0          0
  dualfix          :       0.00       0.00      6          0          0          0          0          0          0          0          0          0
  genvbounds       :       0.00       0.00      0          0          0          0          0          0          0          0          0          0
  probing          :       0.00       0.00      1          0          0          0          0          0          0          0          0          0
  pseudoobj        :       0.00       0.00      0          0          0          0          0          0          0          0          0          0
  symmetry         :       0.00       0.00      1          0          0          0          0          0          0          0          0          0
  vbounds          :       0.00       0.00      1          0          0          0          0          0          0          0          0          0
  and              :       0.00       0.00      4          0        496          0          0          0        496          0          0          0
  linear           :       0.00       0.00      8          0         32          0          0          0         96          0         32         32
  logicor          :       0.00       0.00      2          0          0          0          0          0          0          0          0          0
  benders          :       0.00       0.00      0          0          0          0          0          0          0          0          0          0
  components       :       0.00       0.00      1          0          0          0          0          0          0          0          0          0
  root node        :          -          -      -         32          -          -         32          -          -          -          -          -
Constraints        :     Number  MaxNumber  #Separate #Propagate    #EnfoLP    #EnfoRelax  #EnfoPS    #Check   #ResProp    Cutoffs    DomReds       Cuts    Applied      Conss   Children
  benderslp        :          0          0          0          0        275          0          0        121          0          0          0          0          0          0          0
  integral         :          0          0          0          0        275          0          0        121          0          0        565          0          0         87        356
  and              :        496        496        522       5947          6          0          0        116       2035         12      10794        436        346          0          0
  linear           :          1          1         29       5914          6          0          0         96         11         22          7          0          0          0          0
  logicor          :          0+        69         29       1236          0          0          0          0          5          3          4          0          0          0          0
  benders          :          0          0          0          0          7          0          0         95          0          0          0          0          0          0          0
  countsols        :          0          0          0          0          7          0          0         95          0          0          0          0          0          0          0
  components       :          0          0          0          0          0          0          0          0          0          0          0          0          0          0          0
Constraint Timings :  TotalTime  SetupTime   Separate  Propagate     EnfoLP     EnfoPS     EnfoRelax   Check    ResProp    SB-Prop
  benderslp        :       0.00       0.00       0.00       0.00       0.00       0.00       0.00       0.00       0.00       0.00
  integral         :      11.00       0.00       0.00       0.00      11.00       0.00       0.00       0.00       0.00       0.00
  and              :       1.00       0.00       0.00       1.00       0.00       0.00       0.00       0.00       0.00       0.00
  linear           :       0.00       0.00       0.00       0.00       0.00       0.00       0.00       0.00       0.00       0.00
  logicor          :       0.00       0.00       0.00       0.00       0.00       0.00       0.00       0.00       0.00       0.00
  benders          :       0.00       0.00       0.00       0.00       0.00       0.00       0.00       0.00       0.00       0.00
  countsols        :       0.00       0.00       0.00       0.00       0.00       0.00       0.00       0.00       0.00       0.00
  components       :       0.00       0.00       0.00       0.00       0.00       0.00       0.00       0.00       0.00       0.00
Propagators        : #Propagate   #ResProp    Cutoffs    DomReds
  dualfix          :          2          0          0          0
  genvbounds       :          0          0          0          0
  nlobbt           :          0          0          0          0
  obbt             :          0          0          0          0
  probing          :          0          0          0          0
  pseudoobj        :       1568          0          0          0
  redcost          :       1046          0          0       3713
  rootredcost      :         12          0          0          0
  symmetry         :          0          0          0          0
  vbounds          :       6127          0          0          0
Propagator Timings :  TotalTime  SetupTime   Presolve  Propagate    ResProp    SB-Prop
  dualfix          :       0.00       0.00       0.00       0.00       0.00       0.00
  genvbounds       :       0.00       0.00       0.00       0.00       0.00       0.00
  nlobbt           :       0.00       0.00       0.00       0.00       0.00       0.00
  obbt             :       0.00       0.00       0.00       0.00       0.00       0.00
  probing          :       0.00       0.00       0.00       0.00       0.00       0.00
  pseudoobj        :       0.00       0.00       0.00       0.00       0.00       0.00
  redcost          :       0.00       0.00       0.00       0.00       0.00       0.00
  rootredcost      :       0.00       0.00       0.00       0.00       0.00       0.00
  symmetry         :       0.00       0.00       0.00       0.00       0.00       0.00
  vbounds          :       0.00       0.00       0.00       0.00       0.00       0.00
Conflict Analysis  :       Time      Calls    Success    DomReds  Conflicts   Literals    Reconvs ReconvLits   Dualrays   Nonzeros   LP Iters   (pool size: [10000,10000])
  propagation      :       0.00         15         15          -         31       13.0          0        0.0          -          -          -
  infeasible LP    :       0.00          1          1          -          2       32.0          0        0.0          1       33.0          0
  bound exceed. LP :       1.00        287         33          -        266       41.2          0        0.0          0        0.0       2546
  strong branching :       0.00          0          0          -          0        0.0          0        0.0          -          -          0
  pseudo solution  :       0.00          0          0          -          0        0.0          0        0.0          -          -          -
  applied globally :       0.00          -          -          0        104       18.3          -          -          1          -          -
  applied locally  :          -          -          -          0          0        0.0          -          -          0          -          -
Separators         :   ExecTime  SetupTime      Calls    Cutoffs    DomReds       Cuts    Applied      Conss
  cut pool         :       0.00                   268          -          -       1954          -          -    (maximal pool size: 2698)
  aggregation      :       0.00       0.00        149          0          0          0          0          0
  cgmip            :       0.00       0.00          0          0          0          0          0          0
  clique           :       0.00       0.00         29          0          0          0          0          0
  closecuts        :       0.00       0.00          0          0          0          0          0          0
  cmir             :       0.00       0.00          0          0          0          0          0          0
  convexproj       :       0.00       0.00          0          0          0          0          0          0
  disjunctive      :       0.00       0.00          0          0          0          0          0          0
  eccuts           :       0.00       0.00          0          0          0          0          0          0
  flowcover        :       0.00       0.00          0          0          0          0          0          0
  gauge            :       0.00       0.00          0          0          0          0          0          0
  gomory           :       5.00       0.00         88          0          0       1992        123          0
  impliedbounds    :       0.00       0.00        149          0          0        149         45          0
  intobj           :       0.00       0.00          0          0          0          0          0          0
  mcf              :       0.00       0.00          1          0          0          0          0          0
  oddcycle         :       0.00       0.00          0          0          0          0          0          0
  rapidlearning    :       0.00       0.00          0          0          0          0          0          0
  strongcg         :       0.00       0.00         20          0          0       1250         32          0
  zerohalf         :       0.00       0.00         98          0          0        290        427          0
Pricers            :   ExecTime  SetupTime      Calls       Vars
  problem variables:       0.00          -          0          0
Branching Rules    :   ExecTime  SetupTime   BranchLP  BranchExt   BranchPS    Cutoffs    DomReds       Cuts      Conss   Children
  allfullstrong    :       0.00       0.00          0          0          0          0          0          0          0          0
  cloud            :       0.00       0.00          0          0          0          0          0          0          0          0
  distribution     :       0.00       0.00          0          0          0          0          0          0          0          0
  fullstrong       :       0.00       0.00          0          0          0          0          0          0          0          0
  inference        :       0.00       0.00          0          0          0          0          0          0          0          0
  leastinf         :       0.00       0.00          0          0          0          0          0          0          0          0
  lookahead        :       0.00       0.00          0          0          0          0          0          0          0          0
  mostinf          :       0.00       0.00          0          0          0          0          0          0          0          0
  multaggr         :       0.00       0.00          0          0          0          0          0          0          0          0
  nodereopt        :       0.00       0.00          0          0          0          0          0          0          0          0
  pscost           :       0.00       0.00          0          0          0          0          0          0          0          0
  random           :       0.00       0.00          0          0          0          0          0          0          0          0
  relpscost        :      11.00       0.00        268          0          0          0        565          0         87        356
  vanillafullstrong:       0.00       0.00          0          0          0          0          0          0          0          0
Primal Heuristics  :   ExecTime  SetupTime      Calls      Found       Best
  LP solutions     :       0.00          -          -          7          7
  relax solutions  :       0.00          -          -          0          0
  pseudo solutions :       0.00          -          -          0          0
  strong branching :       0.00          -          -          5          5
  actconsdiving    :       0.00       0.00          0          0          0
  adaptivediving   :       0.00       0.00          0          0          0
  alns             :       0.00       0.00          1          0          0
  bound            :       0.00       0.00          0          0          0
  clique           :       0.00       0.00          1          1          1
  coefdiving       :       0.00       0.00          0          0          0
  completesol      :       0.00       0.00          0          0          0
  conflictdiving   :       0.00       0.00          1          0          0
  crossover        :       0.00       0.00          0          0          0
  dins             :       0.00       0.00          0          0          0
  distributiondivin:       0.00       0.00          0          0          0
  dualval          :       0.00       0.00          0          0          0
  farkasdiving     :       0.00       0.00          1          0          0
  feaspump         :       0.00       0.00          0          0          0
  fixandinfer      :       0.00       0.00          0          0          0
  fracdiving       :       0.00       0.00          0          0          0
  gins             :       0.00       0.00          0          0          0
  guideddiving     :       0.00       0.00          0          0          0
  indicator        :       0.00       0.00          0          0          0
  intdiving        :       0.00       0.00          0          0          0
  intshifting      :       0.00       0.00          0          0          0
  linesearchdiving :       0.00       0.00          0          0          0
  localbranching   :       0.00       0.00          0          0          0
  locks            :       0.00       0.00          1          0          0
  lpface           :       0.00       0.00          0          0          0
  mpec             :       0.00       0.00          0          0          0
  multistart       :       0.00       0.00          0          0          0
  mutation         :       0.00       0.00          0          0          0
  nlpdiving        :       0.00       0.00          0          0          0
  objpscostdiving  :       0.00       0.00          0          0          0
  octane           :       0.00       0.00          0          0          0
  ofins            :       0.00       0.00          0          0          0
  oneopt           :       0.00       0.00         13          0          0
  padm             :       0.00       0.00          0          0          0
  proximity        :       0.00       0.00          0          0          0
  pscostdiving     :       0.00       0.00          0          0          0
  randrounding     :       1.00       0.00         30          0          0
  rens             :       0.00       0.00          1          0          0
  reoptsols        :       0.00       0.00          0          0          0
  repair           :       0.00       0.00          0          0          0
  rins             :       0.00       0.00          0          0          0
  rootsoldiving    :       0.00       0.00          0          0          0
  rounding         :       0.00       0.00        319          1          1
  shiftandpropagate:       0.00       0.00          0          0          0
  shifting         :       0.00       0.00        151         85          1
  simplerounding   :       0.00       0.00          0          0          0
  subnlp           :       0.00       0.00          0          0          0
  trivial          :       0.00       0.00          2          0          0
  trivialnegation  :       0.00       0.00          0          0          0
  trustregion      :       0.00       0.00          0          0          0
  trysol           :       0.00       0.00          0          0          0
  twoopt           :       0.00       0.00          0          0          0
  undercover       :       0.00       0.00          1          1          1
  vbounds          :       0.00       0.00          1          1          1
  veclendiving     :       0.00       0.00          0          0          0
  zeroobj          :       0.00       0.00          0          0          0
  zirounding       :       0.00       0.00        178          0          0
  other solutions  :          -          -          -          0          -
Diving (single)    :      Calls      Nodes   LP Iters Backtracks  Conflicts   MinDepth   MaxDepth   AvgDepth  RoundSols  NLeafSols  MinSolDpt  MaxSolDpt  AvgSolDpt
  actconsdiving    :          0          -          -          -          -          -          -          -          -          -          -          -          -
  coefdiving       :          0          -          -          -          -          -          -          -          -          -          -          -          -
  conflictdiving   :          1         12         74          1          0         12         12       12.0          0          -          -          -          -
  distributiondivin:          0          -          -          -          -          -          -          -          -          -          -          -          -
  farkasdiving     :          1         25        957          1          0         25         25       25.0          0          -          -          -          -
  fracdiving       :          0          -          -          -          -          -          -          -          -          -          -          -          -
  guideddiving     :          0          -          -          -          -          -          -          -          -          -          -          -          -
  linesearchdiving :          0          -          -          -          -          -          -          -          -          -          -          -          -
  pscostdiving     :          0          -          -          -          -          -          -          -          -          -          -          -          -
  veclendiving     :          0          -          -          -          -          -          -          -          -          -          -          -          -
Diving (adaptive)  :      Calls      Nodes   LP Iters Backtracks  Conflicts   MinDepth   MaxDepth   AvgDepth  RoundSols  NLeafSols  MinSolDpt  MaxSolDpt  AvgSolDpt
  actconsdiving    :          0          -          -          -          -          -          -          -          -          -          -          -          -
  coefdiving       :          0          -          -          -          -          -          -          -          -          -          -          -          -
  conflictdiving   :          0          -          -          -          -          -          -          -          -          -          -          -          -
  distributiondivin:          0          -          -          -          -          -          -          -          -          -          -          -          -
  farkasdiving     :          0          -          -          -          -          -          -          -          -          -          -          -          -
  fracdiving       :          0          -          -          -          -          -          -          -          -          -          -          -          -
  guideddiving     :          0          -          -          -          -          -          -          -          -          -          -          -          -
  linesearchdiving :          0          -          -          -          -          -          -          -          -          -          -          -          -
  pscostdiving     :          0          -          -          -          -          -          -          -          -          -          -          -          -
  veclendiving     :          0          -          -          -          -          -          -          -          -          -          -          -          -
Neighborhoods      :      Calls  SetupTime  SolveTime SolveNodes       Sols       Best       Exp3  EpsGreedy        UCB TgtFixRate  Opt  Inf Node Stal  Sol  Usr Othr Actv
  rens             :          0       0.00       0.00          0          0          0    0.00000   -1.00000    1.00000      0.900    0    0    0    0    0    0    0    1
  rins             :          0       0.00       0.00          0          0          0    0.00000   -1.00000    1.00000      0.900    0    0    0    0    0    0    0    1
  mutation         :          1       0.00       0.00          1          0          0    0.00000   -1.00000    1.00000      0.700    0    1    0    0    0    0    0    1
  localbranching   :          0       0.00       0.00          0          0          0    0.00000   -1.00000    1.00000      0.900    0    0    0    0    0    0    0    1
  crossover        :          0       0.00       0.00          0          0          0    0.00000   -1.00000    1.00000      0.900    0    0    0    0    0    0    0    1
  proximity        :          0       0.00       0.00          0          0          0    0.00000   -1.00000    1.00000      0.900    0    0    0    0    0    0    0    1
  zeroobjective    :          0       0.00       0.00          0          0          0    0.00000   -1.00000    1.00000      0.900    0    0    0    0    0    0    0    1
  dins             :          0       0.00       0.00          0          0          0    0.00000   -1.00000    1.00000      0.900    0    0    0    0    0    0    0    1
  trustregion      :          0       0.00       0.00          0          0          0    0.00000   -1.00000    1.00000      0.900    0    0    0    0    0    0    0    0
LP                 :       Time      Calls Iterations  Iter/call   Iter/sec  Time-0-It Calls-0-It    ItLimit
  primal LP        :       0.00         40          0       0.00          -       0.00         40
  dual LP          :       1.00        918      27611      43.01   27611.00       0.00        276
  lex dual LP      :       0.00          0          0       0.00          -
  barrier LP       :       0.00          0          0       0.00          -       0.00          0
  resolve instable :       0.00          0          0       0.00          -
  diving/probing LP:       0.00         26       1031      39.65          -
  strong branching :      10.00        933     120499     129.15   12049.90          -          -         37
    (at root node) :          -         19       7114     374.42          -
  conflict analysis:       0.00        270       2546       9.43          -
B&B Tree           :
  number of runs   :          1
  nodes            :        337 (178 internal, 159 leaves)
  feasible leaves  :          7
  infeas. leaves   :          5
  objective leaves :        147
  nodes (total)    :        337 (178 internal, 159 leaves)
  nodes left       :          0
  max depth        :         21
  max depth (total):         21
  backtracks       :         81 (24.0%)
  early backtracks :          0 (0.0%)
  nodes exc. ref.  :          0 (0.0%)
  delayed cutoffs  :          0
  repropagations   :          0 (0 domain reductions, 0 cutoffs)
  avg switch length:       4.04
  switching time   :       0.00
Estim. Tree Size   :        357
Estimation Tree    : 357 nodes (357 visited, 178 internal, 179 leaves, 0 open), weight: 1.0000 completed 1.0000
Estimations        :      estim      value      trend resolution     smooth
  wbe              :        357          -          -          -          -
  tree-profile     :         -1          -          -          -          -
  gap              :        357    1.00000    0.01030          1        360
  tree-weight      :        357    1.00000    0.01437          1        359
  leaf-frequency   :        357    0.50000    0.00042          1        359
  ssg              :        357   -0.00000   -0.00308          1        357
  open-nodes       :        357    0.00000   -0.58840          1        357
Root Node          :
  First LP value   : -3.31505158133805e+00
  First LP Iters   :        249
  First LP Time    :       0.00
  Final Dual Bound : +1.89967692769480e+00
  Final Root Iters :       1745
  Root LP Estimate : +1.43365245137827e+01
Solution           :
  Solutions found  :        101 (17 improvements)
  First Solution   : +1.69210483072562e+01   (in run 1, after 1 nodes, 0.00 seconds, depth 22, found by <clique>)
  Gap First Sol.   :   infinite
  Gap Last Sol.    :      77.28 %
  Primal Bound     : +5.76202621362656e+00   (in run 1, after 240 nodes, 17.00 seconds, depth 6, found by <rounding>)
  Dual Bound       : +5.76202621362656e+00
  Gap              :       0.00 %
Integrals          :      Total       Avg%
  primal-dual      :    1175.40      61.86
  primal-ref       :          -          - (not evaluated)
  dual-ref         :          -          - (not evaluated)
