SCIP version 7.0.2 [precision: 8 byte] [memory: block] [mode: optimized] [LP solver: SoPlex 5.0.2] [GitHash: e9d280a398]
Copyright (C) 2002-2020 Konrad-Zuse-Zentrum fuer Informationstechnik Berlin (ZIB)

External codes: 
  SoPlex 5.0.2         Linear Programming Solver developed at Zuse Institute Berlin (soplex.zib.de) [GitHash: e24c304e]
  CppAD 20180000.0     Algorithmic Differentiation of C++ algorithms developed by B. Bell (www.coin-or.org/CppAD)
  MPIR 3.0.0           Multiple Precision Integers and Rationals Library developed by W. Hart (mpir.org)
  ZIMPL 3.4.0          Zuse Institute Mathematical Programming Language developed by T. Koch (zimpl.zib.de)
  PaPILO 1.0.2         parallel presolve for integer and linear optimization (https://github.com/lgottwald/PaPILO) [GitHash: 62d2842]
  bliss 0.73p          Computing Graph Automorphism Groups by T. Junttila and P. Kaski (http://www.tcs.hut.fi/Software/bliss/)
  Ipopt 3.12.9         Interior Point Optimizer developed by A. Waechter et.al. (www.coin-or.org/Ipopt)

user parameter file <scip.set> not found - using default parameters

read problem <C:\Users\Claubit\Documents\GitHub\embedding\src\lp\scenarioA2_N32_B0.4_classical\IPL_linearized_N32q30.00B12.lp>
============

original problem has 1056 variables (0 bin, 1056 int, 0 impl, 0 cont) and 3073 constraints

solve problem
=============

presolving:
(round 1, fast)       32 del vars, 32 del conss, 0 add conss, 0 chg bounds, 32 chg sides, 32 chg coeffs, 0 upgd conss, 0 impls, 1984 clqs
(round 2, fast)       32 del vars, 96 del conss, 0 add conss, 0 chg bounds, 32 chg sides, 32 chg coeffs, 0 upgd conss, 0 impls, 1984 clqs
   (0.0s) running MILP presolver
   (0.0s) MILP presolver found nothing
(round 3, exhaustive) 32 del vars, 96 del conss, 0 add conss, 0 chg bounds, 32 chg sides, 32 chg coeffs, 2976 upgd conss, 0 impls, 1984 clqs
(round 4, exhaustive) 32 del vars, 3072 del conss, 992 add conss, 0 chg bounds, 32 chg sides, 32 chg coeffs, 2976 upgd conss, 0 impls, 1984 clqs
(round 5, exhaustive) 528 del vars, 3568 del conss, 992 add conss, 0 chg bounds, 32 chg sides, 32 chg coeffs, 2976 upgd conss, 0 impls, 992 clqs
   (0.0s) probing: 51/528 (9.7%) - 0 fixings, 0 aggregations, 0 implications, 0 bound changes
   (0.0s) probing aborted: 50/50 successive totally useless probings
   (0.0s) symmetry computation started: requiring (bin +, int -, cont +), (fixed: bin -, int +, cont -)
   (0.0s) no symmetry present
presolving (6 rounds: 6 fast, 4 medium, 4 exhaustive):
 528 deleted vars, 3568 deleted constraints, 992 added constraints, 0 tightened bounds, 0 added holes, 32 changed sides, 32 changed coefficients
 0 implications, 992 cliques
presolved problem has 528 variables (528 bin, 0 int, 0 impl, 0 cont) and 497 constraints
    496 constraints of type <and>
      1 constraints of type <linear>
Presolving Time: 0.00

 time | node  | left  |LP iter|LP it/n|mem/heur|mdpt |vars |cons |rows |cuts |sepa|confs|strbr|  dualbound   | primalbound  |  gap   | compl. 
p 0.0s|     1 |     0 |     0 |     - |  clique|   0 | 528 | 497 | 993 |   0 |  0 |   0 |   0 |-4.895317e-01 | 4.889882e-01 |    Inf | unknown
p 0.0s|     1 |     0 |     0 |     - | vbounds|   0 | 528 | 497 | 993 |   0 |  0 |   0 |   0 |-4.895317e-01 | 2.637761e-01 |    Inf | unknown
  0.0s|     1 |     0 |   232 |     - |    13M |   0 | 528 | 497 | 993 |   0 |  0 |   0 |   0 |-1.290479e-01 | 2.637761e-01 |    Inf | unknown
L 1.0s|     1 |     0 |   232 |     - |undercov|   0 | 528 | 501 | 993 |   0 |  0 |   4 |   0 |-1.290479e-01 | 1.816339e-01 |    Inf | unknown
  1.0s|     1 |     0 |   303 |     - |    14M |   0 | 528 | 501 |1031 |  38 |  1 |   4 |   0 |-9.192957e-02 | 1.816339e-01 |    Inf | unknown
  1.0s|     1 |     0 |   341 |     - |    14M |   0 | 528 | 503 |1043 |  50 |  2 |   6 |   0 |-7.737572e-02 | 1.816339e-01 |    Inf | unknown
  1.0s|     1 |     0 |   374 |     - |    14M |   0 | 528 | 503 |1050 |  57 |  3 |   6 |   0 |-7.106876e-02 | 1.816339e-01 |    Inf | unknown
  1.0s|     1 |     0 |   399 |     - |    15M |   0 | 528 | 507 |1059 |  66 |  4 |  10 |   0 |-6.445602e-02 | 1.816339e-01 |    Inf | unknown
  1.0s|     1 |     0 |   438 |     - |    15M |   0 | 528 | 507 |1073 |  80 |  5 |  10 |   0 |-5.816094e-02 | 1.816339e-01 |    Inf | unknown
  1.0s|     1 |     0 |   457 |     - |    15M |   0 | 528 | 507 |1078 |  85 |  6 |  10 |   0 |-5.469400e-02 | 1.816339e-01 |    Inf | unknown
  1.0s|     1 |     0 |   501 |     - |    16M |   0 | 528 | 507 |1087 |  94 |  7 |  10 |   0 |-4.166211e-02 | 1.816339e-01 |    Inf | unknown
  1.0s|     1 |     0 |   533 |     - |    16M |   0 | 528 | 507 |1096 | 103 |  8 |  10 |   0 |-3.776256e-02 | 1.816339e-01 |    Inf | unknown
  1.0s|     1 |     0 |   591 |     - |    17M |   0 | 528 | 507 |1106 | 113 |  9 |  10 |   0 |-2.986245e-02 | 1.816339e-01 |    Inf | unknown
  1.0s|     1 |     0 |   655 |     - |    17M |   0 | 528 | 507 |1138 | 145 | 10 |  10 |   0 |-2.439327e-02 | 1.816339e-01 |    Inf | unknown
  1.0s|     1 |     0 |   719 |     - |    18M |   0 | 528 | 507 |1146 | 157 | 11 |  10 |   0 |-2.078096e-02 | 1.816339e-01 |    Inf | unknown
 time | node  | left  |LP iter|LP it/n|mem/heur|mdpt |vars |cons |rows |cuts |sepa|confs|strbr|  dualbound   | primalbound  |  gap   | compl. 
  1.0s|     1 |     0 |   809 |     - |    18M |   0 | 528 | 507 |1159 | 170 | 12 |  10 |   0 |-1.141392e-02 | 1.816339e-01 |    Inf | unknown
  1.0s|     1 |     0 |   878 |     - |    18M |   0 | 528 | 510 |1170 | 181 | 13 |  13 |   0 |-4.118782e-03 | 1.816339e-01 |    Inf | unknown
  1.0s|     1 |     0 |   979 |     - |    18M |   0 | 528 | 515 |1180 | 191 | 14 |  18 |   0 | 1.603008e-03 | 1.816339e-01 |  Large | unknown
  1.0s|     1 |     0 |  1063 |     - |    18M |   0 | 528 | 515 |1187 | 198 | 15 |  18 |   0 | 3.829479e-03 | 1.816339e-01 |4643.04%| unknown
  1.0s|     1 |     0 |  1215 |     - |    19M |   0 | 528 | 515 |1197 | 208 | 16 |  18 |   0 | 1.270292e-02 | 1.816339e-01 |1329.86%| unknown
  1.0s|     1 |     0 |  1343 |     - |    20M |   0 | 528 | 515 |1209 | 225 | 17 |  18 |   0 | 1.698246e-02 | 1.816339e-01 | 969.54%| unknown
  2.0s|     1 |     0 |  1442 |     - |    21M |   0 | 528 | 515 |1219 | 235 | 18 |  18 |   0 | 1.859752e-02 | 1.816339e-01 | 876.66%| unknown
  2.0s|     1 |     0 |  1533 |     - |    22M |   0 | 528 | 515 |1229 | 245 | 19 |  18 |   0 | 1.998084e-02 | 1.816339e-01 | 809.04%| unknown
  2.0s|     1 |     0 |  1648 |     - |    22M |   0 | 528 | 515 |1237 | 253 | 20 |  18 |   0 | 2.251817e-02 | 1.816339e-01 | 706.61%| unknown
  2.0s|     1 |     0 |  1698 |     - |    22M |   0 | 528 | 516 |1243 | 259 | 21 |  19 |   0 | 2.294883e-02 | 1.816339e-01 | 691.47%| unknown
  2.0s|     1 |     0 |  1730 |     - |    22M |   0 | 528 | 516 |1246 | 262 | 22 |  19 |   0 | 2.334702e-02 | 1.816339e-01 | 677.97%| unknown
  2.0s|     1 |     0 |  1778 |     - |    22M |   0 | 528 | 516 |1238 | 265 | 23 |  19 |   0 | 2.365778e-02 | 1.816339e-01 | 667.76%| unknown
  2.0s|     1 |     0 |  1800 |     - |    22M |   0 | 528 | 517 |1240 | 267 | 24 |  20 |   0 | 2.375051e-02 | 1.816339e-01 | 664.76%| unknown
  2.0s|     1 |     0 |  1823 |     - |    22M |   0 | 528 | 517 |1243 | 270 | 25 |  20 |   0 | 2.383938e-02 | 1.816339e-01 | 661.91%| unknown
  2.0s|     1 |     0 |  1842 |     - |    22M |   0 | 528 | 517 |1246 | 273 | 26 |  20 |   0 | 2.393291e-02 | 1.816339e-01 | 658.93%| unknown
 time | node  | left  |LP iter|LP it/n|mem/heur|mdpt |vars |cons |rows |cuts |sepa|confs|strbr|  dualbound   | primalbound  |  gap   | compl. 
  2.0s|     1 |     0 |  1858 |     - |    22M |   0 | 528 | 518 |1248 | 275 | 27 |  21 |   0 | 2.400964e-02 | 1.816339e-01 | 656.50%| unknown
  2.0s|     1 |     0 |  1870 |     - |    22M |   0 | 528 | 518 |1250 | 277 | 28 |  21 |   0 | 2.402198e-02 | 1.816339e-01 | 656.12%| unknown
  3.0s|     1 |     2 |  2598 |     - |    22M |   0 | 528 | 518 |1250 | 277 | 30 |  21 |  20 | 3.370579e-02 | 1.816339e-01 | 438.88%| unknown
* 9.0s|    42 |    15 |  6524 | 113.5 |strongbr|  14 | 528 | 569 |1269 | 370 |  1 |  72 | 745 | 4.511721e-02 | 1.759313e-01 | 289.94%|   5.82%
* 9.0s|    42 |    15 |  6524 | 113.5 |strongbr|  14 | 528 | 569 |1269 | 370 |  1 |  72 | 748 | 4.511721e-02 | 1.745187e-01 | 286.81%|   5.82%
*11.0s|    53 |    18 |  7915 | 116.3 |strongbr|  14 | 528 | 542 |1279 | 443 |  2 |  87 | 829 | 4.511721e-02 | 1.686395e-01 | 273.78%|  13.27%
*13.0s|    85 |    34 | 10756 | 105.8 |    LP  |  14 | 528 | 565 |1262 | 544 |  1 | 110 | 973 | 5.115525e-02 | 1.679814e-01 | 228.38%|  15.77%
*13.0s|    95 |    38 | 11111 |  98.3 |    LP  |  15 | 528 | 541 |1262 | 545 |  1 | 110 | 973 | 5.115525e-02 | 1.594291e-01 | 211.66%|  16.81%
 13.0s|   100 |    37 | 11249 |  94.7 |    28M |  15 | 528 | 541 |1245 | 545 |  1 | 110 | 973 | 5.115525e-02 | 1.594291e-01 | 211.66%|  17.48%
*13.0s|   109 |    38 | 11350 |  87.8 |    LP  |  17 | 528 | 541 |1279 | 545 |  1 | 110 | 973 | 5.115525e-02 | 1.585528e-01 | 209.94%|  17.57%
*14.0s|   152 |    56 | 14369 |  82.8 |    LP  |  17 | 528 | 541 |1280 | 604 |  2 | 111 | 988 | 6.623694e-02 | 1.549926e-01 | 134.00%|  24.09%
*14.0s|   155 |    50 | 14388 |  81.3 |    LP  |  17 | 528 | 541 |1280 | 604 |  1 | 111 | 988 | 6.623694e-02 | 1.473129e-01 | 122.40%|  24.43%
*14.0s|   156 |    47 | 14398 |  80.8 |    LP  |  17 | 528 | 541 |1280 | 604 |  2 | 111 | 988 | 6.623694e-02 | 1.456054e-01 | 119.83%|  24.52%
*14.0s|   168 |    44 | 15253 |  80.1 |    LP  |  17 | 528 | 541 |1286 | 624 |  2 | 111 | 988 | 6.623694e-02 | 1.423819e-01 | 114.96%|  28.59%
 15.0s|   200 |    48 | 17918 |  80.6 |    29M |  17 | 528 | 556 |1284 | 665 |  2 | 126 |1002 | 7.302695e-02 | 1.423819e-01 |  94.97%|  37.51%
 time | node  | left  |LP iter|LP it/n|mem/heur|mdpt |vars |cons |rows |cuts |sepa|confs|strbr|  dualbound   | primalbound  |  gap   | compl. 
*16.0s|   249 |    30 | 21267 |  78.2 |    LP  |  17 | 528 | 565 |1287 | 709 |  1 | 135 |1048 | 7.972722e-02 | 1.369467e-01 |  71.77%|  58.89%
 16.0s|   300 |     1 | 24553 |  75.9 |    30M |  17 | 528 | 591 |1331 | 727 |  0 | 161 |1076 | 1.151076e-01 | 1.369467e-01 |  18.97%|  95.46%

SCIP Status        : problem is solved [optimal solution found]
Solving Time (sec) : 16.00
Solving Nodes      : 301
Primal Bound       : +1.36946708973608e-01 (53 solutions)
Dual Bound         : +1.36946708973608e-01
Gap                : 0.00 %

primal solution (original space):
=================================

objective value:                    0.136946708973608
y(1,1)                                              1 	(obj:0.00941332021616712)
y(1,3)                                              1 	(obj:-0.000668640113329844)
y(1,12)                                             1 	(obj:0.00463092014463339)
y(1,16)                                             1 	(obj:-0.00459439107781726)
y(1,17)                                             1 	(obj:-0.00415453277386978)
y(1,19)                                             1 	(obj:0.00269237283295376)
y(1,21)                                             1 	(obj:0.000427269985659613)
y(1,23)                                             1 	(obj:0.00364475723601487)
y(1,28)                                             1 	(obj:-0.00409954834983852)
y(1,29)                                             1 	(obj:0.00224074375088766)
y(1,30)                                             1 	(obj:0.00371520573430754)
y(1,32)                                             1 	(obj:0.00279050216981583)
y(3,1)                                              1 	(obj:-0.000668640113329844)
y(3,3)                                              1 	(obj:0.00627305320789096)
y(3,12)                                             1 	(obj:-0.000603582096357621)
y(3,16)                                             1 	(obj:0.00541272818250798)
y(3,17)                                             1 	(obj:0.0036718995132896)
y(3,19)                                             1 	(obj:0.00389003661491224)
y(3,21)                                             1 	(obj:0.00085315207376158)
y(3,23)                                             1 	(obj:-0.00111698285318884)
y(3,28)                                             1 	(obj:0.00322649233740347)
y(3,29)                                             1 	(obj:-0.000344046797600307)
y(3,30)                                             1 	(obj:-0.000195965436046348)
y(3,32)                                             1 	(obj:-0.00140058370465009)
y(12,1)                                             1 	(obj:0.00463092014463339)
y(12,3)                                             1 	(obj:-0.000603582096357621)
y(12,12)                                            1 	(obj:0.00528887287129682)
y(12,16)                                            1 	(obj:-0.00119667472352651)
y(12,17)                                            1 	(obj:-0.00324023605243398)
y(12,19)                                            1 	(obj:0.00124207207549963)
y(12,21)                                            1 	(obj:0.000929943715229862)
y(12,23)                                            1 	(obj:0.00488641184808277)
y(12,28)                                            1 	(obj:-0.00248242413991724)
y(12,29)                                            1 	(obj:0.00222133308528813)
y(12,30)                                            1 	(obj:0.00351168239916924)
y(12,32)                                            1 	(obj:0.00225608823848424)
y(16,1)                                             1 	(obj:-0.00459439107781726)
y(16,3)                                             1 	(obj:0.00541272818250798)
y(16,12)                                            1 	(obj:-0.00119667472352651)
y(16,16)                                            1 	(obj:0.0118698178942308)
y(16,17)                                            1 	(obj:0.00599484604421229)
y(16,19)                                            1 	(obj:0.00216113634774003)
y(16,21)                                            1 	(obj:0.00110516976518474)
y(16,23)                                            1 	(obj:-8.68154910054453e-05)
y(16,28)                                            1 	(obj:0.00460604558972496)
y(16,29)                                            1 	(obj:-0.000225202534777366)
y(16,30)                                            1 	(obj:-0.00118701463758003)
y(16,32)                                            1 	(obj:-0.00228326599779291)
y(17,1)                                             1 	(obj:-0.00415453277386978)
y(17,3)                                             1 	(obj:0.0036718995132896)
y(17,12)                                            1 	(obj:-0.00324023605243398)
y(17,16)                                            1 	(obj:0.00599484604421229)
y(17,17)                                            1 	(obj:0.0088310853230142)
y(17,19)                                            1 	(obj:0.00136312147359708)
y(17,21)                                            1 	(obj:4.6311775679428e-05)
y(17,23)                                            1 	(obj:-0.00313385686493472)
y(17,28)                                            1 	(obj:0.00661090226397218)
y(17,29)                                            1 	(obj:-0.00086254548030875)
y(17,30)                                            1 	(obj:-0.00283599108377878)
y(17,32)                                            1 	(obj:-0.00188014462890925)
y(19,1)                                             1 	(obj:0.00269237283295376)
y(19,3)                                             1 	(obj:0.00389003661491224)
y(19,12)                                            1 	(obj:0.00124207207549963)
y(19,16)                                            1 	(obj:0.00216113634774003)
y(19,17)                                            1 	(obj:0.00136312147359708)
y(19,19)                                            1 	(obj:0.00714254349540709)
y(19,21)                                            1 	(obj:0.000419948793261777)
y(19,23)                                            1 	(obj:0.000807562754730426)
y(19,28)                                            1 	(obj:0.00109974468797794)
y(19,29)                                            1 	(obj:0.000459700974784514)
y(19,30)                                            1 	(obj:0.000832359024106041)
y(19,32)                                            1 	(obj:0.000593298184114497)
y(21,1)                                             1 	(obj:0.000427269985659613)
y(21,3)                                             1 	(obj:0.00085315207376158)
y(21,12)                                            1 	(obj:0.000929943715229862)
y(21,16)                                            1 	(obj:0.00110516976518474)
y(21,17)                                            1 	(obj:4.6311775679428e-05)
y(21,19)                                            1 	(obj:0.000419948793261777)
y(21,21)                                            1 	(obj:0.00319893677293117)
y(21,23)                                            1 	(obj:0.00200651583217273)
y(21,28)                                            1 	(obj:-7.75033977116855e-05)
y(21,29)                                            1 	(obj:0.00105311816508913)
y(21,30)                                            1 	(obj:0.000473332857248151)
y(21,32)                                            1 	(obj:-0.00017148229479867)
y(23,1)                                             1 	(obj:0.00364475723601487)
y(23,3)                                             1 	(obj:-0.00111698285318884)
y(23,12)                                            1 	(obj:0.00488641184808277)
y(23,16)                                            1 	(obj:-8.68154910054453e-05)
y(23,17)                                            1 	(obj:-0.00313385686493472)
y(23,19)                                            1 	(obj:0.000807562754730426)
y(23,21)                                            1 	(obj:0.00200651583217273)
y(23,23)                                            1 	(obj:0.00772008727032848)
y(23,28)                                            1 	(obj:-0.00462268745268667)
y(23,29)                                            1 	(obj:0.00207716382203976)
y(23,30)                                            1 	(obj:0.00331894629280571)
y(23,32)                                            1 	(obj:0.00204434777118977)
y(28,1)                                             1 	(obj:-0.00409954834983852)
y(28,3)                                             1 	(obj:0.00322649233740347)
y(28,12)                                            1 	(obj:-0.00248242413991724)
y(28,16)                                            1 	(obj:0.00460604558972496)
y(28,17)                                            1 	(obj:0.00661090226397218)
y(28,19)                                            1 	(obj:0.00109974468797794)
y(28,21)                                            1 	(obj:-7.75033977116855e-05)
y(28,23)                                            1 	(obj:-0.00462268745268667)
y(28,28)                                            1 	(obj:0.0103491930473791)
y(28,29)                                            1 	(obj:-0.00105154025121163)
y(28,30)                                            1 	(obj:-0.00197557426495741)
y(28,32)                                            1 	(obj:-0.00137953363183122)
y(29,1)                                             1 	(obj:0.00224074375088766)
y(29,3)                                             1 	(obj:-0.000344046797600307)
y(29,12)                                            1 	(obj:0.00222133308528813)
y(29,16)                                            1 	(obj:-0.000225202534777366)
y(29,17)                                            1 	(obj:-0.00086254548030875)
y(29,19)                                            1 	(obj:0.000459700974784514)
y(29,21)                                            1 	(obj:0.00105311816508913)
y(29,23)                                            1 	(obj:0.00207716382203976)
y(29,28)                                            1 	(obj:-0.00105154025121163)
y(29,29)                                            1 	(obj:0.00550020286813682)
y(29,30)                                            1 	(obj:0.00146958080931104)
y(29,32)                                            1 	(obj:0.00127266858355902)
y(30,1)                                             1 	(obj:0.00371520573430754)
y(30,3)                                             1 	(obj:-0.000195965436046348)
y(30,12)                                            1 	(obj:0.00351168239916924)
y(30,16)                                            1 	(obj:-0.00118701463758003)
y(30,17)                                            1 	(obj:-0.00283599108377878)
y(30,19)                                            1 	(obj:0.000832359024106041)
y(30,21)                                            1 	(obj:0.000473332857248151)
y(30,23)                                            1 	(obj:0.00331894629280571)
y(30,28)                                            1 	(obj:-0.00197557426495741)
y(30,29)                                            1 	(obj:0.00146958080931104)
y(30,30)                                            1 	(obj:0.0036534718411328)
y(30,32)                                            1 	(obj:0.0015805294598579)
y(32,1)                                             1 	(obj:0.00279050216981583)
y(32,3)                                             1 	(obj:-0.00140058370465009)
y(32,12)                                            1 	(obj:0.00225608823848424)
y(32,16)                                            1 	(obj:-0.00228326599779291)
y(32,17)                                            1 	(obj:-0.00188014462890925)
y(32,19)                                            1 	(obj:0.000593298184114497)
y(32,21)                                            1 	(obj:-0.00017148229479867)
y(32,23)                                            1 	(obj:0.00204434777118977)
y(32,28)                                            1 	(obj:-0.00137953363183122)
y(32,29)                                            1 	(obj:0.00127266858355902)
y(32,30)                                            1 	(obj:0.0015805294598579)
y(32,32)                                            1 	(obj:0.00263084937727519)
x(1)                                                1 	(obj:-0.00667286319447288)
x(3)                                                1 	(obj:-9.56132732858106e-05)
x(12)                                               1 	(obj:-0.00348984795828146)
x(16)                                               1 	(obj:-0.0059640060439669)
x(17)                                               1 	(obj:0.00117967554409262)
x(19)                                               1 	(obj:-0.0045666940884271)
x(21)                                               1 	(obj:-0.00233757086924918)
x(23)                                               1 	(obj:-0.00274468105522858)
x(28)                                               1 	(obj:0.000863377525571901)
x(29)                                               1 	(obj:-0.00746616271732443)
x(30)                                               1 	(obj:-0.00517621098612854)
x(32)                                               1 	(obj:-0.0039925222536812)

Statistics
==========

SCIP Status        : problem is solved [optimal solution found]
Total Time         :      16.00
  solving          :      16.00
  presolving       :       0.00 (included in solving)
  reading          :       0.00
  copying          :       0.00 (3 #copies) (minimal 0.00, maximal 0.00, average 0.00)
Original Problem   :
  Problem name     : C:\Users\Claubit\Documents\GitHub\embedding\src\lp\scenarioA2_N32_B0.4_classical\IPL_linearized_N32q30.00B12.lp
  Variables        : 1056 (0 binary, 1056 integer, 0 implicit integer, 0 continuous)
  Constraints      : 3073 initial, 3073 maximal
  Objective        : minimize, 1056 non-zeros (abs.min = 2.59839e-06, abs.max = 0.0541873)
Presolved Problem  :
  Problem name     : t_C:\Users\Claubit\Documents\GitHub\embedding\src\lp\scenarioA2_N32_B0.4_classical\IPL_linearized_N32q30.00B12.lp
  Variables        : 528 (528 binary, 0 integer, 0 implicit integer, 0 continuous)
  Constraints      : 497 initial, 591 maximal
  Objective        : minimize, 528 non-zeros (abs.min = 5.19677e-06, abs.max = 0.0575469)
  Nonzeros         : 1520 constraint, 1984 clique table
Presolvers         :   ExecTime  SetupTime  Calls  FixedVars   AggrVars   ChgTypes  ChgBounds   AddHoles    DelCons    AddCons   ChgSides   ChgCoefs
  boundshift       :       0.00       0.00      0          0          0          0          0          0          0          0          0          0
  convertinttobin  :       0.00       0.00      0          0          0          0          0          0          0          0          0          0
  domcol           :       0.00       0.00      1          0          0          0          0          0          0          0          0          0
  dualagg          :       0.00       0.00      0          0          0          0          0          0          0          0          0          0
  dualcomp         :       0.00       0.00      0          0          0          0          0          0          0          0          0          0
  dualinfer        :       0.00       0.00      0          0          0          0          0          0          0          0          0          0
  dualsparsify     :       0.00       0.00      1          0          0          0          0          0          0          0          0          0
  gateextraction   :       0.00       0.00      1          0          0          0          0          0       2976        992          0          0
  implics          :       0.00       0.00      4          0          0          0          0          0          0          0          0          0
  inttobinary      :       0.00       0.00      0          0          0          0          0          0          0          0          0          0
  milp             :       0.00       0.00      1          0          0          0          0          0          0          0          0          0
  qpkktref         :       0.00       0.00      0          0          0          0          0          0          0          0          0          0
  redvub           :       0.00       0.00      0          0          0          0          0          0          0          0          0          0
  sparsify         :       0.00       0.00      1          0          0          0          0          0          0          0          0          0
  stuffing         :       0.00       0.00      0          0          0          0          0          0          0          0          0          0
  trivial          :       0.00       0.00      6          0          0          0          0          0          0          0          0          0
  tworowbnd        :       0.00       0.00      0          0          0          0          0          0          0          0          0          0
  dualfix          :       0.00       0.00      6          0          0          0          0          0          0          0          0          0
  genvbounds       :       0.00       0.00      0          0          0          0          0          0          0          0          0          0
  probing          :       0.00       0.00      1          0          0          0          0          0          0          0          0          0
  pseudoobj        :       0.00       0.00      0          0          0          0          0          0          0          0          0          0
  symmetry         :       0.00       0.00      1          0          0          0          0          0          0          0          0          0
  vbounds          :       0.00       0.00      1          0          0          0          0          0          0          0          0          0
  and              :       0.00       0.00      4          0        496          0          0          0        496          0          0          0
  linear           :       0.00       0.00      8          0         32          0          0          0         96          0         32         32
  logicor          :       0.00       0.00      2          0          0          0          0          0          0          0          0          0
  benders          :       0.00       0.00      0          0          0          0          0          0          0          0          0          0
  components       :       0.00       0.00      1          0          0          0          0          0          0          0          0          0
  root node        :          -          -      -         32          -          -         32          -          -          -          -          -
Constraints        :     Number  MaxNumber  #Separate #Propagate    #EnfoLP    #EnfoRelax  #EnfoPS    #Check   #ResProp    Cutoffs    DomReds       Cuts    Applied      Conss   Children
  benderslp        :          0          0          0          0        262          0          0         73          0          0          0          0          0          0          0
  integral         :          0          0          0          0        262          0          0         73          0          0        543          0          0        121        312
  and              :        496        496        460       6545          6          0          0         68       3617         19      10138        403        263          0          0
  linear           :          1          1         29       6503          6          0          0         47         38         29         45          0          0          0          0
  logicor          :          0+        94         29       1067          0          0          0          0          9          2          4          0          0          0          0
  benders          :          0          0          0          0          8          0          0         46          0          0          0          0          0          0          0
  countsols        :          0          0          0          0          8          0          0         46          0          0          0          0          0          0          0
  components       :          0          0          0          0          0          0          0          0          0          0          0          0          0          0          0
Constraint Timings :  TotalTime  SetupTime   Separate  Propagate     EnfoLP     EnfoPS     EnfoRelax   Check    ResProp    SB-Prop
  benderslp        :       0.00       0.00       0.00       0.00       0.00       0.00       0.00       0.00       0.00       0.00
  integral         :       9.00       0.00       0.00       0.00       9.00       0.00       0.00       0.00       0.00       0.00
  and              :       0.00       0.00       0.00       0.00       0.00       0.00       0.00       0.00       0.00       0.00
  linear           :       0.00       0.00       0.00       0.00       0.00       0.00       0.00       0.00       0.00       0.00
  logicor          :       0.00       0.00       0.00       0.00       0.00       0.00       0.00       0.00       0.00       0.00
  benders          :       0.00       0.00       0.00       0.00       0.00       0.00       0.00       0.00       0.00       0.00
  countsols        :       0.00       0.00       0.00       0.00       0.00       0.00       0.00       0.00       0.00       0.00
  components       :       0.00       0.00       0.00       0.00       0.00       0.00       0.00       0.00       0.00       0.00
Propagators        : #Propagate   #ResProp    Cutoffs    DomReds
  dualfix          :          2          0          0          0
  genvbounds       :          0          0          0          0
  nlobbt           :          0          0          0          0
  obbt             :          0          0          0          0
  probing          :          0          0          0          0
  pseudoobj        :       1410          0          0          0
  redcost          :        970          0          0       3636
  rootredcost      :         11          0          0          0
  symmetry         :          0          0          0          0
  vbounds          :       6713          0          0          0
Propagator Timings :  TotalTime  SetupTime   Presolve  Propagate    ResProp    SB-Prop
  dualfix          :       0.00       0.00       0.00       0.00       0.00       0.00
  genvbounds       :       0.00       0.00       0.00       0.00       0.00       0.00
  nlobbt           :       0.00       0.00       0.00       0.00       0.00       0.00
  obbt             :       0.00       0.00       0.00       0.00       0.00       0.00
  probing          :       0.00       0.00       0.00       0.00       0.00       0.00
  pseudoobj        :       0.00       0.00       0.00       0.00       0.00       0.00
  redcost          :       0.00       0.00       0.00       0.00       0.00       0.00
  rootredcost      :       0.00       0.00       0.00       0.00       0.00       0.00
  symmetry         :       0.00       0.00       0.00       0.00       0.00       0.00
  vbounds          :       0.00       0.00       0.00       0.00       0.00       0.00
Conflict Analysis  :       Time      Calls    Success    DomReds  Conflicts   Literals    Reconvs ReconvLits   Dualrays   Nonzeros   LP Iters   (pool size: [10000,10000])
  propagation      :       0.00         21         21          -         55       17.7          0        0.0          -          -          -
  infeasible LP    :       0.00          0          0          -          0        0.0          0        0.0          0        0.0          0
  bound exceed. LP :       1.00        325         41          -        348       55.3          0        0.0          0        0.0       2918
  strong branching :       0.00          0          0          -          0        0.0          0        0.0          -          -          0
  pseudo solution  :       0.00          2          1          -          1      151.0          0        0.0          -          -          -
  applied globally :       0.00          -          -          0        160       19.2          -          -          0          -          -
  applied locally  :          -          -          -          0          1      151.0          -          -          0          -          -
Separators         :   ExecTime  SetupTime      Calls    Cutoffs    DomReds       Cuts    Applied      Conss
  cut pool         :       0.00                   172          -          -       1655          -          -    (maximal pool size: 3022)
  aggregation      :       0.00       0.00         95          0          0          1          0          0
  cgmip            :       0.00       0.00          0          0          0          0          0          0
  clique           :       0.00       0.00         29          0          0          0          0          0
  closecuts        :       0.00       0.00          0          0          0          0          0          0
  cmir             :       0.00       0.00          0          0          0          0          0          0
  convexproj       :       0.00       0.00          0          0          0          0          0          0
  disjunctive      :       0.00       0.00          0          0          0          0          0          0
  eccuts           :       0.00       0.00          0          0          0          0          0          0
  flowcover        :       0.00       0.00          0          0          0          0          0          0
  gauge            :       0.00       0.00          0          0          0          0          0          0
  gomory           :       3.00       0.00         57          0          0       1294        113          0
  impliedbounds    :       0.00       0.00         95          0          0        156         64          0
  intobj           :       0.00       0.00          0          0          0          0          0          0
  mcf              :       0.00       0.00          1          0          0          0          0          0
  oddcycle         :       0.00       0.00          0          0          0          0          0          0
  rapidlearning    :       0.00       0.00          0          0          0          0          0          0
  strongcg         :       1.00       0.00         20          0          0       1490         30          0
  zerohalf         :       0.00       0.00         67          0          0        241        257          0
Pricers            :   ExecTime  SetupTime      Calls       Vars
  problem variables:       0.00          -          0          0
Branching Rules    :   ExecTime  SetupTime   BranchLP  BranchExt   BranchPS    Cutoffs    DomReds       Cuts      Conss   Children
  allfullstrong    :       0.00       0.00          0          0          0          0          0          0          0          0
  cloud            :       0.00       0.00          0          0          0          0          0          0          0          0
  distribution     :       0.00       0.00          0          0          0          0          0          0          0          0
  fullstrong       :       0.00       0.00          0          0          0          0          0          0          0          0
  inference        :       0.00       0.00          0          0          0          0          0          0          0          0
  leastinf         :       0.00       0.00          0          0          0          0          0          0          0          0
  lookahead        :       0.00       0.00          0          0          0          0          0          0          0          0
  mostinf          :       0.00       0.00          0          0          0          0          0          0          0          0
  multaggr         :       0.00       0.00          0          0          0          0          0          0          0          0
  nodereopt        :       0.00       0.00          0          0          0          0          0          0          0          0
  pscost           :       0.00       0.00          0          0          0          0          0          0          0          0
  random           :       0.00       0.00          0          0          0          0          0          0          0          0
  relpscost        :       9.00       0.00        254          0          0          0        543          0        127        312
  vanillafullstrong:       0.00       0.00          0          0          0          0          0          0          0          0
Primal Heuristics  :   ExecTime  SetupTime      Calls      Found       Best
  LP solutions     :       0.00          -          -          8          8
  relax solutions  :       0.00          -          -          0          0
  pseudo solutions :       0.00          -          -          0          0
  strong branching :       0.00          -          -          3          3
  actconsdiving    :       0.00       0.00          0          0          0
  adaptivediving   :       0.00       0.00          0          0          0
  alns             :       0.00       0.00          1          0          0
  bound            :       0.00       0.00          0          0          0
  clique           :       0.00       0.00          1          1          1
  coefdiving       :       0.00       0.00          0          0          0
  completesol      :       0.00       0.00          0          0          0
  conflictdiving   :       0.00       0.00          1          0          0
  crossover        :       0.00       0.00          0          0          0
  dins             :       0.00       0.00          0          0          0
  distributiondivin:       0.00       0.00          0          0          0
  dualval          :       0.00       0.00          0          0          0
  farkasdiving     :       0.00       0.00          1          0          0
  feaspump         :       0.00       0.00          0          0          0
  fixandinfer      :       0.00       0.00          0          0          0
  fracdiving       :       0.00       0.00          0          0          0
  gins             :       0.00       0.00          0          0          0
  guideddiving     :       0.00       0.00          0          0          0
  indicator        :       0.00       0.00          0          0          0
  intdiving        :       0.00       0.00          0          0          0
  intshifting      :       0.00       0.00          0          0          0
  linesearchdiving :       0.00       0.00          0          0          0
  localbranching   :       0.00       0.00          0          0          0
  locks            :       0.00       0.00          1          0          0
  lpface           :       0.00       0.00          0          0          0
  mpec             :       0.00       0.00          0          0          0
  multistart       :       0.00       0.00          0          0          0
  mutation         :       0.00       0.00          0          0          0
  nlpdiving        :       0.00       0.00          0          0          0
  objpscostdiving  :       0.00       0.00          0          0          0
  octane           :       0.00       0.00          0          0          0
  ofins            :       0.00       0.00          0          0          0
  oneopt           :       0.00       0.00         12          0          0
  padm             :       0.00       0.00          0          0          0
  proximity        :       0.00       0.00          0          0          0
  pscostdiving     :       0.00       0.00          0          0          0
  randrounding     :       0.00       0.00         29          0          0
  rens             :       0.00       0.00          1          0          0
  reoptsols        :       0.00       0.00          0          0          0
  repair           :       0.00       0.00          0          0          0
  rins             :       0.00       0.00          0          0          0
  rootsoldiving    :       0.00       0.00          0          0          0
  rounding         :       0.00       0.00        242          0          0
  shiftandpropagate:       0.00       0.00          0          0          0
  shifting         :       0.00       0.00         98         39          0
  simplerounding   :       0.00       0.00          0          0          0
  subnlp           :       0.00       0.00          0          0          0
  trivial          :       0.00       0.00          2          0          0
  trivialnegation  :       0.00       0.00          0          0          0
  trustregion      :       0.00       0.00          0          0          0
  trysol           :       0.00       0.00          0          0          0
  twoopt           :       0.00       0.00          0          0          0
  undercover       :       1.00       0.00          1          1          1
  vbounds          :       0.00       0.00          1          1          1
  veclendiving     :       0.00       0.00          0          0          0
  zeroobj          :       0.00       0.00          0          0          0
  zirounding       :       0.00       0.00        156          0          0
  other solutions  :          -          -          -          0          -
Diving (single)    :      Calls      Nodes   LP Iters Backtracks  Conflicts   MinDepth   MaxDepth   AvgDepth  RoundSols  NLeafSols  MinSolDpt  MaxSolDpt  AvgSolDpt
  actconsdiving    :          0          -          -          -          -          -          -          -          -          -          -          -          -
  coefdiving       :          0          -          -          -          -          -          -          -          -          -          -          -          -
  conflictdiving   :          1         13          0          1          0         13         13       13.0          0          -          -          -          -
  distributiondivin:          0          -          -          -          -          -          -          -          -          -          -          -          -
  farkasdiving     :          1          9        728          3          0          7          7        7.0          0          -          -          -          -
  fracdiving       :          0          -          -          -          -          -          -          -          -          -          -          -          -
  guideddiving     :          0          -          -          -          -          -          -          -          -          -          -          -          -
  linesearchdiving :          0          -          -          -          -          -          -          -          -          -          -          -          -
  pscostdiving     :          0          -          -          -          -          -          -          -          -          -          -          -          -
  veclendiving     :          0          -          -          -          -          -          -          -          -          -          -          -          -
Diving (adaptive)  :      Calls      Nodes   LP Iters Backtracks  Conflicts   MinDepth   MaxDepth   AvgDepth  RoundSols  NLeafSols  MinSolDpt  MaxSolDpt  AvgSolDpt
  actconsdiving    :          0          -          -          -          -          -          -          -          -          -          -          -          -
  coefdiving       :          0          -          -          -          -          -          -          -          -          -          -          -          -
  conflictdiving   :          0          -          -          -          -          -          -          -          -          -          -          -          -
  distributiondivin:          0          -          -          -          -          -          -          -          -          -          -          -          -
  farkasdiving     :          0          -          -          -          -          -          -          -          -          -          -          -          -
  fracdiving       :          0          -          -          -          -          -          -          -          -          -          -          -          -
  guideddiving     :          0          -          -          -          -          -          -          -          -          -          -          -          -
  linesearchdiving :          0          -          -          -          -          -          -          -          -          -          -          -          -
  pscostdiving     :          0          -          -          -          -          -          -          -          -          -          -          -          -
  veclendiving     :          0          -          -          -          -          -          -          -          -          -          -          -          -
Neighborhoods      :      Calls  SetupTime  SolveTime SolveNodes       Sols       Best       Exp3  EpsGreedy        UCB TgtFixRate  Opt  Inf Node Stal  Sol  Usr Othr Actv
  rens             :          0       0.00       0.00          0          0          0    0.00000   -1.00000    1.00000      0.900    0    0    0    0    0    0    0    1
  rins             :          0       0.00       0.00          0          0          0    0.00000   -1.00000    1.00000      0.900    0    0    0    0    0    0    0    1
  mutation         :          1       0.00       0.00          1          0          0    0.00000   -1.00000    1.00000      0.700    0    1    0    0    0    0    0    1
  localbranching   :          0       0.00       0.00          0          0          0    0.00000   -1.00000    1.00000      0.900    0    0    0    0    0    0    0    1
  crossover        :          0       0.00       0.00          0          0          0    0.00000   -1.00000    1.00000      0.900    0    0    0    0    0    0    0    1
  proximity        :          0       0.00       0.00          0          0          0    0.00000   -1.00000    1.00000      0.900    0    0    0    0    0    0    0    1
  zeroobjective    :          0       0.00       0.00          0          0          0    0.00000   -1.00000    1.00000      0.900    0    0    0    0    0    0    0    1
  dins             :          0       0.00       0.00          0          0          0    0.00000   -1.00000    1.00000      0.900    0    0    0    0    0    0    0    1
  trustregion      :          0       0.00       0.00          0          0          0    0.00000   -1.00000    1.00000      0.900    0    0    0    0    0    0    0    0
LP                 :       Time      Calls Iterations  Iter/call   Iter/sec  Time-0-It Calls-0-It    ItLimit
  primal LP        :       0.00         36          0       0.00          -       0.00         36
  dual LP          :       2.00        837      23846      42.28   11923.00       1.00        273
  lex dual LP      :       0.00          0          0       0.00          -
  barrier LP       :       0.00          0          0       0.00          -       0.00          0
  resolve instable :       0.00          0          0       0.00          -
  diving/probing LP:       0.00          9        728      80.89          -
  strong branching :       7.00       1076     119564     111.12   17080.57          -          -         81
    (at root node) :          -         20       8598     429.90          -
  conflict analysis:       0.00        314       2918       9.29          -
B&B Tree           :
  number of runs   :          1
  nodes            :        301 (156 internal, 145 leaves)
  feasible leaves  :          8
  infeas. leaves   :         11
  objective leaves :        126
  nodes (total)    :        301 (156 internal, 145 leaves)
  nodes left       :          0
  max depth        :         17
  max depth (total):         17
  backtracks       :        103 (34.2%)
  early backtracks :          0 (0.0%)
  nodes exc. ref.  :          0 (0.0%)
  delayed cutoffs  :          0
  repropagations   :          0 (0 domain reductions, 0 cutoffs)
  avg switch length:       4.79
  switching time   :       0.00
Estim. Tree Size   :        313
Estimation Tree    : 313 nodes (313 visited, 156 internal, 157 leaves, 0 open), weight: 1.0000 completed 1.0000
Estimations        :      estim      value      trend resolution     smooth
  wbe              :        313          -          -          -          -
  tree-profile     :         -1          -          -          -          -
  gap              :        313    1.00000    0.02890          1       2946
  tree-weight      :        313    1.00000    0.01221          1        314
  leaf-frequency   :        313    0.50000    0.00048          1        315
  ssg              :        313    0.00000   -0.00472          1        314
  open-nodes       :        313    0.00000   -0.48397          1        314
Root Node          :
  First LP value   : -1.29047915578907e-01
  First LP Iters   :        232
  First LP Time    :       0.00
  Final Dual Bound : +3.37057876860994e-02
  Final Root Iters :       1870
  Root LP Estimate : +4.97412687621605e-01
Solution           :
  Solutions found  :         53 (14 improvements)
  First Solution   : +4.88988229483780e-01   (in run 1, after 1 nodes, 0.00 seconds, depth 22, found by <clique>)
  Gap First Sol.   :   infinite
  Gap Last Sol.    :      71.77 %
  Primal Bound     : +1.36946708973608e-01   (in run 1, after 249 nodes, 16.00 seconds, depth 13, found by <relaxation>)
  Dual Bound       : +1.36946708973608e-01
  Gap              :       0.00 %
Integrals          :      Total       Avg%
  primal-dual      :    1179.69      73.73
  primal-ref       :          -          - (not evaluated)
  dual-ref         :          -          - (not evaluated)
