SCIP version 7.0.2 [precision: 8 byte] [memory: block] [mode: optimized] [LP solver: SoPlex 5.0.2] [GitHash: e9d280a398]
Copyright (C) 2002-2020 Konrad-Zuse-Zentrum fuer Informationstechnik Berlin (ZIB)

External codes: 
  SoPlex 5.0.2         Linear Programming Solver developed at Zuse Institute Berlin (soplex.zib.de) [GitHash: e24c304e]
  CppAD 20180000.0     Algorithmic Differentiation of C++ algorithms developed by B. Bell (www.coin-or.org/CppAD)
  MPIR 3.0.0           Multiple Precision Integers and Rationals Library developed by W. Hart (mpir.org)
  ZIMPL 3.4.0          Zuse Institute Mathematical Programming Language developed by T. Koch (zimpl.zib.de)
  PaPILO 1.0.2         parallel presolve for integer and linear optimization (https://github.com/lgottwald/PaPILO) [GitHash: 62d2842]
  bliss 0.73p          Computing Graph Automorphism Groups by T. Junttila and P. Kaski (http://www.tcs.hut.fi/Software/bliss/)
  Ipopt 3.12.9         Interior Point Optimizer developed by A. Waechter et.al. (www.coin-or.org/Ipopt)

user parameter file <scip.set> not found - using default parameters

read problem <C:\Users\Claubit\Documents\GitHub\embedding\src\lp\scenarioA2_N32_B0.4_classical\IPL_linearized_N32q10.00B12.lp>
============

original problem has 1056 variables (0 bin, 1056 int, 0 impl, 0 cont) and 3073 constraints

solve problem
=============

presolving:
(round 1, fast)       32 del vars, 32 del conss, 0 add conss, 0 chg bounds, 32 chg sides, 32 chg coeffs, 0 upgd conss, 0 impls, 1984 clqs
(round 2, fast)       32 del vars, 96 del conss, 0 add conss, 0 chg bounds, 32 chg sides, 32 chg coeffs, 0 upgd conss, 0 impls, 1984 clqs
   (0.0s) running MILP presolver
   (0.0s) MILP presolver found nothing
(round 3, exhaustive) 32 del vars, 96 del conss, 0 add conss, 0 chg bounds, 32 chg sides, 32 chg coeffs, 2976 upgd conss, 0 impls, 1984 clqs
(round 4, exhaustive) 32 del vars, 3072 del conss, 992 add conss, 0 chg bounds, 32 chg sides, 32 chg coeffs, 2976 upgd conss, 0 impls, 1984 clqs
(round 5, exhaustive) 528 del vars, 3568 del conss, 992 add conss, 0 chg bounds, 32 chg sides, 32 chg coeffs, 2976 upgd conss, 0 impls, 992 clqs
   (0.0s) probing: 51/528 (9.7%) - 0 fixings, 0 aggregations, 0 implications, 0 bound changes
   (0.0s) probing aborted: 50/50 successive totally useless probings
   (0.0s) symmetry computation started: requiring (bin +, int -, cont +), (fixed: bin -, int +, cont -)
   (0.0s) no symmetry present
presolving (6 rounds: 6 fast, 4 medium, 4 exhaustive):
 528 deleted vars, 3568 deleted constraints, 992 added constraints, 0 tightened bounds, 0 added holes, 32 changed sides, 32 changed coefficients
 0 implications, 992 cliques
presolved problem has 528 variables (528 bin, 0 int, 0 impl, 0 cont) and 497 constraints
    496 constraints of type <and>
      1 constraints of type <linear>
Presolving Time: 0.00

 time | node  | left  |LP iter|LP it/n|mem/heur|mdpt |vars |cons |rows |cuts |sepa|confs|strbr|  dualbound   | primalbound  |  gap   | compl. 
p 0.0s|     1 |     0 |     0 |     - |  clique|   0 | 528 | 497 | 993 |   0 |  0 |   0 |   0 |-1.974789e-01 | 9.572986e-02 |    Inf | unknown
p 0.0s|     1 |     0 |     0 |     - | vbounds|   0 | 528 | 497 | 993 |   0 |  0 |   0 |   0 |-1.974789e-01 | 8.112212e-02 |    Inf | unknown
  0.0s|     1 |     0 |   264 |     - |    13M |   0 | 528 | 497 | 993 |   0 |  0 |   0 |   0 |-6.534710e-02 | 8.112212e-02 |    Inf | unknown
r 0.0s|     1 |     0 |   264 |     - |shifting|   0 | 528 | 502 | 993 |   0 |  0 |   5 |   0 |-6.534710e-02 | 7.595391e-02 |    Inf | unknown
L 0.0s|     1 |     0 |   264 |     - |undercov|   0 | 528 | 502 | 993 |   0 |  0 |   5 |   0 |-6.534710e-02 | 3.789591e-02 |    Inf | unknown
  0.0s|     1 |     0 |   337 |     - |    14M |   0 | 528 | 502 |1034 |  41 |  1 |   5 |   0 |-5.133835e-02 | 3.789591e-02 |    Inf | unknown
  1.0s|     1 |     0 |   399 |     - |    14M |   0 | 528 | 502 |1049 |  56 |  2 |   5 |   0 |-4.451490e-02 | 3.789591e-02 |    Inf | unknown
  1.0s|     1 |     0 |   420 |     - |    14M |   0 | 528 | 502 |1057 |  64 |  3 |   5 |   0 |-4.237341e-02 | 3.789591e-02 |    Inf | unknown
  1.0s|     1 |     0 |   450 |     - |    15M |   0 | 528 | 502 |1068 |  75 |  4 |   5 |   0 |-4.023778e-02 | 3.789591e-02 |    Inf | unknown
  1.0s|     1 |     0 |   500 |     - |    15M |   0 | 528 | 503 |1081 |  88 |  5 |   6 |   0 |-3.834747e-02 | 3.789591e-02 |    Inf | unknown
  1.0s|     1 |     0 |   533 |     - |    15M |   0 | 528 | 503 |1088 |  95 |  6 |   6 |   0 |-3.630677e-02 | 3.789591e-02 |    Inf | unknown
  1.0s|     1 |     0 |   614 |     - |    15M |   0 | 528 | 503 |1102 | 109 |  7 |   6 |   0 |-3.135309e-02 | 3.789591e-02 |    Inf | unknown
  1.0s|     1 |     0 |   689 |     - |    16M |   0 | 528 | 504 |1117 | 124 |  8 |   7 |   0 |-2.823083e-02 | 3.789591e-02 |    Inf | unknown
  1.0s|     1 |     0 |   729 |     - |    17M |   0 | 528 | 504 |1124 | 131 |  9 |   7 |   0 |-2.731139e-02 | 3.789591e-02 |    Inf | unknown
  1.0s|     1 |     0 |   819 |     - |    17M |   0 | 528 | 504 |1134 | 141 | 10 |   7 |   0 |-2.512488e-02 | 3.789591e-02 |    Inf | unknown
 time | node  | left  |LP iter|LP it/n|mem/heur|mdpt |vars |cons |rows |cuts |sepa|confs|strbr|  dualbound   | primalbound  |  gap   | compl. 
  1.0s|     1 |     0 |   893 |     - |    17M |   0 | 528 | 505 |1155 | 162 | 11 |   8 |   0 |-2.323986e-02 | 3.789591e-02 |    Inf | unknown
  1.0s|     1 |     0 |   949 |     - |    18M |   0 | 528 | 505 |1160 | 167 | 12 |   8 |   0 |-2.217282e-02 | 3.789591e-02 |    Inf | unknown
  1.0s|     1 |     0 |  1036 |     - |    18M |   0 | 528 | 506 |1174 | 181 | 13 |   9 |   0 |-2.015018e-02 | 3.789591e-02 |    Inf | unknown
  1.0s|     1 |     0 |  1093 |     - |    18M |   0 | 528 | 506 |1182 | 189 | 14 |   9 |   0 |-1.800644e-02 | 3.789591e-02 |    Inf | unknown
  1.0s|     1 |     0 |  1180 |     - |    19M |   0 | 528 | 506 |1191 | 198 | 15 |   9 |   0 |-1.644132e-02 | 3.789591e-02 |    Inf | unknown
  1.0s|     1 |     0 |  1254 |     - |    19M |   0 | 528 | 506 |1197 | 204 | 16 |   9 |   0 |-1.564707e-02 | 3.789591e-02 |    Inf | unknown
  2.0s|     1 |     0 |  1320 |     - |    20M |   0 | 528 | 506 |1204 | 218 | 17 |   9 |   0 |-1.465002e-02 | 3.789591e-02 |    Inf | unknown
  2.0s|     1 |     0 |  1409 |     - |    21M |   0 | 528 | 506 |1209 | 223 | 18 |   9 |   0 |-1.390268e-02 | 3.789591e-02 |    Inf | unknown
  2.0s|     1 |     0 |  1451 |     - |    22M |   0 | 528 | 507 |1219 | 233 | 19 |  10 |   0 |-1.375343e-02 | 3.789591e-02 |    Inf | unknown
  2.0s|     1 |     0 |  1520 |     - |    23M |   0 | 528 | 507 |1224 | 238 | 20 |  10 |   0 |-1.321130e-02 | 3.789591e-02 |    Inf | unknown
  2.0s|     1 |     0 |  1581 |     - |    23M |   0 | 528 | 507 |1228 | 242 | 21 |  10 |   0 |-1.295925e-02 | 3.789591e-02 |    Inf | unknown
  2.0s|     1 |     0 |  1621 |     - |    23M |   0 | 528 | 507 |1231 | 245 | 22 |  10 |   0 |-1.288594e-02 | 3.789591e-02 |    Inf | unknown
  2.0s|     1 |     0 |  1649 |     - |    23M |   0 | 528 | 507 |1220 | 248 | 23 |  10 |   0 |-1.280377e-02 | 3.789591e-02 |    Inf | unknown
  2.0s|     1 |     0 |  1680 |     - |    23M |   0 | 528 | 507 |1225 | 253 | 24 |  10 |   0 |-1.271618e-02 | 3.789591e-02 |    Inf | unknown
  2.0s|     1 |     0 |  1692 |     - |    23M |   0 | 528 | 508 |1228 | 256 | 25 |  11 |   0 |-1.270399e-02 | 3.789591e-02 |    Inf | unknown
 time | node  | left  |LP iter|LP it/n|mem/heur|mdpt |vars |cons |rows |cuts |sepa|confs|strbr|  dualbound   | primalbound  |  gap   | compl. 
  2.0s|     1 |     0 |  1714 |     - |    23M |   0 | 528 | 508 |1230 | 258 | 26 |  11 |   0 |-1.267433e-02 | 3.789591e-02 |    Inf | unknown
  2.0s|     1 |     0 |  1720 |     - |    23M |   0 | 528 | 512 |1232 | 260 | 27 |  15 |   0 |-1.266907e-02 | 3.789591e-02 |    Inf | unknown
  3.0s|     1 |     2 |  3027 |     - |    23M |   0 | 528 | 520 |1232 | 260 | 29 |  23 |  20 |-1.042840e-02 | 3.789591e-02 |    Inf | unknown
r 7.0s|    16 |    11 |  4378 | 177.2 |shifting|  10 | 528 | 512 |1237 | 307 |  7 |  35 | 473 |-5.131272e-03 | 2.487015e-02 |    Inf |   0.57%
* 7.0s|    16 |    11 |  4416 | 179.7 |strongbr|  10 | 528 | 513 |1243 | 313 | 12 |  43 | 481 |-5.131272e-03 | 2.352455e-02 |    Inf |   0.57%
* 8.0s|    35 |    16 |  6003 | 126.0 |strongbr|  10 | 528 | 553 |1209 | 331 |  4 |  83 | 698 |-2.740175e-04 | 2.349823e-02 |    Inf |  15.73%
* 9.0s|    44 |    21 |  6617 | 113.9 |    LP  |  10 | 528 | 514 |1210 | 336 |  4 |  93 | 758 | 3.142310e-04 | 2.187246e-02 |6860.63%|  17.24%
*10.0s|    57 |    20 |  7409 | 101.6 |    LP  |  10 | 528 | 528 |1220 | 347 |  1 | 107 | 827 | 4.620661e-03 | 2.153202e-02 | 365.99%|  24.63%
*10.0s|    59 |    20 |  7439 |  98.6 |    LP  |  10 | 528 | 517 |1220 | 347 |  2 | 107 | 827 | 4.620661e-03 | 1.986274e-02 | 329.87%|  24.77%
*10.0s|    81 |    12 |  8590 |  85.9 |    LP  |  12 | 528 | 530 |1227 | 387 |  2 | 132 | 892 | 4.817853e-03 | 1.601232e-02 | 232.35%|  42.26%
 11.0s|   100 |     1 |  9848 |  82.1 |    26M |  12 | 528 | 536 |1226 | 415 |  0 | 138 | 920 | 5.599635e-03 | 1.601232e-02 | 185.95%|  71.62%

SCIP Status        : problem is solved [optimal solution found]
Solving Time (sec) : 11.00
Solving Nodes      : 101
Primal Bound       : +1.60123152324740e-02 (43 solutions)
Dual Bound         : +1.60123152324740e-02
Gap                : 0.00 %

primal solution (original space):
=================================

objective value:                    0.016012315232474
y(1,1)                                              1 	(obj:0.00313777340538904)
y(1,12)                                             1 	(obj:0.00154364004821113)
y(1,13)                                             1 	(obj:0.00140866055772267)
y(1,16)                                             1 	(obj:-0.00153146369260575)
y(1,17)                                             1 	(obj:-0.00138484425795659)
y(1,19)                                             1 	(obj:0.000897457610984586)
y(1,21)                                             1 	(obj:0.000142423328553204)
y(1,28)                                             1 	(obj:-0.00136651611661284)
y(1,29)                                             1 	(obj:0.00074691458362922)
y(1,30)                                             1 	(obj:0.00123840191143585)
y(1,31)                                             1 	(obj:0.00157524453076902)
y(1,32)                                             1 	(obj:0.00093016738993861)
y(12,1)                                             1 	(obj:0.00154364004821113)
y(12,12)                                            1 	(obj:0.00176295762376561)
y(12,13)                                            1 	(obj:0.00130215029232301)
y(12,16)                                            1 	(obj:-0.000398891574508838)
y(12,17)                                            1 	(obj:-0.00108007868414466)
y(12,19)                                            1 	(obj:0.000414024025166543)
y(12,21)                                            1 	(obj:0.000309981238409954)
y(12,28)                                            1 	(obj:-0.000827474713305745)
y(12,29)                                            1 	(obj:0.000740444361762709)
y(12,30)                                            1 	(obj:0.00117056079972308)
y(12,31)                                            1 	(obj:0.00110708540717956)
y(12,32)                                            1 	(obj:0.000752029412828081)
y(13,1)                                             1 	(obj:0.00140866055772267)
y(13,12)                                            1 	(obj:0.00130215029232301)
y(13,13)                                            1 	(obj:0.00247409168787319)
y(13,16)                                            1 	(obj:0.000121564220000779)
y(13,17)                                            1 	(obj:-0.000659102100770604)
y(13,19)                                            1 	(obj:0.00112867770854044)
y(13,21)                                            1 	(obj:0.000663872277249368)
y(13,28)                                            1 	(obj:-0.000550178863984526)
y(13,29)                                            1 	(obj:0.000545555824245573)
y(13,30)                                            1 	(obj:0.000799218706540586)
y(13,31)                                            1 	(obj:0.00126849018778454)
y(13,32)                                            1 	(obj:0.000804297385152938)
y(16,1)                                             1 	(obj:-0.00153146369260575)
y(16,12)                                            1 	(obj:-0.000398891574508838)
y(16,13)                                            1 	(obj:0.000121564220000779)
y(16,16)                                            1 	(obj:0.0039566059647436)
y(16,17)                                            1 	(obj:0.00199828201473743)
y(16,19)                                            1 	(obj:0.000720378782580012)
y(16,21)                                            1 	(obj:0.000368389921728247)
y(16,28)                                            1 	(obj:0.00153534852990832)
y(16,29)                                            1 	(obj:-7.50675115924553e-05)
y(16,30)                                            1 	(obj:-0.000395671545860009)
y(16,31)                                            1 	(obj:0.000582267762860133)
y(16,32)                                            1 	(obj:-0.000761088665930968)
y(17,1)                                             1 	(obj:-0.00138484425795659)
y(17,12)                                            1 	(obj:-0.00108007868414466)
y(17,13)                                            1 	(obj:-0.000659102100770604)
y(17,16)                                            1 	(obj:0.00199828201473743)
y(17,17)                                            1 	(obj:0.0029436951076714)
y(17,19)                                            1 	(obj:0.000454373824532361)
y(17,21)                                            1 	(obj:1.54372585598093e-05)
y(17,28)                                            1 	(obj:0.00220363408799073)
y(17,29)                                            1 	(obj:-0.000287515160102917)
y(17,30)                                            1 	(obj:-0.000945330361259594)
y(17,31)                                            1 	(obj:-0.000345549891829489)
y(17,32)                                            1 	(obj:-0.000626714876303083)
y(19,1)                                             1 	(obj:0.000897457610984586)
y(19,12)                                            1 	(obj:0.000414024025166543)
y(19,13)                                            1 	(obj:0.00112867770854044)
y(19,16)                                            1 	(obj:0.000720378782580012)
y(19,17)                                            1 	(obj:0.000454373824532361)
y(19,19)                                            1 	(obj:0.00238084783180236)
y(19,21)                                            1 	(obj:0.000139982931087259)
y(19,28)                                            1 	(obj:0.000366581562659312)
y(19,29)                                            1 	(obj:0.000153233658261505)
y(19,30)                                            1 	(obj:0.000277453008035347)
y(19,31)                                            1 	(obj:0.00145662387363099)
y(19,32)                                            1 	(obj:0.000197766061371499)
y(21,1)                                             1 	(obj:0.000142423328553204)
y(21,12)                                            1 	(obj:0.000309981238409954)
y(21,13)                                            1 	(obj:0.000663872277249368)
y(21,16)                                            1 	(obj:0.000368389921728247)
y(21,17)                                            1 	(obj:1.54372585598093e-05)
y(21,19)                                            1 	(obj:0.000139982931087259)
y(21,21)                                            1 	(obj:0.00106631225764372)
y(21,28)                                            1 	(obj:-2.58344659038952e-05)
y(21,29)                                            1 	(obj:0.000351039388363043)
y(21,30)                                            1 	(obj:0.000157777619082717)
y(21,31)                                            1 	(obj:0.000718385064196215)
y(21,32)                                            1 	(obj:-5.716076493289e-05)
y(28,1)                                             1 	(obj:-0.00136651611661284)
y(28,12)                                            1 	(obj:-0.000827474713305745)
y(28,13)                                            1 	(obj:-0.000550178863984526)
y(28,16)                                            1 	(obj:0.00153534852990832)
y(28,17)                                            1 	(obj:0.00220363408799073)
y(28,19)                                            1 	(obj:0.000366581562659312)
y(28,21)                                            1 	(obj:-2.58344659038952e-05)
y(28,28)                                            1 	(obj:0.00344973101579304)
y(28,29)                                            1 	(obj:-0.000350513417070542)
y(28,30)                                            1 	(obj:-0.000658524754985803)
y(28,31)                                            1 	(obj:-0.0013442018553457)
y(28,32)                                            1 	(obj:-0.000459844543943739)
y(29,1)                                             1 	(obj:0.00074691458362922)
y(29,12)                                            1 	(obj:0.000740444361762709)
y(29,13)                                            1 	(obj:0.000545555824245573)
y(29,16)                                            1 	(obj:-7.50675115924553e-05)
y(29,17)                                            1 	(obj:-0.000287515160102917)
y(29,19)                                            1 	(obj:0.000153233658261505)
y(29,21)                                            1 	(obj:0.000351039388363043)
y(29,28)                                            1 	(obj:-0.000350513417070542)
y(29,29)                                            1 	(obj:0.00183340095604561)
y(29,30)                                            1 	(obj:0.000489860269770345)
y(29,31)                                            1 	(obj:0.000425551777613502)
y(29,32)                                            1 	(obj:0.00042422286118634)
y(30,1)                                             1 	(obj:0.00123840191143585)
y(30,12)                                            1 	(obj:0.00117056079972308)
y(30,13)                                            1 	(obj:0.000799218706540586)
y(30,16)                                            1 	(obj:-0.000395671545860009)
y(30,17)                                            1 	(obj:-0.000945330361259594)
y(30,19)                                            1 	(obj:0.000277453008035347)
y(30,21)                                            1 	(obj:0.000157777619082717)
y(30,28)                                            1 	(obj:-0.000658524754985803)
y(30,29)                                            1 	(obj:0.000489860269770345)
y(30,30)                                            1 	(obj:0.00121782394704426)
y(30,31)                                            1 	(obj:0.00102190774506715)
y(30,32)                                            1 	(obj:0.000526843153285966)
y(31,1)                                             1 	(obj:0.00157524453076902)
y(31,12)                                            1 	(obj:0.00110708540717956)
y(31,13)                                            1 	(obj:0.00126849018778454)
y(31,16)                                            1 	(obj:0.000582267762860133)
y(31,17)                                            1 	(obj:-0.000345549891829489)
y(31,19)                                            1 	(obj:0.00145662387363099)
y(31,21)                                            1 	(obj:0.000718385064196215)
y(31,28)                                            1 	(obj:-0.0013442018553457)
y(31,29)                                            1 	(obj:0.000425551777613502)
y(31,30)                                            1 	(obj:0.00102190774506715)
y(31,31)                                            1 	(obj:0.00311539443378199)
y(31,32)                                            1 	(obj:0.000572643908435881)
y(32,1)                                             1 	(obj:0.00093016738993861)
y(32,12)                                            1 	(obj:0.000752029412828081)
y(32,13)                                            1 	(obj:0.000804297385152938)
y(32,16)                                            1 	(obj:-0.000761088665930968)
y(32,17)                                            1 	(obj:-0.000626714876303083)
y(32,19)                                            1 	(obj:0.000197766061371499)
y(32,21)                                            1 	(obj:-5.716076493289e-05)
y(32,28)                                            1 	(obj:-0.000459844543943739)
y(32,29)                                            1 	(obj:0.00042422286118634)
y(32,30)                                            1 	(obj:0.000526843153285966)
y(32,31)                                            1 	(obj:0.000572643908435881)
y(32,32)                                            1 	(obj:0.000876949792425062)
x(1)                                                1 	(obj:-0.00667286319447288)
x(12)                                               1 	(obj:-0.00348984795828146)
x(13)                                               1 	(obj:-0.00714774089661002)
x(16)                                               1 	(obj:-0.0059640060439669)
x(17)                                               1 	(obj:0.00117967554409262)
x(19)                                               1 	(obj:-0.0045666940884271)
x(21)                                               1 	(obj:-0.00233757086924918)
x(28)                                               1 	(obj:0.000863377525571901)
x(29)                                               1 	(obj:-0.00746616271732443)
x(30)                                               1 	(obj:-0.00517621098612854)
x(31)                                               1 	(obj:-0.00870726096131751)
x(32)                                               1 	(obj:-0.0039925222536812)

Statistics
==========

SCIP Status        : problem is solved [optimal solution found]
Total Time         :      11.00
  solving          :      11.00
  presolving       :       0.00 (included in solving)
  reading          :       0.00
  copying          :       0.00 (3 #copies) (minimal 0.00, maximal 0.00, average 0.00)
Original Problem   :
  Problem name     : C:\Users\Claubit\Documents\GitHub\embedding\src\lp\scenarioA2_N32_B0.4_classical\IPL_linearized_N32q10.00B12.lp
  Variables        : 1056 (0 binary, 1056 integer, 0 implicit integer, 0 continuous)
  Constraints      : 3073 initial, 3073 maximal
  Objective        : minimize, 1056 non-zeros (abs.min = 8.66129e-07, abs.max = 0.0180624)
Presolved Problem  :
  Problem name     : t_C:\Users\Claubit\Documents\GitHub\embedding\src\lp\scenarioA2_N32_B0.4_classical\IPL_linearized_N32q10.00B12.lp
  Variables        : 528 (528 binary, 0 integer, 0 implicit integer, 0 continuous)
  Constraints      : 497 initial, 563 maximal
  Objective        : minimize, 528 non-zeros (abs.min = 1.73226e-06, abs.max = 0.021422)
  Nonzeros         : 1520 constraint, 1984 clique table
Presolvers         :   ExecTime  SetupTime  Calls  FixedVars   AggrVars   ChgTypes  ChgBounds   AddHoles    DelCons    AddCons   ChgSides   ChgCoefs
  boundshift       :       0.00       0.00      0          0          0          0          0          0          0          0          0          0
  convertinttobin  :       0.00       0.00      0          0          0          0          0          0          0          0          0          0
  domcol           :       0.00       0.00      1          0          0          0          0          0          0          0          0          0
  dualagg          :       0.00       0.00      0          0          0          0          0          0          0          0          0          0
  dualcomp         :       0.00       0.00      0          0          0          0          0          0          0          0          0          0
  dualinfer        :       0.00       0.00      0          0          0          0          0          0          0          0          0          0
  dualsparsify     :       0.00       0.00      1          0          0          0          0          0          0          0          0          0
  gateextraction   :       0.00       0.00      1          0          0          0          0          0       2976        992          0          0
  implics          :       0.00       0.00      4          0          0          0          0          0          0          0          0          0
  inttobinary      :       0.00       0.00      0          0          0          0          0          0          0          0          0          0
  milp             :       0.00       0.00      1          0          0          0          0          0          0          0          0          0
  qpkktref         :       0.00       0.00      0          0          0          0          0          0          0          0          0          0
  redvub           :       0.00       0.00      0          0          0          0          0          0          0          0          0          0
  sparsify         :       0.00       0.00      1          0          0          0          0          0          0          0          0          0
  stuffing         :       0.00       0.00      0          0          0          0          0          0          0          0          0          0
  trivial          :       0.00       0.00      6          0          0          0          0          0          0          0          0          0
  tworowbnd        :       0.00       0.00      0          0          0          0          0          0          0          0          0          0
  dualfix          :       0.00       0.00      6          0          0          0          0          0          0          0          0          0
  genvbounds       :       0.00       0.00      0          0          0          0          0          0          0          0          0          0
  probing          :       0.00       0.00      1          0          0          0          0          0          0          0          0          0
  pseudoobj        :       0.00       0.00      0          0          0          0          0          0          0          0          0          0
  symmetry         :       0.00       0.00      1          0          0          0          0          0          0          0          0          0
  vbounds          :       0.00       0.00      1          0          0          0          0          0          0          0          0          0
  setppc           :       0.00       0.00      2          0          0          0          0          0          0          0          0          0
  and              :       0.00       0.00      4          0        496          0          0          0        496          0          0          0
  linear           :       0.00       0.00      8          0         32          0          0          0         96          0         32         32
  logicor          :       0.00       0.00      2          0          0          0          0          0          0          0          0          0
  benders          :       0.00       0.00      0          0          0          0          0          0          0          0          0          0
  components       :       0.00       0.00      1          0          0          0          0          0          0          0          0          0
  root node        :          -          -      -        215          -          -        215          -          -          -          -          -
Constraints        :     Number  MaxNumber  #Separate #Propagate    #EnfoLP    #EnfoRelax  #EnfoPS    #Check   #ResProp    Cutoffs    DomReds       Cuts    Applied      Conss   Children
  benderslp        :          0          0          0          0        145          0          0         65          0          0          0          0          0          0          0
  integral         :          0          0          0          0        145          0          0         65          0          0        635          0          0        107        104
  setppc           :          0+        19          0         43          0          0          0          0          2          0          0          0          0          0          0
  and              :        496        496        264       5235          4          0          0         60       2621         12       4753        275        159          0          0
  linear           :          1          1         28       5201          4          0          0         41         17         12         13          0          0          0          0
  logicor          :          0+        66         28       1082          0          0          0          0          4          5          1          0          0          0          0
  benders          :          0          0          0          0          4          0          0         40          0          0          0          0          0          0          0
  countsols        :          0          0          0          0          4          0          0         40          0          0          0          0          0          0          0
  components       :          0          0          0          0          0          0          0          0          0          0          0          0          0          0          0
Constraint Timings :  TotalTime  SetupTime   Separate  Propagate     EnfoLP     EnfoPS     EnfoRelax   Check    ResProp    SB-Prop
  benderslp        :       0.00       0.00       0.00       0.00       0.00       0.00       0.00       0.00       0.00       0.00
  integral         :       8.00       0.00       0.00       0.00       8.00       0.00       0.00       0.00       0.00       0.00
  setppc           :       0.00       0.00       0.00       0.00       0.00       0.00       0.00       0.00       0.00       0.00
  and              :       0.00       0.00       0.00       0.00       0.00       0.00       0.00       0.00       0.00       0.00
  linear           :       0.00       0.00       0.00       0.00       0.00       0.00       0.00       0.00       0.00       0.00
  logicor          :       0.00       0.00       0.00       0.00       0.00       0.00       0.00       0.00       0.00       0.00
  benders          :       0.00       0.00       0.00       0.00       0.00       0.00       0.00       0.00       0.00       0.00
  countsols        :       0.00       0.00       0.00       0.00       0.00       0.00       0.00       0.00       0.00       0.00
  components       :       0.00       0.00       0.00       0.00       0.00       0.00       0.00       0.00       0.00       0.00
Propagators        : #Propagate   #ResProp    Cutoffs    DomReds
  dualfix          :          2          0          0          0
  genvbounds       :          0          0          0          0
  nlobbt           :          0          0          0          0
  obbt             :          0          0          0          0
  probing          :          0          0          0          0
  pseudoobj        :        736          0          1          0
  redcost          :        551          0          0       2073
  rootredcost      :          8          0          0          0
  symmetry         :          0          0          0          0
  vbounds          :       5290          0          0          0
Propagator Timings :  TotalTime  SetupTime   Presolve  Propagate    ResProp    SB-Prop
  dualfix          :       0.00       0.00       0.00       0.00       0.00       0.00
  genvbounds       :       0.00       0.00       0.00       0.00       0.00       0.00
  nlobbt           :       0.00       0.00       0.00       0.00       0.00       0.00
  obbt             :       0.00       0.00       0.00       0.00       0.00       0.00
  probing          :       0.00       0.00       0.00       0.00       0.00       0.00
  pseudoobj        :       0.00       0.00       0.00       0.00       0.00       0.00
  redcost          :       0.00       0.00       0.00       0.00       0.00       0.00
  rootredcost      :       0.00       0.00       0.00       0.00       0.00       0.00
  symmetry         :       0.00       0.00       0.00       0.00       0.00       0.00
  vbounds          :       0.00       0.00       0.00       0.00       0.00       0.00
Conflict Analysis  :       Time      Calls    Success    DomReds  Conflicts   Literals    Reconvs ReconvLits   Dualrays   Nonzeros   LP Iters   (pool size: [10000,10000])
  propagation      :       0.00         18         17          -         34       15.0          0        0.0          -          -          -
  infeasible LP    :       0.00          0          0          -          0        0.0          0        0.0          0        0.0          0
  bound exceed. LP :       0.00        313         49          -        337       41.0          0        0.0          3       46.3       2728
  strong branching :       0.00          0          0          -          0        0.0          0        0.0          -          -          0
  pseudo solution  :       0.00          0          0          -          0        0.0          0        0.0          -          -          -
  applied globally :       0.00          -          -          2        142       18.8          -          -          3          -          -
  applied locally  :          -          -          -          0          0        0.0          -          -          0          -          -
Separators         :   ExecTime  SetupTime      Calls    Cutoffs    DomReds       Cuts    Applied      Conss
  cut pool         :       0.00                    99          -          -       1488          -          -    (maximal pool size: 2578)
  aggregation      :       0.00       0.00         56          0          0          0          0          0
  cgmip            :       0.00       0.00          0          0          0          0          0          0
  clique           :       0.00       0.00         28          0          0          0          0          0
  closecuts        :       0.00       0.00          0          0          0          0          0          0
  cmir             :       0.00       0.00          0          0          0          0          0          0
  convexproj       :       0.00       0.00          0          0          0          0          0          0
  disjunctive      :       0.00       0.00          0          0          0          0          0          0
  eccuts           :       0.00       0.00          0          0          0          0          0          0
  flowcover        :       0.00       0.00          0          0          0          0          0          0
  gauge            :       0.00       0.00          0          0          0          0          0          0
  gomory           :       0.00       0.00         27          0          0        790         69          0
  impliedbounds    :       0.00       0.00         56          0          0        122         58          0
  intobj           :       0.00       0.00          0          0          0          0          0          0
  mcf              :       0.00       0.00          1          0          0          0          0          0
  oddcycle         :       0.00       0.00          0          0          0          0          0          0
  rapidlearning    :       0.00       0.00          0          0          0          0          0          0
  strongcg         :       2.00       0.00         20          0          0       1542         27          0
  zerohalf         :       1.00       0.00         37          0          0        124        115          0
Pricers            :   ExecTime  SetupTime      Calls       Vars
  problem variables:       0.00          -          0          0
Branching Rules    :   ExecTime  SetupTime   BranchLP  BranchExt   BranchPS    Cutoffs    DomReds       Cuts      Conss   Children
  allfullstrong    :       0.00       0.00          0          0          0          0          0          0          0          0
  cloud            :       0.00       0.00          0          0          0          0          0          0          0          0
  distribution     :       0.00       0.00          0          0          0          0          0          0          0          0
  fullstrong       :       0.00       0.00          0          0          0          0          0          0          0          0
  inference        :       0.00       0.00          0          0          0          0          0          0          0          0
  leastinf         :       0.00       0.00          0          0          0          0          0          0          0          0
  lookahead        :       0.00       0.00          0          0          0          0          0          0          0          0
  mostinf          :       0.00       0.00          0          0          0          0          0          0          0          0
  multaggr         :       0.00       0.00          0          0          0          0          0          0          0          0
  nodereopt        :       0.00       0.00          0          0          0          0          0          0          0          0
  pscost           :       0.00       0.00          0          0          0          0          0          0          0          0
  random           :       0.00       0.00          0          0          0          0          0          0          0          0
  relpscost        :       8.00       0.00        141          0          0          0        635          0        114        104
  vanillafullstrong:       0.00       0.00          0          0          0          0          0          0          0          0
Primal Heuristics  :   ExecTime  SetupTime      Calls      Found       Best
  LP solutions     :       0.00          -          -          4          4
  relax solutions  :       0.00          -          -          0          0
  pseudo solutions :       0.00          -          -          0          0
  strong branching :       0.00          -          -          2          2
  actconsdiving    :       0.00       0.00          0          0          0
  adaptivediving   :       0.00       0.00          0          0          0
  alns             :       0.00       0.00          1          0          0
  bound            :       0.00       0.00          0          0          0
  clique           :       0.00       0.00          1          1          1
  coefdiving       :       0.00       0.00          0          0          0
  completesol      :       0.00       0.00          0          0          0
  conflictdiving   :       0.00       0.00          1          0          0
  crossover        :       0.00       0.00          0          0          0
  dins             :       0.00       0.00          0          0          0
  distributiondivin:       0.00       0.00          0          0          0
  dualval          :       0.00       0.00          0          0          0
  farkasdiving     :       0.00       0.00          1          0          0
  feaspump         :       0.00       0.00          0          0          0
  fixandinfer      :       0.00       0.00          0          0          0
  fracdiving       :       0.00       0.00          0          0          0
  gins             :       0.00       0.00          0          0          0
  guideddiving     :       0.00       0.00          0          0          0
  indicator        :       0.00       0.00          0          0          0
  intdiving        :       0.00       0.00          0          0          0
  intshifting      :       0.00       0.00          0          0          0
  linesearchdiving :       0.00       0.00          0          0          0
  localbranching   :       0.00       0.00          0          0          0
  locks            :       0.00       0.00          1          0          0
  lpface           :       0.00       0.00          0          0          0
  mpec             :       0.00       0.00          0          0          0
  multistart       :       0.00       0.00          0          0          0
  mutation         :       0.00       0.00          0          0          0
  nlpdiving        :       0.00       0.00          0          0          0
  objpscostdiving  :       0.00       0.00          0          0          0
  octane           :       0.00       0.00          0          0          0
  ofins            :       0.00       0.00          0          0          0
  oneopt           :       0.00       0.00         10          0          0
  padm             :       0.00       0.00          0          0          0
  proximity        :       0.00       0.00          0          0          0
  pscostdiving     :       0.00       0.00          0          0          0
  randrounding     :       0.00       0.00         28          0          0
  rens             :       0.00       0.00          1          0          0
  reoptsols        :       0.00       0.00          0          0          0
  repair           :       0.00       0.00          0          0          0
  rins             :       0.00       0.00          0          0          0
  rootsoldiving    :       0.00       0.00          0          0          0
  rounding         :       0.00       0.00        170          0          0
  shiftandpropagate:       0.00       0.00          0          0          0
  shifting         :       0.00       0.00         55         34          2
  simplerounding   :       0.00       0.00          0          0          0
  subnlp           :       0.00       0.00          0          0          0
  trivial          :       0.00       0.00          2          0          0
  trivialnegation  :       0.00       0.00          0          0          0
  trustregion      :       0.00       0.00          0          0          0
  trysol           :       0.00       0.00          0          0          0
  twoopt           :       0.00       0.00          0          0          0
  undercover       :       0.00       0.00          1          1          1
  vbounds          :       0.00       0.00          1          1          1
  veclendiving     :       0.00       0.00          0          0          0
  zeroobj          :       0.00       0.00          0          0          0
  zirounding       :       0.00       0.00         52          0          0
  other solutions  :          -          -          -          0          -
Diving (single)    :      Calls      Nodes   LP Iters Backtracks  Conflicts   MinDepth   MaxDepth   AvgDepth  RoundSols  NLeafSols  MinSolDpt  MaxSolDpt  AvgSolDpt
  actconsdiving    :          0          -          -          -          -          -          -          -          -          -          -          -          -
  coefdiving       :          0          -          -          -          -          -          -          -          -          -          -          -          -
  conflictdiving   :          1         20        420          2          0         19         19       19.0          0          -          -          -          -
  distributiondivin:          0          -          -          -          -          -          -          -          -          -          -          -          -
  farkasdiving     :          1          8        887          2         17          7          7        7.0          0          -          -          -          -
  fracdiving       :          0          -          -          -          -          -          -          -          -          -          -          -          -
  guideddiving     :          0          -          -          -          -          -          -          -          -          -          -          -          -
  linesearchdiving :          0          -          -          -          -          -          -          -          -          -          -          -          -
  pscostdiving     :          0          -          -          -          -          -          -          -          -          -          -          -          -
  veclendiving     :          0          -          -          -          -          -          -          -          -          -          -          -          -
Diving (adaptive)  :      Calls      Nodes   LP Iters Backtracks  Conflicts   MinDepth   MaxDepth   AvgDepth  RoundSols  NLeafSols  MinSolDpt  MaxSolDpt  AvgSolDpt
  actconsdiving    :          0          -          -          -          -          -          -          -          -          -          -          -          -
  coefdiving       :          0          -          -          -          -          -          -          -          -          -          -          -          -
  conflictdiving   :          0          -          -          -          -          -          -          -          -          -          -          -          -
  distributiondivin:          0          -          -          -          -          -          -          -          -          -          -          -          -
  farkasdiving     :          0          -          -          -          -          -          -          -          -          -          -          -          -
  fracdiving       :          0          -          -          -          -          -          -          -          -          -          -          -          -
  guideddiving     :          0          -          -          -          -          -          -          -          -          -          -          -          -
  linesearchdiving :          0          -          -          -          -          -          -          -          -          -          -          -          -
  pscostdiving     :          0          -          -          -          -          -          -          -          -          -          -          -          -
  veclendiving     :          0          -          -          -          -          -          -          -          -          -          -          -          -
Neighborhoods      :      Calls  SetupTime  SolveTime SolveNodes       Sols       Best       Exp3  EpsGreedy        UCB TgtFixRate  Opt  Inf Node Stal  Sol  Usr Othr Actv
  rens             :          0       0.00       0.00          0          0          0    0.00000   -1.00000    1.00000      0.900    0    0    0    0    0    0    0    1
  rins             :          0       0.00       0.00          0          0          0    0.00000   -1.00000    1.00000      0.900    0    0    0    0    0    0    0    1
  mutation         :          1       0.00       0.00          1          0          0    0.00000   -1.00000    1.00000      0.700    0    1    0    0    0    0    0    1
  localbranching   :          0       0.00       0.00          0          0          0    0.00000   -1.00000    1.00000      0.900    0    0    0    0    0    0    0    1
  crossover        :          0       0.00       0.00          0          0          0    0.00000   -1.00000    1.00000      0.900    0    0    0    0    0    0    0    1
  proximity        :          0       0.00       0.00          0          0          0    0.00000   -1.00000    1.00000      0.900    0    0    0    0    0    0    0    1
  zeroobjective    :          0       0.00       0.00          0          0          0    0.00000   -1.00000    1.00000      0.900    0    0    0    0    0    0    0    1
  dins             :          0       0.00       0.00          0          0          0    0.00000   -1.00000    1.00000      0.900    0    0    0    0    0    0    0    1
  trustregion      :          0       0.00       0.00          0          0          0    0.00000   -1.00000    1.00000      0.900    0    0    0    0    0    0    0    0
LP                 :       Time      Calls Iterations  Iter/call   Iter/sec  Time-0-It Calls-0-It    ItLimit
  primal LP        :       0.00         10          0       0.00          -       0.00         10
  dual LP          :       0.00        447       8992      30.79          -       0.00        155
  lex dual LP      :       0.00          0          0       0.00          -
  barrier LP       :       0.00          0          0       0.00          -       0.00          0
  resolve instable :       0.00          0          0       0.00          -
  diving/probing LP:       1.00         13       1538     118.31    1538.00
  strong branching :       6.00        930      78088      83.97   13014.67          -          -         10
    (at root node) :          -         20       7982     399.10          -
  conflict analysis:       0.00        293       2728       9.31          -
B&B Tree           :
  number of runs   :          1
  nodes            :        101 (52 internal, 49 leaves)
  feasible leaves  :          4
  infeas. leaves   :          2
  objective leaves :         43
  nodes (total)    :        101 (52 internal, 49 leaves)
  nodes left       :          0
  max depth        :         12
  max depth (total):         12
  backtracks       :         28 (27.7%)
  early backtracks :          0 (0.0%)
  nodes exc. ref.  :          0 (0.0%)
  delayed cutoffs  :          0
  repropagations   :          0 (0 domain reductions, 0 cutoffs)
  avg switch length:       3.07
  switching time   :       0.00
Estim. Tree Size   :        105
Estimation Tree    : 105 nodes (105 visited, 52 internal, 53 leaves, 0 open), weight: 1.0000 completed 1.0000
Estimations        :      estim      value      trend resolution     smooth
  wbe              :        105          -          -          -          -
  tree-profile     :         -1          -          -          -          -
  gap              :        105    1.00000    0.05943          1        390
  tree-weight      :        105    1.00000    0.06289          1        122
  leaf-frequency   :        105    0.50000    0.00141          1        107
  ssg              :        105   -0.00000   -0.02122          1        108
  open-nodes       :        105    0.00000   -0.49600          1        106
Root Node          :
  First LP value   : -6.53471001717554e-02
  First LP Iters   :        264
  First LP Time    :       0.00
  Final Dual Bound : +1.60123152324740e-02
  Final Root Iters :       1720
  Root LP Estimate : +1.91820721062926e-01
Solution           :
  Solutions found  :         43 (11 improvements)
  First Solution   : +9.57298621023954e-02   (in run 1, after 1 nodes, 0.00 seconds, depth 27, found by <clique>)
  Gap First Sol.   :   infinite
  Gap Last Sol.    :     232.35 %
  Primal Bound     : +1.60123152324740e-02   (in run 1, after 81 nodes, 10.00 seconds, depth 12, found by <relaxation>)
  Dual Bound       : +1.60123152324740e-02
  Gap              :       0.00 %
Integrals          :      Total       Avg%
  primal-dual      :    1042.64      94.79
  primal-ref       :          -          - (not evaluated)
  dual-ref         :          -          - (not evaluated)
