SCIP version 7.0.2 [precision: 8 byte] [memory: block] [mode: optimized] [LP solver: SoPlex 5.0.2] [GitHash: e9d280a398]
Copyright (C) 2002-2020 Konrad-Zuse-Zentrum fuer Informationstechnik Berlin (ZIB)

External codes: 
  SoPlex 5.0.2         Linear Programming Solver developed at Zuse Institute Berlin (soplex.zib.de) [GitHash: e24c304e]
  CppAD 20180000.0     Algorithmic Differentiation of C++ algorithms developed by B. Bell (www.coin-or.org/CppAD)
  MPIR 3.0.0           Multiple Precision Integers and Rationals Library developed by W. Hart (mpir.org)
  ZIMPL 3.4.0          Zuse Institute Mathematical Programming Language developed by T. Koch (zimpl.zib.de)
  PaPILO 1.0.2         parallel presolve for integer and linear optimization (https://github.com/lgottwald/PaPILO) [GitHash: 62d2842]
  bliss 0.73p          Computing Graph Automorphism Groups by T. Junttila and P. Kaski (http://www.tcs.hut.fi/Software/bliss/)
  Ipopt 3.12.9         Interior Point Optimizer developed by A. Waechter et.al. (www.coin-or.org/Ipopt)

user parameter file <scip.set> not found - using default parameters

read problem <C:\Users\Claubit\Documents\GitHub\embedding\src\lp\scenarioA2_N64_B0.2_classical\IPL_linearized_N64q3.00B12.lp>
============

original problem has 4160 variables (0 bin, 4160 int, 0 impl, 0 cont) and 12289 constraints

solve problem
=============

presolving:
(round 1, fast)       64 del vars, 64 del conss, 0 add conss, 0 chg bounds, 64 chg sides, 64 chg coeffs, 0 upgd conss, 0 impls, 8064 clqs
(round 2, fast)       64 del vars, 192 del conss, 0 add conss, 0 chg bounds, 64 chg sides, 64 chg coeffs, 0 upgd conss, 0 impls, 8064 clqs
   (0.0s) running MILP presolver
   (0.0s) MILP presolver found nothing
(round 3, exhaustive) 64 del vars, 192 del conss, 0 add conss, 0 chg bounds, 64 chg sides, 64 chg coeffs, 12096 upgd conss, 0 impls, 8064 clqs
(round 4, exhaustive) 64 del vars, 12288 del conss, 4032 add conss, 0 chg bounds, 64 chg sides, 64 chg coeffs, 12096 upgd conss, 0 impls, 8064 clqs
(round 5, exhaustive) 2080 del vars, 14304 del conss, 4032 add conss, 0 chg bounds, 64 chg sides, 64 chg coeffs, 12096 upgd conss, 0 impls, 4032 clqs
   (0.0s) probing: 51/2080 (2.5%) - 0 fixings, 0 aggregations, 0 implications, 0 bound changes
   (0.0s) probing aborted: 50/50 successive totally useless probings
   (0.0s) symmetry computation started: requiring (bin +, int -, cont +), (fixed: bin -, int +, cont -)
   (0.0s) no symmetry present
presolving (6 rounds: 6 fast, 4 medium, 4 exhaustive):
 2080 deleted vars, 14304 deleted constraints, 4032 added constraints, 0 tightened bounds, 0 added holes, 64 changed sides, 64 changed coefficients
 0 implications, 4032 cliques
presolved problem has 2080 variables (2080 bin, 0 int, 0 impl, 0 cont) and 2017 constraints
   2016 constraints of type <and>
      1 constraints of type <linear>
Presolving Time: 0.00

 time | node  | left  |LP iter|LP it/n|mem/heur|mdpt |vars |cons |rows |cuts |sepa|confs|strbr|  dualbound   | primalbound  |  gap   | compl. 
p 0.0s|     1 |     0 |     0 |     - |  clique|   0 |2080 |2017 |4033 |   0 |  0 |   0 |   0 |-4.075529e-01 |-2.479142e-02 |1543.93%| unknown
  0.0s|     1 |     0 |   727 |     - |    46M |   0 |2080 |2017 |4033 |   0 |  0 |   0 |   0 |-1.080883e-01 |-2.479142e-02 | 335.99%| unknown
  1.0s|     1 |     0 |  1040 |     - |    47M |   0 |2080 |2017 |4319 | 286 |  1 |   0 |   0 |-8.678797e-02 |-2.479142e-02 | 250.07%| unknown
r 1.0s|     1 |     0 |  1040 |     - |shifting|   0 |2080 |2017 |4319 | 286 |  1 |   0 |   0 |-8.678797e-02 |-4.739513e-02 |  83.12%| unknown
  1.0s|     1 |     0 |  1341 |     - |    49M |   0 |2080 |2017 |4454 | 421 |  2 |   0 |   0 |-7.706451e-02 |-4.739513e-02 |  62.60%| unknown
r 1.0s|     1 |     0 |  1341 |     - |shifting|   0 |2080 |2017 |4454 | 421 |  2 |   0 |   0 |-7.706451e-02 |-4.963550e-02 |  55.26%| unknown
  1.0s|     1 |     0 |  1522 |     - |    50M |   0 |2080 |2017 |4515 | 482 |  3 |   0 |   0 |-7.430838e-02 |-4.963550e-02 |  49.71%| unknown
r 1.0s|     1 |     0 |  1522 |     - |shifting|   0 |2080 |2017 |4514 | 482 |  3 |   0 |   0 |-7.430838e-02 |-5.616803e-02 |  32.30%| unknown
  1.0s|     1 |     0 |  1522 |     - |    50M |   0 |2080 |2017 |4514 | 482 |  3 |   0 |   0 |-7.430838e-02 |-5.616803e-02 |  32.30%| unknown
  1.0s|     1 |     0 |  1522 |     - |    50M |   0 |2080 |2017 |4510 | 482 |  3 |   0 |   0 |-7.430838e-02 |-5.616803e-02 |  32.30%| unknown
  2.0s|     1 |     0 |  1675 |     - |    51M |   0 |2080 |2017 |4558 | 530 |  4 |   0 |   0 |-7.302439e-02 |-5.616803e-02 |  30.01%| unknown
  2.0s|     1 |     0 |  1675 |     - |    51M |   0 |2080 |2017 |4554 | 530 |  4 |   0 |   0 |-7.302439e-02 |-5.616803e-02 |  30.01%| unknown
  2.0s|     1 |     0 |  1704 |     - |    51M |   0 |2080 |2017 |4563 | 539 |  5 |   0 |   0 |-7.280650e-02 |-5.616803e-02 |  29.62%| unknown
  2.0s|     1 |     0 |  1704 |     - |    51M |   0 |2080 |2017 |4561 | 539 |  5 |   0 |   0 |-7.280650e-02 |-5.616803e-02 |  29.62%| unknown
  3.0s|     1 |     0 |  1810 |     - |    52M |   0 |2080 |2017 |4583 | 561 |  6 |   0 |   0 |-7.205900e-02 |-5.616803e-02 |  28.29%| unknown
 time | node  | left  |LP iter|LP it/n|mem/heur|mdpt |vars |cons |rows |cuts |sepa|confs|strbr|  dualbound   | primalbound  |  gap   | compl. 
r 3.0s|     1 |     0 |  1810 |     - |shifting|   0 |2080 |2017 |4581 | 561 |  6 |   0 |   0 |-7.205900e-02 |-6.174624e-02 |  16.70%| unknown
  3.0s|     1 |     0 |  1810 |     - |    52M |   0 |2080 |2017 |4581 | 561 |  6 |   0 |   0 |-7.205900e-02 |-6.174624e-02 |  16.70%| unknown
  3.0s|     1 |     0 |  1810 |     - |    52M |   0 |2080 |2017 |4439 | 561 |  6 |   0 |   0 |-7.205900e-02 |-6.174624e-02 |  16.70%| unknown
  4.0s|     1 |     0 |  1868 |     - |    54M |   0 |2080 |2017 |4445 | 571 |  7 |   0 |   0 |-7.155069e-02 |-6.174624e-02 |  15.88%| unknown
  4.0s|     1 |     0 |  1868 |     - |    54M |   0 |2080 |2017 |4432 | 571 |  7 |   0 |   0 |-7.155069e-02 |-6.174624e-02 |  15.88%| unknown
  5.0s|     1 |     0 |  1879 |     - |    56M |   0 |2080 |2017 |4436 | 575 |  8 |   0 |   0 |-7.146085e-02 |-6.174624e-02 |  15.73%| unknown
  6.0s|     1 |     0 |  1908 |     - |    56M |   0 |2080 |2017 |4441 | 580 |  9 |   0 |   0 |-7.131871e-02 |-6.174624e-02 |  15.50%| unknown
  6.0s|     1 |     0 |  1908 |     - |    57M |   0 |2080 |2017 |4433 | 580 |  9 |   0 |   0 |-7.131871e-02 |-6.174624e-02 |  15.50%| unknown
  6.0s|     1 |     0 |  1982 |     - |    57M |   0 |2080 |2017 |4438 | 585 | 10 |   0 |   0 |-7.106390e-02 |-6.174624e-02 |  15.09%| unknown
  6.0s|     1 |     0 |  1982 |     - |    57M |   0 |2080 |2018 |4431 | 585 | 10 |   1 |   0 |-7.106390e-02 |-6.174624e-02 |  15.09%| unknown
  7.0s|     1 |     0 |  2004 |     - |    58M |   0 |2080 |2018 |4419 | 595 | 11 |   1 |   0 |-7.100195e-02 |-6.174624e-02 |  14.99%| unknown
  7.0s|     1 |     0 |  2004 |     - |    58M |   0 |2080 |2018 |4418 | 595 | 11 |   1 |   0 |-7.100195e-02 |-6.174624e-02 |  14.99%| unknown
  7.0s|     1 |     0 |  2052 |     - |    59M |   0 |2080 |2018 |4421 | 598 | 12 |   1 |   0 |-7.091419e-02 |-6.174624e-02 |  14.85%| unknown
  7.0s|     1 |     0 |  2052 |     - |    59M |   0 |2080 |2018 |4415 | 598 | 12 |   1 |   0 |-7.091419e-02 |-6.174624e-02 |  14.85%| unknown
  8.0s|     1 |     0 |  2092 |     - |    60M |   0 |2080 |2018 |4417 | 600 | 13 |   1 |   0 |-7.081143e-02 |-6.174624e-02 |  14.68%| unknown
 time | node  | left  |LP iter|LP it/n|mem/heur|mdpt |vars |cons |rows |cuts |sepa|confs|strbr|  dualbound   | primalbound  |  gap   | compl. 
  8.0s|     1 |     0 |  2092 |     - |    60M |   0 |2080 |2018 |4352 | 600 | 13 |   1 |   0 |-7.081143e-02 |-6.174624e-02 |  14.68%| unknown
  8.0s|     1 |     0 |  2110 |     - |    61M |   0 |2080 |2018 |4347 | 604 | 14 |   1 |   0 |-7.072885e-02 |-6.174624e-02 |  14.55%| unknown
  8.0s|     1 |     0 |  2137 |     - |    62M |   0 |2080 |2019 |4349 | 606 | 15 |   2 |   0 |-7.069912e-02 |-6.174624e-02 |  14.50%| unknown
  9.0s|     1 |     0 |  2146 |     - |    63M |   0 |2080 |2023 |4350 | 607 | 16 |   6 |   0 |-7.067726e-02 |-6.174624e-02 |  14.46%| unknown
  9.0s|     1 |     0 |  2173 |     - |    64M |   0 |2080 |2023 |4326 | 608 | 17 |   6 |   0 |-7.065400e-02 |-6.174624e-02 |  14.43%| unknown
 10.0s|     1 |     0 |  2184 |     - |    65M |   0 |2080 |2023 |4327 | 609 | 18 |   6 |   0 |-7.064899e-02 |-6.174624e-02 |  14.42%| unknown
 10.0s|     1 |     0 |  2206 |     - |    67M |   0 |2080 |2023 |4330 | 612 | 19 |   6 |   0 |-7.062942e-02 |-6.174624e-02 |  14.39%| unknown
 11.0s|     1 |     0 |  2226 |     - |    67M |   0 |2080 |2023 |4331 | 613 | 20 |   6 |   0 |-7.061791e-02 |-6.174624e-02 |  14.37%| unknown
 11.0s|     1 |     0 |  2257 |     - |    67M |   0 |2080 |2024 |4333 | 615 | 21 |   7 |   0 |-7.059046e-02 |-6.174624e-02 |  14.32%| unknown
 11.0s|     1 |     0 |  2266 |     - |    67M |   0 |2080 |2024 |4334 | 616 | 22 |   7 |   0 |-7.058858e-02 |-6.174624e-02 |  14.32%| unknown
 11.0s|     1 |     0 |  2269 |     - |    67M |   0 |2080 |2024 |4320 | 617 | 23 |   7 |   0 |-7.058757e-02 |-6.174624e-02 |  14.32%| unknown
 11.0s|     1 |     0 |  2269 |     - |    67M |   0 |2080 |1899 |4341 | 617 | 23 |   7 |   0 |-7.058757e-02 |-6.174624e-02 |  14.32%| unknown
 11.0s|     1 |     0 |  2295 |     - |    67M |   0 |2080 |1899 |4343 | 619 | 24 |   7 |   0 |-7.057285e-02 |-6.174624e-02 |  14.29%| unknown
 11.0s|     1 |     0 |  2301 |     - |    68M |   0 |2080 |1899 |4345 | 621 | 25 |   7 |   0 |-7.057251e-02 |-6.174624e-02 |  14.29%| unknown
 11.0s|     1 |     0 |  2308 |     - |    68M |   0 |2080 |1899 |4346 | 622 | 26 |   7 |   0 |-7.057221e-02 |-6.174624e-02 |  14.29%| unknown
 time | node  | left  |LP iter|LP it/n|mem/heur|mdpt |vars |cons |rows |cuts |sepa|confs|strbr|  dualbound   | primalbound  |  gap   | compl. 
 11.0s|     1 |     0 |  2320 |     - |    68M |   0 |2080 |1900 |4347 | 623 | 27 |   8 |   0 |-7.057085e-02 |-6.174624e-02 |  14.29%| unknown
 11.0s|     1 |     0 |  2335 |     - |    68M |   0 |2080 |1901 |4348 | 624 | 28 |   9 |   0 |-7.056702e-02 |-6.174624e-02 |  14.29%| unknown
 11.0s|     1 |     0 |  2342 |     - |    68M |   0 |2080 |1901 |4338 | 625 | 29 |   9 |   0 |-7.056612e-02 |-6.174624e-02 |  14.28%| unknown
 12.0s|     1 |     0 |  6172 |     - |    68M |   0 |2080 |1902 |4338 | 625 | 31 |  12 |   3 |-7.005449e-02 |-6.174624e-02 |  13.46%| unknown
(run 1, node 1) restarting after 210 global fixings of integer variables

(restart) converted 405 cuts from the global cut pool into linear constraints

presolving:
(round 1, fast)       210 del vars, 31 del conss, 0 add conss, 0 chg bounds, 0 chg sides, 0 chg coeffs, 0 upgd conss, 0 impls, 3638 clqs
(round 2, exhaustive) 210 del vars, 31 del conss, 0 add conss, 0 chg bounds, 0 chg sides, 0 chg coeffs, 380 upgd conss, 0 impls, 3638 clqs
(round 3, medium)     210 del vars, 34 del conss, 4 add conss, 0 chg bounds, 4 chg sides, 8 chg coeffs, 380 upgd conss, 0 impls, 3639 clqs
presolving (4 rounds: 4 fast, 3 medium, 2 exhaustive):
 210 deleted vars, 34 deleted constraints, 4 added constraints, 0 tightened bounds, 0 added holes, 4 changed sides, 8 changed coefficients
 0 implications, 3639 cliques
presolved problem has 1870 variables (1870 bin, 0 int, 0 impl, 0 cont) and 2216 constraints
     72 constraints of type <knapsack>
    330 constraints of type <setppc>
   1809 constraints of type <and>
      1 constraints of type <linear>
      4 constraints of type <logicor>
Presolving Time: 0.00
transformed 10/10 original solutions to the transformed problem space

 time | node  | left  |LP iter|LP it/n|mem/heur|mdpt |vars |cons |rows |cuts |sepa|confs|strbr|  dualbound   | primalbound  |  gap   | compl. 
 12.0s|     1 |     0 |  7346 |     - |    70M |   0 |1870 |2216 |4021 |   0 |  0 |  12 |   3 |-7.005449e-02 |-6.174624e-02 |  13.46%| unknown
 13.0s|     1 |     0 |  7932 |     - |    70M |   0 |1870 |2216 |4107 |  86 |  1 |  12 |   3 |-7.005449e-02 |-6.174624e-02 |  13.46%| unknown
 13.0s|     1 |     0 |  7932 |     - |    70M |   0 |1870 |2216 |4103 |  86 |  1 |  12 |   3 |-7.005449e-02 |-6.174624e-02 |  13.46%| unknown
 14.0s|     1 |     0 |  8101 |     - |    72M |   0 |1870 |2216 |4139 | 122 |  2 |  12 |   3 |-7.005449e-02 |-6.174624e-02 |  13.46%| unknown
 14.0s|     1 |     0 |  8101 |     - |    72M |   0 |1870 |2216 |4135 | 122 |  2 |  12 |   3 |-7.005449e-02 |-6.174624e-02 |  13.46%| unknown
 14.0s|     1 |     0 |  8214 |     - |    73M |   0 |1870 |2216 |4147 | 134 |  3 |  12 |   3 |-7.005449e-02 |-6.174624e-02 |  13.46%| unknown
 15.0s|     1 |     0 |  8279 |     - |    75M |   0 |1870 |2216 |4161 | 148 |  4 |  12 |   3 |-7.005449e-02 |-6.174624e-02 |  13.46%| unknown
 16.0s|     1 |     0 |  8341 |     - |    77M |   0 |1870 |2216 |4167 | 154 |  5 |  12 |   3 |-7.001975e-02 |-6.174624e-02 |  13.40%| unknown
 16.0s|     1 |     0 |  8341 |     - |    77M |   0 |1870 |2216 |4166 | 154 |  5 |  12 |   3 |-7.001975e-02 |-6.174624e-02 |  13.40%| unknown
 17.0s|     1 |     0 |  8380 |     - |    78M |   0 |1870 |2216 |4172 | 160 |  6 |  12 |   3 |-6.996575e-02 |-6.174624e-02 |  13.31%| unknown
 18.0s|     1 |     0 |  8421 |     - |    81M |   0 |1870 |2216 |4176 | 164 |  7 |  12 |   3 |-6.988046e-02 |-6.174624e-02 |  13.17%| unknown
 18.0s|     1 |     0 |  8421 |     - |    81M |   0 |1870 |2217 |4174 | 164 |  7 |  13 |   3 |-6.988046e-02 |-6.174624e-02 |  13.17%| unknown
 19.0s|     1 |     0 |  8450 |     - |    83M |   0 |1870 |2217 |4179 | 169 |  8 |  13 |   3 |-6.983652e-02 |-6.174624e-02 |  13.10%| unknown
 19.0s|     1 |     0 |  8450 |     - |    83M |   0 |1870 |2217 |4178 | 169 |  8 |  13 |   3 |-6.983652e-02 |-6.174624e-02 |  13.10%| unknown
 20.0s|     1 |     0 |  8509 |     - |    85M |   0 |1870 |2217 |4180 | 171 |  9 |  13 |   3 |-6.971213e-02 |-6.174624e-02 |  12.90%| unknown
 time | node  | left  |LP iter|LP it/n|mem/heur|mdpt |vars |cons |rows |cuts |sepa|confs|strbr|  dualbound   | primalbound  |  gap   | compl. 
 20.0s|     1 |     0 |  8509 |     - |    86M |   0 |1870 |2217 |4178 | 171 |  9 |  13 |   3 |-6.971213e-02 |-6.174624e-02 |  12.90%| unknown
 21.0s|     1 |     0 |  8564 |     - |    88M |   0 |1870 |2217 |4182 | 175 | 10 |  13 |   3 |-6.964550e-02 |-6.174624e-02 |  12.79%| unknown
 22.0s|     1 |     0 |  8619 |     - |    89M |   0 |1870 |2218 |4184 | 177 | 11 |  14 |   3 |-6.961227e-02 |-6.174624e-02 |  12.74%| unknown
 22.0s|     1 |     0 |  8619 |     - |    89M |   0 |1870 |2218 |4183 | 177 | 11 |  14 |   3 |-6.961227e-02 |-6.174624e-02 |  12.74%| unknown
 22.0s|     1 |     0 |  8698 |     - |    91M |   0 |1870 |2218 |4187 | 181 | 12 |  14 |   3 |-6.952199e-02 |-6.174624e-02 |  12.59%| unknown
 22.0s|     1 |     0 |  8698 |     - |    91M |   0 |1870 |2219 |4185 | 181 | 12 |  15 |   3 |-6.952199e-02 |-6.174624e-02 |  12.59%| unknown
 23.0s|     1 |     0 |  8715 |     - |    92M |   0 |1870 |2219 |4156 | 187 | 13 |  15 |   3 |-6.951701e-02 |-6.174624e-02 |  12.59%| unknown
 23.0s|     1 |     0 |  8735 |     - |    92M |   0 |1870 |2219 |4158 | 189 | 14 |  15 |   3 |-6.949503e-02 |-6.174624e-02 |  12.55%| unknown
 24.0s|     1 |     0 |  8771 |     - |    92M |   0 |1870 |2219 |4161 | 192 | 15 |  15 |   3 |-6.947104e-02 |-6.174624e-02 |  12.51%| unknown
 24.0s|     1 |     0 |  8784 |     - |    94M |   0 |1870 |2219 |4163 | 194 | 16 |  15 |   3 |-6.946841e-02 |-6.174624e-02 |  12.51%| unknown
 25.0s|     1 |     0 |  8800 |     - |    95M |   0 |1870 |2219 |4164 | 195 | 17 |  15 |   3 |-6.946400e-02 |-6.174624e-02 |  12.50%| unknown
 26.0s|     1 |     0 |  8817 |     - |    96M |   0 |1870 |2219 |4166 | 197 | 18 |  15 |   3 |-6.945875e-02 |-6.174624e-02 |  12.49%| unknown
 26.0s|     1 |     0 |  8839 |     - |    96M |   0 |1870 |2223 |4146 | 198 | 19 |  19 |   3 |-6.945300e-02 |-6.174624e-02 |  12.48%| unknown
 26.0s|     1 |     0 |  8839 |     - |    96M |   0 |1870 |2224 |4163 | 198 | 19 |  20 |   3 |-6.945300e-02 |-6.174624e-02 |  12.48%| unknown
 27.0s|     1 |     0 |  8845 |     - |    96M |   0 |1870 |2224 |4164 | 199 | 20 |  20 |   3 |-6.945260e-02 |-6.174624e-02 |  12.48%| unknown
 time | node  | left  |LP iter|LP it/n|mem/heur|mdpt |vars |cons |rows |cuts |sepa|confs|strbr|  dualbound   | primalbound  |  gap   | compl. 
 27.0s|     1 |     0 |  8894 |     - |    96M |   0 |1870 |2225 |4165 | 200 | 21 |  21 |   3 |-6.944659e-02 |-6.174624e-02 |  12.47%| unknown
 27.0s|     1 |     0 |  8914 |     - |    96M |   0 |1870 |2225 |4167 | 202 | 22 |  21 |   3 |-6.944536e-02 |-6.174624e-02 |  12.47%| unknown
 27.0s|     1 |     0 |  8950 |     - |    97M |   0 |1870 |2225 |4169 | 204 | 23 |  21 |   3 |-6.944161e-02 |-6.174624e-02 |  12.46%| unknown
 27.0s|     1 |     0 |  8967 |     - |    97M |   0 |1870 |2225 |4170 | 205 | 24 |  21 |   3 |-6.943823e-02 |-6.174624e-02 |  12.46%| unknown
 27.0s|     1 |     0 |  9003 |     - |    97M |   0 |1870 |2226 |4157 | 207 | 25 |  22 |   3 |-6.943360e-02 |-6.174624e-02 |  12.45%| unknown
 27.0s|     1 |     0 |  9029 |     - |    97M |   0 |1870 |2226 |4159 | 209 | 26 |  22 |   3 |-6.943250e-02 |-6.174624e-02 |  12.45%| unknown
 27.0s|     1 |     0 |  9036 |     - |    97M |   0 |1870 |2226 |4160 | 210 | 27 |  22 |   3 |-6.943230e-02 |-6.174624e-02 |  12.45%| unknown
 27.0s|     1 |     0 |  9045 |     - |    97M |   0 |1870 |2226 |4161 | 211 | 28 |  22 |   3 |-6.943189e-02 |-6.174624e-02 |  12.45%| unknown
 27.0s|     1 |     0 |  9072 |     - |    97M |   0 |1870 |2226 |4162 | 212 | 29 |  22 |   3 |-6.942831e-02 |-6.174624e-02 |  12.44%| unknown
 27.0s|     1 |     0 |  9083 |     - |    97M |   0 |1870 |2226 |4163 | 213 | 30 |  22 |   3 |-6.942762e-02 |-6.174624e-02 |  12.44%| unknown
 29.0s|     1 |     2 | 10571 |     - |    97M |   0 |1870 |2226 |4163 | 213 | 30 |  22 |  22 |-6.785647e-02 |-6.174624e-02 |   9.90%| unknown
*33.0s|     4 |     1 | 12442 |1797.3 |strongbr|   2 |1870 |2253 |4192 | 288 | 10 |  49 | 179 |-6.785647e-02 |-6.255729e-02 |   8.47%|  11.25%
*34.0s|     5 |     0 | 13650 |1679.4 |strongbr|   2 |1870 |1305 |4274 | 308 | 13 |  74 | 213 |-6.320030e-02 |-6.306699e-02 |   0.21%|  76.72%

SCIP Status        : problem is solved [optimal solution found]
Solving Time (sec) : 34.00
Solving Nodes      : 5 (total of 6 nodes in 2 runs)
Primal Bound       : -6.30669891107031e-02 (25 solutions)
Dual Bound         : -6.30669891107031e-02
Gap                : 0.00 %

primal solution (original space):
=================================

objective value:                  -0.0630669891107031
y(4,4)                                              1 	(obj:0.000575296063089383)
y(4,9)                                              1 	(obj:0.000137857328324552)
y(4,12)                                             1 	(obj:0.000284802048662334)
y(4,22)                                             1 	(obj:0.000124382388872206)
y(4,24)                                             1 	(obj:-0.000171034459475046)
y(4,26)                                             1 	(obj:0.000138779917084244)
y(4,33)                                             1 	(obj:6.08641600415541e-05)
y(4,38)                                             1 	(obj:0.000282938020122151)
y(4,46)                                             1 	(obj:5.46747803446944e-05)
y(4,49)                                             1 	(obj:8.88621857299438e-05)
y(4,61)                                             1 	(obj:0.000121030824497847)
y(4,63)                                             1 	(obj:0.000506914603759505)
y(9,4)                                              1 	(obj:0.000137857328324552)
y(9,9)                                              1 	(obj:0.00037050514462136)
y(9,12)                                             1 	(obj:0.000196764759493653)
y(9,22)                                             1 	(obj:-5.17978380136416e-05)
y(9,24)                                             1 	(obj:-5.48166114577953e-05)
y(9,26)                                             1 	(obj:0.000135504949627614)
y(9,33)                                             1 	(obj:0.000204900709402086)
y(9,38)                                             1 	(obj:0.000155894964793706)
y(9,46)                                             1 	(obj:0.000149213120664567)
y(9,49)                                             1 	(obj:-9.58185139738918e-05)
y(9,61)                                             1 	(obj:0.00038897215006696)
y(9,63)                                             1 	(obj:1.06695447497346e-05)
y(12,4)                                             1 	(obj:0.000284802048662334)
y(12,9)                                             1 	(obj:0.000196764759493653)
y(12,12)                                            1 	(obj:0.000540023207062575)
y(12,22)                                            1 	(obj:6.02462531325867e-05)
y(12,24)                                            1 	(obj:-0.000302350219264856)
y(12,26)                                            1 	(obj:0.000264998547036198)
y(12,33)                                            1 	(obj:0.000242992363111907)
y(12,38)                                            1 	(obj:0.00023476987090546)
y(12,46)                                            1 	(obj:-3.39958378398962e-05)
y(12,49)                                            1 	(obj:1.65782087110516e-05)
y(12,61)                                            1 	(obj:0.000158370688776412)
y(12,63)                                            1 	(obj:0.000261962292963806)
y(22,4)                                             1 	(obj:0.000124382388872206)
y(22,9)                                             1 	(obj:-5.17978380136416e-05)
y(22,12)                                            1 	(obj:6.02462531325867e-05)
y(22,22)                                            1 	(obj:0.000453890892309534)
y(22,24)                                            1 	(obj:0.000318217040491226)
y(22,26)                                            1 	(obj:-1.82923027762281e-05)
y(22,33)                                            1 	(obj:-6.81714082907977e-06)
y(22,38)                                            1 	(obj:0.000256714130141353)
y(22,46)                                            1 	(obj:8.42430944891096e-05)
y(22,49)                                            1 	(obj:0.000223895419770286)
y(22,61)                                            1 	(obj:-4.21039104204992e-05)
y(22,63)                                            1 	(obj:0.000336646251353932)
y(24,4)                                             1 	(obj:-0.000171034459475046)
y(24,9)                                             1 	(obj:-5.48166114577953e-05)
y(24,12)                                            1 	(obj:-0.000302350219264856)
y(24,22)                                            1 	(obj:0.000318217040491226)
y(24,24)                                            1 	(obj:0.00118698178942308)
y(24,26)                                            1 	(obj:-0.000273149240056183)
y(24,33)                                            1 	(obj:-0.000361255588813066)
y(24,38)                                            1 	(obj:-2.22680070159924e-05)
y(24,46)                                            1 	(obj:0.000185573843958456)
y(24,49)                                            1 	(obj:0.000207433397086138)
y(24,61)                                            1 	(obj:-2.25202534777366e-05)
y(24,63)                                            1 	(obj:0.000174726201673362)
y(26,4)                                             1 	(obj:0.000138779917084244)
y(26,9)                                             1 	(obj:0.000135504949627614)
y(26,12)                                            1 	(obj:0.000264998547036198)
y(26,22)                                            1 	(obj:-1.82923027762281e-05)
y(26,24)                                            1 	(obj:-0.000273149240056183)
y(26,26)                                            1 	(obj:0.000582638971407908)
y(26,33)                                            1 	(obj:0.000356320156474136)
y(26,38)                                            1 	(obj:0.000323012929266191)
y(26,46)                                            1 	(obj:7.60136896502823e-05)
y(26,49)                                            1 	(obj:-1.19470467273651e-05)
y(26,61)                                            1 	(obj:0.00018965955434423)
y(26,63)                                            1 	(obj:9.31879486572859e-05)
y(33,4)                                             1 	(obj:6.08641600415541e-05)
y(33,9)                                             1 	(obj:0.000204900709402086)
y(33,12)                                            1 	(obj:0.000242992363111907)
y(33,22)                                            1 	(obj:-6.81714082907977e-06)
y(33,24)                                            1 	(obj:-0.000361255588813066)
y(33,26)                                            1 	(obj:0.000356320156474136)
y(33,33)                                            1 	(obj:0.000525846407559808)
y(33,38)                                            1 	(obj:0.000355134758313134)
y(33,46)                                            1 	(obj:0.000144803901394316)
y(33,49)                                            1 	(obj:3.01296869565893e-05)
y(33,61)                                            1 	(obj:0.000267157191892688)
y(33,63)                                            1 	(obj:1.83293108145239e-06)
y(38,4)                                             1 	(obj:0.000282938020122151)
y(38,9)                                             1 	(obj:0.000155894964793706)
y(38,12)                                            1 	(obj:0.00023476987090546)
y(38,22)                                            1 	(obj:0.000256714130141353)
y(38,24)                                            1 	(obj:-2.22680070159924e-05)
y(38,26)                                            1 	(obj:0.000323012929266191)
y(38,33)                                            1 	(obj:0.000355134758313134)
y(38,38)                                            1 	(obj:0.000664061452708482)
y(38,46)                                            1 	(obj:0.000292334550359055)
y(38,49)                                            1 	(obj:0.000250921069660344)
y(38,61)                                            1 	(obj:0.000157978686018231)
y(38,63)                                            1 	(obj:0.000378545528642685)
y(46,4)                                             1 	(obj:5.46747803446944e-05)
y(46,9)                                             1 	(obj:0.000149213120664567)
y(46,12)                                            1 	(obj:-3.39958378398962e-05)
y(46,22)                                            1 	(obj:8.42430944891096e-05)
y(46,24)                                            1 	(obj:0.000185573843958456)
y(46,26)                                            1 	(obj:7.60136896502823e-05)
y(46,33)                                            1 	(obj:0.000144803901394316)
y(46,38)                                            1 	(obj:0.000292334550359055)
y(46,46)                                            1 	(obj:0.000404867569151207)
y(46,49)                                            1 	(obj:0.000339041665779879)
y(46,61)                                            1 	(obj:0.000225091846086251)
y(46,63)                                            1 	(obj:0.000142393280218579)
y(49,4)                                             1 	(obj:8.88621857299438e-05)
y(49,9)                                             1 	(obj:-9.58185139738918e-05)
y(49,12)                                            1 	(obj:1.65782087110516e-05)
y(49,22)                                            1 	(obj:0.000223895419770286)
y(49,24)                                            1 	(obj:0.000207433397086138)
y(49,26)                                            1 	(obj:-1.19470467273651e-05)
y(49,33)                                            1 	(obj:3.01296869565893e-05)
y(49,38)                                            1 	(obj:0.000250921069660344)
y(49,46)                                            1 	(obj:0.000339041665779879)
y(49,49)                                            1 	(obj:0.000734336074614853)
y(49,61)                                            1 	(obj:-5.49962571498365e-06)
y(49,63)                                            1 	(obj:0.000342004874001744)
y(61,4)                                             1 	(obj:0.000121030824497847)
y(61,9)                                             1 	(obj:0.00038897215006696)
y(61,12)                                            1 	(obj:0.000158370688776412)
y(61,22)                                            1 	(obj:-4.21039104204992e-05)
y(61,24)                                            1 	(obj:-2.25202534777366e-05)
y(61,26)                                            1 	(obj:0.00018965955434423)
y(61,33)                                            1 	(obj:0.000267157191892688)
y(61,38)                                            1 	(obj:0.000157978686018231)
y(61,46)                                            1 	(obj:0.000225091846086251)
y(61,49)                                            1 	(obj:-5.49962571498365e-06)
y(61,61)                                            1 	(obj:0.000550020286813682)
y(61,63)                                            1 	(obj:0.000127566887846519)
y(63,4)                                             1 	(obj:0.000506914603759505)
y(63,9)                                             1 	(obj:1.06695447497346e-05)
y(63,12)                                            1 	(obj:0.000261962292963806)
y(63,22)                                            1 	(obj:0.000336646251353932)
y(63,24)                                            1 	(obj:0.000174726201673362)
y(63,26)                                            1 	(obj:9.31879486572859e-05)
y(63,33)                                            1 	(obj:1.83293108145239e-06)
y(63,38)                                            1 	(obj:0.000378545528642685)
y(63,46)                                            1 	(obj:0.000142393280218579)
y(63,49)                                            1 	(obj:0.000342004874001744)
y(63,61)                                            1 	(obj:0.000127566887846519)
y(63,63)                                            1 	(obj:0.000935811836595352)
x(4)                                                1 	(obj:-0.0072161870538177)
x(9)                                                1 	(obj:-0.00734965491545315)
x(12)                                               1 	(obj:-0.00659426395713861)
x(22)                                               1 	(obj:-0.00577469461251162)
x(24)                                               1 	(obj:-0.0059640060439669)
x(26)                                               1 	(obj:-0.00907907859942305)
x(33)                                               1 	(obj:-0.00671525470420422)
x(38)                                               1 	(obj:-0.0103811030697323)
x(46)                                               1 	(obj:-0.00625017514616764)
x(49)                                               1 	(obj:-0.00648266643723911)
x(61)                                               1 	(obj:-0.00746616271732443)
x(63)                                               1 	(obj:-0.00869773875033351)

Statistics
==========

SCIP Status        : problem is solved [optimal solution found]
Total Time         :      34.00
  solving          :      34.00
  presolving       :       0.00 (included in solving)
  reading          :       0.00
  copying          :       0.00 (4 #copies) (minimal 0.00, maximal 0.00, average 0.00)
Original Problem   :
  Problem name     : C:\Users\Claubit\Documents\GitHub\embedding\src\lp\scenarioA2_N64_B0.2_classical\IPL_linearized_N64q3.00B12.lp
  Variables        : 4160 (0 binary, 4160 integer, 0 implicit integer, 0 continuous)
  Constraints      : 12289 initial, 12289 maximal
  Objective        : minimize, 4160 non-zeros (abs.min = 3.4523e-09, abs.max = 0.018351)
Presolved Problem  :
  Problem name     : t_C:\Users\Claubit\Documents\GitHub\embedding\src\lp\scenarioA2_N64_B0.2_classical\IPL_linearized_N64q3.00B12.lp
  Variables        : 1870 (1870 binary, 0 integer, 0 implicit integer, 0 continuous)
  Constraints      : 2216 initial, 2254 maximal
  Objective        : minimize, 1870 non-zeros (abs.min = 6.90461e-09, abs.max = 0.0320018)
  Nonzeros         : 8064 constraint, 7214 clique table
Presolvers         :   ExecTime  SetupTime  Calls  FixedVars   AggrVars   ChgTypes  ChgBounds   AddHoles    DelCons    AddCons   ChgSides   ChgCoefs
  boundshift       :       0.00       0.00      0          0          0          0          0          0          0          0          0          0
  convertinttobin  :       0.00       0.00      0          0          0          0          0          0          0          0          0          0
  domcol           :       0.00       0.00      2          0          0          0          0          0          0          0          0          0
  dualagg          :       0.00       0.00      0          0          0          0          0          0          0          0          0          0
  dualcomp         :       0.00       0.00      0          0          0          0          0          0          0          0          0          0
  dualinfer        :       0.00       0.00      0          0          0          0          0          0          0          0          0          0
  dualsparsify     :       0.00       0.00      1          0          0          0          0          0          0          0          0          0
  gateextraction   :       0.00       0.00      3          0          0          0          0          0      12096       4032          0          0
  implics          :       0.00       0.00      7          0          0          0          0          0          0          0          0          0
  inttobinary      :       0.00       0.00      0          0          0          0          0          0          0          0          0          0
  milp             :       0.00       0.00      1          0          0          0          0          0          0          0          0          0
  qpkktref         :       0.00       0.00      0          0          0          0          0          0          0          0          0          0
  redvub           :       0.00       0.00      0          0          0          0          0          0          0          0          0          0
  sparsify         :       0.00       0.00      1          0          0          0          0          0          0          0          0          0
  stuffing         :       0.00       0.00      0          0          0          0          0          0          0          0          0          0
  trivial          :       0.00       0.00     10        210          0          0          0          0          0          0          0          0
  tworowbnd        :       0.00       0.00      0          0          0          0          0          0          0          0          0          0
  dualfix          :       0.00       0.00     10          0          0          0          0          0          0          0          0          0
  genvbounds       :       0.00       0.00      0          0          0          0          0          0          0          0          0          0
  probing          :       0.00       0.00      1          0          0          0          0          0          0          0          0          0
  pseudoobj        :       0.00       0.00      1          0          0          0          0          0          0          0          0          0
  symmetry         :       0.00       0.00      1          0          0          0          0          0          0          0          0          0
  vbounds          :       0.00       0.00      2          0          0          0          0          0          0          0          0          0
  knapsack         :       0.00       0.00      5          0          0          0          0          0          2          4          4          8
  setppc           :       0.00       0.00     11          0          0          0          0          0          1          0          0          0
  and              :       0.00       0.00     10          0       2016          0          0          0       2016          0          0          0
  linear           :       0.00       0.00     14          0         64          0          0          0        217          0         64         64
  logicor          :       0.00       0.00     10          0          0          0          0          0          6          0          0          0
  benders          :       0.00       0.00      0          0          0          0          0          0          0          0          0          0
  components       :       0.00       0.00      2          0          0          0          0          0          0          0          0          0
  root node        :          -          -      -       1118          -          -       1118          -          -          -          -          -
Constraints        :     Number  MaxNumber  #Separate #Propagate    #EnfoLP    #EnfoRelax  #EnfoPS    #Check   #ResProp    Cutoffs    DomReds       Cuts    Applied      Conss   Children
  benderslp        :          0          0          0          0         29          0          0         85          0          0          0          0          0          0          0
  integral         :          0          0          0          0         29          0          0         85          0          1        685          0          0         30          4
  knapsack         :         72         72         30       2175          0          0          0          0         33          4         25        173          0          0          0
  setppc           :        330+       365         37       2460          0          0          0         50         87          2        229          2          1          0          0
  and              :       1809       1809        104       3903          0          0          0         79        654         15       1685        882        248          0          0
  linear           :          1          1         60       3847          0          0          0         37         10          8          0          0          0          0          0
  logicor          :          4+        42         50        454          0          0          0          0          1          1          0          0          0          0          0
  benders          :          0          0          0          0          0          0          0         36          0          0          0          0          0          0          0
  countsols        :          0          0          0          0          0          0          0         36          0          0          0          0          0          0          0
  components       :          0          0          0          0          0          0          0          0          0          0          0          0          0          0          0
Constraint Timings :  TotalTime  SetupTime   Separate  Propagate     EnfoLP     EnfoPS     EnfoRelax   Check    ResProp    SB-Prop
  benderslp        :       0.00       0.00       0.00       0.00       0.00       0.00       0.00       0.00       0.00       0.00
  integral         :       7.00       0.00       0.00       0.00       7.00       0.00       0.00       0.00       0.00       0.00
  knapsack         :       0.00       0.00       0.00       0.00       0.00       0.00       0.00       0.00       0.00       0.00
  setppc           :       0.00       0.00       0.00       0.00       0.00       0.00       0.00       0.00       0.00       0.00
  and              :       0.00       0.00       0.00       0.00       0.00       0.00       0.00       0.00       0.00       0.00
  linear           :       0.00       0.00       0.00       0.00       0.00       0.00       0.00       0.00       0.00       0.00
  logicor          :       0.00       0.00       0.00       0.00       0.00       0.00       0.00       0.00       0.00       0.00
  benders          :       0.00       0.00       0.00       0.00       0.00       0.00       0.00       0.00       0.00       0.00
  countsols        :       0.00       0.00       0.00       0.00       0.00       0.00       0.00       0.00       0.00       0.00
  components       :       0.00       0.00       0.00       0.00       0.00       0.00       0.00       0.00       0.00       0.00
Propagators        : #Propagate   #ResProp    Cutoffs    DomReds
  dualfix          :          7          0          0          0
  genvbounds       :          0          0          0          0
  nlobbt           :          0          0          0          0
  obbt             :          0          0          0          0
  probing          :          0          0          0          0
  pseudoobj        :        225          0          0          0
  redcost          :        203          0          0        753
  rootredcost      :          3          0          0         22
  symmetry         :          0          0          0          0
  vbounds          :       3845          0          0          0
Propagator Timings :  TotalTime  SetupTime   Presolve  Propagate    ResProp    SB-Prop
  dualfix          :       0.00       0.00       0.00       0.00       0.00       0.00
  genvbounds       :       0.00       0.00       0.00       0.00       0.00       0.00
  nlobbt           :       0.00       0.00       0.00       0.00       0.00       0.00
  obbt             :       0.00       0.00       0.00       0.00       0.00       0.00
  probing          :       0.00       0.00       0.00       0.00       0.00       0.00
  pseudoobj        :       0.00       0.00       0.00       0.00       0.00       0.00
  redcost          :       0.00       0.00       0.00       0.00       0.00       0.00
  rootredcost      :       0.00       0.00       0.00       0.00       0.00       0.00
  symmetry         :       0.00       0.00       0.00       0.00       0.00       0.00
  vbounds          :       0.00       0.00       0.00       0.00       0.00       0.00
Conflict Analysis  :       Time      Calls    Success    DomReds  Conflicts   Literals    Reconvs ReconvLits   Dualrays   Nonzeros   LP Iters   (pool size: [10000,10000])
  propagation      :       0.00         22         22          -         28       13.2          0        0.0          -          -          -
  infeasible LP    :       0.00          0          0          -          0        0.0          0        0.0          0        0.0          0
  bound exceed. LP :       0.00        105         33          -         72       23.9          0        0.0          4      152.8        734
  strong branching :       0.00          0          0          -          0        0.0          0        0.0          -          -          0
  pseudo solution  :       0.00          0          0          -          0        0.0          0        0.0          -          -          -
  applied globally :       0.00          -          -          3         71       18.0          -          -          4          -          -
  applied locally  :          -          -          -          0          0        0.0          -          -          0          -          -
Separators         :   ExecTime  SetupTime      Calls    Cutoffs    DomReds       Cuts    Applied      Conss
  cut pool         :       0.00                    53          -          -       4324          -          -    (maximal pool size: 3493)
  aggregation      :       0.00       0.00         60          0          0          1          0          0
  cgmip            :       0.00       0.00          0          0          0          0          0          0
  clique           :       0.00       0.00         60          0          0          0          0          0
  closecuts        :       0.00       0.00          0          0          0          0          0          0
  cmir             :       0.00       0.00          0          0          0          0          0          0
  convexproj       :       0.00       0.00          0          0          0          0          0          0
  disjunctive      :       0.00       0.00          0          0          0          0          0          0
  eccuts           :       0.00       0.00          0          0          0          0          0          0
  flowcover        :       0.00       0.00          0          0          0          0          0          0
  gauge            :       0.00       0.00          0          0          0          0          0          0
  gomory           :       4.00       0.00         20          0          0       2380         61          0
  impliedbounds    :       0.00       0.00         60          0         16        717        533          0
  intobj           :       0.00       0.00          0          0          0          0          0          0
  mcf              :       0.00       0.00          2          0          0          0          0          0
  oddcycle         :       0.00       0.00          0          0          0          0          0          0
  rapidlearning    :       0.00       0.00          0          0          0          0          0          0
  strongcg         :      20.00       0.00         40          0          0       3751         16          0
  zerohalf         :       0.00       0.00         40          0          0         94         74          0
Pricers            :   ExecTime  SetupTime      Calls       Vars
  problem variables:       0.00          -          0          0
Branching Rules    :   ExecTime  SetupTime   BranchLP  BranchExt   BranchPS    Cutoffs    DomReds       Cuts      Conss   Children
  allfullstrong    :       0.00       0.00          0          0          0          0          0          0          0          0
  cloud            :       0.00       0.00          0          0          0          0          0          0          0          0
  distribution     :       0.00       0.00          0          0          0          0          0          0          0          0
  fullstrong       :       0.00       0.00          0          0          0          0          0          0          0          0
  inference        :       0.00       0.00          0          0          0          0          0          0          0          0
  leastinf         :       0.00       0.00          0          0          0          0          0          0          0          0
  lookahead        :       0.00       0.00          0          0          0          0          0          0          0          0
  mostinf          :       0.00       0.00          0          0          0          0          0          0          0          0
  multaggr         :       0.00       0.00          0          0          0          0          0          0          0          0
  nodereopt        :       0.00       0.00          0          0          0          0          0          0          0          0
  pscost           :       0.00       0.00          0          0          0          0          0          0          0          0
  random           :       0.00       0.00          0          0          0          0          0          0          0          0
  relpscost        :       7.00       0.00         29          0          0          1        685          0         30          4
  vanillafullstrong:       0.00       0.00          0          0          0          0          0          0          0          0
Primal Heuristics  :   ExecTime  SetupTime      Calls      Found       Best
  LP solutions     :       0.00          -          -          0          0
  relax solutions  :       0.00          -          -          0          0
  pseudo solutions :       0.00          -          -          0          0
  strong branching :       0.00          -          -          2          2
  actconsdiving    :       0.00       0.00          0          0          0
  adaptivediving   :       0.00       0.00          0          0          0
  alns             :       0.00       0.00          1          0          0
  bound            :       0.00       0.00          0          0          0
  clique           :       0.00       0.00          1          1          1
  coefdiving       :       0.00       0.00          0          0          0
  completesol      :       0.00       0.00          0          0          0
  conflictdiving   :       1.00       0.00          2          0          0
  crossover        :       0.00       0.00          0          0          0
  dins             :       0.00       0.00          0          0          0
  distributiondivin:       0.00       0.00          0          0          0
  dualval          :       0.00       0.00          0          0          0
  farkasdiving     :       0.00       0.00          2          0          0
  feaspump         :       0.00       0.00          1          0          0
  fixandinfer      :       0.00       0.00          0          0          0
  fracdiving       :       0.00       0.00          0          0          0
  gins             :       0.00       0.00          0          0          0
  guideddiving     :       0.00       0.00          0          0          0
  indicator        :       0.00       0.00          0          0          0
  intdiving        :       0.00       0.00          0          0          0
  intshifting      :       0.00       0.00          0          0          0
  linesearchdiving :       0.00       0.00          0          0          0
  localbranching   :       0.00       0.00          0          0          0
  locks            :       0.00       0.00          1          0          0
  lpface           :       0.00       0.00          0          0          0
  mpec             :       0.00       0.00          0          0          0
  multistart       :       0.00       0.00          0          0          0
  mutation         :       0.00       0.00          0          0          0
  nlpdiving        :       0.00       0.00          0          0          0
  objpscostdiving  :       0.00       0.00          0          0          0
  octane           :       0.00       0.00          0          0          0
  ofins            :       0.00       0.00          0          0          0
  oneopt           :       0.00       0.00          5          0          0
  padm             :       0.00       0.00          0          0          0
  proximity        :       0.00       0.00          0          0          0
  pscostdiving     :       0.00       0.00          0          0          0
  randrounding     :       0.00       0.00         61          0          0
  rens             :       0.00       0.00          2          0          0
  reoptsols        :       0.00       0.00          0          0          0
  repair           :       0.00       0.00          0          0          0
  rins             :       0.00       0.00          0          0          0
  rootsoldiving    :       0.00       0.00          0          0          0
  rounding         :       0.00       0.00        100          0          0
  shiftandpropagate:       0.00       0.00          0          0          0
  shifting         :       0.00       0.00         61         22          4
  simplerounding   :       0.00       0.00          0          0          0
  subnlp           :       0.00       0.00          0          0          0
  trivial          :       0.00       0.00          2          0          0
  trivialnegation  :       0.00       0.00          0          0          0
  trustregion      :       0.00       0.00          0          0          0
  trysol           :       0.00       0.00          0          0          0
  twoopt           :       0.00       0.00          0          0          0
  undercover       :       1.00       0.00          1          0          0
  vbounds          :       0.00       0.00          2          0          0
  veclendiving     :       0.00       0.00          0          0          0
  zeroobj          :       0.00       0.00          0          0          0
  zirounding       :       0.00       0.00          3          0          0
  other solutions  :          -          -          -          0          -
Diving (single)    :      Calls      Nodes   LP Iters Backtracks  Conflicts   MinDepth   MaxDepth   AvgDepth  RoundSols  NLeafSols  MinSolDpt  MaxSolDpt  AvgSolDpt
  actconsdiving    :          0          -          -          -          -          -          -          -          -          -          -          -          -
  coefdiving       :          0          -          -          -          -          -          -          -          -          -          -          -          -
  conflictdiving   :          2         31        718          2          0         15         16       15.5          0          -          -          -          -
  distributiondivin:          0          -          -          -          -          -          -          -          -          -          -          -          -
  farkasdiving     :          2         32       2530          6          0         14         14       14.0          0          -          -          -          -
  fracdiving       :          0          -          -          -          -          -          -          -          -          -          -          -          -
  guideddiving     :          0          -          -          -          -          -          -          -          -          -          -          -          -
  linesearchdiving :          0          -          -          -          -          -          -          -          -          -          -          -          -
  pscostdiving     :          0          -          -          -          -          -          -          -          -          -          -          -          -
  veclendiving     :          0          -          -          -          -          -          -          -          -          -          -          -          -
Diving (adaptive)  :      Calls      Nodes   LP Iters Backtracks  Conflicts   MinDepth   MaxDepth   AvgDepth  RoundSols  NLeafSols  MinSolDpt  MaxSolDpt  AvgSolDpt
  actconsdiving    :          0          -          -          -          -          -          -          -          -          -          -          -          -
  coefdiving       :          0          -          -          -          -          -          -          -          -          -          -          -          -
  conflictdiving   :          0          -          -          -          -          -          -          -          -          -          -          -          -
  distributiondivin:          0          -          -          -          -          -          -          -          -          -          -          -          -
  farkasdiving     :          0          -          -          -          -          -          -          -          -          -          -          -          -
  fracdiving       :          0          -          -          -          -          -          -          -          -          -          -          -          -
  guideddiving     :          0          -          -          -          -          -          -          -          -          -          -          -          -
  linesearchdiving :          0          -          -          -          -          -          -          -          -          -          -          -          -
  pscostdiving     :          0          -          -          -          -          -          -          -          -          -          -          -          -
  veclendiving     :          0          -          -          -          -          -          -          -          -          -          -          -          -
Neighborhoods      :      Calls  SetupTime  SolveTime SolveNodes       Sols       Best       Exp3  EpsGreedy        UCB TgtFixRate  Opt  Inf Node Stal  Sol  Usr Othr Actv
  rens             :          0       0.00       0.00          0          0          0    0.00000   -1.00000    1.00000      0.900    0    0    0    0    0    0    0    1
  rins             :          0       0.00       0.00          0          0          0    0.00000   -1.00000    1.00000      0.900    0    0    0    0    0    0    0    1
  mutation         :          0       0.00       0.00          0          0          0    0.00000   -1.00000    1.00000      0.900    0    0    0    0    0    0    0    1
  localbranching   :          0       0.00       0.00          0          0          0    0.00000   -1.00000    1.00000      0.900    0    0    0    0    0    0    0    1
  crossover        :          0       0.00       0.00          0          0          0    0.00000   -1.00000    1.00000      0.900    0    0    0    0    0    0    0    1
  proximity        :          0       0.00       0.00          0          0          0    0.00000   -1.00000    1.00000      0.900    0    0    0    0    0    0    0    1
  zeroobjective    :          1       0.00       0.00          1          0          0    0.00000   -1.00000    1.00000      0.700    0    1    0    0    0    0    0    1
  dins             :          0       0.00       0.00          0          0          0    0.00000   -1.00000    1.00000      0.900    0    0    0    0    0    0    0    1
  trustregion      :          0       0.00       0.00          0          0          0    0.00000   -1.00000    1.00000      0.900    0    0    0    0    0    0    0    0
LP                 :       Time      Calls Iterations  Iter/call   Iter/sec  Time-0-It Calls-0-It    ItLimit
  primal LP        :       0.00          8          0       0.00          -       0.00          8
  dual LP          :       1.00        174       7991      71.99    7991.00       0.00         63
  lex dual LP      :       0.00          0          0       0.00          -
  barrier LP       :       0.00          0          0       0.00          -       0.00          0
  resolve instable :       0.00          0          0       0.00          -
  diving/probing LP:       1.00         62       5718      92.23    5718.00
  strong branching :       6.00        214      45067     210.59    7511.17          -          -          3
    (at root node) :          -         22      12138     551.73          -
  conflict analysis:       0.00         77        734       9.53          -
B&B Tree           :
  number of runs   :          2
  nodes            :          5 (2 internal, 3 leaves)
  feasible leaves  :          0
  infeas. leaves   :          1
  objective leaves :          2
  nodes (total)    :          6 (2 internal, 4 leaves)
  nodes left       :          0
  max depth        :          2
  max depth (total):          2
  backtracks       :          1 (20.0%)
  early backtracks :          0 (0.0%)
  nodes exc. ref.  :          0 (0.0%)
  delayed cutoffs  :          0
  repropagations   :          0 (0 domain reductions, 0 cutoffs)
  avg switch length:       2.00
  switching time   :       0.00
Estim. Tree Size   :          5
Estimation Tree    : 5 nodes (5 visited, 2 internal, 3 leaves, 0 open), weight: 1.0000 completed 1.0000
Estimations        :      estim      value      trend resolution     smooth
  wbe              :          5          -          -          -          -
  tree-profile     :         -1          -          -          -          -
  gap              :          5    1.00000    0.65726          1          4
  tree-weight      :          5    1.00000    0.24940          1          6
  leaf-frequency   :          5    0.50000    0.38347          1          5
  ssg              :          5    0.00000   -0.15795          1          8
  open-nodes       :          5    0.00000    1.25510          1          6
Root Node          :
  First LP value   : -1.08088302883740e-01
  First LP Iters   :        727
  First LP Time    :       0.00
  Final Dual Bound : -6.30669891107031e-02
  Final Root Iters :       5253
  Root LP Estimate : -4.37818001467172e-02
Solution           :
  Solutions found  :         25 (8 improvements)
  First Solution   : -2.47914201036220e-02   (in run 1, after 1 nodes, 0.00 seconds, depth 15, found by <clique>)
  Gap First Sol.   :    1543.93 %
  Gap Last Sol.    :       0.21 %
  Primal Bound     : -6.30669891107031e-02   (in run 2, after 5 nodes, 34.00 seconds, depth 3, found by <relaxation>)
  Dual Bound       : -6.30669891107031e-02
  Gap              :       0.00 %
Integrals          :      Total       Avg%
  primal-dual      :     480.87      14.14
  primal-ref       :          -          - (not evaluated)
  dual-ref         :          -          - (not evaluated)
