SCIP version 7.0.2 [precision: 8 byte] [memory: block] [mode: optimized] [LP solver: SoPlex 5.0.2] [GitHash: e9d280a398]
Copyright (C) 2002-2020 Konrad-Zuse-Zentrum fuer Informationstechnik Berlin (ZIB)

External codes: 
  SoPlex 5.0.2         Linear Programming Solver developed at Zuse Institute Berlin (soplex.zib.de) [GitHash: e24c304e]
  CppAD 20180000.0     Algorithmic Differentiation of C++ algorithms developed by B. Bell (www.coin-or.org/CppAD)
  MPIR 3.0.0           Multiple Precision Integers and Rationals Library developed by W. Hart (mpir.org)
  ZIMPL 3.4.0          Zuse Institute Mathematical Programming Language developed by T. Koch (zimpl.zib.de)
  PaPILO 1.0.2         parallel presolve for integer and linear optimization (https://github.com/lgottwald/PaPILO) [GitHash: 62d2842]
  bliss 0.73p          Computing Graph Automorphism Groups by T. Junttila and P. Kaski (http://www.tcs.hut.fi/Software/bliss/)
  Ipopt 3.12.9         Interior Point Optimizer developed by A. Waechter et.al. (www.coin-or.org/Ipopt)

user parameter file <scip.set> not found - using default parameters

read problem <C:\Users\Claubit\Documents\GitHub\embedding\src\lp\scenarioA2_N32_B0.3_classical\IPL_linearized_N32q9.00B9.lp>
============

original problem has 1056 variables (0 bin, 1056 int, 0 impl, 0 cont) and 3073 constraints

solve problem
=============

presolving:
(round 1, fast)       32 del vars, 32 del conss, 0 add conss, 0 chg bounds, 32 chg sides, 32 chg coeffs, 0 upgd conss, 0 impls, 1984 clqs
(round 2, fast)       32 del vars, 96 del conss, 0 add conss, 0 chg bounds, 32 chg sides, 32 chg coeffs, 0 upgd conss, 0 impls, 1984 clqs
   (0.0s) running MILP presolver
   (0.0s) MILP presolver found nothing
(round 3, exhaustive) 32 del vars, 96 del conss, 0 add conss, 0 chg bounds, 32 chg sides, 32 chg coeffs, 2976 upgd conss, 0 impls, 1984 clqs
(round 4, exhaustive) 32 del vars, 3072 del conss, 992 add conss, 0 chg bounds, 32 chg sides, 32 chg coeffs, 2976 upgd conss, 0 impls, 1984 clqs
(round 5, exhaustive) 528 del vars, 3568 del conss, 992 add conss, 0 chg bounds, 32 chg sides, 32 chg coeffs, 2976 upgd conss, 0 impls, 992 clqs
   (0.0s) probing: 51/528 (9.7%) - 0 fixings, 0 aggregations, 0 implications, 0 bound changes
   (0.0s) probing aborted: 50/50 successive totally useless probings
   (0.0s) symmetry computation started: requiring (bin +, int -, cont +), (fixed: bin -, int +, cont -)
   (0.0s) no symmetry present
presolving (6 rounds: 6 fast, 4 medium, 4 exhaustive):
 528 deleted vars, 3568 deleted constraints, 992 added constraints, 0 tightened bounds, 0 added holes, 32 changed sides, 32 changed coefficients
 0 implications, 992 cliques
presolved problem has 528 variables (528 bin, 0 int, 0 impl, 0 cont) and 497 constraints
    496 constraints of type <and>
      1 constraints of type <linear>
Presolving Time: 0.00

 time | node  | left  |LP iter|LP it/n|mem/heur|mdpt |vars |cons |rows |cuts |sepa|confs|strbr|  dualbound   | primalbound  |  gap   | compl. 
p 0.0s|     1 |     0 |     0 |     - |  clique|   0 | 528 | 497 | 993 |   0 |  0 |   0 |   0 |-1.843674e-01 | 2.571916e-02 |    Inf | unknown
  0.0s|     1 |     0 |   222 |     - |    13M |   0 | 528 | 497 | 993 |   0 |  0 |   0 |   0 |-6.157044e-02 | 2.571916e-02 |    Inf | unknown
L 0.0s|     1 |     0 |   222 |     - |undercov|   0 | 528 | 497 | 993 |   0 |  0 |   0 |   0 |-6.157044e-02 | 5.881908e-03 |    Inf | unknown
  0.0s|     1 |     0 |   303 |     - |    13M |   0 | 528 | 497 |1044 |  51 |  1 |   0 |   0 |-4.781302e-02 | 5.881908e-03 |    Inf | unknown
  0.0s|     1 |     0 |   334 |     - |    14M |   0 | 528 | 497 |1066 |  73 |  2 |   0 |   0 |-4.501488e-02 | 5.881908e-03 |    Inf | unknown
r 0.0s|     1 |     0 |   334 |     - |shifting|   0 | 528 | 498 |1066 |  73 |  2 |   1 |   0 |-4.501488e-02 | 5.423031e-03 |    Inf | unknown
  0.0s|     1 |     0 |   372 |     - |    14M |   0 | 528 | 498 |1074 |  81 |  3 |   1 |   0 |-4.211783e-02 | 5.423031e-03 |    Inf | unknown
  0.0s|     1 |     0 |   413 |     - |    15M |   0 | 528 | 502 |1084 |  91 |  4 |   5 |   0 |-4.062121e-02 | 5.423031e-03 |    Inf | unknown
  0.0s|     1 |     0 |   437 |     - |    15M |   0 | 528 | 502 |1110 | 117 |  5 |   5 |   0 |-3.868856e-02 | 5.423031e-03 |    Inf | unknown
  0.0s|     1 |     0 |   496 |     - |    15M |   0 | 528 | 502 |1121 | 128 |  6 |   5 |   0 |-3.524295e-02 | 5.423031e-03 |    Inf | unknown
  0.0s|     1 |     0 |   515 |     - |    15M |   0 | 528 | 502 |1128 | 135 |  7 |   5 |   0 |-3.422247e-02 | 5.423031e-03 |    Inf | unknown
  0.0s|     1 |     0 |   539 |     - |    15M |   0 | 528 | 506 |1133 | 140 |  8 |   9 |   0 |-3.382632e-02 | 5.423031e-03 |    Inf | unknown
  1.0s|     1 |     0 |   603 |     - |    16M |   0 | 528 | 506 |1142 | 149 |  9 |   9 |   0 |-3.230557e-02 | 5.423031e-03 |    Inf | unknown
r 1.0s|     1 |     0 |   603 |     - |shifting|   0 | 528 | 506 |1142 | 149 |  9 |   9 |   0 |-3.230557e-02 | 2.405134e-03 |    Inf | unknown
  1.0s|     1 |     0 |   654 |     - |    16M |   0 | 528 | 506 |1152 | 159 | 10 |   9 |   0 |-3.141455e-02 | 2.405134e-03 |    Inf | unknown
 time | node  | left  |LP iter|LP it/n|mem/heur|mdpt |vars |cons |rows |cuts |sepa|confs|strbr|  dualbound   | primalbound  |  gap   | compl. 
  1.0s|     1 |     0 |   691 |     - |    16M |   0 | 528 | 506 |1158 | 165 | 11 |   9 |   0 |-3.078794e-02 | 2.405134e-03 |    Inf | unknown
  1.0s|     1 |     0 |   710 |     - |    18M |   0 | 528 | 506 |1163 | 170 | 12 |   9 |   0 |-3.037062e-02 | 2.405134e-03 |    Inf | unknown
  1.0s|     1 |     0 |   734 |     - |    18M |   0 | 528 | 509 |1170 | 177 | 13 |  12 |   0 |-2.954279e-02 | 2.405134e-03 |    Inf | unknown
  1.0s|     1 |     0 |   800 |     - |    19M |   0 | 528 | 509 |1178 | 185 | 14 |  12 |   0 |-2.866122e-02 | 2.405134e-03 |    Inf | unknown
  1.0s|     1 |     0 |   888 |     - |    19M |   0 | 528 | 509 |1187 | 194 | 15 |  12 |   0 |-2.734136e-02 | 2.405134e-03 |    Inf | unknown
  1.0s|     1 |     0 |   955 |     - |    19M |   0 | 528 | 509 |1196 | 203 | 16 |  12 |   0 |-2.627935e-02 | 2.405134e-03 |    Inf | unknown
  1.0s|     1 |     0 |   981 |     - |    19M |   0 | 528 | 509 |1196 | 209 | 17 |  12 |   0 |-2.591832e-02 | 2.405134e-03 |    Inf | unknown
  1.0s|     1 |     0 |  1019 |     - |    19M |   0 | 528 | 509 |1200 | 213 | 18 |  12 |   0 |-2.571183e-02 | 2.405134e-03 |    Inf | unknown
  1.0s|     1 |     0 |  1079 |     - |    19M |   0 | 528 | 510 |1204 | 217 | 19 |  13 |   0 |-2.534532e-02 | 2.405134e-03 |    Inf | unknown
  2.0s|     1 |     0 |  1102 |     - |    20M |   0 | 528 | 510 |1209 | 222 | 20 |  13 |   0 |-2.518752e-02 | 2.405134e-03 |    Inf | unknown
  2.0s|     1 |     0 |  1129 |     - |    20M |   0 | 528 | 511 |1212 | 225 | 21 |  14 |   0 |-2.507559e-02 | 2.405134e-03 |    Inf | unknown
r 2.0s|     1 |     0 |  1129 |     - |shifting|   0 | 528 | 511 |1212 | 225 | 21 |  14 |   0 |-2.507559e-02 |-1.515072e-03 |1555.08%| unknown
  2.0s|     1 |     0 |  1135 |     - |    20M |   0 | 528 | 511 |1214 | 227 | 22 |  14 |   0 |-2.507491e-02 |-1.515072e-03 |1555.03%| unknown
  2.0s|     1 |     0 |  1135 |     - |    20M |   0 | 528 | 511 |1211 | 227 | 22 |  14 |   0 |-2.507491e-02 |-1.515072e-03 |1555.03%| unknown
  2.0s|     1 |     0 |  1138 |     - |    20M |   0 | 528 | 511 |1202 | 228 | 23 |  14 |   0 |-2.507296e-02 |-1.515072e-03 |1554.90%| unknown
 time | node  | left  |LP iter|LP it/n|mem/heur|mdpt |vars |cons |rows |cuts |sepa|confs|strbr|  dualbound   | primalbound  |  gap   | compl. 
  2.0s|     1 |     0 |  1167 |     - |    20M |   0 | 528 | 511 |1204 | 230 | 24 |  14 |   0 |-2.504994e-02 |-1.515072e-03 |1553.38%| unknown
  2.0s|     1 |     0 |  1175 |     - |    21M |   0 | 528 | 515 |1205 | 231 | 25 |  18 |   0 |-2.504336e-02 |-1.515072e-03 |1552.95%| unknown
r 2.0s|     1 |     0 |  1175 |     - |shifting|   0 | 528 | 516 |1205 | 231 | 25 |  19 |   0 |-2.504336e-02 |-4.249752e-03 | 489.29%| unknown
  2.0s|     1 |     0 |  1184 |     - |    21M |   0 | 528 | 516 |1206 | 232 | 26 |  19 |   0 |-2.503057e-02 |-4.249752e-03 | 488.99%| unknown
  2.0s|     1 |     0 |  1184 |     - |    21M |   0 | 528 | 517 |1201 | 232 | 26 |  20 |   0 |-2.503057e-02 |-4.249752e-03 | 488.99%| unknown
  2.0s|     1 |     0 |  1193 |     - |    21M |   0 | 528 | 517 |1202 | 233 | 27 |  20 |   0 |-2.502708e-02 |-4.249752e-03 | 488.91%| unknown
  2.0s|     1 |     0 |  1206 |     - |    21M |   0 | 528 | 517 |1203 | 234 | 28 |  20 |   0 |-2.502185e-02 |-4.249752e-03 | 488.78%| unknown
  2.0s|     1 |     0 |  1206 |     - |    21M |   0 | 528 | 517 |1211 | 234 | 30 |  20 |   0 |-2.502185e-02 |-4.249752e-03 | 488.78%| unknown
  2.0s|     1 |     2 |  1516 |     - |    21M |   0 | 528 | 517 |1211 | 234 | 32 |  21 |  19 |-2.293352e-02 |-4.249752e-03 | 439.64%| unknown
* 3.0s|     4 |     3 |  1972 | 255.3 |    LP  |   3 | 528 | 517 |1192 | 250 | 11 |  51 | 116 |-2.159301e-02 |-5.428474e-03 | 297.77%| unknown
* 4.0s|    14 |     5 |  2871 | 128.1 |    LP  |   6 | 528 | 520 |1194 | 264 |  3 | 101 | 327 |-2.087990e-02 |-6.109023e-03 | 241.79%|  31.40%
* 4.0s|    17 |     4 |  3147 | 121.3 |strongbr|   6 | 528 | 523 |1195 | 266 |  1 | 132 | 372 |-2.087990e-02 |-9.868316e-03 | 111.59%|  41.11%

SCIP Status        : problem is solved [optimal solution found]
Solving Time (sec) : 4.00
Solving Nodes      : 25
Primal Bound       : -9.86831641216124e-03 (20 solutions)
Dual Bound         : -9.86831641216124e-03
Gap                : 0.00 %

primal solution (original space):
=================================

objective value:                 -0.00986831641216125
y(1,1)                                              1 	(obj:0.00282399606485014)
y(1,13)                                             1 	(obj:0.0012677945019504)
y(1,16)                                             1 	(obj:-0.00137831732334518)
y(1,21)                                             1 	(obj:0.000128180995697884)
y(1,28)                                             1 	(obj:-0.00122986450495156)
y(1,29)                                             1 	(obj:0.000672223125266298)
y(1,30)                                             1 	(obj:0.00111456172029226)
y(1,31)                                             1 	(obj:0.00141772007769212)
y(1,32)                                             1 	(obj:0.000837150650944749)
y(13,1)                                             1 	(obj:0.0012677945019504)
y(13,13)                                            1 	(obj:0.00222668251908587)
y(13,16)                                            1 	(obj:0.000109407798000701)
y(13,21)                                            1 	(obj:0.000597485049524431)
y(13,28)                                            1 	(obj:-0.000495160977586073)
y(13,29)                                            1 	(obj:0.000491000241821015)
y(13,30)                                            1 	(obj:0.000719296835886527)
y(13,31)                                            1 	(obj:0.00114164116900609)
y(13,32)                                            1 	(obj:0.000723867646637644)
y(16,1)                                             1 	(obj:-0.00137831732334518)
y(16,13)                                            1 	(obj:0.000109407798000701)
y(16,16)                                            1 	(obj:0.00356094536826924)
y(16,21)                                            1 	(obj:0.000331550929555423)
y(16,28)                                            1 	(obj:0.00138181367691749)
y(16,29)                                            1 	(obj:-6.75607604332098e-05)
y(16,30)                                            1 	(obj:-0.000356104391274008)
y(16,31)                                            1 	(obj:0.00052404098657412)
y(16,32)                                            1 	(obj:-0.000684979799337872)
y(21,1)                                             1 	(obj:0.000128180995697884)
y(21,13)                                            1 	(obj:0.000597485049524431)
y(21,16)                                            1 	(obj:0.000331550929555423)
y(21,21)                                            1 	(obj:0.000959681031879351)
y(21,28)                                            1 	(obj:-2.32510193135056e-05)
y(21,29)                                            1 	(obj:0.000315935449526739)
y(21,30)                                            1 	(obj:0.000141999857174445)
y(21,31)                                            1 	(obj:0.000646546557776593)
y(21,32)                                            1 	(obj:-5.1444688439601e-05)
y(28,1)                                             1 	(obj:-0.00122986450495156)
y(28,13)                                            1 	(obj:-0.000495160977586073)
y(28,16)                                            1 	(obj:0.00138181367691749)
y(28,21)                                            1 	(obj:-2.32510193135056e-05)
y(28,28)                                            1 	(obj:0.00310475791421373)
y(28,29)                                            1 	(obj:-0.000315462075363488)
y(28,30)                                            1 	(obj:-0.000592672279487223)
y(28,31)                                            1 	(obj:-0.00120978166981113)
y(28,32)                                            1 	(obj:-0.000413860089549365)
y(29,1)                                             1 	(obj:0.000672223125266298)
y(29,13)                                            1 	(obj:0.000491000241821015)
y(29,16)                                            1 	(obj:-6.75607604332098e-05)
y(29,21)                                            1 	(obj:0.000315935449526739)
y(29,28)                                            1 	(obj:-0.000315462075363488)
y(29,29)                                            1 	(obj:0.00165006086044105)
y(29,30)                                            1 	(obj:0.000440874242793311)
y(29,31)                                            1 	(obj:0.000382996599852152)
y(29,32)                                            1 	(obj:0.000381800575067706)
y(30,1)                                             1 	(obj:0.00111456172029226)
y(30,13)                                            1 	(obj:0.000719296835886527)
y(30,16)                                            1 	(obj:-0.000356104391274008)
y(30,21)                                            1 	(obj:0.000141999857174445)
y(30,28)                                            1 	(obj:-0.000592672279487223)
y(30,29)                                            1 	(obj:0.000440874242793311)
y(30,30)                                            1 	(obj:0.00109604155233984)
y(30,31)                                            1 	(obj:0.000919716970560431)
y(30,32)                                            1 	(obj:0.000474158837957369)
y(31,1)                                             1 	(obj:0.00141772007769212)
y(31,13)                                            1 	(obj:0.00114164116900609)
y(31,16)                                            1 	(obj:0.00052404098657412)
y(31,21)                                            1 	(obj:0.000646546557776593)
y(31,28)                                            1 	(obj:-0.00120978166981113)
y(31,29)                                            1 	(obj:0.000382996599852152)
y(31,30)                                            1 	(obj:0.000919716970560431)
y(31,31)                                            1 	(obj:0.00280385499040379)
y(31,32)                                            1 	(obj:0.000515379517592293)
y(32,1)                                             1 	(obj:0.000837150650944749)
y(32,13)                                            1 	(obj:0.000723867646637644)
y(32,16)                                            1 	(obj:-0.000684979799337872)
y(32,21)                                            1 	(obj:-5.1444688439601e-05)
y(32,28)                                            1 	(obj:-0.000413860089549365)
y(32,29)                                            1 	(obj:0.000381800575067706)
y(32,30)                                            1 	(obj:0.000474158837957369)
y(32,31)                                            1 	(obj:0.000515379517592293)
y(32,32)                                            1 	(obj:0.000789254813182556)
x(1)                                                1 	(obj:-0.00667286319447288)
x(13)                                               1 	(obj:-0.00714774089661002)
x(16)                                               1 	(obj:-0.0059640060439669)
x(21)                                               1 	(obj:-0.00233757086924918)
x(28)                                               1 	(obj:0.000863377525571901)
x(29)                                               1 	(obj:-0.00746616271732443)
x(30)                                               1 	(obj:-0.00517621098612854)
x(31)                                               1 	(obj:-0.00870726096131751)
x(32)                                               1 	(obj:-0.0039925222536812)

Statistics
==========

SCIP Status        : problem is solved [optimal solution found]
Total Time         :       4.00
  solving          :       4.00
  presolving       :       0.00 (included in solving)
  reading          :       0.00
  copying          :       0.00 (3 #copies) (minimal 0.00, maximal 0.00, average 0.00)
Original Problem   :
  Problem name     : C:\Users\Claubit\Documents\GitHub\embedding\src\lp\scenarioA2_N32_B0.3_classical\IPL_linearized_N32q9.00B9.lp
  Variables        : 1056 (0 binary, 1056 integer, 0 implicit integer, 0 continuous)
  Constraints      : 3073 initial, 3073 maximal
  Objective        : minimize, 1056 non-zeros (abs.min = 7.79516e-07, abs.max = 0.0162562)
Presolved Problem  :
  Problem name     : t_C:\Users\Claubit\Documents\GitHub\embedding\src\lp\scenarioA2_N32_B0.3_classical\IPL_linearized_N32q9.00B9.lp
  Variables        : 528 (528 binary, 0 integer, 0 implicit integer, 0 continuous)
  Constraints      : 497 initial, 567 maximal
  Objective        : minimize, 528 non-zeros (abs.min = 1.55903e-06, abs.max = 0.0196158)
  Nonzeros         : 1520 constraint, 1962 clique table
Presolvers         :   ExecTime  SetupTime  Calls  FixedVars   AggrVars   ChgTypes  ChgBounds   AddHoles    DelCons    AddCons   ChgSides   ChgCoefs
  boundshift       :       0.00       0.00      0          0          0          0          0          0          0          0          0          0
  convertinttobin  :       0.00       0.00      0          0          0          0          0          0          0          0          0          0
  domcol           :       0.00       0.00      1          0          0          0          0          0          0          0          0          0
  dualagg          :       0.00       0.00      0          0          0          0          0          0          0          0          0          0
  dualcomp         :       0.00       0.00      0          0          0          0          0          0          0          0          0          0
  dualinfer        :       0.00       0.00      0          0          0          0          0          0          0          0          0          0
  dualsparsify     :       0.00       0.00      1          0          0          0          0          0          0          0          0          0
  gateextraction   :       0.00       0.00      1          0          0          0          0          0       2976        992          0          0
  implics          :       0.00       0.00      4          0          0          0          0          0          0          0          0          0
  inttobinary      :       0.00       0.00      0          0          0          0          0          0          0          0          0          0
  milp             :       0.00       0.00      1          0          0          0          0          0          0          0          0          0
  qpkktref         :       0.00       0.00      0          0          0          0          0          0          0          0          0          0
  redvub           :       0.00       0.00      0          0          0          0          0          0          0          0          0          0
  sparsify         :       0.00       0.00      1          0          0          0          0          0          0          0          0          0
  stuffing         :       0.00       0.00      0          0          0          0          0          0          0          0          0          0
  trivial          :       0.00       0.00      6          0          0          0          0          0          0          0          0          0
  tworowbnd        :       0.00       0.00      0          0          0          0          0          0          0          0          0          0
  dualfix          :       0.00       0.00      6          0          0          0          0          0          0          0          0          0
  genvbounds       :       0.00       0.00      0          0          0          0          0          0          0          0          0          0
  probing          :       0.00       0.00      1          0          0          0          0          0          0          0          0          0
  pseudoobj        :       0.00       0.00      0          0          0          0          0          0          0          0          0          0
  symmetry         :       0.00       0.00      1          0          0          0          0          0          0          0          0          0
  vbounds          :       0.00       0.00      1          0          0          0          0          0          0          0          0          0
  setppc           :       0.00       0.00      2          0          0          0          0          0          0          0          0          0
  and              :       0.00       0.00      4          0        496          0          0          0        496          0          0          0
  linear           :       0.00       0.00      8          0         32          0          0          0         96          0         32         32
  logicor          :       0.00       0.00      2          0          0          0          0          0          0          0          0          0
  benders          :       0.00       0.00      0          0          0          0          0          0          0          0          0          0
  components       :       0.00       0.00      1          0          0          0          0          0          0          0          0          0
  root node        :          -          -      -        349          -          -        349          -          -          -          -          -
Constraints        :     Number  MaxNumber  #Separate #Propagate    #EnfoLP    #EnfoRelax  #EnfoPS    #Check   #ResProp    Cutoffs    DomReds       Cuts    Applied      Conss   Children
  benderslp        :          0          0          0          0         63          0          0         41          0          0          0          0          0          0          0
  integral         :          0          0          0          0         63          0          0         41          0          1        277          0          0        127         24
  setppc           :          0+        22          1       1814          0          0          0          1          9          0          7          0          0          0          0
  and              :        496        496        119       2839          2          0          0         36       1531         15       1963        221        116          0          0
  linear           :          1          1         30       2804          2          0          0         20         10          7          0          0          0          0          0
  logicor          :          0+        70         28        609          0          0          0          0         13          4          1          0          0          0          0
  benders          :          0          0          0          0          2          0          0         19          0          0          0          0          0          0          0
  countsols        :          0          0          0          0          2          0          0         19          0          0          0          0          0          0          0
  components       :          0          0          0          0          0          0          0          0          0          0          0          0          0          0          0
Constraint Timings :  TotalTime  SetupTime   Separate  Propagate     EnfoLP     EnfoPS     EnfoRelax   Check    ResProp    SB-Prop
  benderslp        :       0.00       0.00       0.00       0.00       0.00       0.00       0.00       0.00       0.00       0.00
  integral         :       2.00       0.00       0.00       0.00       2.00       0.00       0.00       0.00       0.00       0.00
  setppc           :       0.00       0.00       0.00       0.00       0.00       0.00       0.00       0.00       0.00       0.00
  and              :       0.00       0.00       0.00       0.00       0.00       0.00       0.00       0.00       0.00       0.00
  linear           :       0.00       0.00       0.00       0.00       0.00       0.00       0.00       0.00       0.00       0.00
  logicor          :       0.00       0.00       0.00       0.00       0.00       0.00       0.00       0.00       0.00       0.00
  benders          :       0.00       0.00       0.00       0.00       0.00       0.00       0.00       0.00       0.00       0.00
  countsols        :       0.00       0.00       0.00       0.00       0.00       0.00       0.00       0.00       0.00       0.00
  components       :       0.00       0.00       0.00       0.00       0.00       0.00       0.00       0.00       0.00       0.00
Propagators        : #Propagate   #ResProp    Cutoffs    DomReds
  dualfix          :          4          0          0          0
  genvbounds       :          0          0          0          0
  nlobbt           :          0          0          0          0
  obbt             :          0          0          0          0
  probing          :          0          0          0          0
  pseudoobj        :        298          0          0          0
  redcost          :        233          0          0       1072
  rootredcost      :          4          0          0         13
  symmetry         :          0          0          0          0
  vbounds          :       2805          0          0          0
Propagator Timings :  TotalTime  SetupTime   Presolve  Propagate    ResProp    SB-Prop
  dualfix          :       0.00       0.00       0.00       0.00       0.00       0.00
  genvbounds       :       0.00       0.00       0.00       0.00       0.00       0.00
  nlobbt           :       0.00       0.00       0.00       0.00       0.00       0.00
  obbt             :       0.00       0.00       0.00       0.00       0.00       0.00
  probing          :       0.00       0.00       0.00       0.00       0.00       0.00
  pseudoobj        :       0.00       0.00       0.00       0.00       0.00       0.00
  redcost          :       0.00       0.00       0.00       0.00       0.00       0.00
  rootredcost      :       0.00       0.00       0.00       0.00       0.00       0.00
  symmetry         :       0.00       0.00       0.00       0.00       0.00       0.00
  vbounds          :       0.00       0.00       0.00       0.00       0.00       0.00
Conflict Analysis  :       Time      Calls    Success    DomReds  Conflicts   Literals    Reconvs ReconvLits   Dualrays   Nonzeros   LP Iters   (pool size: [10000,10000])
  propagation      :       0.00         19         17          -         33       14.5          0        0.0          -          -          -
  infeasible LP    :       0.00          0          0          -          0        0.0          0        0.0          0        0.0          0
  bound exceed. LP :       1.00        164         53          -        221       29.3          0        0.0          0        0.0       1114
  strong branching :       0.00          0          0          -          0        0.0          0        0.0          -          -          0
  pseudo solution  :       0.00          0          0          -          0        0.0          0        0.0          -          -          -
  applied globally :       0.00          -          -          0        169       19.9          -          -          0          -          -
  applied locally  :          -          -          -          0          0        0.0          -          -          0          -          -
Separators         :   ExecTime  SetupTime      Calls    Cutoffs    DomReds       Cuts    Applied      Conss
  cut pool         :       0.00                    53          -          -        785          -          -    (maximal pool size: 1735)
  aggregation      :       0.00       0.00         30          0          0          0          0          0
  cgmip            :       0.00       0.00          0          0          0          0          0          0
  clique           :       0.00       0.00         30          0          0          0          0          0
  closecuts        :       0.00       0.00          0          0          0          0          0          0
  cmir             :       0.00       0.00          0          0          0          0          0          0
  convexproj       :       0.00       0.00          0          0          0          0          0          0
  disjunctive      :       0.00       0.00          0          0          0          0          0          0
  eccuts           :       0.00       0.00          0          0          0          0          0          0
  flowcover        :       0.00       0.00          0          0          0          0          0          0
  gauge            :       0.00       0.00          0          0          0          0          0          0
  gomory           :       1.00       0.00         10          0          0        529         43          0
  impliedbounds    :       0.00       0.00         30          0          0        141         70          0
  intobj           :       0.00       0.00          0          0          0          0          0          0
  mcf              :       0.00       0.00          1          0          0          0          0          0
  oddcycle         :       0.00       0.00          0          0          0          0          0          0
  rapidlearning    :       0.00       0.00          0          0          0          0          0          0
  strongcg         :       1.00       0.00         20          0          0        997          7          0
  zerohalf         :       0.00       0.00         20          0          0         68         63          0
Pricers            :   ExecTime  SetupTime      Calls       Vars
  problem variables:       0.00          -          0          0
Branching Rules    :   ExecTime  SetupTime   BranchLP  BranchExt   BranchPS    Cutoffs    DomReds       Cuts      Conss   Children
  allfullstrong    :       0.00       0.00          0          0          0          0          0          0          0          0
  cloud            :       0.00       0.00          0          0          0          0          0          0          0          0
  distribution     :       0.00       0.00          0          0          0          0          0          0          0          0
  fullstrong       :       0.00       0.00          0          0          0          0          0          0          0          0
  inference        :       0.00       0.00          0          0          0          0          0          0          0          0
  leastinf         :       0.00       0.00          0          0          0          0          0          0          0          0
  lookahead        :       0.00       0.00          0          0          0          0          0          0          0          0
  mostinf          :       0.00       0.00          0          0          0          0          0          0          0          0
  multaggr         :       0.00       0.00          0          0          0          0          0          0          0          0
  nodereopt        :       0.00       0.00          0          0          0          0          0          0          0          0
  pscost           :       0.00       0.00          0          0          0          0          0          0          0          0
  random           :       0.00       0.00          0          0          0          0          0          0          0          0
  relpscost        :       2.00       0.00         61          0          0          1        277          0        127         24
  vanillafullstrong:       0.00       0.00          0          0          0          0          0          0          0          0
Primal Heuristics  :   ExecTime  SetupTime      Calls      Found       Best
  LP solutions     :       0.00          -          -          2          2
  relax solutions  :       0.00          -          -          0          0
  pseudo solutions :       0.00          -          -          0          0
  strong branching :       0.00          -          -          1          1
  actconsdiving    :       0.00       0.00          0          0          0
  adaptivediving   :       0.00       0.00          0          0          0
  alns             :       0.00       0.00          1          0          0
  bound            :       0.00       0.00          0          0          0
  clique           :       0.00       0.00          1          1          1
  coefdiving       :       0.00       0.00          0          0          0
  completesol      :       0.00       0.00          0          0          0
  conflictdiving   :       0.00       0.00          1          0          0
  crossover        :       0.00       0.00          0          0          0
  dins             :       0.00       0.00          0          0          0
  distributiondivin:       0.00       0.00          0          0          0
  dualval          :       0.00       0.00          0          0          0
  farkasdiving     :       0.00       0.00          1          0          0
  feaspump         :       0.00       0.00          0          0          0
  fixandinfer      :       0.00       0.00          0          0          0
  fracdiving       :       0.00       0.00          0          0          0
  gins             :       0.00       0.00          0          0          0
  guideddiving     :       0.00       0.00          0          0          0
  indicator        :       0.00       0.00          0          0          0
  intdiving        :       0.00       0.00          0          0          0
  intshifting      :       0.00       0.00          0          0          0
  linesearchdiving :       0.00       0.00          0          0          0
  localbranching   :       0.00       0.00          0          0          0
  locks            :       0.00       0.00          1          0          0
  lpface           :       0.00       0.00          0          0          0
  mpec             :       0.00       0.00          0          0          0
  multistart       :       0.00       0.00          0          0          0
  mutation         :       0.00       0.00          0          0          0
  nlpdiving        :       0.00       0.00          0          0          0
  objpscostdiving  :       0.00       0.00          0          0          0
  octane           :       0.00       0.00          0          0          0
  ofins            :       0.00       0.00          0          0          0
  oneopt           :       0.00       0.00          9          0          0
  padm             :       0.00       0.00          0          0          0
  proximity        :       0.00       0.00          0          0          0
  pscostdiving     :       0.00       0.00          0          0          0
  randrounding     :       0.00       0.00         29          0          0
  rens             :       0.00       0.00          1          0          0
  reoptsols        :       0.00       0.00          0          0          0
  repair           :       0.00       0.00          0          0          0
  rins             :       0.00       0.00          0          0          0
  rootsoldiving    :       0.00       0.00          0          0          0
  rounding         :       0.00       0.00        103          0          0
  shiftandpropagate:       0.00       0.00          0          0          0
  shifting         :       0.00       0.00         29         15          4
  simplerounding   :       0.00       0.00          0          0          0
  subnlp           :       0.00       0.00          0          0          0
  trivial          :       0.00       0.00          2          0          0
  trivialnegation  :       0.00       0.00          0          0          0
  trustregion      :       0.00       0.00          0          0          0
  trysol           :       0.00       0.00          0          0          0
  twoopt           :       0.00       0.00          0          0          0
  undercover       :       0.00       0.00          1          1          1
  vbounds          :       0.00       0.00          1          0          0
  veclendiving     :       0.00       0.00          0          0          0
  zeroobj          :       0.00       0.00          0          0          0
  zirounding       :       0.00       0.00         12          0          0
  other solutions  :          -          -          -          0          -
Diving (single)    :      Calls      Nodes   LP Iters Backtracks  Conflicts   MinDepth   MaxDepth   AvgDepth  RoundSols  NLeafSols  MinSolDpt  MaxSolDpt  AvgSolDpt
  actconsdiving    :          0          -          -          -          -          -          -          -          -          -          -          -          -
  coefdiving       :          0          -          -          -          -          -          -          -          -          -          -          -          -
  conflictdiving   :          1         10         26          1          0         10         10       10.0          0          -          -          -          -
  distributiondivin:          0          -          -          -          -          -          -          -          -          -          -          -          -
  farkasdiving     :          1          3        284          1          2          3          3        3.0          0          -          -          -          -
  fracdiving       :          0          -          -          -          -          -          -          -          -          -          -          -          -
  guideddiving     :          0          -          -          -          -          -          -          -          -          -          -          -          -
  linesearchdiving :          0          -          -          -          -          -          -          -          -          -          -          -          -
  pscostdiving     :          0          -          -          -          -          -          -          -          -          -          -          -          -
  veclendiving     :          0          -          -          -          -          -          -          -          -          -          -          -          -
Diving (adaptive)  :      Calls      Nodes   LP Iters Backtracks  Conflicts   MinDepth   MaxDepth   AvgDepth  RoundSols  NLeafSols  MinSolDpt  MaxSolDpt  AvgSolDpt
  actconsdiving    :          0          -          -          -          -          -          -          -          -          -          -          -          -
  coefdiving       :          0          -          -          -          -          -          -          -          -          -          -          -          -
  conflictdiving   :          0          -          -          -          -          -          -          -          -          -          -          -          -
  distributiondivin:          0          -          -          -          -          -          -          -          -          -          -          -          -
  farkasdiving     :          0          -          -          -          -          -          -          -          -          -          -          -          -
  fracdiving       :          0          -          -          -          -          -          -          -          -          -          -          -          -
  guideddiving     :          0          -          -          -          -          -          -          -          -          -          -          -          -
  linesearchdiving :          0          -          -          -          -          -          -          -          -          -          -          -          -
  pscostdiving     :          0          -          -          -          -          -          -          -          -          -          -          -          -
  veclendiving     :          0          -          -          -          -          -          -          -          -          -          -          -          -
Neighborhoods      :      Calls  SetupTime  SolveTime SolveNodes       Sols       Best       Exp3  EpsGreedy        UCB TgtFixRate  Opt  Inf Node Stal  Sol  Usr Othr Actv
  rens             :          0       0.00       0.00          0          0          0    0.00000   -1.00000    1.00000      0.900    0    0    0    0    0    0    0    1
  rins             :          0       0.00       0.00          0          0          0    0.00000   -1.00000    1.00000      0.900    0    0    0    0    0    0    0    1
  mutation         :          1       0.00       0.00          1          0          0    0.00000   -1.00000    1.00000      0.700    0    1    0    0    0    0    0    1
  localbranching   :          0       0.00       0.00          0          0          0    0.00000   -1.00000    1.00000      0.900    0    0    0    0    0    0    0    1
  crossover        :          0       0.00       0.00          0          0          0    0.00000   -1.00000    1.00000      0.900    0    0    0    0    0    0    0    1
  proximity        :          0       0.00       0.00          0          0          0    0.00000   -1.00000    1.00000      0.900    0    0    0    0    0    0    0    1
  zeroobjective    :          0       0.00       0.00          0          0          0    0.00000   -1.00000    1.00000      0.900    0    0    0    0    0    0    0    1
  dins             :          0       0.00       0.00          0          0          0    0.00000   -1.00000    1.00000      0.900    0    0    0    0    0    0    0    1
  trustregion      :          0       0.00       0.00          0          0          0    0.00000   -1.00000    1.00000      0.900    0    0    0    0    0    0    0    0
LP                 :       Time      Calls Iterations  Iter/call   Iter/sec  Time-0-It Calls-0-It    ItLimit
  primal LP        :       0.00          3          0       0.00          -       0.00          3
  dual LP          :       0.00        178       3567      29.48          -       0.00         57
  lex dual LP      :       0.00          0          0       0.00          -
  barrier LP       :       0.00          0          0       0.00          -       0.00          0
  resolve instable :       0.00          0          0       0.00          -
  diving/probing LP:       0.00         10        463      46.30          -
  strong branching :       1.00        464      39245      84.58   39245.00          -          -          0
    (at root node) :          -         19       4607     242.47          -
  conflict analysis:       1.00        118       1114       9.44    1114.00
B&B Tree           :
  number of runs   :          1
  nodes            :         25 (12 internal, 13 leaves)
  feasible leaves  :          2
  infeas. leaves   :          1
  objective leaves :         10
  nodes (total)    :         25 (12 internal, 13 leaves)
  nodes left       :          0
  max depth        :          6
  max depth (total):          6
  backtracks       :          6 (24.0%)
  early backtracks :          0 (0.0%)
  nodes exc. ref.  :          0 (0.0%)
  delayed cutoffs  :          0
  repropagations   :          6 (0 domain reductions, 0 cutoffs)
  avg switch length:       3.20
  switching time   :       0.00
Estim. Tree Size   :         25
Estimation Tree    : 25 nodes (25 visited, 12 internal, 13 leaves, 0 open), weight: 1.0000 completed 1.0000
Estimations        :      estim      value      trend resolution     smooth
  wbe              :         25          -          -          -          -
  tree-profile     :         -1          -          -          -          -
  gap              :         25    1.00000    0.08128          1         26
  tree-weight      :         25    1.00000    0.07175          1         26
  leaf-frequency   :         25    0.50000    0.00367          1         27
  ssg              :         25   -0.00000   -0.05257          1         25
  open-nodes       :         25    0.00000    0.15068          1         30
Root Node          :
  First LP value   : -6.15704444051941e-02
  First LP Iters   :        222
  First LP Time    :       0.00
  Final Dual Bound : -2.29335236064484e-02
  Final Root Iters :       1206
  Root LP Estimate : +3.64562228586219e-02
Solution           :
  Solutions found  :         20 (9 improvements)
  First Solution   : +2.57191617915869e-02   (in run 1, after 1 nodes, 0.00 seconds, depth 25, found by <clique>)
  Gap First Sol.   :   infinite
  Gap Last Sol.    :     111.59 %
  Primal Bound     : -9.86831641216124e-03   (in run 1, after 17 nodes, 4.00 seconds, depth 7, found by <relaxation>)
  Dual Bound       : -9.86831641216124e-03
  Gap              :       0.00 %
Integrals          :      Total       Avg%
  primal-dual      :     355.18      88.79
  primal-ref       :          -          - (not evaluated)
  dual-ref         :          -          - (not evaluated)
