SCIP version 7.0.2 [precision: 8 byte] [memory: block] [mode: optimized] [LP solver: SoPlex 5.0.2] [GitHash: e9d280a398]
Copyright (C) 2002-2020 Konrad-Zuse-Zentrum fuer Informationstechnik Berlin (ZIB)

External codes: 
  SoPlex 5.0.2         Linear Programming Solver developed at Zuse Institute Berlin (soplex.zib.de) [GitHash: e24c304e]
  CppAD 20180000.0     Algorithmic Differentiation of C++ algorithms developed by B. Bell (www.coin-or.org/CppAD)
  MPIR 3.0.0           Multiple Precision Integers and Rationals Library developed by W. Hart (mpir.org)
  ZIMPL 3.4.0          Zuse Institute Mathematical Programming Language developed by T. Koch (zimpl.zib.de)
  PaPILO 1.0.2         parallel presolve for integer and linear optimization (https://github.com/lgottwald/PaPILO) [GitHash: 62d2842]
  bliss 0.73p          Computing Graph Automorphism Groups by T. Junttila and P. Kaski (http://www.tcs.hut.fi/Software/bliss/)
  Ipopt 3.12.9         Interior Point Optimizer developed by A. Waechter et.al. (www.coin-or.org/Ipopt)

user parameter file <scip.set> not found - using default parameters

read problem <C:\Users\Claubit\Documents\GitHub\embedding\src\lp\scenarioA2_N32_B0.3_classical\IPL_linearized_N32q50.00B9.lp>
============

original problem has 1056 variables (0 bin, 1056 int, 0 impl, 0 cont) and 3073 constraints

solve problem
=============

presolving:
(round 1, fast)       32 del vars, 32 del conss, 0 add conss, 0 chg bounds, 32 chg sides, 32 chg coeffs, 0 upgd conss, 0 impls, 1984 clqs
(round 2, fast)       32 del vars, 96 del conss, 0 add conss, 0 chg bounds, 32 chg sides, 32 chg coeffs, 0 upgd conss, 0 impls, 1984 clqs
   (0.0s) running MILP presolver
   (0.0s) MILP presolver found nothing
(round 3, exhaustive) 32 del vars, 96 del conss, 0 add conss, 0 chg bounds, 32 chg sides, 32 chg coeffs, 2976 upgd conss, 0 impls, 1984 clqs
(round 4, exhaustive) 32 del vars, 3072 del conss, 992 add conss, 0 chg bounds, 32 chg sides, 32 chg coeffs, 2976 upgd conss, 0 impls, 1984 clqs
(round 5, exhaustive) 528 del vars, 3568 del conss, 992 add conss, 0 chg bounds, 32 chg sides, 32 chg coeffs, 2976 upgd conss, 0 impls, 992 clqs
   (0.0s) probing: 51/528 (9.7%) - 0 fixings, 0 aggregations, 0 implications, 0 bound changes
   (0.0s) probing aborted: 50/50 successive totally useless probings
   (0.0s) symmetry computation started: requiring (bin +, int -, cont +), (fixed: bin -, int +, cont -)
   (0.0s) no symmetry present
presolving (6 rounds: 6 fast, 4 medium, 4 exhaustive):
 528 deleted vars, 3568 deleted constraints, 992 added constraints, 0 tightened bounds, 0 added holes, 32 changed sides, 32 changed coefficients
 0 implications, 992 cliques
presolved problem has 528 variables (528 bin, 0 int, 0 impl, 0 cont) and 497 constraints
    496 constraints of type <and>
      1 constraints of type <linear>
Presolving Time: 0.00

 time | node  | left  |LP iter|LP it/n|mem/heur|mdpt |vars |cons |rows |cuts |sepa|confs|strbr|  dualbound   | primalbound  |  gap   | compl. 
p 0.0s|     1 |     0 |     0 |     - |  clique|   0 | 528 | 497 | 993 |   0 |  0 |   0 |   0 |-8.078022e-01 | 4.616799e-01 |    Inf | unknown
p 0.0s|     1 |     0 |     0 |     - | vbounds|   0 | 528 | 497 | 993 |   0 |  0 |   0 |   0 |-8.078022e-01 | 3.080594e-01 |    Inf | unknown
p 0.0s|     1 |     0 |     0 |     - | vbounds|   0 | 528 | 497 | 993 |   0 |  0 |   0 |   0 |-8.078022e-01 | 3.029264e-01 |    Inf | unknown
  0.0s|     1 |     0 |   200 |     - |    13M |   0 | 528 | 497 | 993 |   0 |  0 |   0 |   0 |-2.080514e-01 | 3.029264e-01 |    Inf | unknown
L 0.0s|     1 |     0 |   200 |     - |undercov|   0 | 528 | 497 | 993 |   0 |  0 |   0 |   0 |-2.080514e-01 | 1.613225e-01 |    Inf | unknown
  1.0s|     1 |     0 |   256 |     - |    14M |   0 | 528 | 497 |1042 |  49 |  1 |   0 |   0 |-1.535510e-01 | 1.613225e-01 |    Inf | unknown
  1.0s|     1 |     0 |   295 |     - |    14M |   0 | 528 | 500 |1068 |  75 |  2 |   3 |   0 |-1.260563e-01 | 1.613225e-01 |    Inf | unknown
  1.0s|     1 |     0 |   324 |     - |    14M |   0 | 528 | 500 |1077 |  84 |  3 |   3 |   0 |-1.020540e-01 | 1.613225e-01 |    Inf | unknown
  2.0s|     1 |     0 |   363 |     - |    15M |   0 | 528 | 500 |1091 |  98 |  4 |   3 |   0 |-9.077263e-02 | 1.613225e-01 |    Inf | unknown
  2.0s|     1 |     0 |   423 |     - |    15M |   0 | 528 | 500 |1112 | 119 |  5 |   3 |   0 |-7.528185e-02 | 1.613225e-01 |    Inf | unknown
  2.0s|     1 |     0 |   490 |     - |    15M |   0 | 528 | 501 |1122 | 129 |  6 |   4 |   0 |-6.174746e-02 | 1.613225e-01 |    Inf | unknown
  2.0s|     1 |     0 |   542 |     - |    15M |   0 | 528 | 502 |1138 | 145 |  7 |   5 |   0 |-5.666369e-02 | 1.613225e-01 |    Inf | unknown
  2.0s|     1 |     0 |   609 |     - |    16M |   0 | 528 | 502 |1145 | 152 |  8 |   5 |   0 |-5.043323e-02 | 1.613225e-01 |    Inf | unknown
  2.0s|     1 |     0 |   663 |     - |    17M |   0 | 528 | 506 |1151 | 158 |  9 |   9 |   0 |-4.722238e-02 | 1.613225e-01 |    Inf | unknown
  2.0s|     1 |     0 |   715 |     - |    17M |   0 | 528 | 506 |1157 | 164 | 10 |   9 |   0 |-4.460965e-02 | 1.613225e-01 |    Inf | unknown
 time | node  | left  |LP iter|LP it/n|mem/heur|mdpt |vars |cons |rows |cuts |sepa|confs|strbr|  dualbound   | primalbound  |  gap   | compl. 
  2.0s|     1 |     0 |   760 |     - |    18M |   0 | 528 | 506 |1159 | 169 | 11 |   9 |   0 |-4.206226e-02 | 1.613225e-01 |    Inf | unknown
  3.0s|     1 |     0 |   793 |     - |    18M |   0 | 528 | 506 |1168 | 178 | 12 |   9 |   0 |-4.109390e-02 | 1.613225e-01 |    Inf | unknown
  3.0s|     1 |     0 |   818 |     - |    18M |   0 | 528 | 506 |1171 | 181 | 13 |   9 |   0 |-4.056005e-02 | 1.613225e-01 |    Inf | unknown
  3.0s|     1 |     0 |   870 |     - |    19M |   0 | 528 | 510 |1175 | 185 | 14 |  13 |   0 |-3.843216e-02 | 1.613225e-01 |    Inf | unknown
  3.0s|     1 |     0 |   912 |     - |    20M |   0 | 528 | 510 |1181 | 191 | 15 |  13 |   0 |-3.738053e-02 | 1.613225e-01 |    Inf | unknown
  3.0s|     1 |     0 |   982 |     - |    20M |   0 | 528 | 510 |1185 | 195 | 16 |  13 |   0 |-3.380235e-02 | 1.613225e-01 |    Inf | unknown
  3.0s|     1 |     0 |  1029 |     - |    21M |   0 | 528 | 510 |1175 | 200 | 17 |  13 |   0 |-3.293636e-02 | 1.613225e-01 |    Inf | unknown
  3.0s|     1 |     0 |  1069 |     - |    22M |   0 | 528 | 510 |1180 | 205 | 18 |  13 |   0 |-3.227760e-02 | 1.613225e-01 |    Inf | unknown
  3.0s|     1 |     0 |  1098 |     - |    22M |   0 | 528 | 511 |1183 | 208 | 19 |  14 |   0 |-3.201790e-02 | 1.613225e-01 |    Inf | unknown
  4.0s|     1 |     0 |  1140 |     - |    23M |   0 | 528 | 511 |1188 | 213 | 20 |  14 |   0 |-3.019315e-02 | 1.613225e-01 |    Inf | unknown
  4.0s|     1 |     0 |  1178 |     - |    23M |   0 | 528 | 512 |1194 | 219 | 21 |  15 |   0 |-2.951767e-02 | 1.613225e-01 |    Inf | unknown
  4.0s|     1 |     0 |  1194 |     - |    23M |   0 | 528 | 512 |1198 | 223 | 22 |  15 |   0 |-2.918141e-02 | 1.613225e-01 |    Inf | unknown
  4.0s|     1 |     0 |  1201 |     - |    23M |   0 | 528 | 512 |1191 | 224 | 23 |  15 |   0 |-2.915908e-02 | 1.613225e-01 |    Inf | unknown
  4.0s|     1 |     0 |  1210 |     - |    23M |   0 | 528 | 512 |1193 | 226 | 24 |  15 |   0 |-2.907774e-02 | 1.613225e-01 |    Inf | unknown
  4.0s|     1 |     0 |  1217 |     - |    23M |   0 | 528 | 513 |1194 | 227 | 25 |  16 |   0 |-2.904896e-02 | 1.613225e-01 |    Inf | unknown
 time | node  | left  |LP iter|LP it/n|mem/heur|mdpt |vars |cons |rows |cuts |sepa|confs|strbr|  dualbound   | primalbound  |  gap   | compl. 
  4.0s|     1 |     2 |  1987 |     - |    23M |   0 | 528 | 516 |1194 | 227 | 27 |  19 |  23 |-1.354275e-02 | 1.613225e-01 |    Inf | unknown
* 8.0s|    29 |    14 |  4475 | 116.4 |strongbr|  10 | 528 | 573 |1220 | 357 |  6 |  76 | 455 | 1.423740e-02 | 1.574969e-01 |1006.22%|   3.69%
* 8.0s|    30 |    15 |  4564 | 115.4 |strongbr|  11 | 528 | 519 |1217 | 359 |  3 |  76 | 464 | 1.423740e-02 | 1.329697e-01 | 833.95%|   3.69%
* 8.0s|    37 |    17 |  4991 | 104.8 |strongbr|  11 | 528 | 554 |1210 | 380 |  7 | 111 | 531 | 1.423740e-02 | 1.279238e-01 | 798.51%|   6.45%
* 9.0s|    47 |    13 |  6189 | 108.1 |strongbr|  11 | 528 | 591 |1208 | 433 |  5 | 148 | 603 | 1.423740e-02 | 1.279096e-01 | 798.41%|  19.03%
*10.0s|    51 |    11 |  6825 | 112.2 |strongbr|  11 | 528 | 582 |1208 | 450 |  4 | 173 | 679 | 1.423740e-02 | 1.231017e-01 | 764.64%|  29.09%
*10.0s|    52 |     9 |  6962 | 112.6 |strongbr|  11 | 528 | 535 |1208 | 450 |  2 | 173 | 681 | 1.423740e-02 | 1.203363e-01 | 745.21%|  29.73%
*10.0s|    65 |     6 |  7923 | 104.8 |    LP  |  11 | 528 | 597 |1202 | 457 | 10 | 235 | 778 | 1.423740e-02 | 1.196025e-01 | 740.06%|  49.01%
*11.0s|    78 |     3 |  8946 | 100.4 |    LP  |  11 | 528 | 552 |1213 | 471 |  5 | 301 | 859 | 1.975169e-02 | 1.122988e-01 | 468.55%|  62.91%
*11.0s|    80 |     3 |  9111 |  99.9 |    LP  |  11 | 528 | 568 |1213 | 476 |  1 | 317 | 873 | 1.975169e-02 | 1.113487e-01 | 463.74%|  66.74%

SCIP Status        : problem is solved [optimal solution found]
Solving Time (sec) : 11.00
Solving Nodes      : 95
Primal Bound       : +1.11348698775429e-01 (89 solutions)
Dual Bound         : +1.11348698775429e-01
Gap                : 0.00 %

primal solution (original space):
=================================

objective value:                    0.111348698775429
y(1,1)                                              1 	(obj:0.0156888670269452)
y(1,3)                                              1 	(obj:-0.00111440018888307)
y(1,17)                                             1 	(obj:-0.00692422128978296)
y(1,21)                                             1 	(obj:0.000712116642766021)
y(1,23)                                             1 	(obj:0.00607459539335812)
y(1,28)                                             1 	(obj:-0.0068325805830642)
y(1,29)                                             1 	(obj:0.0037345729181461)
y(1,30)                                             1 	(obj:0.00619200955717923)
y(1,32)                                             1 	(obj:0.00465083694969305)
y(3,1)                                              1 	(obj:-0.00111440018888307)
y(3,3)                                              1 	(obj:0.0104550886798183)
y(3,17)                                             1 	(obj:0.00611983252214934)
y(3,21)                                             1 	(obj:0.00142192012293597)
y(3,23)                                             1 	(obj:-0.00186163808864807)
y(3,28)                                             1 	(obj:0.00537748722900579)
y(3,29)                                             1 	(obj:-0.000573411329333845)
y(3,30)                                             1 	(obj:-0.000326609060077247)
y(3,32)                                             1 	(obj:-0.00233430617441682)
y(17,1)                                             1 	(obj:-0.00692422128978296)
y(17,3)                                             1 	(obj:0.00611983252214934)
y(17,17)                                            1 	(obj:0.014718475538357)
y(17,21)                                            1 	(obj:7.71862927990466e-05)
y(17,23)                                            1 	(obj:-0.0052230947748912)
y(17,28)                                            1 	(obj:0.0110181704399536)
y(17,29)                                            1 	(obj:-0.00143757580051458)
y(17,30)                                            1 	(obj:-0.00472665180629797)
y(17,32)                                            1 	(obj:-0.00313357438151542)
y(21,1)                                             1 	(obj:0.000712116642766021)
y(21,3)                                             1 	(obj:0.00142192012293597)
y(21,17)                                            1 	(obj:7.71862927990466e-05)
y(21,21)                                            1 	(obj:0.00533156128821862)
y(21,23)                                            1 	(obj:0.00334419305362122)
y(21,28)                                            1 	(obj:-0.000129172329519476)
y(21,29)                                            1 	(obj:0.00175519694181521)
y(21,30)                                            1 	(obj:0.000788888095413585)
y(21,32)                                            1 	(obj:-0.00028580382466445)
y(23,1)                                             1 	(obj:0.00607459539335812)
y(23,3)                                             1 	(obj:-0.00186163808864807)
y(23,17)                                            1 	(obj:-0.0052230947748912)
y(23,21)                                            1 	(obj:0.00334419305362122)
y(23,23)                                            1 	(obj:0.0128668121172141)
y(23,28)                                            1 	(obj:-0.00770447908781112)
y(23,29)                                            1 	(obj:0.0034619397033996)
y(23,30)                                            1 	(obj:0.00553157715467618)
y(23,32)                                            1 	(obj:0.00340724628531629)
y(28,1)                                             1 	(obj:-0.0068325805830642)
y(28,3)                                             1 	(obj:0.00537748722900579)
y(28,17)                                            1 	(obj:0.0110181704399536)
y(28,21)                                            1 	(obj:-0.000129172329519476)
y(28,23)                                            1 	(obj:-0.00770447908781112)
y(28,28)                                            1 	(obj:0.0172486550789652)
y(28,29)                                            1 	(obj:-0.00175256708535271)
y(28,30)                                            1 	(obj:-0.00329262377492901)
y(28,32)                                            1 	(obj:-0.0022992227197187)
y(29,1)                                             1 	(obj:0.0037345729181461)
y(29,3)                                             1 	(obj:-0.000573411329333845)
y(29,17)                                            1 	(obj:-0.00143757580051458)
y(29,21)                                            1 	(obj:0.00175519694181521)
y(29,23)                                            1 	(obj:0.0034619397033996)
y(29,28)                                            1 	(obj:-0.00175256708535271)
y(29,29)                                            1 	(obj:0.00916700478022803)
y(29,30)                                            1 	(obj:0.00244930134885173)
y(29,32)                                            1 	(obj:0.0021211143059317)
y(30,1)                                             1 	(obj:0.00619200955717923)
y(30,3)                                             1 	(obj:-0.000326609060077247)
y(30,17)                                            1 	(obj:-0.00472665180629797)
y(30,21)                                            1 	(obj:0.000788888095413585)
y(30,23)                                            1 	(obj:0.00553157715467618)
y(30,28)                                            1 	(obj:-0.00329262377492901)
y(30,29)                                            1 	(obj:0.00244930134885173)
y(30,30)                                            1 	(obj:0.00608911973522133)
y(30,32)                                            1 	(obj:0.00263421576642983)
y(32,1)                                             1 	(obj:0.00465083694969305)
y(32,3)                                             1 	(obj:-0.00233430617441682)
y(32,17)                                            1 	(obj:-0.00313357438151542)
y(32,21)                                            1 	(obj:-0.00028580382466445)
y(32,23)                                            1 	(obj:0.00340724628531629)
y(32,28)                                            1 	(obj:-0.0022992227197187)
y(32,29)                                            1 	(obj:0.0021211143059317)
y(32,30)                                            1 	(obj:0.00263421576642983)
y(32,32)                                            1 	(obj:0.00438474896212531)
x(1)                                                1 	(obj:-0.00667286319447288)
x(3)                                                1 	(obj:-9.56132732858106e-05)
x(17)                                               1 	(obj:0.00117967554409262)
x(21)                                               1 	(obj:-0.00233757086924918)
x(23)                                               1 	(obj:-0.00274468105522858)
x(28)                                               1 	(obj:0.000863377525571901)
x(29)                                               1 	(obj:-0.00746616271732443)
x(30)                                               1 	(obj:-0.00517621098612854)
x(32)                                               1 	(obj:-0.0039925222536812)

Statistics
==========

SCIP Status        : problem is solved [optimal solution found]
Total Time         :      11.00
  solving          :      11.00
  presolving       :       0.00 (included in solving)
  reading          :       0.00
  copying          :       0.00 (3 #copies) (minimal 0.00, maximal 0.00, average 0.00)
Original Problem   :
  Problem name     : C:\Users\Claubit\Documents\GitHub\embedding\src\lp\scenarioA2_N32_B0.3_classical\IPL_linearized_N32q50.00B9.lp
  Variables        : 1056 (0 binary, 1056 integer, 0 implicit integer, 0 continuous)
  Constraints      : 3073 initial, 3073 maximal
  Objective        : minimize, 1056 non-zeros (abs.min = 4.33064e-06, abs.max = 0.0903122)
Presolved Problem  :
  Problem name     : t_C:\Users\Claubit\Documents\GitHub\embedding\src\lp\scenarioA2_N32_B0.3_classical\IPL_linearized_N32q50.00B9.lp
  Variables        : 528 (528 binary, 0 integer, 0 implicit integer, 0 continuous)
  Constraints      : 497 initial, 663 maximal
  Objective        : minimize, 528 non-zeros (abs.min = 8.66129e-06, abs.max = 0.0955676)
  Nonzeros         : 1520 constraint, 1986 clique table
Presolvers         :   ExecTime  SetupTime  Calls  FixedVars   AggrVars   ChgTypes  ChgBounds   AddHoles    DelCons    AddCons   ChgSides   ChgCoefs
  boundshift       :       0.00       0.00      0          0          0          0          0          0          0          0          0          0
  convertinttobin  :       0.00       0.00      0          0          0          0          0          0          0          0          0          0
  domcol           :       0.00       0.00      1          0          0          0          0          0          0          0          0          0
  dualagg          :       0.00       0.00      0          0          0          0          0          0          0          0          0          0
  dualcomp         :       0.00       0.00      0          0          0          0          0          0          0          0          0          0
  dualinfer        :       0.00       0.00      0          0          0          0          0          0          0          0          0          0
  dualsparsify     :       0.00       0.00      1          0          0          0          0          0          0          0          0          0
  gateextraction   :       0.00       0.00      1          0          0          0          0          0       2976        992          0          0
  implics          :       0.00       0.00      4          0          0          0          0          0          0          0          0          0
  inttobinary      :       0.00       0.00      0          0          0          0          0          0          0          0          0          0
  milp             :       0.00       0.00      1          0          0          0          0          0          0          0          0          0
  qpkktref         :       0.00       0.00      0          0          0          0          0          0          0          0          0          0
  redvub           :       0.00       0.00      0          0          0          0          0          0          0          0          0          0
  sparsify         :       0.00       0.00      1          0          0          0          0          0          0          0          0          0
  stuffing         :       0.00       0.00      0          0          0          0          0          0          0          0          0          0
  trivial          :       0.00       0.00      6          0          0          0          0          0          0          0          0          0
  tworowbnd        :       0.00       0.00      0          0          0          0          0          0          0          0          0          0
  dualfix          :       0.00       0.00      6          0          0          0          0          0          0          0          0          0
  genvbounds       :       0.00       0.00      0          0          0          0          0          0          0          0          0          0
  probing          :       0.00       0.00      1          0          0          0          0          0          0          0          0          0
  pseudoobj        :       0.00       0.00      0          0          0          0          0          0          0          0          0          0
  symmetry         :       0.00       0.00      1          0          0          0          0          0          0          0          0          0
  vbounds          :       0.00       0.00      1          0          0          0          0          0          0          0          0          0
  setppc           :       0.00       0.00      2          0          0          0          0          0          0          0          0          0
  and              :       0.00       0.00      4          0        496          0          0          0        496          0          0          0
  linear           :       0.00       0.00      8          0         32          0          0          0         96          0         32         32
  logicor          :       0.00       0.00      2          0          0          0          0          0          0          0          0          0
  benders          :       0.00       0.00      0          0          0          0          0          0          0          0          0          0
  components       :       0.00       0.00      1          0          0          0          0          0          0          0          0          0
  root node        :          -          -      -         67          -          -         67          -          -          -          -          -
Constraints        :     Number  MaxNumber  #Separate #Propagate    #EnfoLP    #EnfoRelax  #EnfoPS    #Check   #ResProp    Cutoffs    DomReds       Cuts    Applied      Conss   Children
  benderslp        :          0          0          0          0        189          0          0        107          0          0          0          0          0          0          0
  integral         :          0          0          0          0        189          0          0        107          0          0        932          0          0        312         96
  setppc           :          0+         5          0        158          0          0          0          0          0          0          1          0          0          0          0
  and              :        496        496        345       5194          3          0          0        102       4933         19       6747        356        191          0          0
  linear           :          1          1         26       5153          3          0          0         88         20         42          0          0          0          0          0
  logicor          :          0+       166         25       1179          0          0          0          0         33         16          9          0          0          0          0
  benders          :          0          0          0          0          3          0          0         87          0          0          0          0          0          0          0
  countsols        :          0          0          0          0          3          0          0         87          0          0          0          0          0          0          0
  components       :          0          0          0          0          0          0          0          0          0          0          0          0          0          0          0
Constraint Timings :  TotalTime  SetupTime   Separate  Propagate     EnfoLP     EnfoPS     EnfoRelax   Check    ResProp    SB-Prop
  benderslp        :       0.00       0.00       0.00       0.00       0.00       0.00       0.00       0.00       0.00       0.00
  integral         :       5.00       0.00       0.00       0.00       5.00       0.00       0.00       0.00       0.00       0.00
  setppc           :       0.00       0.00       0.00       0.00       0.00       0.00       0.00       0.00       0.00       0.00
  and              :       0.00       0.00       0.00       0.00       0.00       0.00       0.00       0.00       0.00       0.00
  linear           :       0.00       0.00       0.00       0.00       0.00       0.00       0.00       0.00       0.00       0.00
  logicor          :       0.00       0.00       0.00       0.00       0.00       0.00       0.00       0.00       0.00       0.00
  benders          :       0.00       0.00       0.00       0.00       0.00       0.00       0.00       0.00       0.00       0.00
  countsols        :       0.00       0.00       0.00       0.00       0.00       0.00       0.00       0.00       0.00       0.00
  components       :       0.00       0.00       0.00       0.00       0.00       0.00       0.00       0.00       0.00       0.00
Propagators        : #Propagate   #ResProp    Cutoffs    DomReds
  dualfix          :          2          0          0          0
  genvbounds       :          0          0          0          0
  nlobbt           :          0          0          0          0
  obbt             :          0          0          0          0
  probing          :          0          0          0          0
  pseudoobj        :        996          0          0          0
  redcost          :        735          0          0       3146
  rootredcost      :         10          0          0          0
  symmetry         :          0          0          0          0
  vbounds          :       5291          0          0          0
Propagator Timings :  TotalTime  SetupTime   Presolve  Propagate    ResProp    SB-Prop
  dualfix          :       0.00       0.00       0.00       0.00       0.00       0.00
  genvbounds       :       0.00       0.00       0.00       0.00       0.00       0.00
  nlobbt           :       0.00       0.00       0.00       0.00       0.00       0.00
  obbt             :       0.00       0.00       0.00       0.00       0.00       0.00
  probing          :       0.00       0.00       0.00       0.00       0.00       0.00
  pseudoobj        :       0.00       0.00       0.00       0.00       0.00       0.00
  redcost          :       0.00       0.00       0.00       0.00       0.00       0.00
  rootredcost      :       0.00       0.00       0.00       0.00       0.00       0.00
  symmetry         :       0.00       0.00       0.00       0.00       0.00       0.00
  vbounds          :       0.00       0.00       0.00       0.00       0.00       0.00
Conflict Analysis  :       Time      Calls    Success    DomReds  Conflicts   Literals    Reconvs ReconvLits   Dualrays   Nonzeros   LP Iters   (pool size: [10000,10000])
  propagation      :       0.00         39         38          -         72       19.7          0        0.0          -          -          -
  infeasible LP    :       0.00          0          0          -          0        0.0          0        0.0          0        0.0          0
  bound exceed. LP :       1.00        410         96          -        667       42.1          1       25.0          0        0.0       3324
  strong branching :       0.00          0          0          -          0        0.0          0        0.0          -          -          0
  pseudo solution  :       0.00          0          0          -          0        0.0          0        0.0          -          -          -
  applied globally :       0.00          -          -          0        357       19.7          -          -          0          -          -
  applied locally  :          -          -          -          0          0        0.0          -          -          0          -          -
Separators         :   ExecTime  SetupTime      Calls    Cutoffs    DomReds       Cuts    Applied      Conss
  cut pool         :       0.00                   135          -          -       2141          -          -    (maximal pool size: 2465)
  aggregation      :       0.00       0.00         80          0          0          0          0          0
  cgmip            :       0.00       0.00          0          0          0          0          0          0
  clique           :       0.00       0.00         26          0          0          0          0          0
  closecuts        :       0.00       0.00          0          0          0          0          0          0
  cmir             :       0.00       0.00          0          0          0          0          0          0
  convexproj       :       0.00       0.00          0          0          0          0          0          0
  disjunctive      :       0.00       0.00          0          0          0          0          0          0
  eccuts           :       0.00       0.00          0          0          0          0          0          0
  flowcover        :       0.00       0.00          0          0          0          0          0          0
  gauge            :       0.00       0.00          0          0          0          0          0          0
  gomory           :       1.00       0.00         37          0          0        813         77          0
  impliedbounds    :       0.00       0.00         80          0          0        158         96          0
  intobj           :       0.00       0.00          0          0          0          0          0          0
  mcf              :       0.00       0.00          1          0          0          0          0          0
  oddcycle         :       0.00       0.00          0          0          0          0          0          0
  rapidlearning    :       0.00       0.00          0          0          0          0          0          0
  strongcg         :       2.00       0.00         20          0          0       1375          4          0
  zerohalf         :       0.00       0.00         47          0          0        132        134          0
Pricers            :   ExecTime  SetupTime      Calls       Vars
  problem variables:       0.00          -          0          0
Branching Rules    :   ExecTime  SetupTime   BranchLP  BranchExt   BranchPS    Cutoffs    DomReds       Cuts      Conss   Children
  allfullstrong    :       0.00       0.00          0          0          0          0          0          0          0          0
  cloud            :       0.00       0.00          0          0          0          0          0          0          0          0
  distribution     :       0.00       0.00          0          0          0          0          0          0          0          0
  fullstrong       :       0.00       0.00          0          0          0          0          0          0          0          0
  inference        :       0.00       0.00          0          0          0          0          0          0          0          0
  leastinf         :       0.00       0.00          0          0          0          0          0          0          0          0
  lookahead        :       0.00       0.00          0          0          0          0          0          0          0          0
  mostinf          :       0.00       0.00          0          0          0          0          0          0          0          0
  multaggr         :       0.00       0.00          0          0          0          0          0          0          0          0
  nodereopt        :       0.00       0.00          0          0          0          0          0          0          0          0
  pscost           :       0.00       0.00          0          0          0          0          0          0          0          0
  random           :       0.00       0.00          0          0          0          0          0          0          0          0
  relpscost        :       5.00       0.00        186          0          0          0        932          0        327         96
  vanillafullstrong:       0.00       0.00          0          0          0          0          0          0          0          0
Primal Heuristics  :   ExecTime  SetupTime      Calls      Found       Best
  LP solutions     :       0.00          -          -          3          3
  relax solutions  :       0.00          -          -          0          0
  pseudo solutions :       0.00          -          -          0          0
  strong branching :       0.00          -          -          6          6
  actconsdiving    :       0.00       0.00          0          0          0
  adaptivediving   :       0.00       0.00          0          0          0
  alns             :       0.00       0.00          1          0          0
  bound            :       0.00       0.00          0          0          0
  clique           :       0.00       0.00          1          1          1
  coefdiving       :       0.00       0.00          0          0          0
  completesol      :       0.00       0.00          0          0          0
  conflictdiving   :       0.00       0.00          1          0          0
  crossover        :       0.00       0.00          0          0          0
  dins             :       0.00       0.00          0          0          0
  distributiondivin:       0.00       0.00          0          0          0
  dualval          :       0.00       0.00          0          0          0
  farkasdiving     :       0.00       0.00          1          0          0
  feaspump         :       0.00       0.00          0          0          0
  fixandinfer      :       0.00       0.00          0          0          0
  fracdiving       :       0.00       0.00          0          0          0
  gins             :       0.00       0.00          0          0          0
  guideddiving     :       0.00       0.00          0          0          0
  indicator        :       0.00       0.00          0          0          0
  intdiving        :       0.00       0.00          0          0          0
  intshifting      :       0.00       0.00          0          0          0
  linesearchdiving :       0.00       0.00          0          0          0
  localbranching   :       0.00       0.00          0          0          0
  locks            :       0.00       0.00          1          0          0
  lpface           :       0.00       0.00          0          0          0
  mpec             :       0.00       0.00          0          0          0
  multistart       :       0.00       0.00          0          0          0
  mutation         :       0.00       0.00          0          0          0
  nlpdiving        :       0.00       0.00          0          0          0
  objpscostdiving  :       0.00       0.00          0          0          0
  octane           :       0.00       0.00          0          0          0
  ofins            :       0.00       0.00          0          0          0
  oneopt           :       0.00       0.00         11          0          0
  padm             :       0.00       0.00          0          0          0
  proximity        :       0.00       0.00          0          0          0
  pscostdiving     :       0.00       0.00          0          0          0
  randrounding     :       0.00       0.00         26          0          0
  rens             :       0.00       0.00          1          0          0
  reoptsols        :       0.00       0.00          0          0          0
  repair           :       0.00       0.00          0          0          0
  rins             :       0.00       0.00          0          0          0
  rootsoldiving    :       0.00       0.00          0          0          0
  rounding         :       0.00       0.00        185          0          0
  shiftandpropagate:       0.00       0.00          0          0          0
  shifting         :       0.00       0.00         82         76          0
  simplerounding   :       0.00       0.00          0          0          0
  subnlp           :       0.00       0.00          0          0          0
  trivial          :       0.00       0.00          2          0          0
  trivialnegation  :       0.00       0.00          0          0          0
  trustregion      :       0.00       0.00          0          0          0
  trysol           :       0.00       0.00          0          0          0
  twoopt           :       0.00       0.00          0          0          0
  undercover       :       1.00       0.00          1          1          1
  vbounds          :       0.00       0.00          1          2          2
  veclendiving     :       0.00       0.00          0          0          0
  zeroobj          :       0.00       0.00          0          0          0
  zirounding       :       0.00       0.00         48          0          0
  other solutions  :          -          -          -          0          -
Diving (single)    :      Calls      Nodes   LP Iters Backtracks  Conflicts   MinDepth   MaxDepth   AvgDepth  RoundSols  NLeafSols  MinSolDpt  MaxSolDpt  AvgSolDpt
  actconsdiving    :          0          -          -          -          -          -          -          -          -          -          -          -          -
  coefdiving       :          0          -          -          -          -          -          -          -          -          -          -          -          -
  conflictdiving   :          1         12         72          1          0         12         12       12.0          0          -          -          -          -
  distributiondivin:          0          -          -          -          -          -          -          -          -          -          -          -          -
  farkasdiving     :          1         25        698          1         16         25         25       25.0          0          -          -          -          -
  fracdiving       :          0          -          -          -          -          -          -          -          -          -          -          -          -
  guideddiving     :          0          -          -          -          -          -          -          -          -          -          -          -          -
  linesearchdiving :          0          -          -          -          -          -          -          -          -          -          -          -          -
  pscostdiving     :          0          -          -          -          -          -          -          -          -          -          -          -          -
  veclendiving     :          0          -          -          -          -          -          -          -          -          -          -          -          -
Diving (adaptive)  :      Calls      Nodes   LP Iters Backtracks  Conflicts   MinDepth   MaxDepth   AvgDepth  RoundSols  NLeafSols  MinSolDpt  MaxSolDpt  AvgSolDpt
  actconsdiving    :          0          -          -          -          -          -          -          -          -          -          -          -          -
  coefdiving       :          0          -          -          -          -          -          -          -          -          -          -          -          -
  conflictdiving   :          0          -          -          -          -          -          -          -          -          -          -          -          -
  distributiondivin:          0          -          -          -          -          -          -          -          -          -          -          -          -
  farkasdiving     :          0          -          -          -          -          -          -          -          -          -          -          -          -
  fracdiving       :          0          -          -          -          -          -          -          -          -          -          -          -          -
  guideddiving     :          0          -          -          -          -          -          -          -          -          -          -          -          -
  linesearchdiving :          0          -          -          -          -          -          -          -          -          -          -          -          -
  pscostdiving     :          0          -          -          -          -          -          -          -          -          -          -          -          -
  veclendiving     :          0          -          -          -          -          -          -          -          -          -          -          -          -
Neighborhoods      :      Calls  SetupTime  SolveTime SolveNodes       Sols       Best       Exp3  EpsGreedy        UCB TgtFixRate  Opt  Inf Node Stal  Sol  Usr Othr Actv
  rens             :          0       0.00       0.00          0          0          0    0.00000   -1.00000    1.00000      0.900    0    0    0    0    0    0    0    1
  rins             :          0       0.00       0.00          0          0          0    0.00000   -1.00000    1.00000      0.900    0    0    0    0    0    0    0    1
  mutation         :          1       0.00       0.00          1          0          0    0.00000   -1.00000    1.00000      0.700    0    1    0    0    0    0    0    1
  localbranching   :          0       0.00       0.00          0          0          0    0.00000   -1.00000    1.00000      0.900    0    0    0    0    0    0    0    1
  crossover        :          0       0.00       0.00          0          0          0    0.00000   -1.00000    1.00000      0.900    0    0    0    0    0    0    0    1
  proximity        :          0       0.00       0.00          0          0          0    0.00000   -1.00000    1.00000      0.900    0    0    0    0    0    0    0    1
  zeroobjective    :          0       0.00       0.00          0          0          0    0.00000   -1.00000    1.00000      0.900    0    0    0    0    0    0    0    1
  dins             :          0       0.00       0.00          0          0          0    0.00000   -1.00000    1.00000      0.900    0    0    0    0    0    0    0    1
  trustregion      :          0       0.00       0.00          0          0          0    0.00000   -1.00000    1.00000      0.900    0    0    0    0    0    0    0    0
LP                 :       Time      Calls Iterations  Iter/call   Iter/sec  Time-0-It Calls-0-It    ItLimit
  primal LP        :       0.00         12          0       0.00          -       0.00         12
  dual LP          :       0.00        588       9554      26.47          -       0.00        227
  lex dual LP      :       0.00          0          0       0.00          -
  barrier LP       :       0.00          0          0       0.00          -       0.00          0
  resolve instable :       0.00          0          0       0.00          -
  diving/probing LP:       0.00         29        812      28.00          -
  strong branching :       4.00        958      65108      67.96   16277.00          -          -          9
    (at root node) :          -         23       6206     269.83          -
  conflict analysis:       1.00        356       3324       9.34    3324.00
B&B Tree           :
  number of runs   :          1
  nodes            :         95 (48 internal, 47 leaves)
  feasible leaves  :          3
  infeas. leaves   :          0
  objective leaves :         44
  nodes (total)    :         95 (48 internal, 47 leaves)
  nodes left       :          0
  max depth        :         11
  max depth (total):         11
  backtracks       :         32 (33.7%)
  early backtracks :          0 (0.0%)
  nodes exc. ref.  :          0 (0.0%)
  delayed cutoffs  :          0
  repropagations   :          4 (1 domain reductions, 0 cutoffs)
  avg switch length:       3.24
  switching time   :       1.00
Estim. Tree Size   :         97
Estimation Tree    : 97 nodes (97 visited, 48 internal, 49 leaves, 0 open), weight: 1.0000 completed 1.0000
Estimations        :      estim      value      trend resolution     smooth
  wbe              :         97          -          -          -          -
  tree-profile     :         -1          -          -          -          -
  gap              :         97    1.00000    0.05068          1         98
  tree-weight      :         97    1.00000    0.03750          1         98
  leaf-frequency   :         97    0.50000    0.00110          1        103
  ssg              :         97    0.00000   -0.01205          1         97
  open-nodes       :         97    0.00000   -0.26091          1        100
Root Node          :
  First LP value   : -2.08051407695655e-01
  First LP Iters   :        200
  First LP Time    :       0.00
  Final Dual Bound : -1.35427459393023e-02
  Final Root Iters :       1217
  Root LP Estimate : +3.69418116802355e-01
Solution           :
  Solutions found  :         89 (13 improvements)
  First Solution   : +4.61679929791585e-01   (in run 1, after 1 nodes, 0.00 seconds, depth 25, found by <clique>)
  Gap First Sol.   :   infinite
  Gap Last Sol.    :     463.74 %
  Primal Bound     : +1.11348698775429e-01   (in run 1, after 80 nodes, 11.00 seconds, depth 5, found by <relaxation>)
  Dual Bound       : +1.11348698775429e-01
  Gap              :       0.00 %
Integrals          :      Total       Avg%
  primal-dual      :    1046.55      95.14
  primal-ref       :          -          - (not evaluated)
  dual-ref         :          -          - (not evaluated)
