SCIP version 7.0.2 [precision: 8 byte] [memory: block] [mode: optimized] [LP solver: SoPlex 5.0.2] [GitHash: e9d280a398]
Copyright (C) 2002-2020 Konrad-Zuse-Zentrum fuer Informationstechnik Berlin (ZIB)

External codes: 
  SoPlex 5.0.2         Linear Programming Solver developed at Zuse Institute Berlin (soplex.zib.de) [GitHash: e24c304e]
  CppAD 20180000.0     Algorithmic Differentiation of C++ algorithms developed by B. Bell (www.coin-or.org/CppAD)
  MPIR 3.0.0           Multiple Precision Integers and Rationals Library developed by W. Hart (mpir.org)
  ZIMPL 3.4.0          Zuse Institute Mathematical Programming Language developed by T. Koch (zimpl.zib.de)
  PaPILO 1.0.2         parallel presolve for integer and linear optimization (https://github.com/lgottwald/PaPILO) [GitHash: 62d2842]
  bliss 0.73p          Computing Graph Automorphism Groups by T. Junttila and P. Kaski (http://www.tcs.hut.fi/Software/bliss/)
  Ipopt 3.12.9         Interior Point Optimizer developed by A. Waechter et.al. (www.coin-or.org/Ipopt)

user parameter file <scip.set> not found - using default parameters

read problem <C:\Users\Claubit\Documents\GitHub\embedding\src\lp\scenario2_B0.5_classical\IPL_linearized_N50q6.00B25.lp>
============

original problem has 2550 variables (0 bin, 2550 int, 0 impl, 0 cont) and 7501 constraints

solve problem
=============

presolving:
(round 1, fast)       50 del vars, 50 del conss, 0 add conss, 0 chg bounds, 50 chg sides, 50 chg coeffs, 0 upgd conss, 0 impls, 4900 clqs
(round 2, fast)       50 del vars, 150 del conss, 0 add conss, 0 chg bounds, 50 chg sides, 50 chg coeffs, 0 upgd conss, 0 impls, 4900 clqs
   (0.0s) running MILP presolver
   (0.0s) MILP presolver found nothing
(round 3, exhaustive) 50 del vars, 150 del conss, 0 add conss, 0 chg bounds, 50 chg sides, 50 chg coeffs, 7350 upgd conss, 0 impls, 4900 clqs
(round 4, exhaustive) 50 del vars, 7500 del conss, 2450 add conss, 0 chg bounds, 50 chg sides, 50 chg coeffs, 7350 upgd conss, 0 impls, 4900 clqs
(round 5, exhaustive) 1275 del vars, 8725 del conss, 2450 add conss, 0 chg bounds, 50 chg sides, 50 chg coeffs, 7350 upgd conss, 0 impls, 2450 clqs
   (0.0s) probing: 51/1275 (4.0%) - 0 fixings, 0 aggregations, 0 implications, 0 bound changes
   (0.0s) probing aborted: 50/50 successive totally useless probings
   (0.0s) symmetry computation started: requiring (bin +, int -, cont +), (fixed: bin -, int +, cont -)
   (0.0s) no symmetry present
presolving (6 rounds: 6 fast, 4 medium, 4 exhaustive):
 1275 deleted vars, 8725 deleted constraints, 2450 added constraints, 0 tightened bounds, 0 added holes, 50 changed sides, 50 changed coefficients
 0 implications, 2450 cliques
presolved problem has 1275 variables (1275 bin, 0 int, 0 impl, 0 cont) and 1226 constraints
   1225 constraints of type <and>
      1 constraints of type <linear>
Presolving Time: 0.00

 time | node  | left  |LP iter|LP it/n|mem/heur|mdpt |vars |cons |rows |cuts |sepa|confs|strbr|  dualbound   | primalbound  |  gap   | compl. 
p 0.0s|     1 |     0 |     0 |     - |  clique|   0 |1275 |1226 |2451 |   0 |  0 |   0 |   0 |-1.641845e-01 | 5.032806e-01 |    Inf | unknown
p 0.0s|     1 |     0 |     0 |     - | vbounds|   0 |1275 |1226 |2451 |   0 |  0 |   0 |   0 |-1.641845e-01 | 4.989722e-01 |    Inf | unknown
p 0.0s|     1 |     0 |     0 |     - | vbounds|   0 |1275 |1226 |2451 |   0 |  0 |   0 |   0 |-1.641845e-01 | 4.061144e-01 |    Inf | unknown
  0.0s|     1 |     0 |   635 |     - |    31M |   0 |1275 |1226 |2451 |   0 |  0 |   0 |   0 | 6.836906e-03 | 4.061144e-01 |5840.03%| unknown
r 0.0s|     1 |     0 |   635 |     - |shifting|   0 |1275 |1233 |2451 |   0 |  0 |   7 |   0 | 6.836906e-03 | 3.521343e-01 |5050.49%| unknown
  1.0s|     1 |     0 |   698 |     - |    32M |   0 |1275 |1233 |2470 |  19 |  1 |   7 |   0 | 1.197213e-02 | 3.521343e-01 |2841.28%| unknown
r 1.0s|     1 |     0 |   698 |     - |shifting|   0 |1275 |1234 |2470 |  19 |  1 |   8 |   0 | 1.197213e-02 | 3.098995e-01 |2488.51%| unknown
  1.0s|     1 |     0 |   746 |     - |    32M |   0 |1275 |1234 |2487 |  36 |  2 |   8 |   0 | 1.558014e-02 | 3.098995e-01 |1889.07%| unknown
r 1.0s|     1 |     0 |   746 |     - |shifting|   0 |1275 |1241 |2487 |  36 |  2 |  15 |   0 | 1.558014e-02 | 2.691111e-01 |1627.27%| unknown
  1.0s|     1 |     0 |   787 |     - |    34M |   0 |1275 |1241 |2503 |  52 |  3 |  15 |   0 | 1.902968e-02 | 2.691111e-01 |1314.17%| unknown
  1.0s|     1 |     0 |   817 |     - |    35M |   0 |1275 |1241 |2517 |  66 |  4 |  15 |   0 | 2.191867e-02 | 2.691111e-01 |1127.77%| unknown
  1.0s|     1 |     0 |   868 |     - |    35M |   0 |1275 |1241 |2531 |  80 |  5 |  15 |   0 | 2.423921e-02 | 2.691111e-01 |1010.23%| unknown
  1.0s|     1 |     0 |   922 |     - |    36M |   0 |1275 |1241 |2546 |  95 |  6 |  15 |   0 | 2.609542e-02 | 2.691111e-01 | 931.26%| unknown
  1.0s|     1 |     0 |  1007 |     - |    36M |   0 |1275 |1247 |2561 | 110 |  7 |  21 |   0 | 2.885195e-02 | 2.691111e-01 | 832.73%| unknown
  1.0s|     1 |     0 |  1049 |     - |    37M |   0 |1275 |1247 |2571 | 120 |  8 |  21 |   0 | 3.003906e-02 | 2.691111e-01 | 795.87%| unknown
 time | node  | left  |LP iter|LP it/n|mem/heur|mdpt |vars |cons |rows |cuts |sepa|confs|strbr|  dualbound   | primalbound  |  gap   | compl. 
  1.0s|     1 |     0 |  1139 |     - |    38M |   0 |1275 |1254 |2582 | 131 |  9 |  28 |   0 | 3.225609e-02 | 2.691111e-01 | 734.30%| unknown
  1.0s|     1 |     0 |  1265 |     - |    39M |   0 |1275 |1254 |2589 | 138 | 10 |  28 |   0 | 3.600575e-02 | 2.691111e-01 | 647.41%| unknown
  1.0s|     1 |     0 |  1312 |     - |    39M |   0 |1275 |1260 |2603 | 152 | 11 |  34 |   0 | 3.685119e-02 | 2.691111e-01 | 630.26%| unknown
  1.0s|     1 |     0 |  1396 |     - |    40M |   0 |1275 |1261 |2615 | 164 | 12 |  35 |   0 | 3.981524e-02 | 2.691111e-01 | 575.90%| unknown
  1.0s|     1 |     0 |  1458 |     - |    41M |   0 |1275 |1270 |2626 | 175 | 13 |  44 |   0 | 4.177149e-02 | 2.691111e-01 | 544.25%| unknown
  1.0s|     1 |     0 |  1564 |     - |    41M |   0 |1275 |1270 |2636 | 185 | 14 |  44 |   0 | 4.347028e-02 | 2.691111e-01 | 519.07%| unknown
  1.0s|     1 |     0 |  1648 |     - |    42M |   0 |1275 |1270 |2648 | 197 | 15 |  44 |   0 | 4.524858e-02 | 2.691111e-01 | 494.74%| unknown
  1.0s|     1 |     0 |  1795 |     - |    43M |   0 |1275 |1270 |2660 | 209 | 16 |  44 |   0 | 4.786363e-02 | 2.691111e-01 | 462.25%| unknown
  1.0s|     1 |     0 |  1949 |     - |    43M |   0 |1275 |1270 |2668 | 225 | 17 |  44 |   0 | 5.061357e-02 | 2.691111e-01 | 431.70%| unknown
  2.0s|     1 |     0 |  2080 |     - |    44M |   0 |1275 |1271 |2680 | 237 | 18 |  45 |   0 | 5.305909e-02 | 2.691111e-01 | 407.19%| unknown
  2.0s|     1 |     0 |  2300 |     - |    46M |   0 |1275 |1271 |2695 | 252 | 19 |  45 |   0 | 5.708457e-02 | 2.691111e-01 | 371.43%| unknown
  2.0s|     1 |     0 |  2522 |     - |    48M |   0 |1275 |1273 |2709 | 266 | 20 |  47 |   0 | 5.966972e-02 | 2.691111e-01 | 351.00%| unknown
  2.0s|     1 |     0 |  2637 |     - |    48M |   0 |1275 |1273 |2718 | 275 | 21 |  47 |   0 | 6.050583e-02 | 2.691111e-01 | 344.77%| unknown
  2.0s|     1 |     0 |  2694 |     - |    48M |   0 |1275 |1275 |2735 | 292 | 22 |  49 |   0 | 6.111375e-02 | 2.691111e-01 | 340.34%| unknown
  2.0s|     1 |     0 |  2811 |     - |    48M |   0 |1275 |1275 |2744 | 305 | 23 |  49 |   0 | 6.191261e-02 | 2.691111e-01 | 334.66%| unknown
 time | node  | left  |LP iter|LP it/n|mem/heur|mdpt |vars |cons |rows |cuts |sepa|confs|strbr|  dualbound   | primalbound  |  gap   | compl. 
  2.0s|     1 |     0 |  2886 |     - |    48M |   0 |1275 |1276 |2753 | 314 | 24 |  50 |   0 | 6.211234e-02 | 2.691111e-01 | 333.27%| unknown
  2.0s|     1 |     0 |  3018 |     - |    48M |   0 |1275 |1276 |2764 | 325 | 25 |  50 |   0 | 6.268096e-02 | 2.691111e-01 | 329.33%| unknown
  2.0s|     1 |     0 |  3069 |     - |    48M |   0 |1275 |1276 |2772 | 333 | 26 |  50 |   0 | 6.288169e-02 | 2.691111e-01 | 327.96%| unknown
  2.0s|     1 |     0 |  3147 |     - |    48M |   0 |1275 |1276 |2779 | 340 | 27 |  50 |   0 | 6.302163e-02 | 2.691111e-01 | 327.01%| unknown
  2.0s|     1 |     0 |  3210 |     - |    48M |   0 |1275 |1276 |2787 | 348 | 28 |  50 |   0 | 6.312034e-02 | 2.691111e-01 | 326.35%| unknown
  2.0s|     1 |     0 |  3239 |     - |    48M |   0 |1275 |1276 |2781 | 361 | 29 |  50 |   0 | 6.316651e-02 | 2.691111e-01 | 326.03%| unknown
  2.0s|     1 |     0 |  3284 |     - |    48M |   0 |1275 |1276 |2787 | 367 | 30 |  50 |   0 | 6.326491e-02 | 2.691111e-01 | 325.37%| unknown
  2.0s|     1 |     0 |  3353 |     - |    48M |   0 |1275 |1276 |2793 | 373 | 31 |  50 |   0 | 6.332879e-02 | 2.691111e-01 | 324.94%| unknown
  2.0s|     1 |     0 |  3383 |     - |    48M |   0 |1275 |1278 |2798 | 378 | 32 |  52 |   0 | 6.334370e-02 | 2.691111e-01 | 324.84%| unknown
  2.0s|     1 |     0 |  3409 |     - |    48M |   0 |1275 |1285 |2801 | 381 | 33 |  59 |   0 | 6.335346e-02 | 2.691111e-01 | 324.78%| unknown
  2.0s|     1 |     0 |  3434 |     - |    48M |   0 |1275 |1286 |2802 | 382 | 34 |  60 |   0 | 6.336739e-02 | 2.691111e-01 | 324.68%| unknown
d 2.0s|     1 |     0 |  6499 |     - |farkasdi|   0 |1275 |1287 |2802 |   0 | 36 |  61 |   0 | 6.336739e-02 | 2.651762e-01 | 318.47%| unknown
  3.0s|     1 |     0 | 12974 |     - |    49M |   0 |1275 |1287 |2802 | 382 | 36 |  61 |   0 | 6.336739e-02 | 2.651762e-01 | 318.47%| unknown
  3.0s|     1 |     0 | 12989 |     - |    49M |   0 |1275 |1288 |2774 | 383 | 37 |  62 |   0 | 6.336850e-02 | 2.651762e-01 | 318.47%| unknown
  5.0s|     1 |     2 | 12989 |     - |    49M |   0 |1275 |1289 |2774 | 383 | 38 |  63 |  19 | 7.253329e-02 | 2.651762e-01 | 265.59%| unknown
 time | node  | left  |LP iter|LP it/n|mem/heur|mdpt |vars |cons |rows |cuts |sepa|confs|strbr|  dualbound   | primalbound  |  gap   | compl. 
*21.0s|    75 |    58 | 27273 | 321.9 |    LP  |  19 |1275 |1299 |2906 | 780 |  1 |  73 | 357 | 9.897469e-02 | 2.562626e-01 | 158.92%|  10.08%
 22.0s|   100 |    77 | 33175 | 300.3 |    62M |  20 |1275 |1299 |2880 | 922 |  1 |  73 | 366 | 1.249956e-01 | 2.562626e-01 | 105.02%|  10.63%
*28.0s|   164 |   112 | 46118 | 261.8 |    LP  |  20 |1275 |1289 |2974 |1239 |  1 |  73 | 399 | 1.279398e-01 | 2.492632e-01 |  94.83%|  11.94%
*28.0s|   165 |   106 | 46120 | 260.2 |    LP  |  20 |1275 |1289 |2974 |1239 |  2 |  73 | 399 | 1.279398e-01 | 2.467233e-01 |  92.84%|  12.23%
*29.0s|   184 |    98 | 49368 | 250.9 |    LP  |  20 |1275 |1289 |2963 |1335 |  1 |  73 | 399 | 1.279398e-01 | 2.393414e-01 |  87.07%|  14.77%
 32.0s|   200 |   100 | 56484 | 266.5 |    71M |  20 |1275 |1289 |2980 |1527 |  0 |  73 | 410 | 1.417797e-01 | 2.393414e-01 |  68.81%|  20.98%
*38.0s|   256 |    96 | 73039 | 272.9 |    LP  |  20 |1275 |1304 |3067 |1771 |  2 |  88 | 433 | 1.417797e-01 | 2.386084e-01 |  68.30%|  39.74%
 42.0s|   300 |    92 | 84069 | 269.6 |    79M |  20 |1275 |1304 |3055 |2005 |  0 |  88 | 453 | 1.436054e-01 | 2.386084e-01 |  66.16%|  45.97%
*49.0s|   348 |    93 |108267 | 302.1 |    LP  |  20 |1275 |1314 |3070 |2271 |  1 |  98 | 483 | 1.839432e-01 | 2.379314e-01 |  29.35%|  58.25%
*50.0s|   362 |    87 |111313 | 298.8 |    LP  |  20 |1275 |1314 |3110 |2347 |  1 |  98 | 483 | 1.878096e-01 | 2.354622e-01 |  25.37%|  59.71%
 53.0s|   400 |    81 |121116 | 294.9 |    95M |  20 |1275 |1342 |3150 |2438 |  0 | 126 | 504 | 1.929190e-01 | 2.354622e-01 |  22.05%|  69.54%
*53.0s|   408 |    81 |122693 | 293.0 |    LP  |  20 |1275 |1342 |3151 |2438 |  2 | 126 | 504 | 1.933376e-01 | 2.348154e-01 |  21.45%|  72.56%
*53.0s|   409 |    79 |122709 | 292.3 |    LP  |  20 |1275 |1342 |3151 |2438 |  2 | 126 | 504 | 1.933376e-01 | 2.339364e-01 |  21.00%|  72.56%
*53.0s|   412 |    78 |122789 | 290.4 |    LP  |  20 |1275 |1342 |3151 |2438 |  2 | 126 | 504 | 1.933376e-01 | 2.335799e-01 |  20.81%|  72.64%
*53.0s|   413 |    77 |122811 | 289.7 |    LP  |  20 |1275 |1342 |3151 |2438 |  2 | 126 | 504 | 1.933376e-01 | 2.334924e-01 |  20.77%|  72.64%
 time | node  | left  |LP iter|LP it/n|mem/heur|mdpt |vars |cons |rows |cuts |sepa|confs|strbr|  dualbound   | primalbound  |  gap   | compl. 
*53.0s|   414 |    74 |122865 | 289.1 |    LP  |  20 |1275 |1342 |3151 |2438 |  2 | 126 | 504 | 1.933376e-01 | 2.324743e-01 |  20.24%|  72.67%
*53.0s|   421 |    72 |123170 | 285.1 |    LP  |  20 |1275 |1342 |3149 |2438 |  1 | 126 | 504 | 1.933376e-01 | 2.300122e-01 |  18.97%|  73.22%
*53.0s|   422 |    70 |123178 | 284.4 |    LP  |  20 |1275 |1342 |3149 |2438 |  2 | 126 | 504 | 1.933376e-01 | 2.299161e-01 |  18.92%|  74.36%
 56.0s|   500 |     2 |139877 | 273.4 |   100M |  20 |1275 |1378 |3295 |2500 |  0 | 162 | 529 | 2.160585e-01 | 2.299161e-01 |   6.41%|  99.43%

SCIP Status        : problem is solved [optimal solution found]
Solving Time (sec) : 56.00
Solving Nodes      : 502
Primal Bound       : +2.29916120192134e-01 (24 solutions)
Dual Bound         : +2.29916120192134e-01
Gap                : 0.00 %

primal solution (original space):
=================================

objective value:                    0.229916120192134
y(3,3)                                              1 	(obj:0.00223720694833064)
y(3,5)                                              1 	(obj:-3.76821860053486e-05)
y(3,6)                                              1 	(obj:0.00138152437602345)
y(3,8)                                              1 	(obj:-8.86288706296477e-06)
y(3,9)                                              1 	(obj:0.000203927384036255)
y(3,10)                                             1 	(obj:-0.000856188833463618)
y(3,15)                                             1 	(obj:0.000624313576987414)
y(3,16)                                             1 	(obj:0.000658497109936765)
y(3,19)                                             1 	(obj:0.00152058790295617)
y(3,20)                                             1 	(obj:0.00131194327041137)
y(3,21)                                             1 	(obj:0.000776201457845536)
y(3,26)                                             1 	(obj:0.000981810670602637)
y(3,27)                                             1 	(obj:0.00117014662380687)
y(3,28)                                             1 	(obj:7.22106552167255e-06)
y(3,33)                                             1 	(obj:0.000430534379606288)
y(3,35)                                             1 	(obj:-0.000880197928627378)
y(3,36)                                             1 	(obj:-0.000285048802903464)
y(3,39)                                             1 	(obj:0.00121760272306971)
y(3,40)                                             1 	(obj:0.000311096043930776)
y(3,41)                                             1 	(obj:0.00113779380031469)
y(3,43)                                             1 	(obj:0.000781138509972853)
y(3,46)                                             1 	(obj:0.000152133968564456)
y(3,47)                                             1 	(obj:0.001052506773108)
y(3,48)                                             1 	(obj:-0.000665631453344989)
y(3,49)                                             1 	(obj:0.0009981765329696)
y(5,3)                                              1 	(obj:-3.76821860053486e-05)
y(5,5)                                              1 	(obj:0.00146906421819628)
y(5,6)                                              1 	(obj:0.000234531751963563)
y(5,8)                                              1 	(obj:0.000473065682974527)
y(5,9)                                              1 	(obj:0.000352854469371863)
y(5,10)                                             1 	(obj:0.00077424620644004)
y(5,15)                                             1 	(obj:0.000251713071476834)
y(5,16)                                             1 	(obj:0.000484202056772502)
y(5,19)                                             1 	(obj:0.000123889372626299)
y(5,20)                                             1 	(obj:-2.32244759768522e-05)
y(5,21)                                             1 	(obj:0.000333241411084755)
y(5,26)                                             1 	(obj:0.000148869918608921)
y(5,27)                                             1 	(obj:0.000326354386346938)
y(5,28)                                             1 	(obj:0.000533510099686745)
y(5,33)                                             1 	(obj:0.000318329077582654)
y(5,35)                                             1 	(obj:0.000353059453813295)
y(5,36)                                             1 	(obj:0.000365112092507726)
y(5,39)                                             1 	(obj:8.5950007153985e-05)
y(5,40)                                             1 	(obj:0.000293892496960182)
y(5,41)                                             1 	(obj:8.85951595543901e-05)
y(5,43)                                             1 	(obj:0.000678603811097168)
y(5,46)                                             1 	(obj:0.000296168005942218)
y(5,47)                                             1 	(obj:0.000320796482195441)
y(5,48)                                             1 	(obj:0.00077495101644194)
y(5,49)                                             1 	(obj:0.000337423678673085)
y(6,3)                                              1 	(obj:0.00138152437602345)
y(6,5)                                              1 	(obj:0.000234531751963563)
y(6,6)                                              1 	(obj:0.00164005169768236)
y(6,8)                                              1 	(obj:0.000303080784579951)
y(6,9)                                              1 	(obj:0.00059501647835907)
y(6,10)                                             1 	(obj:-3.70130833505605e-05)
y(6,15)                                             1 	(obj:0.000540480281886189)
y(6,16)                                             1 	(obj:0.000588300902945548)
y(6,19)                                             1 	(obj:0.00103030777339988)
y(6,20)                                             1 	(obj:0.00105253913002701)
y(6,21)                                             1 	(obj:0.000689892905432983)
y(6,26)                                             1 	(obj:0.00067276461368569)
y(6,27)                                             1 	(obj:0.000822578590087099)
y(6,28)                                             1 	(obj:0.000463504543563871)
y(6,33)                                             1 	(obj:0.000503982629579378)
y(6,35)                                             1 	(obj:-0.000229326686006522)
y(6,36)                                             1 	(obj:0.000210864112499146)
y(6,39)                                             1 	(obj:0.000610329811936799)
y(6,40)                                             1 	(obj:0.000488588372996348)
y(6,41)                                             1 	(obj:0.000883409726373607)
y(6,43)                                             1 	(obj:0.000822644006252037)
y(6,46)                                             1 	(obj:0.000551668177555726)
y(6,47)                                             1 	(obj:0.00057017335073123)
y(6,48)                                             1 	(obj:7.29058163612322e-05)
y(6,49)                                             1 	(obj:0.000864177963207305)
y(8,3)                                              1 	(obj:-8.86288706296477e-06)
y(8,5)                                              1 	(obj:0.000473065682974527)
y(8,6)                                              1 	(obj:0.000303080784579951)
y(8,8)                                              1 	(obj:0.00111265105063875)
y(8,9)                                              1 	(obj:0.000887407154678277)
y(8,10)                                             1 	(obj:0.00129403791359578)
y(8,15)                                             1 	(obj:0.000247465643670718)
y(8,16)                                             1 	(obj:0.000218693142004939)
y(8,19)                                             1 	(obj:1.44248094591238e-05)
y(8,20)                                             1 	(obj:0.00017822392537391)
y(8,21)                                             1 	(obj:8.35879194562901e-06)
y(8,26)                                             1 	(obj:7.21840085738851e-05)
y(8,27)                                             1 	(obj:8.79417834111323e-05)
y(8,28)                                             1 	(obj:0.000247558353823671)
y(8,33)                                             1 	(obj:0.000611837719816671)
y(8,35)                                             1 	(obj:0.000738078764462355)
y(8,36)                                             1 	(obj:0.000762279628069569)
y(8,39)                                             1 	(obj:-7.55080346326551e-05)
y(8,40)                                             1 	(obj:0.000510739608472067)
y(8,41)                                             1 	(obj:0.000280325580659878)
y(8,43)                                             1 	(obj:0.000820436322605073)
y(8,46)                                             1 	(obj:0.000236726173566116)
y(8,47)                                             1 	(obj:0.000166730882118364)
y(8,48)                                             1 	(obj:0.00112640424544619)
y(8,49)                                             1 	(obj:-0.000117375103599098)
y(9,3)                                              1 	(obj:0.000203927384036255)
y(9,5)                                              1 	(obj:0.000352854469371863)
y(9,6)                                              1 	(obj:0.00059501647835907)
y(9,8)                                              1 	(obj:0.000887407154678277)
y(9,9)                                              1 	(obj:0.00159387163621209)
y(9,10)                                             1 	(obj:0.00146439777795647)
y(9,15)                                             1 	(obj:0.000420678003034503)
y(9,16)                                             1 	(obj:6.52580734429174e-05)
y(9,19)                                             1 	(obj:0.000792532844773427)
y(9,20)                                             1 	(obj:0.00048856418623383)
y(9,21)                                             1 	(obj:0.000564805211710726)
y(9,26)                                             1 	(obj:0.000537755164976432)
y(9,27)                                             1 	(obj:0.00039071057472792)
y(9,28)                                             1 	(obj:6.7874531980007e-05)
y(9,33)                                             1 	(obj:0.000475733581192171)
y(9,35)                                             1 	(obj:0.000845846508844722)
y(9,36)                                             1 	(obj:0.000931067847599644)
y(9,39)                                             1 	(obj:0.000189007902633922)
y(9,40)                                             1 	(obj:0.000579576534121509)
y(9,41)                                             1 	(obj:0.000567417066237786)
y(9,43)                                             1 	(obj:0.000733624397741364)
y(9,46)                                             1 	(obj:0.000428907681673123)
y(9,47)                                             1 	(obj:6.59229195824489e-05)
y(9,48)                                             1 	(obj:0.000985957728741265)
y(9,49)                                             1 	(obj:0.000612449814662426)
y(10,3)                                             1 	(obj:-0.000856188833463618)
y(10,5)                                             1 	(obj:0.00077424620644004)
y(10,6)                                             1 	(obj:-3.70130833505605e-05)
y(10,8)                                             1 	(obj:0.00129403791359578)
y(10,9)                                             1 	(obj:0.00146439777795647)
y(10,10)                                            1 	(obj:0.00334564374989365)
y(10,15)                                            1 	(obj:8.5100695594318e-05)
y(10,16)                                            1 	(obj:-8.6375839492299e-05)
y(10,19)                                            1 	(obj:-0.000271609248763259)
y(10,20)                                            1 	(obj:-0.000293743091690375)
y(10,21)                                            1 	(obj:0.000214307401640574)
y(10,26)                                            1 	(obj:-0.000551786836243524)
y(10,27)                                            1 	(obj:-0.000179393188009943)
y(10,28)                                            1 	(obj:0.000546909160529206)
y(10,33)                                            1 	(obj:0.000665076201697897)
y(10,35)                                            1 	(obj:0.00152288220616993)
y(10,36)                                            1 	(obj:0.0023580248874351)
y(10,39)                                            1 	(obj:-0.000619593788576127)
y(10,40)                                            1 	(obj:0.000811893162695768)
y(10,41)                                            1 	(obj:-0.000260824036545453)
y(10,43)                                            1 	(obj:0.000579124874806726)
y(10,46)                                            1 	(obj:0.000311195460581508)
y(10,47)                                            1 	(obj:-0.000627513143429442)
y(10,48)                                            1 	(obj:0.00243794842761092)
y(10,49)                                            1 	(obj:-0.000408042993375165)
y(15,3)                                             1 	(obj:0.000624313576987414)
y(15,5)                                             1 	(obj:0.000251713071476834)
y(15,6)                                             1 	(obj:0.000540480281886189)
y(15,8)                                             1 	(obj:0.000247465643670718)
y(15,9)                                             1 	(obj:0.000420678003034503)
y(15,10)                                            1 	(obj:8.5100695594318e-05)
y(15,15)                                            1 	(obj:0.00089903847339056)
y(15,16)                                            1 	(obj:0.00067456851842095)
y(15,19)                                            1 	(obj:0.000286441329658417)
y(15,20)                                            1 	(obj:0.000696838869342363)
y(15,21)                                            1 	(obj:0.00051932562483032)
y(15,26)                                            1 	(obj:0.000635036895648988)
y(15,27)                                            1 	(obj:0.000320165082994962)
y(15,28)                                            1 	(obj:-4.12444361773222e-05)
y(15,33)                                            1 	(obj:0.000119225560613443)
y(15,35)                                            1 	(obj:0.000305709139254984)
y(15,36)                                            1 	(obj:4.20664105017562e-05)
y(15,39)                                            1 	(obj:0.000365130742622213)
y(15,40)                                            1 	(obj:0.000380401661891036)
y(15,41)                                            1 	(obj:0.000237709271065332)
y(15,43)                                            1 	(obj:0.000450902721153919)
y(15,46)                                            1 	(obj:0.000246609933985716)
y(15,47)                                            1 	(obj:0.000749477685728787)
y(15,48)                                            1 	(obj:7.86540110297131e-06)
y(15,49)                                            1 	(obj:0.000512300399461521)
y(16,3)                                             1 	(obj:0.000658497109936765)
y(16,5)                                             1 	(obj:0.000484202056772502)
y(16,6)                                             1 	(obj:0.000588300902945548)
y(16,8)                                             1 	(obj:0.000218693142004939)
y(16,9)                                             1 	(obj:6.52580734429174e-05)
y(16,10)                                            1 	(obj:-8.6375839492299e-05)
y(16,15)                                            1 	(obj:0.00067456851842095)
y(16,16)                                            1 	(obj:0.000996991852317888)
y(16,19)                                            1 	(obj:0.000175655738612052)
y(16,20)                                            1 	(obj:0.00071395722356929)
y(16,21)                                            1 	(obj:0.000502185940123179)
y(16,26)                                            1 	(obj:0.000430870367860697)
y(16,27)                                            1 	(obj:0.000480427332115726)
y(16,28)                                            1 	(obj:0.000167340239671791)
y(16,33)                                            1 	(obj:0.000273344014697119)
y(16,35)                                            1 	(obj:8.10740600204138e-05)
y(16,36)                                            1 	(obj:-2.34532301855196e-05)
y(16,39)                                            1 	(obj:0.000608820507498486)
y(16,40)                                            1 	(obj:0.000435948894920199)
y(16,41)                                            1 	(obj:0.000355302926861665)
y(16,43)                                            1 	(obj:0.000559266271647856)
y(16,46)                                            1 	(obj:0.00026360682765574)
y(16,47)                                            1 	(obj:0.000885743659671373)
y(16,48)                                            1 	(obj:3.15574562413468e-05)
y(16,49)                                            1 	(obj:0.000374725255766551)
y(19,3)                                             1 	(obj:0.00152058790295617)
y(19,5)                                             1 	(obj:0.000123889372626299)
y(19,6)                                             1 	(obj:0.00103030777339988)
y(19,8)                                             1 	(obj:1.44248094591238e-05)
y(19,9)                                             1 	(obj:0.000792532844773427)
y(19,10)                                            1 	(obj:-0.000271609248763259)
y(19,15)                                            1 	(obj:0.000286441329658417)
y(19,16)                                            1 	(obj:0.000175655738612052)
y(19,19)                                            1 	(obj:0.00205158922227134)
y(19,20)                                            1 	(obj:0.00111914507159091)
y(19,21)                                            1 	(obj:0.000953684871946607)
y(19,26)                                            1 	(obj:0.00122641359175889)
y(19,27)                                            1 	(obj:0.00106417556806338)
y(19,28)                                            1 	(obj:-0.000123318670872512)
y(19,33)                                            1 	(obj:0.000327209701077173)
y(19,35)                                            1 	(obj:-0.000792076828444048)
y(19,36)                                            1 	(obj:-0.000115504321390561)
y(19,39)                                            1 	(obj:0.000901732405957357)
y(19,40)                                            1 	(obj:0.000272409073205769)
y(19,41)                                            1 	(obj:0.00129392456935655)
y(19,43)                                            1 	(obj:0.000626391070502749)
y(19,46)                                            1 	(obj:0.000163257382946033)
y(19,47)                                            1 	(obj:0.000722631148603051)
y(19,48)                                            1 	(obj:-0.000268285312538359)
y(19,49)                                            1 	(obj:0.00121042730782452)
y(20,3)                                             1 	(obj:0.00131194327041137)
y(20,5)                                             1 	(obj:-2.32244759768522e-05)
y(20,6)                                             1 	(obj:0.00105253913002701)
y(20,8)                                             1 	(obj:0.00017822392537391)
y(20,9)                                             1 	(obj:0.00048856418623383)
y(20,10)                                            1 	(obj:-0.000293743091690375)
y(20,15)                                            1 	(obj:0.000696838869342363)
y(20,16)                                            1 	(obj:0.00071395722356929)
y(20,19)                                            1 	(obj:0.00111914507159091)
y(20,20)                                            1 	(obj:0.00156623334248804)
y(20,21)                                            1 	(obj:0.000564230396598205)
y(20,26)                                            1 	(obj:0.000783491838936487)
y(20,27)                                            1 	(obj:0.000544262400971821)
y(20,28)                                            1 	(obj:-3.97265825980721e-05)
y(20,33)                                            1 	(obj:0.000403022092315158)
y(20,35)                                            1 	(obj:-0.000418495890039789)
y(20,36)                                            1 	(obj:-0.000117054981895777)
y(20,39)                                            1 	(obj:0.000867541703432698)
y(20,40)                                            1 	(obj:0.000408372892778148)
y(20,41)                                            1 	(obj:0.00108070601982949)
y(20,43)                                            1 	(obj:0.00058164686650891)
y(20,46)                                            1 	(obj:0.000145343398829058)
y(20,47)                                            1 	(obj:0.000943819085973307)
y(20,48)                                            1 	(obj:-0.000368871191788761)
y(20,49)                                            1 	(obj:0.000544163783853223)
y(21,3)                                             1 	(obj:0.000776201457845536)
y(21,5)                                             1 	(obj:0.000333241411084755)
y(21,6)                                             1 	(obj:0.000689892905432983)
y(21,8)                                             1 	(obj:8.35879194562901e-06)
y(21,9)                                             1 	(obj:0.000564805211710726)
y(21,10)                                            1 	(obj:0.000214307401640574)
y(21,15)                                            1 	(obj:0.00051932562483032)
y(21,16)                                            1 	(obj:0.000502185940123179)
y(21,19)                                            1 	(obj:0.000953684871946607)
y(21,20)                                            1 	(obj:0.000564230396598205)
y(21,21)                                            1 	(obj:0.00142595730768603)
y(21,26)                                            1 	(obj:0.000986222763496337)
y(21,27)                                            1 	(obj:0.00114432649773283)
y(21,28)                                            1 	(obj:0.000271708559582816)
y(21,33)                                            1 	(obj:0.000469905897894858)
y(21,35)                                            1 	(obj:6.40045859322811e-05)
y(21,36)                                            1 	(obj:0.000205508223676542)
y(21,39)                                            1 	(obj:0.000618408064780961)
y(21,40)                                            1 	(obj:0.000656704380626045)
y(21,41)                                            1 	(obj:0.000658788705666833)
y(21,43)                                            1 	(obj:0.000389607810413629)
y(21,46)                                            1 	(obj:0.000542333828473527)
y(21,47)                                            1 	(obj:0.00067000047811884)
y(21,48)                                            1 	(obj:0.000191278369242771)
y(21,49)                                            1 	(obj:0.0010413676468962)
y(26,3)                                             1 	(obj:0.000981810670602637)
y(26,5)                                             1 	(obj:0.000148869918608921)
y(26,6)                                             1 	(obj:0.00067276461368569)
y(26,8)                                             1 	(obj:7.21840085738851e-05)
y(26,9)                                             1 	(obj:0.000537755164976432)
y(26,10)                                            1 	(obj:-0.000551786836243524)
y(26,15)                                            1 	(obj:0.000635036895648988)
y(26,16)                                            1 	(obj:0.000430870367860697)
y(26,19)                                            1 	(obj:0.00122641359175889)
y(26,20)                                            1 	(obj:0.000783491838936487)
y(26,21)                                            1 	(obj:0.000986222763496337)
y(26,26)                                            1 	(obj:0.0013700068897646)
y(26,27)                                            1 	(obj:0.000830309201775511)
y(26,28)                                            1 	(obj:-0.000138248023698616)
y(26,33)                                            1 	(obj:0.000225225844196009)
y(26,35)                                            1 	(obj:-0.000178774999839855)
y(26,36)                                            1 	(obj:-0.000520547088095174)
y(26,39)                                            1 	(obj:0.000580779841438886)
y(26,40)                                            1 	(obj:0.000318059116977708)
y(26,41)                                            1 	(obj:0.000855825066621397)
y(26,43)                                            1 	(obj:0.000505140238436321)
y(26,46)                                            1 	(obj:0.000276678054082557)
y(26,47)                                            1 	(obj:0.000974476473619888)
y(26,48)                                            1 	(obj:-0.000297166423575052)
y(26,49)                                            1 	(obj:0.0011570304662312)
y(27,3)                                             1 	(obj:0.00117014662380687)
y(27,5)                                             1 	(obj:0.000326354386346938)
y(27,6)                                             1 	(obj:0.000822578590087099)
y(27,8)                                             1 	(obj:8.79417834111323e-05)
y(27,9)                                             1 	(obj:0.00039071057472792)
y(27,10)                                            1 	(obj:-0.000179393188009943)
y(27,15)                                            1 	(obj:0.000320165082994962)
y(27,16)                                            1 	(obj:0.000480427332115726)
y(27,19)                                            1 	(obj:0.00106417556806338)
y(27,20)                                            1 	(obj:0.000544262400971821)
y(27,21)                                            1 	(obj:0.00114432649773283)
y(27,26)                                            1 	(obj:0.000830309201775511)
y(27,27)                                            1 	(obj:0.00171004311003301)
y(27,28)                                            1 	(obj:0.000247298688257465)
y(27,33)                                            1 	(obj:0.000556360064305851)
y(27,35)                                            1 	(obj:-0.000416840838818862)
y(27,36)                                            1 	(obj:7.71975803135742e-05)
y(27,39)                                            1 	(obj:0.000761306038204551)
y(27,40)                                            1 	(obj:0.00055621924628912)
y(27,41)                                            1 	(obj:0.000883600796610749)
y(27,43)                                            1 	(obj:0.000724579979662144)
y(27,46)                                            1 	(obj:0.000502993992756002)
y(27,47)                                            1 	(obj:0.000553247769934451)
y(27,48)                                            1 	(obj:2.81594818737914e-05)
y(27,49)                                            1 	(obj:0.000828190945007141)
y(28,3)                                             1 	(obj:7.22106552167255e-06)
y(28,5)                                             1 	(obj:0.000533510099686745)
y(28,6)                                             1 	(obj:0.000463504543563871)
y(28,8)                                             1 	(obj:0.000247558353823671)
y(28,9)                                             1 	(obj:6.7874531980007e-05)
y(28,10)                                            1 	(obj:0.000546909160529206)
y(28,15)                                            1 	(obj:-4.12444361773222e-05)
y(28,16)                                            1 	(obj:0.000167340239671791)
y(28,19)                                            1 	(obj:-0.000123318670872512)
y(28,20)                                            1 	(obj:-3.97265825980721e-05)
y(28,21)                                            1 	(obj:0.000271708559582816)
y(28,26)                                            1 	(obj:-0.000138248023698616)
y(28,27)                                            1 	(obj:0.000247298688257465)
y(28,28)                                            1 	(obj:0.000782047066692439)
y(28,33)                                            1 	(obj:0.000512016406058001)
y(28,35)                                            1 	(obj:0.000334258419559615)
y(28,36)                                            1 	(obj:0.000517917695177922)
y(28,39)                                            1 	(obj:-0.00021586898515034)
y(28,40)                                            1 	(obj:0.000280932514400984)
y(28,41)                                            1 	(obj:0.000187240961591502)
y(28,43)                                            1 	(obj:0.000373727423638119)
y(28,46)                                            1 	(obj:0.00027161931730446)
y(28,47)                                            1 	(obj:-8.80096477200126e-05)
y(28,48)                                            1 	(obj:0.000582232808494205)
y(28,49)                                            1 	(obj:6.34280657152861e-05)
y(33,3)                                             1 	(obj:0.000430534379606288)
y(33,5)                                             1 	(obj:0.000318329077582654)
y(33,6)                                             1 	(obj:0.000503982629579378)
y(33,8)                                             1 	(obj:0.000611837719816671)
y(33,9)                                             1 	(obj:0.000475733581192171)
y(33,10)                                            1 	(obj:0.000665076201697897)
y(33,15)                                            1 	(obj:0.000119225560613443)
y(33,16)                                            1 	(obj:0.000273344014697119)
y(33,19)                                            1 	(obj:0.000327209701077173)
y(33,20)                                            1 	(obj:0.000403022092315158)
y(33,21)                                            1 	(obj:0.000469905897894858)
y(33,26)                                            1 	(obj:0.000225225844196009)
y(33,27)                                            1 	(obj:0.000556360064305851)
y(33,28)                                            1 	(obj:0.000512016406058001)
y(33,33)                                            1 	(obj:0.000913394367528109)
y(33,35)                                            1 	(obj:0.00048093141980804)
y(33,36)                                            1 	(obj:0.000518613985098135)
y(33,39)                                            1 	(obj:0.000125612229663617)
y(33,40)                                            1 	(obj:0.00041877837821345)
y(33,41)                                            1 	(obj:0.000723621417205328)
y(33,43)                                            1 	(obj:0.000606257164952691)
y(33,46)                                            1 	(obj:0.000376537614860561)
y(33,47)                                            1 	(obj:0.000328494638962652)
y(33,48)                                            1 	(obj:0.000563467368037418)
y(33,49)                                            1 	(obj:0.000194229298600362)
y(35,3)                                             1 	(obj:-0.000880197928627378)
y(35,5)                                             1 	(obj:0.000353059453813295)
y(35,6)                                             1 	(obj:-0.000229326686006522)
y(35,8)                                             1 	(obj:0.000738078764462355)
y(35,9)                                             1 	(obj:0.000845846508844722)
y(35,10)                                            1 	(obj:0.00152288220616993)
y(35,15)                                            1 	(obj:0.000305709139254984)
y(35,16)                                            1 	(obj:8.10740600204138e-05)
y(35,19)                                            1 	(obj:-0.000792076828444048)
y(35,20)                                            1 	(obj:-0.000418495890039789)
y(35,21)                                            1 	(obj:6.40045859322811e-05)
y(35,26)                                            1 	(obj:-0.000178774999839855)
y(35,27)                                            1 	(obj:-0.000416840838818862)
y(35,28)                                            1 	(obj:0.000334258419559615)
y(35,33)                                            1 	(obj:0.00048093141980804)
y(35,35)                                            1 	(obj:0.00231236999521716)
y(35,36)                                            1 	(obj:0.000831597351227401)
y(35,39)                                            1 	(obj:-0.000691476986946171)
y(35,40)                                            1 	(obj:0.000149584201937561)
y(35,41)                                            1 	(obj:-0.000255783564825251)
y(35,43)                                            1 	(obj:0.000147730478142541)
y(35,46)                                            1 	(obj:0.000474791478792389)
y(35,47)                                            1 	(obj:-7.43150945049007e-05)
y(35,48)                                            1 	(obj:0.000952324189515086)
y(35,49)                                            1 	(obj:0.000205762332460539)
y(36,3)                                             1 	(obj:-0.000285048802903464)
y(36,5)                                             1 	(obj:0.000365112092507726)
y(36,6)                                             1 	(obj:0.000210864112499146)
y(36,8)                                             1 	(obj:0.000762279628069569)
y(36,9)                                             1 	(obj:0.000931067847599644)
y(36,10)                                            1 	(obj:0.0023580248874351)
y(36,15)                                            1 	(obj:4.20664105017562e-05)
y(36,16)                                            1 	(obj:-2.34532301855196e-05)
y(36,19)                                            1 	(obj:-0.000115504321390561)
y(36,20)                                            1 	(obj:-0.000117054981895777)
y(36,21)                                            1 	(obj:0.000205508223676542)
y(36,26)                                            1 	(obj:-0.000520547088095174)
y(36,27)                                            1 	(obj:7.71975803135742e-05)
y(36,28)                                            1 	(obj:0.000517917695177922)
y(36,33)                                            1 	(obj:0.000518613985098135)
y(36,35)                                            1 	(obj:0.000831597351227401)
y(36,36)                                            1 	(obj:0.002108957335798)
y(36,39)                                            1 	(obj:-0.000366893264451656)
y(36,40)                                            1 	(obj:0.000605386431772013)
y(36,41)                                            1 	(obj:-9.44453279990915e-05)
y(36,43)                                            1 	(obj:0.000458923597392777)
y(36,46)                                            1 	(obj:0.000137323869558103)
y(36,47)                                            1 	(obj:-0.000741896187011201)
y(36,48)                                            1 	(obj:0.00186971398341487)
y(36,49)                                            1 	(obj:-0.000364396201554264)
y(39,3)                                             1 	(obj:0.00121760272306971)
y(39,5)                                             1 	(obj:8.5950007153985e-05)
y(39,6)                                             1 	(obj:0.000610329811936799)
y(39,8)                                             1 	(obj:-7.55080346326551e-05)
y(39,9)                                             1 	(obj:0.000189007902633922)
y(39,10)                                            1 	(obj:-0.000619593788576127)
y(39,15)                                            1 	(obj:0.000365130742622213)
y(39,16)                                            1 	(obj:0.000608820507498486)
y(39,19)                                            1 	(obj:0.000901732405957357)
y(39,20)                                            1 	(obj:0.000867541703432698)
y(39,21)                                            1 	(obj:0.000618408064780961)
y(39,26)                                            1 	(obj:0.000580779841438886)
y(39,27)                                            1 	(obj:0.000761306038204551)
y(39,28)                                            1 	(obj:-0.00021586898515034)
y(39,33)                                            1 	(obj:0.000125612229663617)
y(39,35)                                            1 	(obj:-0.000691476986946171)
y(39,36)                                            1 	(obj:-0.000366893264451656)
y(39,39)                                            1 	(obj:0.00148990117970221)
y(39,40)                                            1 	(obj:0.000424064632670973)
y(39,41)                                            1 	(obj:0.000532951397585701)
y(39,43)                                            1 	(obj:0.000309049072512059)
y(39,46)                                            1 	(obj:4.45617766628773e-05)
y(39,47)                                            1 	(obj:0.000804156620444828)
y(39,48)                                            1 	(obj:-0.000415359766573888)
y(39,49)                                            1 	(obj:0.00035317144652082)
y(40,3)                                             1 	(obj:0.000311096043930776)
y(40,5)                                             1 	(obj:0.000293892496960182)
y(40,6)                                             1 	(obj:0.000488588372996348)
y(40,8)                                             1 	(obj:0.000510739608472067)
y(40,9)                                             1 	(obj:0.000579576534121509)
y(40,10)                                            1 	(obj:0.000811893162695768)
y(40,15)                                            1 	(obj:0.000380401661891036)
y(40,16)                                            1 	(obj:0.000435948894920199)
y(40,19)                                            1 	(obj:0.000272409073205769)
y(40,20)                                            1 	(obj:0.000408372892778148)
y(40,21)                                            1 	(obj:0.000656704380626045)
y(40,26)                                            1 	(obj:0.000318059116977708)
y(40,27)                                            1 	(obj:0.00055621924628912)
y(40,28)                                            1 	(obj:0.000280932514400984)
y(40,33)                                            1 	(obj:0.00041877837821345)
y(40,35)                                            1 	(obj:0.000149584201937561)
y(40,36)                                            1 	(obj:0.000605386431772013)
y(40,39)                                            1 	(obj:0.000424064632670973)
y(40,40)                                            1 	(obj:0.000854820177281219)
y(40,41)                                            1 	(obj:0.000260035067111291)
y(40,43)                                            1 	(obj:0.000652360128541561)
y(40,46)                                            1 	(obj:0.000270438888745321)
y(40,47)                                            1 	(obj:0.000434299050184895)
y(40,48)                                            1 	(obj:0.000824930750895498)
y(40,49)                                            1 	(obj:-6.21650751146993e-06)
y(41,3)                                             1 	(obj:0.00113779380031469)
y(41,5)                                             1 	(obj:8.85951595543901e-05)
y(41,6)                                             1 	(obj:0.000883409726373607)
y(41,8)                                             1 	(obj:0.000280325580659878)
y(41,9)                                             1 	(obj:0.000567417066237786)
y(41,10)                                            1 	(obj:-0.000260824036545453)
y(41,15)                                            1 	(obj:0.000237709271065332)
y(41,16)                                            1 	(obj:0.000355302926861665)
y(41,19)                                            1 	(obj:0.00129392456935655)
y(41,20)                                            1 	(obj:0.00108070601982949)
y(41,21)                                            1 	(obj:0.000658788705666833)
y(41,26)                                            1 	(obj:0.000855825066621397)
y(41,27)                                            1 	(obj:0.000883600796610749)
y(41,28)                                            1 	(obj:0.000187240961591502)
y(41,33)                                            1 	(obj:0.000723621417205328)
y(41,35)                                            1 	(obj:-0.000255783564825251)
y(41,36)                                            1 	(obj:-9.44453279990915e-05)
y(41,39)                                            1 	(obj:0.000532951397585701)
y(41,40)                                            1 	(obj:0.000260035067111291)
y(41,41)                                            1 	(obj:0.00140209275410169)
y(41,43)                                            1 	(obj:0.000769670547895161)
y(41,46)                                            1 	(obj:0.000259151274287844)
y(41,47)                                            1 	(obj:0.000691468292718907)
y(41,48)                                            1 	(obj:-0.000234116910085912)
y(41,49)                                            1 	(obj:0.000824932539766464)
y(43,3)                                             1 	(obj:0.000781138509972853)
y(43,5)                                             1 	(obj:0.000678603811097168)
y(43,6)                                             1 	(obj:0.000822644006252037)
y(43,8)                                             1 	(obj:0.000820436322605073)
y(43,9)                                             1 	(obj:0.000733624397741364)
y(43,10)                                            1 	(obj:0.000579124874806726)
y(43,15)                                            1 	(obj:0.000450902721153919)
y(43,16)                                            1 	(obj:0.000559266271647856)
y(43,19)                                            1 	(obj:0.000626391070502749)
y(43,20)                                            1 	(obj:0.00058164686650891)
y(43,21)                                            1 	(obj:0.000389607810413629)
y(43,26)                                            1 	(obj:0.000505140238436321)
y(43,27)                                            1 	(obj:0.000724579979662144)
y(43,28)                                            1 	(obj:0.000373727423638119)
y(43,33)                                            1 	(obj:0.000606257164952691)
y(43,35)                                            1 	(obj:0.000147730478142541)
y(43,36)                                            1 	(obj:0.000458923597392777)
y(43,39)                                            1 	(obj:0.000309049072512059)
y(43,40)                                            1 	(obj:0.000652360128541561)
y(43,41)                                            1 	(obj:0.000769670547895161)
y(43,43)                                            1 	(obj:0.00139197153608566)
y(43,46)                                            1 	(obj:0.000297382237730768)
y(43,47)                                            1 	(obj:0.000721564632355804)
y(43,48)                                            1 	(obj:0.000660196041685159)
y(43,49)                                            1 	(obj:0.000414679873887775)
y(46,3)                                             1 	(obj:0.000152133968564456)
y(46,5)                                             1 	(obj:0.000296168005942218)
y(46,6)                                             1 	(obj:0.000551668177555726)
y(46,8)                                             1 	(obj:0.000236726173566116)
y(46,9)                                             1 	(obj:0.000428907681673123)
y(46,10)                                            1 	(obj:0.000311195460581508)
y(46,15)                                            1 	(obj:0.000246609933985716)
y(46,16)                                            1 	(obj:0.00026360682765574)
y(46,19)                                            1 	(obj:0.000163257382946033)
y(46,20)                                            1 	(obj:0.000145343398829058)
y(46,21)                                            1 	(obj:0.000542333828473527)
y(46,26)                                            1 	(obj:0.000276678054082557)
y(46,27)                                            1 	(obj:0.000502993992756002)
y(46,28)                                            1 	(obj:0.00027161931730446)
y(46,33)                                            1 	(obj:0.000376537614860561)
y(46,35)                                            1 	(obj:0.000474791478792389)
y(46,36)                                            1 	(obj:0.000137323869558103)
y(46,39)                                            1 	(obj:4.45617766628773e-05)
y(46,40)                                            1 	(obj:0.000270438888745321)
y(46,41)                                            1 	(obj:0.000259151274287844)
y(46,43)                                            1 	(obj:0.000297382237730768)
y(46,46)                                            1 	(obj:0.00072104601181762)
y(46,47)                                            1 	(obj:0.000253581850831187)
y(46,48)                                            1 	(obj:0.000169468483217596)
y(46,49)                                            1 	(obj:0.000552486276560592)
y(47,3)                                             1 	(obj:0.001052506773108)
y(47,5)                                             1 	(obj:0.000320796482195441)
y(47,6)                                             1 	(obj:0.00057017335073123)
y(47,8)                                             1 	(obj:0.000166730882118364)
y(47,9)                                             1 	(obj:6.59229195824489e-05)
y(47,10)                                            1 	(obj:-0.000627513143429442)
y(47,15)                                            1 	(obj:0.000749477685728787)
y(47,16)                                            1 	(obj:0.000885743659671373)
y(47,19)                                            1 	(obj:0.000722631148603051)
y(47,20)                                            1 	(obj:0.000943819085973307)
y(47,21)                                            1 	(obj:0.00067000047811884)
y(47,26)                                            1 	(obj:0.000974476473619888)
y(47,27)                                            1 	(obj:0.000553247769934451)
y(47,28)                                            1 	(obj:-8.80096477200126e-05)
y(47,33)                                            1 	(obj:0.000328494638962652)
y(47,35)                                            1 	(obj:-7.43150945049007e-05)
y(47,36)                                            1 	(obj:-0.000741896187011201)
y(47,39)                                            1 	(obj:0.000804156620444828)
y(47,40)                                            1 	(obj:0.000434299050184895)
y(47,41)                                            1 	(obj:0.000691468292718907)
y(47,43)                                            1 	(obj:0.000721564632355804)
y(47,46)                                            1 	(obj:0.000253581850831187)
y(47,47)                                            1 	(obj:0.00173526270401432)
y(47,48)                                            1 	(obj:-0.000563512937749296)
y(47,49)                                            1 	(obj:0.000707320510418875)
y(48,3)                                             1 	(obj:-0.000665631453344989)
y(48,5)                                             1 	(obj:0.00077495101644194)
y(48,6)                                             1 	(obj:7.29058163612322e-05)
y(48,8)                                             1 	(obj:0.00112640424544619)
y(48,9)                                             1 	(obj:0.000985957728741265)
y(48,10)                                            1 	(obj:0.00243794842761092)
y(48,15)                                            1 	(obj:7.86540110297131e-06)
y(48,16)                                            1 	(obj:3.15574562413468e-05)
y(48,19)                                            1 	(obj:-0.000268285312538359)
y(48,20)                                            1 	(obj:-0.000368871191788761)
y(48,21)                                            1 	(obj:0.000191278369242771)
y(48,26)                                            1 	(obj:-0.000297166423575052)
y(48,27)                                            1 	(obj:2.81594818737914e-05)
y(48,28)                                            1 	(obj:0.000582232808494205)
y(48,33)                                            1 	(obj:0.000563467368037418)
y(48,35)                                            1 	(obj:0.000952324189515086)
y(48,36)                                            1 	(obj:0.00186971398341487)
y(48,39)                                            1 	(obj:-0.000415359766573888)
y(48,40)                                            1 	(obj:0.000824930750895498)
y(48,41)                                            1 	(obj:-0.000234116910085912)
y(48,43)                                            1 	(obj:0.000660196041685159)
y(48,46)                                            1 	(obj:0.000169468483217596)
y(48,47)                                            1 	(obj:-0.000563512937749296)
y(48,48)                                            1 	(obj:0.0024434918437443)
y(48,49)                                            1 	(obj:-0.000602260338302616)
y(49,3)                                             1 	(obj:0.0009981765329696)
y(49,5)                                             1 	(obj:0.000337423678673085)
y(49,6)                                             1 	(obj:0.000864177963207305)
y(49,8)                                             1 	(obj:-0.000117375103599098)
y(49,9)                                             1 	(obj:0.000612449814662426)
y(49,10)                                            1 	(obj:-0.000408042993375165)
y(49,15)                                            1 	(obj:0.000512300399461521)
y(49,16)                                            1 	(obj:0.000374725255766551)
y(49,19)                                            1 	(obj:0.00121042730782452)
y(49,20)                                            1 	(obj:0.000544163783853223)
y(49,21)                                            1 	(obj:0.0010413676468962)
y(49,26)                                            1 	(obj:0.0011570304662312)
y(49,27)                                            1 	(obj:0.000828190945007141)
y(49,28)                                            1 	(obj:6.34280657152861e-05)
y(49,33)                                            1 	(obj:0.000194229298600362)
y(49,35)                                            1 	(obj:0.000205762332460539)
y(49,36)                                            1 	(obj:-0.000364396201554264)
y(49,39)                                            1 	(obj:0.00035317144652082)
y(49,40)                                            1 	(obj:-6.21650751146993e-06)
y(49,41)                                            1 	(obj:0.000824932539766464)
y(49,43)                                            1 	(obj:0.000414679873887775)
y(49,46)                                            1 	(obj:0.000552486276560592)
y(49,47)                                            1 	(obj:0.000707320510418875)
y(49,48)                                            1 	(obj:-0.000602260338302616)
y(49,49)                                            1 	(obj:0.00187532663664573)
x(3)                                                1 	(obj:-0.00494766259346168)
x(5)                                                1 	(obj:0.00177673534514412)
x(6)                                                1 	(obj:-0.00523546498164395)
x(8)                                                1 	(obj:0.000997216774561627)
x(9)                                                1 	(obj:-0.00207188864718205)
x(10)                                               1 	(obj:0.00177745196121519)
x(15)                                               1 	(obj:-0.00604299652542468)
x(16)                                               1 	(obj:-0.00493561081293127)
x(19)                                               1 	(obj:-0.00105809433569392)
x(20)                                               1 	(obj:-0.00542962052481039)
x(21)                                               1 	(obj:-0.000508340104007876)
x(26)                                               1 	(obj:-0.00251806398287128)
x(27)                                               1 	(obj:-0.00601919752801867)
x(28)                                               1 	(obj:0.000671630321908295)
x(33)                                               1 	(obj:-0.00356445486813727)
x(35)                                               1 	(obj:-0.00044229367485123)
x(36)                                               1 	(obj:-7.88891686792415e-05)
x(39)                                               1 	(obj:-0.0085148200352945)
x(40)                                               1 	(obj:0.00161093376744345)
x(41)                                               1 	(obj:-0.00416586113952971)
x(43)                                               1 	(obj:-0.00291777644640531)
x(46)                                               1 	(obj:-0.00137051807891899)
x(47)                                               1 	(obj:-0.00385026711117394)
x(48)                                               1 	(obj:0.00227070075531098)
x(49)                                               1 	(obj:-0.000326667868598091)

Statistics
==========

SCIP Status        : problem is solved [optimal solution found]
Total Time         :      56.00
  solving          :      56.00
  presolving       :       0.00 (included in solving)
  reading          :       0.00
  copying          :       0.00 (3 #copies) (minimal 0.00, maximal 0.00, average 0.00)
Original Problem   :
  Problem name     : C:\Users\Claubit\Documents\GitHub\embedding\src\lp\scenario2_B0.5_classical\IPL_linearized_N50q6.00B25.lp
  Variables        : 2550 (0 binary, 2550 integer, 0 implicit integer, 0 continuous)
  Constraints      : 7501 initial, 7501 maximal
  Objective        : minimize, 2550 non-zeros (abs.min = 3.56647e-06, abs.max = 0.0125285)
Presolved Problem  :
  Problem name     : t_C:\Users\Claubit\Documents\GitHub\embedding\src\lp\scenario2_B0.5_classical\IPL_linearized_N50q6.00B25.lp
  Variables        : 1275 (1275 binary, 0 integer, 0 implicit integer, 0 continuous)
  Constraints      : 1226 initial, 1378 maximal
  Objective        : minimize, 1275 non-zeros (abs.min = 7.13294e-06, abs.max = 0.01705)
  Nonzeros         : 3725 constraint, 4900 clique table
Presolvers         :   ExecTime  SetupTime  Calls  FixedVars   AggrVars   ChgTypes  ChgBounds   AddHoles    DelCons    AddCons   ChgSides   ChgCoefs
  boundshift       :       0.00       0.00      0          0          0          0          0          0          0          0          0          0
  convertinttobin  :       0.00       0.00      0          0          0          0          0          0          0          0          0          0
  domcol           :       0.00       0.00      1          0          0          0          0          0          0          0          0          0
  dualagg          :       0.00       0.00      0          0          0          0          0          0          0          0          0          0
  dualcomp         :       0.00       0.00      0          0          0          0          0          0          0          0          0          0
  dualinfer        :       0.00       0.00      0          0          0          0          0          0          0          0          0          0
  dualsparsify     :       0.00       0.00      1          0          0          0          0          0          0          0          0          0
  gateextraction   :       0.00       0.00      1          0          0          0          0          0       7350       2450          0          0
  implics          :       0.00       0.00      4          0          0          0          0          0          0          0          0          0
  inttobinary      :       0.00       0.00      0          0          0          0          0          0          0          0          0          0
  milp             :       0.00       0.00      1          0          0          0          0          0          0          0          0          0
  qpkktref         :       0.00       0.00      0          0          0          0          0          0          0          0          0          0
  redvub           :       0.00       0.00      0          0          0          0          0          0          0          0          0          0
  sparsify         :       0.00       0.00      1          0          0          0          0          0          0          0          0          0
  stuffing         :       0.00       0.00      0          0          0          0          0          0          0          0          0          0
  trivial          :       0.00       0.00      6          0          0          0          0          0          0          0          0          0
  tworowbnd        :       0.00       0.00      0          0          0          0          0          0          0          0          0          0
  dualfix          :       0.00       0.00      6          0          0          0          0          0          0          0          0          0
  genvbounds       :       0.00       0.00      0          0          0          0          0          0          0          0          0          0
  probing          :       0.00       0.00      1          0          0          0          0          0          0          0          0          0
  pseudoobj        :       0.00       0.00      0          0          0          0          0          0          0          0          0          0
  symmetry         :       0.00       0.00      1          0          0          0          0          0          0          0          0          0
  vbounds          :       0.00       0.00      1          0          0          0          0          0          0          0          0          0
  and              :       0.00       0.00      4          0       1225          0          0          0       1225          0          0          0
  linear           :       0.00       0.00      8          0         50          0          0          0        150          0         50         50
  logicor          :       0.00       0.00      2          0          0          0          0          0          0          0          0          0
  benders          :       0.00       0.00      0          0          0          0          0          0          0          0          0          0
  components       :       0.00       0.00      1          0          0          0          0          0          0          0          0          0
  root node        :          -          -      -         50          -          -         50          -          -          -          -          -
Constraints        :     Number  MaxNumber  #Separate #Propagate    #EnfoLP    #EnfoRelax  #EnfoPS    #Check   #ResProp    Cutoffs    DomReds       Cuts    Applied      Conss   Children
  benderslp        :          0          0          0          0        304          0          0         36          0          0          0          0          0          0          0
  integral         :          0          0          0          0        304          0          0         36          0          0         52          0          0         75        558
  and              :       1225       1225        667       5599         14          0          0         31       2512         18      20393        680        612          0          0
  linear           :          1          1         36       5555         14          0          0         12         12          5          0          0          0          0          0
  logicor          :          0+       152         36       1136          0          0          0          0         11          6          0          0          0          0          0
  benders          :          0          0          0          0         14          0          0         11          0          0          0          0          0          0          0
  countsols        :          0          0          0          0         14          0          0         11          0          0          0          0          0          0          0
  components       :          0          0          0          0          0          0          0          0          0          0          0          0          0          0          0
Constraint Timings :  TotalTime  SetupTime   Separate  Propagate     EnfoLP     EnfoPS     EnfoRelax   Check    ResProp    SB-Prop
  benderslp        :       0.00       0.00       0.00       0.00       0.00       0.00       0.00       0.00       0.00       0.00
  integral         :      24.00       0.00       0.00       0.00      24.00       0.00       0.00       0.00       0.00       0.00
  and              :       0.00       0.00       0.00       0.00       0.00       0.00       0.00       0.00       0.00       0.00
  linear           :       0.00       0.00       0.00       0.00       0.00       0.00       0.00       0.00       0.00       0.00
  logicor          :       0.00       0.00       0.00       0.00       0.00       0.00       0.00       0.00       0.00       0.00
  benders          :       0.00       0.00       0.00       0.00       0.00       0.00       0.00       0.00       0.00       0.00
  countsols        :       0.00       0.00       0.00       0.00       0.00       0.00       0.00       0.00       0.00       0.00
  components       :       0.00       0.00       0.00       0.00       0.00       0.00       0.00       0.00       0.00       0.00
Propagators        : #Propagate   #ResProp    Cutoffs    DomReds
  dualfix          :          3          0          0          0
  genvbounds       :          0          0          0          0
  nlobbt           :          0          0          0          0
  obbt             :          0          0          0          0
  probing          :          0          0          0          0
  pseudoobj        :       1686          0          0          0
  redcost          :       1133          0          0       5075
  rootredcost      :         15          0          0          0
  symmetry         :          0          0          0          0
  vbounds          :       5813          0          0          0
Propagator Timings :  TotalTime  SetupTime   Presolve  Propagate    ResProp    SB-Prop
  dualfix          :       0.00       0.00       0.00       0.00       0.00       0.00
  genvbounds       :       0.00       0.00       0.00       0.00       0.00       0.00
  nlobbt           :       0.00       0.00       0.00       0.00       0.00       0.00
  obbt             :       0.00       0.00       0.00       0.00       0.00       0.00
  probing          :       0.00       0.00       0.00       0.00       0.00       0.00
  pseudoobj        :       0.00       0.00       0.00       0.00       0.00       0.00
  redcost          :       0.00       0.00       0.00       0.00       0.00       0.00
  rootredcost      :       0.00       0.00       0.00       0.00       0.00       0.00
  symmetry         :       0.00       0.00       0.00       0.00       0.00       0.00
  vbounds          :       0.00       0.00       0.00       0.00       0.00       0.00
Conflict Analysis  :       Time      Calls    Success    DomReds  Conflicts   Literals    Reconvs ReconvLits   Dualrays   Nonzeros   LP Iters   (pool size: [10000,10000])
  propagation      :       0.00         24         24          -         69       20.7          0        0.0          -          -          -
  infeasible LP    :       0.00          0          0          -          0        0.0          0        0.0          0        0.0          0
  bound exceed. LP :       0.00         89         20          -        215       64.7          0        0.0          0        0.0        600
  strong branching :       0.00          0          0          -          0        0.0          0        0.0          -          -          0
  pseudo solution  :       0.00          0          0          -          0        0.0          0        0.0          -          -          -
  applied globally :       0.00          -          -          0        162       27.9          -          -          0          -          -
  applied locally  :          -          -          -          0          0        0.0          -          -          0          -          -
Separators         :   ExecTime  SetupTime      Calls    Cutoffs    DomReds       Cuts    Applied      Conss
  cut pool         :       1.00                   381          -          -       7367          -          -    (maximal pool size: 5102)
  aggregation      :       0.00       0.00        213          0          0          1          0          0
  cgmip            :       0.00       0.00          0          0          0          0          0          0
  clique           :       0.00       0.00         36          0          0          0          0          0
  closecuts        :       0.00       0.00          0          0          0          0          0          0
  cmir             :       0.00       0.00          0          0          0          0          2          0
  convexproj       :       0.00       0.00          0          0          0          0          0          0
  disjunctive      :       0.00       0.00          0          0          0          0          0          0
  eccuts           :       0.00       0.00          0          0          0          0          0          0
  flowcover        :       0.00       0.00          0          0          0          0          0          0
  gauge            :       0.00       0.00          0          0          0          0          0          0
  gomory           :      15.00       0.00        136          0          0       6023        355          0
  impliedbounds    :       0.00       0.00        213          0          0        105         43          0
  intobj           :       0.00       0.00          0          0          0          0          0          0
  mcf              :       0.00       0.00          1          0          0          0          0          0
  oddcycle         :       0.00       0.00          0          0          0          0          0          0
  rapidlearning    :       0.00       0.00          0          0          0          0          0          0
  strongcg         :       1.00       0.00         20          0          0       2727        119          0
  zerohalf         :       0.00       0.00        146          0          0        631       1369          0
Pricers            :   ExecTime  SetupTime      Calls       Vars
  problem variables:       0.00          -          0          0
Branching Rules    :   ExecTime  SetupTime   BranchLP  BranchExt   BranchPS    Cutoffs    DomReds       Cuts      Conss   Children
  allfullstrong    :       0.00       0.00          0          0          0          0          0          0          0          0
  cloud            :       0.00       0.00          0          0          0          0          0          0          0          0
  distribution     :       0.00       0.00          0          0          0          0          0          0          0          0
  fullstrong       :       0.00       0.00          0          0          0          0          0          0          0          0
  inference        :       0.00       0.00          0          0          0          0          0          0          0          0
  leastinf         :       0.00       0.00          0          0          0          0          0          0          0          0
  lookahead        :       0.00       0.00          0          0          0          0          0          0          0          0
  mostinf          :       0.00       0.00          0          0          0          0          0          0          0          0
  multaggr         :       0.00       0.00          0          0          0          0          0          0          0          0
  nodereopt        :       0.00       0.00          0          0          0          0          0          0          0          0
  pscost           :       0.00       0.00          0          0          0          0          0          0          0          0
  random           :       0.00       0.00          0          0          0          0          0          0          0          0
  relpscost        :      24.00       0.00        290          0          0          0         52          0         75        558
  vanillafullstrong:       0.00       0.00          0          0          0          0          0          0          0          0
Primal Heuristics  :   ExecTime  SetupTime      Calls      Found       Best
  LP solutions     :       1.00          -          -         14         14
  relax solutions  :       0.00          -          -          0          0
  pseudo solutions :       0.00          -          -          0          0
  strong branching :       0.00          -          -          0          0
  actconsdiving    :       0.00       0.00          0          0          0
  adaptivediving   :       0.00       0.00          2          0          0
  alns             :       0.00       0.00          1          0          0
  bound            :       0.00       0.00          0          0          0
  clique           :       0.00       0.00          1          1          1
  coefdiving       :       0.00       0.00          0          0          0
  completesol      :       0.00       0.00          0          0          0
  conflictdiving   :       0.00       0.00          1          0          0
  crossover        :       0.00       0.00          0          0          0
  dins             :       0.00       0.00          0          0          0
  distributiondivin:       0.00       0.00          1          0          0
  dualval          :       0.00       0.00          0          0          0
  farkasdiving     :       0.00       0.00          2          1          1
  feaspump         :       1.00       0.00          1          0          0
  fixandinfer      :       0.00       0.00          0          0          0
  fracdiving       :       0.00       0.00          1          0          0
  gins             :       0.00       0.00          0          0          0
  guideddiving     :       0.00       0.00          1          0          0
  indicator        :       0.00       0.00          0          0          0
  intdiving        :       0.00       0.00          0          0          0
  intshifting      :       0.00       0.00          0          0          0
  linesearchdiving :       1.00       0.00          1          0          0
  localbranching   :       0.00       0.00          0          0          0
  locks            :       0.00       0.00          1          0          0
  lpface           :       0.00       0.00          0          0          0
  mpec             :       0.00       0.00          0          0          0
  multistart       :       0.00       0.00          0          0          0
  mutation         :       0.00       0.00          0          0          0
  nlpdiving        :       0.00       0.00          0          0          0
  objpscostdiving  :       0.00       0.00          1          1          0
  octane           :       0.00       0.00          0          0          0
  ofins            :       0.00       0.00          0          0          0
  oneopt           :       0.00       0.00         19          0          0
  padm             :       0.00       0.00          0          0          0
  proximity        :       0.00       0.00          0          0          0
  pscostdiving     :       0.00       0.00          1          0          0
  randrounding     :       0.00       0.00         37          0          0
  rens             :       0.00       0.00          1          0          0
  reoptsols        :       0.00       0.00          0          0          0
  repair           :       0.00       0.00          0          0          0
  rins             :       0.00       0.00          0          0          0
  rootsoldiving    :       1.00       0.00          1          1          0
  rounding         :       0.00       0.00        304          0          0
  shiftandpropagate:       0.00       0.00          0          0          0
  shifting         :       1.00       0.00        229          4          3
  simplerounding   :       0.00       0.00          0          0          0
  subnlp           :       0.00       0.00          0          0          0
  trivial          :       0.00       0.00          2          0          0
  trivialnegation  :       0.00       0.00          0          0          0
  trustregion      :       0.00       0.00          0          0          0
  trysol           :       0.00       0.00          0          0          0
  twoopt           :       0.00       0.00          0          0          0
  undercover       :       1.00       0.00          1          0          0
  vbounds          :       0.00       0.00          1          2          2
  veclendiving     :       0.00       0.00          1          0          0
  zeroobj          :       0.00       0.00          0          0          0
  zirounding       :       0.00       0.00        279          0          0
  other solutions  :          -          -          -          0          -
Diving (single)    :      Calls      Nodes   LP Iters Backtracks  Conflicts   MinDepth   MaxDepth   AvgDepth  RoundSols  NLeafSols  MinSolDpt  MaxSolDpt  AvgSolDpt
  actconsdiving    :          0          -          -          -          -          -          -          -          -          -          -          -          -
  coefdiving       :          0          -          -          -          -          -          -          -          -          -          -          -          -
  conflictdiving   :          1         21          0          1          0         21         21       21.0          0          -          -          -          -
  distributiondivin:          1          8          5          2          0         22         22       22.0          0          -          -          -          -
  farkasdiving     :          2         38       3572          1         17         24         31       27.5          0          1         31         31       31.0
  fracdiving       :          1         16         85          3          0         29         29       29.0          0          -          -          -          -
  guideddiving     :          1         14          0          2          0         23         23       23.0          0          -          -          -          -
  linesearchdiving :          1         20        288          3         19         29         29       29.0          0          -          -          -          -
  pscostdiving     :          1         96        376          1          0        109        109      109.0          0          -          -          -          -
  veclendiving     :          1         14         36          5          0         24         24       24.0          0          -          -          -          -
Diving (adaptive)  :      Calls      Nodes   LP Iters Backtracks  Conflicts   MinDepth   MaxDepth   AvgDepth  RoundSols  NLeafSols  MinSolDpt  MaxSolDpt  AvgSolDpt
  actconsdiving    :          1          5        169          1          0         15         15       15.0          0          -          -          -          -
  coefdiving       :          1         17        372          6         21         27         27       27.0          0          -          -          -          -
  conflictdiving   :          0          -          -          -          -          -          -          -          -          -          -          -          -
  distributiondivin:          0          -          -          -          -          -          -          -          -          -          -          -          -
  farkasdiving     :          0          -          -          -          -          -          -          -          -          -          -          -          -
  fracdiving       :          0          -          -          -          -          -          -          -          -          -          -          -          -
  guideddiving     :          0          -          -          -          -          -          -          -          -          -          -          -          -
  linesearchdiving :          0          -          -          -          -          -          -          -          -          -          -          -          -
  pscostdiving     :          0          -          -          -          -          -          -          -          -          -          -          -          -
  veclendiving     :          0          -          -          -          -          -          -          -          -          -          -          -          -
Neighborhoods      :      Calls  SetupTime  SolveTime SolveNodes       Sols       Best       Exp3  EpsGreedy        UCB TgtFixRate  Opt  Inf Node Stal  Sol  Usr Othr Actv
  rens             :          0       0.00       0.00          0          0          0    0.00000   -1.00000    1.00000      0.900    0    0    0    0    0    0    0    1
  rins             :          0       0.00       0.00          0          0          0    0.00000   -1.00000    1.00000      0.900    0    0    0    0    0    0    0    1
  mutation         :          0       0.00       0.00          0          0          0    0.00000   -1.00000    1.00000      0.900    0    0    0    0    0    0    0    1
  localbranching   :          0       0.00       0.00          0          0          0    0.00000   -1.00000    1.00000      0.900    0    0    0    0    0    0    0    1
  crossover        :          0       0.00       0.00          0          0          0    0.00000   -1.00000    1.00000      0.900    0    0    0    0    0    0    0    1
  proximity        :          0       0.00       0.00          0          0          0    0.00000   -1.00000    1.00000      0.900    0    0    0    0    0    0    0    1
  zeroobjective    :          0       0.00       0.00          0          0          0    0.00000   -1.00000    1.00000      0.900    0    0    0    0    0    0    0    1
  dins             :          1       0.00       0.00          1          0          0    0.00000   -1.00000    1.00000      0.700    0    1    0    0    0    0    0    1
  trustregion      :          0       0.00       0.00          0          0          0    0.00000   -1.00000    1.00000      0.900    0    0    0    0    0    0    0    0
LP                 :       Time      Calls Iterations  Iter/call   Iter/sec  Time-0-It Calls-0-It    ItLimit
  primal LP        :       0.00         75          0       0.00          -       0.00         75
  dual LP          :       8.00       1119     125258     148.41   15657.25       0.00        275
  lex dual LP      :       0.00          0          0       0.00          -
  barrier LP       :       0.00          0          0       0.00          -       0.00          0
  resolve instable :       0.00          0          0       0.00          -
  diving/probing LP:       3.00        362      16031      44.28    5343.67
  strong branching :      23.00        529     171684     324.54    7464.52          -          -         70
    (at root node) :          -         19      14795     778.68          -
  conflict analysis:       0.00         60        600      10.00          -
B&B Tree           :
  number of runs   :          1
  nodes            :        502 (279 internal, 223 leaves)
  feasible leaves  :         14
  infeas. leaves   :          3
  objective leaves :        206
  nodes (total)    :        502 (279 internal, 223 leaves)
  nodes left       :          0
  max depth        :         20
  max depth (total):         20
  backtracks       :        180 (35.9%)
  early backtracks :          0 (0.0%)
  nodes exc. ref.  :          0 (0.0%)
  delayed cutoffs  :          0
  repropagations   :          0 (0 domain reductions, 0 cutoffs)
  avg switch length:       5.90
  switching time   :       1.00
Estim. Tree Size   :        559
Estimation Tree    : 559 nodes (559 visited, 279 internal, 280 leaves, 0 open), weight: 1.0000 completed 1.0000
Estimations        :      estim      value      trend resolution     smooth
  wbe              :        559          -          -          -          -
  tree-profile     :         -1          -          -          -          -
  gap              :        559    1.00000    0.00567          1        568
  tree-weight      :        559    1.00000    0.00080          1        559
  leaf-frequency   :        559    0.50000    0.00027          1        561
  ssg              :        559   -0.00000   -0.00136          1        559
  open-nodes       :        559    0.00000   -0.59999          1        559
Root Node          :
  First LP value   : +6.83690553646454e-03
  First LP Iters   :        635
  First LP Time    :       0.00
  Final Dual Bound : +7.25332931750107e-02
  Final Root Iters :       3449
  Root LP Estimate : +6.20515668745259e-01
Solution           :
  Solutions found  :         24 (21 improvements)
  First Solution   : +5.03280639417585e-01   (in run 1, after 1 nodes, 0.00 seconds, depth 32, found by <clique>)
  Gap First Sol.   :   infinite
  Gap Last Sol.    :      18.92 %
  Primal Bound     : +2.29916120192134e-01   (in run 1, after 422 nodes, 53.00 seconds, depth 19, found by <relaxation>)
  Dual Bound       : +2.29916120192134e-01
  Gap              :       0.00 %
Integrals          :      Total       Avg%
  primal-dual      :    2774.16      49.54
  primal-ref       :          -          - (not evaluated)
  dual-ref         :          -          - (not evaluated)
