SCIP version 7.0.2 [precision: 8 byte] [memory: block] [mode: optimized] [LP solver: SoPlex 5.0.2] [GitHash: e9d280a398]
Copyright (C) 2002-2020 Konrad-Zuse-Zentrum fuer Informationstechnik Berlin (ZIB)

External codes: 
  SoPlex 5.0.2         Linear Programming Solver developed at Zuse Institute Berlin (soplex.zib.de) [GitHash: e24c304e]
  CppAD 20180000.0     Algorithmic Differentiation of C++ algorithms developed by B. Bell (www.coin-or.org/CppAD)
  MPIR 3.0.0           Multiple Precision Integers and Rationals Library developed by W. Hart (mpir.org)
  ZIMPL 3.4.0          Zuse Institute Mathematical Programming Language developed by T. Koch (zimpl.zib.de)
  PaPILO 1.0.2         parallel presolve for integer and linear optimization (https://github.com/lgottwald/PaPILO) [GitHash: 62d2842]
  bliss 0.73p          Computing Graph Automorphism Groups by T. Junttila and P. Kaski (http://www.tcs.hut.fi/Software/bliss/)
  Ipopt 3.12.9         Interior Point Optimizer developed by A. Waechter et.al. (www.coin-or.org/Ipopt)

user parameter file <scip.set> not found - using default parameters

read problem <C:\Users\Claubit\Documents\GitHub\embedding\src\lp\scenario2_B0.5_classical\IPL_linearized_N50q2.00B25.lp>
============

original problem has 2550 variables (0 bin, 2550 int, 0 impl, 0 cont) and 7501 constraints

solve problem
=============

presolving:
(round 1, fast)       50 del vars, 50 del conss, 0 add conss, 0 chg bounds, 50 chg sides, 50 chg coeffs, 0 upgd conss, 0 impls, 4900 clqs
(round 2, fast)       50 del vars, 150 del conss, 0 add conss, 0 chg bounds, 50 chg sides, 50 chg coeffs, 0 upgd conss, 0 impls, 4900 clqs
   (0.0s) running MILP presolver
   (0.0s) MILP presolver found nothing
(round 3, exhaustive) 50 del vars, 150 del conss, 0 add conss, 0 chg bounds, 50 chg sides, 50 chg coeffs, 7350 upgd conss, 0 impls, 4900 clqs
(round 4, exhaustive) 50 del vars, 7500 del conss, 2450 add conss, 0 chg bounds, 50 chg sides, 50 chg coeffs, 7350 upgd conss, 0 impls, 4900 clqs
(round 5, exhaustive) 1275 del vars, 8725 del conss, 2450 add conss, 0 chg bounds, 50 chg sides, 50 chg coeffs, 7350 upgd conss, 0 impls, 2450 clqs
   (0.0s) probing: 51/1275 (4.0%) - 0 fixings, 0 aggregations, 0 implications, 0 bound changes
   (0.0s) probing aborted: 50/50 successive totally useless probings
   (0.0s) symmetry computation started: requiring (bin +, int -, cont +), (fixed: bin -, int +, cont -)
   (0.0s) no symmetry present
presolving (6 rounds: 6 fast, 4 medium, 4 exhaustive):
 1275 deleted vars, 8725 deleted constraints, 2450 added constraints, 0 tightened bounds, 0 added holes, 50 changed sides, 50 changed coefficients
 0 implications, 2450 cliques
presolved problem has 1275 variables (1275 bin, 0 int, 0 impl, 0 cont) and 1226 constraints
   1225 constraints of type <and>
      1 constraints of type <linear>
Presolving Time: 0.00

 time | node  | left  |LP iter|LP it/n|mem/heur|mdpt |vars |cons |rows |cuts |sepa|confs|strbr|  dualbound   | primalbound  |  gap   | compl. 
p 0.0s|     1 |     0 |     0 |     - |  clique|   0 |1275 |1226 |2451 |   0 |  0 |   0 |   0 |-9.893355e-02 | 9.408890e-02 |    Inf | unknown
p 0.0s|     1 |     0 |     0 |     - | vbounds|   0 |1275 |1226 |2451 |   0 |  0 |   0 |   0 |-9.893355e-02 | 6.116616e-02 |    Inf | unknown
  0.0s|     1 |     0 |   714 |     - |    31M |   0 |1275 |1226 |2451 |   0 |  0 |   0 |   0 |-1.119264e-02 | 6.116616e-02 |    Inf | unknown
  0.0s|     1 |     0 |   820 |     - |    32M |   0 |1275 |1226 |2527 |  76 |  1 |   0 |   0 |-6.741186e-03 | 6.116616e-02 |    Inf | unknown
  0.0s|     1 |     0 |   866 |     - |    32M |   0 |1275 |1226 |2541 |  90 |  2 |   0 |   0 |-5.526793e-03 | 6.116616e-02 |    Inf | unknown
  0.0s|     1 |     0 |   926 |     - |    33M |   0 |1275 |1233 |2560 | 109 |  3 |   7 |   0 |-4.028222e-03 | 6.116616e-02 |    Inf | unknown
  1.0s|     1 |     0 |  1006 |     - |    33M |   0 |1275 |1234 |2573 | 122 |  4 |   8 |   0 |-2.637679e-03 | 6.116616e-02 |    Inf | unknown
  1.0s|     1 |     0 |  1053 |     - |    35M |   0 |1275 |1234 |2589 | 138 |  5 |   8 |   0 |-1.792916e-03 | 6.116616e-02 |    Inf | unknown
  1.0s|     1 |     0 |  1109 |     - |    35M |   0 |1275 |1235 |2604 | 153 |  6 |   9 |   0 |-1.033273e-03 | 6.116616e-02 |    Inf | unknown
  1.0s|     1 |     0 |  1172 |     - |    35M |   0 |1275 |1236 |2617 | 166 |  7 |  10 |   0 |-2.908041e-04 | 6.116616e-02 |    Inf | unknown
  1.0s|     1 |     0 |  1191 |     - |    36M |   0 |1275 |1236 |2625 | 174 |  8 |  10 |   0 | 1.841860e-04 | 6.116616e-02 |  Large | unknown
  1.0s|     1 |     0 |  1238 |     - |    37M |   0 |1275 |1237 |2637 | 186 |  9 |  11 |   0 | 1.051038e-03 | 6.116616e-02 |5719.59%| unknown
  1.0s|     1 |     0 |  1285 |     - |    37M |   0 |1275 |1243 |2647 | 196 | 10 |  17 |   0 | 1.635831e-03 | 6.116616e-02 |3639.15%| unknown
  1.0s|     1 |     0 |  1334 |     - |    38M |   0 |1275 |1249 |2650 | 206 | 11 |  23 |   0 | 2.137228e-03 | 6.116616e-02 |2761.94%| unknown
  1.0s|     1 |     0 |  1476 |     - |    38M |   0 |1275 |1250 |2664 | 220 | 12 |  24 |   0 | 2.964424e-03 | 6.116616e-02 |1963.34%| unknown
 time | node  | left  |LP iter|LP it/n|mem/heur|mdpt |vars |cons |rows |cuts |sepa|confs|strbr|  dualbound   | primalbound  |  gap   | compl. 
  2.0s|     1 |     0 |  1569 |     - |    39M |   0 |1275 |1257 |2686 | 242 | 13 |  31 |   0 | 4.104203e-03 | 6.116616e-02 |1390.33%| unknown
  2.0s|     1 |     0 |  1631 |     - |    40M |   0 |1275 |1258 |2697 | 253 | 14 |  32 |   0 | 4.595910e-03 | 6.116616e-02 |1230.88%| unknown
  2.0s|     1 |     0 |  1728 |     - |    40M |   0 |1275 |1259 |2712 | 268 | 15 |  33 |   0 | 5.206117e-03 | 6.116616e-02 |1074.89%| unknown
  2.0s|     1 |     0 |  1860 |     - |    41M |   0 |1275 |1259 |2724 | 280 | 16 |  33 |   0 | 6.360136e-03 | 6.116616e-02 | 861.71%| unknown
  2.0s|     1 |     0 |  1993 |     - |    41M |   0 |1275 |1259 |2734 | 298 | 17 |  33 |   0 | 7.072851e-03 | 6.116616e-02 | 764.80%| unknown
  2.0s|     1 |     0 |  2097 |     - |    42M |   0 |1275 |1260 |2747 | 311 | 18 |  34 |   0 | 7.737665e-03 | 6.116616e-02 | 690.50%| unknown
  2.0s|     1 |     0 |  2202 |     - |    42M |   0 |1275 |1261 |2759 | 323 | 19 |  35 |   0 | 8.931017e-03 | 6.116616e-02 | 584.87%| unknown
  2.0s|     1 |     0 |  2358 |     - |    44M |   0 |1275 |1262 |2769 | 333 | 20 |  36 |   0 | 9.940536e-03 | 6.116616e-02 | 515.32%| unknown
  2.0s|     1 |     0 |  2436 |     - |    44M |   0 |1275 |1262 |2775 | 339 | 21 |  36 |   0 | 1.031948e-02 | 6.116616e-02 | 492.73%| unknown
  2.0s|     1 |     0 |  2625 |     - |    44M |   0 |1275 |1263 |2794 | 358 | 22 |  37 |   0 | 1.102627e-02 | 6.116616e-02 | 454.73%| unknown
  2.0s|     1 |     0 |  2792 |     - |    44M |   0 |1275 |1264 |2795 | 366 | 23 |  38 |   0 | 1.140538e-02 | 6.116616e-02 | 436.29%| unknown
  2.0s|     1 |     0 |  2904 |     - |    44M |   0 |1275 |1268 |2806 | 377 | 24 |  42 |   0 | 1.153503e-02 | 6.116616e-02 | 430.26%| unknown
  2.0s|     1 |     0 |  2955 |     - |    44M |   0 |1275 |1277 |2829 | 400 | 25 |  51 |   0 | 1.156407e-02 | 6.116616e-02 | 428.93%| unknown
  2.0s|     1 |     0 |  3022 |     - |    44M |   0 |1275 |1278 |2833 | 404 | 26 |  52 |   0 | 1.162259e-02 | 6.116616e-02 | 426.27%| unknown
  2.0s|     1 |     0 |  3074 |     - |    44M |   0 |1275 |1278 |2838 | 409 | 27 |  52 |   0 | 1.167949e-02 | 6.116616e-02 | 423.71%| unknown
 time | node  | left  |LP iter|LP it/n|mem/heur|mdpt |vars |cons |rows |cuts |sepa|confs|strbr|  dualbound   | primalbound  |  gap   | compl. 
  2.0s|     1 |     0 |  3159 |     - |    44M |   0 |1275 |1278 |2845 | 416 | 28 |  52 |   0 | 1.175885e-02 | 6.116616e-02 | 420.17%| unknown
  3.0s|     1 |     0 |  3232 |     - |    44M |   0 |1275 |1283 |2834 | 423 | 29 |  57 |   0 | 1.180211e-02 | 6.116616e-02 | 418.26%| unknown
  3.0s|     1 |     0 |  3281 |     - |    44M |   0 |1275 |1283 |2840 | 429 | 30 |  57 |   0 | 1.184967e-02 | 6.116616e-02 | 416.18%| unknown
  3.0s|     1 |     0 |  3335 |     - |    44M |   0 |1275 |1284 |2843 | 432 | 31 |  58 |   0 | 1.186984e-02 | 6.116616e-02 | 415.31%| unknown
  3.0s|     1 |     0 |  3349 |     - |    44M |   0 |1275 |1284 |2846 | 435 | 32 |  58 |   0 | 1.187482e-02 | 6.116616e-02 | 415.09%| unknown
  3.0s|     1 |     0 |  3359 |     - |    44M |   0 |1275 |1291 |2847 | 436 | 33 |  65 |   0 | 1.187991e-02 | 6.116616e-02 | 414.87%| unknown
  3.0s|     1 |     0 |  3375 |     - |    44M |   0 |1275 |1292 |2848 | 437 | 34 |  66 |   0 | 1.188208e-02 | 6.116616e-02 | 414.78%| unknown
  3.0s|     1 |     0 |  3414 |     - |    44M |   0 |1275 |1294 |2822 | 441 | 35 |  68 |   0 | 1.189176e-02 | 6.116616e-02 | 414.36%| unknown
d 3.0s|     1 |     0 |  5873 |     - |farkasdi|   0 |1275 |1297 |2822 |   0 | 35 |  71 |   0 | 1.189176e-02 | 5.848724e-02 | 391.83%| unknown
  4.0s|     1 |     0 | 12818 |     - |    44M |   0 |1275 |1297 |2822 | 441 | 35 |  71 |   0 | 1.189176e-02 | 5.848724e-02 | 391.83%| unknown
  4.0s|     1 |     0 | 12856 |     - |    44M |   0 |1275 |1297 |2825 | 444 | 36 |  71 |   0 | 1.190132e-02 | 5.848724e-02 | 391.44%| unknown
  4.0s|     1 |     0 | 12886 |     - |    44M |   0 |1275 |1300 |2828 | 447 | 37 |  74 |   0 | 1.190817e-02 | 5.848724e-02 | 391.15%| unknown
  7.0s|     1 |     2 | 12886 |     - |    44M |   0 |1275 |1300 |2828 | 447 | 37 |  74 |  31 | 1.521617e-02 | 5.848724e-02 | 284.38%| unknown
*18.0s|    11 |    10 | 15597 |1211.5 |strongbr|  10 |1275 |1306 |2865 | 525 |  9 |  80 | 273 | 1.521617e-02 | 5.712992e-02 | 275.46%| unknown
*18.0s|    11 |    10 | 15625 |1214.3 |    LP  |  10 |1275 |1311 |2865 | 525 | 11 |  85 | 275 | 1.521617e-02 | 5.697415e-02 | 274.43%| unknown
 time | node  | left  |LP iter|LP it/n|mem/heur|mdpt |vars |cons |rows |cuts |sepa|confs|strbr|  dualbound   | primalbound  |  gap   | compl. 
*22.0s|    23 |    18 | 18892 | 700.5 |    LP  |  11 |1275 |1305 |2870 | 614 |  1 |  85 | 295 | 1.652828e-02 | 5.452210e-02 | 229.87%| unknown
*23.0s|    32 |    23 | 20228 | 540.2 |    LP  |  12 |1275 |1300 |2888 | 652 |  1 |  85 | 295 | 1.652828e-02 | 5.350208e-02 | 223.70%| unknown
*23.0s|    34 |    16 | 20391 | 512.4 |    LP  |  12 |1275 |1300 |2883 | 652 |  1 |  85 | 295 | 1.652828e-02 | 4.409538e-02 | 166.79%|   5.84%
*25.0s|    64 |    28 | 26300 | 362.2 |    LP  |  15 |1275 |1300 |2908 | 765 |  1 |  85 | 307 | 2.059296e-02 | 4.258565e-02 | 106.80%|   8.35%
*25.0s|    72 |    30 | 27181 | 333.8 |    LP  |  15 |1275 |1300 |2888 | 771 |  2 |  85 | 307 | 2.059296e-02 | 4.223024e-02 | 105.07%|  10.70%
*26.0s|    78 |    27 | 28364 | 323.1 |    LP  |  15 |1275 |1300 |2894 | 785 |  2 |  85 | 307 | 2.059296e-02 | 4.006908e-02 |  94.58%|  13.04%
*26.0s|    79 |    23 | 28454 | 320.2 |    LP  |  15 |1275 |1300 |2894 | 785 |  2 |  85 | 307 | 2.059296e-02 | 3.855931e-02 |  87.25%|  13.81%
*27.0s|    91 |    27 | 31051 | 306.3 |    LP  |  15 |1275 |1300 |2902 | 806 |  2 |  85 | 310 | 2.067213e-02 | 3.806778e-02 |  84.15%|  22.59%
 27.0s|   100 |    20 | 34159 | 309.9 |    56M |  15 |1275 |1304 |2894 | 823 |  0 |  89 | 315 | 2.067213e-02 | 3.806778e-02 |  84.15%|  45.26%

SCIP Status        : problem is solved [optimal solution found]
Solving Time (sec) : 29.00
Solving Nodes      : 152
Primal Bound       : +3.80677758191930e-02 (13 solutions)
Dual Bound         : +3.80677758191930e-02
Gap                : 0.00 %

primal solution (original space):
=================================

objective value:                   0.0380677758191932
y(3,3)                                              1 	(obj:0.000745735649443548)
y(3,5)                                              1 	(obj:-1.25607286684495e-05)
y(3,6)                                              1 	(obj:0.00046050812534115)
y(3,8)                                              1 	(obj:-2.95429568765492e-06)
y(3,9)                                              1 	(obj:6.79757946787516e-05)
y(3,13)                                             1 	(obj:0.000220199440731961)
y(3,15)                                             1 	(obj:0.000208104525662471)
y(3,16)                                             1 	(obj:0.000219499036645588)
y(3,19)                                             1 	(obj:0.000506862634318723)
y(3,20)                                             1 	(obj:0.000437314423470458)
y(3,22)                                             1 	(obj:0.000230651240170235)
y(3,26)                                             1 	(obj:0.000327270223534212)
y(3,27)                                             1 	(obj:0.000390048874602291)
y(3,28)                                             1 	(obj:2.40702184055752e-06)
y(3,33)                                             1 	(obj:0.000143511459868763)
y(3,35)                                             1 	(obj:-0.000293399309542459)
y(3,36)                                             1 	(obj:-9.50162676344879e-05)
y(3,39)                                             1 	(obj:0.00040586757435657)
y(3,40)                                             1 	(obj:0.000103698681310259)
y(3,41)                                             1 	(obj:0.000379264600104898)
y(3,43)                                             1 	(obj:0.000260379503324284)
y(3,46)                                             1 	(obj:5.07113228548186e-05)
y(3,47)                                             1 	(obj:0.000350835591036)
y(3,48)                                             1 	(obj:-0.000221877151114996)
y(3,49)                                             1 	(obj:0.000332725510989867)
y(5,3)                                              1 	(obj:-1.25607286684495e-05)
y(5,5)                                              1 	(obj:0.000489688072732092)
y(5,6)                                              1 	(obj:7.81772506545208e-05)
y(5,8)                                              1 	(obj:0.000157688560991509)
y(5,9)                                              1 	(obj:0.000117618156457288)
y(5,13)                                             1 	(obj:0.000203572926579834)
y(5,15)                                             1 	(obj:8.39043571589446e-05)
y(5,16)                                             1 	(obj:0.000161400685590834)
y(5,19)                                             1 	(obj:4.12964575420997e-05)
y(5,20)                                             1 	(obj:-7.74149199228406e-06)
y(5,22)                                             1 	(obj:0.000193701173572687)
y(5,26)                                             1 	(obj:4.96233062029736e-05)
y(5,27)                                             1 	(obj:0.000108784795448979)
y(5,28)                                             1 	(obj:0.000177836699895582)
y(5,33)                                             1 	(obj:0.000106109692527551)
y(5,35)                                             1 	(obj:0.000117686484604432)
y(5,36)                                             1 	(obj:0.000121704030835909)
y(5,39)                                             1 	(obj:2.86500023846617e-05)
y(5,40)                                             1 	(obj:9.79641656533939e-05)
y(5,41)                                             1 	(obj:2.95317198514634e-05)
y(5,43)                                             1 	(obj:0.000226201270365723)
y(5,46)                                             1 	(obj:9.87226686474059e-05)
y(5,47)                                             1 	(obj:0.000106932160731814)
y(5,48)                                             1 	(obj:0.000258317005480647)
y(5,49)                                             1 	(obj:0.000112474559557695)
y(6,3)                                              1 	(obj:0.00046050812534115)
y(6,5)                                              1 	(obj:7.81772506545208e-05)
y(6,6)                                              1 	(obj:0.000546683899227452)
y(6,8)                                              1 	(obj:0.000101026928193317)
y(6,9)                                              1 	(obj:0.00019833882611969)
y(6,13)                                             1 	(obj:0.000234974377701268)
y(6,15)                                             1 	(obj:0.000180160093962063)
y(6,16)                                             1 	(obj:0.000196100300981849)
y(6,19)                                             1 	(obj:0.000343435924466627)
y(6,20)                                             1 	(obj:0.00035084637667567)
y(6,22)                                             1 	(obj:0.000163476896925243)
y(6,26)                                             1 	(obj:0.000224254871228563)
y(6,27)                                             1 	(obj:0.000274192863362366)
y(6,28)                                             1 	(obj:0.00015450151452129)
y(6,33)                                             1 	(obj:0.000167994209859793)
y(6,35)                                             1 	(obj:-7.64422286688407e-05)
y(6,36)                                             1 	(obj:7.02880374997155e-05)
y(6,39)                                             1 	(obj:0.0002034432706456)
y(6,40)                                             1 	(obj:0.000162862790998783)
y(6,41)                                             1 	(obj:0.000294469908791202)
y(6,43)                                             1 	(obj:0.000274214668750679)
y(6,46)                                             1 	(obj:0.000183889392518575)
y(6,47)                                             1 	(obj:0.000190057783577077)
y(6,48)                                             1 	(obj:2.43019387870774e-05)
y(6,49)                                             1 	(obj:0.000288059321069102)
y(8,3)                                              1 	(obj:-2.95429568765492e-06)
y(8,5)                                              1 	(obj:0.000157688560991509)
y(8,6)                                              1 	(obj:0.000101026928193317)
y(8,8)                                              1 	(obj:0.000370883683546251)
y(8,9)                                              1 	(obj:0.000295802384892759)
y(8,13)                                             1 	(obj:0.000187548824338836)
y(8,15)                                             1 	(obj:8.24885478902394e-05)
y(8,16)                                             1 	(obj:7.28977140016465e-05)
y(8,19)                                             1 	(obj:4.80826981970794e-06)
y(8,20)                                             1 	(obj:5.94079751246366e-05)
y(8,22)                                             1 	(obj:0.000252088734489534)
y(8,26)                                             1 	(obj:2.4061336191295e-05)
y(8,27)                                             1 	(obj:2.93139278037108e-05)
y(8,28)                                             1 	(obj:8.25194512745572e-05)
y(8,33)                                             1 	(obj:0.000203945906605557)
y(8,35)                                             1 	(obj:0.000246026254820785)
y(8,36)                                             1 	(obj:0.000254093209356523)
y(8,39)                                             1 	(obj:-2.51693448775517e-05)
y(8,40)                                             1 	(obj:0.000170246536157356)
y(8,41)                                             1 	(obj:9.34418602199593e-05)
y(8,43)                                             1 	(obj:0.000273478774201691)
y(8,46)                                             1 	(obj:7.89087245220385e-05)
y(8,47)                                             1 	(obj:5.55769607061212e-05)
y(8,48)                                             1 	(obj:0.000375468081815397)
y(8,49)                                             1 	(obj:-3.91250345330327e-05)
y(9,3)                                              1 	(obj:6.79757946787516e-05)
y(9,5)                                              1 	(obj:0.000117618156457288)
y(9,6)                                              1 	(obj:0.00019833882611969)
y(9,8)                                              1 	(obj:0.000295802384892759)
y(9,9)                                              1 	(obj:0.00053129054540403)
y(9,13)                                             1 	(obj:0.000247231941751353)
y(9,15)                                             1 	(obj:0.000140226001011501)
y(9,16)                                             1 	(obj:2.17526911476391e-05)
y(9,19)                                             1 	(obj:0.000264177614924476)
y(9,20)                                             1 	(obj:0.00016285472874461)
y(9,22)                                             1 	(obj:0.000165964065486648)
y(9,26)                                             1 	(obj:0.000179251721658811)
y(9,27)                                             1 	(obj:0.00013023685824264)
y(9,28)                                             1 	(obj:2.26248439933357e-05)
y(9,33)                                             1 	(obj:0.00015857786039739)
y(9,35)                                             1 	(obj:0.000281948836281574)
y(9,36)                                             1 	(obj:0.000310355949199881)
y(9,39)                                             1 	(obj:6.30026342113075e-05)
y(9,40)                                             1 	(obj:0.000193192178040503)
y(9,41)                                             1 	(obj:0.000189139022079262)
y(9,43)                                             1 	(obj:0.000244541465913788)
y(9,46)                                             1 	(obj:0.000142969227224374)
y(9,47)                                             1 	(obj:2.1974306527483e-05)
y(9,48)                                             1 	(obj:0.000328652576247088)
y(9,49)                                             1 	(obj:0.000204149938220809)
y(13,3)                                             1 	(obj:0.000220199440731961)
y(13,5)                                             1 	(obj:0.000203572926579834)
y(13,6)                                             1 	(obj:0.000234974377701268)
y(13,8)                                             1 	(obj:0.000187548824338836)
y(13,9)                                             1 	(obj:0.000247231941751353)
y(13,13)                                            1 	(obj:0.000501514333299902)
y(13,15)                                            1 	(obj:0.000208257247536721)
y(13,16)                                            1 	(obj:0.000182372701055179)
y(13,19)                                            1 	(obj:0.000205722706180355)
y(13,20)                                            1 	(obj:0.000205974149997002)
y(13,22)                                            1 	(obj:0.000330487212957492)
y(13,26)                                            1 	(obj:0.000263182046446511)
y(13,27)                                            1 	(obj:0.000241095882465809)
y(13,28)                                            1 	(obj:0.000126227981743036)
y(13,33)                                            1 	(obj:0.0002504343033748)
y(13,35)                                            1 	(obj:0.00011011285653482)
y(13,36)                                            1 	(obj:0.000179907445793588)
y(13,39)                                            1 	(obj:0.000143686765211856)
y(13,40)                                            1 	(obj:0.000212336518525217)
y(13,41)                                            1 	(obj:0.000220886836323756)
y(13,43)                                            1 	(obj:0.000212016087451951)
y(13,46)                                            1 	(obj:0.000179150796401653)
y(13,47)                                            1 	(obj:0.000170557191232514)
y(13,48)                                            1 	(obj:0.000244036247839252)
y(13,49)                                            1 	(obj:0.000219376958279321)
y(15,3)                                             1 	(obj:0.000208104525662471)
y(15,5)                                             1 	(obj:8.39043571589446e-05)
y(15,6)                                             1 	(obj:0.000180160093962063)
y(15,8)                                             1 	(obj:8.24885478902394e-05)
y(15,9)                                             1 	(obj:0.000140226001011501)
y(15,13)                                            1 	(obj:0.000208257247536721)
y(15,15)                                            1 	(obj:0.000299679491130187)
y(15,16)                                            1 	(obj:0.000224856172806983)
y(15,19)                                            1 	(obj:9.54804432194723e-05)
y(15,20)                                            1 	(obj:0.000232279623114121)
y(15,22)                                            1 	(obj:0.000173095499227634)
y(15,26)                                            1 	(obj:0.000211678965216329)
y(15,27)                                            1 	(obj:0.000106721694331654)
y(15,28)                                            1 	(obj:-1.37481453924407e-05)
y(15,33)                                            1 	(obj:3.97418535378142e-05)
y(15,35)                                            1 	(obj:0.000101903046418328)
y(15,36)                                            1 	(obj:1.40221368339187e-05)
y(15,39)                                            1 	(obj:0.000121710247540738)
y(15,40)                                            1 	(obj:0.000126800553963679)
y(15,41)                                            1 	(obj:7.9236423688444e-05)
y(15,43)                                            1 	(obj:0.000150300907051306)
y(15,46)                                            1 	(obj:8.22033113285721e-05)
y(15,47)                                            1 	(obj:0.000249825895242929)
y(15,48)                                            1 	(obj:2.6218003676571e-06)
y(15,49)                                            1 	(obj:0.000170766799820507)
y(16,3)                                             1 	(obj:0.000219499036645588)
y(16,5)                                             1 	(obj:0.000161400685590834)
y(16,6)                                             1 	(obj:0.000196100300981849)
y(16,8)                                             1 	(obj:7.28977140016465e-05)
y(16,9)                                             1 	(obj:2.17526911476391e-05)
y(16,13)                                            1 	(obj:0.000182372701055179)
y(16,15)                                            1 	(obj:0.000224856172806983)
y(16,16)                                            1 	(obj:0.000332330617439296)
y(16,19)                                            1 	(obj:5.85519128706841e-05)
y(16,20)                                            1 	(obj:0.000237985741189763)
y(16,22)                                            1 	(obj:0.000203006178360153)
y(16,26)                                            1 	(obj:0.000143623455953566)
y(16,27)                                            1 	(obj:0.000160142444038575)
y(16,28)                                            1 	(obj:5.57800798905971e-05)
y(16,33)                                            1 	(obj:9.11146715657063e-05)
y(16,35)                                            1 	(obj:2.70246866734713e-05)
y(16,36)                                            1 	(obj:-7.81774339517321e-06)
y(16,39)                                            1 	(obj:0.000202940169166162)
y(16,40)                                            1 	(obj:0.000145316298306733)
y(16,41)                                            1 	(obj:0.000118434308953888)
y(16,43)                                            1 	(obj:0.000186422090549285)
y(16,46)                                            1 	(obj:8.78689425519132e-05)
y(16,47)                                            1 	(obj:0.000295247886557124)
y(16,48)                                            1 	(obj:1.05191520804489e-05)
y(16,49)                                            1 	(obj:0.00012490841858885)
y(19,3)                                             1 	(obj:0.000506862634318723)
y(19,5)                                             1 	(obj:4.12964575420997e-05)
y(19,6)                                             1 	(obj:0.000343435924466627)
y(19,8)                                             1 	(obj:4.80826981970794e-06)
y(19,9)                                             1 	(obj:0.000264177614924476)
y(19,13)                                            1 	(obj:0.000205722706180355)
y(19,15)                                            1 	(obj:9.54804432194723e-05)
y(19,16)                                            1 	(obj:5.85519128706841e-05)
y(19,19)                                            1 	(obj:0.000683863074090446)
y(19,20)                                            1 	(obj:0.00037304835719697)
y(19,22)                                            1 	(obj:6.70835584140559e-05)
y(19,26)                                            1 	(obj:0.000408804530586295)
y(19,27)                                            1 	(obj:0.000354725189354461)
y(19,28)                                            1 	(obj:-4.11062236241706e-05)
y(19,33)                                            1 	(obj:0.000109069900359058)
y(19,35)                                            1 	(obj:-0.000264025609481349)
y(19,36)                                            1 	(obj:-3.85014404635204e-05)
y(19,39)                                            1 	(obj:0.000300577468652452)
y(19,40)                                            1 	(obj:9.0803024401923e-05)
y(19,41)                                            1 	(obj:0.000431308189785517)
y(19,43)                                            1 	(obj:0.000208797023500916)
y(19,46)                                            1 	(obj:5.44191276486778e-05)
y(19,47)                                            1 	(obj:0.00024087704953435)
y(19,48)                                            1 	(obj:-8.94284375127864e-05)
y(19,49)                                            1 	(obj:0.00040347576927484)
y(20,3)                                             1 	(obj:0.000437314423470458)
y(20,5)                                             1 	(obj:-7.74149199228406e-06)
y(20,6)                                             1 	(obj:0.00035084637667567)
y(20,8)                                             1 	(obj:5.94079751246366e-05)
y(20,9)                                             1 	(obj:0.00016285472874461)
y(20,13)                                            1 	(obj:0.000205974149997002)
y(20,15)                                            1 	(obj:0.000232279623114121)
y(20,16)                                            1 	(obj:0.000237985741189763)
y(20,19)                                            1 	(obj:0.00037304835719697)
y(20,20)                                            1 	(obj:0.000522077780829346)
y(20,22)                                            1 	(obj:0.000115064784853281)
y(20,26)                                            1 	(obj:0.000261163946312162)
y(20,27)                                            1 	(obj:0.00018142080032394)
y(20,28)                                            1 	(obj:-1.32421941993574e-05)
y(20,33)                                            1 	(obj:0.000134340697438386)
y(20,35)                                            1 	(obj:-0.000139498630013263)
y(20,36)                                            1 	(obj:-3.90183272985923e-05)
y(20,39)                                            1 	(obj:0.000289180567810899)
y(20,40)                                            1 	(obj:0.000136124297592716)
y(20,41)                                            1 	(obj:0.000360235339943164)
y(20,43)                                            1 	(obj:0.000193882288836303)
y(20,46)                                            1 	(obj:4.84477996096861e-05)
y(20,47)                                            1 	(obj:0.000314606361991102)
y(20,48)                                            1 	(obj:-0.000122957063929587)
y(20,49)                                            1 	(obj:0.000181387927951074)
y(22,3)                                             1 	(obj:0.000230651240170235)
y(22,5)                                             1 	(obj:0.000193701173572687)
y(22,6)                                             1 	(obj:0.000163476896925243)
y(22,8)                                             1 	(obj:0.000252088734489534)
y(22,9)                                             1 	(obj:0.000165964065486648)
y(22,13)                                            1 	(obj:0.000330487212957492)
y(22,15)                                            1 	(obj:0.000173095499227634)
y(22,16)                                            1 	(obj:0.000203006178360153)
y(22,19)                                            1 	(obj:6.70835584140559e-05)
y(22,20)                                            1 	(obj:0.000115064784853281)
y(22,22)                                            1 	(obj:0.000475561968267319)
y(22,26)                                            1 	(obj:8.68584342509094e-05)
y(22,27)                                            1 	(obj:0.000182712896955785)
y(22,28)                                            1 	(obj:0.000152051582623547)
y(22,33)                                            1 	(obj:0.000264961221719349)
y(22,35)                                            1 	(obj:0.000168596265661334)
y(22,36)                                            1 	(obj:0.000285040171503318)
y(22,39)                                            1 	(obj:0.000117896202049518)
y(22,40)                                            1 	(obj:0.00021712551253696)
y(22,41)                                            1 	(obj:0.00012889121009658)
y(22,43)                                            1 	(obj:0.000269412812048599)
y(22,46)                                            1 	(obj:9.34471078801854e-05)
y(22,47)                                            1 	(obj:0.000172978663428604)
y(22,48)                                            1 	(obj:0.00029232039305423)
y(22,49)                                            1 	(obj:6.34370261446652e-05)
y(26,3)                                             1 	(obj:0.000327270223534212)
y(26,5)                                             1 	(obj:4.96233062029736e-05)
y(26,6)                                             1 	(obj:0.000224254871228563)
y(26,8)                                             1 	(obj:2.4061336191295e-05)
y(26,9)                                             1 	(obj:0.000179251721658811)
y(26,13)                                            1 	(obj:0.000263182046446511)
y(26,15)                                            1 	(obj:0.000211678965216329)
y(26,16)                                            1 	(obj:0.000143623455953566)
y(26,19)                                            1 	(obj:0.000408804530586295)
y(26,20)                                            1 	(obj:0.000261163946312162)
y(26,22)                                            1 	(obj:8.68584342509094e-05)
y(26,26)                                            1 	(obj:0.000456668963254866)
y(26,27)                                            1 	(obj:0.00027676973392517)
y(26,28)                                            1 	(obj:-4.60826745662054e-05)
y(26,33)                                            1 	(obj:7.50752813986695e-05)
y(26,35)                                            1 	(obj:-5.95916666132851e-05)
y(26,36)                                            1 	(obj:-0.000173515696031725)
y(26,39)                                            1 	(obj:0.000193593280479629)
y(26,40)                                            1 	(obj:0.000106019705659236)
y(26,41)                                            1 	(obj:0.000285275022207132)
y(26,43)                                            1 	(obj:0.000168380079478774)
y(26,46)                                            1 	(obj:9.22260180275188e-05)
y(26,47)                                            1 	(obj:0.000324825491206629)
y(26,48)                                            1 	(obj:-9.90554745250172e-05)
y(26,49)                                            1 	(obj:0.000385676822077068)
y(27,3)                                             1 	(obj:0.000390048874602291)
y(27,5)                                             1 	(obj:0.000108784795448979)
y(27,6)                                             1 	(obj:0.000274192863362366)
y(27,8)                                             1 	(obj:2.93139278037108e-05)
y(27,9)                                             1 	(obj:0.00013023685824264)
y(27,13)                                            1 	(obj:0.000241095882465809)
y(27,15)                                            1 	(obj:0.000106721694331654)
y(27,16)                                            1 	(obj:0.000160142444038575)
y(27,19)                                            1 	(obj:0.000354725189354461)
y(27,20)                                            1 	(obj:0.00018142080032394)
y(27,22)                                            1 	(obj:0.000182712896955785)
y(27,26)                                            1 	(obj:0.00027676973392517)
y(27,27)                                            1 	(obj:0.000570014370011002)
y(27,28)                                            1 	(obj:8.24328960858216e-05)
y(27,33)                                            1 	(obj:0.000185453354768617)
y(27,35)                                            1 	(obj:-0.000138946946272954)
y(27,36)                                            1 	(obj:2.57325267711914e-05)
y(27,39)                                            1 	(obj:0.000253768679401517)
y(27,40)                                            1 	(obj:0.000185406415429707)
y(27,41)                                            1 	(obj:0.00029453359887025)
y(27,43)                                            1 	(obj:0.000241526659887381)
y(27,46)                                            1 	(obj:0.000167664664252001)
y(27,47)                                            1 	(obj:0.000184415923311484)
y(27,48)                                            1 	(obj:9.38649395793046e-06)
y(27,49)                                            1 	(obj:0.000276063648335714)
y(28,3)                                             1 	(obj:2.40702184055752e-06)
y(28,5)                                             1 	(obj:0.000177836699895582)
y(28,6)                                             1 	(obj:0.00015450151452129)
y(28,8)                                             1 	(obj:8.25194512745572e-05)
y(28,9)                                             1 	(obj:2.26248439933357e-05)
y(28,13)                                            1 	(obj:0.000126227981743036)
y(28,15)                                            1 	(obj:-1.37481453924407e-05)
y(28,16)                                            1 	(obj:5.57800798905971e-05)
y(28,19)                                            1 	(obj:-4.11062236241706e-05)
y(28,20)                                            1 	(obj:-1.32421941993574e-05)
y(28,22)                                            1 	(obj:0.000152051582623547)
y(28,26)                                            1 	(obj:-4.60826745662054e-05)
y(28,27)                                            1 	(obj:8.24328960858216e-05)
y(28,28)                                            1 	(obj:0.000260682355564146)
y(28,33)                                            1 	(obj:0.000170672135352667)
y(28,35)                                            1 	(obj:0.000111419473186538)
y(28,36)                                            1 	(obj:0.000172639231725974)
y(28,39)                                            1 	(obj:-7.19563283834468e-05)
y(28,40)                                            1 	(obj:9.36441714669946e-05)
y(28,41)                                            1 	(obj:6.2413653863834e-05)
y(28,43)                                            1 	(obj:0.000124575807879373)
y(28,46)                                            1 	(obj:9.05397724348199e-05)
y(28,47)                                            1 	(obj:-2.93365492400042e-05)
y(28,48)                                            1 	(obj:0.000194077602831402)
y(28,49)                                            1 	(obj:2.1142688571762e-05)
y(33,3)                                             1 	(obj:0.000143511459868763)
y(33,5)                                             1 	(obj:0.000106109692527551)
y(33,6)                                             1 	(obj:0.000167994209859793)
y(33,8)                                             1 	(obj:0.000203945906605557)
y(33,9)                                             1 	(obj:0.00015857786039739)
y(33,13)                                            1 	(obj:0.0002504343033748)
y(33,15)                                            1 	(obj:3.97418535378142e-05)
y(33,16)                                            1 	(obj:9.11146715657063e-05)
y(33,19)                                            1 	(obj:0.000109069900359058)
y(33,20)                                            1 	(obj:0.000134340697438386)
y(33,22)                                            1 	(obj:0.000264961221719349)
y(33,26)                                            1 	(obj:7.50752813986695e-05)
y(33,27)                                            1 	(obj:0.000185453354768617)
y(33,28)                                            1 	(obj:0.000170672135352667)
y(33,33)                                            1 	(obj:0.000304464789176036)
y(33,35)                                            1 	(obj:0.000160310473269347)
y(33,36)                                            1 	(obj:0.000172871328366045)
y(33,39)                                            1 	(obj:4.18707432212058e-05)
y(33,40)                                            1 	(obj:0.000139592792737817)
y(33,41)                                            1 	(obj:0.000241207139068443)
y(33,43)                                            1 	(obj:0.000202085721650897)
y(33,46)                                            1 	(obj:0.000125512538286854)
y(33,47)                                            1 	(obj:0.000109498212987551)
y(33,48)                                            1 	(obj:0.000187822456012473)
y(33,49)                                            1 	(obj:6.47430995334541e-05)
y(35,3)                                             1 	(obj:-0.000293399309542459)
y(35,5)                                             1 	(obj:0.000117686484604432)
y(35,6)                                             1 	(obj:-7.64422286688407e-05)
y(35,8)                                             1 	(obj:0.000246026254820785)
y(35,9)                                             1 	(obj:0.000281948836281574)
y(35,13)                                            1 	(obj:0.00011011285653482)
y(35,15)                                            1 	(obj:0.000101903046418328)
y(35,16)                                            1 	(obj:2.70246866734713e-05)
y(35,19)                                            1 	(obj:-0.000264025609481349)
y(35,20)                                            1 	(obj:-0.000139498630013263)
y(35,22)                                            1 	(obj:0.000168596265661334)
y(35,26)                                            1 	(obj:-5.95916666132851e-05)
y(35,27)                                            1 	(obj:-0.000138946946272954)
y(35,28)                                            1 	(obj:0.000111419473186538)
y(35,33)                                            1 	(obj:0.000160310473269347)
y(35,35)                                            1 	(obj:0.000770789998405719)
y(35,36)                                            1 	(obj:0.0002771991170758)
y(35,39)                                            1 	(obj:-0.000230492328982057)
y(35,40)                                            1 	(obj:4.98614006458538e-05)
y(35,41)                                            1 	(obj:-8.52611882750836e-05)
y(35,43)                                            1 	(obj:4.92434927141802e-05)
y(35,46)                                            1 	(obj:0.00015826382626413)
y(35,47)                                            1 	(obj:-2.47716981683002e-05)
y(35,48)                                            1 	(obj:0.000317441396505029)
y(35,49)                                            1 	(obj:6.85874441535131e-05)
y(36,3)                                             1 	(obj:-9.50162676344879e-05)
y(36,5)                                             1 	(obj:0.000121704030835909)
y(36,6)                                             1 	(obj:7.02880374997155e-05)
y(36,8)                                             1 	(obj:0.000254093209356523)
y(36,9)                                             1 	(obj:0.000310355949199881)
y(36,13)                                            1 	(obj:0.000179907445793588)
y(36,15)                                            1 	(obj:1.40221368339187e-05)
y(36,16)                                            1 	(obj:-7.81774339517321e-06)
y(36,19)                                            1 	(obj:-3.85014404635204e-05)
y(36,20)                                            1 	(obj:-3.90183272985923e-05)
y(36,22)                                            1 	(obj:0.000285040171503318)
y(36,26)                                            1 	(obj:-0.000173515696031725)
y(36,27)                                            1 	(obj:2.57325267711914e-05)
y(36,28)                                            1 	(obj:0.000172639231725974)
y(36,33)                                            1 	(obj:0.000172871328366045)
y(36,35)                                            1 	(obj:0.0002771991170758)
y(36,36)                                            1 	(obj:0.000702985778599333)
y(36,39)                                            1 	(obj:-0.000122297754817219)
y(36,40)                                            1 	(obj:0.000201795477257338)
y(36,41)                                            1 	(obj:-3.14817759996972e-05)
y(36,43)                                            1 	(obj:0.000152974532464259)
y(36,46)                                            1 	(obj:4.57746231860343e-05)
y(36,47)                                            1 	(obj:-0.000247298729003734)
y(36,48)                                            1 	(obj:0.000623237994471624)
y(36,49)                                            1 	(obj:-0.000121465400518088)
y(39,3)                                             1 	(obj:0.00040586757435657)
y(39,5)                                             1 	(obj:2.86500023846617e-05)
y(39,6)                                             1 	(obj:0.0002034432706456)
y(39,8)                                             1 	(obj:-2.51693448775517e-05)
y(39,9)                                             1 	(obj:6.30026342113075e-05)
y(39,13)                                            1 	(obj:0.000143686765211856)
y(39,15)                                            1 	(obj:0.000121710247540738)
y(39,16)                                            1 	(obj:0.000202940169166162)
y(39,19)                                            1 	(obj:0.000300577468652452)
y(39,20)                                            1 	(obj:0.000289180567810899)
y(39,22)                                            1 	(obj:0.000117896202049518)
y(39,26)                                            1 	(obj:0.000193593280479629)
y(39,27)                                            1 	(obj:0.000253768679401517)
y(39,28)                                            1 	(obj:-7.19563283834468e-05)
y(39,33)                                            1 	(obj:4.18707432212058e-05)
y(39,35)                                            1 	(obj:-0.000230492328982057)
y(39,36)                                            1 	(obj:-0.000122297754817219)
y(39,39)                                            1 	(obj:0.000496633726567404)
y(39,40)                                            1 	(obj:0.000141354877556991)
y(39,41)                                            1 	(obj:0.0001776504658619)
y(39,43)                                            1 	(obj:0.00010301635750402)
y(39,46)                                            1 	(obj:1.48539255542924e-05)
y(39,47)                                            1 	(obj:0.000268052206814943)
y(39,48)                                            1 	(obj:-0.000138453255524629)
y(39,49)                                            1 	(obj:0.00011772381550694)
y(40,3)                                             1 	(obj:0.000103698681310259)
y(40,5)                                             1 	(obj:9.79641656533939e-05)
y(40,6)                                             1 	(obj:0.000162862790998783)
y(40,8)                                             1 	(obj:0.000170246536157356)
y(40,9)                                             1 	(obj:0.000193192178040503)
y(40,13)                                            1 	(obj:0.000212336518525217)
y(40,15)                                            1 	(obj:0.000126800553963679)
y(40,16)                                            1 	(obj:0.000145316298306733)
y(40,19)                                            1 	(obj:9.0803024401923e-05)
y(40,20)                                            1 	(obj:0.000136124297592716)
y(40,22)                                            1 	(obj:0.00021712551253696)
y(40,26)                                            1 	(obj:0.000106019705659236)
y(40,27)                                            1 	(obj:0.000185406415429707)
y(40,28)                                            1 	(obj:9.36441714669946e-05)
y(40,33)                                            1 	(obj:0.000139592792737817)
y(40,35)                                            1 	(obj:4.98614006458538e-05)
y(40,36)                                            1 	(obj:0.000201795477257338)
y(40,39)                                            1 	(obj:0.000141354877556991)
y(40,40)                                            1 	(obj:0.00028494005909374)
y(40,41)                                            1 	(obj:8.66783557037638e-05)
y(40,43)                                            1 	(obj:0.00021745337618052)
y(40,46)                                            1 	(obj:9.01462962484405e-05)
y(40,47)                                            1 	(obj:0.000144766350061632)
y(40,48)                                            1 	(obj:0.000274976916965166)
y(40,49)                                            1 	(obj:-2.07216917048998e-06)
y(41,3)                                             1 	(obj:0.000379264600104898)
y(41,5)                                             1 	(obj:2.95317198514634e-05)
y(41,6)                                             1 	(obj:0.000294469908791202)
y(41,8)                                             1 	(obj:9.34418602199593e-05)
y(41,9)                                             1 	(obj:0.000189139022079262)
y(41,13)                                            1 	(obj:0.000220886836323756)
y(41,15)                                            1 	(obj:7.9236423688444e-05)
y(41,16)                                            1 	(obj:0.000118434308953888)
y(41,19)                                            1 	(obj:0.000431308189785517)
y(41,20)                                            1 	(obj:0.000360235339943164)
y(41,22)                                            1 	(obj:0.00012889121009658)
y(41,26)                                            1 	(obj:0.000285275022207132)
y(41,27)                                            1 	(obj:0.00029453359887025)
y(41,28)                                            1 	(obj:6.2413653863834e-05)
y(41,33)                                            1 	(obj:0.000241207139068443)
y(41,35)                                            1 	(obj:-8.52611882750836e-05)
y(41,36)                                            1 	(obj:-3.14817759996972e-05)
y(41,39)                                            1 	(obj:0.0001776504658619)
y(41,40)                                            1 	(obj:8.66783557037638e-05)
y(41,41)                                            1 	(obj:0.000467364251367229)
y(41,43)                                            1 	(obj:0.000256556849298387)
y(41,46)                                            1 	(obj:8.63837580959481e-05)
y(41,47)                                            1 	(obj:0.000230489430906302)
y(41,48)                                            1 	(obj:-7.80389700286372e-05)
y(41,49)                                            1 	(obj:0.000274977513255488)
y(43,3)                                             1 	(obj:0.000260379503324284)
y(43,5)                                             1 	(obj:0.000226201270365723)
y(43,6)                                             1 	(obj:0.000274214668750679)
y(43,8)                                             1 	(obj:0.000273478774201691)
y(43,9)                                             1 	(obj:0.000244541465913788)
y(43,13)                                            1 	(obj:0.000212016087451951)
y(43,15)                                            1 	(obj:0.000150300907051306)
y(43,16)                                            1 	(obj:0.000186422090549285)
y(43,19)                                            1 	(obj:0.000208797023500916)
y(43,20)                                            1 	(obj:0.000193882288836303)
y(43,22)                                            1 	(obj:0.000269412812048599)
y(43,26)                                            1 	(obj:0.000168380079478774)
y(43,27)                                            1 	(obj:0.000241526659887381)
y(43,28)                                            1 	(obj:0.000124575807879373)
y(43,33)                                            1 	(obj:0.000202085721650897)
y(43,35)                                            1 	(obj:4.92434927141802e-05)
y(43,36)                                            1 	(obj:0.000152974532464259)
y(43,39)                                            1 	(obj:0.00010301635750402)
y(43,40)                                            1 	(obj:0.00021745337618052)
y(43,41)                                            1 	(obj:0.000256556849298387)
y(43,43)                                            1 	(obj:0.000463990512028552)
y(43,46)                                            1 	(obj:9.91274125769227e-05)
y(43,47)                                            1 	(obj:0.000240521544118601)
y(43,48)                                            1 	(obj:0.000220065347228386)
y(43,49)                                            1 	(obj:0.000138226624629258)
y(46,3)                                             1 	(obj:5.07113228548186e-05)
y(46,5)                                             1 	(obj:9.87226686474059e-05)
y(46,6)                                             1 	(obj:0.000183889392518575)
y(46,8)                                             1 	(obj:7.89087245220385e-05)
y(46,9)                                             1 	(obj:0.000142969227224374)
y(46,13)                                            1 	(obj:0.000179150796401653)
y(46,15)                                            1 	(obj:8.22033113285721e-05)
y(46,16)                                            1 	(obj:8.78689425519132e-05)
y(46,19)                                            1 	(obj:5.44191276486778e-05)
y(46,20)                                            1 	(obj:4.84477996096861e-05)
y(46,22)                                            1 	(obj:9.34471078801854e-05)
y(46,26)                                            1 	(obj:9.22260180275188e-05)
y(46,27)                                            1 	(obj:0.000167664664252001)
y(46,28)                                            1 	(obj:9.05397724348199e-05)
y(46,33)                                            1 	(obj:0.000125512538286854)
y(46,35)                                            1 	(obj:0.00015826382626413)
y(46,36)                                            1 	(obj:4.57746231860343e-05)
y(46,39)                                            1 	(obj:1.48539255542924e-05)
y(46,40)                                            1 	(obj:9.01462962484405e-05)
y(46,41)                                            1 	(obj:8.63837580959481e-05)
y(46,43)                                            1 	(obj:9.91274125769227e-05)
y(46,46)                                            1 	(obj:0.000240348670605873)
y(46,47)                                            1 	(obj:8.45272836103956e-05)
y(46,48)                                            1 	(obj:5.64894944058654e-05)
y(46,49)                                            1 	(obj:0.000184162092186864)
y(47,3)                                             1 	(obj:0.000350835591036)
y(47,5)                                             1 	(obj:0.000106932160731814)
y(47,6)                                             1 	(obj:0.000190057783577077)
y(47,8)                                             1 	(obj:5.55769607061212e-05)
y(47,9)                                             1 	(obj:2.1974306527483e-05)
y(47,13)                                            1 	(obj:0.000170557191232514)
y(47,15)                                            1 	(obj:0.000249825895242929)
y(47,16)                                            1 	(obj:0.000295247886557124)
y(47,19)                                            1 	(obj:0.00024087704953435)
y(47,20)                                            1 	(obj:0.000314606361991102)
y(47,22)                                            1 	(obj:0.000172978663428604)
y(47,26)                                            1 	(obj:0.000324825491206629)
y(47,27)                                            1 	(obj:0.000184415923311484)
y(47,28)                                            1 	(obj:-2.93365492400042e-05)
y(47,33)                                            1 	(obj:0.000109498212987551)
y(47,35)                                            1 	(obj:-2.47716981683002e-05)
y(47,36)                                            1 	(obj:-0.000247298729003734)
y(47,39)                                            1 	(obj:0.000268052206814943)
y(47,40)                                            1 	(obj:0.000144766350061632)
y(47,41)                                            1 	(obj:0.000230489430906302)
y(47,43)                                            1 	(obj:0.000240521544118601)
y(47,46)                                            1 	(obj:8.45272836103956e-05)
y(47,47)                                            1 	(obj:0.000578420901338108)
y(47,48)                                            1 	(obj:-0.000187837645916432)
y(47,49)                                            1 	(obj:0.000235773503472958)
y(48,3)                                             1 	(obj:-0.000221877151114996)
y(48,5)                                             1 	(obj:0.000258317005480647)
y(48,6)                                             1 	(obj:2.43019387870774e-05)
y(48,8)                                             1 	(obj:0.000375468081815397)
y(48,9)                                             1 	(obj:0.000328652576247088)
y(48,13)                                            1 	(obj:0.000244036247839252)
y(48,15)                                            1 	(obj:2.6218003676571e-06)
y(48,16)                                            1 	(obj:1.05191520804489e-05)
y(48,19)                                            1 	(obj:-8.94284375127864e-05)
y(48,20)                                            1 	(obj:-0.000122957063929587)
y(48,22)                                            1 	(obj:0.00029232039305423)
y(48,26)                                            1 	(obj:-9.90554745250172e-05)
y(48,27)                                            1 	(obj:9.38649395793046e-06)
y(48,28)                                            1 	(obj:0.000194077602831402)
y(48,33)                                            1 	(obj:0.000187822456012473)
y(48,35)                                            1 	(obj:0.000317441396505029)
y(48,36)                                            1 	(obj:0.000623237994471624)
y(48,39)                                            1 	(obj:-0.000138453255524629)
y(48,40)                                            1 	(obj:0.000274976916965166)
y(48,41)                                            1 	(obj:-7.80389700286372e-05)
y(48,43)                                            1 	(obj:0.000220065347228386)
y(48,46)                                            1 	(obj:5.64894944058654e-05)
y(48,47)                                            1 	(obj:-0.000187837645916432)
y(48,48)                                            1 	(obj:0.0008144972812481)
y(48,49)                                            1 	(obj:-0.000200753446100872)
y(49,3)                                             1 	(obj:0.000332725510989867)
y(49,5)                                             1 	(obj:0.000112474559557695)
y(49,6)                                             1 	(obj:0.000288059321069102)
y(49,8)                                             1 	(obj:-3.91250345330327e-05)
y(49,9)                                             1 	(obj:0.000204149938220809)
y(49,13)                                            1 	(obj:0.000219376958279321)
y(49,15)                                            1 	(obj:0.000170766799820507)
y(49,16)                                            1 	(obj:0.00012490841858885)
y(49,19)                                            1 	(obj:0.00040347576927484)
y(49,20)                                            1 	(obj:0.000181387927951074)
y(49,22)                                            1 	(obj:6.34370261446652e-05)
y(49,26)                                            1 	(obj:0.000385676822077068)
y(49,27)                                            1 	(obj:0.000276063648335714)
y(49,28)                                            1 	(obj:2.1142688571762e-05)
y(49,33)                                            1 	(obj:6.47430995334541e-05)
y(49,35)                                            1 	(obj:6.85874441535131e-05)
y(49,36)                                            1 	(obj:-0.000121465400518088)
y(49,39)                                            1 	(obj:0.00011772381550694)
y(49,40)                                            1 	(obj:-2.07216917048998e-06)
y(49,41)                                            1 	(obj:0.000274977513255488)
y(49,43)                                            1 	(obj:0.000138226624629258)
y(49,46)                                            1 	(obj:0.000184162092186864)
y(49,47)                                            1 	(obj:0.000235773503472958)
y(49,48)                                            1 	(obj:-0.000200753446100872)
y(49,49)                                            1 	(obj:0.000625108878881909)
x(3)                                                1 	(obj:-0.00494766259346168)
x(5)                                                1 	(obj:0.00177673534514412)
x(6)                                                1 	(obj:-0.00523546498164395)
x(8)                                                1 	(obj:0.000997216774561627)
x(9)                                                1 	(obj:-0.00207188864718205)
x(13)                                               1 	(obj:-0.00301347196600184)
x(15)                                               1 	(obj:-0.00604299652542468)
x(16)                                               1 	(obj:-0.00493561081293127)
x(19)                                               1 	(obj:-0.00105809433569392)
x(20)                                               1 	(obj:-0.00542962052481039)
x(22)                                               1 	(obj:-0.000733997046552493)
x(26)                                               1 	(obj:-0.00251806398287128)
x(27)                                               1 	(obj:-0.00601919752801867)
x(28)                                               1 	(obj:0.000671630321908295)
x(33)                                               1 	(obj:-0.00356445486813727)
x(35)                                               1 	(obj:-0.00044229367485123)
x(36)                                               1 	(obj:-7.88891686792415e-05)
x(39)                                               1 	(obj:-0.0085148200352945)
x(40)                                               1 	(obj:0.00161093376744345)
x(41)                                               1 	(obj:-0.00416586113952971)
x(43)                                               1 	(obj:-0.00291777644640531)
x(46)                                               1 	(obj:-0.00137051807891899)
x(47)                                               1 	(obj:-0.00385026711117394)
x(48)                                               1 	(obj:0.00227070075531098)
x(49)                                               1 	(obj:-0.000326667868598091)

Statistics
==========

SCIP Status        : problem is solved [optimal solution found]
Total Time         :      29.00
  solving          :      29.00
  presolving       :       0.00 (included in solving)
  reading          :       0.00
  copying          :       0.00 (3 #copies) (minimal 0.00, maximal 0.00, average 0.00)
Original Problem   :
  Problem name     : C:\Users\Claubit\Documents\GitHub\embedding\src\lp\scenario2_B0.5_classical\IPL_linearized_N50q2.00B25.lp
  Variables        : 2550 (0 binary, 2550 integer, 0 implicit integer, 0 continuous)
  Constraints      : 7501 initial, 7501 maximal
  Objective        : minimize, 2550 non-zeros (abs.min = 1.18882e-06, abs.max = 0.00851482)
Presolved Problem  :
  Problem name     : t_C:\Users\Claubit\Documents\GitHub\embedding\src\lp\scenario2_B0.5_classical\IPL_linearized_N50q2.00B25.lp
  Variables        : 1275 (1275 binary, 0 integer, 0 implicit integer, 0 continuous)
  Constraints      : 1226 initial, 1333 maximal
  Objective        : minimize, 1275 non-zeros (abs.min = 2.37765e-06, abs.max = 0.00935784)
  Nonzeros         : 3725 constraint, 4900 clique table
Presolvers         :   ExecTime  SetupTime  Calls  FixedVars   AggrVars   ChgTypes  ChgBounds   AddHoles    DelCons    AddCons   ChgSides   ChgCoefs
  boundshift       :       0.00       0.00      0          0          0          0          0          0          0          0          0          0
  convertinttobin  :       0.00       0.00      0          0          0          0          0          0          0          0          0          0
  domcol           :       0.00       0.00      1          0          0          0          0          0          0          0          0          0
  dualagg          :       0.00       0.00      0          0          0          0          0          0          0          0          0          0
  dualcomp         :       0.00       0.00      0          0          0          0          0          0          0          0          0          0
  dualinfer        :       0.00       0.00      0          0          0          0          0          0          0          0          0          0
  dualsparsify     :       0.00       0.00      1          0          0          0          0          0          0          0          0          0
  gateextraction   :       0.00       0.00      1          0          0          0          0          0       7350       2450          0          0
  implics          :       0.00       0.00      4          0          0          0          0          0          0          0          0          0
  inttobinary      :       0.00       0.00      0          0          0          0          0          0          0          0          0          0
  milp             :       0.00       0.00      1          0          0          0          0          0          0          0          0          0
  qpkktref         :       0.00       0.00      0          0          0          0          0          0          0          0          0          0
  redvub           :       0.00       0.00      0          0          0          0          0          0          0          0          0          0
  sparsify         :       0.00       0.00      1          0          0          0          0          0          0          0          0          0
  stuffing         :       0.00       0.00      0          0          0          0          0          0          0          0          0          0
  trivial          :       0.00       0.00      6          0          0          0          0          0          0          0          0          0
  tworowbnd        :       0.00       0.00      0          0          0          0          0          0          0          0          0          0
  dualfix          :       0.00       0.00      6          0          0          0          0          0          0          0          0          0
  genvbounds       :       0.00       0.00      0          0          0          0          0          0          0          0          0          0
  probing          :       0.00       0.00      1          0          0          0          0          0          0          0          0          0
  pseudoobj        :       0.00       0.00      0          0          0          0          0          0          0          0          0          0
  symmetry         :       0.00       0.00      1          0          0          0          0          0          0          0          0          0
  vbounds          :       0.00       0.00      1          0          0          0          0          0          0          0          0          0
  and              :       0.00       0.00      4          0       1225          0          0          0       1225          0          0          0
  linear           :       0.00       0.00      8          0         50          0          0          0        150          0         50         50
  logicor          :       0.00       0.00      2          0          0          0          0          0          0          0          0          0
  benders          :       0.00       0.00      0          0          0          0          0          0          0          0          0          0
  components       :       0.00       0.00      1          0          0          0          0          0          0          0          0          0
  root node        :          -          -      -          1          -          -          1          -          -          -          -          -
Constraints        :     Number  MaxNumber  #Separate #Propagate    #EnfoLP    #EnfoRelax  #EnfoPS    #Check   #ResProp    Cutoffs    DomReds       Cuts    Applied      Conss   Children
  benderslp        :          0          0          0          0        105          0          0         25          0          0          0          0          0          0          0
  integral         :          0          0          0          0        105          0          0         25          0          0         62          0          0         44        166
  and              :       1225       1225        233       3929          9          0          0         20       1081         26       8869        357        228          0          0
  linear           :          1          1         36       3882          9          0          0          6         12          3          0          0          0          0          0
  logicor          :          0+       107         34        979          0          0          0          0          3          0          4          0          0          0          0
  benders          :          0          0          0          0          9          0          0          5          0          0          0          0          0          0          0
  countsols        :          0          0          0          0          9          0          0          5          0          0          0          0          0          0          0
  components       :          0          0          0          0          0          0          0          0          0          0          0          0          0          0          0
Constraint Timings :  TotalTime  SetupTime   Separate  Propagate     EnfoLP     EnfoPS     EnfoRelax   Check    ResProp    SB-Prop
  benderslp        :       0.00       0.00       0.00       0.00       0.00       0.00       0.00       0.00       0.00       0.00
  integral         :      16.00       0.00       0.00       0.00      16.00       0.00       0.00       0.00       0.00       0.00
  and              :       0.00       0.00       0.00       0.00       0.00       0.00       0.00       0.00       0.00       0.00
  linear           :       0.00       0.00       0.00       0.00       0.00       0.00       0.00       0.00       0.00       0.00
  logicor          :       0.00       0.00       0.00       0.00       0.00       0.00       0.00       0.00       0.00       0.00
  benders          :       0.00       0.00       0.00       0.00       0.00       0.00       0.00       0.00       0.00       0.00
  countsols        :       0.00       0.00       0.00       0.00       0.00       0.00       0.00       0.00       0.00       0.00
  components       :       0.00       0.00       0.00       0.00       0.00       0.00       0.00       0.00       0.00       0.00
Propagators        : #Propagate   #ResProp    Cutoffs    DomReds
  dualfix          :          3          0          0          0
  genvbounds       :          0          0          0          0
  nlobbt           :          0          0          0          0
  obbt             :          0          0          0          0
  probing          :          0          0          0          0
  pseudoobj        :        590          0          0          0
  redcost          :        431          0          0       3560
  rootredcost      :         11          0          0          0
  symmetry         :          0          0          0          0
  vbounds          :       3939          0          0          0
Propagator Timings :  TotalTime  SetupTime   Presolve  Propagate    ResProp    SB-Prop
  dualfix          :       0.00       0.00       0.00       0.00       0.00       0.00
  genvbounds       :       0.00       0.00       0.00       0.00       0.00       0.00
  nlobbt           :       0.00       0.00       0.00       0.00       0.00       0.00
  obbt             :       0.00       0.00       0.00       0.00       0.00       0.00
  probing          :       0.00       0.00       0.00       0.00       0.00       0.00
  pseudoobj        :       0.00       0.00       0.00       0.00       0.00       0.00
  redcost          :       0.00       0.00       0.00       0.00       0.00       0.00
  rootredcost      :       0.00       0.00       0.00       0.00       0.00       0.00
  symmetry         :       0.00       0.00       0.00       0.00       0.00       0.00
  vbounds          :       0.00       0.00       0.00       0.00       0.00       0.00
Conflict Analysis  :       Time      Calls    Success    DomReds  Conflicts   Literals    Reconvs ReconvLits   Dualrays   Nonzeros   LP Iters   (pool size: [10000,10000])
  propagation      :       0.00         26         26          -         74       20.8          0        0.0          -          -          -
  infeasible LP    :       0.00          0          0          -          0        0.0          0        0.0          0        0.0          0
  bound exceed. LP :       0.00         61         13          -         97       31.1          0        0.0          0        0.0        442
  strong branching :       0.00          0          0          -          0        0.0          0        0.0          -          -          0
  pseudo solution  :       0.00          0          0          -          0        0.0          0        0.0          -          -          -
  applied globally :       0.00          -          -          0        118       22.3          -          -          0          -          -
  applied locally  :          -          -          -          0          0        0.0          -          -          0          -          -
Separators         :   ExecTime  SetupTime      Calls    Cutoffs    DomReds       Cuts    Applied      Conss
  cut pool         :       0.00                   147          -          -       2782          -          -    (maximal pool size: 3537)
  aggregation      :       0.00       0.00         76          0          0          0          0          0
  cgmip            :       0.00       0.00          0          0          0          0          0          0
  clique           :       1.00       0.00         36          0          0          0          0          0
  closecuts        :       0.00       0.00          0          0          0          0          0          0
  cmir             :       0.00       0.00          0          0          0          0          0          0
  convexproj       :       0.00       0.00          0          0          0          0          0          0
  disjunctive      :       0.00       0.00          0          0          0          0          0          0
  eccuts           :       0.00       0.00          0          0          0          0          0          0
  flowcover        :       0.00       0.00          0          0          0          0          0          0
  gauge            :       0.00       0.00          0          0          0          0          0          0
  gomory           :       5.00       0.00         43          0          0       1569        152          0
  impliedbounds    :       0.00       0.00         76          0          0        158        109          0
  intobj           :       0.00       0.00          0          0          0          0          0          0
  mcf              :       0.00       0.00          1          0          0          0          0          0
  oddcycle         :       0.00       0.00          0          0          0          0          0          0
  rapidlearning    :       0.00       0.00          0          0          0          0          0          0
  strongcg         :       1.00       0.00         20          0          0       1601         87          0
  zerohalf         :       0.00       0.00         53          0          0        269        289          0
Pricers            :   ExecTime  SetupTime      Calls       Vars
  problem variables:       0.00          -          0          0
Branching Rules    :   ExecTime  SetupTime   BranchLP  BranchExt   BranchPS    Cutoffs    DomReds       Cuts      Conss   Children
  allfullstrong    :       0.00       0.00          0          0          0          0          0          0          0          0
  cloud            :       0.00       0.00          0          0          0          0          0          0          0          0
  distribution     :       0.00       0.00          0          0          0          0          0          0          0          0
  fullstrong       :       0.00       0.00          0          0          0          0          0          0          0          0
  inference        :       0.00       0.00          0          0          0          0          0          0          0          0
  leastinf         :       0.00       0.00          0          0          0          0          0          0          0          0
  lookahead        :       0.00       0.00          0          0          0          0          0          0          0          0
  mostinf          :       0.00       0.00          0          0          0          0          0          0          0          0
  multaggr         :       0.00       0.00          0          0          0          0          0          0          0          0
  nodereopt        :       0.00       0.00          0          0          0          0          0          0          0          0
  pscost           :       0.00       0.00          0          0          0          0          0          0          0          0
  random           :       0.00       0.00          0          0          0          0          0          0          0          0
  relpscost        :      16.00       0.00         96          0          0          0         62          0         44        166
  vanillafullstrong:       0.00       0.00          0          0          0          0          0          0          0          0
Primal Heuristics  :   ExecTime  SetupTime      Calls      Found       Best
  LP solutions     :       0.00          -          -          9          9
  relax solutions  :       0.00          -          -          0          0
  pseudo solutions :       0.00          -          -          0          0
  strong branching :       0.00          -          -          1          1
  actconsdiving    :       0.00       0.00          0          0          0
  adaptivediving   :       0.00       0.00          0          0          0
  alns             :       0.00       0.00          1          0          0
  bound            :       0.00       0.00          0          0          0
  clique           :       0.00       0.00          1          1          1
  coefdiving       :       0.00       0.00          0          0          0
  completesol      :       0.00       0.00          0          0          0
  conflictdiving   :       1.00       0.00          1          0          0
  crossover        :       0.00       0.00          0          0          0
  dins             :       0.00       0.00          0          0          0
  distributiondivin:       0.00       0.00          0          0          0
  dualval          :       0.00       0.00          0          0          0
  farkasdiving     :       0.00       0.00          1          1          1
  feaspump         :       0.00       0.00          1          0          0
  fixandinfer      :       0.00       0.00          0          0          0
  fracdiving       :       0.00       0.00          0          0          0
  gins             :       0.00       0.00          0          0          0
  guideddiving     :       0.00       0.00          0          0          0
  indicator        :       0.00       0.00          0          0          0
  intdiving        :       0.00       0.00          0          0          0
  intshifting      :       0.00       0.00          0          0          0
  linesearchdiving :       0.00       0.00          0          0          0
  localbranching   :       0.00       0.00          0          0          0
  locks            :       0.00       0.00          1          0          0
  lpface           :       0.00       0.00          0          0          0
  mpec             :       0.00       0.00          0          0          0
  multistart       :       0.00       0.00          0          0          0
  mutation         :       0.00       0.00          0          0          0
  nlpdiving        :       0.00       0.00          0          0          0
  objpscostdiving  :       0.00       0.00          0          0          0
  octane           :       0.00       0.00          0          0          0
  ofins            :       0.00       0.00          0          0          0
  oneopt           :       0.00       0.00         12          0          0
  padm             :       0.00       0.00          0          0          0
  proximity        :       0.00       0.00          0          0          0
  pscostdiving     :       0.00       0.00          0          0          0
  randrounding     :       0.00       0.00         39          0          0
  rens             :       0.00       0.00          1          0          0
  reoptsols        :       0.00       0.00          0          0          0
  repair           :       0.00       0.00          0          0          0
  rins             :       0.00       0.00          0          0          0
  rootsoldiving    :       0.00       0.00          0          0          0
  rounding         :       0.00       0.00        162          0          0
  shiftandpropagate:       0.00       0.00          0          0          0
  shifting         :       0.00       0.00         83          0          0
  simplerounding   :       0.00       0.00          0          0          0
  subnlp           :       0.00       0.00          0          0          0
  trivial          :       0.00       0.00          2          0          0
  trivialnegation  :       0.00       0.00          0          0          0
  trustregion      :       0.00       0.00          0          0          0
  trysol           :       0.00       0.00          0          0          0
  twoopt           :       0.00       0.00          0          0          0
  undercover       :       0.00       0.00          1          0          0
  vbounds          :       0.00       0.00          1          1          1
  veclendiving     :       0.00       0.00          0          0          0
  zeroobj          :       0.00       0.00          0          0          0
  zirounding       :       0.00       0.00         83          0          0
  other solutions  :          -          -          -          0          -
Diving (single)    :      Calls      Nodes   LP Iters Backtracks  Conflicts   MinDepth   MaxDepth   AvgDepth  RoundSols  NLeafSols  MinSolDpt  MaxSolDpt  AvgSolDpt
  actconsdiving    :          0          -          -          -          -          -          -          -          -          -          -          -          -
  coefdiving       :          0          -          -          -          -          -          -          -          -          -          -          -          -
  conflictdiving   :          1         21        729          1          0         21         21       21.0          0          -          -          -          -
  distributiondivin:          0          -          -          -          -          -          -          -          -          -          -          -          -
  farkasdiving     :          1         32       2459          2          0         31         31       31.0          0          1         31         31       31.0
  fracdiving       :          0          -          -          -          -          -          -          -          -          -          -          -          -
  guideddiving     :          0          -          -          -          -          -          -          -          -          -          -          -          -
  linesearchdiving :          0          -          -          -          -          -          -          -          -          -          -          -          -
  pscostdiving     :          0          -          -          -          -          -          -          -          -          -          -          -          -
  veclendiving     :          0          -          -          -          -          -          -          -          -          -          -          -          -
Diving (adaptive)  :      Calls      Nodes   LP Iters Backtracks  Conflicts   MinDepth   MaxDepth   AvgDepth  RoundSols  NLeafSols  MinSolDpt  MaxSolDpt  AvgSolDpt
  actconsdiving    :          0          -          -          -          -          -          -          -          -          -          -          -          -
  coefdiving       :          0          -          -          -          -          -          -          -          -          -          -          -          -
  conflictdiving   :          0          -          -          -          -          -          -          -          -          -          -          -          -
  distributiondivin:          0          -          -          -          -          -          -          -          -          -          -          -          -
  farkasdiving     :          0          -          -          -          -          -          -          -          -          -          -          -          -
  fracdiving       :          0          -          -          -          -          -          -          -          -          -          -          -          -
  guideddiving     :          0          -          -          -          -          -          -          -          -          -          -          -          -
  linesearchdiving :          0          -          -          -          -          -          -          -          -          -          -          -          -
  pscostdiving     :          0          -          -          -          -          -          -          -          -          -          -          -          -
  veclendiving     :          0          -          -          -          -          -          -          -          -          -          -          -          -
Neighborhoods      :      Calls  SetupTime  SolveTime SolveNodes       Sols       Best       Exp3  EpsGreedy        UCB TgtFixRate  Opt  Inf Node Stal  Sol  Usr Othr Actv
  rens             :          0       0.00       0.00          0          0          0    0.00000   -1.00000    1.00000      0.900    0    0    0    0    0    0    0    1
  rins             :          0       0.00       0.00          0          0          0    0.00000   -1.00000    1.00000      0.900    0    0    0    0    0    0    0    1
  mutation         :          0       0.00       0.00          0          0          0    0.00000   -1.00000    1.00000      0.900    0    0    0    0    0    0    0    1
  localbranching   :          0       0.00       0.00          0          0          0    0.00000   -1.00000    1.00000      0.900    0    0    0    0    0    0    0    1
  crossover        :          0       0.00       0.00          0          0          0    0.00000   -1.00000    1.00000      0.900    0    0    0    0    0    0    0    1
  proximity        :          0       0.00       0.00          0          0          0    0.00000   -1.00000    1.00000      0.900    0    0    0    0    0    0    0    1
  zeroobjective    :          0       0.00       0.00          0          0          0    0.00000   -1.00000    1.00000      0.900    0    0    0    0    0    0    0    1
  dins             :          1       0.00       0.00          1          0          0    0.00000   -1.00000    1.00000      0.700    0    1    0    0    0    0    0    1
  trustregion      :          0       0.00       0.00          0          0          0    0.00000   -1.00000    1.00000      0.900    0    0    0    0    0    0    0    0
LP                 :       Time      Calls Iterations  Iter/call   Iter/sec  Time-0-It Calls-0-It    ItLimit
  primal LP        :       0.00         23          0       0.00          -       0.00         23
  dual LP          :       5.00        381      35945     127.01    7189.00       1.00         98
  lex dual LP      :       0.00          0          0       0.00          -
  barrier LP       :       0.00          0          0       0.00          -       0.00          0
  resolve instable :       0.00          0          0       0.00          -
  diving/probing LP:       1.00         45       9404     208.98    9404.00
  strong branching :      16.00        347     141357     407.37    8834.81          -          -         91
    (at root node) :          -         31      23747     766.03          -
  conflict analysis:       0.00         45        442       9.82          -
B&B Tree           :
  number of runs   :          1
  nodes            :        152 (83 internal, 69 leaves)
  feasible leaves  :          9
  infeas. leaves   :          1
  objective leaves :         59
  nodes (total)    :        152 (83 internal, 69 leaves)
  nodes left       :          0
  max depth        :         15
  max depth (total):         15
  backtracks       :         47 (30.9%)
  early backtracks :          0 (0.0%)
  nodes exc. ref.  :          0 (0.0%)
  delayed cutoffs  :          0
  repropagations   :          0 (0 domain reductions, 0 cutoffs)
  avg switch length:       3.67
  switching time   :       0.00
Estim. Tree Size   :        167
Estimation Tree    : 167 nodes (167 visited, 83 internal, 84 leaves, 0 open), weight: 1.0000 completed 1.0000
Estimations        :      estim      value      trend resolution     smooth
  wbe              :        167          -          -          -          -
  tree-profile     :         -1          -          -          -          -
  gap              :        167    1.00000    0.01073          1        169
  tree-weight      :        167    1.00000    0.01371          1        168
  leaf-frequency   :        167    0.50000    0.00092          1        168
  ssg              :        167   -0.00000   -0.00635          1        167
  open-nodes       :        167    0.00000   -0.58484          1        167
Root Node          :
  First LP value   : -1.11926353023326e-02
  First LP Iters   :        714
  First LP Time    :       0.00
  Final Dual Bound : +1.52161706987769e-02
  Final Root Iters :       3482
  Root LP Estimate : +2.33770082355740e-01
Solution           :
  Solutions found  :         13 (13 improvements)
  First Solution   : +9.40889045975844e-02   (in run 1, after 1 nodes, 0.00 seconds, depth 37, found by <clique>)
  Gap First Sol.   :   infinite
  Gap Last Sol.    :      84.15 %
  Primal Bound     : +3.80677758191930e-02   (in run 1, after 91 nodes, 27.00 seconds, depth 12, found by <relaxation>)
  Dual Bound       : +3.80677758191930e-02
  Gap              :       0.00 %
Integrals          :      Total       Avg%
  primal-dual      :    2024.74      69.82
  primal-ref       :          -          - (not evaluated)
  dual-ref         :          -          - (not evaluated)
