SCIP version 7.0.2 [precision: 8 byte] [memory: block] [mode: optimized] [LP solver: SoPlex 5.0.2] [GitHash: e9d280a398]
Copyright (C) 2002-2020 Konrad-Zuse-Zentrum fuer Informationstechnik Berlin (ZIB)

External codes: 
  SoPlex 5.0.2         Linear Programming Solver developed at Zuse Institute Berlin (soplex.zib.de) [GitHash: e24c304e]
  CppAD 20180000.0     Algorithmic Differentiation of C++ algorithms developed by B. Bell (www.coin-or.org/CppAD)
  MPIR 3.0.0           Multiple Precision Integers and Rationals Library developed by W. Hart (mpir.org)
  ZIMPL 3.4.0          Zuse Institute Mathematical Programming Language developed by T. Koch (zimpl.zib.de)
  PaPILO 1.0.2         parallel presolve for integer and linear optimization (https://github.com/lgottwald/PaPILO) [GitHash: 62d2842]
  bliss 0.73p          Computing Graph Automorphism Groups by T. Junttila and P. Kaski (http://www.tcs.hut.fi/Software/bliss/)
  Ipopt 3.12.9         Interior Point Optimizer developed by A. Waechter et.al. (www.coin-or.org/Ipopt)

user parameter file <scip.set> not found - using default parameters

read problem <C:\Users\Claubit\Documents\GitHub\embedding\src\lp\scenario2_B0.5_classical\IPL_linearized_N50q0.00B25.lp>
============

original problem has 2550 variables (0 bin, 2550 int, 0 impl, 0 cont) and 7501 constraints

solve problem
=============

presolving:
(round 1, fast)       50 del vars, 50 del conss, 0 add conss, 0 chg bounds, 50 chg sides, 50 chg coeffs, 0 upgd conss, 0 impls, 4900 clqs
(round 2, fast)       50 del vars, 150 del conss, 0 add conss, 0 chg bounds, 50 chg sides, 50 chg coeffs, 0 upgd conss, 0 impls, 4900 clqs
   (0.0s) running MILP presolver
   (0.0s) MILP presolver found nothing
(round 3, exhaustive) 50 del vars, 150 del conss, 0 add conss, 0 chg bounds, 50 chg sides, 50 chg coeffs, 7350 upgd conss, 0 impls, 4900 clqs
(round 4, exhaustive) 50 del vars, 7500 del conss, 2450 add conss, 0 chg bounds, 50 chg sides, 50 chg coeffs, 7350 upgd conss, 0 impls, 4900 clqs
(round 5, exhaustive) 1275 del vars, 8725 del conss, 2450 add conss, 0 chg bounds, 50 chg sides, 50 chg coeffs, 7350 upgd conss, 0 impls, 2450 clqs
   (0.0s) probing: 51/1275 (4.0%) - 0 fixings, 0 aggregations, 0 implications, 0 bound changes
   (0.0s) probing aborted: 50/50 successive totally useless probings
   (0.0s) symmetry computation started: requiring (bin +, int -, cont +), (fixed: bin -, int +, cont -)
   (0.0s) no symmetry present
presolving (6 rounds: 6 fast, 4 medium, 4 exhaustive):
 1275 deleted vars, 8725 deleted constraints, 2450 added constraints, 0 tightened bounds, 0 added holes, 50 changed sides, 50 changed coefficients
 0 implications, 2450 cliques
presolved problem has 1275 variables (1275 bin, 0 int, 0 impl, 0 cont) and 1226 constraints
   1225 constraints of type <and>
      1 constraints of type <linear>
Presolving Time: 0.00

 time | node  | left  |LP iter|LP it/n|mem/heur|mdpt |vars |cons |rows |cuts |sepa|confs|strbr|  dualbound   | primalbound  |  gap   | compl. 
p 0.0s|     1 |     0 |     0 |     - |  clique|   0 |1275 |1226 |2451 |   0 |  0 |   0 |   0 |-7.519216e-02 |-5.071076e-02 |  48.28%| unknown
p 0.0s|     1 |     0 |     0 |     - | vbounds|   0 |1275 |1227 |2451 |   0 |  0 |   1 |   0 |-7.519216e-02 |-6.705360e-02 |  12.14%| unknown
p 0.0s|     1 |     0 |     0 |     - | vbounds|   0 |1275 |1237 |2451 |   0 |  0 |  11 |   0 |-7.519216e-02 |-6.964470e-02 |   7.97%| unknown
* 0.0s|     1 |     0 |   325 |     - |    LP  |   0 |1275 |1187 |2519 |   0 |  0 |  13 |   0 |-7.461133e-02 |-7.461133e-02 |   0.00%| unknown
  0.0s|     1 |     0 |   325 |     - |    32M |   0 |1275 |1187 |2519 |   0 |  0 |  13 |   0 |-7.461133e-02 |-7.461133e-02 |   0.00%| unknown

SCIP Status        : problem is solved [optimal solution found]
Solving Time (sec) : 0.00
Solving Nodes      : 1
Primal Bound       : -7.46113252342719e-02 (4 solutions)
Dual Bound         : -7.46113252342719e-02
Gap                : 0.00 %

primal solution (original space):
=================================

objective value:                  -0.0746113252342719
y(2,2)                                              1 	(obj:0)
y(2,3)                                              1 	(obj:0)
y(2,6)                                              1 	(obj:0)
y(2,9)                                              1 	(obj:0)
y(2,13)                                             1 	(obj:0)
y(2,15)                                             1 	(obj:0)
y(2,16)                                             1 	(obj:0)
y(2,18)                                             1 	(obj:0)
y(2,19)                                             1 	(obj:0)
y(2,20)                                             1 	(obj:0)
y(2,21)                                             1 	(obj:0)
y(2,22)                                             1 	(obj:0)
y(2,25)                                             1 	(obj:0)
y(2,26)                                             1 	(obj:0)
y(2,27)                                             1 	(obj:0)
y(2,29)                                             1 	(obj:0)
y(2,33)                                             1 	(obj:0)
y(2,35)                                             1 	(obj:0)
y(2,37)                                             1 	(obj:0)
y(2,39)                                             1 	(obj:0)
y(2,41)                                             1 	(obj:0)
y(2,43)                                             1 	(obj:0)
y(2,46)                                             1 	(obj:0)
y(2,47)                                             1 	(obj:0)
y(2,49)                                             1 	(obj:0)
y(3,2)                                              1 	(obj:0)
y(3,3)                                              1 	(obj:0)
y(3,6)                                              1 	(obj:0)
y(3,9)                                              1 	(obj:0)
y(3,13)                                             1 	(obj:0)
y(3,15)                                             1 	(obj:0)
y(3,16)                                             1 	(obj:0)
y(3,18)                                             1 	(obj:0)
y(3,19)                                             1 	(obj:0)
y(3,20)                                             1 	(obj:0)
y(3,21)                                             1 	(obj:0)
y(3,22)                                             1 	(obj:0)
y(3,25)                                             1 	(obj:0)
y(3,26)                                             1 	(obj:0)
y(3,27)                                             1 	(obj:0)
y(3,29)                                             1 	(obj:0)
y(3,33)                                             1 	(obj:0)
y(3,35)                                             1 	(obj:0)
y(3,37)                                             1 	(obj:0)
y(3,39)                                             1 	(obj:0)
y(3,41)                                             1 	(obj:0)
y(3,43)                                             1 	(obj:0)
y(3,46)                                             1 	(obj:0)
y(3,47)                                             1 	(obj:0)
y(3,49)                                             1 	(obj:0)
y(6,2)                                              1 	(obj:0)
y(6,3)                                              1 	(obj:0)
y(6,6)                                              1 	(obj:0)
y(6,9)                                              1 	(obj:0)
y(6,13)                                             1 	(obj:0)
y(6,15)                                             1 	(obj:0)
y(6,16)                                             1 	(obj:0)
y(6,18)                                             1 	(obj:0)
y(6,19)                                             1 	(obj:0)
y(6,20)                                             1 	(obj:0)
y(6,21)                                             1 	(obj:0)
y(6,22)                                             1 	(obj:0)
y(6,25)                                             1 	(obj:0)
y(6,26)                                             1 	(obj:0)
y(6,27)                                             1 	(obj:0)
y(6,29)                                             1 	(obj:0)
y(6,33)                                             1 	(obj:0)
y(6,35)                                             1 	(obj:0)
y(6,37)                                             1 	(obj:0)
y(6,39)                                             1 	(obj:0)
y(6,41)                                             1 	(obj:0)
y(6,43)                                             1 	(obj:0)
y(6,46)                                             1 	(obj:0)
y(6,47)                                             1 	(obj:0)
y(6,49)                                             1 	(obj:0)
y(9,2)                                              1 	(obj:0)
y(9,3)                                              1 	(obj:0)
y(9,6)                                              1 	(obj:0)
y(9,9)                                              1 	(obj:0)
y(9,13)                                             1 	(obj:0)
y(9,15)                                             1 	(obj:0)
y(9,16)                                             1 	(obj:0)
y(9,18)                                             1 	(obj:0)
y(9,19)                                             1 	(obj:0)
y(9,20)                                             1 	(obj:0)
y(9,21)                                             1 	(obj:0)
y(9,22)                                             1 	(obj:0)
y(9,25)                                             1 	(obj:0)
y(9,26)                                             1 	(obj:0)
y(9,27)                                             1 	(obj:0)
y(9,29)                                             1 	(obj:0)
y(9,33)                                             1 	(obj:0)
y(9,35)                                             1 	(obj:0)
y(9,37)                                             1 	(obj:0)
y(9,39)                                             1 	(obj:0)
y(9,41)                                             1 	(obj:0)
y(9,43)                                             1 	(obj:0)
y(9,46)                                             1 	(obj:0)
y(9,47)                                             1 	(obj:0)
y(9,49)                                             1 	(obj:0)
y(13,2)                                             1 	(obj:0)
y(13,3)                                             1 	(obj:0)
y(13,6)                                             1 	(obj:0)
y(13,9)                                             1 	(obj:0)
y(13,13)                                            1 	(obj:0)
y(13,15)                                            1 	(obj:0)
y(13,16)                                            1 	(obj:0)
y(13,18)                                            1 	(obj:0)
y(13,19)                                            1 	(obj:0)
y(13,20)                                            1 	(obj:0)
y(13,21)                                            1 	(obj:0)
y(13,22)                                            1 	(obj:0)
y(13,25)                                            1 	(obj:0)
y(13,26)                                            1 	(obj:0)
y(13,27)                                            1 	(obj:0)
y(13,29)                                            1 	(obj:0)
y(13,33)                                            1 	(obj:0)
y(13,35)                                            1 	(obj:0)
y(13,37)                                            1 	(obj:0)
y(13,39)                                            1 	(obj:0)
y(13,41)                                            1 	(obj:0)
y(13,43)                                            1 	(obj:0)
y(13,46)                                            1 	(obj:0)
y(13,47)                                            1 	(obj:0)
y(13,49)                                            1 	(obj:0)
y(15,2)                                             1 	(obj:0)
y(15,3)                                             1 	(obj:0)
y(15,6)                                             1 	(obj:0)
y(15,9)                                             1 	(obj:0)
y(15,13)                                            1 	(obj:0)
y(15,15)                                            1 	(obj:0)
y(15,16)                                            1 	(obj:0)
y(15,18)                                            1 	(obj:0)
y(15,19)                                            1 	(obj:0)
y(15,20)                                            1 	(obj:0)
y(15,21)                                            1 	(obj:0)
y(15,22)                                            1 	(obj:0)
y(15,25)                                            1 	(obj:0)
y(15,26)                                            1 	(obj:0)
y(15,27)                                            1 	(obj:0)
y(15,29)                                            1 	(obj:0)
y(15,33)                                            1 	(obj:0)
y(15,35)                                            1 	(obj:0)
y(15,37)                                            1 	(obj:0)
y(15,39)                                            1 	(obj:0)
y(15,41)                                            1 	(obj:0)
y(15,43)                                            1 	(obj:0)
y(15,46)                                            1 	(obj:0)
y(15,47)                                            1 	(obj:0)
y(15,49)                                            1 	(obj:0)
y(16,2)                                             1 	(obj:0)
y(16,3)                                             1 	(obj:0)
y(16,6)                                             1 	(obj:0)
y(16,9)                                             1 	(obj:0)
y(16,13)                                            1 	(obj:0)
y(16,15)                                            1 	(obj:0)
y(16,16)                                            1 	(obj:0)
y(16,18)                                            1 	(obj:0)
y(16,19)                                            1 	(obj:0)
y(16,20)                                            1 	(obj:0)
y(16,21)                                            1 	(obj:0)
y(16,22)                                            1 	(obj:0)
y(16,25)                                            1 	(obj:0)
y(16,26)                                            1 	(obj:0)
y(16,27)                                            1 	(obj:0)
y(16,29)                                            1 	(obj:0)
y(16,33)                                            1 	(obj:0)
y(16,35)                                            1 	(obj:0)
y(16,37)                                            1 	(obj:0)
y(16,39)                                            1 	(obj:0)
y(16,41)                                            1 	(obj:0)
y(16,43)                                            1 	(obj:0)
y(16,46)                                            1 	(obj:0)
y(16,47)                                            1 	(obj:0)
y(16,49)                                            1 	(obj:0)
y(18,2)                                             1 	(obj:0)
y(18,3)                                             1 	(obj:0)
y(18,6)                                             1 	(obj:0)
y(18,9)                                             1 	(obj:0)
y(18,13)                                            1 	(obj:0)
y(18,15)                                            1 	(obj:0)
y(18,16)                                            1 	(obj:0)
y(18,18)                                            1 	(obj:0)
y(18,19)                                            1 	(obj:0)
y(18,20)                                            1 	(obj:0)
y(18,21)                                            1 	(obj:0)
y(18,22)                                            1 	(obj:0)
y(18,25)                                            1 	(obj:0)
y(18,26)                                            1 	(obj:0)
y(18,27)                                            1 	(obj:0)
y(18,29)                                            1 	(obj:0)
y(18,33)                                            1 	(obj:0)
y(18,35)                                            1 	(obj:0)
y(18,37)                                            1 	(obj:0)
y(18,39)                                            1 	(obj:0)
y(18,41)                                            1 	(obj:0)
y(18,43)                                            1 	(obj:0)
y(18,46)                                            1 	(obj:0)
y(18,47)                                            1 	(obj:0)
y(18,49)                                            1 	(obj:0)
y(19,2)                                             1 	(obj:0)
y(19,3)                                             1 	(obj:0)
y(19,6)                                             1 	(obj:0)
y(19,9)                                             1 	(obj:0)
y(19,13)                                            1 	(obj:0)
y(19,15)                                            1 	(obj:0)
y(19,16)                                            1 	(obj:0)
y(19,18)                                            1 	(obj:0)
y(19,19)                                            1 	(obj:0)
y(19,20)                                            1 	(obj:0)
y(19,21)                                            1 	(obj:0)
y(19,22)                                            1 	(obj:0)
y(19,25)                                            1 	(obj:0)
y(19,26)                                            1 	(obj:0)
y(19,27)                                            1 	(obj:0)
y(19,29)                                            1 	(obj:0)
y(19,33)                                            1 	(obj:0)
y(19,35)                                            1 	(obj:0)
y(19,37)                                            1 	(obj:0)
y(19,39)                                            1 	(obj:0)
y(19,41)                                            1 	(obj:0)
y(19,43)                                            1 	(obj:0)
y(19,46)                                            1 	(obj:0)
y(19,47)                                            1 	(obj:0)
y(19,49)                                            1 	(obj:0)
y(20,2)                                             1 	(obj:0)
y(20,3)                                             1 	(obj:0)
y(20,6)                                             1 	(obj:0)
y(20,9)                                             1 	(obj:0)
y(20,13)                                            1 	(obj:0)
y(20,15)                                            1 	(obj:0)
y(20,16)                                            1 	(obj:0)
y(20,18)                                            1 	(obj:0)
y(20,19)                                            1 	(obj:0)
y(20,20)                                            1 	(obj:0)
y(20,21)                                            1 	(obj:0)
y(20,22)                                            1 	(obj:0)
y(20,25)                                            1 	(obj:0)
y(20,26)                                            1 	(obj:0)
y(20,27)                                            1 	(obj:0)
y(20,29)                                            1 	(obj:0)
y(20,33)                                            1 	(obj:0)
y(20,35)                                            1 	(obj:0)
y(20,37)                                            1 	(obj:0)
y(20,39)                                            1 	(obj:0)
y(20,41)                                            1 	(obj:0)
y(20,43)                                            1 	(obj:0)
y(20,46)                                            1 	(obj:0)
y(20,47)                                            1 	(obj:0)
y(20,49)                                            1 	(obj:0)
y(21,2)                                             1 	(obj:0)
y(21,3)                                             1 	(obj:0)
y(21,6)                                             1 	(obj:0)
y(21,9)                                             1 	(obj:0)
y(21,13)                                            1 	(obj:0)
y(21,15)                                            1 	(obj:0)
y(21,16)                                            1 	(obj:0)
y(21,18)                                            1 	(obj:0)
y(21,19)                                            1 	(obj:0)
y(21,20)                                            1 	(obj:0)
y(21,21)                                            1 	(obj:0)
y(21,22)                                            1 	(obj:0)
y(21,25)                                            1 	(obj:0)
y(21,26)                                            1 	(obj:0)
y(21,27)                                            1 	(obj:0)
y(21,29)                                            1 	(obj:0)
y(21,33)                                            1 	(obj:0)
y(21,35)                                            1 	(obj:0)
y(21,37)                                            1 	(obj:0)
y(21,39)                                            1 	(obj:0)
y(21,41)                                            1 	(obj:0)
y(21,43)                                            1 	(obj:0)
y(21,46)                                            1 	(obj:0)
y(21,47)                                            1 	(obj:0)
y(21,49)                                            1 	(obj:0)
y(22,2)                                             1 	(obj:0)
y(22,3)                                             1 	(obj:0)
y(22,6)                                             1 	(obj:0)
y(22,9)                                             1 	(obj:0)
y(22,13)                                            1 	(obj:0)
y(22,15)                                            1 	(obj:0)
y(22,16)                                            1 	(obj:0)
y(22,18)                                            1 	(obj:0)
y(22,19)                                            1 	(obj:0)
y(22,20)                                            1 	(obj:0)
y(22,21)                                            1 	(obj:0)
y(22,22)                                            1 	(obj:0)
y(22,25)                                            1 	(obj:0)
y(22,26)                                            1 	(obj:0)
y(22,27)                                            1 	(obj:0)
y(22,29)                                            1 	(obj:0)
y(22,33)                                            1 	(obj:0)
y(22,35)                                            1 	(obj:0)
y(22,37)                                            1 	(obj:0)
y(22,39)                                            1 	(obj:0)
y(22,41)                                            1 	(obj:0)
y(22,43)                                            1 	(obj:0)
y(22,46)                                            1 	(obj:0)
y(22,47)                                            1 	(obj:0)
y(22,49)                                            1 	(obj:0)
y(25,2)                                             1 	(obj:0)
y(25,3)                                             1 	(obj:0)
y(25,6)                                             1 	(obj:0)
y(25,9)                                             1 	(obj:0)
y(25,13)                                            1 	(obj:0)
y(25,15)                                            1 	(obj:0)
y(25,16)                                            1 	(obj:0)
y(25,18)                                            1 	(obj:0)
y(25,19)                                            1 	(obj:0)
y(25,20)                                            1 	(obj:0)
y(25,21)                                            1 	(obj:0)
y(25,22)                                            1 	(obj:0)
y(25,25)                                            1 	(obj:0)
y(25,26)                                            1 	(obj:0)
y(25,27)                                            1 	(obj:0)
y(25,29)                                            1 	(obj:0)
y(25,33)                                            1 	(obj:0)
y(25,35)                                            1 	(obj:0)
y(25,37)                                            1 	(obj:0)
y(25,39)                                            1 	(obj:0)
y(25,41)                                            1 	(obj:0)
y(25,43)                                            1 	(obj:0)
y(25,46)                                            1 	(obj:0)
y(25,47)                                            1 	(obj:0)
y(25,49)                                            1 	(obj:0)
y(26,2)                                             1 	(obj:0)
y(26,3)                                             1 	(obj:0)
y(26,6)                                             1 	(obj:0)
y(26,9)                                             1 	(obj:0)
y(26,13)                                            1 	(obj:0)
y(26,15)                                            1 	(obj:0)
y(26,16)                                            1 	(obj:0)
y(26,18)                                            1 	(obj:0)
y(26,19)                                            1 	(obj:0)
y(26,20)                                            1 	(obj:0)
y(26,21)                                            1 	(obj:0)
y(26,22)                                            1 	(obj:0)
y(26,25)                                            1 	(obj:0)
y(26,26)                                            1 	(obj:0)
y(26,27)                                            1 	(obj:0)
y(26,29)                                            1 	(obj:0)
y(26,33)                                            1 	(obj:0)
y(26,35)                                            1 	(obj:0)
y(26,37)                                            1 	(obj:0)
y(26,39)                                            1 	(obj:0)
y(26,41)                                            1 	(obj:0)
y(26,43)                                            1 	(obj:0)
y(26,46)                                            1 	(obj:0)
y(26,47)                                            1 	(obj:0)
y(26,49)                                            1 	(obj:0)
y(27,2)                                             1 	(obj:0)
y(27,3)                                             1 	(obj:0)
y(27,6)                                             1 	(obj:0)
y(27,9)                                             1 	(obj:0)
y(27,13)                                            1 	(obj:0)
y(27,15)                                            1 	(obj:0)
y(27,16)                                            1 	(obj:0)
y(27,18)                                            1 	(obj:0)
y(27,19)                                            1 	(obj:0)
y(27,20)                                            1 	(obj:0)
y(27,21)                                            1 	(obj:0)
y(27,22)                                            1 	(obj:0)
y(27,25)                                            1 	(obj:0)
y(27,26)                                            1 	(obj:0)
y(27,27)                                            1 	(obj:0)
y(27,29)                                            1 	(obj:0)
y(27,33)                                            1 	(obj:0)
y(27,35)                                            1 	(obj:0)
y(27,37)                                            1 	(obj:0)
y(27,39)                                            1 	(obj:0)
y(27,41)                                            1 	(obj:0)
y(27,43)                                            1 	(obj:0)
y(27,46)                                            1 	(obj:0)
y(27,47)                                            1 	(obj:0)
y(27,49)                                            1 	(obj:0)
y(29,2)                                             1 	(obj:0)
y(29,3)                                             1 	(obj:0)
y(29,6)                                             1 	(obj:0)
y(29,9)                                             1 	(obj:0)
y(29,13)                                            1 	(obj:0)
y(29,15)                                            1 	(obj:0)
y(29,16)                                            1 	(obj:0)
y(29,18)                                            1 	(obj:0)
y(29,19)                                            1 	(obj:0)
y(29,20)                                            1 	(obj:0)
y(29,21)                                            1 	(obj:0)
y(29,22)                                            1 	(obj:0)
y(29,25)                                            1 	(obj:0)
y(29,26)                                            1 	(obj:0)
y(29,27)                                            1 	(obj:0)
y(29,29)                                            1 	(obj:0)
y(29,33)                                            1 	(obj:0)
y(29,35)                                            1 	(obj:0)
y(29,37)                                            1 	(obj:0)
y(29,39)                                            1 	(obj:0)
y(29,41)                                            1 	(obj:0)
y(29,43)                                            1 	(obj:0)
y(29,46)                                            1 	(obj:0)
y(29,47)                                            1 	(obj:0)
y(29,49)                                            1 	(obj:0)
y(33,2)                                             1 	(obj:0)
y(33,3)                                             1 	(obj:0)
y(33,6)                                             1 	(obj:0)
y(33,9)                                             1 	(obj:0)
y(33,13)                                            1 	(obj:0)
y(33,15)                                            1 	(obj:0)
y(33,16)                                            1 	(obj:0)
y(33,18)                                            1 	(obj:0)
y(33,19)                                            1 	(obj:0)
y(33,20)                                            1 	(obj:0)
y(33,21)                                            1 	(obj:0)
y(33,22)                                            1 	(obj:0)
y(33,25)                                            1 	(obj:0)
y(33,26)                                            1 	(obj:0)
y(33,27)                                            1 	(obj:0)
y(33,29)                                            1 	(obj:0)
y(33,33)                                            1 	(obj:0)
y(33,35)                                            1 	(obj:0)
y(33,37)                                            1 	(obj:0)
y(33,39)                                            1 	(obj:0)
y(33,41)                                            1 	(obj:0)
y(33,43)                                            1 	(obj:0)
y(33,46)                                            1 	(obj:0)
y(33,47)                                            1 	(obj:0)
y(33,49)                                            1 	(obj:0)
y(35,2)                                             1 	(obj:0)
y(35,3)                                             1 	(obj:0)
y(35,6)                                             1 	(obj:0)
y(35,9)                                             1 	(obj:0)
y(35,13)                                            1 	(obj:0)
y(35,15)                                            1 	(obj:0)
y(35,16)                                            1 	(obj:0)
y(35,18)                                            1 	(obj:0)
y(35,19)                                            1 	(obj:0)
y(35,20)                                            1 	(obj:0)
y(35,21)                                            1 	(obj:0)
y(35,22)                                            1 	(obj:0)
y(35,25)                                            1 	(obj:0)
y(35,26)                                            1 	(obj:0)
y(35,27)                                            1 	(obj:0)
y(35,29)                                            1 	(obj:0)
y(35,33)                                            1 	(obj:0)
y(35,35)                                            1 	(obj:0)
y(35,37)                                            1 	(obj:0)
y(35,39)                                            1 	(obj:0)
y(35,41)                                            1 	(obj:0)
y(35,43)                                            1 	(obj:0)
y(35,46)                                            1 	(obj:0)
y(35,47)                                            1 	(obj:0)
y(35,49)                                            1 	(obj:0)
y(37,2)                                             1 	(obj:0)
y(37,3)                                             1 	(obj:0)
y(37,6)                                             1 	(obj:0)
y(37,9)                                             1 	(obj:0)
y(37,13)                                            1 	(obj:0)
y(37,15)                                            1 	(obj:0)
y(37,16)                                            1 	(obj:0)
y(37,18)                                            1 	(obj:0)
y(37,19)                                            1 	(obj:0)
y(37,20)                                            1 	(obj:0)
y(37,21)                                            1 	(obj:0)
y(37,22)                                            1 	(obj:0)
y(37,25)                                            1 	(obj:0)
y(37,26)                                            1 	(obj:0)
y(37,27)                                            1 	(obj:0)
y(37,29)                                            1 	(obj:0)
y(37,33)                                            1 	(obj:0)
y(37,35)                                            1 	(obj:0)
y(37,37)                                            1 	(obj:0)
y(37,39)                                            1 	(obj:0)
y(37,41)                                            1 	(obj:0)
y(37,43)                                            1 	(obj:0)
y(37,46)                                            1 	(obj:0)
y(37,47)                                            1 	(obj:0)
y(37,49)                                            1 	(obj:0)
y(39,2)                                             1 	(obj:0)
y(39,3)                                             1 	(obj:0)
y(39,6)                                             1 	(obj:0)
y(39,9)                                             1 	(obj:0)
y(39,13)                                            1 	(obj:0)
y(39,15)                                            1 	(obj:0)
y(39,16)                                            1 	(obj:0)
y(39,18)                                            1 	(obj:0)
y(39,19)                                            1 	(obj:0)
y(39,20)                                            1 	(obj:0)
y(39,21)                                            1 	(obj:0)
y(39,22)                                            1 	(obj:0)
y(39,25)                                            1 	(obj:0)
y(39,26)                                            1 	(obj:0)
y(39,27)                                            1 	(obj:0)
y(39,29)                                            1 	(obj:0)
y(39,33)                                            1 	(obj:0)
y(39,35)                                            1 	(obj:0)
y(39,37)                                            1 	(obj:0)
y(39,39)                                            1 	(obj:0)
y(39,41)                                            1 	(obj:0)
y(39,43)                                            1 	(obj:0)
y(39,46)                                            1 	(obj:0)
y(39,47)                                            1 	(obj:0)
y(39,49)                                            1 	(obj:0)
y(41,2)                                             1 	(obj:0)
y(41,3)                                             1 	(obj:0)
y(41,6)                                             1 	(obj:0)
y(41,9)                                             1 	(obj:0)
y(41,13)                                            1 	(obj:0)
y(41,15)                                            1 	(obj:0)
y(41,16)                                            1 	(obj:0)
y(41,18)                                            1 	(obj:0)
y(41,19)                                            1 	(obj:0)
y(41,20)                                            1 	(obj:0)
y(41,21)                                            1 	(obj:0)
y(41,22)                                            1 	(obj:0)
y(41,25)                                            1 	(obj:0)
y(41,26)                                            1 	(obj:0)
y(41,27)                                            1 	(obj:0)
y(41,29)                                            1 	(obj:0)
y(41,33)                                            1 	(obj:0)
y(41,35)                                            1 	(obj:0)
y(41,37)                                            1 	(obj:0)
y(41,39)                                            1 	(obj:0)
y(41,41)                                            1 	(obj:0)
y(41,43)                                            1 	(obj:0)
y(41,46)                                            1 	(obj:0)
y(41,47)                                            1 	(obj:0)
y(41,49)                                            1 	(obj:0)
y(43,2)                                             1 	(obj:0)
y(43,3)                                             1 	(obj:0)
y(43,6)                                             1 	(obj:0)
y(43,9)                                             1 	(obj:0)
y(43,13)                                            1 	(obj:0)
y(43,15)                                            1 	(obj:0)
y(43,16)                                            1 	(obj:0)
y(43,18)                                            1 	(obj:0)
y(43,19)                                            1 	(obj:0)
y(43,20)                                            1 	(obj:0)
y(43,21)                                            1 	(obj:0)
y(43,22)                                            1 	(obj:0)
y(43,25)                                            1 	(obj:0)
y(43,26)                                            1 	(obj:0)
y(43,27)                                            1 	(obj:0)
y(43,29)                                            1 	(obj:0)
y(43,33)                                            1 	(obj:0)
y(43,35)                                            1 	(obj:0)
y(43,37)                                            1 	(obj:0)
y(43,39)                                            1 	(obj:0)
y(43,41)                                            1 	(obj:0)
y(43,43)                                            1 	(obj:0)
y(43,46)                                            1 	(obj:0)
y(43,47)                                            1 	(obj:0)
y(43,49)                                            1 	(obj:0)
y(46,2)                                             1 	(obj:0)
y(46,3)                                             1 	(obj:0)
y(46,6)                                             1 	(obj:0)
y(46,9)                                             1 	(obj:0)
y(46,13)                                            1 	(obj:0)
y(46,15)                                            1 	(obj:0)
y(46,16)                                            1 	(obj:0)
y(46,18)                                            1 	(obj:0)
y(46,19)                                            1 	(obj:0)
y(46,20)                                            1 	(obj:0)
y(46,21)                                            1 	(obj:0)
y(46,22)                                            1 	(obj:0)
y(46,25)                                            1 	(obj:0)
y(46,26)                                            1 	(obj:0)
y(46,27)                                            1 	(obj:0)
y(46,29)                                            1 	(obj:0)
y(46,33)                                            1 	(obj:0)
y(46,35)                                            1 	(obj:0)
y(46,37)                                            1 	(obj:0)
y(46,39)                                            1 	(obj:0)
y(46,41)                                            1 	(obj:0)
y(46,43)                                            1 	(obj:0)
y(46,46)                                            1 	(obj:0)
y(46,47)                                            1 	(obj:0)
y(46,49)                                            1 	(obj:0)
y(47,2)                                             1 	(obj:0)
y(47,3)                                             1 	(obj:0)
y(47,6)                                             1 	(obj:0)
y(47,9)                                             1 	(obj:0)
y(47,13)                                            1 	(obj:0)
y(47,15)                                            1 	(obj:0)
y(47,16)                                            1 	(obj:0)
y(47,18)                                            1 	(obj:0)
y(47,19)                                            1 	(obj:0)
y(47,20)                                            1 	(obj:0)
y(47,21)                                            1 	(obj:0)
y(47,22)                                            1 	(obj:0)
y(47,25)                                            1 	(obj:0)
y(47,26)                                            1 	(obj:0)
y(47,27)                                            1 	(obj:0)
y(47,29)                                            1 	(obj:0)
y(47,33)                                            1 	(obj:0)
y(47,35)                                            1 	(obj:0)
y(47,37)                                            1 	(obj:0)
y(47,39)                                            1 	(obj:0)
y(47,41)                                            1 	(obj:0)
y(47,43)                                            1 	(obj:0)
y(47,46)                                            1 	(obj:0)
y(47,47)                                            1 	(obj:0)
y(47,49)                                            1 	(obj:0)
y(49,2)                                             1 	(obj:0)
y(49,3)                                             1 	(obj:0)
y(49,6)                                             1 	(obj:0)
y(49,9)                                             1 	(obj:0)
y(49,13)                                            1 	(obj:0)
y(49,15)                                            1 	(obj:0)
y(49,16)                                            1 	(obj:0)
y(49,18)                                            1 	(obj:0)
y(49,19)                                            1 	(obj:0)
y(49,20)                                            1 	(obj:0)
y(49,21)                                            1 	(obj:0)
y(49,22)                                            1 	(obj:0)
y(49,25)                                            1 	(obj:0)
y(49,26)                                            1 	(obj:0)
y(49,27)                                            1 	(obj:0)
y(49,29)                                            1 	(obj:0)
y(49,33)                                            1 	(obj:0)
y(49,35)                                            1 	(obj:0)
y(49,37)                                            1 	(obj:0)
y(49,39)                                            1 	(obj:0)
y(49,41)                                            1 	(obj:0)
y(49,43)                                            1 	(obj:0)
y(49,46)                                            1 	(obj:0)
y(49,47)                                            1 	(obj:0)
y(49,49)                                            1 	(obj:0)
x(2)                                                1 	(obj:-0.00318498968812528)
x(3)                                                1 	(obj:-0.00494766259346168)
x(6)                                                1 	(obj:-0.00523546498164395)
x(9)                                                1 	(obj:-0.00207188864718205)
x(13)                                               1 	(obj:-0.00301347196600184)
x(15)                                               1 	(obj:-0.00604299652542468)
x(16)                                               1 	(obj:-0.00493561081293127)
x(18)                                               1 	(obj:-0.000646923625153889)
x(19)                                               1 	(obj:-0.00105809433569392)
x(20)                                               1 	(obj:-0.00542962052481039)
x(21)                                               1 	(obj:-0.000508340104007876)
x(22)                                               1 	(obj:-0.000733997046552493)
x(25)                                               1 	(obj:-0.000775529479640946)
x(26)                                               1 	(obj:-0.00251806398287128)
x(27)                                               1 	(obj:-0.00601919752801867)
x(29)                                               1 	(obj:-0.00164504682190324)
x(33)                                               1 	(obj:-0.00356445486813727)
x(35)                                               1 	(obj:-0.00044229367485123)
x(37)                                               1 	(obj:-0.000691767347939454)
x(39)                                               1 	(obj:-0.0085148200352945)
x(41)                                               1 	(obj:-0.00416586113952971)
x(43)                                               1 	(obj:-0.00291777644640531)
x(46)                                               1 	(obj:-0.00137051807891899)
x(47)                                               1 	(obj:-0.00385026711117394)
x(49)                                               1 	(obj:-0.000326667868598091)

Statistics
==========

SCIP Status        : problem is solved [optimal solution found]
Total Time         :       0.00
  solving          :       0.00
  presolving       :       0.00 (included in solving)
  reading          :       0.00
  copying          :       0.00 (0 times copied the problem)
Original Problem   :
  Problem name     : C:\Users\Claubit\Documents\GitHub\embedding\src\lp\scenario2_B0.5_classical\IPL_linearized_N50q0.00B25.lp
  Variables        : 2550 (0 binary, 2550 integer, 0 implicit integer, 0 continuous)
  Constraints      : 7501 initial, 7501 maximal
  Objective        : minimize, 50 non-zeros (abs.min = 7.88892e-05, abs.max = 0.00851482)
Presolved Problem  :
  Problem name     : t_C:\Users\Claubit\Documents\GitHub\embedding\src\lp\scenario2_B0.5_classical\IPL_linearized_N50q0.00B25.lp
  Variables        : 1275 (1275 binary, 0 integer, 0 implicit integer, 0 continuous)
  Constraints      : 1226 initial, 1239 maximal
  Objective        : minimize, 50 non-zeros (abs.min = 7.88892e-05, abs.max = 0.00851482)
  Nonzeros         : 3725 constraint, 4900 clique table
Presolvers         :   ExecTime  SetupTime  Calls  FixedVars   AggrVars   ChgTypes  ChgBounds   AddHoles    DelCons    AddCons   ChgSides   ChgCoefs
  boundshift       :       0.00       0.00      0          0          0          0          0          0          0          0          0          0
  convertinttobin  :       0.00       0.00      0          0          0          0          0          0          0          0          0          0
  domcol           :       0.00       0.00      1          0          0          0          0          0          0          0          0          0
  dualagg          :       0.00       0.00      0          0          0          0          0          0          0          0          0          0
  dualcomp         :       0.00       0.00      0          0          0          0          0          0          0          0          0          0
  dualinfer        :       0.00       0.00      0          0          0          0          0          0          0          0          0          0
  dualsparsify     :       0.00       0.00      1          0          0          0          0          0          0          0          0          0
  gateextraction   :       0.00       0.00      1          0          0          0          0          0       7350       2450          0          0
  implics          :       0.00       0.00      4          0          0          0          0          0          0          0          0          0
  inttobinary      :       0.00       0.00      0          0          0          0          0          0          0          0          0          0
  milp             :       0.00       0.00      1          0          0          0          0          0          0          0          0          0
  qpkktref         :       0.00       0.00      0          0          0          0          0          0          0          0          0          0
  redvub           :       0.00       0.00      0          0          0          0          0          0          0          0          0          0
  sparsify         :       0.00       0.00      1          0          0          0          0          0          0          0          0          0
  stuffing         :       0.00       0.00      0          0          0          0          0          0          0          0          0          0
  trivial          :       0.00       0.00      6          0          0          0          0          0          0          0          0          0
  tworowbnd        :       0.00       0.00      0          0          0          0          0          0          0          0          0          0
  dualfix          :       0.00       0.00      6          0          0          0          0          0          0          0          0          0
  genvbounds       :       0.00       0.00      0          0          0          0          0          0          0          0          0          0
  probing          :       0.00       0.00      1          0          0          0          0          0          0          0          0          0
  pseudoobj        :       0.00       0.00      0          0          0          0          0          0          0          0          0          0
  symmetry         :       0.00       0.00      1          0          0          0          0          0          0          0          0          0
  vbounds          :       0.00       0.00      1          0          0          0          0          0          0          0          0          0
  setppc           :       0.00       0.00      2          0          0          0          0          0          0          0          0          0
  and              :       0.00       0.00      4          0       1225          0          0          0       1225          0          0          0
  linear           :       0.00       0.00      8          0         50          0          0          0        150          0         50         50
  logicor          :       0.00       0.00      2          0          0          0          0          0          0          0          0          0
  benders          :       0.00       0.00      0          0          0          0          0          0          0          0          0          0
  components       :       0.00       0.00      1          0          0          0          0          0          0          0          0          0
  root node        :          -          -      -        124          -          -        124          -          -          -          -          -
Constraints        :     Number  MaxNumber  #Separate #Propagate    #EnfoLP    #EnfoRelax  #EnfoPS    #Check   #ResProp    Cutoffs    DomReds       Cuts    Applied      Conss   Children
  benderslp        :          0          0          0          0          0          0          0         11          0          0          0          0          0          0          0
  integral         :          0          0          0          0          0          0          0         11          0          0          0          0          0          0          0
  setppc           :          0+        68          0          1          0          0          0          1          0          0          0          0          0          0          0
  and              :       1225       1225          0        524          0          0          0          7        102          0         31          0          0          0          0
  linear           :          1+         2          0        520          0          0          0          6         66         15          0          0          0          0          0
  logicor          :          0+        12          0         19          0          0          0          0          0          0          0          0          0          0          0
  benders          :          0          0          0          0          0          0          0          5          0          0          0          0          0          0          0
  countsols        :          0          0          0          0          0          0          0          5          0          0          0          0          0          0          0
  components       :          0          0          0          0          0          0          0          0          0          0          0          0          0          0          0
Constraint Timings :  TotalTime  SetupTime   Separate  Propagate     EnfoLP     EnfoPS     EnfoRelax   Check    ResProp    SB-Prop
  benderslp        :       0.00       0.00       0.00       0.00       0.00       0.00       0.00       0.00       0.00       0.00
  integral         :       0.00       0.00       0.00       0.00       0.00       0.00       0.00       0.00       0.00       0.00
  setppc           :       0.00       0.00       0.00       0.00       0.00       0.00       0.00       0.00       0.00       0.00
  and              :       0.00       0.00       0.00       0.00       0.00       0.00       0.00       0.00       0.00       0.00
  linear           :       0.00       0.00       0.00       0.00       0.00       0.00       0.00       0.00       0.00       0.00
  logicor          :       0.00       0.00       0.00       0.00       0.00       0.00       0.00       0.00       0.00       0.00
  benders          :       0.00       0.00       0.00       0.00       0.00       0.00       0.00       0.00       0.00       0.00
  countsols        :       0.00       0.00       0.00       0.00       0.00       0.00       0.00       0.00       0.00       0.00
  components       :       0.00       0.00       0.00       0.00       0.00       0.00       0.00       0.00       0.00       0.00
Propagators        : #Propagate   #ResProp    Cutoffs    DomReds
  dualfix          :          3          0          0          0
  genvbounds       :          0          0          0          0
  nlobbt           :          0          0          0          0
  obbt             :          0          0          0          0
  probing          :          0          0          0          0
  pseudoobj        :          3          0          0         93
  redcost          :          0          0          0          0
  rootredcost      :          0          0          0          0
  symmetry         :          0          0          0          0
  vbounds          :        424          0          0          0
Propagator Timings :  TotalTime  SetupTime   Presolve  Propagate    ResProp    SB-Prop
  dualfix          :       0.00       0.00       0.00       0.00       0.00       0.00
  genvbounds       :       0.00       0.00       0.00       0.00       0.00       0.00
  nlobbt           :       0.00       0.00       0.00       0.00       0.00       0.00
  obbt             :       0.00       0.00       0.00       0.00       0.00       0.00
  probing          :       0.00       0.00       0.00       0.00       0.00       0.00
  pseudoobj        :       0.00       0.00       0.00       0.00       0.00       0.00
  redcost          :       0.00       0.00       0.00       0.00       0.00       0.00
  rootredcost      :       0.00       0.00       0.00       0.00       0.00       0.00
  symmetry         :       0.00       0.00       0.00       0.00       0.00       0.00
  vbounds          :       0.00       0.00       0.00       0.00       0.00       0.00
Conflict Analysis  :       Time      Calls    Success    DomReds  Conflicts   Literals    Reconvs ReconvLits   Dualrays   Nonzeros   LP Iters   (pool size: [10000,10000])
  propagation      :       0.00         10         10          -         15       25.1          0        0.0          -          -          -
  infeasible LP    :       0.00          0          0          -          0        0.0          0        0.0          0        0.0          0
  bound exceed. LP :       0.00          1          1          -          0        0.0          0        0.0          1       50.0         10
  strong branching :       0.00          0          0          -          0        0.0          0        0.0          -          -          0
  pseudo solution  :       0.00          0          0          -          0        0.0          0        0.0          -          -          -
  applied globally :       0.00          -          -          0         12       24.7          -          -          1          -          -
  applied locally  :          -          -          -          0          0        0.0          -          -          0          -          -
Separators         :   ExecTime  SetupTime      Calls    Cutoffs    DomReds       Cuts    Applied      Conss
  cut pool         :       0.00                     0          -          -          0          -          -    (maximal pool size: 0)
  aggregation      :       0.00       0.00          0          0          0          0          0          0
  cgmip            :       0.00       0.00          0          0          0          0          0          0
  clique           :       0.00       0.00          0          0          0          0          0          0
  closecuts        :       0.00       0.00          0          0          0          0          0          0
  cmir             :       0.00       0.00          0          0          0          0          0          0
  convexproj       :       0.00       0.00          0          0          0          0          0          0
  disjunctive      :       0.00       0.00          0          0          0          0          0          0
  eccuts           :       0.00       0.00          0          0          0          0          0          0
  flowcover        :       0.00       0.00          0          0          0          0          0          0
  gauge            :       0.00       0.00          0          0          0          0          0          0
  gomory           :       0.00       0.00          0          0          0          0          0          0
  impliedbounds    :       0.00       0.00          0          0          0          0          0          0
  intobj           :       0.00       0.00          0          0          0          0          0          0
  mcf              :       0.00       0.00          0          0          0          0          0          0
  oddcycle         :       0.00       0.00          0          0          0          0          0          0
  rapidlearning    :       0.00       0.00          0          0          0          0          0          0
  strongcg         :       0.00       0.00          0          0          0          0          0          0
  zerohalf         :       0.00       0.00          0          0          0          0          0          0
Pricers            :   ExecTime  SetupTime      Calls       Vars
  problem variables:       0.00          -          0          0
Branching Rules    :   ExecTime  SetupTime   BranchLP  BranchExt   BranchPS    Cutoffs    DomReds       Cuts      Conss   Children
  allfullstrong    :       0.00       0.00          0          0          0          0          0          0          0          0
  cloud            :       0.00       0.00          0          0          0          0          0          0          0          0
  distribution     :       0.00       0.00          0          0          0          0          0          0          0          0
  fullstrong       :       0.00       0.00          0          0          0          0          0          0          0          0
  inference        :       0.00       0.00          0          0          0          0          0          0          0          0
  leastinf         :       0.00       0.00          0          0          0          0          0          0          0          0
  lookahead        :       0.00       0.00          0          0          0          0          0          0          0          0
  mostinf          :       0.00       0.00          0          0          0          0          0          0          0          0
  multaggr         :       0.00       0.00          0          0          0          0          0          0          0          0
  nodereopt        :       0.00       0.00          0          0          0          0          0          0          0          0
  pscost           :       0.00       0.00          0          0          0          0          0          0          0          0
  random           :       0.00       0.00          0          0          0          0          0          0          0          0
  relpscost        :       0.00       0.00          0          0          0          0          0          0          0          0
  vanillafullstrong:       0.00       0.00          0          0          0          0          0          0          0          0
Primal Heuristics  :   ExecTime  SetupTime      Calls      Found       Best
  LP solutions     :       0.00          -          -          1          1
  relax solutions  :       0.00          -          -          0          0
  pseudo solutions :       0.00          -          -          0          0
  strong branching :       0.00          -          -          0          0
  actconsdiving    :       0.00       0.00          0          0          0
  adaptivediving   :       0.00       0.00          0          0          0
  alns             :       0.00       0.00          0          0          0
  bound            :       0.00       0.00          0          0          0
  clique           :       0.00       0.00          1          1          1
  coefdiving       :       0.00       0.00          0          0          0
  completesol      :       0.00       0.00          0          0          0
  conflictdiving   :       0.00       0.00          0          0          0
  crossover        :       0.00       0.00          0          0          0
  dins             :       0.00       0.00          0          0          0
  distributiondivin:       0.00       0.00          0          0          0
  dualval          :       0.00       0.00          0          0          0
  farkasdiving     :       0.00       0.00          0          0          0
  feaspump         :       0.00       0.00          0          0          0
  fixandinfer      :       0.00       0.00          0          0          0
  fracdiving       :       0.00       0.00          0          0          0
  gins             :       0.00       0.00          0          0          0
  guideddiving     :       0.00       0.00          0          0          0
  indicator        :       0.00       0.00          0          0          0
  intdiving        :       0.00       0.00          0          0          0
  intshifting      :       0.00       0.00          0          0          0
  linesearchdiving :       0.00       0.00          0          0          0
  localbranching   :       0.00       0.00          0          0          0
  locks            :       0.00       0.00          1          0          0
  lpface           :       0.00       0.00          0          0          0
  mpec             :       0.00       0.00          0          0          0
  multistart       :       0.00       0.00          0          0          0
  mutation         :       0.00       0.00          0          0          0
  nlpdiving        :       0.00       0.00          0          0          0
  objpscostdiving  :       0.00       0.00          0          0          0
  octane           :       0.00       0.00          0          0          0
  ofins            :       0.00       0.00          0          0          0
  oneopt           :       0.00       0.00          1          0          0
  padm             :       0.00       0.00          0          0          0
  proximity        :       0.00       0.00          0          0          0
  pscostdiving     :       0.00       0.00          0          0          0
  randrounding     :       0.00       0.00          0          0          0
  rens             :       0.00       0.00          0          0          0
  reoptsols        :       0.00       0.00          0          0          0
  repair           :       0.00       0.00          0          0          0
  rins             :       0.00       0.00          0          0          0
  rootsoldiving    :       0.00       0.00          0          0          0
  rounding         :       0.00       0.00          0          0          0
  shiftandpropagate:       0.00       0.00          0          0          0
  shifting         :       0.00       0.00          0          0          0
  simplerounding   :       0.00       0.00          0          0          0
  subnlp           :       0.00       0.00          0          0          0
  trivial          :       0.00       0.00          2          0          0
  trivialnegation  :       0.00       0.00          0          0          0
  trustregion      :       0.00       0.00          0          0          0
  trysol           :       0.00       0.00          0          0          0
  twoopt           :       0.00       0.00          0          0          0
  undercover       :       0.00       0.00          0          0          0
  vbounds          :       0.00       0.00          1          2          2
  veclendiving     :       0.00       0.00          0          0          0
  zeroobj          :       0.00       0.00          0          0          0
  zirounding       :       0.00       0.00          0          0          0
  other solutions  :          -          -          -          0          -
Diving (single)    :      Calls      Nodes   LP Iters Backtracks  Conflicts   MinDepth   MaxDepth   AvgDepth  RoundSols  NLeafSols  MinSolDpt  MaxSolDpt  AvgSolDpt
  actconsdiving    :          0          -          -          -          -          -          -          -          -          -          -          -          -
  coefdiving       :          0          -          -          -          -          -          -          -          -          -          -          -          -
  conflictdiving   :          0          -          -          -          -          -          -          -          -          -          -          -          -
  distributiondivin:          0          -          -          -          -          -          -          -          -          -          -          -          -
  farkasdiving     :          0          -          -          -          -          -          -          -          -          -          -          -          -
  fracdiving       :          0          -          -          -          -          -          -          -          -          -          -          -          -
  guideddiving     :          0          -          -          -          -          -          -          -          -          -          -          -          -
  linesearchdiving :          0          -          -          -          -          -          -          -          -          -          -          -          -
  pscostdiving     :          0          -          -          -          -          -          -          -          -          -          -          -          -
  veclendiving     :          0          -          -          -          -          -          -          -          -          -          -          -          -
Diving (adaptive)  :      Calls      Nodes   LP Iters Backtracks  Conflicts   MinDepth   MaxDepth   AvgDepth  RoundSols  NLeafSols  MinSolDpt  MaxSolDpt  AvgSolDpt
  actconsdiving    :          0          -          -          -          -          -          -          -          -          -          -          -          -
  coefdiving       :          0          -          -          -          -          -          -          -          -          -          -          -          -
  conflictdiving   :          0          -          -          -          -          -          -          -          -          -          -          -          -
  distributiondivin:          0          -          -          -          -          -          -          -          -          -          -          -          -
  farkasdiving     :          0          -          -          -          -          -          -          -          -          -          -          -          -
  fracdiving       :          0          -          -          -          -          -          -          -          -          -          -          -          -
  guideddiving     :          0          -          -          -          -          -          -          -          -          -          -          -          -
  linesearchdiving :          0          -          -          -          -          -          -          -          -          -          -          -          -
  pscostdiving     :          0          -          -          -          -          -          -          -          -          -          -          -          -
  veclendiving     :          0          -          -          -          -          -          -          -          -          -          -          -          -
Neighborhoods      :      Calls  SetupTime  SolveTime SolveNodes       Sols       Best       Exp3  EpsGreedy        UCB TgtFixRate  Opt  Inf Node Stal  Sol  Usr Othr Actv
  rens             :          0       0.00       0.00          0          0          0    0.00000   -1.00000    1.00000      0.900    0    0    0    0    0    0    0    1
  rins             :          0       0.00       0.00          0          0          0    0.00000   -1.00000    1.00000      0.900    0    0    0    0    0    0    0    1
  mutation         :          0       0.00       0.00          0          0          0    0.00000   -1.00000    1.00000      0.900    0    0    0    0    0    0    0    1
  localbranching   :          0       0.00       0.00          0          0          0    0.00000   -1.00000    1.00000      0.900    0    0    0    0    0    0    0    1
  crossover        :          0       0.00       0.00          0          0          0    0.00000   -1.00000    1.00000      0.900    0    0    0    0    0    0    0    1
  proximity        :          0       0.00       0.00          0          0          0    0.00000   -1.00000    1.00000      0.900    0    0    0    0    0    0    0    1
  zeroobjective    :          0       0.00       0.00          0          0          0    0.00000   -1.00000    1.00000      0.900    0    0    0    0    0    0    0    1
  dins             :          0       0.00       0.00          0          0          0    0.00000   -1.00000    1.00000      0.900    0    0    0    0    0    0    0    1
  trustregion      :          0       0.00       0.00          0          0          0    0.00000   -1.00000    1.00000      0.900    0    0    0    0    0    0    0    0
LP                 :       Time      Calls Iterations  Iter/call   Iter/sec  Time-0-It Calls-0-It    ItLimit
  primal LP        :       0.00          0          0       0.00          -       0.00          0
  dual LP          :       0.00          1        325     325.00          -       0.00          0
  lex dual LP      :       0.00          0          0       0.00          -
  barrier LP       :       0.00          0          0       0.00          -       0.00          0
  resolve instable :       0.00          0          0       0.00          -
  diving/probing LP:       0.00          0          0       0.00          -
  strong branching :       0.00          0          0       0.00          -          -          -          0
    (at root node) :          -          0          0       0.00          -
  conflict analysis:       0.00          1         10      10.00          -
B&B Tree           :
  number of runs   :          1
  nodes            :          1 (0 internal, 1 leaves)
  feasible leaves  :          0
  infeas. leaves   :          0
  objective leaves :          0
  nodes (total)    :          1 (0 internal, 1 leaves)
  nodes left       :          0
  max depth        :          0
  max depth (total):          0
  backtracks       :          0 (0.0%)
  early backtracks :          0 (0.0%)
  nodes exc. ref.  :          0 (0.0%)
  delayed cutoffs  :          0
  repropagations   :          0 (0 domain reductions, 0 cutoffs)
  avg switch length:       2.00
  switching time   :       0.00
Estim. Tree Size   :          1
Estimation Tree    : 1 nodes (1 visited, 0 internal, 1 leaves, 0 open), weight: 1.0000 completed 1.0000
Estimations        :      estim      value      trend resolution     smooth
  wbe              :          1          -          -          -          -
  tree-profile     :         -1          -          -          -          -
  gap              :          1    1.00000    1.00000          1          1
  tree-weight      :          1    1.00000    1.00000          1          1
  leaf-frequency   :          1    0.50000    1.00000          1          1
  ssg              :          1    0.00000   -1.00000          1          1
  open-nodes       :          1    0.00000    0.00000          1          1
Root Node          :
  First LP value   : -7.46113252342719e-02
  First LP Iters   :        325
  First LP Time    :       0.00
  Final Dual Bound : -7.46113252342719e-02
  Final Root Iters :        325
  Root LP Estimate :                     -
Solution           :
  Solutions found  :          4 (4 improvements)
  First Solution   : -5.07107584324050e-02   (in run 1, after 1 nodes, 0.00 seconds, depth 28, found by <clique>)
  Gap First Sol.   :      48.28 %
  Gap Last Sol.    :       0.00 %
  Primal Bound     : -7.46113252342719e-02   (in run 1, after 1 nodes, 0.00 seconds, depth 0, found by <relaxation>)
  Dual Bound       : -7.46113252342719e-02
  Gap              :       0.00 %
Integrals          :      Total       Avg%
  primal-dual      :       0.00       0.00
  primal-ref       :       0.00       0.00
  dual-ref         :       0.00       0.00
