SCIP version 7.0.2 [precision: 8 byte] [memory: block] [mode: optimized] [LP solver: SoPlex 5.0.2] [GitHash: e9d280a398]
Copyright (C) 2002-2020 Konrad-Zuse-Zentrum fuer Informationstechnik Berlin (ZIB)

External codes: 
  SoPlex 5.0.2         Linear Programming Solver developed at Zuse Institute Berlin (soplex.zib.de) [GitHash: e24c304e]
  CppAD 20180000.0     Algorithmic Differentiation of C++ algorithms developed by B. Bell (www.coin-or.org/CppAD)
  MPIR 3.0.0           Multiple Precision Integers and Rationals Library developed by W. Hart (mpir.org)
  ZIMPL 3.4.0          Zuse Institute Mathematical Programming Language developed by T. Koch (zimpl.zib.de)
  PaPILO 1.0.2         parallel presolve for integer and linear optimization (https://github.com/lgottwald/PaPILO) [GitHash: 62d2842]
  bliss 0.73p          Computing Graph Automorphism Groups by T. Junttila and P. Kaski (http://www.tcs.hut.fi/Software/bliss/)
  Ipopt 3.12.9         Interior Point Optimizer developed by A. Waechter et.al. (www.coin-or.org/Ipopt)

user parameter file <scip.set> not found - using default parameters

read problem <C:\Users\Claubit\Documents\GitHub\embedding\src\lp\scenario2_B0.5_classical\IPL_linearized_N50q0.30B25.lp>
============

original problem has 2550 variables (0 bin, 2550 int, 0 impl, 0 cont) and 7501 constraints

solve problem
=============

presolving:
(round 1, fast)       50 del vars, 50 del conss, 0 add conss, 0 chg bounds, 50 chg sides, 50 chg coeffs, 0 upgd conss, 0 impls, 4900 clqs
(round 2, fast)       50 del vars, 150 del conss, 0 add conss, 0 chg bounds, 50 chg sides, 50 chg coeffs, 0 upgd conss, 0 impls, 4900 clqs
   (0.0s) running MILP presolver
   (0.0s) MILP presolver found nothing
(round 3, exhaustive) 50 del vars, 150 del conss, 0 add conss, 0 chg bounds, 50 chg sides, 50 chg coeffs, 7350 upgd conss, 0 impls, 4900 clqs
(round 4, exhaustive) 50 del vars, 7500 del conss, 2450 add conss, 0 chg bounds, 50 chg sides, 50 chg coeffs, 7350 upgd conss, 0 impls, 4900 clqs
(round 5, exhaustive) 1275 del vars, 8725 del conss, 2450 add conss, 0 chg bounds, 50 chg sides, 50 chg coeffs, 7350 upgd conss, 0 impls, 2450 clqs
   (1.0s) probing: 51/1275 (4.0%) - 0 fixings, 0 aggregations, 0 implications, 0 bound changes
   (1.0s) probing aborted: 50/50 successive totally useless probings
   (1.0s) symmetry computation started: requiring (bin +, int -, cont +), (fixed: bin -, int +, cont -)
   (1.0s) no symmetry present
presolving (6 rounds: 6 fast, 4 medium, 4 exhaustive):
 1275 deleted vars, 8725 deleted constraints, 2450 added constraints, 0 tightened bounds, 0 added holes, 50 changed sides, 50 changed coefficients
 0 implications, 2450 cliques
presolved problem has 1275 variables (1275 bin, 0 int, 0 impl, 0 cont) and 1226 constraints
   1225 constraints of type <and>
      1 constraints of type <linear>
Presolving Time: 1.00

 time | node  | left  |LP iter|LP it/n|mem/heur|mdpt |vars |cons |rows |cuts |sepa|confs|strbr|  dualbound   | primalbound  |  gap   | compl. 
p 1.0s|     1 |     0 |     0 |     - |  clique|   0 |1275 |1226 |2451 |   0 |  0 |   0 |   0 |-7.798087e-02 |-2.862412e-02 | 172.43%| unknown
p 1.0s|     1 |     0 |     0 |     - | vbounds|   0 |1275 |1226 |2451 |   0 |  0 |   0 |   0 |-7.798087e-02 |-4.537373e-02 |  71.86%| unknown
p 1.0s|     1 |     0 |     0 |     - | vbounds|   0 |1275 |1226 |2451 |   0 |  0 |   0 |   0 |-7.798087e-02 |-4.654724e-02 |  67.53%| unknown
  1.0s|     1 |     0 |   627 |     - |    31M |   0 |1275 |1226 |2451 |   0 |  0 |   0 |   0 |-5.544431e-02 |-4.654724e-02 |  19.11%| unknown
r 1.0s|     1 |     0 |   627 |     - |shifting|   0 |1275 |1226 |2448 |   0 |  0 |   0 |   0 |-5.544431e-02 |-4.934612e-02 |  12.36%| unknown
L 1.0s|     1 |     0 |   627 |     - |undercov|   0 |1275 |1226 |2448 |   0 |  0 |   0 |   0 |-5.544431e-02 |-5.323587e-02 |   4.15%| unknown
  1.0s|     1 |     0 |   627 |     - |    31M |   0 |1275 |1226 |2448 |   0 |  0 |   0 |   0 |-5.544431e-02 |-5.323587e-02 |   4.15%| unknown
  1.0s|     1 |     0 |   627 |     - |    31M |   0 |1275 |1226 |1816 |   0 |  0 |   0 |   0 |-5.544431e-02 |-5.323587e-02 |   4.15%| unknown
  1.0s|     1 |     0 |   786 |     - |    32M |   0 |1275 |1226 |1840 |  76 |  1 |   0 |   0 |-5.328201e-02 |-5.323587e-02 |   0.09%| unknown
r 1.0s|     1 |     0 |   786 |     - |randroun|   0 |1275 |1226 |1134 |   0 |  1 |   0 |   0 |-5.328201e-02 |-5.326606e-02 |   0.03%| unknown
  1.0s|     1 |     0 |   786 |     - |    32M |   0 |1275 |1226 |1134 |  76 |  1 |   0 |   0 |-5.328201e-02 |-5.326606e-02 |   0.03%| unknown
  1.0s|     1 |     0 |   786 |     - |    32M |   0 |1275 |1226 |1088 |  76 |  1 |   0 |   0 |-5.328201e-02 |-5.326606e-02 |   0.03%| unknown
  1.0s|     1 |     0 |   788 |     - |    32M |   0 |1275 |1226 |1019 |  80 |  2 |   0 |   0 |-5.326606e-02 |-5.326606e-02 |   0.00%| unknown
  1.0s|     1 |     0 |   788 |     - |    32M |   0 |1275 |1226 |1019 |  80 |  2 |   0 |   0 |-5.326606e-02 |-5.326606e-02 |   0.00%| unknown

SCIP Status        : problem is solved [optimal solution found]
Solving Time (sec) : 1.00
Solving Nodes      : 1
Primal Bound       : -5.32660621180620e-02 (7 solutions)
Dual Bound         : -5.32660621180620e-02
Gap                : 0.00 %

primal solution (original space):
=================================

objective value:                   -0.053266062118062
y(2,2)                                              1 	(obj:0.000434163286421253)
y(2,3)                                              1 	(obj:0.00012020068543382)
y(2,6)                                              1 	(obj:9.14175787437767e-05)
y(2,9)                                              1 	(obj:3.48224419256582e-05)
y(2,13)                                             1 	(obj:5.46795498801495e-05)
y(2,15)                                             1 	(obj:1.39859425265042e-05)
y(2,16)                                             1 	(obj:2.0878852313837e-06)
y(2,19)                                             1 	(obj:0.000119471572501216)
y(2,20)                                             1 	(obj:5.02267336955199e-05)
y(2,21)                                             1 	(obj:2.75316105277753e-05)
y(2,22)                                             1 	(obj:1.89286675400605e-05)
y(2,26)                                             1 	(obj:6.53281079871572e-05)
y(2,27)                                             1 	(obj:5.91871340643045e-05)
y(2,28)                                             1 	(obj:-1.11006303197974e-05)
y(2,29)                                             1 	(obj:3.78117787582746e-05)
y(2,33)                                             1 	(obj:3.08162634889696e-05)
y(2,35)                                             1 	(obj:-2.73596068372368e-05)
y(2,36)                                             1 	(obj:-2.10055863370978e-06)
y(2,37)                                             1 	(obj:7.16547848613873e-05)
y(2,39)                                             1 	(obj:1.82152027601442e-05)
y(2,41)                                             1 	(obj:8.06903912020629e-05)
y(2,43)                                             1 	(obj:2.42752646788918e-05)
y(2,46)                                             1 	(obj:4.17724877752409e-05)
y(2,47)                                             1 	(obj:1.46328447687078e-05)
y(2,49)                                             1 	(obj:0.000107199463126804)
y(3,2)                                              1 	(obj:0.00012020068543382)
y(3,3)                                              1 	(obj:0.000111860347416532)
y(3,6)                                              1 	(obj:6.90762188011726e-05)
y(3,9)                                              1 	(obj:1.01963692018127e-05)
y(3,13)                                             1 	(obj:3.30299161097941e-05)
y(3,15)                                             1 	(obj:3.12156788493707e-05)
y(3,16)                                             1 	(obj:3.29248554968382e-05)
y(3,19)                                             1 	(obj:7.60293951478084e-05)
y(3,20)                                             1 	(obj:6.55971635205687e-05)
y(3,21)                                             1 	(obj:3.88100728922768e-05)
y(3,22)                                             1 	(obj:3.45976860255353e-05)
y(3,26)                                             1 	(obj:4.90905335301319e-05)
y(3,27)                                             1 	(obj:5.85073311903437e-05)
y(3,28)                                             1 	(obj:3.61053276083627e-07)
y(3,29)                                             1 	(obj:-1.7466878888939e-05)
y(3,33)                                             1 	(obj:2.15267189803144e-05)
y(3,35)                                             1 	(obj:-4.40098964313689e-05)
y(3,36)                                             1 	(obj:-1.42524401451732e-05)
y(3,37)                                             1 	(obj:5.9476204664972e-06)
y(3,39)                                             1 	(obj:6.08801361534855e-05)
y(3,41)                                             1 	(obj:5.68896900157347e-05)
y(3,43)                                             1 	(obj:3.90569254986426e-05)
y(3,46)                                             1 	(obj:7.60669842822279e-06)
y(3,47)                                             1 	(obj:5.26253386554e-05)
y(3,49)                                             1 	(obj:4.990882664848e-05)
y(6,2)                                              1 	(obj:9.14175787437767e-05)
y(6,3)                                              1 	(obj:6.90762188011726e-05)
y(6,6)                                              1 	(obj:8.20025848841178e-05)
y(6,9)                                              1 	(obj:2.97508239179535e-05)
y(6,13)                                             1 	(obj:3.52461566551903e-05)
y(6,15)                                             1 	(obj:2.70240140943094e-05)
y(6,16)                                             1 	(obj:2.94150451472774e-05)
y(6,19)                                             1 	(obj:5.1515388669994e-05)
y(6,20)                                             1 	(obj:5.26269565013505e-05)
y(6,21)                                             1 	(obj:3.44946452716492e-05)
y(6,22)                                             1 	(obj:2.45215345387865e-05)
y(6,26)                                             1 	(obj:3.36382306842845e-05)
y(6,27)                                             1 	(obj:4.1128929504355e-05)
y(6,28)                                             1 	(obj:2.31752271781936e-05)
y(6,29)                                             1 	(obj:3.96599452194974e-05)
y(6,33)                                             1 	(obj:2.51991314789689e-05)
y(6,35)                                             1 	(obj:-1.14663343003261e-05)
y(6,36)                                             1 	(obj:1.05432056249573e-05)
y(6,37)                                             1 	(obj:3.37688245357283e-05)
y(6,39)                                             1 	(obj:3.051649059684e-05)
y(6,41)                                             1 	(obj:4.41704863186804e-05)
y(6,43)                                             1 	(obj:4.11322003126018e-05)
y(6,46)                                             1 	(obj:2.75834088777863e-05)
y(6,47)                                             1 	(obj:2.85086675365615e-05)
y(6,49)                                             1 	(obj:4.32088981603653e-05)
y(9,2)                                              1 	(obj:3.48224419256582e-05)
y(9,3)                                              1 	(obj:1.01963692018127e-05)
y(9,6)                                              1 	(obj:2.97508239179535e-05)
y(9,9)                                              1 	(obj:7.96935818106045e-05)
y(9,13)                                             1 	(obj:3.70847912627029e-05)
y(9,15)                                             1 	(obj:2.10339001517252e-05)
y(9,16)                                             1 	(obj:3.26290367214587e-06)
y(9,19)                                             1 	(obj:3.96266422386714e-05)
y(9,20)                                             1 	(obj:2.44282093116915e-05)
y(9,21)                                             1 	(obj:2.82402605855363e-05)
y(9,22)                                             1 	(obj:2.48946098229972e-05)
y(9,26)                                             1 	(obj:2.68877582488216e-05)
y(9,27)                                             1 	(obj:1.9535528736396e-05)
y(9,28)                                             1 	(obj:3.39372659900035e-06)
y(9,29)                                             1 	(obj:0.000122994380441484)
y(9,33)                                             1 	(obj:2.37866790596086e-05)
y(9,35)                                             1 	(obj:4.22923254422361e-05)
y(9,36)                                             1 	(obj:4.65533923799822e-05)
y(9,37)                                             1 	(obj:5.33291707509281e-05)
y(9,39)                                             1 	(obj:9.45039513169612e-06)
y(9,41)                                             1 	(obj:2.83708533118893e-05)
y(9,43)                                             1 	(obj:3.66812198870682e-05)
y(9,46)                                             1 	(obj:2.14453840836562e-05)
y(9,47)                                             1 	(obj:3.29614597912245e-06)
y(9,49)                                             1 	(obj:3.06224907331213e-05)
y(13,2)                                             1 	(obj:5.46795498801495e-05)
y(13,3)                                             1 	(obj:3.30299161097941e-05)
y(13,6)                                             1 	(obj:3.52461566551903e-05)
y(13,9)                                             1 	(obj:3.70847912627029e-05)
y(13,13)                                            1 	(obj:7.52271499949853e-05)
y(13,15)                                            1 	(obj:3.12385871305081e-05)
y(13,16)                                            1 	(obj:2.73559051582768e-05)
y(13,19)                                            1 	(obj:3.08584059270533e-05)
y(13,20)                                            1 	(obj:3.08961224995503e-05)
y(13,21)                                            1 	(obj:5.09419501877922e-05)
y(13,22)                                            1 	(obj:4.95730819436238e-05)
y(13,26)                                            1 	(obj:3.94773069669767e-05)
y(13,27)                                            1 	(obj:3.61643823698713e-05)
y(13,28)                                            1 	(obj:1.89341972614554e-05)
y(13,29)                                            1 	(obj:9.97749653684836e-05)
y(13,33)                                            1 	(obj:3.756514550622e-05)
y(13,35)                                            1 	(obj:1.6516928480223e-05)
y(13,36)                                            1 	(obj:2.69861168690382e-05)
y(13,37)                                            1 	(obj:5.28357156033447e-05)
y(13,39)                                            1 	(obj:2.15530147817784e-05)
y(13,41)                                            1 	(obj:3.31330254485634e-05)
y(13,43)                                            1 	(obj:3.18024131177926e-05)
y(13,46)                                            1 	(obj:2.6872619460248e-05)
y(13,47)                                            1 	(obj:2.55835786848772e-05)
y(13,49)                                            1 	(obj:3.29065437418982e-05)
y(15,2)                                             1 	(obj:1.39859425265042e-05)
y(15,3)                                             1 	(obj:3.12156788493707e-05)
y(15,6)                                             1 	(obj:2.70240140943094e-05)
y(15,9)                                             1 	(obj:2.10339001517252e-05)
y(15,13)                                            1 	(obj:3.12385871305081e-05)
y(15,15)                                            1 	(obj:4.4951923669528e-05)
y(15,16)                                            1 	(obj:3.37284259210475e-05)
y(15,19)                                            1 	(obj:1.43220664829208e-05)
y(15,20)                                            1 	(obj:3.48419434671182e-05)
y(15,21)                                            1 	(obj:2.5966281241516e-05)
y(15,22)                                            1 	(obj:2.59643248841451e-05)
y(15,26)                                            1 	(obj:3.17518447824494e-05)
y(15,27)                                            1 	(obj:1.60082541497481e-05)
y(15,28)                                            1 	(obj:-2.06222180886611e-06)
y(15,29)                                            1 	(obj:-2.43800684459713e-05)
y(15,33)                                            1 	(obj:5.96127803067214e-06)
y(15,35)                                            1 	(obj:1.52854569627492e-05)
y(15,36)                                            1 	(obj:2.10332052508781e-06)
y(15,37)                                            1 	(obj:5.96074361972062e-06)
y(15,39)                                            1 	(obj:1.82565371311107e-05)
y(15,41)                                            1 	(obj:1.18854635532666e-05)
y(15,43)                                            1 	(obj:2.2545136057696e-05)
y(15,46)                                            1 	(obj:1.23304966992858e-05)
y(15,47)                                            1 	(obj:3.74738842864393e-05)
y(15,49)                                            1 	(obj:2.5615019973076e-05)
y(16,2)                                             1 	(obj:2.0878852313837e-06)
y(16,3)                                             1 	(obj:3.29248554968382e-05)
y(16,6)                                             1 	(obj:2.94150451472774e-05)
y(16,9)                                             1 	(obj:3.26290367214587e-06)
y(16,13)                                            1 	(obj:2.73559051582768e-05)
y(16,15)                                            1 	(obj:3.37284259210475e-05)
y(16,16)                                            1 	(obj:4.98495926158944e-05)
y(16,19)                                            1 	(obj:8.78278693060262e-06)
y(16,20)                                            1 	(obj:3.56978611784645e-05)
y(16,21)                                            1 	(obj:2.5109297006159e-05)
y(16,22)                                            1 	(obj:3.0450926754023e-05)
y(16,26)                                            1 	(obj:2.15435183930349e-05)
y(16,27)                                            1 	(obj:2.40213666057863e-05)
y(16,28)                                            1 	(obj:8.36701198358957e-06)
y(16,29)                                            1 	(obj:-1.65519060488286e-05)
y(16,33)                                            1 	(obj:1.36672007348559e-05)
y(16,35)                                            1 	(obj:4.05370300102069e-06)
y(16,36)                                            1 	(obj:-1.17266150927598e-06)
y(16,37)                                            1 	(obj:6.56428409554671e-06)
y(16,39)                                            1 	(obj:3.04410253749243e-05)
y(16,41)                                            1 	(obj:1.77651463430833e-05)
y(16,43)                                            1 	(obj:2.79633135823928e-05)
y(16,46)                                            1 	(obj:1.3180341382787e-05)
y(16,47)                                            1 	(obj:4.42871829835686e-05)
y(16,49)                                            1 	(obj:1.87362627883275e-05)
y(19,2)                                             1 	(obj:0.000119471572501216)
y(19,3)                                             1 	(obj:7.60293951478084e-05)
y(19,6)                                             1 	(obj:5.1515388669994e-05)
y(19,9)                                             1 	(obj:3.96266422386714e-05)
y(19,13)                                            1 	(obj:3.08584059270533e-05)
y(19,15)                                            1 	(obj:1.43220664829208e-05)
y(19,16)                                            1 	(obj:8.78278693060262e-06)
y(19,19)                                            1 	(obj:0.000102579461113567)
y(19,20)                                            1 	(obj:5.59572535795456e-05)
y(19,21)                                            1 	(obj:4.76842435973304e-05)
y(19,22)                                            1 	(obj:1.00625337621084e-05)
y(19,26)                                            1 	(obj:6.13206795879443e-05)
y(19,27)                                            1 	(obj:5.32087784031692e-05)
y(19,28)                                            1 	(obj:-6.16593354362559e-06)
y(19,29)                                            1 	(obj:4.87493535299846e-05)
y(19,33)                                            1 	(obj:1.63604850538587e-05)
y(19,35)                                            1 	(obj:-3.96038414222024e-05)
y(19,36)                                            1 	(obj:-5.77521606952806e-06)
y(19,37)                                            1 	(obj:1.87614340308874e-05)
y(19,39)                                            1 	(obj:4.50866202978679e-05)
y(19,41)                                            1 	(obj:6.46962284678276e-05)
y(19,43)                                            1 	(obj:3.13195535251374e-05)
y(19,46)                                            1 	(obj:8.16286914730167e-06)
y(19,47)                                            1 	(obj:3.61315574301526e-05)
y(19,49)                                            1 	(obj:6.05213653912259e-05)
y(20,2)                                             1 	(obj:5.02267336955199e-05)
y(20,3)                                             1 	(obj:6.55971635205687e-05)
y(20,6)                                             1 	(obj:5.26269565013505e-05)
y(20,9)                                             1 	(obj:2.44282093116915e-05)
y(20,13)                                            1 	(obj:3.08961224995503e-05)
y(20,15)                                            1 	(obj:3.48419434671182e-05)
y(20,16)                                            1 	(obj:3.56978611784645e-05)
y(20,19)                                            1 	(obj:5.59572535795456e-05)
y(20,20)                                            1 	(obj:7.83116671244019e-05)
y(20,21)                                            1 	(obj:2.82115198299102e-05)
y(20,22)                                            1 	(obj:1.72597177279922e-05)
y(20,26)                                            1 	(obj:3.91745919468244e-05)
y(20,27)                                            1 	(obj:2.72131200485911e-05)
y(20,28)                                            1 	(obj:-1.9863291299036e-06)
y(20,29)                                            1 	(obj:6.38388463663773e-06)
y(20,33)                                            1 	(obj:2.01511046157579e-05)
y(20,35)                                            1 	(obj:-2.09247945019894e-05)
y(20,36)                                            1 	(obj:-5.85274909478885e-06)
y(20,37)                                            1 	(obj:2.66406513966121e-06)
y(20,39)                                            1 	(obj:4.33770851716349e-05)
y(20,41)                                            1 	(obj:5.40353009914746e-05)
y(20,43)                                            1 	(obj:2.90823433254455e-05)
y(20,46)                                            1 	(obj:7.26716994145291e-06)
y(20,47)                                            1 	(obj:4.71909542986654e-05)
y(20,49)                                            1 	(obj:2.72081891926612e-05)
y(21,2)                                             1 	(obj:2.75316105277753e-05)
y(21,3)                                             1 	(obj:3.88100728922768e-05)
y(21,6)                                             1 	(obj:3.44946452716492e-05)
y(21,9)                                             1 	(obj:2.82402605855363e-05)
y(21,13)                                            1 	(obj:5.09419501877922e-05)
y(21,15)                                            1 	(obj:2.5966281241516e-05)
y(21,16)                                            1 	(obj:2.5109297006159e-05)
y(21,19)                                            1 	(obj:4.76842435973304e-05)
y(21,20)                                            1 	(obj:2.82115198299102e-05)
y(21,21)                                            1 	(obj:7.12978653843014e-05)
y(21,22)                                            1 	(obj:2.99521049278983e-05)
y(21,26)                                            1 	(obj:4.93111381748169e-05)
y(21,27)                                            1 	(obj:5.72163248866416e-05)
y(21,28)                                            1 	(obj:1.35854279791408e-05)
y(21,29)                                            1 	(obj:5.90077895809846e-05)
y(21,33)                                            1 	(obj:2.34952948947429e-05)
y(21,35)                                            1 	(obj:3.20022929661406e-06)
y(21,36)                                            1 	(obj:1.02754111838271e-05)
y(21,37)                                            1 	(obj:2.68840672845956e-05)
y(21,39)                                            1 	(obj:3.09204032390481e-05)
y(21,41)                                            1 	(obj:3.29394352833416e-05)
y(21,43)                                            1 	(obj:1.94803905206814e-05)
y(21,46)                                            1 	(obj:2.71166914236764e-05)
y(21,47)                                            1 	(obj:3.3500023905942e-05)
y(21,49)                                            1 	(obj:5.20683823448099e-05)
y(22,2)                                             1 	(obj:1.89286675400605e-05)
y(22,3)                                             1 	(obj:3.45976860255353e-05)
y(22,6)                                             1 	(obj:2.45215345387865e-05)
y(22,9)                                             1 	(obj:2.48946098229972e-05)
y(22,13)                                            1 	(obj:4.95730819436238e-05)
y(22,15)                                            1 	(obj:2.59643248841451e-05)
y(22,16)                                            1 	(obj:3.0450926754023e-05)
y(22,19)                                            1 	(obj:1.00625337621084e-05)
y(22,20)                                            1 	(obj:1.72597177279922e-05)
y(22,21)                                            1 	(obj:2.99521049278983e-05)
y(22,22)                                            1 	(obj:7.13342952400979e-05)
y(22,26)                                            1 	(obj:1.30287651376364e-05)
y(22,27)                                            1 	(obj:2.74069345433678e-05)
y(22,28)                                            1 	(obj:2.28077373935321e-05)
y(22,29)                                            1 	(obj:7.79391412082724e-05)
y(22,33)                                            1 	(obj:3.97441832579023e-05)
y(22,35)                                            1 	(obj:2.52894398492e-05)
y(22,36)                                            1 	(obj:4.27560257254977e-05)
y(22,37)                                            1 	(obj:4.76007542430778e-05)
y(22,39)                                            1 	(obj:1.76844303074276e-05)
y(22,41)                                            1 	(obj:1.9333681514487e-05)
y(22,43)                                            1 	(obj:4.04119218072899e-05)
y(22,46)                                            1 	(obj:1.40170661820278e-05)
y(22,47)                                            1 	(obj:2.59467995142906e-05)
y(22,49)                                            1 	(obj:9.51555392169978e-06)
y(26,2)                                             1 	(obj:6.53281079871572e-05)
y(26,3)                                             1 	(obj:4.90905335301319e-05)
y(26,6)                                             1 	(obj:3.36382306842845e-05)
y(26,9)                                             1 	(obj:2.68877582488216e-05)
y(26,13)                                            1 	(obj:3.94773069669767e-05)
y(26,15)                                            1 	(obj:3.17518447824494e-05)
y(26,16)                                            1 	(obj:2.15435183930349e-05)
y(26,19)                                            1 	(obj:6.13206795879443e-05)
y(26,20)                                            1 	(obj:3.91745919468244e-05)
y(26,21)                                            1 	(obj:4.93111381748169e-05)
y(26,22)                                            1 	(obj:1.30287651376364e-05)
y(26,26)                                            1 	(obj:6.85003444882298e-05)
y(26,27)                                            1 	(obj:4.15154600887756e-05)
y(26,28)                                            1 	(obj:-6.91240118493082e-06)
y(26,29)                                            1 	(obj:-2.6234817563482e-05)
y(26,33)                                            1 	(obj:1.12612922098004e-05)
y(26,35)                                            1 	(obj:-8.93874999199277e-06)
y(26,36)                                            1 	(obj:-2.60273544047587e-05)
y(26,37)                                            1 	(obj:6.49630256822273e-06)
y(26,39)                                            1 	(obj:2.90389920719443e-05)
y(26,41)                                            1 	(obj:4.27912533310699e-05)
y(26,43)                                            1 	(obj:2.5257011921816e-05)
y(26,46)                                            1 	(obj:1.38339027041278e-05)
y(26,47)                                            1 	(obj:4.87238236809944e-05)
y(26,49)                                            1 	(obj:5.78515233115601e-05)
y(27,2)                                             1 	(obj:5.91871340643045e-05)
y(27,3)                                             1 	(obj:5.85073311903437e-05)
y(27,6)                                             1 	(obj:4.1128929504355e-05)
y(27,9)                                             1 	(obj:1.9535528736396e-05)
y(27,13)                                            1 	(obj:3.61643823698713e-05)
y(27,15)                                            1 	(obj:1.60082541497481e-05)
y(27,16)                                            1 	(obj:2.40213666057863e-05)
y(27,19)                                            1 	(obj:5.32087784031692e-05)
y(27,20)                                            1 	(obj:2.72131200485911e-05)
y(27,21)                                            1 	(obj:5.72163248866416e-05)
y(27,22)                                            1 	(obj:2.74069345433678e-05)
y(27,26)                                            1 	(obj:4.15154600887756e-05)
y(27,27)                                            1 	(obj:8.55021555016503e-05)
y(27,28)                                            1 	(obj:1.23649344128732e-05)
y(27,29)                                            1 	(obj:5.46589205065208e-05)
y(27,33)                                            1 	(obj:2.78180032152925e-05)
y(27,35)                                            1 	(obj:-2.08420419409431e-05)
y(27,36)                                            1 	(obj:3.85987901567871e-06)
y(27,37)                                            1 	(obj:2.18458337754008e-05)
y(27,39)                                            1 	(obj:3.80653019102275e-05)
y(27,41)                                            1 	(obj:4.41800398305375e-05)
y(27,43)                                            1 	(obj:3.62289989831072e-05)
y(27,46)                                            1 	(obj:2.51496996378001e-05)
y(27,47)                                            1 	(obj:2.76623884967225e-05)
y(27,49)                                            1 	(obj:4.14095472503571e-05)
y(28,2)                                             1 	(obj:-1.11006303197974e-05)
y(28,3)                                             1 	(obj:3.61053276083627e-07)
y(28,6)                                             1 	(obj:2.31752271781936e-05)
y(28,9)                                             1 	(obj:3.39372659900035e-06)
y(28,13)                                            1 	(obj:1.89341972614554e-05)
y(28,15)                                            1 	(obj:-2.06222180886611e-06)
y(28,16)                                            1 	(obj:8.36701198358957e-06)
y(28,19)                                            1 	(obj:-6.16593354362559e-06)
y(28,20)                                            1 	(obj:-1.9863291299036e-06)
y(28,21)                                            1 	(obj:1.35854279791408e-05)
y(28,22)                                            1 	(obj:2.28077373935321e-05)
y(28,26)                                            1 	(obj:-6.91240118493082e-06)
y(28,27)                                            1 	(obj:1.23649344128732e-05)
y(28,28)                                            1 	(obj:3.9102353334622e-05)
y(28,29)                                            1 	(obj:6.84639961751813e-05)
y(28,33)                                            1 	(obj:2.56008203029001e-05)
y(28,35)                                            1 	(obj:1.67129209779808e-05)
y(28,36)                                            1 	(obj:2.58958847588961e-05)
y(28,37)                                            1 	(obj:2.89827793354878e-05)
y(28,39)                                            1 	(obj:-1.0793449257517e-05)
y(28,41)                                            1 	(obj:9.3620480795751e-06)
y(28,43)                                            1 	(obj:1.86863711819059e-05)
y(28,46)                                            1 	(obj:1.3580965865223e-05)
y(28,47)                                            1 	(obj:-4.40048238600063e-06)
y(28,49)                                            1 	(obj:3.17140328576431e-06)
y(29,2)                                             1 	(obj:3.78117787582746e-05)
y(29,3)                                             1 	(obj:-1.7466878888939e-05)
y(29,6)                                             1 	(obj:3.96599452194974e-05)
y(29,9)                                             1 	(obj:0.000122994380441484)
y(29,13)                                            1 	(obj:9.97749653684836e-05)
y(29,15)                                            1 	(obj:-2.43800684459713e-05)
y(29,16)                                            1 	(obj:-1.65519060488286e-05)
y(29,19)                                            1 	(obj:4.87493535299846e-05)
y(29,20)                                            1 	(obj:6.38388463663773e-06)
y(29,21)                                            1 	(obj:5.90077895809846e-05)
y(29,22)                                            1 	(obj:7.79391412082724e-05)
y(29,26)                                            1 	(obj:-2.6234817563482e-05)
y(29,27)                                            1 	(obj:5.46589205065208e-05)
y(29,28)                                            1 	(obj:6.84639961751813e-05)
y(29,29)                                            1 	(obj:0.000626424236102349)
y(29,33)                                            1 	(obj:9.13149433713646e-05)
y(29,35)                                            1 	(obj:5.45066874038998e-05)
y(29,36)                                            1 	(obj:0.000206765937910969)
y(29,37)                                            1 	(obj:0.000197536462681258)
y(29,39)                                            1 	(obj:-4.91597604074277e-06)
y(29,41)                                            1 	(obj:4.03661239411599e-05)
y(29,43)                                            1 	(obj:7.23014340471246e-05)
y(29,46)                                            1 	(obj:4.07533414020367e-05)
y(29,47)                                            1 	(obj:-5.39133397659468e-05)
y(29,49)                                            1 	(obj:-2.65502662359242e-05)
y(33,2)                                             1 	(obj:3.08162634889696e-05)
y(33,3)                                             1 	(obj:2.15267189803144e-05)
y(33,6)                                             1 	(obj:2.51991314789689e-05)
y(33,9)                                             1 	(obj:2.37866790596086e-05)
y(33,13)                                            1 	(obj:3.756514550622e-05)
y(33,15)                                            1 	(obj:5.96127803067214e-06)
y(33,16)                                            1 	(obj:1.36672007348559e-05)
y(33,19)                                            1 	(obj:1.63604850538587e-05)
y(33,20)                                            1 	(obj:2.01511046157579e-05)
y(33,21)                                            1 	(obj:2.34952948947429e-05)
y(33,22)                                            1 	(obj:3.97441832579023e-05)
y(33,26)                                            1 	(obj:1.12612922098004e-05)
y(33,27)                                            1 	(obj:2.78180032152925e-05)
y(33,28)                                            1 	(obj:2.56008203029001e-05)
y(33,29)                                            1 	(obj:9.13149433713646e-05)
y(33,33)                                            1 	(obj:4.56697183764055e-05)
y(33,35)                                            1 	(obj:2.4046570990402e-05)
y(33,36)                                            1 	(obj:2.59306992549067e-05)
y(33,37)                                            1 	(obj:4.14724805079972e-05)
y(33,39)                                            1 	(obj:6.28061148318087e-06)
y(33,41)                                            1 	(obj:3.61810708602664e-05)
y(33,43)                                            1 	(obj:3.03128582476345e-05)
y(33,46)                                            1 	(obj:1.8826880743028e-05)
y(33,47)                                            1 	(obj:1.64247319481326e-05)
y(33,49)                                            1 	(obj:9.71146493001812e-06)
y(35,2)                                             1 	(obj:-2.73596068372368e-05)
y(35,3)                                             1 	(obj:-4.40098964313689e-05)
y(35,6)                                             1 	(obj:-1.14663343003261e-05)
y(35,9)                                             1 	(obj:4.22923254422361e-05)
y(35,13)                                            1 	(obj:1.6516928480223e-05)
y(35,15)                                            1 	(obj:1.52854569627492e-05)
y(35,16)                                            1 	(obj:4.05370300102069e-06)
y(35,19)                                            1 	(obj:-3.96038414222024e-05)
y(35,20)                                            1 	(obj:-2.09247945019894e-05)
y(35,21)                                            1 	(obj:3.20022929661406e-06)
y(35,22)                                            1 	(obj:2.52894398492e-05)
y(35,26)                                            1 	(obj:-8.93874999199277e-06)
y(35,27)                                            1 	(obj:-2.08420419409431e-05)
y(35,28)                                            1 	(obj:1.67129209779808e-05)
y(35,29)                                            1 	(obj:5.45066874038998e-05)
y(35,33)                                            1 	(obj:2.4046570990402e-05)
y(35,35)                                            1 	(obj:0.000115618499760858)
y(35,36)                                            1 	(obj:4.157986756137e-05)
y(35,37)                                            1 	(obj:3.77208167723471e-05)
y(35,39)                                            1 	(obj:-3.45738493473085e-05)
y(35,41)                                            1 	(obj:-1.27891782412625e-05)
y(35,43)                                            1 	(obj:7.38652390712703e-06)
y(35,46)                                            1 	(obj:2.37395739396195e-05)
y(35,47)                                            1 	(obj:-3.71575472524503e-06)
y(35,49)                                            1 	(obj:1.0288116623027e-05)
y(36,2)                                             1 	(obj:-2.10055863370978e-06)
y(36,3)                                             1 	(obj:-1.42524401451732e-05)
y(36,6)                                             1 	(obj:1.05432056249573e-05)
y(36,9)                                             1 	(obj:4.65533923799822e-05)
y(36,13)                                            1 	(obj:2.69861168690382e-05)
y(36,15)                                            1 	(obj:2.10332052508781e-06)
y(36,16)                                            1 	(obj:-1.17266150927598e-06)
y(36,19)                                            1 	(obj:-5.77521606952806e-06)
y(36,20)                                            1 	(obj:-5.85274909478885e-06)
y(36,21)                                            1 	(obj:1.02754111838271e-05)
y(36,22)                                            1 	(obj:4.27560257254977e-05)
y(36,26)                                            1 	(obj:-2.60273544047587e-05)
y(36,27)                                            1 	(obj:3.85987901567871e-06)
y(36,28)                                            1 	(obj:2.58958847588961e-05)
y(36,29)                                            1 	(obj:0.000206765937910969)
y(36,33)                                            1 	(obj:2.59306992549067e-05)
y(36,35)                                            1 	(obj:4.157986756137e-05)
y(36,36)                                            1 	(obj:0.0001054478667899)
y(36,37)                                            1 	(obj:7.52102355524919e-05)
y(36,39)                                            1 	(obj:-1.83446632225828e-05)
y(36,41)                                            1 	(obj:-4.72226639995458e-06)
y(36,43)                                            1 	(obj:2.29461798696389e-05)
y(36,46)                                            1 	(obj:6.86619347790515e-06)
y(36,47)                                            1 	(obj:-3.709480935056e-05)
y(36,49)                                            1 	(obj:-1.82198100777132e-05)
y(37,2)                                             1 	(obj:7.16547848613873e-05)
y(37,3)                                             1 	(obj:5.9476204664972e-06)
y(37,6)                                             1 	(obj:3.37688245357283e-05)
y(37,9)                                             1 	(obj:5.33291707509281e-05)
y(37,13)                                            1 	(obj:5.28357156033447e-05)
y(37,15)                                            1 	(obj:5.96074361972062e-06)
y(37,16)                                            1 	(obj:6.56428409554671e-06)
y(37,19)                                            1 	(obj:1.87614340308874e-05)
y(37,20)                                            1 	(obj:2.66406513966121e-06)
y(37,21)                                            1 	(obj:2.68840672845956e-05)
y(37,22)                                            1 	(obj:4.76007542430778e-05)
y(37,26)                                            1 	(obj:6.49630256822273e-06)
y(37,27)                                            1 	(obj:2.18458337754008e-05)
y(37,28)                                            1 	(obj:2.89827793354878e-05)
y(37,29)                                            1 	(obj:0.000197536462681258)
y(37,33)                                            1 	(obj:4.14724805079972e-05)
y(37,35)                                            1 	(obj:3.77208167723471e-05)
y(37,36)                                            1 	(obj:7.52102355524919e-05)
y(37,37)                                            1 	(obj:9.85803888145418e-05)
y(37,39)                                            1 	(obj:-6.73631626497538e-06)
y(37,41)                                            1 	(obj:1.52557381664607e-05)
y(37,43)                                            1 	(obj:3.32037271229837e-05)
y(37,46)                                            1 	(obj:2.63668540701311e-05)
y(37,47)                                            1 	(obj:-9.98405833761577e-06)
y(37,49)                                            1 	(obj:9.82169316227344e-06)
y(39,2)                                             1 	(obj:1.82152027601442e-05)
y(39,3)                                             1 	(obj:6.08801361534855e-05)
y(39,6)                                             1 	(obj:3.051649059684e-05)
y(39,9)                                             1 	(obj:9.45039513169612e-06)
y(39,13)                                            1 	(obj:2.15530147817784e-05)
y(39,15)                                            1 	(obj:1.82565371311107e-05)
y(39,16)                                            1 	(obj:3.04410253749243e-05)
y(39,19)                                            1 	(obj:4.50866202978679e-05)
y(39,20)                                            1 	(obj:4.33770851716349e-05)
y(39,21)                                            1 	(obj:3.09204032390481e-05)
y(39,22)                                            1 	(obj:1.76844303074276e-05)
y(39,26)                                            1 	(obj:2.90389920719443e-05)
y(39,27)                                            1 	(obj:3.80653019102275e-05)
y(39,28)                                            1 	(obj:-1.0793449257517e-05)
y(39,29)                                            1 	(obj:-4.91597604074277e-06)
y(39,33)                                            1 	(obj:6.28061148318087e-06)
y(39,35)                                            1 	(obj:-3.45738493473085e-05)
y(39,36)                                            1 	(obj:-1.83446632225828e-05)
y(39,37)                                            1 	(obj:-6.73631626497538e-06)
y(39,39)                                            1 	(obj:7.44950589851106e-05)
y(39,41)                                            1 	(obj:2.6647569879285e-05)
y(39,43)                                            1 	(obj:1.54524536256029e-05)
y(39,46)                                            1 	(obj:2.22808883314386e-06)
y(39,47)                                            1 	(obj:4.02078310222414e-05)
y(39,49)                                            1 	(obj:1.7658572326041e-05)
y(41,2)                                             1 	(obj:8.06903912020629e-05)
y(41,3)                                             1 	(obj:5.68896900157347e-05)
y(41,6)                                             1 	(obj:4.41704863186804e-05)
y(41,9)                                             1 	(obj:2.83708533118893e-05)
y(41,13)                                            1 	(obj:3.31330254485634e-05)
y(41,15)                                            1 	(obj:1.18854635532666e-05)
y(41,16)                                            1 	(obj:1.77651463430833e-05)
y(41,19)                                            1 	(obj:6.46962284678276e-05)
y(41,20)                                            1 	(obj:5.40353009914746e-05)
y(41,21)                                            1 	(obj:3.29394352833416e-05)
y(41,22)                                            1 	(obj:1.9333681514487e-05)
y(41,26)                                            1 	(obj:4.27912533310699e-05)
y(41,27)                                            1 	(obj:4.41800398305375e-05)
y(41,28)                                            1 	(obj:9.3620480795751e-06)
y(41,29)                                            1 	(obj:4.03661239411599e-05)
y(41,33)                                            1 	(obj:3.61810708602664e-05)
y(41,35)                                            1 	(obj:-1.27891782412625e-05)
y(41,36)                                            1 	(obj:-4.72226639995458e-06)
y(41,37)                                            1 	(obj:1.52557381664607e-05)
y(41,39)                                            1 	(obj:2.6647569879285e-05)
y(41,41)                                            1 	(obj:7.01046377050844e-05)
y(41,43)                                            1 	(obj:3.84835273947581e-05)
y(41,46)                                            1 	(obj:1.29575637143922e-05)
y(41,47)                                            1 	(obj:3.45734146359454e-05)
y(41,49)                                            1 	(obj:4.12466269883232e-05)
y(43,2)                                             1 	(obj:2.42752646788918e-05)
y(43,3)                                             1 	(obj:3.90569254986426e-05)
y(43,6)                                             1 	(obj:4.11322003126018e-05)
y(43,9)                                             1 	(obj:3.66812198870682e-05)
y(43,13)                                            1 	(obj:3.18024131177926e-05)
y(43,15)                                            1 	(obj:2.2545136057696e-05)
y(43,16)                                            1 	(obj:2.79633135823928e-05)
y(43,19)                                            1 	(obj:3.13195535251374e-05)
y(43,20)                                            1 	(obj:2.90823433254455e-05)
y(43,21)                                            1 	(obj:1.94803905206814e-05)
y(43,22)                                            1 	(obj:4.04119218072899e-05)
y(43,26)                                            1 	(obj:2.5257011921816e-05)
y(43,27)                                            1 	(obj:3.62289989831072e-05)
y(43,28)                                            1 	(obj:1.86863711819059e-05)
y(43,29)                                            1 	(obj:7.23014340471246e-05)
y(43,33)                                            1 	(obj:3.03128582476345e-05)
y(43,35)                                            1 	(obj:7.38652390712703e-06)
y(43,36)                                            1 	(obj:2.29461798696389e-05)
y(43,37)                                            1 	(obj:3.32037271229837e-05)
y(43,39)                                            1 	(obj:1.54524536256029e-05)
y(43,41)                                            1 	(obj:3.84835273947581e-05)
y(43,43)                                            1 	(obj:6.95985768042829e-05)
y(43,46)                                            1 	(obj:1.48691118865384e-05)
y(43,47)                                            1 	(obj:3.60782316177902e-05)
y(43,49)                                            1 	(obj:2.07339936943888e-05)
y(46,2)                                             1 	(obj:4.17724877752409e-05)
y(46,3)                                             1 	(obj:7.60669842822279e-06)
y(46,6)                                             1 	(obj:2.75834088777863e-05)
y(46,9)                                             1 	(obj:2.14453840836562e-05)
y(46,13)                                            1 	(obj:2.6872619460248e-05)
y(46,15)                                            1 	(obj:1.23304966992858e-05)
y(46,16)                                            1 	(obj:1.3180341382787e-05)
y(46,19)                                            1 	(obj:8.16286914730167e-06)
y(46,20)                                            1 	(obj:7.26716994145291e-06)
y(46,21)                                            1 	(obj:2.71166914236764e-05)
y(46,22)                                            1 	(obj:1.40170661820278e-05)
y(46,26)                                            1 	(obj:1.38339027041278e-05)
y(46,27)                                            1 	(obj:2.51496996378001e-05)
y(46,28)                                            1 	(obj:1.3580965865223e-05)
y(46,29)                                            1 	(obj:4.07533414020367e-05)
y(46,33)                                            1 	(obj:1.8826880743028e-05)
y(46,35)                                            1 	(obj:2.37395739396195e-05)
y(46,36)                                            1 	(obj:6.86619347790515e-06)
y(46,37)                                            1 	(obj:2.63668540701311e-05)
y(46,39)                                            1 	(obj:2.22808883314386e-06)
y(46,41)                                            1 	(obj:1.29575637143922e-05)
y(46,43)                                            1 	(obj:1.48691118865384e-05)
y(46,46)                                            1 	(obj:3.6052300590881e-05)
y(46,47)                                            1 	(obj:1.26790925415593e-05)
y(46,49)                                            1 	(obj:2.76243138280296e-05)
y(47,2)                                             1 	(obj:1.46328447687078e-05)
y(47,3)                                             1 	(obj:5.26253386554e-05)
y(47,6)                                             1 	(obj:2.85086675365615e-05)
y(47,9)                                             1 	(obj:3.29614597912245e-06)
y(47,13)                                            1 	(obj:2.55835786848772e-05)
y(47,15)                                            1 	(obj:3.74738842864393e-05)
y(47,16)                                            1 	(obj:4.42871829835686e-05)
y(47,19)                                            1 	(obj:3.61315574301526e-05)
y(47,20)                                            1 	(obj:4.71909542986654e-05)
y(47,21)                                            1 	(obj:3.3500023905942e-05)
y(47,22)                                            1 	(obj:2.59467995142906e-05)
y(47,26)                                            1 	(obj:4.87238236809944e-05)
y(47,27)                                            1 	(obj:2.76623884967225e-05)
y(47,28)                                            1 	(obj:-4.40048238600063e-06)
y(47,29)                                            1 	(obj:-5.39133397659468e-05)
y(47,33)                                            1 	(obj:1.64247319481326e-05)
y(47,35)                                            1 	(obj:-3.71575472524503e-06)
y(47,36)                                            1 	(obj:-3.709480935056e-05)
y(47,37)                                            1 	(obj:-9.98405833761577e-06)
y(47,39)                                            1 	(obj:4.02078310222414e-05)
y(47,41)                                            1 	(obj:3.45734146359454e-05)
y(47,43)                                            1 	(obj:3.60782316177902e-05)
y(47,46)                                            1 	(obj:1.26790925415593e-05)
y(47,47)                                            1 	(obj:8.67631352007161e-05)
y(47,49)                                            1 	(obj:3.53660255209437e-05)
y(49,2)                                             1 	(obj:0.000107199463126804)
y(49,3)                                             1 	(obj:4.990882664848e-05)
y(49,6)                                             1 	(obj:4.32088981603653e-05)
y(49,9)                                             1 	(obj:3.06224907331213e-05)
y(49,13)                                            1 	(obj:3.29065437418982e-05)
y(49,15)                                            1 	(obj:2.5615019973076e-05)
y(49,16)                                            1 	(obj:1.87362627883275e-05)
y(49,19)                                            1 	(obj:6.05213653912259e-05)
y(49,20)                                            1 	(obj:2.72081891926612e-05)
y(49,21)                                            1 	(obj:5.20683823448099e-05)
y(49,22)                                            1 	(obj:9.51555392169978e-06)
y(49,26)                                            1 	(obj:5.78515233115601e-05)
y(49,27)                                            1 	(obj:4.14095472503571e-05)
y(49,28)                                            1 	(obj:3.17140328576431e-06)
y(49,29)                                            1 	(obj:-2.65502662359242e-05)
y(49,33)                                            1 	(obj:9.71146493001812e-06)
y(49,35)                                            1 	(obj:1.0288116623027e-05)
y(49,36)                                            1 	(obj:-1.82198100777132e-05)
y(49,37)                                            1 	(obj:9.82169316227344e-06)
y(49,39)                                            1 	(obj:1.7658572326041e-05)
y(49,41)                                            1 	(obj:4.12466269883232e-05)
y(49,43)                                            1 	(obj:2.07339936943888e-05)
y(49,46)                                            1 	(obj:2.76243138280296e-05)
y(49,47)                                            1 	(obj:3.53660255209437e-05)
y(49,49)                                            1 	(obj:9.37663318322864e-05)
x(2)                                                1 	(obj:-0.00318498968812528)
x(3)                                                1 	(obj:-0.00494766259346168)
x(6)                                                1 	(obj:-0.00523546498164395)
x(9)                                                1 	(obj:-0.00207188864718205)
x(13)                                               1 	(obj:-0.00301347196600184)
x(15)                                               1 	(obj:-0.00604299652542468)
x(16)                                               1 	(obj:-0.00493561081293127)
x(19)                                               1 	(obj:-0.00105809433569392)
x(20)                                               1 	(obj:-0.00542962052481039)
x(21)                                               1 	(obj:-0.000508340104007876)
x(22)                                               1 	(obj:-0.000733997046552493)
x(26)                                               1 	(obj:-0.00251806398287128)
x(27)                                               1 	(obj:-0.00601919752801867)
x(28)                                               1 	(obj:0.000671630321908295)
x(29)                                               1 	(obj:-0.00164504682190324)
x(33)                                               1 	(obj:-0.00356445486813727)
x(35)                                               1 	(obj:-0.00044229367485123)
x(36)                                               1 	(obj:-7.88891686792415e-05)
x(37)                                               1 	(obj:-0.000691767347939454)
x(39)                                               1 	(obj:-0.0085148200352945)
x(41)                                               1 	(obj:-0.00416586113952971)
x(43)                                               1 	(obj:-0.00291777644640531)
x(46)                                               1 	(obj:-0.00137051807891899)
x(47)                                               1 	(obj:-0.00385026711117394)
x(49)                                               1 	(obj:-0.000326667868598091)

Statistics
==========

SCIP Status        : problem is solved [optimal solution found]
Total Time         :       1.00
  solving          :       1.00
  presolving       :       1.00 (included in solving)
  reading          :       0.00
  copying          :       0.00 (1 #copies) (minimal 0.00, maximal 0.00, average 0.00)
Original Problem   :
  Problem name     : C:\Users\Claubit\Documents\GitHub\embedding\src\lp\scenario2_B0.5_classical\IPL_linearized_N50q0.30B25.lp
  Variables        : 2550 (0 binary, 2550 integer, 0 implicit integer, 0 continuous)
  Constraints      : 7501 initial, 7501 maximal
  Objective        : minimize, 2550 non-zeros (abs.min = 1.78323e-07, abs.max = 0.00851482)
Presolved Problem  :
  Problem name     : t_C:\Users\Claubit\Documents\GitHub\embedding\src\lp\scenario2_B0.5_classical\IPL_linearized_N50q0.30B25.lp
  Variables        : 1275 (1275 binary, 0 integer, 0 implicit integer, 0 continuous)
  Constraints      : 1226 initial, 1226 maximal
  Objective        : minimize, 1275 non-zeros (abs.min = 3.56647e-07, abs.max = 0.00844032)
  Nonzeros         : 3725 constraint, 696 clique table
Presolvers         :   ExecTime  SetupTime  Calls  FixedVars   AggrVars   ChgTypes  ChgBounds   AddHoles    DelCons    AddCons   ChgSides   ChgCoefs
  boundshift       :       0.00       0.00      0          0          0          0          0          0          0          0          0          0
  convertinttobin  :       0.00       0.00      0          0          0          0          0          0          0          0          0          0
  domcol           :       0.00       0.00      1          0          0          0          0          0          0          0          0          0
  dualagg          :       0.00       0.00      0          0          0          0          0          0          0          0          0          0
  dualcomp         :       0.00       0.00      0          0          0          0          0          0          0          0          0          0
  dualinfer        :       0.00       0.00      0          0          0          0          0          0          0          0          0          0
  dualsparsify     :       0.00       0.00      1          0          0          0          0          0          0          0          0          0
  gateextraction   :       1.00       0.00      1          0          0          0          0          0       7350       2450          0          0
  implics          :       0.00       0.00      4          0          0          0          0          0          0          0          0          0
  inttobinary      :       0.00       0.00      0          0          0          0          0          0          0          0          0          0
  milp             :       0.00       0.00      1          0          0          0          0          0          0          0          0          0
  qpkktref         :       0.00       0.00      0          0          0          0          0          0          0          0          0          0
  redvub           :       0.00       0.00      0          0          0          0          0          0          0          0          0          0
  sparsify         :       0.00       0.00      1          0          0          0          0          0          0          0          0          0
  stuffing         :       0.00       0.00      0          0          0          0          0          0          0          0          0          0
  trivial          :       0.00       0.00      6          0          0          0          0          0          0          0          0          0
  tworowbnd        :       0.00       0.00      0          0          0          0          0          0          0          0          0          0
  dualfix          :       0.00       0.00      6          0          0          0          0          0          0          0          0          0
  genvbounds       :       0.00       0.00      0          0          0          0          0          0          0          0          0          0
  probing          :       0.00       0.00      1          0          0          0          0          0          0          0          0          0
  pseudoobj        :       0.00       0.00      0          0          0          0          0          0          0          0          0          0
  symmetry         :       0.00       0.00      1          0          0          0          0          0          0          0          0          0
  vbounds          :       0.00       0.00      1          0          0          0          0          0          0          0          0          0
  and              :       0.00       0.00      4          0       1225          0          0          0       1225          0          0          0
  linear           :       0.00       0.00      8          0         50          0          0          0        150          0         50         50
  benders          :       0.00       0.00      0          0          0          0          0          0          0          0          0          0
  components       :       0.00       0.00      1          0          0          0          0          0          0          0          0          0
  root node        :          -          -      -        797          -          -        797          -          -          -          -          -
Constraints        :     Number  MaxNumber  #Separate #Propagate    #EnfoLP    #EnfoRelax  #EnfoPS    #Check   #ResProp    Cutoffs    DomReds       Cuts    Applied      Conss   Children
  benderslp        :          0          0          0          0          0          0          0         16          0          0          0          0          0          0          0
  integral         :          0          0          0          0          0          0          0         16          0          0          0          0          0          0          0
  and              :       1225       1225          2        678          0          0          0         11          0          0          0        122          0          0          0
  linear           :          1          1          2        669          0          0          0          9          0          3          0          0          0          0          0
  benders          :          0          0          0          0          0          0          0          8          0          0          0          0          0          0          0
  countsols        :          0          0          0          0          0          0          0          8          0          0          0          0          0          0          0
  components       :          0          0          0          0          0          0          0          0          0          0          0          0          0          0          0
Constraint Timings :  TotalTime  SetupTime   Separate  Propagate     EnfoLP     EnfoPS     EnfoRelax   Check    ResProp    SB-Prop
  benderslp        :       0.00       0.00       0.00       0.00       0.00       0.00       0.00       0.00       0.00       0.00
  integral         :       0.00       0.00       0.00       0.00       0.00       0.00       0.00       0.00       0.00       0.00
  and              :       0.00       0.00       0.00       0.00       0.00       0.00       0.00       0.00       0.00       0.00
  linear           :       0.00       0.00       0.00       0.00       0.00       0.00       0.00       0.00       0.00       0.00
  benders          :       0.00       0.00       0.00       0.00       0.00       0.00       0.00       0.00       0.00       0.00
  countsols        :       0.00       0.00       0.00       0.00       0.00       0.00       0.00       0.00       0.00       0.00
  components       :       0.00       0.00       0.00       0.00       0.00       0.00       0.00       0.00       0.00       0.00
Propagators        : #Propagate   #ResProp    Cutoffs    DomReds
  dualfix          :          2          0          0          0
  genvbounds       :          0          0          0          0
  nlobbt           :          0          0          0          0
  obbt             :          0          0          0          0
  probing          :          0          0          0          0
  pseudoobj        :         12          0          0          0
  redcost          :          6          0          0        697
  rootredcost      :          0          0          0          0
  symmetry         :          0          0          0          0
  vbounds          :        579          0          0          0
Propagator Timings :  TotalTime  SetupTime   Presolve  Propagate    ResProp    SB-Prop
  dualfix          :       0.00       0.00       0.00       0.00       0.00       0.00
  genvbounds       :       0.00       0.00       0.00       0.00       0.00       0.00
  nlobbt           :       0.00       0.00       0.00       0.00       0.00       0.00
  obbt             :       0.00       0.00       0.00       0.00       0.00       0.00
  probing          :       0.00       0.00       0.00       0.00       0.00       0.00
  pseudoobj        :       0.00       0.00       0.00       0.00       0.00       0.00
  redcost          :       0.00       0.00       0.00       0.00       0.00       0.00
  rootredcost      :       0.00       0.00       0.00       0.00       0.00       0.00
  symmetry         :       0.00       0.00       0.00       0.00       0.00       0.00
  vbounds          :       0.00       0.00       0.00       0.00       0.00       0.00
Conflict Analysis  :       Time      Calls    Success    DomReds  Conflicts   Literals    Reconvs ReconvLits   Dualrays   Nonzeros   LP Iters   (pool size: [--,--])
  propagation      :       0.00          0          0          -          0        0.0          0        0.0          -          -          -
  infeasible LP    :       0.00          0          0          -          0        0.0          0        0.0          0        0.0          0
  bound exceed. LP :       0.00          4          0          -          0        0.0          0        0.0          0        0.0         40
  strong branching :       0.00          0          0          -          0        0.0          0        0.0          -          -          0
  pseudo solution  :       0.00          0          0          -          0        0.0          0        0.0          -          -          -
  applied globally :       0.00          -          -          0          0        0.0          -          -          0          -          -
  applied locally  :          -          -          -          0          0        0.0          -          -          0          -          -
Separators         :   ExecTime  SetupTime      Calls    Cutoffs    DomReds       Cuts    Applied      Conss
  cut pool         :       0.00                     3          -          -        105          -          -    (maximal pool size: 108)
  aggregation      :       0.00       0.00          2          0          0          0          0          0
  cgmip            :       0.00       0.00          0          0          0          0          0          0
  clique           :       0.00       0.00          2          0          0          0          0          0
  closecuts        :       0.00       0.00          0          0          0          0          0          0
  cmir             :       0.00       0.00          0          0          0          0          0          0
  convexproj       :       0.00       0.00          0          0          0          0          0          0
  disjunctive      :       0.00       0.00          0          0          0          0          0          0
  eccuts           :       0.00       0.00          0          0          0          0          0          0
  flowcover        :       0.00       0.00          0          0          0          0          0          0
  gauge            :       0.00       0.00          0          0          0          0          0          0
  gomory           :       0.00       0.00          2          0          0         36          8          0
  impliedbounds    :       0.00       0.00          2          0        100         72         72          0
  intobj           :       0.00       0.00          0          0          0          0          0          0
  mcf              :       0.00       0.00          1          0          0          0          0          0
  oddcycle         :       0.00       0.00          0          0          0          0          0          0
  rapidlearning    :       0.00       0.00          0          0          0          0          0          0
  strongcg         :       0.00       0.00          2          0          0          0          0          0
  zerohalf         :       0.00       0.00          2          0          0          0          0          0
Pricers            :   ExecTime  SetupTime      Calls       Vars
  problem variables:       0.00          -          0          0
Branching Rules    :   ExecTime  SetupTime   BranchLP  BranchExt   BranchPS    Cutoffs    DomReds       Cuts      Conss   Children
  allfullstrong    :       0.00       0.00          0          0          0          0          0          0          0          0
  cloud            :       0.00       0.00          0          0          0          0          0          0          0          0
  distribution     :       0.00       0.00          0          0          0          0          0          0          0          0
  fullstrong       :       0.00       0.00          0          0          0          0          0          0          0          0
  inference        :       0.00       0.00          0          0          0          0          0          0          0          0
  leastinf         :       0.00       0.00          0          0          0          0          0          0          0          0
  lookahead        :       0.00       0.00          0          0          0          0          0          0          0          0
  mostinf          :       0.00       0.00          0          0          0          0          0          0          0          0
  multaggr         :       0.00       0.00          0          0          0          0          0          0          0          0
  nodereopt        :       0.00       0.00          0          0          0          0          0          0          0          0
  pscost           :       0.00       0.00          0          0          0          0          0          0          0          0
  random           :       0.00       0.00          0          0          0          0          0          0          0          0
  relpscost        :       0.00       0.00          0          0          0          0          0          0          0          0
  vanillafullstrong:       0.00       0.00          0          0          0          0          0          0          0          0
Primal Heuristics  :   ExecTime  SetupTime      Calls      Found       Best
  LP solutions     :       0.00          -          -          0          0
  relax solutions  :       0.00          -          -          0          0
  pseudo solutions :       0.00          -          -          0          0
  strong branching :       0.00          -          -          0          0
  actconsdiving    :       0.00       0.00          0          0          0
  adaptivediving   :       0.00       0.00          0          0          0
  alns             :       0.00       0.00          0          0          0
  bound            :       0.00       0.00          0          0          0
  clique           :       0.00       0.00          1          1          1
  coefdiving       :       0.00       0.00          0          0          0
  completesol      :       0.00       0.00          0          0          0
  conflictdiving   :       0.00       0.00          0          0          0
  crossover        :       0.00       0.00          0          0          0
  dins             :       0.00       0.00          0          0          0
  distributiondivin:       0.00       0.00          0          0          0
  dualval          :       0.00       0.00          0          0          0
  farkasdiving     :       0.00       0.00          0          0          0
  feaspump         :       0.00       0.00          0          0          0
  fixandinfer      :       0.00       0.00          0          0          0
  fracdiving       :       0.00       0.00          0          0          0
  gins             :       0.00       0.00          0          0          0
  guideddiving     :       0.00       0.00          0          0          0
  indicator        :       0.00       0.00          0          0          0
  intdiving        :       0.00       0.00          0          0          0
  intshifting      :       0.00       0.00          0          0          0
  linesearchdiving :       0.00       0.00          0          0          0
  localbranching   :       0.00       0.00          0          0          0
  locks            :       0.00       0.00          1          0          0
  lpface           :       0.00       0.00          0          0          0
  mpec             :       0.00       0.00          0          0          0
  multistart       :       0.00       0.00          0          0          0
  mutation         :       0.00       0.00          0          0          0
  nlpdiving        :       0.00       0.00          0          0          0
  objpscostdiving  :       0.00       0.00          0          0          0
  octane           :       0.00       0.00          0          0          0
  ofins            :       0.00       0.00          0          0          0
  oneopt           :       0.00       0.00          4          0          0
  padm             :       0.00       0.00          0          0          0
  proximity        :       0.00       0.00          0          0          0
  pscostdiving     :       0.00       0.00          0          0          0
  randrounding     :       0.00       0.00          2          1          1
  rens             :       0.00       0.00          0          0          0
  reoptsols        :       0.00       0.00          0          0          0
  repair           :       0.00       0.00          0          0          0
  rins             :       0.00       0.00          0          0          0
  rootsoldiving    :       0.00       0.00          0          0          0
  rounding         :       0.00       0.00          2          0          0
  shiftandpropagate:       0.00       0.00          0          0          0
  shifting         :       0.00       0.00          2          2          1
  simplerounding   :       0.00       0.00          0          0          0
  subnlp           :       0.00       0.00          0          0          0
  trivial          :       0.00       0.00          2          0          0
  trivialnegation  :       0.00       0.00          0          0          0
  trustregion      :       0.00       0.00          0          0          0
  trysol           :       0.00       0.00          0          0          0
  twoopt           :       0.00       0.00          0          0          0
  undercover       :       0.00       0.00          1          1          1
  vbounds          :       0.00       0.00          1          2          2
  veclendiving     :       0.00       0.00          0          0          0
  zeroobj          :       0.00       0.00          0          0          0
  zirounding       :       0.00       0.00          0          0          0
  other solutions  :          -          -          -          0          -
Diving (single)    :      Calls      Nodes   LP Iters Backtracks  Conflicts   MinDepth   MaxDepth   AvgDepth  RoundSols  NLeafSols  MinSolDpt  MaxSolDpt  AvgSolDpt
  actconsdiving    :          0          -          -          -          -          -          -          -          -          -          -          -          -
  coefdiving       :          0          -          -          -          -          -          -          -          -          -          -          -          -
  conflictdiving   :          0          -          -          -          -          -          -          -          -          -          -          -          -
  distributiondivin:          0          -          -          -          -          -          -          -          -          -          -          -          -
  farkasdiving     :          0          -          -          -          -          -          -          -          -          -          -          -          -
  fracdiving       :          0          -          -          -          -          -          -          -          -          -          -          -          -
  guideddiving     :          0          -          -          -          -          -          -          -          -          -          -          -          -
  linesearchdiving :          0          -          -          -          -          -          -          -          -          -          -          -          -
  pscostdiving     :          0          -          -          -          -          -          -          -          -          -          -          -          -
  veclendiving     :          0          -          -          -          -          -          -          -          -          -          -          -          -
Diving (adaptive)  :      Calls      Nodes   LP Iters Backtracks  Conflicts   MinDepth   MaxDepth   AvgDepth  RoundSols  NLeafSols  MinSolDpt  MaxSolDpt  AvgSolDpt
  actconsdiving    :          0          -          -          -          -          -          -          -          -          -          -          -          -
  coefdiving       :          0          -          -          -          -          -          -          -          -          -          -          -          -
  conflictdiving   :          0          -          -          -          -          -          -          -          -          -          -          -          -
  distributiondivin:          0          -          -          -          -          -          -          -          -          -          -          -          -
  farkasdiving     :          0          -          -          -          -          -          -          -          -          -          -          -          -
  fracdiving       :          0          -          -          -          -          -          -          -          -          -          -          -          -
  guideddiving     :          0          -          -          -          -          -          -          -          -          -          -          -          -
  linesearchdiving :          0          -          -          -          -          -          -          -          -          -          -          -          -
  pscostdiving     :          0          -          -          -          -          -          -          -          -          -          -          -          -
  veclendiving     :          0          -          -          -          -          -          -          -          -          -          -          -          -
Neighborhoods      :      Calls  SetupTime  SolveTime SolveNodes       Sols       Best       Exp3  EpsGreedy        UCB TgtFixRate  Opt  Inf Node Stal  Sol  Usr Othr Actv
  rens             :          0       0.00       0.00          0          0          0    0.00000   -1.00000    1.00000      0.900    0    0    0    0    0    0    0    1
  rins             :          0       0.00       0.00          0          0          0    0.00000   -1.00000    1.00000      0.900    0    0    0    0    0    0    0    1
  mutation         :          0       0.00       0.00          0          0          0    0.00000   -1.00000    1.00000      0.900    0    0    0    0    0    0    0    1
  localbranching   :          0       0.00       0.00          0          0          0    0.00000   -1.00000    1.00000      0.900    0    0    0    0    0    0    0    1
  crossover        :          0       0.00       0.00          0          0          0    0.00000   -1.00000    1.00000      0.900    0    0    0    0    0    0    0    1
  proximity        :          0       0.00       0.00          0          0          0    0.00000   -1.00000    1.00000      0.900    0    0    0    0    0    0    0    1
  zeroobjective    :          0       0.00       0.00          0          0          0    0.00000   -1.00000    1.00000      0.900    0    0    0    0    0    0    0    1
  dins             :          0       0.00       0.00          0          0          0    0.00000   -1.00000    1.00000      0.900    0    0    0    0    0    0    0    1
  trustregion      :          0       0.00       0.00          0          0          0    0.00000   -1.00000    1.00000      0.900    0    0    0    0    0    0    0    0
LP                 :       Time      Calls Iterations  Iter/call   Iter/sec  Time-0-It Calls-0-It    ItLimit
  primal LP        :       0.00          0          0       0.00          -       0.00          0
  dual LP          :       0.00          9        788     197.00          -       0.00          5
  lex dual LP      :       0.00          0          0       0.00          -
  barrier LP       :       0.00          0          0       0.00          -       0.00          0
  resolve instable :       0.00          0          0       0.00          -
  diving/probing LP:       0.00          0          0       0.00          -
  strong branching :       0.00          0          0       0.00          -          -          -          0
    (at root node) :          -          0          0       0.00          -
  conflict analysis:       0.00          4         40      10.00          -
B&B Tree           :
  number of runs   :          1
  nodes            :          1 (0 internal, 1 leaves)
  feasible leaves  :          0
  infeas. leaves   :          0
  objective leaves :          0
  nodes (total)    :          1 (0 internal, 1 leaves)
  nodes left       :          0
  max depth        :          0
  max depth (total):          0
  backtracks       :          0 (0.0%)
  early backtracks :          0 (0.0%)
  nodes exc. ref.  :          0 (0.0%)
  delayed cutoffs  :          0
  repropagations   :          0 (0 domain reductions, 0 cutoffs)
  avg switch length:       2.00
  switching time   :       0.00
Estim. Tree Size   :          1
Estimation Tree    : 1 nodes (1 visited, 0 internal, 1 leaves, 0 open), weight: 1.0000 completed 1.0000
Estimations        :      estim      value      trend resolution     smooth
  wbe              :          1          -          -          -          -
  tree-profile     :         -1          -          -          -          -
  gap              :          1    1.00000    1.00000          1          1
  tree-weight      :          1    1.00000    1.00000          1          1
  leaf-frequency   :          1    0.50000    1.00000          1          1
  ssg              :          1    0.00000   -1.00000          1          1
  open-nodes       :          1    0.00000    0.00000          1          1
Root Node          :
  First LP value   : -5.54443067995816e-02
  First LP Iters   :        627
  First LP Time    :       0.00
  Final Dual Bound : -5.32660621180620e-02
  Final Root Iters :        788
  Root LP Estimate :                     -
Solution           :
  Solutions found  :          7 (6 improvements)
  First Solution   : -2.86241241927895e-02   (in run 1, after 1 nodes, 1.00 seconds, depth 32, found by <clique>)
  Gap First Sol.   :     172.43 %
  Gap Last Sol.    :       0.03 %
  Primal Bound     : -5.32660621180620e-02   (in run 1, after 1 nodes, 1.00 seconds, depth 3, found by <randrounding>)
  Dual Bound       : -5.32660621180620e-02
  Gap              :       0.00 %
Integrals          :      Total       Avg%
  primal-dual      :     100.00     100.00
  primal-ref       :          -          - (not evaluated)
  dual-ref         :          -          - (not evaluated)
