SCIP version 7.0.2 [precision: 8 byte] [memory: block] [mode: optimized] [LP solver: SoPlex 5.0.2] [GitHash: e9d280a398]
Copyright (C) 2002-2020 Konrad-Zuse-Zentrum fuer Informationstechnik Berlin (ZIB)

External codes: 
  SoPlex 5.0.2         Linear Programming Solver developed at Zuse Institute Berlin (soplex.zib.de) [GitHash: e24c304e]
  CppAD 20180000.0     Algorithmic Differentiation of C++ algorithms developed by B. Bell (www.coin-or.org/CppAD)
  MPIR 3.0.0           Multiple Precision Integers and Rationals Library developed by W. Hart (mpir.org)
  ZIMPL 3.4.0          Zuse Institute Mathematical Programming Language developed by T. Koch (zimpl.zib.de)
  PaPILO 1.0.2         parallel presolve for integer and linear optimization (https://github.com/lgottwald/PaPILO) [GitHash: 62d2842]
  bliss 0.73p          Computing Graph Automorphism Groups by T. Junttila and P. Kaski (http://www.tcs.hut.fi/Software/bliss/)
  Ipopt 3.12.9         Interior Point Optimizer developed by A. Waechter et.al. (www.coin-or.org/Ipopt)

user parameter file <scip.set> not found - using default parameters

read problem <C:\Users\Claubit\Documents\GitHub\embedding\src\lp\scenarioA2_N32_B0.1_classical\IPL_linearized_N32q100.00B3.lp>
============

original problem has 1056 variables (0 bin, 1056 int, 0 impl, 0 cont) and 3073 constraints

solve problem
=============

presolving:
(round 1, fast)       32 del vars, 32 del conss, 0 add conss, 0 chg bounds, 32 chg sides, 32 chg coeffs, 0 upgd conss, 0 impls, 1984 clqs
(round 2, fast)       32 del vars, 96 del conss, 0 add conss, 0 chg bounds, 32 chg sides, 32 chg coeffs, 0 upgd conss, 0 impls, 1984 clqs
   (0.0s) running MILP presolver
   (0.0s) MILP presolver found nothing
(round 3, exhaustive) 32 del vars, 96 del conss, 0 add conss, 0 chg bounds, 32 chg sides, 32 chg coeffs, 2976 upgd conss, 0 impls, 1984 clqs
(round 4, exhaustive) 32 del vars, 3072 del conss, 992 add conss, 0 chg bounds, 32 chg sides, 32 chg coeffs, 2976 upgd conss, 0 impls, 1984 clqs
(round 5, exhaustive) 528 del vars, 3568 del conss, 992 add conss, 0 chg bounds, 32 chg sides, 32 chg coeffs, 2976 upgd conss, 0 impls, 992 clqs
   (0.0s) probing: 51/528 (9.7%) - 0 fixings, 0 aggregations, 0 implications, 0 bound changes
   (0.0s) probing aborted: 50/50 successive totally useless probings
   (0.0s) symmetry computation started: requiring (bin +, int -, cont +), (fixed: bin -, int +, cont -)
   (0.0s) no symmetry present
presolving (6 rounds: 6 fast, 4 medium, 4 exhaustive):
 528 deleted vars, 3568 deleted constraints, 992 added constraints, 0 tightened bounds, 0 added holes, 32 changed sides, 32 changed coefficients
 0 implications, 992 cliques
presolved problem has 528 variables (528 bin, 0 int, 0 impl, 0 cont) and 497 constraints
    496 constraints of type <and>
      1 constraints of type <linear>
Presolving Time: 0.00

 time | node  | left  |LP iter|LP it/n|mem/heur|mdpt |vars |cons |rows |cuts |sepa|confs|strbr|  dualbound   | primalbound  |  gap   | compl. 
p 0.0s|     1 |     0 |     0 |     - |  clique|   0 | 528 | 497 | 993 |   0 |  0 |   0 |   0 |-1.615604e+00 | 1.780282e-01 |    Inf | unknown
p 0.0s|     1 |     0 |     0 |     - |   locks|   0 | 528 | 497 | 993 |   0 |  0 |   0 |   0 |-1.615604e+00 | 9.064451e-02 |    Inf | unknown
p 0.0s|     1 |     0 |     0 |     - | vbounds|   0 | 528 | 497 | 993 |   0 |  0 |   0 |   0 |-1.615604e+00 | 8.721921e-02 |    Inf | unknown
p 0.0s|     1 |     0 |     0 |     - | vbounds|   0 | 528 | 497 | 993 |   0 |  0 |   0 |   0 |-1.615604e+00 | 8.677157e-02 |    Inf | unknown
  0.0s|     1 |     0 |   171 |     - |    13M |   0 | 528 | 497 | 993 |   0 |  0 |   0 |   0 |-2.231121e-01 | 8.677157e-02 |    Inf | unknown
L 0.0s|     1 |     0 |   171 |     - |undercov|   0 | 528 | 497 | 987 |   0 |  0 |   0 |   0 |-2.231121e-01 | 4.096547e-02 |    Inf | unknown
  0.0s|     1 |     0 |   171 |     - |    13M |   0 | 528 | 497 | 987 |   0 |  0 |   0 |   0 |-2.231121e-01 | 4.096547e-02 |    Inf | unknown
  0.0s|     1 |     0 |   171 |     - |    13M |   0 | 528 | 497 | 978 |   0 |  0 |   0 |   0 |-2.231121e-01 | 4.096547e-02 |    Inf | unknown
  0.0s|     1 |     0 |   194 |     - |    13M |   0 | 528 | 497 |1011 |  33 |  1 |   0 |   0 |-1.762038e-01 | 4.096547e-02 |    Inf | unknown
  0.0s|     1 |     0 |   194 |     - |    14M |   0 | 528 | 498 |1004 |  33 |  1 |   1 |   0 |-1.762038e-01 | 4.096547e-02 |    Inf | unknown
  0.0s|     1 |     0 |   252 |     - |    14M |   0 | 528 | 498 |1055 |  84 |  2 |   1 |   0 |-1.026979e-01 | 4.096547e-02 |    Inf | unknown
  0.0s|     1 |     0 |   252 |     - |    14M |   0 | 528 | 498 |1023 |  84 |  2 |   1 |   0 |-1.026979e-01 | 4.096547e-02 |    Inf | unknown
  0.0s|     1 |     0 |   295 |     - |    14M |   0 | 528 | 498 |1043 | 104 |  3 |   1 |   0 |-8.770303e-02 | 4.096547e-02 |    Inf | unknown
r 0.0s|     1 |     0 |   295 |     - |shifting|   0 | 528 | 498 |1040 | 104 |  3 |   1 |   0 |-8.770303e-02 | 3.833240e-02 |    Inf | unknown
  0.0s|     1 |     0 |   295 |     - |    14M |   0 | 528 | 498 |1040 | 104 |  3 |   1 |   0 |-8.770303e-02 | 3.833240e-02 |    Inf | unknown
 time | node  | left  |LP iter|LP it/n|mem/heur|mdpt |vars |cons |rows |cuts |sepa|confs|strbr|  dualbound   | primalbound  |  gap   | compl. 
  0.0s|     1 |     0 |   295 |     - |    14M |   0 | 528 | 498 |1035 | 104 |  3 |   1 |   0 |-8.770303e-02 | 3.833240e-02 |    Inf | unknown
  0.0s|     1 |     0 |   337 |     - |    15M |   0 | 528 | 498 |1051 | 120 |  4 |   1 |   0 |-7.994926e-02 | 3.833240e-02 |    Inf | unknown
  0.0s|     1 |     0 |   337 |     - |    15M |   0 | 528 | 498 |1048 | 120 |  4 |   1 |   0 |-7.994926e-02 | 3.833240e-02 |    Inf | unknown
  0.0s|     1 |     0 |   358 |     - |    15M |   0 | 528 | 498 |1058 | 130 |  5 |   1 |   0 |-7.227063e-02 | 3.833240e-02 |    Inf | unknown
  0.0s|     1 |     0 |   358 |     - |    15M |   0 | 528 | 498 |1050 | 130 |  5 |   1 |   0 |-7.227063e-02 | 3.833240e-02 |    Inf | unknown
  0.0s|     1 |     0 |   388 |     - |    15M |   0 | 528 | 498 |1051 | 131 |  6 |   1 |   0 |-6.637289e-02 | 3.833240e-02 |    Inf | unknown
  0.0s|     1 |     0 |   388 |     - |    15M |   0 | 528 | 500 |1048 | 131 |  6 |   3 |   0 |-6.637289e-02 | 3.833240e-02 |    Inf | unknown
  0.0s|     1 |     0 |   413 |     - |    15M |   0 | 528 | 500 |1062 | 145 |  7 |   3 |   0 |-6.234610e-02 | 3.833240e-02 |    Inf | unknown
  0.0s|     1 |     0 |   413 |     - |    15M |   0 | 528 | 500 |1058 | 145 |  7 |   3 |   0 |-6.234610e-02 | 3.833240e-02 |    Inf | unknown
  0.0s|     1 |     0 |   441 |     - |    16M |   0 | 528 | 500 |1061 | 148 |  8 |   3 |   0 |-5.981695e-02 | 3.833240e-02 |    Inf | unknown
  0.0s|     1 |     0 |   441 |     - |    16M |   0 | 528 | 500 |1028 | 148 |  8 |   3 |   0 |-5.981695e-02 | 3.833240e-02 |    Inf | unknown
  0.0s|     1 |     0 |   451 |     - |    16M |   0 | 528 | 500 |1024 | 150 |  9 |   3 |   0 |-5.921711e-02 | 3.833240e-02 |    Inf | unknown
  1.0s|     1 |     0 |   501 |     - |    16M |   0 | 528 | 500 |1026 | 152 | 10 |   3 |   0 |-5.606864e-02 | 3.833240e-02 |    Inf | unknown
  1.0s|     1 |     0 |   549 |     - |    16M |   0 | 528 | 500 |1025 | 153 | 11 |   3 |   0 |-5.426436e-02 | 3.833240e-02 |    Inf | unknown
  1.0s|     1 |     0 |   549 |     - |    16M |   0 | 528 | 500 |1024 | 153 | 11 |   3 |   0 |-5.426436e-02 | 3.833240e-02 |    Inf | unknown
 time | node  | left  |LP iter|LP it/n|mem/heur|mdpt |vars |cons |rows |cuts |sepa|confs|strbr|  dualbound   | primalbound  |  gap   | compl. 
  1.0s|     1 |     0 |   579 |     - |    16M |   0 | 528 | 500 |1026 | 155 | 12 |   3 |   0 |-5.347562e-02 | 3.833240e-02 |    Inf | unknown
  1.0s|     1 |     0 |   588 |     - |    16M |   0 | 528 | 500 |1028 | 157 | 13 |   3 |   0 |-5.323851e-02 | 3.833240e-02 |    Inf | unknown
  1.0s|     1 |     0 |   606 |     - |    16M |   0 | 528 | 500 |1030 | 159 | 14 |   3 |   0 |-5.314724e-02 | 3.833240e-02 |    Inf | unknown
  1.0s|     1 |     0 |   619 |     - |    18M |   0 | 528 | 500 |1031 | 160 | 15 |   3 |   0 |-5.303478e-02 | 3.833240e-02 |    Inf | unknown
  1.0s|     1 |     0 |   630 |     - |    18M |   0 | 528 | 500 |1034 | 163 | 16 |   3 |   0 |-5.298799e-02 | 3.833240e-02 |    Inf | unknown
  1.0s|     1 |     0 |   659 |     - |    18M |   0 | 528 | 501 |1022 | 164 | 17 |   4 |   0 |-5.231273e-02 | 3.833240e-02 |    Inf | unknown
  1.0s|     1 |     0 |   681 |     - |    18M |   0 | 528 | 501 |1024 | 166 | 18 |   4 |   0 |-5.190255e-02 | 3.833240e-02 |    Inf | unknown
  1.0s|     1 |     0 |   694 |     - |    18M |   0 | 528 | 501 |1027 | 169 | 19 |   4 |   0 |-5.187015e-02 | 3.833240e-02 |    Inf | unknown
  1.0s|     1 |     0 |   708 |     - |    19M |   0 | 528 | 501 |1030 | 172 | 20 |   4 |   0 |-5.170848e-02 | 3.833240e-02 |    Inf | unknown
  1.0s|     1 |     0 |   708 |     - |    19M |   0 | 528 | 501 |1029 | 172 | 20 |   4 |   0 |-5.170848e-02 | 3.833240e-02 |    Inf | unknown
  1.0s|     1 |     0 |   721 |     - |    19M |   0 | 528 | 501 |1032 | 175 | 21 |   4 |   0 |-5.165343e-02 | 3.833240e-02 |    Inf | unknown
  1.0s|     1 |     0 |   728 |     - |    19M |   0 | 528 | 501 |1033 | 176 | 22 |   4 |   0 |-5.161656e-02 | 3.833240e-02 |    Inf | unknown
  1.0s|     1 |     0 |   741 |     - |    19M |   0 | 528 | 501 |1022 | 178 | 23 |   4 |   0 |-5.149312e-02 | 3.833240e-02 |    Inf | unknown
  1.0s|     1 |     0 |   742 |     - |    19M |   0 | 528 | 501 |1023 | 179 | 24 |   4 |   0 |-5.149115e-02 | 3.833240e-02 |    Inf | unknown
  1.0s|     1 |     0 |   746 |     - |    19M |   0 | 528 | 501 |1024 | 180 | 25 |   4 |   0 |-5.148102e-02 | 3.833240e-02 |    Inf | unknown
 time | node  | left  |LP iter|LP it/n|mem/heur|mdpt |vars |cons |rows |cuts |sepa|confs|strbr|  dualbound   | primalbound  |  gap   | compl. 
  1.0s|     1 |     0 |   750 |     - |    19M |   0 | 528 | 501 |1025 | 181 | 26 |   4 |   0 |-5.147168e-02 | 3.833240e-02 |    Inf | unknown
  1.0s|     1 |     0 |   765 |     - |    19M |   0 | 528 | 501 |1026 | 182 | 27 |   4 |   0 |-5.126416e-02 | 3.833240e-02 |    Inf | unknown
  1.0s|     1 |     0 |   772 |     - |    19M |   0 | 528 | 501 |1027 | 183 | 28 |   4 |   0 |-5.121647e-02 | 3.833240e-02 |    Inf | unknown
  1.0s|     1 |     0 |   775 |     - |    19M |   0 | 528 | 501 |1021 | 184 | 29 |   4 |   0 |-5.121373e-02 | 3.833240e-02 |    Inf | unknown
  1.0s|     1 |     0 |   776 |     - |    19M |   0 | 528 | 501 |1022 | 185 | 30 |   4 |   0 |-5.120387e-02 | 3.833240e-02 |    Inf | unknown
  1.0s|     1 |     0 |   782 |     - |    19M |   0 | 528 | 501 |1023 | 186 | 31 |   4 |   0 |-5.117556e-02 | 3.833240e-02 |    Inf | unknown
  1.0s|     1 |     0 |   784 |     - |    19M |   0 | 528 | 501 |1024 | 187 | 32 |   4 |   0 |-5.117548e-02 | 3.833240e-02 |    Inf | unknown
  1.0s|     1 |     0 |   784 |     - |    19M |   0 | 528 | 470 |1087 | 187 | 34 |   4 |   0 |-5.117548e-02 | 3.833240e-02 |    Inf | unknown
  1.0s|     1 |     0 |   786 |     - |    19M |   0 | 528 | 470 |1088 | 188 | 35 |   4 |   0 |-5.117509e-02 | 3.833240e-02 |    Inf | unknown
  1.0s|     1 |     0 |   789 |     - |    19M |   0 | 528 | 470 |1089 | 189 | 36 |   4 |   0 |-5.116910e-02 | 3.833240e-02 |    Inf | unknown
  1.0s|     1 |     0 |   790 |     - |    19M |   0 | 528 | 470 |1080 | 190 | 37 |   4 |   0 |-5.116868e-02 | 3.833240e-02 |    Inf | unknown
  1.0s|     1 |     0 |   791 |     - |    19M |   0 | 528 | 470 |1081 | 191 | 38 |   4 |   0 |-5.116748e-02 | 3.833240e-02 |    Inf | unknown
d 1.0s|     1 |     0 |  1098 |     - |farkasdi|   0 | 528 | 470 |1081 |   0 | 40 |  24 |   0 |-5.116748e-02 | 3.265376e-02 |    Inf | unknown
(run 1, node 1) restarting after 95 global fixings of integer variables

(restart) converted 95 cuts from the global cut pool into linear constraints

presolving:
(round 1, fast)       95 del vars, 1 del conss, 0 add conss, 0 chg bounds, 0 chg sides, 0 chg coeffs, 0 upgd conss, 0 impls, 867 clqs
(round 2, exhaustive) 95 del vars, 1 del conss, 0 add conss, 0 chg bounds, 0 chg sides, 0 chg coeffs, 94 upgd conss, 0 impls, 867 clqs
presolving (3 rounds: 3 fast, 2 medium, 2 exhaustive):
 95 deleted vars, 1 deleted constraints, 0 added constraints, 0 tightened bounds, 0 added holes, 0 changed sides, 0 changed coefficients
 0 implications, 868 cliques
presolved problem has 433 variables (433 bin, 0 int, 0 impl, 0 cont) and 568 constraints
     40 constraints of type <knapsack>
    118 constraints of type <setppc>
    402 constraints of type <and>
      1 constraints of type <linear>
      7 constraints of type <logicor>
Presolving Time: 0.00
transformed 19/19 original solutions to the transformed problem space

 time | node  | left  |LP iter|LP it/n|mem/heur|mdpt |vars |cons |rows |cuts |sepa|confs|strbr|  dualbound   | primalbound  |  gap   | compl. 
  1.0s|     1 |     0 |  1605 |     - |    20M |   0 | 433 | 568 | 962 |   0 |  0 |  28 |   0 |-5.116748e-02 | 3.265376e-02 |    Inf | unknown
  1.0s|     1 |     0 |  1605 |     - |    20M |   0 | 433 | 568 | 961 |   0 |  0 |  28 |   0 |-5.116748e-02 | 3.265376e-02 |    Inf | unknown
  2.0s|     1 |     0 |  1732 |     - |    20M |   0 | 433 | 568 | 992 |  31 |  1 |  28 |   0 |-5.116748e-02 | 3.265376e-02 |    Inf | unknown
  2.0s|     1 |     0 |  1732 |     - |    20M |   0 | 433 | 568 | 981 |  31 |  1 |  28 |   0 |-5.116748e-02 | 3.265376e-02 |    Inf | unknown
  2.0s|     1 |     0 |  1804 |     - |    20M |   0 | 433 | 568 |1001 |  51 |  2 |  28 |   0 |-5.025950e-02 | 3.265376e-02 |    Inf | unknown
  2.0s|     1 |     0 |  1804 |     - |    20M |   0 | 433 | 568 | 998 |  51 |  2 |  28 |   0 |-5.025950e-02 | 3.265376e-02 |    Inf | unknown
  2.0s|     1 |     0 |  1822 |     - |    21M |   0 | 433 | 568 |1002 |  55 |  3 |  28 |   0 |-5.009331e-02 | 3.265376e-02 |    Inf | unknown
  2.0s|     1 |     0 |  1831 |     - |    21M |   0 | 433 | 568 |1004 |  57 |  4 |  28 |   0 |-5.006118e-02 | 3.265376e-02 |    Inf | unknown
  2.0s|     1 |     0 |  1836 |     - |    23M |   0 | 433 | 568 |1005 |  58 |  5 |  28 |   0 |-5.004719e-02 | 3.265376e-02 |    Inf | unknown
  2.0s|     1 |     0 |  1891 |     - |    23M |   0 | 433 | 568 |1006 |  59 |  6 |  28 |   0 |-4.883117e-02 | 3.265376e-02 |    Inf | unknown
  2.0s|     1 |     0 |  1912 |     - |    23M |   0 | 433 | 568 |1008 |  61 |  7 |  28 |   0 |-4.867700e-02 | 3.265376e-02 |    Inf | unknown
  2.0s|     1 |     0 |  1912 |     - |    23M |   0 | 433 | 568 |1007 |  61 |  7 |  28 |   0 |-4.867700e-02 | 3.265376e-02 |    Inf | unknown
  3.0s|     1 |     0 |  1931 |     - |    24M |   0 | 433 | 568 |1009 |  63 |  8 |  28 |   0 |-4.793547e-02 | 3.265376e-02 |    Inf | unknown
  3.0s|     1 |     0 |  1931 |     - |    24M |   0 | 433 | 568 |1008 |  63 |  8 |  28 |   0 |-4.793547e-02 | 3.265376e-02 |    Inf | unknown
  3.0s|     1 |     0 |  1934 |     - |    24M |   0 | 433 | 568 |1010 |  65 |  9 |  28 |   0 |-4.793299e-02 | 3.265376e-02 |    Inf | unknown
 time | node  | left  |LP iter|LP it/n|mem/heur|mdpt |vars |cons |rows |cuts |sepa|confs|strbr|  dualbound   | primalbound  |  gap   | compl. 
  3.0s|     1 |     0 |  1963 |     - |    24M |   0 | 433 | 569 |1011 |  66 | 10 |  29 |   0 |-4.738734e-02 | 3.265376e-02 |    Inf | unknown
  3.0s|     1 |     0 |  1963 |     - |    24M |   0 | 433 | 569 |1010 |  66 | 10 |  29 |   0 |-4.738734e-02 | 3.265376e-02 |    Inf | unknown
  3.0s|     1 |     0 |  1987 |     - |    24M |   0 | 433 | 569 |1012 |  68 | 11 |  29 |   0 |-4.718784e-02 | 3.265376e-02 |    Inf | unknown
  3.0s|     1 |     0 |  2027 |     - |    24M |   0 | 433 | 569 |1013 |  69 | 12 |  29 |   0 |-4.676268e-02 | 3.265376e-02 |    Inf | unknown
  3.0s|     1 |     0 |  2027 |     - |    24M |   0 | 433 | 569 |1012 |  69 | 12 |  29 |   0 |-4.676268e-02 | 3.265376e-02 |    Inf | unknown
  3.0s|     1 |     0 |  2033 |     - |    24M |   0 | 433 | 569 |1015 |  72 | 13 |  29 |   0 |-4.674828e-02 | 3.265376e-02 |    Inf | unknown
  3.0s|     1 |     0 |  2066 |     - |    24M |   0 | 433 | 569 |1017 |  74 | 14 |  29 |   0 |-4.612515e-02 | 3.265376e-02 |    Inf | unknown
  3.0s|     1 |     0 |  2066 |     - |    24M |   0 | 433 | 569 |1016 |  74 | 14 |  29 |   0 |-4.612515e-02 | 3.265376e-02 |    Inf | unknown
  3.0s|     1 |     0 |  2072 |     - |    24M |   0 | 433 | 569 | 992 |  75 | 15 |  29 |   0 |-4.612087e-02 | 3.265376e-02 |    Inf | unknown
  3.0s|     1 |     0 |  2074 |     - |    24M |   0 | 433 | 569 | 993 |  76 | 16 |  29 |   0 |-4.612066e-02 | 3.265376e-02 |    Inf | unknown
  3.0s|     1 |     0 |  2089 |     - |    24M |   0 | 433 | 569 | 994 |  77 | 17 |  29 |   0 |-4.599932e-02 | 3.265376e-02 |    Inf | unknown
  3.0s|     1 |     0 |  2117 |     - |    24M |   0 | 433 | 569 | 995 |  78 | 18 |  29 |   0 |-4.570718e-02 | 3.265376e-02 |    Inf | unknown
  3.0s|     1 |     0 |  2136 |     - |    25M |   0 | 433 | 569 | 997 |  80 | 19 |  29 |   0 |-4.555149e-02 | 3.265376e-02 |    Inf | unknown
  3.0s|     1 |     0 |  2147 |     - |    25M |   0 | 433 | 569 | 998 |  81 | 20 |  29 |   0 |-4.551749e-02 | 3.265376e-02 |    Inf | unknown
  3.0s|     1 |     0 |  2153 |     - |    25M |   0 | 433 | 569 | 985 |  82 | 21 |  29 |   0 |-4.547338e-02 | 3.265376e-02 |    Inf | unknown
 time | node  | left  |LP iter|LP it/n|mem/heur|mdpt |vars |cons |rows |cuts |sepa|confs|strbr|  dualbound   | primalbound  |  gap   | compl. 
  3.0s|     1 |     0 |  2167 |     - |    25M |   0 | 433 | 569 | 987 |  84 | 22 |  29 |   0 |-4.546176e-02 | 3.265376e-02 |    Inf | unknown
  3.0s|     1 |     0 |  2172 |     - |    25M |   0 | 433 | 572 | 988 |  85 | 23 |  32 |   0 |-4.545514e-02 | 3.265376e-02 |    Inf | unknown
  3.0s|     1 |     0 |  2178 |     - |    25M |   0 | 433 | 572 | 989 |  86 | 24 |  32 |   0 |-4.542474e-02 | 3.265376e-02 |    Inf | unknown
  3.0s|     1 |     0 |  2180 |     - |    25M |   0 | 433 | 572 | 990 |  87 | 25 |  32 |   0 |-4.542409e-02 | 3.265376e-02 |    Inf | unknown
  4.0s|     1 |     0 |  2181 |     - |    25M |   0 | 433 | 572 | 991 |  88 | 26 |  32 |   0 |-4.542281e-02 | 3.265376e-02 |    Inf | unknown
  4.0s|     1 |     0 |  2181 |     - |    25M |   0 | 433 | 572 |1011 |  88 | 28 |  32 |   0 |-4.542281e-02 | 3.265376e-02 |    Inf | unknown
  4.0s|     1 |     0 |  2184 |     - |    25M |   0 | 433 | 572 |1002 |  89 | 29 |  32 |   0 |-4.540508e-02 | 3.265376e-02 |    Inf | unknown
  4.0s|     1 |     0 |  2677 |     - |    25M |   0 | 433 | 596 |1004 |  89 | 31 |  59 |  23 |-4.109072e-02 | 3.265376e-02 |    Inf | unknown
  4.0s|     1 |     0 |  2697 |     - |    25M |   0 | 433 | 596 |1009 |  94 | 32 |  59 |  23 |-4.109072e-02 | 3.265376e-02 |    Inf | unknown
  4.0s|     1 |     0 |  2701 |     - |    25M |   0 | 433 | 596 |1010 |  95 | 33 |  59 |  23 |-4.109072e-02 | 3.265376e-02 |    Inf | unknown
  4.0s|     1 |     0 |  2742 |     - |    25M |   0 | 433 | 593 |1015 |  95 | 33 |  63 |  37 |-4.109072e-02 | 3.265376e-02 |    Inf | unknown
  4.0s|     1 |     0 |  2742 |     - |    25M |   0 | 433 | 593 |1001 |  95 | 33 |  63 |  37 |-4.109072e-02 | 3.265376e-02 |    Inf | unknown
  4.0s|     1 |     0 |  2754 |     - |    25M |   0 | 433 | 591 |1004 |  98 | 34 |  63 |  37 |-4.109072e-02 | 3.265376e-02 |    Inf | unknown
  4.0s|     1 |     0 |  2761 |     - |    25M |   0 | 433 | 591 |1005 |  99 | 35 |  63 |  37 |-4.109072e-02 | 3.265376e-02 |    Inf | unknown
  4.0s|     1 |     0 |  2761 |     - |    25M |   0 | 433 | 591 |1003 |  99 | 35 |  63 |  37 |-4.109072e-02 | 3.265376e-02 |    Inf | unknown
 time | node  | left  |LP iter|LP it/n|mem/heur|mdpt |vars |cons |rows |cuts |sepa|confs|strbr|  dualbound   | primalbound  |  gap   | compl. 
  4.0s|     1 |     0 |  2761 |     - |    25M |   0 | 433 | 591 |1010 |  99 | 35 |  63 |  37 |-4.109072e-02 | 3.265376e-02 |    Inf | unknown
  4.0s|     1 |     0 |  2775 |     - |    25M |   0 | 433 | 590 |1012 |  99 | 37 |  64 |  57 |-4.019224e-02 | 3.265376e-02 |    Inf | unknown
  4.0s|     1 |     0 |  2775 |     - |    25M |   0 | 433 | 590 |1006 |  99 | 37 |  64 |  57 |-4.019224e-02 | 3.265376e-02 |    Inf | unknown
  4.0s|     1 |     0 |  2786 |     - |    25M |   0 | 433 | 590 |1008 | 101 | 38 |  64 |  57 |-4.019224e-02 | 3.265376e-02 |    Inf | unknown
  4.0s|     1 |     0 |  2786 |     - |    25M |   0 | 433 | 590 |1007 | 101 | 38 |  64 |  57 |-4.019224e-02 | 3.265376e-02 |    Inf | unknown
  4.0s|     1 |     0 |  2791 |     - |    25M |   0 | 433 | 590 |1004 | 103 | 39 |  64 |  57 |-4.019224e-02 | 3.265376e-02 |    Inf | unknown
  4.0s|     1 |     0 |  2791 |     - |    25M |   0 | 433 | 590 |1007 | 103 | 39 |  64 |  57 |-4.019224e-02 | 3.265376e-02 |    Inf | unknown
  4.0s|     1 |     0 |  2795 |     - |    25M |   0 | 433 | 590 |1008 | 103 | 41 |  65 |  63 |-4.019224e-02 | 3.265376e-02 |    Inf | unknown
  4.0s|     1 |     2 |  2795 |     - |    25M |   0 | 433 | 590 |1008 | 103 | 43 |  65 |  63 |-4.019224e-02 | 3.265376e-02 |    Inf | unknown
(run 2, node 1) restarting after 40 global fixings of integer variables

(restart) converted 76 cuts from the global cut pool into linear constraints

presolving:
(round 1, fast)       40 del vars, 12 del conss, 3 add conss, 0 chg bounds, 0 chg sides, 112 chg coeffs, 0 upgd conss, 0 impls, 828 clqs
(round 2, exhaustive) 40 del vars, 12 del conss, 3 add conss, 0 chg bounds, 0 chg sides, 112 chg coeffs, 65 upgd conss, 0 impls, 828 clqs
(round 3, fast)       40 del vars, 14 del conss, 3 add conss, 0 chg bounds, 0 chg sides, 112 chg coeffs, 65 upgd conss, 0 impls, 829 clqs
(round 4, medium)     40 del vars, 16 del conss, 5 add conss, 0 chg bounds, 2 chg sides, 116 chg coeffs, 65 upgd conss, 0 impls, 829 clqs
(round 5, fast)       40 del vars, 17 del conss, 5 add conss, 0 chg bounds, 2 chg sides, 116 chg coeffs, 65 upgd conss, 0 impls, 829 clqs
(round 6, exhaustive) 40 del vars, 19 del conss, 5 add conss, 0 chg bounds, 2 chg sides, 116 chg coeffs, 65 upgd conss, 0 impls, 829 clqs
(round 7, exhaustive) 40 del vars, 19 del conss, 5 add conss, 0 chg bounds, 2 chg sides, 119 chg coeffs, 65 upgd conss, 0 impls, 829 clqs
presolving (8 rounds: 8 fast, 5 medium, 4 exhaustive):
 40 deleted vars, 19 deleted constraints, 5 added constraints, 0 tightened bounds, 0 added holes, 2 changed sides, 119 changed coefficients
 0 implications, 829 cliques
presolved problem has 393 variables (393 bin, 0 int, 0 impl, 0 cont) and 652 constraints
     46 constraints of type <knapsack>
    206 constraints of type <setppc>
    362 constraints of type <and>
      9 constraints of type <linear>
     29 constraints of type <logicor>
Presolving Time: 0.00
transformed 24/25 original solutions to the transformed problem space

 time | node  | left  |LP iter|LP it/n|mem/heur|mdpt |vars |cons |rows |cuts |sepa|confs|strbr|  dualbound   | primalbound  |  gap   | compl. 
  4.0s|     1 |     0 |  3080 |     - |    23M |   0 | 393 | 652 | 987 |   0 |  0 |  65 |  63 |-4.019224e-02 | 3.265376e-02 |    Inf | unknown
  4.0s|     1 |     0 |  3080 |     - |    23M |   0 | 393 | 652 | 981 |   0 |  0 |  65 |  63 |-4.019224e-02 | 3.265376e-02 |    Inf | unknown
  4.0s|     1 |     0 |  3088 |     - |    23M |   0 | 393 | 652 | 983 |   2 |  1 |  65 |  63 |-4.019224e-02 | 3.265376e-02 |    Inf | unknown
  5.0s|     1 |     0 |  3123 |     - |    23M |   0 | 393 | 652 | 984 |   3 |  2 |  65 |  63 |-3.727715e-02 | 3.265376e-02 |    Inf | unknown
  5.0s|     1 |     0 |  3123 |     - |    23M |   0 | 393 | 655 | 979 |   3 |  2 |  68 |  63 |-3.727715e-02 | 3.265376e-02 |    Inf | unknown
  5.0s|     1 |     0 |  3147 |     - |    23M |   0 | 393 | 655 | 982 |   6 |  3 |  68 |  63 |-3.667165e-02 | 3.265376e-02 |    Inf | unknown
  5.0s|     1 |     0 |  3147 |     - |    23M |   0 | 393 | 655 | 981 |   6 |  3 |  68 |  63 |-3.667165e-02 | 3.265376e-02 |    Inf | unknown
  5.0s|     1 |     0 |  3179 |     - |    23M |   0 | 393 | 655 | 982 |   7 |  4 |  68 |  63 |-3.562827e-02 | 3.265376e-02 |    Inf | unknown
  5.0s|     1 |     0 |  3179 |     - |    23M |   0 | 393 | 655 | 979 |   7 |  4 |  68 |  63 |-3.562827e-02 | 3.265376e-02 |    Inf | unknown
  5.0s|     1 |     0 |  3209 |     - |    23M |   0 | 393 | 655 | 980 |   8 |  5 |  68 |  63 |-3.523455e-02 | 3.265376e-02 |    Inf | unknown
  5.0s|     1 |     0 |  3237 |     - |    24M |   0 | 393 | 655 | 982 |  10 |  6 |  68 |  63 |-3.492703e-02 | 3.265376e-02 |    Inf | unknown
  5.0s|     1 |     0 |  3237 |     - |    24M |   0 | 393 | 655 | 980 |  10 |  6 |  68 |  63 |-3.492703e-02 | 3.265376e-02 |    Inf | unknown
  5.0s|     1 |     0 |  3259 |     - |    25M |   0 | 393 | 655 | 981 |  11 |  7 |  68 |  63 |-3.481101e-02 | 3.265376e-02 |    Inf | unknown
  5.0s|     1 |     0 |  3290 |     - |    25M |   0 | 393 | 655 | 982 |  12 |  8 |  68 |  63 |-3.447365e-02 | 3.265376e-02 |    Inf | unknown
  5.0s|     1 |     0 |  3342 |     - |    25M |   0 | 393 | 655 | 983 |  13 |  9 |  68 |  63 |-3.364111e-02 | 3.265376e-02 |    Inf | unknown
 time | node  | left  |LP iter|LP it/n|mem/heur|mdpt |vars |cons |rows |cuts |sepa|confs|strbr|  dualbound   | primalbound  |  gap   | compl. 
  5.0s|     1 |     0 |  3342 |     - |    25M |   0 | 393 | 655 | 982 |  13 |  9 |  68 |  63 |-3.364111e-02 | 3.265376e-02 |    Inf | unknown
  5.0s|     1 |     0 |  3344 |     - |    25M |   0 | 393 | 655 | 945 |  15 | 10 |  68 |  63 |-3.363516e-02 | 3.265376e-02 |    Inf | unknown
  6.0s|     1 |     0 |  3375 |     - |    25M |   0 | 393 | 655 | 946 |  16 | 11 |  68 |  63 |-3.316838e-02 | 3.265376e-02 |    Inf | unknown
  6.0s|     1 |     0 |  3390 |     - |    25M |   0 | 393 | 655 | 949 |  19 | 12 |  68 |  63 |-3.313394e-02 | 3.265376e-02 |    Inf | unknown
  6.0s|     1 |     0 |  3404 |     - |    25M |   0 | 393 | 655 | 950 |  20 | 13 |  68 |  63 |-3.311116e-02 | 3.265376e-02 |    Inf | unknown
  6.0s|     1 |     0 |  3408 |     - |    25M |   0 | 393 | 655 | 952 |  22 | 14 |  68 |  63 |-3.310789e-02 | 3.265376e-02 |    Inf | unknown
  6.0s|     1 |     0 |  3424 |     - |    25M |   0 | 393 | 655 | 953 |  23 | 15 |  68 |  63 |-3.303737e-02 | 3.265376e-02 |    Inf | unknown
  6.0s|     1 |     0 |  3424 |     - |    25M |   0 | 393 | 657 | 952 |  23 | 15 |  70 |  63 |-3.303737e-02 | 3.265376e-02 |    Inf | unknown
  6.0s|     1 |     0 |  3434 |     - |    25M |   0 | 393 | 657 | 944 |  24 | 16 |  70 |  63 |-3.301228e-02 | 3.265376e-02 |    Inf | unknown
  6.0s|     1 |     0 |  3435 |     - |    25M |   0 | 393 | 657 | 945 |  25 | 17 |  70 |  63 |-3.301153e-02 | 3.265376e-02 |    Inf | unknown
  6.0s|     1 |     0 |  3438 |     - |    25M |   0 | 393 | 657 | 946 |  26 | 18 |  70 |  63 |-3.300815e-02 | 3.265376e-02 |    Inf | unknown
  6.0s|     1 |     0 |  3442 |     - |    25M |   0 | 393 | 657 | 947 |  27 | 19 |  70 |  63 |-3.298926e-02 | 3.265376e-02 |    Inf | unknown
  6.0s|     1 |     0 |  3444 |     - |    26M |   0 | 393 | 659 | 948 |  28 | 20 |  72 |  63 |-3.298515e-02 | 3.265376e-02 |    Inf | unknown
  6.0s|     1 |     0 |  3456 |     - |    26M |   0 | 393 | 661 | 949 |  29 | 21 |  74 |  63 |-3.295177e-02 | 3.265376e-02 |    Inf | unknown
  6.0s|     1 |     0 |  3456 |     - |    26M |   0 | 393 | 661 | 968 |  29 | 21 |  74 |  63 |-3.295177e-02 | 3.265376e-02 |    Inf | unknown
 time | node  | left  |LP iter|LP it/n|mem/heur|mdpt |vars |cons |rows |cuts |sepa|confs|strbr|  dualbound   | primalbound  |  gap   | compl. 
  6.0s|     1 |     0 |  3466 |     - |    26M |   0 | 393 | 661 | 947 |  30 | 22 |  74 |  63 |-3.291909e-02 | 3.265376e-02 |    Inf | unknown
  6.0s|     1 |     0 |  3469 |     - |    26M |   0 | 393 | 661 | 948 |  31 | 23 |  74 |  63 |-3.291740e-02 | 3.265376e-02 |    Inf | unknown
  6.0s|     1 |     0 |  3474 |     - |    26M |   0 | 393 | 661 | 949 |  32 | 24 |  74 |  63 |-3.289351e-02 | 3.265376e-02 |    Inf | unknown
  6.0s|     1 |     0 |  3480 |     - |    26M |   0 | 393 | 661 | 951 |  34 | 25 |  74 |  63 |-3.288920e-02 | 3.265376e-02 |    Inf | unknown
  6.0s|     1 |     0 |  3489 |     - |    26M |   0 | 393 | 662 | 952 |  35 | 26 |  75 |  63 |-3.287497e-02 | 3.265376e-02 |    Inf | unknown
  6.0s|     1 |     0 |  3501 |     - |    26M |   0 | 393 | 662 | 953 |  36 | 27 |  75 |  63 |-3.286154e-02 | 3.265376e-02 |    Inf | unknown
  6.0s|     1 |     0 |  3503 |     - |    26M |   0 | 393 | 662 | 947 |  37 | 28 |  75 |  63 |-3.286135e-02 | 3.265376e-02 |    Inf | unknown
  6.0s|     1 |     0 |  3506 |     - |    26M |   0 | 393 | 662 | 948 |  38 | 29 |  75 |  63 |-3.286075e-02 | 3.265376e-02 |    Inf | unknown
  6.0s|     1 |     0 |  3507 |     - |    26M |   0 | 393 | 662 | 949 |  39 | 30 |  75 |  63 |-3.286066e-02 | 3.265376e-02 |    Inf | unknown
d 6.0s|     1 |     0 |  3747 |     - |farkasdi|   0 | 393 | 687 | 949 |   0 | 32 | 100 |  63 |-3.286066e-02 | 3.248677e-02 |    Inf | unknown
  6.0s|     1 |     0 |  3891 |     - |    26M |   0 | 393 | 696 | 949 |  39 | 32 | 109 |  63 |-3.286066e-02 | 3.248677e-02 |    Inf | unknown
  6.0s|     1 |     2 |  3891 |     - |    26M |   0 | 393 | 697 | 949 |  39 | 34 | 110 |  82 |-2.506017e-02 | 3.248677e-02 |    Inf | unknown
* 7.0s|     6 |     3 |  4234 | 248.6 |strongbr|   4 | 393 | 654 | 967 |  77 |  3 | 173 | 164 |-1.785829e-02 | 3.050190e-02 |    Inf |  16.85%
* 7.0s|     8 |     1 |  4361 | 207.4 |strongbr|   4 | 393 | 654 | 965 |  90 |  4 | 188 | 178 |-1.578981e-02 | 2.149159e-02 |    Inf |  27.82%

SCIP Status        : problem is solved [optimal solution found]
Solving Time (sec) : 7.00
Solving Nodes      : 9 (total of 11 nodes in 3 runs)
Primal Bound       : +2.14915890901560e-02 (31 solutions)
Dual Bound         : +2.14915890901560e-02
Gap                : 0.00 %

primal solution (original space):
=================================

objective value:                    0.021491589090156
y(17,17)                                            1 	(obj:0.029436951076714)
y(17,30)                                            1 	(obj:-0.00945330361259593)
y(17,32)                                            1 	(obj:-0.00626714876303083)
y(30,17)                                            1 	(obj:-0.00945330361259593)
y(30,30)                                            1 	(obj:0.0121782394704427)
y(30,32)                                            1 	(obj:0.00526843153285966)
y(32,17)                                            1 	(obj:-0.00626714876303083)
y(32,30)                                            1 	(obj:0.00526843153285966)
y(32,32)                                            1 	(obj:0.00876949792425062)
x(17)                                               1 	(obj:0.00117967554409262)
x(30)                                               1 	(obj:-0.00517621098612854)
x(32)                                               1 	(obj:-0.0039925222536812)

Statistics
==========

SCIP Status        : problem is solved [optimal solution found]
Total Time         :       7.00
  solving          :       7.00
  presolving       :       0.00 (included in solving)
  reading          :       0.00
  copying          :       0.00 (5 #copies) (minimal 0.00, maximal 0.00, average 0.00)
Original Problem   :
  Problem name     : C:\Users\Claubit\Documents\GitHub\embedding\src\lp\scenarioA2_N32_B0.1_classical\IPL_linearized_N32q100.00B3.lp
  Variables        : 1056 (0 binary, 1056 integer, 0 implicit integer, 0 continuous)
  Constraints      : 3073 initial, 3073 maximal
  Objective        : minimize, 1056 non-zeros (abs.min = 8.66129e-06, abs.max = 0.180624)
Presolved Problem  :
  Problem name     : t_C:\Users\Claubit\Documents\GitHub\embedding\src\lp\scenarioA2_N32_B0.1_classical\IPL_linearized_N32q100.00B3.lp
  Variables        : 393 (393 binary, 0 integer, 0 implicit integer, 0 continuous)
  Constraints      : 652 initial, 760 maximal
  Objective        : minimize, 393 non-zeros (abs.min = 1.73226e-05, abs.max = 0.139036)
  Nonzeros         : 5011 constraint, 1584 clique table
Presolvers         :   ExecTime  SetupTime  Calls  FixedVars   AggrVars   ChgTypes  ChgBounds   AddHoles    DelCons    AddCons   ChgSides   ChgCoefs
  boundshift       :       0.00       0.00      0          0          0          0          0          0          0          0          0          0
  convertinttobin  :       0.00       0.00      0          0          0          0          0          0          0          0          0          0
  domcol           :       0.00       0.00      3          0          0          0          0          0          0          0          0          0
  dualagg          :       0.00       0.00      0          0          0          0          0          0          0          0          0          0
  dualcomp         :       0.00       0.00      0          0          0          0          0          0          0          0          0          0
  dualinfer        :       0.00       0.00      0          0          0          0          0          0          0          0          0          0
  dualsparsify     :       0.00       0.00      1          0          0          0          0          0          0          0          0          0
  gateextraction   :       0.00       0.00      7          0          0          0          0          0       2976        992          0          0
  implics          :       0.00       0.00     11          0          0          0          0          0          0          0          0          0
  inttobinary      :       0.00       0.00      0          0          0          0          0          0          0          0          0          0
  milp             :       0.00       0.00      1          0          0          0          0          0          0          0          0          0
  qpkktref         :       0.00       0.00      0          0          0          0          0          0          0          0          0          0
  redvub           :       0.00       0.00      0          0          0          0          0          0          0          0          0          0
  sparsify         :       0.00       0.00      1          0          0          0          0          0          0          0          0          0
  stuffing         :       0.00       0.00      0          0          0          0          0          0          0          0          0          0
  trivial          :       0.00       0.00     17        135          0          0          0          0          0          0          0          0
  tworowbnd        :       0.00       0.00      0          0          0          0          0          0          0          0          0          0
  dualfix          :       0.00       0.00     17          0          0          0          0          0          0          0          0          0
  genvbounds       :       0.00       0.00      0          0          0          0          0          0          0          0          0          0
  probing          :       0.00       0.00      1          0          0          0          0          0          0          0          0          0
  pseudoobj        :       0.00       0.00      2          0          0          0          0          0          0          0          0          0
  symmetry         :       0.00       0.00      1          0          0          0          0          0          0          0          0          0
  vbounds          :       0.00       0.00      3          0          0          0          0          0          0          0          0          0
  knapsack         :       0.00       0.00     20          0          0          0          0          0          4          5          2          4
  setppc           :       0.00       0.00     26          0          0          0          0          0          6          0          0          0
  and              :       0.00       0.00     21          0        496          0          0          0        496          0          0          0
  linear           :       0.00       0.00     25          0         32          0          0          0        100          0         32         32
  logicor          :       0.00       0.00     24          0          0          0          0          0          6          0          0        115
  benders          :       0.00       0.00      0          0          0          0          0          0          0          0          0          0
  components       :       0.00       0.00      3          0          0          0          0          0          0          0          0          0
  root node        :          -          -      -        249          -          -        249          -          -          -          -          -
Constraints        :     Number  MaxNumber  #Separate #Propagate    #EnfoLP    #EnfoRelax  #EnfoPS    #Check   #ResProp    Cutoffs    DomReds       Cuts    Applied      Conss   Children
  benderslp        :          0          0          0          0         23          0          0        155          0          0          0          0          0          0          0
  integral         :          0          0          0          0         23          0          0        155          0          0         74          0          0         66         10
  knapsack         :         46         46         67       1852          0          0          0          0         60          1         18        118          0          0          0
  setppc           :        206+       255        104       2274          0          0          0        109        344          3         76          3          0          0          0
  and              :        362        362        136       2730          0          0          0        147       1157          8        529        327        107          0          0
  linear           :          9          9        105       2676          0          0          0         95         16         27          0          0          0          0          0
  logicor          :         29+       136         99        700          0          0          0          0         18          6          0          0          0          0          0
  benders          :          0          0          0          0          0          0          0         75          0          0          0          0          0          0          0
  countsols        :          0          0          0          0          0          0          0         75          0          0          0          0          0          0          0
  components       :          0          0          0          0          0          0          0          0          0          0          0          0          0          0          0
Constraint Timings :  TotalTime  SetupTime   Separate  Propagate     EnfoLP     EnfoPS     EnfoRelax   Check    ResProp    SB-Prop
  benderslp        :       0.00       0.00       0.00       0.00       0.00       0.00       0.00       0.00       0.00       0.00
  integral         :       1.00       0.00       0.00       0.00       1.00       0.00       0.00       0.00       0.00       0.00
  knapsack         :       0.00       0.00       0.00       0.00       0.00       0.00       0.00       0.00       0.00       0.00
  setppc           :       0.00       0.00       0.00       0.00       0.00       0.00       0.00       0.00       0.00       0.00
  and              :       0.00       0.00       0.00       0.00       0.00       0.00       0.00       0.00       0.00       0.00
  linear           :       0.00       0.00       0.00       0.00       0.00       0.00       0.00       0.00       0.00       0.00
  logicor          :       0.00       0.00       0.00       0.00       0.00       0.00       0.00       0.00       0.00       0.00
  benders          :       0.00       0.00       0.00       0.00       0.00       0.00       0.00       0.00       0.00       0.00
  countsols        :       0.00       0.00       0.00       0.00       0.00       0.00       0.00       0.00       0.00       0.00
  components       :       0.00       0.00       0.00       0.00       0.00       0.00       0.00       0.00       0.00       0.00
Propagators        : #Propagate   #ResProp    Cutoffs    DomReds
  dualfix          :         23          0          0          0
  genvbounds       :          0          0          0          0
  nlobbt           :          0          0          0          0
  obbt             :          0          0          0          0
  probing          :          0          0          0          0
  pseudoobj        :        301          3          0          6
  redcost          :        237          0          0        554
  rootredcost      :          3          0          0         37
  symmetry         :          0          0          0          0
  vbounds          :       2669          0          0          0
Propagator Timings :  TotalTime  SetupTime   Presolve  Propagate    ResProp    SB-Prop
  dualfix          :       0.00       0.00       0.00       0.00       0.00       0.00
  genvbounds       :       0.00       0.00       0.00       0.00       0.00       0.00
  nlobbt           :       0.00       0.00       0.00       0.00       0.00       0.00
  obbt             :       0.00       0.00       0.00       0.00       0.00       0.00
  probing          :       0.00       0.00       0.00       0.00       0.00       0.00
  pseudoobj        :       0.00       0.00       0.00       0.00       0.00       0.00
  redcost          :       0.00       0.00       0.00       0.00       0.00       0.00
  rootredcost      :       0.00       0.00       0.00       0.00       0.00       0.00
  symmetry         :       0.00       0.00       0.00       0.00       0.00       0.00
  vbounds          :       0.00       0.00       0.00       0.00       0.00       0.00
Conflict Analysis  :       Time      Calls    Success    DomReds  Conflicts   Literals    Reconvs ReconvLits   Dualrays   Nonzeros   LP Iters   (pool size: [10000,10000])
  propagation      :       0.00         19         18          -         36       10.2          0        0.0          -          -          -
  infeasible LP    :       0.00          0          0          -          0        0.0          0        0.0          0        0.0          0
  bound exceed. LP :       0.00         79         42          -        210       33.8          0        0.0          0        0.0        547
  strong branching :       0.00          0          0          -          0        0.0          0        0.0          -          -          0
  pseudo solution  :       0.00          0          0          -          0        0.0          0        0.0          -          -          -
  applied globally :       0.00          -          -          0        194       22.4          -          -          0          -          -
  applied locally  :          -          -          -          0          0        0.0          -          -          0          -          -
Separators         :   ExecTime  SetupTime      Calls    Cutoffs    DomReds       Cuts    Applied      Conss
  cut pool         :       0.00                    53          -          -       1698          -          -    (maximal pool size: 1117)
  aggregation      :       1.00       0.00        105          0          0          1          0          0
  cgmip            :       0.00       0.00          0          0          0          0          0          0
  clique           :       0.00       0.00        105          0          0          0          0          0
  closecuts        :       0.00       0.00          0          0          0          0          0          0
  cmir             :       0.00       0.00          0          0          0          0          0          0
  convexproj       :       0.00       0.00          0          0          0          0          0          0
  disjunctive      :       0.00       0.00          0          0          0          0          0          0
  eccuts           :       0.00       0.00          0          0          0          0          0          0
  flowcover        :       0.00       0.00          0          0          0          0          0          0
  gauge            :       0.00       0.00          0          0          0          0          0          0
  gomory           :       3.00       0.00         30          0          0       2416         67          0
  impliedbounds    :       0.00       0.00        105          0          9        237        177          0
  intobj           :       0.00       0.00          0          0          0          0          0          0
  mcf              :       0.00       0.00          3          0          0          0          0          0
  oddcycle         :       0.00       0.00          0          0          0          0          0          0
  rapidlearning    :       0.00       0.00          0          0          0          0          0          0
  strongcg         :       2.00       0.00         60          0          0       1518         12          0
  zerohalf         :       0.00       0.00         60          0          0         65         25          0
Pricers            :   ExecTime  SetupTime      Calls       Vars
  problem variables:       0.00          -          0          0
Branching Rules    :   ExecTime  SetupTime   BranchLP  BranchExt   BranchPS    Cutoffs    DomReds       Cuts      Conss   Children
  allfullstrong    :       0.00       0.00          0          0          0          0          0          0          0          0
  cloud            :       0.00       0.00          0          0          0          0          0          0          0          0
  distribution     :       0.00       0.00          0          0          0          0          0          0          0          0
  fullstrong       :       0.00       0.00          0          0          0          0          0          0          0          0
  inference        :       0.00       0.00          0          0          0          0          0          0          0          0
  leastinf         :       0.00       0.00          0          0          0          0          0          0          0          0
  lookahead        :       0.00       0.00          0          0          0          0          0          0          0          0
  mostinf          :       0.00       0.00          0          0          0          0          0          0          0          0
  multaggr         :       0.00       0.00          0          0          0          0          0          0          0          0
  nodereopt        :       0.00       0.00          0          0          0          0          0          0          0          0
  pscost           :       0.00       0.00          0          0          0          0          0          0          0          0
  random           :       0.00       0.00          0          0          0          0          0          0          0          0
  relpscost        :       1.00       0.00         23          0          0          0         74          0         84         10
  vanillafullstrong:       0.00       0.00          0          0          0          0          0          0          0          0
Primal Heuristics  :   ExecTime  SetupTime      Calls      Found       Best
  LP solutions     :       0.00          -          -          0          0
  relax solutions  :       0.00          -          -          0          0
  pseudo solutions :       0.00          -          -          0          0
  strong branching :       0.00          -          -          2          2
  actconsdiving    :       0.00       0.00          0          0          0
  adaptivediving   :       0.00       0.00          0          0          0
  alns             :       0.00       0.00          1          0          0
  bound            :       0.00       0.00          0          0          0
  clique           :       0.00       0.00          1          1          1
  coefdiving       :       0.00       0.00          0          0          0
  completesol      :       0.00       0.00          0          0          0
  conflictdiving   :       0.00       0.00          3          0          0
  crossover        :       0.00       0.00          0          0          0
  dins             :       0.00       0.00          0          0          0
  distributiondivin:       0.00       0.00          0          0          0
  dualval          :       0.00       0.00          0          0          0
  farkasdiving     :       0.00       0.00          3          2          2
  feaspump         :       0.00       0.00          0          0          0
  fixandinfer      :       0.00       0.00          0          0          0
  fracdiving       :       0.00       0.00          0          0          0
  gins             :       0.00       0.00          0          0          0
  guideddiving     :       0.00       0.00          0          0          0
  indicator        :       0.00       0.00          0          0          0
  intdiving        :       0.00       0.00          0          0          0
  intshifting      :       0.00       0.00          0          0          0
  linesearchdiving :       0.00       0.00          0          0          0
  localbranching   :       0.00       0.00          0          0          0
  locks            :       0.00       0.00          1          1          1
  lpface           :       0.00       0.00          0          0          0
  mpec             :       0.00       0.00          0          0          0
  multistart       :       0.00       0.00          0          0          0
  mutation         :       0.00       0.00          0          0          0
  nlpdiving        :       0.00       0.00          0          0          0
  objpscostdiving  :       0.00       0.00          0          0          0
  octane           :       0.00       0.00          0          0          0
  ofins            :       0.00       0.00          0          0          0
  oneopt           :       0.00       0.00          7          0          0
  padm             :       0.00       0.00          0          0          0
  proximity        :       0.00       0.00          0          0          0
  pscostdiving     :       0.00       0.00          0          0          0
  randrounding     :       0.00       0.00        107          0          0
  rens             :       0.00       0.00          3          1          0
  reoptsols        :       0.00       0.00          0          0          0
  repair           :       0.00       0.00          0          0          0
  rins             :       0.00       0.00          0          0          0
  rootsoldiving    :       0.00       0.00          0          0          0
  rounding         :       0.00       0.00        130          0          0
  shiftandpropagate:       0.00       0.00          0          0          0
  shifting         :       0.00       0.00        107         21          1
  simplerounding   :       0.00       0.00          0          0          0
  subnlp           :       0.00       0.00          0          0          0
  trivial          :       0.00       0.00          2          0          0
  trivialnegation  :       0.00       0.00          0          0          0
  trustregion      :       0.00       0.00          0          0          0
  trysol           :       0.00       0.00          0          0          0
  twoopt           :       0.00       0.00          0          0          0
  undercover       :       0.00       0.00          1          1          1
  vbounds          :       0.00       0.00          3          2          2
  veclendiving     :       0.00       0.00          0          0          0
  zeroobj          :       0.00       0.00          0          0          0
  zirounding       :       0.00       0.00          6          0          0
  other solutions  :          -          -          -          0          -
Diving (single)    :      Calls      Nodes   LP Iters Backtracks  Conflicts   MinDepth   MaxDepth   AvgDepth  RoundSols  NLeafSols  MinSolDpt  MaxSolDpt  AvgSolDpt
  actconsdiving    :          0          -          -          -          -          -          -          -          -          -          -          -          -
  coefdiving       :          0          -          -          -          -          -          -          -          -          -          -          -          -
  conflictdiving   :          3         42        461          5         43          7         20       13.3          0          -          -          -          -
  distributiondivin:          0          -          -          -          -          -          -          -          -          -          -          -          -
  farkasdiving     :          3         68        821         13         70         18         20       19.3          0          2         18         20       19.0
  fracdiving       :          0          -          -          -          -          -          -          -          -          -          -          -          -
  guideddiving     :          0          -          -          -          -          -          -          -          -          -          -          -          -
  linesearchdiving :          0          -          -          -          -          -          -          -          -          -          -          -          -
  pscostdiving     :          0          -          -          -          -          -          -          -          -          -          -          -          -
  veclendiving     :          0          -          -          -          -          -          -          -          -          -          -          -          -
Diving (adaptive)  :      Calls      Nodes   LP Iters Backtracks  Conflicts   MinDepth   MaxDepth   AvgDepth  RoundSols  NLeafSols  MinSolDpt  MaxSolDpt  AvgSolDpt
  actconsdiving    :          0          -          -          -          -          -          -          -          -          -          -          -          -
  coefdiving       :          0          -          -          -          -          -          -          -          -          -          -          -          -
  conflictdiving   :          0          -          -          -          -          -          -          -          -          -          -          -          -
  distributiondivin:          0          -          -          -          -          -          -          -          -          -          -          -          -
  farkasdiving     :          0          -          -          -          -          -          -          -          -          -          -          -          -
  fracdiving       :          0          -          -          -          -          -          -          -          -          -          -          -          -
  guideddiving     :          0          -          -          -          -          -          -          -          -          -          -          -          -
  linesearchdiving :          0          -          -          -          -          -          -          -          -          -          -          -          -
  pscostdiving     :          0          -          -          -          -          -          -          -          -          -          -          -          -
  veclendiving     :          0          -          -          -          -          -          -          -          -          -          -          -          -
Neighborhoods      :      Calls  SetupTime  SolveTime SolveNodes       Sols       Best       Exp3  EpsGreedy        UCB TgtFixRate  Opt  Inf Node Stal  Sol  Usr Othr Actv
  rens             :          0       0.00       0.00          0          0          0    0.00000   -1.00000    1.00000      0.900    0    0    0    0    0    0    0    1
  rins             :          0       0.00       0.00          0          0          0    0.00000   -1.00000    1.00000      0.900    0    0    0    0    0    0    0    1
  mutation         :          1       0.00       0.00          0          0          0    0.00000   -1.00000    1.00000      0.700    0    1    0    0    0    0    0    1
  localbranching   :          0       0.00       0.00          0          0          0    0.00000   -1.00000    1.00000      0.900    0    0    0    0    0    0    0    1
  crossover        :          0       0.00       0.00          0          0          0    0.00000   -1.00000    1.00000      0.900    0    0    0    0    0    0    0    1
  proximity        :          0       0.00       0.00          0          0          0    0.00000   -1.00000    1.00000      0.900    0    0    0    0    0    0    0    1
  zeroobjective    :          0       0.00       0.00          0          0          0    0.00000   -1.00000    1.00000      0.900    0    0    0    0    0    0    0    1
  dins             :          0       0.00       0.00          0          0          0    0.00000   -1.00000    1.00000      0.900    0    0    0    0    0    0    0    1
  trustregion      :          0       0.00       0.00          0          0          0    0.00000   -1.00000    1.00000      0.900    0    0    0    0    0    0    0    0
LP                 :       Time      Calls Iterations  Iter/call   Iter/sec  Time-0-It Calls-0-It    ItLimit
  primal LP        :       0.00         14          0       0.00          -       0.00         14
  dual LP          :       0.00        212       3042      21.57          -       0.00         71
  lex dual LP      :       0.00          0          0       0.00          -
  barrier LP       :       0.00          0          0       0.00          -       0.00          0
  resolve instable :       0.00          0          0       0.00          -
  diving/probing LP:       0.00         82       1397      17.04          -
  strong branching :       1.00        186      13934      74.91   13934.00          -          -          0
    (at root node) :          -         82       9985     121.77          -
  conflict analysis:       0.00         70        547       7.81          -
B&B Tree           :
  number of runs   :          3
  nodes            :          9 (4 internal, 5 leaves)
  feasible leaves  :          0
  infeas. leaves   :          1
  objective leaves :          4
  nodes (total)    :         11 (5 internal, 6 leaves)
  nodes left       :          0
  max depth        :          4
  max depth (total):          4
  backtracks       :          2 (22.2%)
  early backtracks :          0 (0.0%)
  nodes exc. ref.  :          0 (0.0%)
  delayed cutoffs  :          0
  repropagations   :          4 (4 domain reductions, 0 cutoffs)
  avg switch length:       3.11
  switching time   :       0.00
Estim. Tree Size   :          9
Estimation Tree    : 9 nodes (9 visited, 4 internal, 5 leaves, 0 open), weight: 1.0000 completed 0.5990
Estimations        :      estim      value      trend resolution     smooth
  wbe              :          9          -          -          -          -
  tree-profile     :         -1          -          -          -          -
  gap              :          9    1.00000    0.08703          1         16
  tree-weight      :          9    1.00000    0.19080          1          9
  leaf-frequency   :          9    0.50000    0.10985          1          8
  ssg              :         29    0.63319   -0.06452          1         27
  open-nodes       :          9    0.00000    0.82022          1         11
Root Node          :
  First LP value   : -2.23112118243271e-01
  First LP Iters   :        171
  First LP Time    :       0.00
  Final Dual Bound : -2.50601666223612e-02
  Final Root Iters :       2494
  Root LP Estimate : +4.71125007873320e-02
Solution           :
  Solutions found  :         31 (10 improvements)
  First Solution   : +1.78028214475863e-01   (in run 1, after 1 nodes, 0.00 seconds, depth 31, found by <clique>)
  Gap First Sol.   :   infinite
  Gap Last Sol.    :   infinite
  Primal Bound     : +2.14915890901560e-02   (in run 3, after 8 nodes, 7.00 seconds, depth 3, found by <relaxation>)
  Dual Bound       : +2.14915890901560e-02
  Gap              :       0.00 %
Integrals          :      Total       Avg%
  primal-dual      :     700.00     100.00
  primal-ref       :          -          - (not evaluated)
  dual-ref         :          -          - (not evaluated)
