SCIP version 7.0.2 [precision: 8 byte] [memory: block] [mode: optimized] [LP solver: SoPlex 5.0.2] [GitHash: e9d280a398]
Copyright (C) 2002-2020 Konrad-Zuse-Zentrum fuer Informationstechnik Berlin (ZIB)

External codes: 
  SoPlex 5.0.2         Linear Programming Solver developed at Zuse Institute Berlin (soplex.zib.de) [GitHash: e24c304e]
  CppAD 20180000.0     Algorithmic Differentiation of C++ algorithms developed by B. Bell (www.coin-or.org/CppAD)
  MPIR 3.0.0           Multiple Precision Integers and Rationals Library developed by W. Hart (mpir.org)
  ZIMPL 3.4.0          Zuse Institute Mathematical Programming Language developed by T. Koch (zimpl.zib.de)
  PaPILO 1.0.2         parallel presolve for integer and linear optimization (https://github.com/lgottwald/PaPILO) [GitHash: 62d2842]
  bliss 0.73p          Computing Graph Automorphism Groups by T. Junttila and P. Kaski (http://www.tcs.hut.fi/Software/bliss/)
  Ipopt 3.12.9         Interior Point Optimizer developed by A. Waechter et.al. (www.coin-or.org/Ipopt)

user parameter file <scip.set> not found - using default parameters

read problem <C:\Users\Claubit\Documents\GitHub\embedding\src\lp\scenarioA2_N32_B0.1_classical\IPL_linearized_N32q13.00B3.lp>
============

original problem has 1056 variables (0 bin, 1056 int, 0 impl, 0 cont) and 3073 constraints

solve problem
=============

presolving:
(round 1, fast)       32 del vars, 32 del conss, 0 add conss, 0 chg bounds, 32 chg sides, 32 chg coeffs, 0 upgd conss, 0 impls, 1984 clqs
(round 2, fast)       32 del vars, 96 del conss, 0 add conss, 0 chg bounds, 32 chg sides, 32 chg coeffs, 0 upgd conss, 0 impls, 1984 clqs
   (0.0s) running MILP presolver
   (0.0s) MILP presolver found nothing
(round 3, exhaustive) 32 del vars, 96 del conss, 0 add conss, 0 chg bounds, 32 chg sides, 32 chg coeffs, 2976 upgd conss, 0 impls, 1984 clqs
(round 4, exhaustive) 32 del vars, 3072 del conss, 992 add conss, 0 chg bounds, 32 chg sides, 32 chg coeffs, 2976 upgd conss, 0 impls, 1984 clqs
(round 5, exhaustive) 528 del vars, 3568 del conss, 992 add conss, 0 chg bounds, 32 chg sides, 32 chg coeffs, 2976 upgd conss, 0 impls, 992 clqs
   (0.0s) probing: 51/528 (9.7%) - 0 fixings, 0 aggregations, 0 implications, 0 bound changes
   (0.0s) probing aborted: 50/50 successive totally useless probings
   (0.0s) symmetry computation started: requiring (bin +, int -, cont +), (fixed: bin -, int +, cont -)
   (0.0s) no symmetry present
presolving (6 rounds: 6 fast, 4 medium, 4 exhaustive):
 528 deleted vars, 3568 deleted constraints, 992 added constraints, 0 tightened bounds, 0 added holes, 32 changed sides, 32 changed coefficients
 0 implications, 992 cliques
presolved problem has 528 variables (528 bin, 0 int, 0 impl, 0 cont) and 497 constraints
    496 constraints of type <and>
      1 constraints of type <linear>
Presolving Time: 0.00

 time | node  | left  |LP iter|LP it/n|mem/heur|mdpt |vars |cons |rows |cuts |sepa|confs|strbr|  dualbound   | primalbound  |  gap   | compl. 
p 0.0s|     1 |     0 |    11 |     - |  clique|   0 | 528 | 497 | 993 |   0 |  0 |   0 |   0 |-2.379211e-01 |-3.482975e-03 |6730.97%| unknown
  0.0s|     1 |     0 |   170 |     - |    14M |   0 | 528 | 507 | 993 |   0 |  0 |  10 |   0 |-4.019374e-02 |-3.482975e-03 |1054.01%| unknown
r 0.0s|     1 |     0 |   170 |     - |shifting|   0 | 528 | 507 | 947 |   0 |  0 |  10 |   0 |-4.019374e-02 |-3.544564e-03 |1033.95%| unknown
L 0.0s|     1 |     0 |   170 |     - |undercov|   0 | 528 | 497 | 947 |   0 |  0 |  10 |   0 |-4.019374e-02 |-9.808864e-03 | 309.77%| unknown
  0.0s|     1 |     0 |   170 |     - |    14M |   0 | 528 | 497 | 947 |   0 |  0 |  10 |   0 |-4.019374e-02 |-9.808864e-03 | 309.77%| unknown
  0.0s|     1 |     0 |   170 |     - |    14M |   0 | 528 | 497 | 906 |   0 |  0 |  10 |   0 |-4.019374e-02 |-9.808864e-03 | 309.77%| unknown
  0.0s|     1 |     0 |   200 |     - |    14M |   0 | 528 | 497 | 939 |  33 |  1 |  10 |   0 |-3.062804e-02 |-9.808864e-03 | 212.25%| unknown
  0.0s|     1 |     0 |   200 |     - |    14M |   0 | 528 | 498 | 776 |  33 |  1 |  11 |   0 |-3.062804e-02 |-9.808864e-03 | 212.25%| unknown
  0.0s|     1 |     0 |   254 |     - |    14M |   0 | 528 | 498 | 805 |  70 |  2 |  11 |   0 |-2.273067e-02 |-9.808864e-03 | 131.74%| unknown
  0.0s|     1 |     0 |   254 |     - |    14M |   0 | 528 | 498 | 714 |  70 |  2 |  11 |   0 |-2.273067e-02 |-9.808864e-03 | 131.74%| unknown
  0.0s|     1 |     0 |   303 |     - |    14M |   0 | 528 | 498 | 743 | 103 |  3 |  11 |   0 |-1.938178e-02 |-9.808864e-03 |  97.59%| unknown
  0.0s|     1 |     0 |   303 |     - |    14M |   0 | 528 | 498 | 664 | 103 |  3 |  11 |   0 |-1.938178e-02 |-9.808864e-03 |  97.59%| unknown
  0.0s|     1 |     0 |   326 |     - |    14M |   0 | 528 | 498 | 670 | 115 |  4 |  11 |   0 |-1.829333e-02 |-9.808864e-03 |  86.50%| unknown
  0.0s|     1 |     0 |   326 |     - |    14M |   0 | 528 | 498 | 634 | 115 |  4 |  11 |   0 |-1.829333e-02 |-9.808864e-03 |  86.50%| unknown
  0.0s|     1 |     0 |   347 |     - |    15M |   0 | 528 | 498 | 638 | 119 |  5 |  11 |   0 |-1.755788e-02 |-9.808864e-03 |  79.00%| unknown
 time | node  | left  |LP iter|LP it/n|mem/heur|mdpt |vars |cons |rows |cuts |sepa|confs|strbr|  dualbound   | primalbound  |  gap   | compl. 
  0.0s|     1 |     0 |   347 |     - |    15M |   0 | 528 | 498 | 631 | 119 |  5 |  11 |   0 |-1.755788e-02 |-9.808864e-03 |  79.00%| unknown
  0.0s|     1 |     0 |   368 |     - |    15M |   0 | 528 | 498 | 633 | 121 |  6 |  11 |   0 |-1.704033e-02 |-9.808864e-03 |  73.72%| unknown
  0.0s|     1 |     0 |   368 |     - |    15M |   0 | 528 | 498 | 628 | 121 |  6 |  11 |   0 |-1.704033e-02 |-9.808864e-03 |  73.72%| unknown
  0.0s|     1 |     0 |   407 |     - |    15M |   0 | 528 | 498 | 629 | 122 |  7 |  11 |   0 |-1.615782e-02 |-9.808864e-03 |  64.73%| unknown
  0.0s|     1 |     0 |   407 |     - |    15M |   0 | 528 | 498 | 617 | 122 |  7 |  11 |   0 |-1.615782e-02 |-9.808864e-03 |  64.73%| unknown
  0.0s|     1 |     0 |   414 |     - |    15M |   0 | 528 | 498 | 620 | 125 |  8 |  11 |   0 |-1.591286e-02 |-9.808864e-03 |  62.23%| unknown
  0.0s|     1 |     0 |   414 |     - |    15M |   0 | 528 | 498 | 614 | 125 |  8 |  11 |   0 |-1.591286e-02 |-9.808864e-03 |  62.23%| unknown
  0.0s|     1 |     0 |   438 |     - |    15M |   0 | 528 | 498 | 618 | 129 |  9 |  11 |   0 |-1.536890e-02 |-9.808864e-03 |  56.68%| unknown
  0.0s|     1 |     0 |   438 |     - |    15M |   0 | 528 | 498 | 606 | 129 |  9 |  11 |   0 |-1.536890e-02 |-9.808864e-03 |  56.68%| unknown
  0.0s|     1 |     0 |   497 |     - |    16M |   0 | 528 | 498 | 607 | 130 | 10 |  11 |   0 |-1.505351e-02 |-9.808864e-03 |  53.47%| unknown
  0.0s|     1 |     0 |   497 |     - |    16M |   0 | 528 | 498 | 606 | 130 | 10 |  11 |   0 |-1.505351e-02 |-9.808864e-03 |  53.47%| unknown
  0.0s|     1 |     0 |   507 |     - |    16M |   0 | 528 | 498 | 608 | 132 | 11 |  11 |   0 |-1.502295e-02 |-9.808864e-03 |  53.16%| unknown
  0.0s|     1 |     0 |   535 |     - |    16M |   0 | 528 | 498 | 614 | 138 | 12 |  11 |   0 |-1.489982e-02 |-9.808864e-03 |  51.90%| unknown
  0.0s|     1 |     0 |   535 |     - |    16M |   0 | 528 | 498 | 612 | 138 | 12 |  11 |   0 |-1.489982e-02 |-9.808864e-03 |  51.90%| unknown
  0.0s|     1 |     0 |   548 |     - |    16M |   0 | 528 | 498 | 613 | 139 | 13 |  11 |   0 |-1.488678e-02 |-9.808864e-03 |  51.77%| unknown
 time | node  | left  |LP iter|LP it/n|mem/heur|mdpt |vars |cons |rows |cuts |sepa|confs|strbr|  dualbound   | primalbound  |  gap   | compl. 
  0.0s|     1 |     0 |   548 |     - |    16M |   0 | 528 | 498 | 611 | 139 | 13 |  11 |   0 |-1.488678e-02 |-9.808864e-03 |  51.77%| unknown
  0.0s|     1 |     0 |   558 |     - |    16M |   0 | 528 | 498 | 606 | 140 | 14 |  11 |   0 |-1.487280e-02 |-9.808864e-03 |  51.63%| unknown
  0.0s|     1 |     0 |   569 |     - |    16M |   0 | 528 | 498 | 607 | 141 | 15 |  11 |   0 |-1.484087e-02 |-9.808864e-03 |  51.30%| unknown
  0.0s|     1 |     0 |   569 |     - |    16M |   0 | 528 | 498 | 606 | 141 | 15 |  11 |   0 |-1.484087e-02 |-9.808864e-03 |  51.30%| unknown
  0.0s|     1 |     0 |   587 |     - |    16M |   0 | 528 | 498 | 607 | 142 | 16 |  11 |   0 |-1.481805e-02 |-9.808864e-03 |  51.07%| unknown
  1.0s|     1 |     0 |   591 |     - |    16M |   0 | 528 | 498 | 608 | 143 | 17 |  11 |   0 |-1.481481e-02 |-9.808864e-03 |  51.03%| unknown
  1.0s|     1 |     0 |   599 |     - |    16M |   0 | 528 | 498 | 609 | 144 | 18 |  11 |   0 |-1.480130e-02 |-9.808864e-03 |  50.90%| unknown
  1.0s|     1 |     0 |   603 |     - |    16M |   0 | 528 | 499 | 610 | 145 | 19 |  12 |   0 |-1.479920e-02 |-9.808864e-03 |  50.88%| unknown
  1.0s|     1 |     0 |   605 |     - |    17M |   0 | 528 | 501 | 605 | 147 | 20 |  14 |   0 |-1.479823e-02 |-9.808864e-03 |  50.87%| unknown
  1.0s|     1 |     0 |   616 |     - |    17M |   0 | 528 | 501 | 606 | 148 | 21 |  14 |   0 |-1.479402e-02 |-9.808864e-03 |  50.82%| unknown
  1.0s|     1 |     0 |   628 |     - |    17M |   0 | 528 | 501 | 607 | 149 | 22 |  14 |   0 |-1.475271e-02 |-9.808864e-03 |  50.40%| unknown
  1.0s|     1 |     0 |   628 |     - |    18M |   0 | 528 | 281 | 698 | 149 | 22 |  14 |   0 |-1.475271e-02 |-9.808864e-03 |  50.40%| unknown
  1.0s|     1 |     0 |   640 |     - |    18M |   0 | 528 | 281 | 700 | 151 | 23 |  14 |   0 |-1.474801e-02 |-9.808864e-03 |  50.35%| unknown
  1.0s|     1 |     0 |   642 |     - |    18M |   0 | 528 | 281 | 701 | 152 | 24 |  14 |   0 |-1.474799e-02 |-9.808864e-03 |  50.35%| unknown
  1.0s|     1 |     0 |   669 |     - |    18M |   0 | 528 | 281 | 702 | 153 | 25 |  14 |   0 |-1.473807e-02 |-9.808864e-03 |  50.25%| unknown
 time | node  | left  |LP iter|LP it/n|mem/heur|mdpt |vars |cons |rows |cuts |sepa|confs|strbr|  dualbound   | primalbound  |  gap   | compl. 
  1.0s|     1 |     0 |   669 |     - |    18M |   0 | 528 | 281 | 701 | 153 | 25 |  14 |   0 |-1.473807e-02 |-9.808864e-03 |  50.25%| unknown
  1.0s|     1 |     0 |   681 |     - |    18M |   0 | 528 | 281 | 693 | 154 | 26 |  14 |   0 |-1.472398e-02 |-9.808864e-03 |  50.11%| unknown
  1.0s|     1 |     0 |   688 |     - |    18M |   0 | 528 | 281 | 695 | 156 | 27 |  14 |   0 |-1.472137e-02 |-9.808864e-03 |  50.08%| unknown
  1.0s|     1 |     0 |   689 |     - |    18M |   0 | 528 | 281 | 696 | 157 | 28 |  14 |   0 |-1.471918e-02 |-9.808864e-03 |  50.06%| unknown
  1.0s|     1 |     0 |   689 |     - |    18M |   0 | 528 | 281 | 697 | 157 | 30 |  14 |   0 |-1.471918e-02 |-9.808864e-03 |  50.06%| unknown
  1.0s|     1 |     0 |   690 |     - |    18M |   0 | 528 | 281 | 698 | 158 | 31 |  14 |   0 |-1.471792e-02 |-9.808864e-03 |  50.05%| unknown
  1.0s|     1 |     0 |   692 |     - |    18M |   0 | 528 | 281 | 699 | 159 | 32 |  14 |   0 |-1.471699e-02 |-9.808864e-03 |  50.04%| unknown
(run 1, node 1) restarting after 321 global fixings of integer variables

(restart) converted 88 cuts from the global cut pool into linear constraints

presolving:
(round 1, fast)       333 del vars, 27 del conss, 0 add conss, 0 chg bounds, 0 chg sides, 1 chg coeffs, 0 upgd conss, 0 impls, 425 clqs
(round 2, exhaustive) 333 del vars, 27 del conss, 0 add conss, 0 chg bounds, 0 chg sides, 1 chg coeffs, 72 upgd conss, 0 impls, 425 clqs
(round 3, medium)     333 del vars, 27 del conss, 2 add conss, 0 chg bounds, 2 chg sides, 5 chg coeffs, 72 upgd conss, 0 impls, 426 clqs
(round 4, fast)       333 del vars, 28 del conss, 2 add conss, 0 chg bounds, 2 chg sides, 5 chg coeffs, 72 upgd conss, 0 impls, 426 clqs
presolving (5 rounds: 5 fast, 3 medium, 2 exhaustive):
 333 deleted vars, 28 deleted constraints, 2 added constraints, 0 tightened bounds, 0 added holes, 2 changed sides, 5 changed coefficients
 0 implications, 426 cliques
presolved problem has 195 variables (195 bin, 0 int, 0 impl, 0 cont) and 332 constraints
     31 constraints of type <knapsack>
    123 constraints of type <setppc>
    172 constraints of type <and>
      2 constraints of type <linear>
      4 constraints of type <logicor>
Presolving Time: 0.00
transformed 17/17 original solutions to the transformed problem space

 time | node  | left  |LP iter|LP it/n|mem/heur|mdpt |vars |cons |rows |cuts |sepa|confs|strbr|  dualbound   | primalbound  |  gap   | compl. 
  1.0s|     1 |     0 |  1087 |     - |    18M |   0 | 195 | 332 | 500 |   0 |  0 |  16 |   0 |-1.471591e-02 |-9.808864e-03 |  50.03%| unknown
  1.0s|     1 |     0 |  1087 |     - |    18M |   0 | 195 | 332 | 471 |   0 |  0 |  16 |   0 |-1.471591e-02 |-9.808864e-03 |  50.03%| unknown
  1.0s|     1 |     0 |  1201 |     - |    18M |   0 | 195 | 316 | 491 |  22 |  1 |  16 |   0 |-1.460583e-02 |-9.808864e-03 |  48.90%| unknown
  1.0s|     1 |     0 |  1201 |     - |    18M |   0 | 195 | 316 | 485 |  22 |  1 |  16 |   0 |-1.460583e-02 |-9.808864e-03 |  48.90%| unknown
  1.0s|     1 |     0 |  1253 |     - |    18M |   0 | 195 | 316 | 496 |  33 |  2 |  16 |   0 |-1.446208e-02 |-9.808864e-03 |  47.44%| unknown
  1.0s|     1 |     0 |  1253 |     - |    18M |   0 | 195 | 316 | 493 |  33 |  2 |  16 |   0 |-1.446208e-02 |-9.808864e-03 |  47.44%| unknown
  1.0s|     1 |     0 |  1281 |     - |    19M |   0 | 195 | 316 | 499 |  39 |  3 |  16 |   0 |-1.442982e-02 |-9.808864e-03 |  47.11%| unknown
  1.0s|     1 |     0 |  1322 |     - |    19M |   0 | 195 | 316 | 500 |  40 |  4 |  16 |   0 |-1.436152e-02 |-9.808864e-03 |  46.41%| unknown
  1.0s|     1 |     0 |  1322 |     - |    19M |   0 | 195 | 316 | 499 |  40 |  4 |  16 |   0 |-1.436152e-02 |-9.808864e-03 |  46.41%| unknown
  1.0s|     1 |     0 |  1338 |     - |    19M |   0 | 195 | 316 | 500 |  41 |  5 |  16 |   0 |-1.435491e-02 |-9.808864e-03 |  46.35%| unknown
  1.0s|     1 |     0 |  1367 |     - |    20M |   0 | 195 | 316 | 501 |  42 |  6 |  16 |   0 |-1.430311e-02 |-9.808864e-03 |  45.82%| unknown
  1.0s|     1 |     0 |  1373 |     - |    20M |   0 | 195 | 316 | 503 |  44 |  7 |  16 |   0 |-1.430285e-02 |-9.808864e-03 |  45.82%| unknown
  1.0s|     1 |     0 |  1417 |     - |    20M |   0 | 195 | 316 | 504 |  45 |  8 |  16 |   0 |-1.418730e-02 |-9.808864e-03 |  44.64%| unknown
  1.0s|     1 |     0 |  1417 |     - |    20M |   0 | 195 | 316 | 502 |  45 |  8 |  16 |   0 |-1.418730e-02 |-9.808864e-03 |  44.64%| unknown
  1.0s|     1 |     0 |  1426 |     - |    20M |   0 | 195 | 316 | 504 |  47 |  9 |  16 |   0 |-1.418597e-02 |-9.808864e-03 |  44.62%| unknown
 time | node  | left  |LP iter|LP it/n|mem/heur|mdpt |vars |cons |rows |cuts |sepa|confs|strbr|  dualbound   | primalbound  |  gap   | compl. 
  1.0s|     1 |     0 |  1469 |     - |    20M |   0 | 195 | 316 | 505 |  48 | 10 |  16 |   0 |-1.412920e-02 |-9.808864e-03 |  44.05%| unknown
  1.0s|     1 |     0 |  1488 |     - |    20M |   0 | 195 | 317 | 508 |  51 | 11 |  17 |   0 |-1.412570e-02 |-9.808864e-03 |  44.01%| unknown
  1.0s|     1 |     0 |  1491 |     - |    21M |   0 | 195 | 317 | 510 |  53 | 12 |  17 |   0 |-1.412570e-02 |-9.808864e-03 |  44.01%| unknown
  1.0s|     1 |     0 |  1520 |     - |    21M |   0 | 195 | 317 | 497 |  54 | 13 |  17 |   0 |-1.409112e-02 |-9.808864e-03 |  43.66%| unknown
  1.0s|     1 |     0 |  1520 |     - |    21M |   0 | 195 | 317 | 496 |  54 | 13 |  17 |   0 |-1.409112e-02 |-9.808864e-03 |  43.66%| unknown
  1.0s|     1 |     0 |  1527 |     - |    21M |   0 | 195 | 317 | 497 |  55 | 14 |  17 |   0 |-1.409064e-02 |-9.808864e-03 |  43.65%| unknown
  1.0s|     1 |     0 |  1540 |     - |    21M |   0 | 195 | 317 | 499 |  57 | 15 |  17 |   0 |-1.408615e-02 |-9.808864e-03 |  43.61%| unknown
  1.0s|     1 |     0 |  1545 |     - |    21M |   0 | 195 | 317 | 500 |  58 | 16 |  17 |   0 |-1.408454e-02 |-9.808864e-03 |  43.59%| unknown
  1.0s|     1 |     0 |  1570 |     - |    21M |   0 | 195 | 317 | 501 |  59 | 17 |  17 |   0 |-1.407545e-02 |-9.808864e-03 |  43.50%| unknown
  1.0s|     1 |     0 |  1580 |     - |    21M |   0 | 195 | 317 | 502 |  60 | 18 |  17 |   0 |-1.407195e-02 |-9.808864e-03 |  43.46%| unknown
  1.0s|     1 |     0 |  1580 |     - |    21M |   0 | 195 | 309 | 518 |  60 | 18 |  17 |   0 |-1.407195e-02 |-9.808864e-03 |  43.46%| unknown
  2.0s|     1 |     0 |  1589 |     - |    21M |   0 | 195 | 309 | 501 |  61 | 19 |  17 |   0 |-1.406888e-02 |-9.808864e-03 |  43.43%| unknown
  2.0s|     1 |     0 |  1592 |     - |    21M |   0 | 195 | 309 | 502 |  62 | 20 |  17 |   0 |-1.406873e-02 |-9.808864e-03 |  43.43%| unknown
  2.0s|     1 |     0 |  1601 |     - |    21M |   0 | 195 | 309 | 503 |  63 | 21 |  17 |   0 |-1.406787e-02 |-9.808864e-03 |  43.42%| unknown
  2.0s|     1 |     0 |  1606 |     - |    21M |   0 | 195 | 309 | 504 |  64 | 22 |  17 |   0 |-1.406763e-02 |-9.808864e-03 |  43.42%| unknown
 time | node  | left  |LP iter|LP it/n|mem/heur|mdpt |vars |cons |rows |cuts |sepa|confs|strbr|  dualbound   | primalbound  |  gap   | compl. 
  2.0s|     1 |     0 |  1608 |     - |    21M |   0 | 195 | 309 | 505 |  65 | 23 |  17 |   0 |-1.406664e-02 |-9.808864e-03 |  43.41%| unknown
  2.0s|     1 |     0 |  1621 |     - |    21M |   0 | 195 | 309 | 506 |  66 | 24 |  17 |   0 |-1.406397e-02 |-9.808864e-03 |  43.38%| unknown
  2.0s|     1 |     0 |  1629 |     - |    21M |   0 | 195 | 309 | 495 |  67 | 25 |  17 |   0 |-1.406201e-02 |-9.808864e-03 |  43.36%| unknown
  2.0s|     1 |     0 |  1636 |     - |    21M |   0 | 195 | 309 | 496 |  68 | 26 |  17 |   0 |-1.406085e-02 |-9.808864e-03 |  43.35%| unknown
(run 2, node 1) restarting after 23 global fixings of integer variables

(restart) converted 45 cuts from the global cut pool into linear constraints

presolving:
(round 1, fast)       23 del vars, 0 del conss, 0 add conss, 0 chg bounds, 0 chg sides, 0 chg coeffs, 0 upgd conss, 0 impls, 385 clqs
(round 2, exhaustive) 23 del vars, 0 del conss, 0 add conss, 0 chg bounds, 0 chg sides, 0 chg coeffs, 36 upgd conss, 0 impls, 385 clqs
(round 3, medium)     23 del vars, 1 del conss, 2 add conss, 0 chg bounds, 2 chg sides, 4 chg coeffs, 36 upgd conss, 0 impls, 385 clqs
(round 4, fast)       23 del vars, 2 del conss, 2 add conss, 0 chg bounds, 2 chg sides, 4 chg coeffs, 36 upgd conss, 0 impls, 385 clqs
(round 5, exhaustive) 23 del vars, 3 del conss, 2 add conss, 0 chg bounds, 2 chg sides, 4 chg coeffs, 36 upgd conss, 0 impls, 385 clqs
(round 6, exhaustive) 23 del vars, 4 del conss, 2 add conss, 0 chg bounds, 2 chg sides, 5 chg coeffs, 36 upgd conss, 0 impls, 385 clqs
presolving (7 rounds: 7 fast, 5 medium, 4 exhaustive):
 23 deleted vars, 4 deleted constraints, 2 added constraints, 0 tightened bounds, 0 added holes, 2 changed sides, 5 changed coefficients
 0 implications, 385 cliques
presolved problem has 172 variables (172 bin, 0 int, 0 impl, 0 cont) and 362 constraints
     37 constraints of type <knapsack>
    152 constraints of type <setppc>
    150 constraints of type <and>
     11 constraints of type <linear>
     12 constraints of type <logicor>
Presolving Time: 0.00
transformed 23/23 original solutions to the transformed problem space

 time | node  | left  |LP iter|LP it/n|mem/heur|mdpt |vars |cons |rows |cuts |sepa|confs|strbr|  dualbound   | primalbound  |  gap   | compl. 
  2.0s|     1 |     0 |  2422 |     - |    21M |   0 | 172 | 362 | 498 |   0 |  0 |  27 |   0 |-1.406085e-02 |-9.808864e-03 |  43.35%| unknown
  2.0s|     1 |     0 |  2422 |     - |    21M |   0 | 172 | 363 | 496 |   0 |  0 |  28 |   0 |-1.406085e-02 |-9.808864e-03 |  43.35%| unknown
  2.0s|     1 |     0 |  2437 |     - |    21M |   0 | 172 | 363 | 498 |   2 |  1 |  28 |   0 |-1.406085e-02 |-9.808864e-03 |  43.35%| unknown
  2.0s|     1 |     0 |  2448 |     - |    21M |   0 | 172 | 363 | 499 |   3 |  2 |  28 |   0 |-1.405536e-02 |-9.808864e-03 |  43.29%| unknown
  2.0s|     1 |     0 |  2499 |     - |    21M |   0 | 172 | 364 | 500 |   4 |  3 |  29 |   0 |-1.402047e-02 |-9.808864e-03 |  42.94%| unknown
  2.0s|     1 |     0 |  2499 |     - |    21M |   0 | 172 | 364 | 499 |   4 |  3 |  29 |   0 |-1.402047e-02 |-9.808864e-03 |  42.94%| unknown
  2.0s|     1 |     0 |  2530 |     - |    21M |   0 | 172 | 364 | 500 |   5 |  4 |  29 |   0 |-1.399371e-02 |-9.808864e-03 |  42.66%| unknown
  2.0s|     1 |     0 |  2549 |     - |    21M |   0 | 172 | 364 | 503 |   8 |  5 |  29 |   0 |-1.398901e-02 |-9.808864e-03 |  42.62%| unknown
  2.0s|     1 |     0 |  2572 |     - |    21M |   0 | 172 | 365 | 504 |   9 |  6 |  30 |   0 |-1.397321e-02 |-9.808864e-03 |  42.45%| unknown
  2.0s|     1 |     0 |  2586 |     - |    22M |   0 | 172 | 365 | 508 |  13 |  7 |  30 |   0 |-1.397073e-02 |-9.808864e-03 |  42.43%| unknown
  2.0s|     1 |     0 |  2616 |     - |    22M |   0 | 172 | 365 | 510 |  15 |  8 |  30 |   0 |-1.396039e-02 |-9.808864e-03 |  42.32%| unknown
  2.0s|     1 |     0 |  2654 |     - |    23M |   0 | 172 | 365 | 512 |  17 |  9 |  30 |   0 |-1.394778e-02 |-9.808864e-03 |  42.20%| unknown
  2.0s|     1 |     0 |  2665 |     - |    23M |   0 | 172 | 366 | 514 |  19 | 10 |  31 |   0 |-1.394736e-02 |-9.808864e-03 |  42.19%| unknown
  2.0s|     1 |     0 |  2688 |     - |    23M |   0 | 172 | 366 | 494 |  20 | 11 |  31 |   0 |-1.393982e-02 |-9.808864e-03 |  42.11%| unknown
  2.0s|     1 |     0 |  2688 |     - |    23M |   0 | 172 | 366 | 497 |  20 | 11 |  31 |   0 |-1.393982e-02 |-9.808864e-03 |  42.11%| unknown
 time | node  | left  |LP iter|LP it/n|mem/heur|mdpt |vars |cons |rows |cuts |sepa|confs|strbr|  dualbound   | primalbound  |  gap   | compl. 
  2.0s|     1 |     0 |  2692 |     - |    23M |   0 | 172 | 366 | 498 |  21 | 12 |  31 |   0 |-1.393971e-02 |-9.808864e-03 |  42.11%| unknown
  2.0s|     1 |     0 |  2715 |     - |    23M |   0 | 172 | 366 | 499 |  22 | 13 |  31 |   0 |-1.393293e-02 |-9.808864e-03 |  42.04%| unknown
  2.0s|     1 |     0 |  2715 |     - |    23M |   0 | 172 | 366 | 498 |  22 | 13 |  31 |   0 |-1.393293e-02 |-9.808864e-03 |  42.04%| unknown
  2.0s|     1 |     0 |  2723 |     - |    23M |   0 | 172 | 366 | 499 |  23 | 14 |  31 |   0 |-1.393239e-02 |-9.808864e-03 |  42.04%| unknown
  3.0s|     1 |     0 |  2732 |     - |    23M |   0 | 172 | 366 | 500 |  24 | 15 |  31 |   0 |-1.393195e-02 |-9.808864e-03 |  42.03%| unknown
  3.0s|     1 |     0 |  2736 |     - |    23M |   0 | 172 | 366 | 501 |  25 | 16 |  31 |   0 |-1.393116e-02 |-9.808864e-03 |  42.03%| unknown
  3.0s|     1 |     0 |  2751 |     - |    23M |   0 | 172 | 366 | 488 |  26 | 17 |  31 |   0 |-1.393017e-02 |-9.808864e-03 |  42.02%| unknown
  3.0s|     1 |     0 |  2767 |     - |    23M |   0 | 172 | 366 | 490 |  28 | 18 |  31 |   0 |-1.392938e-02 |-9.808864e-03 |  42.01%| unknown
  3.0s|     1 |     0 |  2774 |     - |    23M |   0 | 172 | 366 | 491 |  29 | 19 |  31 |   0 |-1.392914e-02 |-9.808864e-03 |  42.01%| unknown
  3.0s|     1 |     0 |  2778 |     - |    23M |   0 | 172 | 369 | 492 |  30 | 20 |  34 |   0 |-1.392911e-02 |-9.808864e-03 |  42.01%| unknown
  3.0s|     1 |     0 |  2790 |     - |    23M |   0 | 172 | 369 | 493 |  31 | 21 |  34 |   0 |-1.392762e-02 |-9.808864e-03 |  41.99%| unknown
  3.0s|     1 |     0 |  2793 |     - |    23M |   0 | 172 | 369 | 494 |  32 | 22 |  34 |   0 |-1.392757e-02 |-9.808864e-03 |  41.99%| unknown
  3.0s|     1 |     0 |  2793 |     - |    23M |   0 | 172 | 369 | 495 |  32 | 22 |  34 |   0 |-1.392757e-02 |-9.808864e-03 |  41.99%| unknown
  3.0s|     1 |     0 |  3213 |     - |    23M |   0 | 172 | 373 | 495 |  32 | 24 |  39 |   7 |-1.374583e-02 |-9.808864e-03 |  40.14%| unknown
(run 3, node 1) restarting after 21 global fixings of integer variables

(restart) converted 26 cuts from the global cut pool into linear constraints

presolving:
(round 1, fast)       21 del vars, 15 del conss, 0 add conss, 0 chg bounds, 0 chg sides, 10 chg coeffs, 0 upgd conss, 0 impls, 344 clqs
(round 2, exhaustive) 21 del vars, 15 del conss, 0 add conss, 0 chg bounds, 0 chg sides, 10 chg coeffs, 11 upgd conss, 0 impls, 344 clqs
(round 3, fast)       21 del vars, 16 del conss, 0 add conss, 0 chg bounds, 0 chg sides, 10 chg coeffs, 11 upgd conss, 0 impls, 345 clqs
(round 4, exhaustive) 21 del vars, 17 del conss, 0 add conss, 0 chg bounds, 0 chg sides, 10 chg coeffs, 11 upgd conss, 0 impls, 345 clqs
(round 5, exhaustive) 21 del vars, 17 del conss, 0 add conss, 0 chg bounds, 0 chg sides, 11 chg coeffs, 11 upgd conss, 0 impls, 345 clqs
presolving (6 rounds: 6 fast, 4 medium, 4 exhaustive):
 21 deleted vars, 17 deleted constraints, 0 added constraints, 0 tightened bounds, 0 added holes, 0 changed sides, 11 changed coefficients
 0 implications, 345 cliques
presolved problem has 151 variables (151 bin, 0 int, 0 impl, 0 cont) and 366 constraints
     40 constraints of type <knapsack>
    153 constraints of type <setppc>
    130 constraints of type <and>
     23 constraints of type <linear>
     20 constraints of type <logicor>
Presolving Time: 0.00
transformed 21/26 original solutions to the transformed problem space

 time | node  | left  |LP iter|LP it/n|mem/heur|mdpt |vars |cons |rows |cuts |sepa|confs|strbr|  dualbound   | primalbound  |  gap   | compl. 
  3.0s|     1 |     0 |  3477 |     - |    23M |   0 | 151 | 366 | 473 |   0 |  0 |  39 |   7 |-1.374583e-02 |-9.808864e-03 |  40.14%| unknown
  3.0s|     1 |     0 |  3477 |     - |    23M |   0 | 151 | 366 | 472 |   0 |  0 |  39 |   7 |-1.374583e-02 |-9.808864e-03 |  40.14%| unknown
  3.0s|     1 |     0 |  3514 |     - |    23M |   0 | 151 | 366 | 473 |   1 |  1 |  39 |   7 |-1.374583e-02 |-9.808864e-03 |  40.14%| unknown
  3.0s|     1 |     0 |  3514 |     - |    23M |   0 | 151 | 367 | 472 |   1 |  1 |  40 |   7 |-1.374583e-02 |-9.808864e-03 |  40.14%| unknown
  3.0s|     1 |     0 |  3544 |     - |    23M |   0 | 151 | 367 | 473 |   2 |  2 |  40 |   7 |-1.374583e-02 |-9.808864e-03 |  40.14%| unknown
  3.0s|     1 |     0 |  3589 |     - |    23M |   0 | 151 | 367 | 474 |   3 |  3 |  40 |   7 |-1.374583e-02 |-9.808864e-03 |  40.14%| unknown
  3.0s|     1 |     0 |  3589 |     - |    23M |   0 | 151 | 367 | 473 |   3 |  3 |  40 |   7 |-1.374583e-02 |-9.808864e-03 |  40.14%| unknown
  3.0s|     1 |     0 |  3597 |     - |    23M |   0 | 151 | 367 | 475 |   5 |  4 |  40 |   7 |-1.374583e-02 |-9.808864e-03 |  40.14%| unknown
  3.0s|     1 |     0 |  3624 |     - |    23M |   0 | 151 | 367 | 477 |   7 |  5 |  40 |   7 |-1.374583e-02 |-9.808864e-03 |  40.14%| unknown
  3.0s|     1 |     0 |  3624 |     - |    23M |   0 | 151 | 367 | 476 |   7 |  5 |  40 |   7 |-1.374583e-02 |-9.808864e-03 |  40.14%| unknown
  3.0s|     1 |     0 |  3626 |     - |    23M |   0 | 151 | 367 | 477 |   8 |  6 |  40 |   7 |-1.374583e-02 |-9.808864e-03 |  40.14%| unknown
  3.0s|     1 |     0 |  3659 |     - |    24M |   0 | 151 | 370 | 478 |   9 |  7 |  43 |   7 |-1.374583e-02 |-9.808864e-03 |  40.14%| unknown
  3.0s|     1 |     0 |  3664 |     - |    24M |   0 | 151 | 372 | 480 |  11 |  8 |  45 |   7 |-1.374583e-02 |-9.808864e-03 |  40.14%| unknown
  3.0s|     1 |     0 |  3690 |     - |    24M |   0 | 151 | 372 | 481 |  12 |  9 |  45 |   7 |-1.373352e-02 |-9.808864e-03 |  40.01%| unknown
  3.0s|     1 |     0 |  3716 |     - |    24M |   0 | 151 | 372 | 482 |  13 | 10 |  45 |   7 |-1.371124e-02 |-9.808864e-03 |  39.78%| unknown
 time | node  | left  |LP iter|LP it/n|mem/heur|mdpt |vars |cons |rows |cuts |sepa|confs|strbr|  dualbound   | primalbound  |  gap   | compl. 
  3.0s|     1 |     0 |  3722 |     - |    24M |   0 | 151 | 372 | 447 |  14 | 11 |  45 |   7 |-1.371064e-02 |-9.808864e-03 |  39.78%| unknown
  3.0s|     1 |     0 |  3727 |     - |    24M |   0 | 151 | 372 | 448 |  15 | 12 |  45 |   7 |-1.370930e-02 |-9.808864e-03 |  39.76%| unknown
  3.0s|     1 |     0 |  3727 |     - |    24M |   0 | 151 | 373 | 452 |  15 | 12 |  46 |   7 |-1.370930e-02 |-9.808864e-03 |  39.76%| unknown
  3.0s|     1 |     0 |  3728 |     - |    24M |   0 | 151 | 373 | 454 |  17 | 13 |  46 |   7 |-1.370887e-02 |-9.808864e-03 |  39.76%| unknown
  4.0s|     1 |     0 |  3732 |     - |    24M |   0 | 151 | 373 | 455 |  18 | 14 |  46 |   7 |-1.370681e-02 |-9.808864e-03 |  39.74%| unknown
  4.0s|     1 |     0 |  3743 |     - |    25M |   0 | 151 | 373 | 456 |  19 | 15 |  46 |   7 |-1.370454e-02 |-9.808864e-03 |  39.72%| unknown
  4.0s|     1 |     0 |  3762 |     - |    25M |   0 | 151 | 373 | 457 |  20 | 16 |  46 |   7 |-1.370262e-02 |-9.808864e-03 |  39.70%| unknown
  4.0s|     1 |     0 |  3781 |     - |    25M |   0 | 151 | 373 | 440 |  21 | 17 |  46 |   7 |-1.369897e-02 |-9.808864e-03 |  39.66%| unknown
  4.0s|     1 |     0 |  3817 |     - |    25M |   0 | 151 | 373 | 441 |  22 | 18 |  46 |   7 |-1.368779e-02 |-9.808864e-03 |  39.55%| unknown
  4.0s|     1 |     0 |  3821 |     - |    25M |   0 | 151 | 376 | 443 |  24 | 19 |  49 |   7 |-1.368768e-02 |-9.808864e-03 |  39.54%| unknown
  4.0s|     1 |     0 |  3829 |     - |    25M |   0 | 151 | 376 | 444 |  25 | 20 |  49 |   7 |-1.368632e-02 |-9.808864e-03 |  39.53%| unknown
  4.0s|     1 |     0 |  3835 |     - |    25M |   0 | 151 | 378 | 445 |  26 | 21 |  51 |   7 |-1.368595e-02 |-9.808864e-03 |  39.53%| unknown
  4.0s|     1 |     0 |  3846 |     - |    25M |   0 | 151 | 378 | 446 |  27 | 22 |  51 |   7 |-1.368512e-02 |-9.808864e-03 |  39.52%| unknown
  4.0s|     1 |     0 |  3860 |     - |    25M |   0 | 151 | 378 | 436 |  28 | 23 |  51 |   7 |-1.368421e-02 |-9.808864e-03 |  39.51%| unknown
  4.0s|     1 |     0 |  4123 |     - |    25M |   0 | 151 | 381 | 436 |  28 | 23 |  56 |  15 |-1.229593e-02 |-9.808864e-03 |  25.36%| unknown
(run 4, node 1) restarting after 32 global fixings of integer variables

(restart) converted 19 cuts from the global cut pool into linear constraints

presolving:
(round 1, fast)       32 del vars, 52 del conss, 1 add conss, 0 chg bounds, 2 chg sides, 66 chg coeffs, 0 upgd conss, 0 impls, 276 clqs
(round 2, medium)     32 del vars, 66 del conss, 18 add conss, 0 chg bounds, 19 chg sides, 101 chg coeffs, 0 upgd conss, 0 impls, 278 clqs
(round 3, fast)       32 del vars, 69 del conss, 18 add conss, 0 chg bounds, 19 chg sides, 101 chg coeffs, 0 upgd conss, 0 impls, 278 clqs
(round 4, exhaustive) 32 del vars, 70 del conss, 18 add conss, 0 chg bounds, 19 chg sides, 101 chg coeffs, 0 upgd conss, 0 impls, 278 clqs
(round 5, exhaustive) 32 del vars, 70 del conss, 18 add conss, 0 chg bounds, 19 chg sides, 101 chg coeffs, 11 upgd conss, 0 impls, 278 clqs
(round 6, fast)       32 del vars, 72 del conss, 18 add conss, 0 chg bounds, 19 chg sides, 101 chg coeffs, 11 upgd conss, 0 impls, 278 clqs
(round 7, exhaustive) 32 del vars, 74 del conss, 18 add conss, 0 chg bounds, 19 chg sides, 102 chg coeffs, 11 upgd conss, 0 impls, 278 clqs
(round 8, exhaustive) 32 del vars, 75 del conss, 18 add conss, 0 chg bounds, 19 chg sides, 102 chg coeffs, 11 upgd conss, 0 impls, 278 clqs
(round 9, exhaustive) 32 del vars, 75 del conss, 18 add conss, 0 chg bounds, 19 chg sides, 103 chg coeffs, 11 upgd conss, 0 impls, 278 clqs
presolving (10 rounds: 10 fast, 7 medium, 6 exhaustive):
 32 deleted vars, 75 deleted constraints, 18 added constraints, 0 tightened bounds, 0 added holes, 19 changed sides, 103 changed coefficients
 0 implications, 278 cliques
presolved problem has 119 variables (119 bin, 0 int, 0 impl, 0 cont) and 317 constraints
     39 constraints of type <knapsack>
    132 constraints of type <setppc>
    100 constraints of type <and>
     30 constraints of type <linear>
     16 constraints of type <logicor>
Presolving Time: 0.00
transformed 19/30 original solutions to the transformed problem space

 time | node  | left  |LP iter|LP it/n|mem/heur|mdpt |vars |cons |rows |cuts |sepa|confs|strbr|  dualbound   | primalbound  |  gap   | compl. 
  4.0s|     1 |     0 |  4291 |     - |    25M |   0 | 119 | 317 | 398 |   0 |  0 |  56 |  15 |-1.229593e-02 |-9.808864e-03 |  25.36%| unknown
  4.0s|     1 |     0 |  4291 |     - |    25M |   0 | 119 | 317 | 375 |   0 |  0 |  56 |  15 |-1.229593e-02 |-9.808864e-03 |  25.36%| unknown
  4.0s|     1 |     0 |  4302 |     - |    25M |   0 | 119 | 301 | 374 |   1 |  1 |  56 |  15 |-1.229593e-02 |-9.808864e-03 |  25.36%| unknown
  4.0s|     1 |     0 |  4321 |     - |    25M |   0 | 119 | 304 | 376 |   3 |  2 |  59 |  15 |-1.229593e-02 |-9.808864e-03 |  25.36%| unknown
  4.0s|     1 |     0 |  4321 |     - |    25M |   0 | 119 | 305 | 372 |   3 |  2 |  60 |  15 |-1.229593e-02 |-9.808864e-03 |  25.36%| unknown
  4.0s|     1 |     0 |  4338 |     - |    25M |   0 | 119 | 305 | 374 |   5 |  3 |  60 |  15 |-1.229593e-02 |-9.808864e-03 |  25.36%| unknown
  4.0s|     1 |     0 |  4338 |     - |    25M |   0 | 119 | 305 | 373 |   5 |  3 |  60 |  15 |-1.229593e-02 |-9.808864e-03 |  25.36%| unknown
  4.0s|     1 |     0 |  4350 |     - |    25M |   0 | 119 | 305 | 374 |   6 |  4 |  60 |  15 |-1.229593e-02 |-9.808864e-03 |  25.36%| unknown
  4.0s|     1 |     0 |  4376 |     - |    26M |   0 | 119 | 305 | 375 |   7 |  5 |  60 |  15 |-1.229593e-02 |-9.808864e-03 |  25.36%| unknown
  4.0s|     1 |     0 |  4394 |     - |    26M |   0 | 119 | 305 | 376 |   8 |  6 |  60 |  15 |-1.227431e-02 |-9.808864e-03 |  25.13%| unknown
  4.0s|     1 |     0 |  4415 |     - |    26M |   0 | 119 | 305 | 377 |   9 |  7 |  60 |  15 |-1.221683e-02 |-9.808864e-03 |  24.55%| unknown
r 4.0s|     1 |     0 |  4415 |     - |randroun|   0 | 119 | 293 | 377 |   0 |  7 |  60 |  15 |-1.221683e-02 |-1.073192e-02 |  13.84%| unknown
  4.0s|     1 |     0 |  4436 |     - |    26M |   0 | 119 | 293 | 378 |  10 |  8 |  60 |  15 |-1.216676e-02 |-1.073192e-02 |  13.37%| unknown
  4.0s|     1 |     0 |  4436 |     - |    26M |   0 | 119 | 293 | 323 |  10 |  8 |  60 |  15 |-1.216676e-02 |-1.073192e-02 |  13.37%| unknown
  4.0s|     1 |     0 |  4447 |     - |    26M |   0 | 119 | 269 | 323 |  12 |  9 |  60 |  15 |-1.216142e-02 |-1.073192e-02 |  13.32%| unknown
 time | node  | left  |LP iter|LP it/n|mem/heur|mdpt |vars |cons |rows |cuts |sepa|confs|strbr|  dualbound   | primalbound  |  gap   | compl. 
  4.0s|     1 |     0 |  4447 |     - |    26M |   0 | 119 | 271 | 322 |  12 |  9 |  62 |  15 |-1.216142e-02 |-1.073192e-02 |  13.32%| unknown
  4.0s|     1 |     0 |  4462 |     - |    26M |   0 | 119 | 271 | 324 |  14 | 10 |  62 |  15 |-1.213115e-02 |-1.073192e-02 |  13.04%| unknown
  4.0s|     1 |     0 |  4479 |     - |    26M |   0 | 119 | 273 | 325 |  15 | 11 |  64 |  15 |-1.208731e-02 |-1.073192e-02 |  12.63%| unknown
  4.0s|     1 |     0 |  4479 |     - |    26M |   0 | 119 | 274 | 324 |  15 | 11 |  65 |  15 |-1.208731e-02 |-1.073192e-02 |  12.63%| unknown
  4.0s|     1 |     0 |  4483 |     - |    26M |   0 | 119 | 274 | 325 |  16 | 12 |  65 |  15 |-1.208440e-02 |-1.073192e-02 |  12.60%| unknown
  4.0s|     1 |     0 |  4487 |     - |    26M |   0 | 119 | 274 | 267 |  17 | 13 |  65 |  15 |-1.208374e-02 |-1.073192e-02 |  12.60%| unknown
  4.0s|     1 |     0 |  4502 |     - |    26M |   0 | 119 | 276 | 268 |  18 | 14 |  67 |  15 |-1.207809e-02 |-1.073192e-02 |  12.54%| unknown
  4.0s|     1 |     0 |  4512 |     - |    26M |   0 | 119 | 276 | 269 |  19 | 15 |  67 |  15 |-1.207047e-02 |-1.073192e-02 |  12.47%| unknown
  4.0s|     1 |     0 |  4512 |     - |    26M |   0 | 119 | 261 | 298 |  19 | 15 |  67 |  15 |-1.207047e-02 |-1.073192e-02 |  12.47%| unknown
  4.0s|     1 |     0 |  4531 |     - |    26M |   0 | 119 | 261 | 299 |  20 | 16 |  67 |  15 |-1.206468e-02 |-1.073192e-02 |  12.42%| unknown
  4.0s|     1 |     0 |  4549 |     - |    26M |   0 | 119 | 263 | 300 |  21 | 17 |  69 |  15 |-1.204584e-02 |-1.073192e-02 |  12.24%| unknown
  4.0s|     1 |     0 |  4556 |     - |    26M |   0 | 119 | 263 | 301 |  22 | 18 |  69 |  15 |-1.204506e-02 |-1.073192e-02 |  12.24%| unknown
  4.0s|     1 |     0 |  4561 |     - |    26M |   0 | 119 | 265 | 293 |  23 | 19 |  71 |  15 |-1.204445e-02 |-1.073192e-02 |  12.23%| unknown
  4.0s|     1 |     0 |  4574 |     - |    26M |   0 | 119 | 265 | 294 |  24 | 20 |  71 |  15 |-1.203828e-02 |-1.073192e-02 |  12.17%| unknown
  4.0s|     1 |     0 |  4580 |     - |    26M |   0 | 119 | 265 | 296 |  26 | 21 |  71 |  15 |-1.203695e-02 |-1.073192e-02 |  12.16%| unknown
(run 5, node 1) restarting after 43 global fixings of integer variables

(restart) converted 24 cuts from the global cut pool into linear constraints

presolving:
(round 1, fast)       43 del vars, 0 del conss, 0 add conss, 0 chg bounds, 0 chg sides, 0 chg coeffs, 0 upgd conss, 0 impls, 190 clqs
(round 2, exhaustive) 43 del vars, 0 del conss, 0 add conss, 0 chg bounds, 0 chg sides, 0 chg coeffs, 18 upgd conss, 0 impls, 190 clqs
(round 3, fast)       43 del vars, 1 del conss, 0 add conss, 0 chg bounds, 0 chg sides, 0 chg coeffs, 18 upgd conss, 0 impls, 191 clqs
(round 4, exhaustive) 43 del vars, 6 del conss, 0 add conss, 0 chg bounds, 0 chg sides, 0 chg coeffs, 18 upgd conss, 0 impls, 191 clqs
(round 5, exhaustive) 43 del vars, 7 del conss, 0 add conss, 0 chg bounds, 0 chg sides, 0 chg coeffs, 18 upgd conss, 0 impls, 191 clqs
(round 6, exhaustive) 43 del vars, 7 del conss, 0 add conss, 0 chg bounds, 0 chg sides, 19 chg coeffs, 18 upgd conss, 0 impls, 191 clqs
(round 7, exhaustive) 43 del vars, 8 del conss, 0 add conss, 0 chg bounds, 0 chg sides, 19 chg coeffs, 18 upgd conss, 0 impls, 191 clqs
presolving (8 rounds: 8 fast, 6 medium, 6 exhaustive):
 43 deleted vars, 8 deleted constraints, 0 added constraints, 0 tightened bounds, 0 added holes, 0 changed sides, 19 changed coefficients
 0 implications, 191 cliques
presolved problem has 76 variables (76 bin, 0 int, 0 impl, 0 cont) and 287 constraints
     50 constraints of type <knapsack>
    118 constraints of type <setppc>
     60 constraints of type <and>
     36 constraints of type <linear>
     23 constraints of type <logicor>
Presolving Time: 0.00
transformed 16/42 original solutions to the transformed problem space

 time | node  | left  |LP iter|LP it/n|mem/heur|mdpt |vars |cons |rows |cuts |sepa|confs|strbr|  dualbound   | primalbound  |  gap   | compl. 
  4.0s|     1 |     0 |  4931 |     - |    27M |   0 |  76 | 287 | 320 |   0 |  0 |  77 |  15 |-1.203695e-02 |-1.073192e-02 |  12.16%| unknown
  4.0s|     1 |     0 |  4931 |     - |    27M |   0 |  76 | 289 | 291 |   0 |  0 |  79 |  15 |-1.203695e-02 |-1.073192e-02 |  12.16%| unknown
  4.0s|     1 |     0 |  4943 |     - |    27M |   0 |  76 | 268 | 287 |   4 |  1 |  79 |  15 |-1.203179e-02 |-1.073192e-02 |  12.11%| unknown
  4.0s|     1 |     0 |  4974 |     - |    27M |   0 |  76 | 271 | 289 |   6 |  2 |  82 |  15 |-1.197091e-02 |-1.073192e-02 |  11.54%| unknown
  4.0s|     1 |     0 |  4974 |     - |    27M |   0 |  76 | 272 | 288 |   6 |  2 |  83 |  15 |-1.197091e-02 |-1.073192e-02 |  11.54%| unknown
  4.0s|     1 |     0 |  5013 |     - |    27M |   0 |  76 | 272 | 289 |   7 |  3 |  83 |  15 |-1.186416e-02 |-1.073192e-02 |  10.55%| unknown
  4.0s|     1 |     0 |  5013 |     - |    27M |   0 |  76 | 273 | 287 |   7 |  3 |  84 |  15 |-1.186416e-02 |-1.073192e-02 |  10.55%| unknown
  4.0s|     1 |     0 |  5034 |     - |    27M |   0 |  76 | 273 | 289 |   9 |  4 |  84 |  15 |-1.173489e-02 |-1.073192e-02 |   9.35%| unknown
  4.0s|     1 |     0 |  5034 |     - |    27M |   0 |  76 | 273 | 287 |   9 |  4 |  84 |  15 |-1.173489e-02 |-1.073192e-02 |   9.35%| unknown
  5.0s|     1 |     0 |  5051 |     - |    27M |   0 |  76 | 273 | 291 |  13 |  5 |  84 |  15 |-1.169949e-02 |-1.073192e-02 |   9.02%| unknown
  5.0s|     1 |     0 |  5066 |     - |    27M |   0 |  76 | 273 | 293 |  15 |  6 |  84 |  15 |-1.154433e-02 |-1.073192e-02 |   7.57%| unknown
  5.0s|     1 |     0 |  5082 |     - |    27M |   0 |  76 | 274 | 292 |  15 |  6 |  85 |  15 |-1.151698e-02 |-1.073192e-02 |   7.32%| unknown
  5.0s|     1 |     0 |  5126 |     - |    27M |   0 |  76 | 274 | 293 |  16 |  7 |  85 |  15 |-1.124069e-02 |-1.073192e-02 |   4.74%| unknown
  5.0s|     1 |     0 |  5136 |     - |    28M |   0 |  76 | 274 | 295 |  18 |  8 |  85 |  15 |-1.117359e-02 |-1.073192e-02 |   4.12%| unknown
  5.0s|     1 |     0 |  5162 |     - |    28M |   0 |  76 | 276 | 296 |  19 |  9 |  87 |  15 |-1.109431e-02 |-1.073192e-02 |   3.38%| unknown
 time | node  | left  |LP iter|LP it/n|mem/heur|mdpt |vars |cons |rows |cuts |sepa|confs|strbr|  dualbound   | primalbound  |  gap   | compl. 
  5.0s|     1 |     0 |  5162 |     - |    28M |   0 |  76 | 276 | 292 |  19 |  9 |  87 |  15 |-1.109431e-02 |-1.073192e-02 |   3.38%| unknown
  5.0s|     1 |     0 |  5165 |     - |    28M |   0 |  76 | 273 | 224 |  21 | 10 |  87 |  15 |-1.109208e-02 |-1.073192e-02 |   3.36%| unknown
  5.0s|     1 |     0 |  5185 |     - |    28M |   0 |  76 | 273 | 225 |  22 | 11 |  87 |  15 |-1.107344e-02 |-1.073192e-02 |   3.18%| unknown
  5.0s|     1 |     0 |  5208 |     - |    28M |   0 |  76 | 275 | 228 |  25 | 12 |  89 |  15 |-1.105003e-02 |-1.073192e-02 |   2.96%| unknown
  5.0s|     1 |     0 |  5248 |     - |    28M |   0 |  76 | 274 | 211 |  27 | 13 |  90 |  15 |-1.089935e-02 |-1.073192e-02 |   1.56%| unknown
  5.0s|     1 |     0 |  5248 |     - |    28M |   0 |  76 | 274 | 205 |  27 | 13 |  90 |  15 |-1.089935e-02 |-1.073192e-02 |   1.56%| unknown
  5.0s|     1 |     0 |  5252 |     - |    28M |   0 |  76 | 263 | 208 |  30 | 14 |  90 |  15 |-1.089835e-02 |-1.073192e-02 |   1.55%| unknown
  5.0s|     1 |     0 |  5259 |     - |    28M |   0 |  76 | 264 | 197 |  31 | 15 |  91 |  15 |-1.088980e-02 |-1.073192e-02 |   1.47%| unknown
  5.0s|     1 |     0 |  5272 |     - |    28M |   0 |  76 | 266 | 199 |  33 | 16 |  93 |  15 |-1.086837e-02 |-1.073192e-02 |   1.27%| unknown
  5.0s|     1 |     0 |  5285 |     - |    28M |   0 |  76 | 267 | 201 |  35 | 17 |  94 |  15 |-1.085246e-02 |-1.073192e-02 |   1.12%| unknown
  5.0s|     1 |     0 |  5319 |     - |    28M |   0 |  76 | 268 | 202 |  36 | 18 |  95 |  15 |-1.076379e-02 |-1.073192e-02 |   0.30%| unknown
  5.0s|     1 |     0 |  5319 |     - |    28M |   0 |  76 | 269 | 193 |  36 | 18 |  96 |  15 |-1.076379e-02 |-1.073192e-02 |   0.30%| unknown
  5.0s|     1 |     0 |  5331 |     - |    28M |   0 |  76 | 266 | 195 |  38 | 19 |  96 |  15 |-1.073192e-02 |-1.073192e-02 |   0.00%| unknown
  5.0s|     1 |     0 |  5331 |     - |    28M |   0 |  76 | 266 | 195 |  38 | 19 |  96 |  15 |-1.073192e-02 |-1.073192e-02 |   0.00%| unknown

SCIP Status        : problem is solved [optimal solution found]
Solving Time (sec) : 5.00
Solving Nodes      : 1 (total of 6 nodes in 6 runs)
Primal Bound       : -1.07319207452119e-02 (46 solutions)
Dual Bound         : -1.07319207452119e-02
Gap                : 0.00 %

primal solution (original space):
=================================

objective value:                  -0.0107319207452119
y(1,1)                                              1 	(obj:0.00407910542700575)
y(1,16)                                             1 	(obj:-0.00199090280038748)
y(1,29)                                             1 	(obj:0.000970988958717987)
y(16,1)                                             1 	(obj:-0.00199090280038748)
y(16,16)                                            1 	(obj:0.00514358775416668)
y(16,29)                                            1 	(obj:-9.75877650701919e-05)
y(29,1)                                             1 	(obj:0.000970988958717987)
y(29,16)                                            1 	(obj:-9.75877650701919e-05)
y(29,29)                                            1 	(obj:0.00238342124285929)
x(1)                                                1 	(obj:-0.00667286319447288)
x(16)                                               1 	(obj:-0.0059640060439669)
x(29)                                               1 	(obj:-0.00746616271732443)

Statistics
==========

SCIP Status        : problem is solved [optimal solution found]
Total Time         :       5.00
  solving          :       5.00
  presolving       :       0.00 (included in solving)
  reading          :       0.00
  copying          :       0.00 (8 #copies) (minimal 0.00, maximal 0.00, average 0.00)
Original Problem   :
  Problem name     : C:\Users\Claubit\Documents\GitHub\embedding\src\lp\scenarioA2_N32_B0.1_classical\IPL_linearized_N32q13.00B3.lp
  Variables        : 1056 (0 binary, 1056 integer, 0 implicit integer, 0 continuous)
  Constraints      : 3073 initial, 3073 maximal
  Objective        : minimize, 1056 non-zeros (abs.min = 1.12597e-06, abs.max = 0.0234812)
Presolved Problem  :
  Problem name     : t_C:\Users\Claubit\Documents\GitHub\embedding\src\lp\scenarioA2_N32_B0.1_classical\IPL_linearized_N32q13.00B3.lp
  Variables        : 76 (76 binary, 0 integer, 0 implicit integer, 0 continuous)
  Constraints      : 287 initial, 289 maximal
  Objective        : minimize, 76 non-zeros (abs.min = 2.25193e-06, abs.max = 0.00899836)
  Nonzeros         : 3925 constraint, 209 clique table
Presolvers         :   ExecTime  SetupTime  Calls  FixedVars   AggrVars   ChgTypes  ChgBounds   AddHoles    DelCons    AddCons   ChgSides   ChgCoefs
  boundshift       :       0.00       0.00      0          0          0          0          0          0          0          0          0          0
  convertinttobin  :       0.00       0.00      0          0          0          0          0          0          0          0          0          0
  domcol           :       0.00       0.00      6          0          0          0          0          0          0          0          0          0
  dualagg          :       0.00       0.00      0          0          0          0          0          0          0          0          0          0
  dualcomp         :       0.00       0.00      0          0          0          0          0          0          0          0          0          0
  dualinfer        :       0.00       0.00      0          0          0          0          0          0          0          0          0          0
  dualsparsify     :       0.00       0.00      1          0          0          0          0          0          0          0          0          0
  gateextraction   :       0.00       0.00     23          0          0          0          0          0       2976        992          0          0
  implics          :       0.00       0.00     29          0          0          0          0          0          0          0          0          0
  inttobinary      :       0.00       0.00      0          0          0          0          0          0          0          0          0          0
  milp             :       0.00       0.00      1          0          0          0          0          0          0          0          0          0
  qpkktref         :       0.00       0.00      0          0          0          0          0          0          0          0          0          0
  redvub           :       0.00       0.00      0          0          0          0          0          0          0          0          0          0
  sparsify         :       0.00       0.00      1          0          0          0          0          0          0          0          0          0
  stuffing         :       0.00       0.00      0          0          0          0          0          0          0          0          0          0
  trivial          :       0.00       0.00     42        440          0          0          0          0          0          0          0          0
  tworowbnd        :       0.00       0.00      0          0          0          0          0          0          0          0          0          0
  dualfix          :       0.00       0.00     42          0          0          0          0          0          0          0          0          0
  genvbounds       :       0.00       0.00      0          0          0          0          0          0          0          0          0          0
  probing          :       0.00       0.00      1          0          0          0          0          0          0          0          0          0
  pseudoobj        :       0.00       0.00      6          0          0          0          0          0          0          0          0          0
  symmetry         :       0.00       0.00      1          0          0          0          0          0          0          0          0          0
  vbounds          :       0.00       0.00      6          0          0          0          0          0          0          0          0          0
  knapsack         :       0.00       0.00     79          0          0          0          0          0         11         22         23         73
  setppc           :       0.00       0.00     85          0          0          0          0          0         80          0          0          0
  and              :       0.00       0.00     59         12        496          0          0          0        496          0          0          0
  linear           :       0.00       0.00     63          0         32          0          0          0        115          0         32         32
  logicor          :       0.00       0.00     77          0          0          0          0          0         22          0          0         70
  benders          :       0.00       0.00      0          0          0          0          0          0          0          0          0          0
  components       :       0.00       0.00      6          0          0          0          0          0          0          0          0          0
  root node        :          -          -      -        471          -          -        471          -          -          -          -          -
Constraints        :     Number  MaxNumber  #Separate #Propagate    #EnfoLP    #EnfoRelax  #EnfoPS    #Check   #ResProp    Cutoffs    DomReds       Cuts    Applied      Conss   Children
  benderslp        :          0          0          0          0          2          0          0        260          0          0          0          0          0          0          0
  integral         :          0          0          0          0          2          0          0        260          0          0         42          0          0          0          0
  knapsack         :         50         50        114       1720          0          0          0          0        114          7          0        122          2          0          0
  setppc           :        118        118        145       1920          0          0          0        212        168          5          0          5          0          0          0
  and              :         60         60        146       2415          0          0          0        247        458         15          0        219         54          0          0
  linear           :         36         36        146       2346          0          0          0        157         51         21          0          3          1          0          0
  logicor          :         23+        37        128        506          0          0          0          0         24          6          0          6          3          0          0
  benders          :          0          0          0          0          0          0          0        143          0          0          0          0          0          0          0
  countsols        :          0          0          0          0          0          0          0        143          0          0          0          0          0          0          0
  components       :          0          0          0          0          0          0          0          0          0          0          0          0          0          0          0
Constraint Timings :  TotalTime  SetupTime   Separate  Propagate     EnfoLP     EnfoPS     EnfoRelax   Check    ResProp    SB-Prop
  benderslp        :       0.00       0.00       0.00       0.00       0.00       0.00       0.00       0.00       0.00       0.00
  integral         :       0.00       0.00       0.00       0.00       0.00       0.00       0.00       0.00       0.00       0.00
  knapsack         :       0.00       0.00       0.00       0.00       0.00       0.00       0.00       0.00       0.00       0.00
  setppc           :       0.00       0.00       0.00       0.00       0.00       0.00       0.00       0.00       0.00       0.00
  and              :       0.00       0.00       0.00       0.00       0.00       0.00       0.00       0.00       0.00       0.00
  linear           :       1.00       0.00       1.00       0.00       0.00       0.00       0.00       0.00       0.00       0.00
  logicor          :       0.00       0.00       0.00       0.00       0.00       0.00       0.00       0.00       0.00       0.00
  benders          :       0.00       0.00       0.00       0.00       0.00       0.00       0.00       0.00       0.00       0.00
  countsols        :       0.00       0.00       0.00       0.00       0.00       0.00       0.00       0.00       0.00       0.00
  components       :       0.00       0.00       0.00       0.00       0.00       0.00       0.00       0.00       0.00       0.00
Propagators        : #Propagate   #ResProp    Cutoffs    DomReds
  dualfix          :         21          0          0          0
  genvbounds       :          0          0          0          0
  nlobbt           :          0          0          0          0
  obbt             :          0          0          0          0
  probing          :          0          0          0          0
  pseudoobj        :        271          0          0          0
  redcost          :        207          0          0        368
  rootredcost      :          0          0          0          0
  symmetry         :          0          0          0          0
  vbounds          :       2350          0          0          0
Propagator Timings :  TotalTime  SetupTime   Presolve  Propagate    ResProp    SB-Prop
  dualfix          :       0.00       0.00       0.00       0.00       0.00       0.00
  genvbounds       :       0.00       0.00       0.00       0.00       0.00       0.00
  nlobbt           :       0.00       0.00       0.00       0.00       0.00       0.00
  obbt             :       0.00       0.00       0.00       0.00       0.00       0.00
  probing          :       0.00       0.00       0.00       0.00       0.00       0.00
  pseudoobj        :       0.00       0.00       0.00       0.00       0.00       0.00
  redcost          :       0.00       0.00       0.00       0.00       0.00       0.00
  rootredcost      :       0.00       0.00       0.00       0.00       0.00       0.00
  symmetry         :       0.00       0.00       0.00       0.00       0.00       0.00
  vbounds          :       0.00       0.00       0.00       0.00       0.00       0.00
Conflict Analysis  :       Time      Calls    Success    DomReds  Conflicts   Literals    Reconvs ReconvLits   Dualrays   Nonzeros   LP Iters   (pool size: [10000,10000])
  propagation      :       0.00         37         37          -         73        7.7          0        0.0          -          -          -
  infeasible LP    :       0.00          0          0          -          0        0.0          0        0.0          0        0.0          0
  bound exceed. LP :       0.00         45         17          -         99       42.6          0        0.0          0        0.0        356
  strong branching :       0.00          0          0          -          0        0.0          0        0.0          -          -          0
  pseudo solution  :       0.00          0          0          -          0        0.0          0        0.0          -          -          -
  applied globally :       0.00          -          -          0         96        8.9          -          -          0          -          -
  applied locally  :          -          -          -          0          0        0.0          -          -          0          -          -
Separators         :   ExecTime  SetupTime      Calls    Cutoffs    DomReds       Cuts    Applied      Conss
  cut pool         :       0.00                    37          -          -       1570          -          -    (maximal pool size: 1367)
  aggregation      :       1.00       0.00        146          0          0         37          0          0
  cgmip            :       0.00       0.00          0          0          0          0          0          0
  clique           :       0.00       0.00        146          0          0          6          5          0
  closecuts        :       0.00       0.00          0          0          0          0          0          0
  cmir             :       0.00       0.00          0          0          0          0          5          0
  convexproj       :       0.00       0.00          0          0          0          0          0          0
  disjunctive      :       0.00       0.00          0          0          0          0          0          0
  eccuts           :       0.00       0.00          0          0          0          0          0          0
  flowcover        :       0.00       0.00          0          0          0          0         17          0
  gauge            :       0.00       0.00          0          0          0          0          0          0
  gomory           :       1.00       0.00         60          0          0       5189         69          0
  impliedbounds    :       0.00       0.00        146          0         55        197        130          0
  intobj           :       0.00       0.00          0          0          0          0          0          0
  mcf              :       0.00       0.00          6          0          0          0          0          0
  oddcycle         :       0.00       0.00          0          0          0          0          0          0
  rapidlearning    :       0.00       0.00          0          0          0          0          0          0
  strongcg         :       2.00       0.00        119          0          0       1302         16          0
  zerohalf         :       0.00       0.00        119          0          0         94         49          0
Pricers            :   ExecTime  SetupTime      Calls       Vars
  problem variables:       0.00          -          0          0
Branching Rules    :   ExecTime  SetupTime   BranchLP  BranchExt   BranchPS    Cutoffs    DomReds       Cuts      Conss   Children
  allfullstrong    :       0.00       0.00          0          0          0          0          0          0          0          0
  cloud            :       0.00       0.00          0          0          0          0          0          0          0          0
  distribution     :       0.00       0.00          0          0          0          0          0          0          0          0
  fullstrong       :       0.00       0.00          0          0          0          0          0          0          0          0
  inference        :       0.00       0.00          0          0          0          0          0          0          0          0
  leastinf         :       0.00       0.00          0          0          0          0          0          0          0          0
  lookahead        :       0.00       0.00          0          0          0          0          0          0          0          0
  mostinf          :       0.00       0.00          0          0          0          0          0          0          0          0
  multaggr         :       0.00       0.00          0          0          0          0          0          0          0          0
  nodereopt        :       0.00       0.00          0          0          0          0          0          0          0          0
  pscost           :       0.00       0.00          0          0          0          0          0          0          0          0
  random           :       0.00       0.00          0          0          0          0          0          0          0          0
  relpscost        :       0.00       0.00          2          0          0          0         42          0          0          0
  vanillafullstrong:       0.00       0.00          0          0          0          0          0          0          0          0
Primal Heuristics  :   ExecTime  SetupTime      Calls      Found       Best
  LP solutions     :       0.00          -          -          0          0
  relax solutions  :       0.00          -          -          0          0
  pseudo solutions :       0.00          -          -          0          0
  strong branching :       0.00          -          -          0          0
  actconsdiving    :       0.00       0.00          0          0          0
  adaptivediving   :       0.00       0.00          0          0          0
  alns             :       0.00       0.00          1          0          0
  bound            :       0.00       0.00          0          0          0
  clique           :       0.00       0.00          1          1          1
  coefdiving       :       0.00       0.00          0          0          0
  completesol      :       0.00       0.00          0          0          0
  conflictdiving   :       0.00       0.00          5          0          0
  crossover        :       0.00       0.00          0          0          0
  dins             :       0.00       0.00          0          0          0
  distributiondivin:       0.00       0.00          0          0          0
  dualval          :       0.00       0.00          0          0          0
  farkasdiving     :       0.00       0.00          5          0          0
  feaspump         :       0.00       0.00          0          0          0
  fixandinfer      :       0.00       0.00          0          0          0
  fracdiving       :       0.00       0.00          0          0          0
  gins             :       0.00       0.00          0          0          0
  guideddiving     :       0.00       0.00          0          0          0
  indicator        :       0.00       0.00          0          0          0
  intdiving        :       0.00       0.00          0          0          0
  intshifting      :       0.00       0.00          0          0          0
  linesearchdiving :       0.00       0.00          0          0          0
  localbranching   :       0.00       0.00          0          0          0
  locks            :       0.00       0.00          1          0          0
  lpface           :       0.00       0.00          0          0          0
  mpec             :       0.00       0.00          0          0          0
  multistart       :       0.00       0.00          0          0          0
  mutation         :       0.00       0.00          0          0          0
  nlpdiving        :       0.00       0.00          0          0          0
  objpscostdiving  :       0.00       0.00          0          0          0
  octane           :       0.00       0.00          0          0          0
  ofins            :       0.00       0.00          0          0          0
  oneopt           :       0.00       0.00          4          0          0
  padm             :       0.00       0.00          0          0          0
  proximity        :       0.00       0.00          0          0          0
  pscostdiving     :       0.00       0.00          0          0          0
  randrounding     :       0.00       0.00        147          3          1
  rens             :       0.00       0.00          5          1          0
  reoptsols        :       0.00       0.00          0          0          0
  repair           :       0.00       0.00          0          0          0
  rins             :       0.00       0.00          0          0          0
  rootsoldiving    :       0.00       0.00          0          0          0
  rounding         :       0.00       0.00        100          0          0
  shiftandpropagate:       0.00       0.00          0          0          0
  shifting         :       0.00       0.00        146         40          1
  simplerounding   :       0.00       0.00          0          0          0
  subnlp           :       0.00       0.00          0          0          0
  trivial          :       0.00       0.00          2          0          0
  trivialnegation  :       0.00       0.00          0          0          0
  trustregion      :       0.00       0.00          0          0          0
  trysol           :       0.00       0.00          0          0          0
  twoopt           :       0.00       0.00          0          0          0
  undercover       :       0.00       0.00          1          1          1
  vbounds          :       0.00       0.00          6          0          0
  veclendiving     :       0.00       0.00          0          0          0
  zeroobj          :       0.00       0.00          0          0          0
  zirounding       :       0.00       0.00          5          0          0
  other solutions  :          -          -          -          0          -
Diving (single)    :      Calls      Nodes   LP Iters Backtracks  Conflicts   MinDepth   MaxDepth   AvgDepth  RoundSols  NLeafSols  MinSolDpt  MaxSolDpt  AvgSolDpt
  actconsdiving    :          0          -          -          -          -          -          -          -          -          -          -          -          -
  coefdiving       :          0          -          -          -          -          -          -          -          -          -          -          -          -
  conflictdiving   :          5         50        576         13         40          5         13        8.4          0          -          -          -          -
  distributiondivin:          0          -          -          -          -          -          -          -          -          -          -          -          -
  farkasdiving     :          5         38        807         16         16          2          8        5.4          0          -          -          -          -
  fracdiving       :          0          -          -          -          -          -          -          -          -          -          -          -          -
  guideddiving     :          0          -          -          -          -          -          -          -          -          -          -          -          -
  linesearchdiving :          0          -          -          -          -          -          -          -          -          -          -          -          -
  pscostdiving     :          0          -          -          -          -          -          -          -          -          -          -          -          -
  veclendiving     :          0          -          -          -          -          -          -          -          -          -          -          -          -
Diving (adaptive)  :      Calls      Nodes   LP Iters Backtracks  Conflicts   MinDepth   MaxDepth   AvgDepth  RoundSols  NLeafSols  MinSolDpt  MaxSolDpt  AvgSolDpt
  actconsdiving    :          0          -          -          -          -          -          -          -          -          -          -          -          -
  coefdiving       :          0          -          -          -          -          -          -          -          -          -          -          -          -
  conflictdiving   :          0          -          -          -          -          -          -          -          -          -          -          -          -
  distributiondivin:          0          -          -          -          -          -          -          -          -          -          -          -          -
  farkasdiving     :          0          -          -          -          -          -          -          -          -          -          -          -          -
  fracdiving       :          0          -          -          -          -          -          -          -          -          -          -          -          -
  guideddiving     :          0          -          -          -          -          -          -          -          -          -          -          -          -
  linesearchdiving :          0          -          -          -          -          -          -          -          -          -          -          -          -
  pscostdiving     :          0          -          -          -          -          -          -          -          -          -          -          -          -
  veclendiving     :          0          -          -          -          -          -          -          -          -          -          -          -          -
Neighborhoods      :      Calls  SetupTime  SolveTime SolveNodes       Sols       Best       Exp3  EpsGreedy        UCB TgtFixRate  Opt  Inf Node Stal  Sol  Usr Othr Actv
  rens             :          0       0.00       0.00          0          0          0    0.00000   -1.00000    1.00000      0.900    0    0    0    0    0    0    0    1
  rins             :          0       0.00       0.00          0          0          0    0.00000   -1.00000    1.00000      0.900    0    0    0    0    0    0    0    1
  mutation         :          1       0.00       0.00          0          0          0    0.00000   -1.00000    1.00000      0.700    0    1    0    0    0    0    0    1
  localbranching   :          0       0.00       0.00          0          0          0    0.00000   -1.00000    1.00000      0.900    0    0    0    0    0    0    0    1
  crossover        :          0       0.00       0.00          0          0          0    0.00000   -1.00000    1.00000      0.900    0    0    0    0    0    0    0    1
  proximity        :          0       0.00       0.00          0          0          0    0.00000   -1.00000    1.00000      0.900    0    0    0    0    0    0    0    1
  zeroobjective    :          0       0.00       0.00          0          0          0    0.00000   -1.00000    1.00000      0.900    0    0    0    0    0    0    0    1
  dins             :          0       0.00       0.00          0          0          0    0.00000   -1.00000    1.00000      0.900    0    0    0    0    0    0    0    1
  trustregion      :          0       0.00       0.00          0          0          0    0.00000   -1.00000    1.00000      0.900    0    0    0    0    0    0    0    0
LP                 :       Time      Calls Iterations  Iter/call   Iter/sec  Time-0-It Calls-0-It    ItLimit
  primal LP        :       0.00         15          0       0.00          -       0.00         15
  dual LP          :       0.00        205       3831      25.54          -       0.00         55
  lex dual LP      :       0.00          0          0       0.00          -
  barrier LP       :       0.00          0          0       0.00          -       0.00          0
  resolve instable :       0.00          0          0       0.00          -
  diving/probing LP:       0.00         64       1500      23.44          -
  strong branching :       0.00         15       2062     137.47          -          -          -          0
    (at root node) :          -         15       2062     137.47          -
  conflict analysis:       0.00         45        356       7.91          -
B&B Tree           :
  number of runs   :          6
  nodes            :          1 (0 internal, 1 leaves)
  feasible leaves  :          0
  infeas. leaves   :          0
  objective leaves :          0
  nodes (total)    :          6 (0 internal, 6 leaves)
  nodes left       :          0
  max depth        :          0
  max depth (total):          0
  backtracks       :          0 (0.0%)
  early backtracks :          0 (0.0%)
  nodes exc. ref.  :          0 (0.0%)
  delayed cutoffs  :          0
  repropagations   :          0 (0 domain reductions, 0 cutoffs)
  avg switch length:       2.00
  switching time   :       0.00
Estim. Tree Size   :          1
Estimation Tree    : 1 nodes (1 visited, 0 internal, 1 leaves, 0 open), weight: 1.0000 completed 1.0000
Estimations        :      estim      value      trend resolution     smooth
  wbe              :          1          -          -          -          -
  tree-profile     :         -1          -          -          -          -
  gap              :          1    1.00000    1.00000          1          1
  tree-weight      :          1    1.00000    1.00000          1          1
  leaf-frequency   :          1    0.50000    1.00000          1          1
  ssg              :          1    0.00000   -1.00000          1          1
  open-nodes       :          1    0.00000    0.00000          1          1
Root Node          :
  First LP value   : -4.01937392932652e-02
  First LP Iters   :        159
  First LP Time    :       0.00
  Final Dual Bound : -1.07319207452119e-02
  Final Root Iters :       3857
  Root LP Estimate :                     -
Solution           :
  Solutions found  :         46 (4 improvements)
  First Solution   : -3.48297498056483e-03   (in run 1, after 1 nodes, 0.00 seconds, depth 24, found by <clique>)
  Gap First Sol.   :    6730.97 %
  Gap Last Sol.    :      13.84 %
  Primal Bound     : -1.07319207452119e-02   (in run 5, after 1 nodes, 4.00 seconds, depth 7, found by <randrounding>)
  Dual Bound       : -1.07319207452119e-02
  Gap              :       0.00 %
Integrals          :      Total       Avg%
  primal-dual      :     130.69      26.14
  primal-ref       :          -          - (not evaluated)
  dual-ref         :          -          - (not evaluated)
