SCIP version 7.0.2 [precision: 8 byte] [memory: block] [mode: optimized] [LP solver: SoPlex 5.0.2] [GitHash: e9d280a398]
Copyright (C) 2002-2020 Konrad-Zuse-Zentrum fuer Informationstechnik Berlin (ZIB)

External codes: 
  SoPlex 5.0.2         Linear Programming Solver developed at Zuse Institute Berlin (soplex.zib.de) [GitHash: e24c304e]
  CppAD 20180000.0     Algorithmic Differentiation of C++ algorithms developed by B. Bell (www.coin-or.org/CppAD)
  MPIR 3.0.0           Multiple Precision Integers and Rationals Library developed by W. Hart (mpir.org)
  ZIMPL 3.4.0          Zuse Institute Mathematical Programming Language developed by T. Koch (zimpl.zib.de)
  PaPILO 1.0.2         parallel presolve for integer and linear optimization (https://github.com/lgottwald/PaPILO) [GitHash: 62d2842]
  bliss 0.73p          Computing Graph Automorphism Groups by T. Junttila and P. Kaski (http://www.tcs.hut.fi/Software/bliss/)
  Ipopt 3.12.9         Interior Point Optimizer developed by A. Waechter et.al. (www.coin-or.org/Ipopt)

user parameter file <scip.set> not found - using default parameters

read problem <C:\Users\Claubit\Documents\GitHub\embedding\src\lp\scenarioA2_N32_B0.6_classical\IPL_linearized_N32q0.60B19.lp>
============

original problem has 1056 variables (0 bin, 1056 int, 0 impl, 0 cont) and 3073 constraints

solve problem
=============

presolving:
(round 1, fast)       32 del vars, 32 del conss, 0 add conss, 0 chg bounds, 32 chg sides, 32 chg coeffs, 0 upgd conss, 0 impls, 1984 clqs
(round 2, fast)       32 del vars, 96 del conss, 0 add conss, 0 chg bounds, 32 chg sides, 32 chg coeffs, 0 upgd conss, 0 impls, 1984 clqs
   (0.0s) running MILP presolver
   (0.0s) MILP presolver found nothing
(round 3, exhaustive) 32 del vars, 96 del conss, 0 add conss, 0 chg bounds, 32 chg sides, 32 chg coeffs, 2976 upgd conss, 0 impls, 1984 clqs
(round 4, exhaustive) 32 del vars, 3072 del conss, 992 add conss, 0 chg bounds, 32 chg sides, 32 chg coeffs, 2976 upgd conss, 0 impls, 1984 clqs
(round 5, exhaustive) 528 del vars, 3568 del conss, 992 add conss, 0 chg bounds, 32 chg sides, 32 chg coeffs, 2976 upgd conss, 0 impls, 992 clqs
   (0.0s) probing: 51/528 (9.7%) - 0 fixings, 0 aggregations, 0 implications, 0 bound changes
   (0.0s) probing aborted: 50/50 successive totally useless probings
   (0.0s) symmetry computation started: requiring (bin +, int -, cont +), (fixed: bin -, int +, cont -)
   (0.0s) no symmetry present
presolving (6 rounds: 6 fast, 4 medium, 4 exhaustive):
 528 deleted vars, 3568 deleted constraints, 992 added constraints, 0 tightened bounds, 0 added holes, 32 changed sides, 32 changed coefficients
 0 implications, 992 cliques
presolved problem has 528 variables (528 bin, 0 int, 0 impl, 0 cont) and 497 constraints
    496 constraints of type <and>
      1 constraints of type <linear>
Presolving Time: 0.00

 time | node  | left  |LP iter|LP it/n|mem/heur|mdpt |vars |cons |rows |cuts |sepa|confs|strbr|  dualbound   | primalbound  |  gap   | compl. 
p 0.0s|     1 |     0 |     0 |     - |  clique|   0 | 528 | 497 | 993 |   0 |  0 |   0 |   0 |-7.929846e-02 |-3.154121e-02 | 151.41%| unknown
  0.0s|     1 |     0 |   295 |     - |    14M |   0 | 528 | 497 | 993 |   0 |  0 |   0 |   0 |-5.855193e-02 |-3.154121e-02 |  85.64%| unknown
r 0.0s|     1 |     0 |   295 |     - |shifting|   0 | 528 | 503 | 993 |   0 |  0 |   6 |   0 |-5.855193e-02 |-5.529534e-02 |   5.89%| unknown
L 0.0s|     1 |     0 |   295 |     - |undercov|   0 | 528 | 503 | 993 |   0 |  0 |   6 |   0 |-5.855193e-02 |-5.576305e-02 |   5.00%| unknown
  0.0s|     1 |     0 |   369 |     - |    14M |   0 | 528 | 503 |1056 |  63 |  1 |   6 |   0 |-5.609032e-02 |-5.576305e-02 |   0.59%| unknown
  0.0s|     1 |     0 |   369 |     - |    14M |   0 | 528 | 504 | 630 |  63 |  1 |   7 |   0 |-5.609032e-02 |-5.576305e-02 |   0.59%| unknown
  0.0s|     1 |     0 |   388 |     - |    14M |   0 | 528 | 503 | 631 |  95 |  2 |   7 |   0 |-5.576305e-02 |-5.576305e-02 |   0.00%| unknown
  0.0s|     1 |     0 |   388 |     - |    14M |   0 | 528 | 503 | 631 |  95 |  2 |   7 |   0 |-5.576305e-02 |-5.576305e-02 |   0.00%| unknown

SCIP Status        : problem is solved [optimal solution found]
Solving Time (sec) : 0.00
Solving Nodes      : 1
Primal Bound       : -5.57630521293296e-02 (3 solutions)
Dual Bound         : -5.57630521293296e-02
Gap                : 0.00 %

primal solution (original space):
=================================

objective value:                  -0.0557630521293296
y(1,1)                                              1 	(obj:0.000188266404323342)
y(1,3)                                              1 	(obj:-1.33728022665969e-05)
y(1,4)                                              1 	(obj:-1.65311775476643e-05)
y(1,5)                                              1 	(obj:-0.000132101076801903)
y(1,8)                                              1 	(obj:0.000128576519426384)
y(1,12)                                             1 	(obj:9.26184028926678e-05)
y(1,13)                                             1 	(obj:8.451963346336e-05)
y(1,14)                                             1 	(obj:8.7940431127609e-05)
y(1,16)                                             1 	(obj:-9.18878215563451e-05)
y(1,19)                                             1 	(obj:5.38474566590752e-05)
y(1,21)                                             1 	(obj:8.54539971319226e-06)
y(1,23)                                             1 	(obj:7.28951447202975e-05)
y(1,24)                                             1 	(obj:0.000144808287447966)
y(1,27)                                             1 	(obj:8.7181689722914e-05)
y(1,28)                                             1 	(obj:-8.19909669967704e-05)
y(1,29)                                             1 	(obj:4.48148750177532e-05)
y(1,30)                                             1 	(obj:7.43041146861508e-05)
y(1,31)                                             1 	(obj:9.45146718461414e-05)
y(1,32)                                             1 	(obj:5.58100433963166e-05)
y(3,1)                                              1 	(obj:-1.33728022665969e-05)
y(3,3)                                              1 	(obj:0.000125461064157819)
y(3,4)                                              1 	(obj:9.51868206493168e-05)
y(3,5)                                              1 	(obj:0.000152517345973206)
y(3,8)                                              1 	(obj:2.0774954397064e-06)
y(3,12)                                             1 	(obj:-1.20716419271524e-05)
y(3,13)                                             1 	(obj:7.50343508293016e-06)
y(3,14)                                             1 	(obj:2.37899032517487e-05)
y(3,16)                                             1 	(obj:0.00010825456365016)
y(3,19)                                             1 	(obj:7.78007322982449e-05)
y(3,21)                                             1 	(obj:1.70630414752316e-05)
y(3,23)                                             1 	(obj:-2.23396570637769e-05)
y(3,24)                                             1 	(obj:-3.56507136654798e-05)
y(3,27)                                             1 	(obj:-2.52828977524341e-05)
y(3,28)                                             1 	(obj:6.45298467480695e-05)
y(3,29)                                             1 	(obj:-6.88093595200614e-06)
y(3,30)                                             1 	(obj:-3.91930872092696e-06)
y(3,31)                                             1 	(obj:5.6666854173137e-05)
y(3,32)                                             1 	(obj:-2.80116740930018e-05)
y(4,1)                                              1 	(obj:-1.65311775476643e-05)
y(4,3)                                              1 	(obj:9.51868206493168e-05)
y(4,4)                                              1 	(obj:0.000166238575024667)
y(4,5)                                              1 	(obj:0.000156337984981254)
y(4,8)                                              1 	(obj:3.3055370206537e-05)
y(4,12)                                             1 	(obj:3.26651377973944e-05)
y(4,13)                                             1 	(obj:2.80023250262947e-05)
y(4,14)                                             1 	(obj:3.4418811011511e-05)
y(4,16)                                             1 	(obj:0.000142922295503494)
y(4,19)                                             1 	(obj:7.82956575643794e-05)
y(4,21)                                             1 	(obj:2.24462879965868e-05)
y(4,23)                                             1 	(obj:3.48057765609886e-05)
y(4,24)                                             1 	(obj:6.68936389954996e-06)
y(4,27)                                             1 	(obj:2.86555259634405e-05)
y(4,28)                                             1 	(obj:4.80167410290559e-05)
y(4,29)                                             1 	(obj:-9.25943927050375e-06)
y(4,30)                                             1 	(obj:2.32159409578062e-05)
y(4,31)                                             1 	(obj:7.58576262845466e-05)
y(4,32)                                             1 	(obj:-2.70527126774533e-05)
y(5,1)                                              1 	(obj:-0.000132101076801903)
y(5,3)                                              1 	(obj:0.000152517345973206)
y(5,4)                                              1 	(obj:0.000156337984981254)
y(5,5)                                              1 	(obj:0.000340785085571835)
y(5,8)                                              1 	(obj:-6.17043952476264e-05)
y(5,12)                                             1 	(obj:-6.23860704107416e-05)
y(5,13)                                             1 	(obj:-3.67438257224268e-05)
y(5,14)                                             1 	(obj:1.27992805771008e-05)
y(5,16)                                             1 	(obj:0.000228643314992041)
y(5,19)                                             1 	(obj:6.89157666838103e-05)
y(5,21)                                             1 	(obj:2.01815446543907e-05)
y(5,23)                                             1 	(obj:-6.13905197727298e-05)
y(5,24)                                             1 	(obj:-0.000112031812940596)
y(5,27)                                             1 	(obj:-8.15723225743065e-06)
y(5,28)                                             1 	(obj:0.000184651491660337)
y(5,29)                                             1 	(obj:-3.10565665219992e-05)
y(5,30)                                             1 	(obj:-5.66706397953607e-05)
y(5,31)                                             1 	(obj:8.48794551135127e-06)
y(5,32)                                             1 	(obj:-5.93757241885865e-05)
y(8,1)                                              1 	(obj:0.000128576519426384)
y(8,3)                                              1 	(obj:2.0774954397064e-06)
y(8,4)                                              1 	(obj:3.3055370206537e-05)
y(8,5)                                              1 	(obj:-6.17043952476264e-05)
y(8,8)                                              1 	(obj:0.000125289108937488)
y(8,12)                                             1 	(obj:9.50370761110761e-05)
y(8,13)                                             1 	(obj:7.19660433654076e-05)
y(8,14)                                             1 	(obj:8.53613563492258e-05)
y(8,16)                                             1 	(obj:-3.26258817896889e-05)
y(8,19)                                             1 	(obj:3.75306296013021e-05)
y(8,21)                                             1 	(obj:1.73701472476574e-05)
y(8,23)                                             1 	(obj:8.00607467656118e-05)
y(8,24)                                             1 	(obj:0.000141016421112288)
y(8,27)                                             1 	(obj:8.97214897413621e-05)
y(8,28)                                             1 	(obj:-3.18207058193855e-05)
y(8,29)                                             1 	(obj:2.53339774215498e-05)
y(8,30)                                             1 	(obj:7.17795752961763e-05)
y(8,31)                                             1 	(obj:8.3740953762366e-05)
y(8,32)                                             1 	(obj:4.156191972683e-05)
y(12,1)                                             1 	(obj:9.26184028926678e-05)
y(12,3)                                             1 	(obj:-1.20716419271524e-05)
y(12,4)                                             1 	(obj:3.26651377973944e-05)
y(12,5)                                             1 	(obj:-6.23860704107416e-05)
y(12,8)                                             1 	(obj:9.50370761110761e-05)
y(12,12)                                            1 	(obj:0.000105777457425936)
y(12,13)                                            1 	(obj:7.81290175393805e-05)
y(12,14)                                            1 	(obj:7.16256060846578e-05)
y(12,16)                                            1 	(obj:-2.39334944705303e-05)
y(12,19)                                            1 	(obj:2.48414415099926e-05)
y(12,21)                                            1 	(obj:1.85988743045972e-05)
y(12,23)                                            1 	(obj:9.77282369616554e-05)
y(12,24)                                            1 	(obj:0.000105226745160082)
y(12,27)                                            1 	(obj:6.76085572619602e-05)
y(12,28)                                            1 	(obj:-4.96484827983447e-05)
y(12,29)                                            1 	(obj:4.44266617057626e-05)
y(12,30)                                            1 	(obj:7.02336479833849e-05)
y(12,31)                                            1 	(obj:6.64251244307734e-05)
y(12,32)                                            1 	(obj:4.51217647696848e-05)
y(13,1)                                             1 	(obj:8.451963346336e-05)
y(13,3)                                             1 	(obj:7.50343508293016e-06)
y(13,4)                                             1 	(obj:2.80023250262947e-05)
y(13,5)                                             1 	(obj:-3.67438257224268e-05)
y(13,8)                                             1 	(obj:7.19660433654076e-05)
y(13,12)                                            1 	(obj:7.81290175393805e-05)
y(13,13)                                            1 	(obj:0.000148445501272391)
y(13,14)                                            1 	(obj:6.52936457279356e-05)
y(13,16)                                            1 	(obj:7.29385320004672e-06)
y(13,19)                                            1 	(obj:6.77206625124262e-05)
y(13,21)                                            1 	(obj:3.98323366349621e-05)
y(13,23)                                            1 	(obj:6.74694075948693e-05)
y(13,24)                                            1 	(obj:8.21105558331016e-05)
y(13,27)                                            1 	(obj:5.76775467069241e-05)
y(13,28)                                            1 	(obj:-3.30107318390716e-05)
y(13,29)                                            1 	(obj:3.27333494547344e-05)
y(13,30)                                            1 	(obj:4.79531223924352e-05)
y(13,31)                                            1 	(obj:7.61094112670725e-05)
y(13,32)                                            1 	(obj:4.82578431091763e-05)
y(14,1)                                             1 	(obj:8.7940431127609e-05)
y(14,3)                                             1 	(obj:2.37899032517487e-05)
y(14,4)                                             1 	(obj:3.4418811011511e-05)
y(14,5)                                             1 	(obj:1.27992805771008e-05)
y(14,8)                                             1 	(obj:8.53613563492258e-05)
y(14,12)                                            1 	(obj:7.16256060846578e-05)
y(14,13)                                            1 	(obj:6.52936457279356e-05)
y(14,14)                                            1 	(obj:0.000133789753563969)
y(14,16)                                            1 	(obj:-2.13890216675617e-05)
y(14,19)                                            1 	(obj:6.24179425174029e-05)
y(14,21)                                            1 	(obj:9.36894003618534e-06)
y(14,23)                                            1 	(obj:7.04811696931967e-05)
y(14,24)                                            1 	(obj:0.000106095463697422)
y(14,27)                                            1 	(obj:0.00010438745818781)
y(14,28)                                            1 	(obj:-7.5449109546997e-06)
y(14,29)                                            1 	(obj:2.57708985798179e-05)
y(14,30)                                            1 	(obj:4.68529127084722e-05)
y(14,31)                                            1 	(obj:8.74271738905869e-05)
y(14,32)                                            1 	(obj:5.1784409173152e-05)
y(16,1)                                             1 	(obj:-9.18878215563451e-05)
y(16,3)                                             1 	(obj:0.00010825456365016)
y(16,4)                                             1 	(obj:0.000142922295503494)
y(16,5)                                             1 	(obj:0.000228643314992041)
y(16,8)                                             1 	(obj:-3.26258817896889e-05)
y(16,12)                                            1 	(obj:-2.39334944705303e-05)
y(16,13)                                            1 	(obj:7.29385320004672e-06)
y(16,14)                                            1 	(obj:-2.13890216675617e-05)
y(16,16)                                            1 	(obj:0.000237396357884616)
y(16,19)                                            1 	(obj:4.32227269548007e-05)
y(16,21)                                            1 	(obj:2.21033953036948e-05)
y(16,23)                                            1 	(obj:-1.73630982010891e-06)
y(16,24)                                            1 	(obj:-7.50641934056842e-05)
y(16,27)                                            1 	(obj:-3.06783615557276e-05)
y(16,28)                                            1 	(obj:9.21209117944993e-05)
y(16,29)                                            1 	(obj:-4.50405069554732e-06)
y(16,30)                                            1 	(obj:-2.37402927516005e-05)
y(16,31)                                            1 	(obj:3.4936065771608e-05)
y(16,32)                                            1 	(obj:-4.56653199558581e-05)
y(19,1)                                             1 	(obj:5.38474566590752e-05)
y(19,3)                                             1 	(obj:7.78007322982449e-05)
y(19,4)                                             1 	(obj:7.82956575643794e-05)
y(19,5)                                             1 	(obj:6.89157666838103e-05)
y(19,8)                                             1 	(obj:3.75306296013021e-05)
y(19,12)                                            1 	(obj:2.48414415099926e-05)
y(19,13)                                            1 	(obj:6.77206625124262e-05)
y(19,14)                                            1 	(obj:6.24179425174029e-05)
y(19,16)                                            1 	(obj:4.32227269548007e-05)
y(19,19)                                            1 	(obj:0.000142850869908142)
y(19,21)                                            1 	(obj:8.39897586523554e-06)
y(19,23)                                            1 	(obj:1.61512550946085e-05)
y(19,24)                                            1 	(obj:4.4231172962719e-05)
y(19,27)                                            1 	(obj:6.71750438386963e-05)
y(19,28)                                            1 	(obj:2.19948937595587e-05)
y(19,29)                                            1 	(obj:9.19401949569029e-06)
y(19,30)                                            1 	(obj:1.66471804821208e-05)
y(19,31)                                            1 	(obj:8.73974324178596e-05)
y(19,32)                                            1 	(obj:1.18659636822899e-05)
y(21,1)                                             1 	(obj:8.54539971319226e-06)
y(21,3)                                             1 	(obj:1.70630414752316e-05)
y(21,4)                                             1 	(obj:2.24462879965868e-05)
y(21,5)                                             1 	(obj:2.01815446543907e-05)
y(21,8)                                             1 	(obj:1.73701472476574e-05)
y(21,12)                                            1 	(obj:1.85988743045972e-05)
y(21,13)                                            1 	(obj:3.98323366349621e-05)
y(21,14)                                            1 	(obj:9.36894003618534e-06)
y(21,16)                                            1 	(obj:2.21033953036948e-05)
y(21,19)                                            1 	(obj:8.39897586523554e-06)
y(21,21)                                            1 	(obj:6.39787354586234e-05)
y(21,23)                                            1 	(obj:4.01303166434546e-05)
y(21,24)                                            1 	(obj:-3.52382291922685e-06)
y(21,27)                                            1 	(obj:-1.64712900381633e-05)
y(21,28)                                            1 	(obj:-1.55006795423371e-06)
y(21,29)                                            1 	(obj:2.10623633017826e-05)
y(21,30)                                            1 	(obj:9.46665714496302e-06)
y(21,31)                                            1 	(obj:4.31031038517729e-05)
y(21,32)                                            1 	(obj:-3.4296458959734e-06)
y(23,1)                                             1 	(obj:7.28951447202975e-05)
y(23,3)                                             1 	(obj:-2.23396570637769e-05)
y(23,4)                                             1 	(obj:3.48057765609886e-05)
y(23,5)                                             1 	(obj:-6.13905197727298e-05)
y(23,8)                                             1 	(obj:8.00607467656118e-05)
y(23,12)                                            1 	(obj:9.77282369616554e-05)
y(23,13)                                            1 	(obj:6.74694075948693e-05)
y(23,14)                                            1 	(obj:7.04811696931967e-05)
y(23,16)                                            1 	(obj:-1.73630982010891e-06)
y(23,19)                                            1 	(obj:1.61512550946085e-05)
y(23,21)                                            1 	(obj:4.01303166434546e-05)
y(23,23)                                            1 	(obj:0.00015440174540657)
y(23,24)                                            1 	(obj:9.95285797474121e-05)
y(23,27)                                            1 	(obj:4.31598158754532e-05)
y(23,28)                                            1 	(obj:-9.24537490537335e-05)
y(23,29)                                            1 	(obj:4.15432764407952e-05)
y(23,30)                                            1 	(obj:6.63789258561141e-05)
y(23,31)                                            1 	(obj:0.00010171603947515)
y(23,32)                                            1 	(obj:4.08869554237954e-05)
y(24,1)                                             1 	(obj:0.000144808287447966)
y(24,3)                                             1 	(obj:-3.56507136654798e-05)
y(24,4)                                             1 	(obj:6.68936389954996e-06)
y(24,5)                                             1 	(obj:-0.000112031812940596)
y(24,8)                                             1 	(obj:0.000141016421112288)
y(24,12)                                            1 	(obj:0.000105226745160082)
y(24,13)                                            1 	(obj:8.21105558331016e-05)
y(24,14)                                            1 	(obj:0.000106095463697422)
y(24,16)                                            1 	(obj:-7.50641934056842e-05)
y(24,19)                                            1 	(obj:4.4231172962719e-05)
y(24,21)                                            1 	(obj:-3.52382291922685e-06)
y(24,23)                                            1 	(obj:9.95285797474121e-05)
y(24,24)                                            1 	(obj:0.000219109096528312)
y(24,27)                                            1 	(obj:0.000144159489597452)
y(24,28)                                            1 	(obj:-3.90907174569906e-05)
y(24,29)                                            1 	(obj:5.19677166725737e-08)
y(24,30)                                            1 	(obj:7.97931645998484e-05)
y(24,31)                                            1 	(obj:7.24768574908253e-05)
y(24,32)                                            1 	(obj:6.55300946764112e-05)
y(27,1)                                             1 	(obj:8.7181689722914e-05)
y(27,3)                                             1 	(obj:-2.52828977524341e-05)
y(27,4)                                             1 	(obj:2.86555259634405e-05)
y(27,5)                                             1 	(obj:-8.15723225743065e-06)
y(27,8)                                             1 	(obj:8.97214897413621e-05)
y(27,12)                                            1 	(obj:6.76085572619602e-05)
y(27,13)                                            1 	(obj:5.76775467069241e-05)
y(27,14)                                            1 	(obj:0.00010438745818781)
y(27,16)                                            1 	(obj:-3.06783615557276e-05)
y(27,19)                                            1 	(obj:6.71750438386963e-05)
y(27,21)                                            1 	(obj:-1.64712900381633e-05)
y(27,23)                                            1 	(obj:4.31598158754532e-05)
y(27,24)                                            1 	(obj:0.000144159489597452)
y(27,27)                                            1 	(obj:0.000183321286873759)
y(27,28)                                            1 	(obj:3.45317083208757e-05)
y(27,29)                                            1 	(obj:2.35080565555452e-05)
y(27,30)                                            1 	(obj:3.94845107405138e-05)
y(27,31)                                            1 	(obj:4.04932576149903e-05)
y(27,32)                                            1 	(obj:5.5070723741298e-05)
y(28,1)                                             1 	(obj:-8.19909669967704e-05)
y(28,3)                                             1 	(obj:6.45298467480695e-05)
y(28,4)                                             1 	(obj:4.80167410290559e-05)
y(28,5)                                             1 	(obj:0.000184651491660337)
y(28,8)                                             1 	(obj:-3.18207058193855e-05)
y(28,12)                                            1 	(obj:-4.96484827983447e-05)
y(28,13)                                            1 	(obj:-3.30107318390716e-05)
y(28,14)                                            1 	(obj:-7.5449109546997e-06)
y(28,16)                                            1 	(obj:9.21209117944993e-05)
y(28,19)                                            1 	(obj:2.19948937595587e-05)
y(28,21)                                            1 	(obj:-1.55006795423371e-06)
y(28,23)                                            1 	(obj:-9.24537490537335e-05)
y(28,24)                                            1 	(obj:-3.90907174569906e-05)
y(28,27)                                            1 	(obj:3.45317083208757e-05)
y(28,28)                                            1 	(obj:0.000206983860947582)
y(28,29)                                            1 	(obj:-2.10308050242325e-05)
y(28,30)                                            1 	(obj:-3.95114852991482e-05)
y(28,31)                                            1 	(obj:-8.06521113207419e-05)
y(28,32)                                            1 	(obj:-2.75906726366243e-05)
y(29,1)                                             1 	(obj:4.48148750177532e-05)
y(29,3)                                             1 	(obj:-6.88093595200614e-06)
y(29,4)                                             1 	(obj:-9.25943927050375e-06)
y(29,5)                                             1 	(obj:-3.10565665219992e-05)
y(29,8)                                             1 	(obj:2.53339774215498e-05)
y(29,12)                                            1 	(obj:4.44266617057626e-05)
y(29,13)                                            1 	(obj:3.27333494547344e-05)
y(29,14)                                            1 	(obj:2.57708985798179e-05)
y(29,16)                                            1 	(obj:-4.50405069554732e-06)
y(29,19)                                            1 	(obj:9.19401949569029e-06)
y(29,21)                                            1 	(obj:2.10623633017826e-05)
y(29,23)                                            1 	(obj:4.15432764407952e-05)
y(29,24)                                            1 	(obj:5.19677166725737e-08)
y(29,27)                                            1 	(obj:2.35080565555452e-05)
y(29,28)                                            1 	(obj:-2.10308050242325e-05)
y(29,29)                                            1 	(obj:0.000110004057362736)
y(29,30)                                            1 	(obj:2.93916161862207e-05)
y(29,31)                                            1 	(obj:2.55331066568101e-05)
y(29,32)                                            1 	(obj:2.54533716711804e-05)
y(30,1)                                             1 	(obj:7.43041146861508e-05)
y(30,3)                                             1 	(obj:-3.91930872092696e-06)
y(30,4)                                             1 	(obj:2.32159409578062e-05)
y(30,5)                                             1 	(obj:-5.66706397953607e-05)
y(30,8)                                             1 	(obj:7.17795752961763e-05)
y(30,12)                                            1 	(obj:7.02336479833849e-05)
y(30,13)                                            1 	(obj:4.79531223924352e-05)
y(30,14)                                            1 	(obj:4.68529127084722e-05)
y(30,16)                                            1 	(obj:-2.37402927516005e-05)
y(30,19)                                            1 	(obj:1.66471804821208e-05)
y(30,21)                                            1 	(obj:9.46665714496302e-06)
y(30,23)                                            1 	(obj:6.63789258561141e-05)
y(30,24)                                            1 	(obj:7.97931645998484e-05)
y(30,27)                                            1 	(obj:3.94845107405138e-05)
y(30,28)                                            1 	(obj:-3.95114852991482e-05)
y(30,29)                                            1 	(obj:2.93916161862207e-05)
y(30,30)                                            1 	(obj:7.30694368226559e-05)
y(30,31)                                            1 	(obj:6.13144647040288e-05)
y(30,32)                                            1 	(obj:3.1610589197158e-05)
y(31,1)                                             1 	(obj:9.45146718461414e-05)
y(31,3)                                             1 	(obj:5.6666854173137e-05)
y(31,4)                                             1 	(obj:7.58576262845466e-05)
y(31,5)                                             1 	(obj:8.48794551135127e-06)
y(31,8)                                             1 	(obj:8.3740953762366e-05)
y(31,12)                                            1 	(obj:6.64251244307734e-05)
y(31,13)                                            1 	(obj:7.61094112670725e-05)
y(31,14)                                            1 	(obj:8.74271738905869e-05)
y(31,16)                                            1 	(obj:3.4936065771608e-05)
y(31,19)                                            1 	(obj:8.73974324178596e-05)
y(31,21)                                            1 	(obj:4.31031038517729e-05)
y(31,23)                                            1 	(obj:0.00010171603947515)
y(31,24)                                            1 	(obj:7.24768574908253e-05)
y(31,27)                                            1 	(obj:4.04932576149903e-05)
y(31,28)                                            1 	(obj:-8.06521113207419e-05)
y(31,29)                                            1 	(obj:2.55331066568101e-05)
y(31,30)                                            1 	(obj:6.13144647040288e-05)
y(31,31)                                            1 	(obj:0.000186923666026919)
y(31,32)                                            1 	(obj:3.43586345061529e-05)
y(32,1)                                             1 	(obj:5.58100433963166e-05)
y(32,3)                                             1 	(obj:-2.80116740930018e-05)
y(32,4)                                             1 	(obj:-2.70527126774533e-05)
y(32,5)                                             1 	(obj:-5.93757241885865e-05)
y(32,8)                                             1 	(obj:4.156191972683e-05)
y(32,12)                                            1 	(obj:4.51217647696848e-05)
y(32,13)                                            1 	(obj:4.82578431091763e-05)
y(32,14)                                            1 	(obj:5.1784409173152e-05)
y(32,16)                                            1 	(obj:-4.56653199558581e-05)
y(32,19)                                            1 	(obj:1.18659636822899e-05)
y(32,21)                                            1 	(obj:-3.4296458959734e-06)
y(32,23)                                            1 	(obj:4.08869554237954e-05)
y(32,24)                                            1 	(obj:6.55300946764112e-05)
y(32,27)                                            1 	(obj:5.5070723741298e-05)
y(32,28)                                            1 	(obj:-2.75906726366243e-05)
y(32,29)                                            1 	(obj:2.54533716711804e-05)
y(32,30)                                            1 	(obj:3.1610589197158e-05)
y(32,31)                                            1 	(obj:3.43586345061529e-05)
y(32,32)                                            1 	(obj:5.26169875455037e-05)
x(1)                                                1 	(obj:-0.00667286319447288)
x(3)                                                1 	(obj:-9.56132732858106e-05)
x(4)                                                1 	(obj:-0.00434230035302338)
x(5)                                                1 	(obj:-9.16335224440956e-05)
x(8)                                                1 	(obj:-0.0025649184939233)
x(12)                                               1 	(obj:-0.00348984795828146)
x(13)                                               1 	(obj:-0.00714774089661002)
x(14)                                               1 	(obj:-0.00212590896623755)
x(16)                                               1 	(obj:-0.0059640060439669)
x(19)                                               1 	(obj:-0.0045666940884271)
x(21)                                               1 	(obj:-0.00233757086924918)
x(23)                                               1 	(obj:-0.00274468105522858)
x(24)                                               1 	(obj:-0.00102827908751343)
x(27)                                               1 	(obj:-0.0023468359083123)
x(28)                                               1 	(obj:0.000863377525571901)
x(29)                                               1 	(obj:-0.00746616271732443)
x(30)                                               1 	(obj:-0.00517621098612854)
x(31)                                               1 	(obj:-0.00870726096131751)
x(32)                                               1 	(obj:-0.0039925222536812)

Statistics
==========

SCIP Status        : problem is solved [optimal solution found]
Total Time         :       0.00
  solving          :       0.00
  presolving       :       0.00 (included in solving)
  reading          :       0.00
  copying          :       0.00 (1 #copies) (minimal 0.00, maximal 0.00, average 0.00)
Original Problem   :
  Problem name     : C:\Users\Claubit\Documents\GitHub\embedding\src\lp\scenarioA2_N32_B0.6_classical\IPL_linearized_N32q0.60B19.lp
  Variables        : 1056 (0 binary, 1056 integer, 0 implicit integer, 0 continuous)
  Constraints      : 3073 initial, 3073 maximal
  Objective        : minimize, 1056 non-zeros (abs.min = 5.19677e-08, abs.max = 0.00870726)
Presolved Problem  :
  Problem name     : t_C:\Users\Claubit\Documents\GitHub\embedding\src\lp\scenarioA2_N32_B0.6_classical\IPL_linearized_N32q0.60B19.lp
  Variables        : 528 (528 binary, 0 integer, 0 implicit integer, 0 continuous)
  Constraints      : 497 initial, 504 maximal
  Objective        : minimize, 528 non-zeros (abs.min = 1.03935e-07, abs.max = 0.00852034)
  Nonzeros         : 1520 constraint, 494 clique table
Presolvers         :   ExecTime  SetupTime  Calls  FixedVars   AggrVars   ChgTypes  ChgBounds   AddHoles    DelCons    AddCons   ChgSides   ChgCoefs
  boundshift       :       0.00       0.00      0          0          0          0          0          0          0          0          0          0
  convertinttobin  :       0.00       0.00      0          0          0          0          0          0          0          0          0          0
  domcol           :       0.00       0.00      1          0          0          0          0          0          0          0          0          0
  dualagg          :       0.00       0.00      0          0          0          0          0          0          0          0          0          0
  dualcomp         :       0.00       0.00      0          0          0          0          0          0          0          0          0          0
  dualinfer        :       0.00       0.00      0          0          0          0          0          0          0          0          0          0
  dualsparsify     :       0.00       0.00      1          0          0          0          0          0          0          0          0          0
  gateextraction   :       0.00       0.00      1          0          0          0          0          0       2976        992          0          0
  implics          :       0.00       0.00      4          0          0          0          0          0          0          0          0          0
  inttobinary      :       0.00       0.00      0          0          0          0          0          0          0          0          0          0
  milp             :       0.00       0.00      1          0          0          0          0          0          0          0          0          0
  qpkktref         :       0.00       0.00      0          0          0          0          0          0          0          0          0          0
  redvub           :       0.00       0.00      0          0          0          0          0          0          0          0          0          0
  sparsify         :       0.00       0.00      1          0          0          0          0          0          0          0          0          0
  stuffing         :       0.00       0.00      0          0          0          0          0          0          0          0          0          0
  trivial          :       0.00       0.00      6          0          0          0          0          0          0          0          0          0
  tworowbnd        :       0.00       0.00      0          0          0          0          0          0          0          0          0          0
  dualfix          :       0.00       0.00      6          0          0          0          0          0          0          0          0          0
  genvbounds       :       0.00       0.00      0          0          0          0          0          0          0          0          0          0
  probing          :       0.00       0.00      1          0          0          0          0          0          0          0          0          0
  pseudoobj        :       0.00       0.00      0          0          0          0          0          0          0          0          0          0
  symmetry         :       0.00       0.00      1          0          0          0          0          0          0          0          0          0
  vbounds          :       0.00       0.00      1          0          0          0          0          0          0          0          0          0
  and              :       0.00       0.00      4          0        496          0          0          0        496          0          0          0
  linear           :       0.00       0.00      8          0         32          0          0          0         96          0         32         32
  logicor          :       0.00       0.00      2          0          0          0          0          0          0          0          0          0
  benders          :       0.00       0.00      0          0          0          0          0          0          0          0          0          0
  components       :       0.00       0.00      1          0          0          0          0          0          0          0          0          0
  root node        :          -          -      -        208          -          -        208          -          -          -          -          -
Constraints        :     Number  MaxNumber  #Separate #Propagate    #EnfoLP    #EnfoRelax  #EnfoPS    #Check   #ResProp    Cutoffs    DomReds       Cuts    Applied      Conss   Children
  benderslp        :          0          0          0          0          0          0          0         11          0          0          0          0          0          0          0
  integral         :          0          0          0          0          0          0          0         11          0          0          0          0          0          0          0
  and              :        496        496          2        450          0          0          0          6         21          2          0         91          0          0          0
  linear           :          1          1          2        440          0          0          0          5          1          0          0          0          0          0          0
  logicor          :          0+         7          2          4          0          0          0          0          0          0          0          0          0          0          0
  benders          :          0          0          0          0          0          0          0          4          0          0          0          0          0          0          0
  countsols        :          0          0          0          0          0          0          0          4          0          0          0          0          0          0          0
  components       :          0          0          0          0          0          0          0          0          0          0          0          0          0          0          0
Constraint Timings :  TotalTime  SetupTime   Separate  Propagate     EnfoLP     EnfoPS     EnfoRelax   Check    ResProp    SB-Prop
  benderslp        :       0.00       0.00       0.00       0.00       0.00       0.00       0.00       0.00       0.00       0.00
  integral         :       0.00       0.00       0.00       0.00       0.00       0.00       0.00       0.00       0.00       0.00
  and              :       0.00       0.00       0.00       0.00       0.00       0.00       0.00       0.00       0.00       0.00
  linear           :       0.00       0.00       0.00       0.00       0.00       0.00       0.00       0.00       0.00       0.00
  logicor          :       0.00       0.00       0.00       0.00       0.00       0.00       0.00       0.00       0.00       0.00
  benders          :       0.00       0.00       0.00       0.00       0.00       0.00       0.00       0.00       0.00       0.00
  countsols        :       0.00       0.00       0.00       0.00       0.00       0.00       0.00       0.00       0.00       0.00
  components       :       0.00       0.00       0.00       0.00       0.00       0.00       0.00       0.00       0.00       0.00
Propagators        : #Propagate   #ResProp    Cutoffs    DomReds
  dualfix          :          2          0          0          0
  genvbounds       :          0          0          0          0
  nlobbt           :          0          0          0          0
  obbt             :          0          0          0          0
  probing          :          0          0          0          0
  pseudoobj        :          6          0          0          0
  redcost          :          3          0          0        171
  rootredcost      :          0          0          0          0
  symmetry         :          0          0          0          0
  vbounds          :        351          0          0          0
Propagator Timings :  TotalTime  SetupTime   Presolve  Propagate    ResProp    SB-Prop
  dualfix          :       0.00       0.00       0.00       0.00       0.00       0.00
  genvbounds       :       0.00       0.00       0.00       0.00       0.00       0.00
  nlobbt           :       0.00       0.00       0.00       0.00       0.00       0.00
  obbt             :       0.00       0.00       0.00       0.00       0.00       0.00
  probing          :       0.00       0.00       0.00       0.00       0.00       0.00
  pseudoobj        :       0.00       0.00       0.00       0.00       0.00       0.00
  redcost          :       0.00       0.00       0.00       0.00       0.00       0.00
  rootredcost      :       0.00       0.00       0.00       0.00       0.00       0.00
  symmetry         :       0.00       0.00       0.00       0.00       0.00       0.00
  vbounds          :       0.00       0.00       0.00       0.00       0.00       0.00
Conflict Analysis  :       Time      Calls    Success    DomReds  Conflicts   Literals    Reconvs ReconvLits   Dualrays   Nonzeros   LP Iters   (pool size: [10000,10000])
  propagation      :       0.00          2          2          -          7       15.4          0        0.0          -          -          -
  infeasible LP    :       0.00          0          0          -          0        0.0          0        0.0          0        0.0          0
  bound exceed. LP :       0.00          6          0          -          0        0.0          0        0.0          0        0.0         60
  strong branching :       0.00          0          0          -          0        0.0          0        0.0          -          -          0
  pseudo solution  :       0.00          0          0          -          0        0.0          0        0.0          -          -          -
  applied globally :       0.00          -          -          0          7       15.3          -          -          0          -          -
  applied locally  :          -          -          -          0          0        0.0          -          -          0          -          -
Separators         :   ExecTime  SetupTime      Calls    Cutoffs    DomReds       Cuts    Applied      Conss
  cut pool         :       0.00                     3          -          -        137          -          -    (maximal pool size: 149)
  aggregation      :       0.00       0.00          2          0          0          0          0          0
  cgmip            :       0.00       0.00          0          0          0          0          0          0
  clique           :       0.00       0.00          2          0          0          0          0          0
  closecuts        :       0.00       0.00          0          0          0          0          0          0
  cmir             :       0.00       0.00          0          0          0          0          0          0
  convexproj       :       0.00       0.00          0          0          0          0          0          0
  disjunctive      :       0.00       0.00          0          0          0          0          0          0
  eccuts           :       0.00       0.00          0          0          0          0          0          0
  flowcover        :       0.00       0.00          0          0          0          0          0          0
  gauge            :       0.00       0.00          0          0          0          0          0          0
  gomory           :       0.00       0.00          2          0          0         57          7          0
  impliedbounds    :       0.00       0.00          2          0         37         89         87          0
  intobj           :       0.00       0.00          0          0          0          0          0          0
  mcf              :       0.00       0.00          1          0          0          0          0          0
  oddcycle         :       0.00       0.00          0          0          0          0          0          0
  rapidlearning    :       0.00       0.00          0          0          0          0          0          0
  strongcg         :       0.00       0.00          2          0          0          2          0          0
  zerohalf         :       0.00       0.00          2          0          0          1          1          0
Pricers            :   ExecTime  SetupTime      Calls       Vars
  problem variables:       0.00          -          0          0
Branching Rules    :   ExecTime  SetupTime   BranchLP  BranchExt   BranchPS    Cutoffs    DomReds       Cuts      Conss   Children
  allfullstrong    :       0.00       0.00          0          0          0          0          0          0          0          0
  cloud            :       0.00       0.00          0          0          0          0          0          0          0          0
  distribution     :       0.00       0.00          0          0          0          0          0          0          0          0
  fullstrong       :       0.00       0.00          0          0          0          0          0          0          0          0
  inference        :       0.00       0.00          0          0          0          0          0          0          0          0
  leastinf         :       0.00       0.00          0          0          0          0          0          0          0          0
  lookahead        :       0.00       0.00          0          0          0          0          0          0          0          0
  mostinf          :       0.00       0.00          0          0          0          0          0          0          0          0
  multaggr         :       0.00       0.00          0          0          0          0          0          0          0          0
  nodereopt        :       0.00       0.00          0          0          0          0          0          0          0          0
  pscost           :       0.00       0.00          0          0          0          0          0          0          0          0
  random           :       0.00       0.00          0          0          0          0          0          0          0          0
  relpscost        :       0.00       0.00          0          0          0          0          0          0          0          0
  vanillafullstrong:       0.00       0.00          0          0          0          0          0          0          0          0
Primal Heuristics  :   ExecTime  SetupTime      Calls      Found       Best
  LP solutions     :       0.00          -          -          0          0
  relax solutions  :       0.00          -          -          0          0
  pseudo solutions :       0.00          -          -          0          0
  strong branching :       0.00          -          -          0          0
  actconsdiving    :       0.00       0.00          0          0          0
  adaptivediving   :       0.00       0.00          0          0          0
  alns             :       0.00       0.00          0          0          0
  bound            :       0.00       0.00          0          0          0
  clique           :       0.00       0.00          1          1          1
  coefdiving       :       0.00       0.00          0          0          0
  completesol      :       0.00       0.00          0          0          0
  conflictdiving   :       0.00       0.00          0          0          0
  crossover        :       0.00       0.00          0          0          0
  dins             :       0.00       0.00          0          0          0
  distributiondivin:       0.00       0.00          0          0          0
  dualval          :       0.00       0.00          0          0          0
  farkasdiving     :       0.00       0.00          0          0          0
  feaspump         :       0.00       0.00          0          0          0
  fixandinfer      :       0.00       0.00          0          0          0
  fracdiving       :       0.00       0.00          0          0          0
  gins             :       0.00       0.00          0          0          0
  guideddiving     :       0.00       0.00          0          0          0
  indicator        :       0.00       0.00          0          0          0
  intdiving        :       0.00       0.00          0          0          0
  intshifting      :       0.00       0.00          0          0          0
  linesearchdiving :       0.00       0.00          0          0          0
  localbranching   :       0.00       0.00          0          0          0
  locks            :       0.00       0.00          1          0          0
  lpface           :       0.00       0.00          0          0          0
  mpec             :       0.00       0.00          0          0          0
  multistart       :       0.00       0.00          0          0          0
  mutation         :       0.00       0.00          0          0          0
  nlpdiving        :       0.00       0.00          0          0          0
  objpscostdiving  :       0.00       0.00          0          0          0
  octane           :       0.00       0.00          0          0          0
  ofins            :       0.00       0.00          0          0          0
  oneopt           :       0.00       0.00          3          0          0
  padm             :       0.00       0.00          0          0          0
  proximity        :       0.00       0.00          0          0          0
  pscostdiving     :       0.00       0.00          0          0          0
  randrounding     :       0.00       0.00          2          0          0
  rens             :       0.00       0.00          0          0          0
  reoptsols        :       0.00       0.00          0          0          0
  repair           :       0.00       0.00          0          0          0
  rins             :       0.00       0.00          0          0          0
  rootsoldiving    :       0.00       0.00          0          0          0
  rounding         :       0.00       0.00          2          0          0
  shiftandpropagate:       0.00       0.00          0          0          0
  shifting         :       0.00       0.00          2          1          1
  simplerounding   :       0.00       0.00          0          0          0
  subnlp           :       0.00       0.00          0          0          0
  trivial          :       0.00       0.00          2          0          0
  trivialnegation  :       0.00       0.00          0          0          0
  trustregion      :       0.00       0.00          0          0          0
  trysol           :       0.00       0.00          0          0          0
  twoopt           :       0.00       0.00          0          0          0
  undercover       :       0.00       0.00          1          1          1
  vbounds          :       0.00       0.00          1          0          0
  veclendiving     :       0.00       0.00          0          0          0
  zeroobj          :       0.00       0.00          0          0          0
  zirounding       :       0.00       0.00          0          0          0
  other solutions  :          -          -          -          0          -
Diving (single)    :      Calls      Nodes   LP Iters Backtracks  Conflicts   MinDepth   MaxDepth   AvgDepth  RoundSols  NLeafSols  MinSolDpt  MaxSolDpt  AvgSolDpt
  actconsdiving    :          0          -          -          -          -          -          -          -          -          -          -          -          -
  coefdiving       :          0          -          -          -          -          -          -          -          -          -          -          -          -
  conflictdiving   :          0          -          -          -          -          -          -          -          -          -          -          -          -
  distributiondivin:          0          -          -          -          -          -          -          -          -          -          -          -          -
  farkasdiving     :          0          -          -          -          -          -          -          -          -          -          -          -          -
  fracdiving       :          0          -          -          -          -          -          -          -          -          -          -          -          -
  guideddiving     :          0          -          -          -          -          -          -          -          -          -          -          -          -
  linesearchdiving :          0          -          -          -          -          -          -          -          -          -          -          -          -
  pscostdiving     :          0          -          -          -          -          -          -          -          -          -          -          -          -
  veclendiving     :          0          -          -          -          -          -          -          -          -          -          -          -          -
Diving (adaptive)  :      Calls      Nodes   LP Iters Backtracks  Conflicts   MinDepth   MaxDepth   AvgDepth  RoundSols  NLeafSols  MinSolDpt  MaxSolDpt  AvgSolDpt
  actconsdiving    :          0          -          -          -          -          -          -          -          -          -          -          -          -
  coefdiving       :          0          -          -          -          -          -          -          -          -          -          -          -          -
  conflictdiving   :          0          -          -          -          -          -          -          -          -          -          -          -          -
  distributiondivin:          0          -          -          -          -          -          -          -          -          -          -          -          -
  farkasdiving     :          0          -          -          -          -          -          -          -          -          -          -          -          -
  fracdiving       :          0          -          -          -          -          -          -          -          -          -          -          -          -
  guideddiving     :          0          -          -          -          -          -          -          -          -          -          -          -          -
  linesearchdiving :          0          -          -          -          -          -          -          -          -          -          -          -          -
  pscostdiving     :          0          -          -          -          -          -          -          -          -          -          -          -          -
  veclendiving     :          0          -          -          -          -          -          -          -          -          -          -          -          -
Neighborhoods      :      Calls  SetupTime  SolveTime SolveNodes       Sols       Best       Exp3  EpsGreedy        UCB TgtFixRate  Opt  Inf Node Stal  Sol  Usr Othr Actv
  rens             :          0       0.00       0.00          0          0          0    0.00000   -1.00000    1.00000      0.900    0    0    0    0    0    0    0    1
  rins             :          0       0.00       0.00          0          0          0    0.00000   -1.00000    1.00000      0.900    0    0    0    0    0    0    0    1
  mutation         :          0       0.00       0.00          0          0          0    0.00000   -1.00000    1.00000      0.900    0    0    0    0    0    0    0    1
  localbranching   :          0       0.00       0.00          0          0          0    0.00000   -1.00000    1.00000      0.900    0    0    0    0    0    0    0    1
  crossover        :          0       0.00       0.00          0          0          0    0.00000   -1.00000    1.00000      0.900    0    0    0    0    0    0    0    1
  proximity        :          0       0.00       0.00          0          0          0    0.00000   -1.00000    1.00000      0.900    0    0    0    0    0    0    0    1
  zeroobjective    :          0       0.00       0.00          0          0          0    0.00000   -1.00000    1.00000      0.900    0    0    0    0    0    0    0    1
  dins             :          0       0.00       0.00          0          0          0    0.00000   -1.00000    1.00000      0.900    0    0    0    0    0    0    0    1
  trustregion      :          0       0.00       0.00          0          0          0    0.00000   -1.00000    1.00000      0.900    0    0    0    0    0    0    0    0
LP                 :       Time      Calls Iterations  Iter/call   Iter/sec  Time-0-It Calls-0-It    ItLimit
  primal LP        :       0.00          0          0       0.00          -       0.00          0
  dual LP          :       0.00          5        388      97.00          -       0.00          1
  lex dual LP      :       0.00          0          0       0.00          -
  barrier LP       :       0.00          0          0       0.00          -       0.00          0
  resolve instable :       0.00          0          0       0.00          -
  diving/probing LP:       0.00          0          0       0.00          -
  strong branching :       0.00          0          0       0.00          -          -          -          0
    (at root node) :          -          0          0       0.00          -
  conflict analysis:       0.00          6         60      10.00          -
B&B Tree           :
  number of runs   :          1
  nodes            :          1 (0 internal, 1 leaves)
  feasible leaves  :          0
  infeas. leaves   :          0
  objective leaves :          0
  nodes (total)    :          1 (0 internal, 1 leaves)
  nodes left       :          0
  max depth        :          0
  max depth (total):          0
  backtracks       :          0 (0.0%)
  early backtracks :          0 (0.0%)
  nodes exc. ref.  :          0 (0.0%)
  delayed cutoffs  :          0
  repropagations   :          0 (0 domain reductions, 0 cutoffs)
  avg switch length:       2.00
  switching time   :       0.00
Estim. Tree Size   :          1
Estimation Tree    : 1 nodes (1 visited, 0 internal, 1 leaves, 0 open), weight: 1.0000 completed 1.0000
Estimations        :      estim      value      trend resolution     smooth
  wbe              :          1          -          -          -          -
  tree-profile     :         -1          -          -          -          -
  gap              :          1    1.00000    1.00000          1          1
  tree-weight      :          1    1.00000    1.00000          1          1
  leaf-frequency   :          1    0.50000    1.00000          1          1
  ssg              :          1    0.00000   -1.00000          1          1
  open-nodes       :          1    0.00000    0.00000          1          1
Root Node          :
  First LP value   : -5.85519287416689e-02
  First LP Iters   :        295
  First LP Time    :       0.00
  Final Dual Bound : -5.57630521293296e-02
  Final Root Iters :        388
  Root LP Estimate :                     -
Solution           :
  Solutions found  :          3 (3 improvements)
  First Solution   : -3.15412089487190e-02   (in run 1, after 1 nodes, 0.00 seconds, depth 25, found by <clique>)
  Gap First Sol.   :     151.41 %
  Gap Last Sol.    :       5.00 %
  Primal Bound     : -5.57630521293296e-02   (in run 1, after 1 nodes, 0.00 seconds, depth 0, found by <undercover>)
  Dual Bound       : -5.57630521293296e-02
  Gap              :       0.00 %
Integrals          :      Total       Avg%
  primal-dual      :       0.00       0.00
  primal-ref       :       0.00       0.00
  dual-ref         :       0.00       0.00
