SCIP version 7.0.2 [precision: 8 byte] [memory: block] [mode: optimized] [LP solver: SoPlex 5.0.2] [GitHash: e9d280a398]
Copyright (C) 2002-2020 Konrad-Zuse-Zentrum fuer Informationstechnik Berlin (ZIB)

External codes: 
  SoPlex 5.0.2         Linear Programming Solver developed at Zuse Institute Berlin (soplex.zib.de) [GitHash: e24c304e]
  CppAD 20180000.0     Algorithmic Differentiation of C++ algorithms developed by B. Bell (www.coin-or.org/CppAD)
  MPIR 3.0.0           Multiple Precision Integers and Rationals Library developed by W. Hart (mpir.org)
  ZIMPL 3.4.0          Zuse Institute Mathematical Programming Language developed by T. Koch (zimpl.zib.de)
  PaPILO 1.0.2         parallel presolve for integer and linear optimization (https://github.com/lgottwald/PaPILO) [GitHash: 62d2842]
  bliss 0.73p          Computing Graph Automorphism Groups by T. Junttila and P. Kaski (http://www.tcs.hut.fi/Software/bliss/)
  Ipopt 3.12.9         Interior Point Optimizer developed by A. Waechter et.al. (www.coin-or.org/Ipopt)

user parameter file <scip.set> not found - using default parameters

read problem <C:\Users\Claubit\Documents\GitHub\embedding\src\lp\scenarioA3_N32_B0.5_strongly_correlated_classical\IPL_linearized_N32q0.90B16.lp>
============

original problem has 1056 variables (0 bin, 1056 int, 0 impl, 0 cont) and 3073 constraints

solve problem
=============

presolving:
(round 1, fast)       32 del vars, 32 del conss, 0 add conss, 0 chg bounds, 32 chg sides, 32 chg coeffs, 0 upgd conss, 0 impls, 1984 clqs
(round 2, fast)       32 del vars, 96 del conss, 0 add conss, 0 chg bounds, 32 chg sides, 32 chg coeffs, 0 upgd conss, 0 impls, 1984 clqs
   (0.0s) running MILP presolver
   (0.0s) MILP presolver found nothing
(round 3, exhaustive) 32 del vars, 96 del conss, 0 add conss, 0 chg bounds, 32 chg sides, 32 chg coeffs, 2976 upgd conss, 0 impls, 1984 clqs
(round 4, exhaustive) 32 del vars, 3072 del conss, 992 add conss, 0 chg bounds, 32 chg sides, 32 chg coeffs, 2976 upgd conss, 0 impls, 1984 clqs
(round 5, exhaustive) 528 del vars, 3568 del conss, 992 add conss, 0 chg bounds, 32 chg sides, 32 chg coeffs, 2976 upgd conss, 0 impls, 992 clqs
   (0.0s) probing: 51/528 (9.7%) - 0 fixings, 0 aggregations, 0 implications, 0 bound changes
   (0.0s) probing aborted: 50/50 successive totally useless probings
   (0.0s) symmetry computation started: requiring (bin +, int -, cont +), (fixed: bin -, int +, cont -)
   (0.0s) no symmetry present
presolving (6 rounds: 6 fast, 4 medium, 4 exhaustive):
 528 deleted vars, 3568 deleted constraints, 992 added constraints, 0 tightened bounds, 0 added holes, 32 changed sides, 32 changed coefficients
 0 implications, 992 cliques
presolved problem has 528 variables (528 bin, 0 int, 0 impl, 0 cont) and 497 constraints
    496 constraints of type <and>
      1 constraints of type <linear>
Presolving Time: 0.00

 time | node  | left  |LP iter|LP it/n|mem/heur|mdpt |vars |cons |rows |cuts |sepa|confs|strbr|  dualbound   | primalbound  |  gap   | compl. 
p 0.0s|     1 |     0 |     0 |     - |  clique|   0 | 528 | 497 | 993 |   0 |  0 |   0 |   0 |-7.003940e-02 |-1.896741e-02 | 269.26%| unknown
  0.0s|     1 |     0 |   216 |     - |    13M |   0 | 528 | 497 |1004 |   0 |  0 |   0 |   0 |-4.421157e-02 |-1.896741e-02 | 133.09%| unknown
r 0.0s|     1 |     0 |   216 |     - |shifting|   0 | 528 | 497 | 844 |   0 |  0 |   0 |   0 |-4.421157e-02 |-3.588570e-02 |  23.20%| unknown
L 0.0s|     1 |     0 |   216 |     - |undercov|   0 | 528 | 497 | 844 |   0 |  0 |   0 |   0 |-4.421157e-02 |-3.888098e-02 |  13.71%| unknown
  0.0s|     1 |     0 |   216 |     - |    14M |   0 | 528 | 497 | 844 |   0 |  0 |   0 |   0 |-4.421157e-02 |-3.888098e-02 |  13.71%| unknown
  0.0s|     1 |     0 |   216 |     - |    14M |   0 | 528 | 497 | 725 |   0 |  0 |   0 |   0 |-4.421157e-02 |-3.888098e-02 |  13.71%| unknown
  0.0s|     1 |     0 |   302 |     - |    14M |   0 | 528 | 486 | 747 |  49 |  1 |   0 |   0 |-3.916480e-02 |-3.888098e-02 |   0.73%| unknown
  0.0s|     1 |     0 |   302 |     - |    14M |   0 | 528 | 487 | 417 |  49 |  1 |   1 |   0 |-3.916480e-02 |-3.888098e-02 |   0.73%| unknown
  0.0s|     1 |     0 |   316 |     - |    14M |   0 | 528 | 487 | 392 |  55 |  2 |   1 |   0 |-3.888098e-02 |-3.888098e-02 |   0.00%| unknown
  0.0s|     1 |     0 |   316 |     - |    14M |   0 | 528 | 487 | 392 |  55 |  2 |   1 |   0 |-3.888098e-02 |-3.888098e-02 |   0.00%| unknown

SCIP Status        : problem is solved [optimal solution found]
Solving Time (sec) : 0.00
Solving Nodes      : 1
Primal Bound       : -3.88809799160774e-02 (3 solutions)
Dual Bound         : -3.88809799160774e-02
Gap                : 0.00 %

primal solution (original space):
=================================

objective value:                  -0.0388809799160774
y(1,1)                                              1 	(obj:0.000188573176772559)
y(1,2)                                              1 	(obj:-5.16007487626892e-05)
y(1,4)                                              1 	(obj:-4.49673292348425e-05)
y(1,5)                                              1 	(obj:8.41644214283967e-05)
y(1,6)                                              1 	(obj:7.18290741404472e-05)
y(1,16)                                             1 	(obj:-8.36776139418795e-05)
y(1,18)                                             1 	(obj:-7.22041526442707e-05)
y(1,19)                                             1 	(obj:-7.69505381641086e-05)
y(1,20)                                             1 	(obj:0.000103637697532257)
y(1,23)                                             1 	(obj:-0.00012002738708176)
y(1,25)                                             1 	(obj:8.21508988127494e-05)
y(1,26)                                             1 	(obj:8.14111623623474e-05)
y(1,27)                                             1 	(obj:6.35843608754036e-06)
y(1,28)                                             1 	(obj:-3.74372231941279e-05)
y(1,29)                                             1 	(obj:-7.23410322122167e-05)
y(1,32)                                             1 	(obj:5.61945297824633e-06)
y(2,1)                                              1 	(obj:-5.16007487626892e-05)
y(2,2)                                              1 	(obj:0.000190226588175176)
y(2,4)                                              1 	(obj:0.000115707348257268)
y(2,5)                                              1 	(obj:-4.4173206510976e-05)
y(2,6)                                              1 	(obj:4.91438699516216e-05)
y(2,16)                                             1 	(obj:0.000106797054412905)
y(2,18)                                             1 	(obj:0.000138901674838731)
y(2,19)                                             1 	(obj:0.000147863845701645)
y(2,20)                                             1 	(obj:-1.17105004940959e-05)
y(2,23)                                             1 	(obj:0.000192151763317039)
y(2,25)                                             1 	(obj:-6.69130540733504e-05)
y(2,26)                                             1 	(obj:-1.39074178514824e-05)
y(2,27)                                             1 	(obj:7.21392485395018e-06)
y(2,28)                                             1 	(obj:6.32355807629928e-05)
y(2,29)                                             1 	(obj:7.05883731400413e-05)
y(2,32)                                             1 	(obj:-2.01925281305404e-05)
y(4,1)                                              1 	(obj:-4.49673292348425e-05)
y(4,2)                                              1 	(obj:0.000115707348257268)
y(4,4)                                              1 	(obj:0.000188933216770087)
y(4,5)                                              1 	(obj:3.40509073531699e-05)
y(4,6)                                              1 	(obj:4.50908098439958e-05)
y(4,16)                                             1 	(obj:0.000155300453134312)
y(4,18)                                             1 	(obj:0.000128600105968638)
y(4,19)                                             1 	(obj:0.000139243175523405)
y(4,20)                                             1 	(obj:-9.82067639405769e-07)
y(4,23)                                             1 	(obj:0.000142399732512351)
y(4,25)                                             1 	(obj:-4.2328207021907e-05)
y(4,26)                                             1 	(obj:1.55000311335022e-05)
y(4,27)                                             1 	(obj:3.11235798926955e-05)
y(4,28)                                             1 	(obj:0.000118292606444386)
y(4,29)                                             1 	(obj:0.000124979923336441)
y(4,32)                                             1 	(obj:2.33399752447038e-05)
y(5,1)                                              1 	(obj:8.41644214283967e-05)
y(5,2)                                              1 	(obj:-4.4173206510976e-05)
y(5,4)                                              1 	(obj:3.40509073531699e-05)
y(5,5)                                              1 	(obj:0.000131496483736195)
y(5,6)                                              1 	(obj:6.17071070140852e-05)
y(5,16)                                             1 	(obj:-7.37953071939296e-06)
y(5,18)                                             1 	(obj:-4.31894515184871e-05)
y(5,19)                                             1 	(obj:-4.4027864309317e-05)
y(5,20)                                             1 	(obj:1.44806282665066e-06)
y(5,23)                                             1 	(obj:-5.76709680811989e-05)
y(5,25)                                             1 	(obj:-1.93600420006339e-05)
y(5,26)                                             1 	(obj:3.91171806671144e-05)
y(5,27)                                             1 	(obj:2.697929678841e-05)
y(5,28)                                             1 	(obj:-1.42540979920405e-05)
y(5,29)                                             1 	(obj:2.31016286086386e-05)
y(5,32)                                             1 	(obj:3.54749815027106e-05)
y(6,1)                                              1 	(obj:7.18290741404472e-05)
y(6,2)                                              1 	(obj:4.91438699516216e-05)
y(6,4)                                              1 	(obj:4.50908098439958e-05)
y(6,5)                                              1 	(obj:6.17071070140852e-05)
y(6,6)                                              1 	(obj:0.000405104755188245)
y(6,16)                                             1 	(obj:5.9870628402804e-05)
y(6,18)                                             1 	(obj:1.03123317619367e-05)
y(6,19)                                             1 	(obj:9.49562987016786e-06)
y(6,20)                                             1 	(obj:6.42740115061171e-05)
y(6,23)                                             1 	(obj:3.21572045588983e-05)
y(6,25)                                             1 	(obj:0.000148481347844759)
y(6,26)                                             1 	(obj:7.64614130981483e-05)
y(6,27)                                             1 	(obj:1.8084733602322e-05)
y(6,28)                                             1 	(obj:4.70603564937746e-05)
y(6,29)                                             1 	(obj:0.000104363617417974)
y(6,32)                                             1 	(obj:1.43123134127384e-05)
y(16,1)                                             1 	(obj:-8.36776139418795e-05)
y(16,2)                                             1 	(obj:0.000106797054412905)
y(16,4)                                             1 	(obj:0.000155300453134312)
y(16,5)                                             1 	(obj:-7.37953071939296e-06)
y(16,6)                                             1 	(obj:5.9870628402804e-05)
y(16,16)                                            1 	(obj:0.000173732036942347)
y(16,18)                                            1 	(obj:0.000103144096839634)
y(16,19)                                            1 	(obj:0.000114167707724178)
y(16,20)                                            1 	(obj:-1.7306024495172e-05)
y(16,23)                                            1 	(obj:0.000155115001120697)
y(16,25)                                            1 	(obj:-4.46492499864858e-05)
y(16,26)                                            1 	(obj:2.29961947734185e-06)
y(16,27)                                            1 	(obj:3.232097424115e-05)
y(16,28)                                            1 	(obj:0.00010642860398503)
y(16,29)                                            1 	(obj:0.000134397506748593)
y(16,32)                                            1 	(obj:2.85510819600828e-05)
y(18,1)                                             1 	(obj:-7.22041526442707e-05)
y(18,2)                                             1 	(obj:0.000138901674838731)
y(18,4)                                             1 	(obj:0.000128600105968638)
y(18,5)                                             1 	(obj:-4.31894515184871e-05)
y(18,6)                                             1 	(obj:1.03123317619367e-05)
y(18,16)                                            1 	(obj:0.000103144096839634)
y(18,18)                                            1 	(obj:0.000195642263126158)
y(18,19)                                            1 	(obj:0.000199277022726363)
y(18,20)                                            1 	(obj:-5.74672268528842e-06)
y(18,23)                                            1 	(obj:0.000133897022569969)
y(18,25)                                            1 	(obj:1.88777229754022e-05)
y(18,26)                                            1 	(obj:3.25197386547495e-06)
y(18,27)                                            1 	(obj:2.21720434027953e-05)
y(18,28)                                            1 	(obj:9.86935210074916e-05)
y(18,29)                                            1 	(obj:9.20483136361144e-05)
y(18,32)                                            1 	(obj:-5.70413963500724e-06)
y(19,1)                                             1 	(obj:-7.69505381641086e-05)
y(19,2)                                             1 	(obj:0.000147863845701645)
y(19,4)                                             1 	(obj:0.000139243175523405)
y(19,5)                                             1 	(obj:-4.4027864309317e-05)
y(19,6)                                             1 	(obj:9.49562987016786e-06)
y(19,16)                                            1 	(obj:0.000114167707724178)
y(19,18)                                            1 	(obj:0.000199277022726363)
y(19,19)                                            1 	(obj:0.000206227318601247)
y(19,20)                                            1 	(obj:-1.03139706743512e-06)
y(19,23)                                            1 	(obj:0.000139451600707191)
y(19,25)                                            1 	(obj:1.03766769878283e-05)
y(19,26)                                            1 	(obj:3.98773442559655e-06)
y(19,27)                                            1 	(obj:2.33225853006029e-05)
y(19,28)                                            1 	(obj:0.00010911050843577)
y(19,29)                                            1 	(obj:9.60320057986796e-05)
y(19,32)                                            1 	(obj:-6.00752637132061e-06)
y(20,1)                                             1 	(obj:0.000103637697532257)
y(20,2)                                             1 	(obj:-1.17105004940959e-05)
y(20,4)                                             1 	(obj:-9.82067639405769e-07)
y(20,5)                                             1 	(obj:1.44806282665066e-06)
y(20,6)                                             1 	(obj:6.42740115061171e-05)
y(20,16)                                            1 	(obj:-1.7306024495172e-05)
y(20,18)                                            1 	(obj:-5.74672268528842e-06)
y(20,19)                                            1 	(obj:-1.03139706743512e-06)
y(20,20)                                            1 	(obj:0.000218381240751702)
y(20,23)                                            1 	(obj:-6.92853277733087e-05)
y(20,25)                                            1 	(obj:0.000151711561247746)
y(20,26)                                            1 	(obj:0.00010934277138063)
y(20,27)                                            1 	(obj:2.09245195175084e-05)
y(20,28)                                            1 	(obj:8.32537959265043e-05)
y(20,29)                                            1 	(obj:-3.92397963800211e-05)
y(20,32)                                            1 	(obj:-1.43709888604087e-05)
y(23,1)                                             1 	(obj:-0.00012002738708176)
y(23,2)                                             1 	(obj:0.000192151763317039)
y(23,4)                                             1 	(obj:0.000142399732512351)
y(23,5)                                             1 	(obj:-5.76709680811989e-05)
y(23,6)                                             1 	(obj:3.21572045588983e-05)
y(23,16)                                            1 	(obj:0.000155115001120697)
y(23,18)                                            1 	(obj:0.000133897022569969)
y(23,19)                                            1 	(obj:0.000139451600707191)
y(23,20)                                            1 	(obj:-6.92853277733087e-05)
y(23,23)                                            1 	(obj:0.000314473610662968)
y(23,25)                                            1 	(obj:-0.000101583223401972)
y(23,26)                                            1 	(obj:-4.11281137780188e-05)
y(23,27)                                            1 	(obj:6.98868949570072e-06)
y(23,28)                                            1 	(obj:7.07621137914204e-05)
y(23,29)                                            1 	(obj:0.000138602521522069)
y(23,32)                                            1 	(obj:-2.26743568682288e-05)
y(25,1)                                             1 	(obj:8.21508988127494e-05)
y(25,2)                                             1 	(obj:-6.69130540733504e-05)
y(25,4)                                             1 	(obj:-4.2328207021907e-05)
y(25,5)                                             1 	(obj:-1.93600420006339e-05)
y(25,6)                                             1 	(obj:0.000148481347844759)
y(25,16)                                            1 	(obj:-4.46492499864858e-05)
y(25,18)                                            1 	(obj:1.88777229754022e-05)
y(25,19)                                            1 	(obj:1.03766769878283e-05)
y(25,20)                                            1 	(obj:0.000151711561247746)
y(25,23)                                            1 	(obj:-0.000101583223401972)
y(25,25)                                            1 	(obj:0.000331304276679184)
y(25,26)                                            1 	(obj:0.000125281962981657)
y(25,27)                                            1 	(obj:-9.29911819467823e-06)
y(25,28)                                            1 	(obj:7.36536714161088e-05)
y(25,29)                                            1 	(obj:8.00073017481598e-06)
y(25,32)                                            1 	(obj:-2.01840078021885e-05)
y(26,1)                                             1 	(obj:8.14111623623474e-05)
y(26,2)                                             1 	(obj:-1.39074178514824e-05)
y(26,4)                                             1 	(obj:1.55000311335022e-05)
y(26,5)                                             1 	(obj:3.91171806671144e-05)
y(26,6)                                             1 	(obj:7.64614130981483e-05)
y(26,16)                                            1 	(obj:2.29961947734185e-06)
y(26,18)                                            1 	(obj:3.25197386547495e-06)
y(26,19)                                            1 	(obj:3.98773442559655e-06)
y(26,20)                                            1 	(obj:0.00010934277138063)
y(26,23)                                            1 	(obj:-4.11281137780188e-05)
y(26,25)                                            1 	(obj:0.000125281962981657)
y(26,26)                                            1 	(obj:0.000147751617136033)
y(26,27)                                            1 	(obj:3.4771256290285e-05)
y(26,28)                                            1 	(obj:7.06360122515911e-05)
y(26,29)                                            1 	(obj:-1.06104622773718e-05)
y(26,32)                                            1 	(obj:7.08013984241201e-06)
y(27,1)                                             1 	(obj:6.35843608754036e-06)
y(27,2)                                             1 	(obj:7.21392485395018e-06)
y(27,4)                                             1 	(obj:3.11235798926955e-05)
y(27,5)                                             1 	(obj:2.697929678841e-05)
y(27,6)                                             1 	(obj:1.8084733602322e-05)
y(27,16)                                            1 	(obj:3.232097424115e-05)
y(27,18)                                            1 	(obj:2.21720434027953e-05)
y(27,19)                                            1 	(obj:2.33225853006029e-05)
y(27,20)                                            1 	(obj:2.09245195175084e-05)
y(27,23)                                            1 	(obj:6.98868949570072e-06)
y(27,25)                                            1 	(obj:-9.29911819467823e-06)
y(27,26)                                            1 	(obj:3.4771256290285e-05)
y(27,27)                                            1 	(obj:4.66137443569948e-05)
y(27,28)                                            1 	(obj:2.7614057316901e-05)
y(27,29)                                            1 	(obj:2.73277236533595e-05)
y(27,32)                                            1 	(obj:2.97278135458958e-05)
y(28,1)                                             1 	(obj:-3.74372231941279e-05)
y(28,2)                                             1 	(obj:6.32355807629928e-05)
y(28,4)                                             1 	(obj:0.000118292606444386)
y(28,5)                                             1 	(obj:-1.42540979920405e-05)
y(28,6)                                             1 	(obj:4.70603564937746e-05)
y(28,16)                                            1 	(obj:0.00010642860398503)
y(28,18)                                            1 	(obj:9.86935210074916e-05)
y(28,19)                                            1 	(obj:0.00010911050843577)
y(28,20)                                            1 	(obj:8.32537959265043e-05)
y(28,23)                                            1 	(obj:7.07621137914204e-05)
y(28,25)                                            1 	(obj:7.36536714161088e-05)
y(28,26)                                            1 	(obj:7.06360122515911e-05)
y(28,27)                                            1 	(obj:2.7614057316901e-05)
y(28,28)                                            1 	(obj:0.000155386268712013)
y(28,29)                                            1 	(obj:7.65360350192881e-05)
y(28,32)                                            1 	(obj:2.36339565333686e-06)
y(29,1)                                             1 	(obj:-7.23410322122167e-05)
y(29,2)                                             1 	(obj:7.05883731400413e-05)
y(29,4)                                             1 	(obj:0.000124979923336441)
y(29,5)                                             1 	(obj:2.31016286086386e-05)
y(29,6)                                             1 	(obj:0.000104363617417974)
y(29,16)                                            1 	(obj:0.000134397506748593)
y(29,18)                                            1 	(obj:9.20483136361144e-05)
y(29,19)                                            1 	(obj:9.60320057986796e-05)
y(29,20)                                            1 	(obj:-3.92397963800211e-05)
y(29,23)                                            1 	(obj:0.000138602521522069)
y(29,25)                                            1 	(obj:8.00073017481598e-06)
y(29,26)                                            1 	(obj:-1.06104622773718e-05)
y(29,27)                                            1 	(obj:2.73277236533595e-05)
y(29,28)                                            1 	(obj:7.65360350192881e-05)
y(29,29)                                            1 	(obj:0.000171412292494442)
y(29,32)                                            1 	(obj:2.34324841769358e-05)
y(32,1)                                             1 	(obj:5.61945297824633e-06)
y(32,2)                                             1 	(obj:-2.01925281305404e-05)
y(32,4)                                             1 	(obj:2.33399752447038e-05)
y(32,5)                                             1 	(obj:3.54749815027106e-05)
y(32,6)                                             1 	(obj:1.43123134127384e-05)
y(32,16)                                            1 	(obj:2.85510819600828e-05)
y(32,18)                                            1 	(obj:-5.70413963500724e-06)
y(32,19)                                            1 	(obj:-6.00752637132061e-06)
y(32,20)                                            1 	(obj:-1.43709888604087e-05)
y(32,23)                                            1 	(obj:-2.26743568682288e-05)
y(32,25)                                            1 	(obj:-2.01840078021885e-05)
y(32,26)                                            1 	(obj:7.08013984241201e-06)
y(32,27)                                            1 	(obj:2.97278135458958e-05)
y(32,28)                                            1 	(obj:2.36339565333686e-06)
y(32,29)                                            1 	(obj:2.34324841769358e-05)
y(32,32)                                            1 	(obj:4.05410421321984e-05)
x(1)                                                1 	(obj:-0.00198693197499434)
x(2)                                                1 	(obj:-0.00496619514551215)
x(4)                                                1 	(obj:-0.00208728685455775)
x(5)                                                1 	(obj:-0.00618053891075051)
x(6)                                                1 	(obj:-0.00396272458756624)
x(16)                                               1 	(obj:-0.0041832978934239)
x(18)                                               1 	(obj:-0.00470222606982046)
x(19)                                               1 	(obj:-0.00477808477583974)
x(20)                                               1 	(obj:-0.00141253875362208)
x(23)                                               1 	(obj:-0.0033640561324092)
x(25)                                               1 	(obj:-0.00167140388800114)
x(26)                                               1 	(obj:-0.00184788389982376)
x(27)                                               1 	(obj:-0.000970159930081625)
x(28)                                               1 	(obj:-0.00219012867000463)
x(29)                                               1 	(obj:-0.00416523538261125)
x(32)                                               1 	(obj:-0.00235452075195132)

Statistics
==========

SCIP Status        : problem is solved [optimal solution found]
Total Time         :       1.00
  solving          :       0.00
  presolving       :       0.00 (included in solving)
  reading          :       1.00
  copying          :       0.00 (1 #copies) (minimal 0.00, maximal 0.00, average 0.00)
Original Problem   :
  Problem name     : C:\Users\Claubit\Documents\GitHub\embedding\src\lp\scenarioA3_N32_B0.5_strongly_correlated_classical\IPL_linearized_N32q0.90B16.lp
  Variables        : 1056 (0 binary, 1056 integer, 0 implicit integer, 0 continuous)
  Constraints      : 3073 initial, 3073 maximal
  Objective        : minimize, 1056 non-zeros (abs.min = 1.90898e-07, abs.max = 0.0416652)
Presolved Problem  :
  Problem name     : t_C:\Users\Claubit\Documents\GitHub\embedding\src\lp\scenarioA3_N32_B0.5_strongly_correlated_classical\IPL_linearized_N32q0.90B16.lp
  Variables        : 528 (528 binary, 0 integer, 0 implicit integer, 0 continuous)
  Constraints      : 497 initial, 498 maximal
  Objective        : minimize, 528 non-zeros (abs.min = 3.81796e-07, abs.max = 0.0479107)
  Nonzeros         : 1520 constraint, 334 clique table
Presolvers         :   ExecTime  SetupTime  Calls  FixedVars   AggrVars   ChgTypes  ChgBounds   AddHoles    DelCons    AddCons   ChgSides   ChgCoefs
  boundshift       :       0.00       0.00      0          0          0          0          0          0          0          0          0          0
  convertinttobin  :       0.00       0.00      0          0          0          0          0          0          0          0          0          0
  domcol           :       0.00       0.00      1          0          0          0          0          0          0          0          0          0
  dualagg          :       0.00       0.00      0          0          0          0          0          0          0          0          0          0
  dualcomp         :       0.00       0.00      0          0          0          0          0          0          0          0          0          0
  dualinfer        :       0.00       0.00      0          0          0          0          0          0          0          0          0          0
  dualsparsify     :       0.00       0.00      1          0          0          0          0          0          0          0          0          0
  gateextraction   :       0.00       0.00      1          0          0          0          0          0       2976        992          0          0
  implics          :       0.00       0.00      4          0          0          0          0          0          0          0          0          0
  inttobinary      :       0.00       0.00      0          0          0          0          0          0          0          0          0          0
  milp             :       0.00       0.00      1          0          0          0          0          0          0          0          0          0
  qpkktref         :       0.00       0.00      0          0          0          0          0          0          0          0          0          0
  redvub           :       0.00       0.00      0          0          0          0          0          0          0          0          0          0
  sparsify         :       0.00       0.00      1          0          0          0          0          0          0          0          0          0
  stuffing         :       0.00       0.00      0          0          0          0          0          0          0          0          0          0
  trivial          :       0.00       0.00      6          0          0          0          0          0          0          0          0          0
  tworowbnd        :       0.00       0.00      0          0          0          0          0          0          0          0          0          0
  dualfix          :       0.00       0.00      6          0          0          0          0          0          0          0          0          0
  genvbounds       :       0.00       0.00      0          0          0          0          0          0          0          0          0          0
  probing          :       0.00       0.00      1          0          0          0          0          0          0          0          0          0
  pseudoobj        :       0.00       0.00      0          0          0          0          0          0          0          0          0          0
  symmetry         :       0.00       0.00      1          0          0          0          0          0          0          0          0          0
  vbounds          :       0.00       0.00      1          0          0          0          0          0          0          0          0          0
  setppc           :       0.00       0.00      2          0          0          0          0          0          0          0          0          0
  and              :       0.00       0.00      4          0        496          0          0          0        496          0          0          0
  linear           :       0.00       0.00      8          0         32          0          0          0         96          0         32         32
  benders          :       0.00       0.00      0          0          0          0          0          0          0          0          0          0
  components       :       0.00       0.00      1          0          0          0          0          0          0          0          0          0
  root node        :          -          -      -        332          -          -        332          -          -          -          -          -
Constraints        :     Number  MaxNumber  #Separate #Propagate    #EnfoLP    #EnfoRelax  #EnfoPS    #Check   #ResProp    Cutoffs    DomReds       Cuts    Applied      Conss   Children
  benderslp        :          0          0          0          0          0          0          0         12          0          0          0          0          0          0          0
  integral         :          0          0          0          0          0          0          0         12          0          0          0          0          0          0          0
  setppc           :          0+        11          2          3          0          0          0          3          0          0          0          0          0          0          0
  and              :        496        496          2        474          0          0          0          7          1          1          0         78          0          0          0
  linear           :          1          1          2        464          0          0          0          5          0          4          0          0          0          0          0
  benders          :          0          0          0          0          0          0          0          4          0          0          0          0          0          0          0
  countsols        :          0          0          0          0          0          0          0          4          0          0          0          0          0          0          0
  components       :          0          0          0          0          0          0          0          0          0          0          0          0          0          0          0
Constraint Timings :  TotalTime  SetupTime   Separate  Propagate     EnfoLP     EnfoPS     EnfoRelax   Check    ResProp    SB-Prop
  benderslp        :       0.00       0.00       0.00       0.00       0.00       0.00       0.00       0.00       0.00       0.00
  integral         :       0.00       0.00       0.00       0.00       0.00       0.00       0.00       0.00       0.00       0.00
  setppc           :       0.00       0.00       0.00       0.00       0.00       0.00       0.00       0.00       0.00       0.00
  and              :       0.00       0.00       0.00       0.00       0.00       0.00       0.00       0.00       0.00       0.00
  linear           :       0.00       0.00       0.00       0.00       0.00       0.00       0.00       0.00       0.00       0.00
  benders          :       0.00       0.00       0.00       0.00       0.00       0.00       0.00       0.00       0.00       0.00
  countsols        :       0.00       0.00       0.00       0.00       0.00       0.00       0.00       0.00       0.00       0.00
  components       :       0.00       0.00       0.00       0.00       0.00       0.00       0.00       0.00       0.00       0.00
Propagators        : #Propagate   #ResProp    Cutoffs    DomReds
  dualfix          :          3          0          0          0
  genvbounds       :          0          0          0          0
  nlobbt           :          0          0          0          0
  obbt             :          0          0          0          0
  probing          :          0          0          0          0
  pseudoobj        :         11          0          0         11
  redcost          :          5          0          0        248
  rootredcost      :          0          0          0          0
  symmetry         :          0          0          0          0
  vbounds          :        375          0          0          0
Propagator Timings :  TotalTime  SetupTime   Presolve  Propagate    ResProp    SB-Prop
  dualfix          :       0.00       0.00       0.00       0.00       0.00       0.00
  genvbounds       :       0.00       0.00       0.00       0.00       0.00       0.00
  nlobbt           :       0.00       0.00       0.00       0.00       0.00       0.00
  obbt             :       0.00       0.00       0.00       0.00       0.00       0.00
  probing          :       0.00       0.00       0.00       0.00       0.00       0.00
  pseudoobj        :       0.00       0.00       0.00       0.00       0.00       0.00
  redcost          :       0.00       0.00       0.00       0.00       0.00       0.00
  rootredcost      :       0.00       0.00       0.00       0.00       0.00       0.00
  symmetry         :       0.00       0.00       0.00       0.00       0.00       0.00
  vbounds          :       0.00       0.00       0.00       0.00       0.00       0.00
Conflict Analysis  :       Time      Calls    Success    DomReds  Conflicts   Literals    Reconvs ReconvLits   Dualrays   Nonzeros   LP Iters   (pool size: [10000,10000])
  propagation      :       0.00          1          1          -          1        2.0          0        0.0          -          -          -
  infeasible LP    :       0.00          0          0          -          0        0.0          0        0.0          0        0.0          0
  bound exceed. LP :       0.00          6          0          -          0        0.0          0        0.0          0        0.0         60
  strong branching :       0.00          0          0          -          0        0.0          0        0.0          -          -          0
  pseudo solution  :       0.00          0          0          -          0        0.0          0        0.0          -          -          -
  applied globally :       0.00          -          -          0          1        2.0          -          -          0          -          -
  applied locally  :          -          -          -          0          0        0.0          -          -          0          -          -
Separators         :   ExecTime  SetupTime      Calls    Cutoffs    DomReds       Cuts    Applied      Conss
  cut pool         :       0.00                     3          -          -         74          -          -    (maximal pool size: 76)
  aggregation      :       0.00       0.00          2          0          0         10          0          0
  cgmip            :       0.00       0.00          0          0          0          0          0          0
  clique           :       0.00       0.00          2          0          0          0          0          0
  closecuts        :       0.00       0.00          0          0          0          0          0          0
  cmir             :       0.00       0.00          0          0          0          0          0          0
  convexproj       :       0.00       0.00          0          0          0          0          0          0
  disjunctive      :       0.00       0.00          0          0          0          0          0          0
  eccuts           :       0.00       0.00          0          0          0          0          0          0
  flowcover        :       0.00       0.00          0          0          0          0         10          0
  gauge            :       0.00       0.00          0          0          0          0          0          0
  gomory           :       0.00       0.00          2          0          0         22          3          0
  impliedbounds    :       0.00       0.00          2          0         73         44         42          0
  intobj           :       0.00       0.00          0          0          0          0          0          0
  mcf              :       0.00       0.00          1          0          0          0          0          0
  oddcycle         :       0.00       0.00          0          0          0          0          0          0
  rapidlearning    :       0.00       0.00          0          0          0          0          0          0
  strongcg         :       0.00       0.00          2          0          0          0          0          0
  zerohalf         :       0.00       0.00          2          0          0          0          0          0
Pricers            :   ExecTime  SetupTime      Calls       Vars
  problem variables:       0.00          -          0          0
Branching Rules    :   ExecTime  SetupTime   BranchLP  BranchExt   BranchPS    Cutoffs    DomReds       Cuts      Conss   Children
  allfullstrong    :       0.00       0.00          0          0          0          0          0          0          0          0
  cloud            :       0.00       0.00          0          0          0          0          0          0          0          0
  distribution     :       0.00       0.00          0          0          0          0          0          0          0          0
  fullstrong       :       0.00       0.00          0          0          0          0          0          0          0          0
  inference        :       0.00       0.00          0          0          0          0          0          0          0          0
  leastinf         :       0.00       0.00          0          0          0          0          0          0          0          0
  lookahead        :       0.00       0.00          0          0          0          0          0          0          0          0
  mostinf          :       0.00       0.00          0          0          0          0          0          0          0          0
  multaggr         :       0.00       0.00          0          0          0          0          0          0          0          0
  nodereopt        :       0.00       0.00          0          0          0          0          0          0          0          0
  pscost           :       0.00       0.00          0          0          0          0          0          0          0          0
  random           :       0.00       0.00          0          0          0          0          0          0          0          0
  relpscost        :       0.00       0.00          0          0          0          0          0          0          0          0
  vanillafullstrong:       0.00       0.00          0          0          0          0          0          0          0          0
Primal Heuristics  :   ExecTime  SetupTime      Calls      Found       Best
  LP solutions     :       0.00          -          -          0          0
  relax solutions  :       0.00          -          -          0          0
  pseudo solutions :       0.00          -          -          0          0
  strong branching :       0.00          -          -          0          0
  actconsdiving    :       0.00       0.00          0          0          0
  adaptivediving   :       0.00       0.00          0          0          0
  alns             :       0.00       0.00          0          0          0
  bound            :       0.00       0.00          0          0          0
  clique           :       0.00       0.00          1          1          1
  coefdiving       :       0.00       0.00          0          0          0
  completesol      :       0.00       0.00          0          0          0
  conflictdiving   :       0.00       0.00          0          0          0
  crossover        :       0.00       0.00          0          0          0
  dins             :       0.00       0.00          0          0          0
  distributiondivin:       0.00       0.00          0          0          0
  dualval          :       0.00       0.00          0          0          0
  farkasdiving     :       0.00       0.00          0          0          0
  feaspump         :       0.00       0.00          0          0          0
  fixandinfer      :       0.00       0.00          0          0          0
  fracdiving       :       0.00       0.00          0          0          0
  gins             :       0.00       0.00          0          0          0
  guideddiving     :       0.00       0.00          0          0          0
  indicator        :       0.00       0.00          0          0          0
  intdiving        :       0.00       0.00          0          0          0
  intshifting      :       0.00       0.00          0          0          0
  linesearchdiving :       0.00       0.00          0          0          0
  localbranching   :       0.00       0.00          0          0          0
  locks            :       0.00       0.00          1          0          0
  lpface           :       0.00       0.00          0          0          0
  mpec             :       0.00       0.00          0          0          0
  multistart       :       0.00       0.00          0          0          0
  mutation         :       0.00       0.00          0          0          0
  nlpdiving        :       0.00       0.00          0          0          0
  objpscostdiving  :       0.00       0.00          0          0          0
  octane           :       0.00       0.00          0          0          0
  ofins            :       0.00       0.00          0          0          0
  oneopt           :       0.00       0.00          3          0          0
  padm             :       0.00       0.00          0          0          0
  proximity        :       0.00       0.00          0          0          0
  pscostdiving     :       0.00       0.00          0          0          0
  randrounding     :       0.00       0.00          2          0          0
  rens             :       0.00       0.00          0          0          0
  reoptsols        :       0.00       0.00          0          0          0
  repair           :       0.00       0.00          0          0          0
  rins             :       0.00       0.00          0          0          0
  rootsoldiving    :       0.00       0.00          0          0          0
  rounding         :       0.00       0.00          2          0          0
  shiftandpropagate:       0.00       0.00          0          0          0
  shifting         :       0.00       0.00          2          1          1
  simplerounding   :       0.00       0.00          4          0          0
  subnlp           :       0.00       0.00          0          0          0
  trivial          :       0.00       0.00          2          0          0
  trivialnegation  :       0.00       0.00          0          0          0
  trustregion      :       0.00       0.00          0          0          0
  trysol           :       0.00       0.00          0          0          0
  twoopt           :       0.00       0.00          0          0          0
  undercover       :       0.00       0.00          1          1          1
  vbounds          :       0.00       0.00          1          0          0
  veclendiving     :       0.00       0.00          0          0          0
  zeroobj          :       0.00       0.00          0          0          0
  zirounding       :       0.00       0.00          0          0          0
  other solutions  :          -          -          -          0          -
Diving (single)    :      Calls      Nodes   LP Iters Backtracks  Conflicts   MinDepth   MaxDepth   AvgDepth  RoundSols  NLeafSols  MinSolDpt  MaxSolDpt  AvgSolDpt
  actconsdiving    :          0          -          -          -          -          -          -          -          -          -          -          -          -
  coefdiving       :          0          -          -          -          -          -          -          -          -          -          -          -          -
  conflictdiving   :          0          -          -          -          -          -          -          -          -          -          -          -          -
  distributiondivin:          0          -          -          -          -          -          -          -          -          -          -          -          -
  farkasdiving     :          0          -          -          -          -          -          -          -          -          -          -          -          -
  fracdiving       :          0          -          -          -          -          -          -          -          -          -          -          -          -
  guideddiving     :          0          -          -          -          -          -          -          -          -          -          -          -          -
  linesearchdiving :          0          -          -          -          -          -          -          -          -          -          -          -          -
  pscostdiving     :          0          -          -          -          -          -          -          -          -          -          -          -          -
  veclendiving     :          0          -          -          -          -          -          -          -          -          -          -          -          -
Diving (adaptive)  :      Calls      Nodes   LP Iters Backtracks  Conflicts   MinDepth   MaxDepth   AvgDepth  RoundSols  NLeafSols  MinSolDpt  MaxSolDpt  AvgSolDpt
  actconsdiving    :          0          -          -          -          -          -          -          -          -          -          -          -          -
  coefdiving       :          0          -          -          -          -          -          -          -          -          -          -          -          -
  conflictdiving   :          0          -          -          -          -          -          -          -          -          -          -          -          -
  distributiondivin:          0          -          -          -          -          -          -          -          -          -          -          -          -
  farkasdiving     :          0          -          -          -          -          -          -          -          -          -          -          -          -
  fracdiving       :          0          -          -          -          -          -          -          -          -          -          -          -          -
  guideddiving     :          0          -          -          -          -          -          -          -          -          -          -          -          -
  linesearchdiving :          0          -          -          -          -          -          -          -          -          -          -          -          -
  pscostdiving     :          0          -          -          -          -          -          -          -          -          -          -          -          -
  veclendiving     :          0          -          -          -          -          -          -          -          -          -          -          -          -
Neighborhoods      :      Calls  SetupTime  SolveTime SolveNodes       Sols       Best       Exp3  EpsGreedy        UCB TgtFixRate  Opt  Inf Node Stal  Sol  Usr Othr Actv
  rens             :          0       0.00       0.00          0          0          0    0.00000   -1.00000    1.00000      0.900    0    0    0    0    0    0    0    1
  rins             :          0       0.00       0.00          0          0          0    0.00000   -1.00000    1.00000      0.900    0    0    0    0    0    0    0    1
  mutation         :          0       0.00       0.00          0          0          0    0.00000   -1.00000    1.00000      0.900    0    0    0    0    0    0    0    1
  localbranching   :          0       0.00       0.00          0          0          0    0.00000   -1.00000    1.00000      0.900    0    0    0    0    0    0    0    1
  crossover        :          0       0.00       0.00          0          0          0    0.00000   -1.00000    1.00000      0.900    0    0    0    0    0    0    0    1
  proximity        :          0       0.00       0.00          0          0          0    0.00000   -1.00000    1.00000      0.900    0    0    0    0    0    0    0    1
  zeroobjective    :          0       0.00       0.00          0          0          0    0.00000   -1.00000    1.00000      0.900    0    0    0    0    0    0    0    1
  dins             :          0       0.00       0.00          0          0          0    0.00000   -1.00000    1.00000      0.900    0    0    0    0    0    0    0    1
  trustregion      :          0       0.00       0.00          0          0          0    0.00000   -1.00000    1.00000      0.900    0    0    0    0    0    0    0    0
LP                 :       Time      Calls Iterations  Iter/call   Iter/sec  Time-0-It Calls-0-It    ItLimit
  primal LP        :       0.00          0          0       0.00          -       0.00          0
  dual LP          :       0.00          8        316      63.20          -       0.00          3
  lex dual LP      :       0.00          0          0       0.00          -
  barrier LP       :       0.00          0          0       0.00          -       0.00          0
  resolve instable :       0.00          0          0       0.00          -
  diving/probing LP:       0.00          0          0       0.00          -
  strong branching :       0.00          0          0       0.00          -          -          -          0
    (at root node) :          -          0          0       0.00          -
  conflict analysis:       0.00          6         60      10.00          -
B&B Tree           :
  number of runs   :          1
  nodes            :          1 (0 internal, 1 leaves)
  feasible leaves  :          0
  infeas. leaves   :          0
  objective leaves :          0
  nodes (total)    :          1 (0 internal, 1 leaves)
  nodes left       :          0
  max depth        :          0
  max depth (total):          0
  backtracks       :          0 (0.0%)
  early backtracks :          0 (0.0%)
  nodes exc. ref.  :          0 (0.0%)
  delayed cutoffs  :          0
  repropagations   :          0 (0 domain reductions, 0 cutoffs)
  avg switch length:       2.00
  switching time   :       0.00
Estim. Tree Size   :          1
Estimation Tree    : 1 nodes (1 visited, 0 internal, 1 leaves, 0 open), weight: 1.0000 completed 1.0000
Estimations        :      estim      value      trend resolution     smooth
  wbe              :          1          -          -          -          -
  tree-profile     :         -1          -          -          -          -
  gap              :          1    1.00000    1.00000          1          1
  tree-weight      :          1    1.00000    1.00000          1          1
  leaf-frequency   :          1    0.50000    1.00000          1          1
  ssg              :          1    0.00000   -1.00000          1          1
  open-nodes       :          1    0.00000    0.00000          1          1
Root Node          :
  First LP value   : -4.42115654256770e-02
  First LP Iters   :        216
  First LP Time    :       0.00
  Final Dual Bound : -3.88809799160774e-02
  Final Root Iters :        316
  Root LP Estimate :                     -
Solution           :
  Solutions found  :          3 (3 improvements)
  First Solution   : -1.89674101742917e-02   (in run 1, after 1 nodes, 0.00 seconds, depth 21, found by <clique>)
  Gap First Sol.   :     269.26 %
  Gap Last Sol.    :      13.71 %
  Primal Bound     : -3.88809799160774e-02   (in run 1, after 1 nodes, 0.00 seconds, depth 0, found by <undercover>)
  Dual Bound       : -3.88809799160774e-02
  Gap              :       0.00 %
Integrals          :      Total       Avg%
  primal-dual      :       0.00       0.00
  primal-ref       :       0.00       0.00
  dual-ref         :       0.00       0.00
