SCIP version 7.0.2 [precision: 8 byte] [memory: block] [mode: optimized] [LP solver: SoPlex 5.0.2] [GitHash: e9d280a398]
Copyright (C) 2002-2020 Konrad-Zuse-Zentrum fuer Informationstechnik Berlin (ZIB)

External codes: 
  SoPlex 5.0.2         Linear Programming Solver developed at Zuse Institute Berlin (soplex.zib.de) [GitHash: e24c304e]
  CppAD 20180000.0     Algorithmic Differentiation of C++ algorithms developed by B. Bell (www.coin-or.org/CppAD)
  MPIR 3.0.0           Multiple Precision Integers and Rationals Library developed by W. Hart (mpir.org)
  ZIMPL 3.4.0          Zuse Institute Mathematical Programming Language developed by T. Koch (zimpl.zib.de)
  PaPILO 1.0.2         parallel presolve for integer and linear optimization (https://github.com/lgottwald/PaPILO) [GitHash: 62d2842]
  bliss 0.73p          Computing Graph Automorphism Groups by T. Junttila and P. Kaski (http://www.tcs.hut.fi/Software/bliss/)
  Ipopt 3.12.9         Interior Point Optimizer developed by A. Waechter et.al. (www.coin-or.org/Ipopt)

user parameter file <scip.set> not found - using default parameters

read problem <C:\Users\Claubit\Documents\GitHub\embedding\src\lp\scenarioA3_N32_B0.5_strongly_correlated_classical\IPL_linearized_N32q0.10B16.lp>
============

original problem has 1056 variables (0 bin, 1056 int, 0 impl, 0 cont) and 3073 constraints

solve problem
=============

presolving:
(round 1, fast)       32 del vars, 32 del conss, 0 add conss, 0 chg bounds, 32 chg sides, 32 chg coeffs, 0 upgd conss, 0 impls, 1984 clqs
(round 2, fast)       32 del vars, 96 del conss, 0 add conss, 0 chg bounds, 32 chg sides, 32 chg coeffs, 0 upgd conss, 0 impls, 1984 clqs
   (0.0s) running MILP presolver
   (0.0s) MILP presolver found nothing
(round 3, exhaustive) 32 del vars, 96 del conss, 0 add conss, 0 chg bounds, 32 chg sides, 32 chg coeffs, 2976 upgd conss, 0 impls, 1984 clqs
(round 4, exhaustive) 32 del vars, 3072 del conss, 992 add conss, 0 chg bounds, 32 chg sides, 32 chg coeffs, 2976 upgd conss, 0 impls, 1984 clqs
(round 5, exhaustive) 528 del vars, 3568 del conss, 992 add conss, 0 chg bounds, 32 chg sides, 32 chg coeffs, 2976 upgd conss, 0 impls, 992 clqs
   (0.0s) probing: 51/528 (9.7%) - 0 fixings, 0 aggregations, 0 implications, 0 bound changes
   (0.0s) probing aborted: 50/50 successive totally useless probings
   (0.0s) symmetry computation started: requiring (bin +, int -, cont +), (fixed: bin -, int +, cont -)
   (0.0s) no symmetry present
presolving (6 rounds: 6 fast, 4 medium, 4 exhaustive):
 528 deleted vars, 3568 deleted constraints, 992 added constraints, 0 tightened bounds, 0 added holes, 32 changed sides, 32 changed coefficients
 0 implications, 992 cliques
presolved problem has 528 variables (528 bin, 0 int, 0 impl, 0 cont) and 497 constraints
    496 constraints of type <and>
      1 constraints of type <linear>
Presolving Time: 0.00

 time | node  | left  |LP iter|LP it/n|mem/heur|mdpt |vars |cons |rows |cuts |sepa|confs|strbr|  dualbound   | primalbound  |  gap   | compl. 
p 0.0s|     1 |     0 |     0 |     - |  clique|   0 | 528 | 497 | 993 |   0 |  0 |   0 |   0 |-5.400268e-02 |-3.106395e-02 |  73.84%| unknown
p 0.0s|     1 |     0 |     0 |     - | vbounds|   0 | 528 | 497 | 993 |   0 |  0 |   3 |   0 |-5.400268e-02 |-3.751799e-02 |  43.94%| unknown
  0.0s|     1 |     0 |   159 |     - |    13M |   0 | 528 | 407 | 993 |   0 |  0 |   3 |   0 |-4.967205e-02 |-3.751799e-02 |  32.40%| unknown
r 0.0s|     1 |     0 |   159 |     - |shifting|   0 | 528 | 412 | 993 |   0 |  0 |   8 |   0 |-4.967205e-02 |-4.808987e-02 |   3.29%| unknown
L 1.0s|     1 |     0 |   159 |     - |undercov|   0 | 528 | 412 | 993 |   0 |  0 |   8 |   0 |-4.967205e-02 |-4.949630e-02 |   0.36%| unknown
  1.0s|     1 |     0 |   208 |     - |    14M |   0 | 528 | 412 |1042 |  49 |  1 |   8 |   0 |-4.949630e-02 |-4.949630e-02 |   0.00%| unknown
  1.0s|     1 |     0 |   208 |     - |    14M |   0 | 528 | 412 |1042 |  49 |  1 |   8 |   0 |-4.949630e-02 |-4.949630e-02 |   0.00%| unknown

SCIP Status        : problem is solved [optimal solution found]
Solving Time (sec) : 1.00
Solving Nodes      : 1
Primal Bound       : -4.94962987648709e-02 (4 solutions)
Dual Bound         : -4.94962987648709e-02
Gap                : 0.00 %

primal solution (original space):
=================================

objective value:                  -0.0494962987648709
y(1,1)                                              1 	(obj:2.0952575196951e-05)
y(1,2)                                              1 	(obj:-5.73341652918769e-06)
y(1,4)                                              1 	(obj:-4.9963699149825e-06)
y(1,5)                                              1 	(obj:9.35160238093297e-06)
y(1,6)                                              1 	(obj:7.98100823782746e-06)
y(1,16)                                             1 	(obj:-9.29751266020883e-06)
y(1,18)                                             1 	(obj:-8.02268362714118e-06)
y(1,19)                                             1 	(obj:-8.55005979601207e-06)
y(1,20)                                             1 	(obj:1.15152997258063e-05)
y(1,23)                                             1 	(obj:-1.33363763424178e-05)
y(1,25)                                             1 	(obj:9.12787764586105e-06)
y(1,26)                                             1 	(obj:9.04568470692749e-06)
y(1,27)                                             1 	(obj:7.06492898615596e-07)
y(1,28)                                             1 	(obj:-4.15969146601421e-06)
y(1,29)                                             1 	(obj:-8.03789246802408e-06)
y(1,32)                                             1 	(obj:6.24383664249592e-07)
y(2,1)                                              1 	(obj:-5.73341652918769e-06)
y(2,2)                                              1 	(obj:2.11362875750196e-05)
y(2,4)                                              1 	(obj:1.28563720285853e-05)
y(2,5)                                              1 	(obj:-4.90813405677512e-06)
y(2,6)                                              1 	(obj:5.46042999462463e-06)
y(2,16)                                             1 	(obj:1.18663393792117e-05)
y(2,18)                                             1 	(obj:1.54335194265256e-05)
y(2,19)                                             1 	(obj:1.64293161890717e-05)
y(2,20)                                             1 	(obj:-1.30116672156621e-06)
y(2,23)                                             1 	(obj:2.13501959241154e-05)
y(2,25)                                             1 	(obj:-7.43478378592782e-06)
y(2,26)                                             1 	(obj:-1.54526865016471e-06)
y(2,27)                                             1 	(obj:8.01547205994465e-07)
y(2,28)                                             1 	(obj:7.02617564033253e-06)
y(2,29)                                             1 	(obj:7.8431525711157e-06)
y(2,32)                                             1 	(obj:-2.24361423672671e-06)
y(4,1)                                              1 	(obj:-4.9963699149825e-06)
y(4,2)                                              1 	(obj:1.28563720285853e-05)
y(4,4)                                              1 	(obj:2.09925796411208e-05)
y(4,5)                                              1 	(obj:3.78343415035221e-06)
y(4,6)                                              1 	(obj:5.0100899826662e-06)
y(4,16)                                             1 	(obj:1.72556059038124e-05)
y(4,18)                                             1 	(obj:1.4288900663182e-05)
y(4,19)                                             1 	(obj:1.5471463947045e-05)
y(4,20)                                             1 	(obj:-1.09118626600641e-07)
y(4,23)                                             1 	(obj:1.58221925013724e-05)
y(4,25)                                             1 	(obj:-4.70313411354522e-06)
y(4,26)                                             1 	(obj:1.72222568150025e-06)
y(4,27)                                             1 	(obj:3.45817554363283e-06)
y(4,28)                                             1 	(obj:1.31436229382652e-05)
y(4,29)                                             1 	(obj:1.38866581484934e-05)
y(4,32)                                             1 	(obj:2.59333058274486e-06)
y(5,1)                                              1 	(obj:9.35160238093297e-06)
y(5,2)                                              1 	(obj:-4.90813405677512e-06)
y(5,4)                                              1 	(obj:3.78343415035221e-06)
y(5,5)                                              1 	(obj:1.46107204151327e-05)
y(5,6)                                              1 	(obj:6.85634522378724e-06)
y(5,16)                                             1 	(obj:-8.19947857710329e-07)
y(5,18)                                             1 	(obj:-4.79882794649857e-06)
y(5,19)                                             1 	(obj:-4.89198492325745e-06)
y(5,20)                                             1 	(obj:1.60895869627851e-07)
y(5,23)                                             1 	(obj:-6.40788534235544e-06)
y(5,25)                                             1 	(obj:-2.15111577784821e-06)
y(5,26)                                             1 	(obj:4.34635340745715e-06)
y(5,27)                                             1 	(obj:2.99769964315667e-06)
y(5,28)                                             1 	(obj:-1.58378866578228e-06)
y(5,29)                                             1 	(obj:2.56684762318206e-06)
y(5,32)                                             1 	(obj:3.94166461141229e-06)
y(6,1)                                              1 	(obj:7.98100823782746e-06)
y(6,2)                                              1 	(obj:5.46042999462463e-06)
y(6,4)                                              1 	(obj:5.0100899826662e-06)
y(6,5)                                              1 	(obj:6.85634522378724e-06)
y(6,6)                                              1 	(obj:4.50116394653606e-05)
y(6,16)                                             1 	(obj:6.652292044756e-06)
y(6,18)                                             1 	(obj:1.14581464021519e-06)
y(6,19)                                             1 	(obj:1.05506998557421e-06)
y(6,20)                                             1 	(obj:7.14155683401301e-06)
y(6,23)                                             1 	(obj:3.57302272876647e-06)
y(6,25)                                             1 	(obj:1.64979275383066e-05)
y(6,26)                                             1 	(obj:8.49571256646092e-06)
y(6,27)                                             1 	(obj:2.00941484470245e-06)
y(6,28)                                             1 	(obj:5.22892849930829e-06)
y(6,29)                                             1 	(obj:1.1595957490886e-05)
y(6,32)                                             1 	(obj:1.59025704585983e-06)
y(16,1)                                             1 	(obj:-9.29751266020883e-06)
y(16,2)                                             1 	(obj:1.18663393792117e-05)
y(16,4)                                             1 	(obj:1.72556059038124e-05)
y(16,5)                                             1 	(obj:-8.19947857710329e-07)
y(16,6)                                             1 	(obj:6.652292044756e-06)
y(16,16)                                            1 	(obj:1.93035596602608e-05)
y(16,18)                                            1 	(obj:1.14604552044038e-05)
y(16,19)                                            1 	(obj:1.2685300858242e-05)
y(16,20)                                            1 	(obj:-1.92289161057467e-06)
y(16,23)                                            1 	(obj:1.72350001245219e-05)
y(16,25)                                            1 	(obj:-4.9610277762762e-06)
y(16,26)                                            1 	(obj:2.55513275260205e-07)
y(16,27)                                            1 	(obj:3.59121936012777e-06)
y(16,28)                                            1 	(obj:1.18254004427811e-05)
y(16,29)                                            1 	(obj:1.49330563053993e-05)
y(16,32)                                            1 	(obj:3.17234244000921e-06)
y(18,1)                                             1 	(obj:-8.02268362714118e-06)
y(18,2)                                             1 	(obj:1.54335194265256e-05)
y(18,4)                                             1 	(obj:1.4288900663182e-05)
y(18,5)                                             1 	(obj:-4.79882794649857e-06)
y(18,6)                                             1 	(obj:1.14581464021519e-06)
y(18,16)                                            1 	(obj:1.14604552044038e-05)
y(18,18)                                            1 	(obj:2.17380292362398e-05)
y(18,19)                                            1 	(obj:2.21418914140404e-05)
y(18,20)                                            1 	(obj:-6.38524742809824e-07)
y(18,23)                                            1 	(obj:1.48774469522188e-05)
y(18,25)                                            1 	(obj:2.09752477504469e-06)
y(18,26)                                            1 	(obj:3.61330429497217e-07)
y(18,27)                                            1 	(obj:2.46356037808837e-06)
y(18,28)                                            1 	(obj:1.09659467786102e-05)
y(18,29)                                            1 	(obj:1.02275904040127e-05)
y(18,32)                                            1 	(obj:-6.33793292778583e-07)
y(19,1)                                             1 	(obj:-8.55005979601207e-06)
y(19,2)                                             1 	(obj:1.64293161890717e-05)
y(19,4)                                             1 	(obj:1.5471463947045e-05)
y(19,5)                                             1 	(obj:-4.89198492325745e-06)
y(19,6)                                             1 	(obj:1.05506998557421e-06)
y(19,16)                                            1 	(obj:1.2685300858242e-05)
y(19,18)                                            1 	(obj:2.21418914140404e-05)
y(19,19)                                            1 	(obj:2.29141465112496e-05)
y(19,20)                                            1 	(obj:-1.14599674159458e-07)
y(19,23)                                            1 	(obj:1.5494622300799e-05)
y(19,25)                                            1 	(obj:1.1529641097587e-06)
y(19,26)                                            1 	(obj:4.43081602844061e-07)
y(19,27)                                            1 	(obj:2.59139836673366e-06)
y(19,28)                                            1 	(obj:1.21233898261967e-05)
y(19,29)                                            1 	(obj:1.067022286652e-05)
y(19,32)                                            1 	(obj:-6.67502930146735e-07)
y(20,1)                                             1 	(obj:1.15152997258063e-05)
y(20,2)                                             1 	(obj:-1.30116672156621e-06)
y(20,4)                                             1 	(obj:-1.09118626600641e-07)
y(20,5)                                             1 	(obj:1.60895869627851e-07)
y(20,6)                                             1 	(obj:7.14155683401301e-06)
y(20,16)                                            1 	(obj:-1.92289161057467e-06)
y(20,18)                                            1 	(obj:-6.38524742809824e-07)
y(20,19)                                            1 	(obj:-1.14599674159458e-07)
y(20,20)                                            1 	(obj:2.42645823057447e-05)
y(20,23)                                            1 	(obj:-7.69836975258985e-06)
y(20,25)                                            1 	(obj:1.68568401386384e-05)
y(20,26)                                            1 	(obj:1.214919682007e-05)
y(20,27)                                            1 	(obj:2.32494661305649e-06)
y(20,28)                                            1 	(obj:9.25042176961159e-06)
y(20,29)                                            1 	(obj:-4.3599773755579e-06)
y(20,32)                                            1 	(obj:-1.59677654004541e-06)
y(23,1)                                             1 	(obj:-1.33363763424178e-05)
y(23,2)                                             1 	(obj:2.13501959241154e-05)
y(23,4)                                             1 	(obj:1.58221925013724e-05)
y(23,5)                                             1 	(obj:-6.40788534235544e-06)
y(23,6)                                             1 	(obj:3.57302272876647e-06)
y(23,16)                                            1 	(obj:1.72350001245219e-05)
y(23,18)                                            1 	(obj:1.48774469522188e-05)
y(23,19)                                            1 	(obj:1.5494622300799e-05)
y(23,20)                                            1 	(obj:-7.69836975258985e-06)
y(23,23)                                            1 	(obj:3.49415122958853e-05)
y(23,25)                                            1 	(obj:-1.12870248224413e-05)
y(23,26)                                            1 	(obj:-4.56979041977986e-06)
y(23,27)                                            1 	(obj:7.76521055077858e-07)
y(23,28)                                            1 	(obj:7.8624570879356e-06)
y(23,29)                                            1 	(obj:1.54002801691187e-05)
y(23,32)                                            1 	(obj:-2.51937298535876e-06)
y(25,1)                                             1 	(obj:9.12787764586105e-06)
y(25,2)                                             1 	(obj:-7.43478378592782e-06)
y(25,4)                                             1 	(obj:-4.70313411354522e-06)
y(25,5)                                             1 	(obj:-2.15111577784821e-06)
y(25,6)                                             1 	(obj:1.64979275383066e-05)
y(25,16)                                            1 	(obj:-4.9610277762762e-06)
y(25,18)                                            1 	(obj:2.09752477504469e-06)
y(25,19)                                            1 	(obj:1.1529641097587e-06)
y(25,20)                                            1 	(obj:1.68568401386384e-05)
y(25,23)                                            1 	(obj:-1.12870248224413e-05)
y(25,25)                                            1 	(obj:3.68115862976871e-05)
y(25,26)                                            1 	(obj:1.3920218109073e-05)
y(25,27)                                            1 	(obj:-1.03323535496425e-06)
y(25,28)                                            1 	(obj:8.18374126845653e-06)
y(25,29)                                            1 	(obj:8.88970019423998e-07)
y(25,32)                                            1 	(obj:-2.2426675335765e-06)
y(26,1)                                             1 	(obj:9.04568470692749e-06)
y(26,2)                                             1 	(obj:-1.54526865016471e-06)
y(26,4)                                             1 	(obj:1.72222568150025e-06)
y(26,5)                                             1 	(obj:4.34635340745715e-06)
y(26,6)                                             1 	(obj:8.49571256646092e-06)
y(26,16)                                            1 	(obj:2.55513275260205e-07)
y(26,18)                                            1 	(obj:3.61330429497217e-07)
y(26,19)                                            1 	(obj:4.43081602844061e-07)
y(26,20)                                            1 	(obj:1.214919682007e-05)
y(26,23)                                            1 	(obj:-4.56979041977986e-06)
y(26,25)                                            1 	(obj:1.3920218109073e-05)
y(26,26)                                            1 	(obj:1.64168463484481e-05)
y(26,27)                                            1 	(obj:3.86347292114278e-06)
y(26,28)                                            1 	(obj:7.84844580573234e-06)
y(26,29)                                            1 	(obj:-1.17894025304131e-06)
y(26,32)                                            1 	(obj:7.86682204712446e-07)
y(27,1)                                             1 	(obj:7.06492898615596e-07)
y(27,2)                                             1 	(obj:8.01547205994465e-07)
y(27,4)                                             1 	(obj:3.45817554363283e-06)
y(27,5)                                             1 	(obj:2.99769964315667e-06)
y(27,6)                                             1 	(obj:2.00941484470245e-06)
y(27,16)                                            1 	(obj:3.59121936012777e-06)
y(27,18)                                            1 	(obj:2.46356037808837e-06)
y(27,19)                                            1 	(obj:2.59139836673366e-06)
y(27,20)                                            1 	(obj:2.32494661305649e-06)
y(27,23)                                            1 	(obj:7.76521055077858e-07)
y(27,25)                                            1 	(obj:-1.03323535496425e-06)
y(27,26)                                            1 	(obj:3.86347292114278e-06)
y(27,27)                                            1 	(obj:5.17930492855497e-06)
y(27,28)                                            1 	(obj:3.06822859076678e-06)
y(27,29)                                            1 	(obj:3.03641373926217e-06)
y(27,32)                                            1 	(obj:3.30309039398842e-06)
y(28,1)                                             1 	(obj:-4.15969146601421e-06)
y(28,2)                                             1 	(obj:7.02617564033253e-06)
y(28,4)                                             1 	(obj:1.31436229382652e-05)
y(28,5)                                             1 	(obj:-1.58378866578228e-06)
y(28,6)                                             1 	(obj:5.22892849930829e-06)
y(28,16)                                            1 	(obj:1.18254004427811e-05)
y(28,18)                                            1 	(obj:1.09659467786102e-05)
y(28,19)                                            1 	(obj:1.21233898261967e-05)
y(28,20)                                            1 	(obj:9.25042176961159e-06)
y(28,23)                                            1 	(obj:7.8624570879356e-06)
y(28,25)                                            1 	(obj:8.18374126845653e-06)
y(28,26)                                            1 	(obj:7.84844580573234e-06)
y(28,27)                                            1 	(obj:3.06822859076678e-06)
y(28,28)                                            1 	(obj:1.72651409680014e-05)
y(28,29)                                            1 	(obj:8.50400389103201e-06)
y(28,32)                                            1 	(obj:2.62599517037429e-07)
y(29,1)                                             1 	(obj:-8.03789246802408e-06)
y(29,2)                                             1 	(obj:7.8431525711157e-06)
y(29,4)                                             1 	(obj:1.38866581484934e-05)
y(29,5)                                             1 	(obj:2.56684762318206e-06)
y(29,6)                                             1 	(obj:1.1595957490886e-05)
y(29,16)                                            1 	(obj:1.49330563053993e-05)
y(29,18)                                            1 	(obj:1.02275904040127e-05)
y(29,19)                                            1 	(obj:1.067022286652e-05)
y(29,20)                                            1 	(obj:-4.3599773755579e-06)
y(29,23)                                            1 	(obj:1.54002801691187e-05)
y(29,25)                                            1 	(obj:8.88970019423998e-07)
y(29,26)                                            1 	(obj:-1.17894025304131e-06)
y(29,27)                                            1 	(obj:3.03641373926217e-06)
y(29,28)                                            1 	(obj:8.50400389103201e-06)
y(29,29)                                            1 	(obj:1.90458102771602e-05)
y(29,32)                                            1 	(obj:2.60360935299287e-06)
y(32,1)                                             1 	(obj:6.24383664249592e-07)
y(32,2)                                             1 	(obj:-2.24361423672671e-06)
y(32,4)                                             1 	(obj:2.59333058274486e-06)
y(32,5)                                             1 	(obj:3.94166461141229e-06)
y(32,6)                                             1 	(obj:1.59025704585983e-06)
y(32,16)                                            1 	(obj:3.17234244000921e-06)
y(32,18)                                            1 	(obj:-6.33793292778583e-07)
y(32,19)                                            1 	(obj:-6.67502930146735e-07)
y(32,20)                                            1 	(obj:-1.59677654004541e-06)
y(32,23)                                            1 	(obj:-2.51937298535876e-06)
y(32,25)                                            1 	(obj:-2.2426675335765e-06)
y(32,26)                                            1 	(obj:7.86682204712446e-07)
y(32,27)                                            1 	(obj:3.30309039398842e-06)
y(32,28)                                            1 	(obj:2.62599517037429e-07)
y(32,29)                                            1 	(obj:2.60360935299287e-06)
y(32,32)                                            1 	(obj:4.50456023691093e-06)
x(1)                                                1 	(obj:-0.00198693197499434)
x(2)                                                1 	(obj:-0.00496619514551215)
x(4)                                                1 	(obj:-0.00208728685455775)
x(5)                                                1 	(obj:-0.00618053891075051)
x(6)                                                1 	(obj:-0.00396272458756624)
x(16)                                               1 	(obj:-0.0041832978934239)
x(18)                                               1 	(obj:-0.00470222606982046)
x(19)                                               1 	(obj:-0.00477808477583974)
x(20)                                               1 	(obj:-0.00141253875362208)
x(23)                                               1 	(obj:-0.0033640561324092)
x(25)                                               1 	(obj:-0.00167140388800114)
x(26)                                               1 	(obj:-0.00184788389982376)
x(27)                                               1 	(obj:-0.000970159930081625)
x(28)                                               1 	(obj:-0.00219012867000463)
x(29)                                               1 	(obj:-0.00416523538261125)
x(32)                                               1 	(obj:-0.00235452075195132)

Statistics
==========

SCIP Status        : problem is solved [optimal solution found]
Total Time         :       1.00
  solving          :       1.00
  presolving       :       0.00 (included in solving)
  reading          :       0.00
  copying          :       0.00 (1 #copies) (minimal 0.00, maximal 0.00, average 0.00)
Original Problem   :
  Problem name     : C:\Users\Claubit\Documents\GitHub\embedding\src\lp\scenarioA3_N32_B0.5_strongly_correlated_classical\IPL_linearized_N32q0.10B16.lp
  Variables        : 1056 (0 binary, 1056 integer, 0 implicit integer, 0 continuous)
  Constraints      : 3073 initial, 3073 maximal
  Objective        : minimize, 1056 non-zeros (abs.min = 2.12109e-08, abs.max = 0.0416652)
Presolved Problem  :
  Problem name     : t_C:\Users\Claubit\Documents\GitHub\embedding\src\lp\scenarioA3_N32_B0.5_strongly_correlated_classical\IPL_linearized_N32q0.10B16.lp
  Variables        : 528 (528 binary, 0 integer, 0 implicit integer, 0 continuous)
  Constraints      : 497 initial, 497 maximal
  Objective        : minimize, 528 non-zeros (abs.min = 4.24217e-08, abs.max = 0.0423592)
  Nonzeros         : 1520 constraint, 1624 clique table
Presolvers         :   ExecTime  SetupTime  Calls  FixedVars   AggrVars   ChgTypes  ChgBounds   AddHoles    DelCons    AddCons   ChgSides   ChgCoefs
  boundshift       :       0.00       0.00      0          0          0          0          0          0          0          0          0          0
  convertinttobin  :       0.00       0.00      0          0          0          0          0          0          0          0          0          0
  domcol           :       0.00       0.00      1          0          0          0          0          0          0          0          0          0
  dualagg          :       0.00       0.00      0          0          0          0          0          0          0          0          0          0
  dualcomp         :       0.00       0.00      0          0          0          0          0          0          0          0          0          0
  dualinfer        :       0.00       0.00      0          0          0          0          0          0          0          0          0          0
  dualsparsify     :       0.00       0.00      1          0          0          0          0          0          0          0          0          0
  gateextraction   :       0.00       0.00      1          0          0          0          0          0       2976        992          0          0
  implics          :       0.00       0.00      4          0          0          0          0          0          0          0          0          0
  inttobinary      :       0.00       0.00      0          0          0          0          0          0          0          0          0          0
  milp             :       0.00       0.00      1          0          0          0          0          0          0          0          0          0
  qpkktref         :       0.00       0.00      0          0          0          0          0          0          0          0          0          0
  redvub           :       0.00       0.00      0          0          0          0          0          0          0          0          0          0
  sparsify         :       0.00       0.00      1          0          0          0          0          0          0          0          0          0
  stuffing         :       0.00       0.00      0          0          0          0          0          0          0          0          0          0
  trivial          :       0.00       0.00      6          0          0          0          0          0          0          0          0          0
  tworowbnd        :       0.00       0.00      0          0          0          0          0          0          0          0          0          0
  dualfix          :       0.00       0.00      6          0          0          0          0          0          0          0          0          0
  genvbounds       :       0.00       0.00      0          0          0          0          0          0          0          0          0          0
  probing          :       0.00       0.00      1          0          0          0          0          0          0          0          0          0
  pseudoobj        :       0.00       0.00      0          0          0          0          0          0          0          0          0          0
  symmetry         :       0.00       0.00      1          0          0          0          0          0          0          0          0          0
  vbounds          :       0.00       0.00      1          0          0          0          0          0          0          0          0          0
  and              :       0.00       0.00      4          0        496          0          0          0        496          0          0          0
  linear           :       0.00       0.00      8          0         32          0          0          0         96          0         32         32
  logicor          :       0.00       0.00      2          0          0          0          0          0          0          0          0          0
  benders          :       0.00       0.00      0          0          0          0          0          0          0          0          0          0
  components       :       0.00       0.00      1          0          0          0          0          0          0          0          0          0
  root node        :          -          -      -         93          -          -         93          -          -          -          -          -
Constraints        :     Number  MaxNumber  #Separate #Propagate    #EnfoLP    #EnfoRelax  #EnfoPS    #Check   #ResProp    Cutoffs    DomReds       Cuts    Applied      Conss   Children
  benderslp        :          0          0          0          0          0          0          0         12          0          0          0          0          0          0          0
  integral         :          0          0          0          0          0          0          0         12          0          0          0          0          0          0          0
  and              :        496        496          1        436          0          0          0          7         16          1         90         49          0          0          0
  linear           :          1          1          1        427          0          0          0          6          1          1          0          0          0          0          0
  logicor          :          0+         5          1          2          0          0          0          0          0          0          0          0          0          0          0
  benders          :          0          0          0          0          0          0          0          5          0          0          0          0          0          0          0
  countsols        :          0          0          0          0          0          0          0          5          0          0          0          0          0          0          0
  components       :          0          0          0          0          0          0          0          0          0          0          0          0          0          0          0
Constraint Timings :  TotalTime  SetupTime   Separate  Propagate     EnfoLP     EnfoPS     EnfoRelax   Check    ResProp    SB-Prop
  benderslp        :       0.00       0.00       0.00       0.00       0.00       0.00       0.00       0.00       0.00       0.00
  integral         :       0.00       0.00       0.00       0.00       0.00       0.00       0.00       0.00       0.00       0.00
  and              :       0.00       0.00       0.00       0.00       0.00       0.00       0.00       0.00       0.00       0.00
  linear           :       0.00       0.00       0.00       0.00       0.00       0.00       0.00       0.00       0.00       0.00
  logicor          :       0.00       0.00       0.00       0.00       0.00       0.00       0.00       0.00       0.00       0.00
  benders          :       0.00       0.00       0.00       0.00       0.00       0.00       0.00       0.00       0.00       0.00
  countsols        :       0.00       0.00       0.00       0.00       0.00       0.00       0.00       0.00       0.00       0.00
  components       :       0.00       0.00       0.00       0.00       0.00       0.00       0.00       0.00       0.00       0.00
Propagators        : #Propagate   #ResProp    Cutoffs    DomReds
  dualfix          :          3          0          0          0
  genvbounds       :          0          0          0          0
  nlobbt           :          0          0          0          0
  obbt             :          0          0          0          0
  probing          :          0          0          0          0
  pseudoobj        :          4          0          0          0
  redcost          :          1          0          0          0
  rootredcost      :          0          0          0          0
  symmetry         :          0          0          0          0
  vbounds          :        337          0          0          0
Propagator Timings :  TotalTime  SetupTime   Presolve  Propagate    ResProp    SB-Prop
  dualfix          :       0.00       0.00       0.00       0.00       0.00       0.00
  genvbounds       :       0.00       0.00       0.00       0.00       0.00       0.00
  nlobbt           :       0.00       0.00       0.00       0.00       0.00       0.00
  obbt             :       0.00       0.00       0.00       0.00       0.00       0.00
  probing          :       0.00       0.00       0.00       0.00       0.00       0.00
  pseudoobj        :       0.00       0.00       0.00       0.00       0.00       0.00
  redcost          :       0.00       0.00       0.00       0.00       0.00       0.00
  rootredcost      :       0.00       0.00       0.00       0.00       0.00       0.00
  symmetry         :       0.00       0.00       0.00       0.00       0.00       0.00
  vbounds          :       0.00       0.00       0.00       0.00       0.00       0.00
Conflict Analysis  :       Time      Calls    Success    DomReds  Conflicts   Literals    Reconvs ReconvLits   Dualrays   Nonzeros   LP Iters   (pool size: [10000,10000])
  propagation      :       0.00          1          1          -          5       15.0          0        0.0          -          -          -
  infeasible LP    :       0.00          0          0          -          0        0.0          0        0.0          0        0.0          0
  bound exceed. LP :       0.00          5          4          -          0        0.0          0        0.0          3        1.0         50
  strong branching :       0.00          0          0          -          0        0.0          0        0.0          -          -          0
  pseudo solution  :       0.00          0          0          -          0        0.0          0        0.0          -          -          -
  applied globally :       0.00          -          -          3          5       14.0          -          -          3          -          -
  applied locally  :          -          -          -          0          0        0.0          -          -          0          -          -
Separators         :   ExecTime  SetupTime      Calls    Cutoffs    DomReds       Cuts    Applied      Conss
  cut pool         :       0.00                     1          -          -         49          -          -    (maximal pool size: 54)
  aggregation      :       0.00       0.00          1          0          0          0          0          0
  cgmip            :       0.00       0.00          0          0          0          0          0          0
  clique           :       0.00       0.00          1          0          0          0          0          0
  closecuts        :       0.00       0.00          0          0          0          0          0          0
  cmir             :       0.00       0.00          0          0          0          0          0          0
  convexproj       :       0.00       0.00          0          0          0          0          0          0
  disjunctive      :       0.00       0.00          0          0          0          0          0          0
  eccuts           :       0.00       0.00          0          0          0          0          0          0
  flowcover        :       0.00       0.00          0          0          0          0          0          0
  gauge            :       0.00       0.00          0          0          0          0          0          0
  gomory           :       0.00       0.00          1          0          0          5          0          0
  impliedbounds    :       0.00       0.00          1          0          0         49         49          0
  intobj           :       0.00       0.00          0          0          0          0          0          0
  mcf              :       0.00       0.00          1          0          0          0          0          0
  oddcycle         :       0.00       0.00          0          0          0          0          0          0
  rapidlearning    :       0.00       0.00          0          0          0          0          0          0
  strongcg         :       0.00       0.00          1          0          0          0          0          0
  zerohalf         :       0.00       0.00          1          0          0          0          0          0
Pricers            :   ExecTime  SetupTime      Calls       Vars
  problem variables:       0.00          -          0          0
Branching Rules    :   ExecTime  SetupTime   BranchLP  BranchExt   BranchPS    Cutoffs    DomReds       Cuts      Conss   Children
  allfullstrong    :       0.00       0.00          0          0          0          0          0          0          0          0
  cloud            :       0.00       0.00          0          0          0          0          0          0          0          0
  distribution     :       0.00       0.00          0          0          0          0          0          0          0          0
  fullstrong       :       0.00       0.00          0          0          0          0          0          0          0          0
  inference        :       0.00       0.00          0          0          0          0          0          0          0          0
  leastinf         :       0.00       0.00          0          0          0          0          0          0          0          0
  lookahead        :       0.00       0.00          0          0          0          0          0          0          0          0
  mostinf          :       0.00       0.00          0          0          0          0          0          0          0          0
  multaggr         :       0.00       0.00          0          0          0          0          0          0          0          0
  nodereopt        :       0.00       0.00          0          0          0          0          0          0          0          0
  pscost           :       0.00       0.00          0          0          0          0          0          0          0          0
  random           :       0.00       0.00          0          0          0          0          0          0          0          0
  relpscost        :       0.00       0.00          0          0          0          0          0          0          0          0
  vanillafullstrong:       0.00       0.00          0          0          0          0          0          0          0          0
Primal Heuristics  :   ExecTime  SetupTime      Calls      Found       Best
  LP solutions     :       0.00          -          -          0          0
  relax solutions  :       0.00          -          -          0          0
  pseudo solutions :       0.00          -          -          0          0
  strong branching :       0.00          -          -          0          0
  actconsdiving    :       0.00       0.00          0          0          0
  adaptivediving   :       0.00       0.00          0          0          0
  alns             :       0.00       0.00          0          0          0
  bound            :       0.00       0.00          0          0          0
  clique           :       0.00       0.00          1          1          1
  coefdiving       :       0.00       0.00          0          0          0
  completesol      :       0.00       0.00          0          0          0
  conflictdiving   :       0.00       0.00          0          0          0
  crossover        :       0.00       0.00          0          0          0
  dins             :       0.00       0.00          0          0          0
  distributiondivin:       0.00       0.00          0          0          0
  dualval          :       0.00       0.00          0          0          0
  farkasdiving     :       0.00       0.00          0          0          0
  feaspump         :       0.00       0.00          0          0          0
  fixandinfer      :       0.00       0.00          0          0          0
  fracdiving       :       0.00       0.00          0          0          0
  gins             :       0.00       0.00          0          0          0
  guideddiving     :       0.00       0.00          0          0          0
  indicator        :       0.00       0.00          0          0          0
  intdiving        :       0.00       0.00          0          0          0
  intshifting      :       0.00       0.00          0          0          0
  linesearchdiving :       0.00       0.00          0          0          0
  localbranching   :       0.00       0.00          0          0          0
  locks            :       0.00       0.00          1          0          0
  lpface           :       0.00       0.00          0          0          0
  mpec             :       0.00       0.00          0          0          0
  multistart       :       0.00       0.00          0          0          0
  mutation         :       0.00       0.00          0          0          0
  nlpdiving        :       0.00       0.00          0          0          0
  objpscostdiving  :       0.00       0.00          0          0          0
  octane           :       0.00       0.00          0          0          0
  ofins            :       0.00       0.00          0          0          0
  oneopt           :       0.00       0.00          2          0          0
  padm             :       0.00       0.00          0          0          0
  proximity        :       0.00       0.00          0          0          0
  pscostdiving     :       0.00       0.00          0          0          0
  randrounding     :       0.00       0.00          1          0          0
  rens             :       0.00       0.00          0          0          0
  reoptsols        :       0.00       0.00          0          0          0
  repair           :       0.00       0.00          0          0          0
  rins             :       0.00       0.00          0          0          0
  rootsoldiving    :       0.00       0.00          0          0          0
  rounding         :       0.00       0.00          1          0          0
  shiftandpropagate:       0.00       0.00          0          0          0
  shifting         :       0.00       0.00          1          1          1
  simplerounding   :       0.00       0.00          1          0          0
  subnlp           :       0.00       0.00          0          0          0
  trivial          :       0.00       0.00          2          0          0
  trivialnegation  :       0.00       0.00          0          0          0
  trustregion      :       0.00       0.00          0          0          0
  trysol           :       0.00       0.00          0          0          0
  twoopt           :       0.00       0.00          0          0          0
  undercover       :       1.00       0.00          1          1          1
  vbounds          :       0.00       0.00          1          1          1
  veclendiving     :       0.00       0.00          0          0          0
  zeroobj          :       0.00       0.00          0          0          0
  zirounding       :       0.00       0.00          0          0          0
  other solutions  :          -          -          -          0          -
Diving (single)    :      Calls      Nodes   LP Iters Backtracks  Conflicts   MinDepth   MaxDepth   AvgDepth  RoundSols  NLeafSols  MinSolDpt  MaxSolDpt  AvgSolDpt
  actconsdiving    :          0          -          -          -          -          -          -          -          -          -          -          -          -
  coefdiving       :          0          -          -          -          -          -          -          -          -          -          -          -          -
  conflictdiving   :          0          -          -          -          -          -          -          -          -          -          -          -          -
  distributiondivin:          0          -          -          -          -          -          -          -          -          -          -          -          -
  farkasdiving     :          0          -          -          -          -          -          -          -          -          -          -          -          -
  fracdiving       :          0          -          -          -          -          -          -          -          -          -          -          -          -
  guideddiving     :          0          -          -          -          -          -          -          -          -          -          -          -          -
  linesearchdiving :          0          -          -          -          -          -          -          -          -          -          -          -          -
  pscostdiving     :          0          -          -          -          -          -          -          -          -          -          -          -          -
  veclendiving     :          0          -          -          -          -          -          -          -          -          -          -          -          -
Diving (adaptive)  :      Calls      Nodes   LP Iters Backtracks  Conflicts   MinDepth   MaxDepth   AvgDepth  RoundSols  NLeafSols  MinSolDpt  MaxSolDpt  AvgSolDpt
  actconsdiving    :          0          -          -          -          -          -          -          -          -          -          -          -          -
  coefdiving       :          0          -          -          -          -          -          -          -          -          -          -          -          -
  conflictdiving   :          0          -          -          -          -          -          -          -          -          -          -          -          -
  distributiondivin:          0          -          -          -          -          -          -          -          -          -          -          -          -
  farkasdiving     :          0          -          -          -          -          -          -          -          -          -          -          -          -
  fracdiving       :          0          -          -          -          -          -          -          -          -          -          -          -          -
  guideddiving     :          0          -          -          -          -          -          -          -          -          -          -          -          -
  linesearchdiving :          0          -          -          -          -          -          -          -          -          -          -          -          -
  pscostdiving     :          0          -          -          -          -          -          -          -          -          -          -          -          -
  veclendiving     :          0          -          -          -          -          -          -          -          -          -          -          -          -
Neighborhoods      :      Calls  SetupTime  SolveTime SolveNodes       Sols       Best       Exp3  EpsGreedy        UCB TgtFixRate  Opt  Inf Node Stal  Sol  Usr Othr Actv
  rens             :          0       0.00       0.00          0          0          0    0.00000   -1.00000    1.00000      0.900    0    0    0    0    0    0    0    1
  rins             :          0       0.00       0.00          0          0          0    0.00000   -1.00000    1.00000      0.900    0    0    0    0    0    0    0    1
  mutation         :          0       0.00       0.00          0          0          0    0.00000   -1.00000    1.00000      0.900    0    0    0    0    0    0    0    1
  localbranching   :          0       0.00       0.00          0          0          0    0.00000   -1.00000    1.00000      0.900    0    0    0    0    0    0    0    1
  crossover        :          0       0.00       0.00          0          0          0    0.00000   -1.00000    1.00000      0.900    0    0    0    0    0    0    0    1
  proximity        :          0       0.00       0.00          0          0          0    0.00000   -1.00000    1.00000      0.900    0    0    0    0    0    0    0    1
  zeroobjective    :          0       0.00       0.00          0          0          0    0.00000   -1.00000    1.00000      0.900    0    0    0    0    0    0    0    1
  dins             :          0       0.00       0.00          0          0          0    0.00000   -1.00000    1.00000      0.900    0    0    0    0    0    0    0    1
  trustregion      :          0       0.00       0.00          0          0          0    0.00000   -1.00000    1.00000      0.900    0    0    0    0    0    0    0    0
LP                 :       Time      Calls Iterations  Iter/call   Iter/sec  Time-0-It Calls-0-It    ItLimit
  primal LP        :       0.00          0          0       0.00          -       0.00          0
  dual LP          :       0.00          2        208     104.00          -       0.00          0
  lex dual LP      :       0.00          0          0       0.00          -
  barrier LP       :       0.00          0          0       0.00          -       0.00          0
  resolve instable :       0.00          0          0       0.00          -
  diving/probing LP:       0.00          0          0       0.00          -
  strong branching :       0.00          0          0       0.00          -          -          -          0
    (at root node) :          -          0          0       0.00          -
  conflict analysis:       0.00          5         50      10.00          -
B&B Tree           :
  number of runs   :          1
  nodes            :          1 (0 internal, 1 leaves)
  feasible leaves  :          0
  infeas. leaves   :          0
  objective leaves :          0
  nodes (total)    :          1 (0 internal, 1 leaves)
  nodes left       :          0
  max depth        :          0
  max depth (total):          0
  backtracks       :          0 (0.0%)
  early backtracks :          0 (0.0%)
  nodes exc. ref.  :          0 (0.0%)
  delayed cutoffs  :          0
  repropagations   :          0 (0 domain reductions, 0 cutoffs)
  avg switch length:       2.00
  switching time   :       0.00
Estim. Tree Size   :          1
Estimation Tree    : 1 nodes (1 visited, 0 internal, 1 leaves, 0 open), weight: 1.0000 completed 1.0000
Estimations        :      estim      value      trend resolution     smooth
  wbe              :          1          -          -          -          -
  tree-profile     :         -1          -          -          -          -
  gap              :          1    1.00000    1.00000          1          1
  tree-weight      :          1    1.00000    1.00000          1          1
  leaf-frequency   :          1    0.50000    1.00000          1          1
  ssg              :          1    0.00000   -1.00000          1          1
  open-nodes       :          1    0.00000    0.00000          1          1
Root Node          :
  First LP value   : -4.96720512169849e-02
  First LP Iters   :        159
  First LP Time    :       0.00
  Final Dual Bound : -4.94962987648709e-02
  Final Root Iters :        208
  Root LP Estimate :                     -
Solution           :
  Solutions found  :          4 (4 improvements)
  First Solution   : -3.10639541267352e-02   (in run 1, after 1 nodes, 0.00 seconds, depth 20, found by <clique>)
  Gap First Sol.   :      73.84 %
  Gap Last Sol.    :       0.36 %
  Primal Bound     : -4.94962987648709e-02   (in run 1, after 1 nodes, 1.00 seconds, depth 0, found by <undercover>)
  Dual Bound       : -4.94962987648709e-02
  Gap              :       0.00 %
Integrals          :      Total       Avg%
  primal-dual      :       3.19       3.19
  primal-ref       :          -          - (not evaluated)
  dual-ref         :          -          - (not evaluated)
