SCIP version 7.0.2 [precision: 8 byte] [memory: block] [mode: optimized] [LP solver: SoPlex 5.0.2] [GitHash: e9d280a398]
Copyright (C) 2002-2020 Konrad-Zuse-Zentrum fuer Informationstechnik Berlin (ZIB)

External codes: 
  SoPlex 5.0.2         Linear Programming Solver developed at Zuse Institute Berlin (soplex.zib.de) [GitHash: e24c304e]
  CppAD 20180000.0     Algorithmic Differentiation of C++ algorithms developed by B. Bell (www.coin-or.org/CppAD)
  MPIR 3.0.0           Multiple Precision Integers and Rationals Library developed by W. Hart (mpir.org)
  ZIMPL 3.4.0          Zuse Institute Mathematical Programming Language developed by T. Koch (zimpl.zib.de)
  PaPILO 1.0.2         parallel presolve for integer and linear optimization (https://github.com/lgottwald/PaPILO) [GitHash: 62d2842]
  bliss 0.73p          Computing Graph Automorphism Groups by T. Junttila and P. Kaski (http://www.tcs.hut.fi/Software/bliss/)
  Ipopt 3.12.9         Interior Point Optimizer developed by A. Waechter et.al. (www.coin-or.org/Ipopt)

user parameter file <scip.set> not found - using default parameters

read problem <C:\Users\Claubit\Documents\GitHub\embedding\src\lp\scenarioA2_N32_B0.7_classical\IPL_linearized_N32q80.00B22.lp>
============

original problem has 1056 variables (0 bin, 1056 int, 0 impl, 0 cont) and 3073 constraints

solve problem
=============

presolving:
(round 1, fast)       32 del vars, 32 del conss, 0 add conss, 0 chg bounds, 32 chg sides, 32 chg coeffs, 0 upgd conss, 0 impls, 1984 clqs
(round 2, fast)       32 del vars, 96 del conss, 0 add conss, 0 chg bounds, 32 chg sides, 32 chg coeffs, 0 upgd conss, 0 impls, 1984 clqs
   (0.0s) running MILP presolver
   (0.0s) MILP presolver found nothing
(round 3, exhaustive) 32 del vars, 96 del conss, 0 add conss, 0 chg bounds, 32 chg sides, 32 chg coeffs, 2976 upgd conss, 0 impls, 1984 clqs
(round 4, exhaustive) 32 del vars, 3072 del conss, 992 add conss, 0 chg bounds, 32 chg sides, 32 chg coeffs, 2976 upgd conss, 0 impls, 1984 clqs
(round 5, exhaustive) 528 del vars, 3568 del conss, 992 add conss, 0 chg bounds, 32 chg sides, 32 chg coeffs, 2976 upgd conss, 0 impls, 992 clqs
   (0.0s) probing: 51/528 (9.7%) - 0 fixings, 0 aggregations, 0 implications, 0 bound changes
   (0.0s) probing aborted: 50/50 successive totally useless probings
   (0.0s) symmetry computation started: requiring (bin +, int -, cont +), (fixed: bin -, int +, cont -)
   (0.0s) no symmetry present
presolving (6 rounds: 6 fast, 4 medium, 4 exhaustive):
 528 deleted vars, 3568 deleted constraints, 992 added constraints, 0 tightened bounds, 0 added holes, 32 changed sides, 32 changed coefficients
 0 implications, 992 cliques
presolved problem has 528 variables (528 bin, 0 int, 0 impl, 0 cont) and 497 constraints
    496 constraints of type <and>
      1 constraints of type <linear>
Presolving Time: 0.00

 time | node  | left  |LP iter|LP it/n|mem/heur|mdpt |vars |cons |rows |cuts |sepa|confs|strbr|  dualbound   | primalbound  |  gap   | compl. 
p 0.0s|     1 |     0 |     0 |     - |  clique|   0 | 528 | 497 | 993 |   0 |  0 |   0 |   0 |-1.292484e+00 | 3.838833e+00 |    Inf | unknown
p 0.0s|     1 |     0 |     0 |     - |   locks|   0 | 528 | 497 | 993 |   0 |  0 |   0 |   0 |-1.292484e+00 | 3.784830e+00 |    Inf | unknown
  1.0s|     1 |     0 |   804 |     - |    13M |   0 | 528 | 497 | 993 |   0 |  0 |   0 |   0 | 1.752884e+00 | 3.784830e+00 | 115.92%| unknown
L 1.0s|     1 |     0 |   804 |     - |undercov|   0 | 528 | 498 | 993 |   0 |  0 |   1 |   0 | 1.752884e+00 | 3.493834e+00 |  99.32%| unknown
  1.0s|     1 |     0 |   897 |     - |    14M |   0 | 528 | 498 |1060 |  67 |  1 |   1 |   0 | 1.914450e+00 | 3.493834e+00 |  82.50%| unknown
  1.0s|     1 |     0 |   927 |     - |    14M |   0 | 528 | 498 |1084 |  91 |  2 |   1 |   0 | 1.970877e+00 | 3.493834e+00 |  77.27%| unknown
  1.0s|     1 |     0 |   955 |     - |    15M |   0 | 528 | 499 |1092 |  99 |  3 |   2 |   0 | 2.004215e+00 | 3.493834e+00 |  74.32%| unknown
  1.0s|     1 |     0 |   983 |     - |    15M |   0 | 528 | 499 |1099 | 106 |  4 |   2 |   0 | 2.022072e+00 | 3.493834e+00 |  72.78%| unknown
r 1.0s|     1 |     0 |   983 |     - |shifting|   0 | 528 | 500 |1099 | 106 |  4 |   3 |   0 | 2.022072e+00 | 2.647159e+00 |  30.91%| unknown
  1.0s|     1 |     0 |  1007 |     - |    15M |   0 | 528 | 500 |1119 | 126 |  5 |   3 |   0 | 2.036080e+00 | 2.647159e+00 |  30.01%| unknown
  1.0s|     1 |     0 |  1049 |     - |    15M |   0 | 528 | 501 |1132 | 139 |  6 |   4 |   0 | 2.060770e+00 | 2.647159e+00 |  28.45%| unknown
  1.0s|     1 |     0 |  1105 |     - |    16M |   0 | 528 | 502 |1144 | 151 |  7 |   5 |   0 | 2.085503e+00 | 2.647159e+00 |  26.93%| unknown
  1.0s|     1 |     0 |  1163 |     - |    16M |   0 | 528 | 502 |1151 | 158 |  8 |   5 |   0 | 2.113604e+00 | 2.647159e+00 |  25.24%| unknown
  2.0s|     1 |     0 |  1187 |     - |    16M |   0 | 528 | 502 |1153 | 160 |  9 |   5 |   0 | 2.117270e+00 | 2.647159e+00 |  25.03%| unknown
  2.0s|     1 |     0 |  1219 |     - |    16M |   0 | 528 | 502 |1156 | 163 | 10 |   5 |   0 | 2.123242e+00 | 2.647159e+00 |  24.68%| unknown
 time | node  | left  |LP iter|LP it/n|mem/heur|mdpt |vars |cons |rows |cuts |sepa|confs|strbr|  dualbound   | primalbound  |  gap   | compl. 
  2.0s|     1 |     0 |  1269 |     - |    16M |   0 | 528 | 503 |1157 | 170 | 11 |   6 |   0 | 2.142852e+00 | 2.647159e+00 |  23.53%| unknown
  2.0s|     1 |     0 |  1293 |     - |    17M |   0 | 528 | 503 |1162 | 175 | 12 |   6 |   0 | 2.159476e+00 | 2.647159e+00 |  22.58%| unknown
  2.0s|     1 |     0 |  1311 |     - |    17M |   0 | 528 | 504 |1167 | 180 | 13 |   7 |   0 | 2.163764e+00 | 2.647159e+00 |  22.34%| unknown
  2.0s|     1 |     0 |  1361 |     - |    17M |   0 | 528 | 505 |1174 | 187 | 14 |   8 |   0 | 2.170763e+00 | 2.647159e+00 |  21.95%| unknown
  2.0s|     1 |     0 |  1438 |     - |    17M |   0 | 528 | 506 |1183 | 196 | 15 |   9 |   0 | 2.188153e+00 | 2.647159e+00 |  20.98%| unknown
  2.0s|     1 |     0 |  1474 |     - |    17M |   0 | 528 | 509 |1190 | 203 | 16 |  12 |   0 | 2.193266e+00 | 2.647159e+00 |  20.69%| unknown
  2.0s|     1 |     0 |  1496 |     - |    18M |   0 | 528 | 510 |1187 | 206 | 17 |  13 |   0 | 2.198916e+00 | 2.647159e+00 |  20.38%| unknown
  3.0s|     1 |     0 |  1541 |     - |    20M |   0 | 528 | 511 |1192 | 211 | 18 |  14 |   0 | 2.206290e+00 | 2.647159e+00 |  19.98%| unknown
  3.0s|     1 |     0 |  1604 |     - |    20M |   0 | 528 | 511 |1196 | 215 | 19 |  14 |   0 | 2.217530e+00 | 2.647159e+00 |  19.37%| unknown
  3.0s|     1 |     0 |  1675 |     - |    20M |   0 | 528 | 511 |1197 | 216 | 20 |  14 |   0 | 2.222398e+00 | 2.647159e+00 |  19.11%| unknown
  3.0s|     1 |     0 |  1699 |     - |    20M |   0 | 528 | 512 |1199 | 218 | 21 |  15 |   0 | 2.224225e+00 | 2.647159e+00 |  19.01%| unknown
  3.0s|     1 |     0 |  1706 |     - |    20M |   0 | 528 | 512 |1200 | 219 | 22 |  15 |   0 | 2.224460e+00 | 2.647159e+00 |  19.00%| unknown
  3.0s|     1 |     0 |  1729 |     - |    20M |   0 | 528 | 514 |1195 | 220 | 23 |  17 |   0 | 2.225372e+00 | 2.647159e+00 |  18.95%| unknown
d 3.0s|     1 |     0 |  2123 |     - |farkasdi|   0 | 528 | 516 |1195 |   0 | 25 |  19 |   0 | 2.225372e+00 | 2.354962e+00 |   5.82%| unknown
o 3.0s|     1 |     0 |  2888 |     - |feaspump|   0 | 528 | 516 |1195 | 220 | 25 |  19 |   0 | 2.225372e+00 | 2.341374e+00 |   5.21%| unknown
 time | node  | left  |LP iter|LP it/n|mem/heur|mdpt |vars |cons |rows |cuts |sepa|confs|strbr|  dualbound   | primalbound  |  gap   | compl. 
d 3.0s|     1 |     0 |  3085 |     - |conflict|   0 | 528 | 516 |1195 |   0 | 25 |  19 |   0 | 2.225372e+00 | 2.321197e+00 |   4.31%| unknown
  3.0s|     1 |     0 |  3085 |     - |    21M |   0 | 528 | 516 |1195 | 220 | 25 |  19 |   0 | 2.225372e+00 | 2.321197e+00 |   4.31%| unknown
  3.0s|     1 |     0 |  3085 |     - |    21M |   0 | 528 | 517 |1192 | 220 | 25 |  20 |   0 | 2.225372e+00 | 2.321197e+00 |   4.31%| unknown
  3.0s|     1 |     0 |  3085 |     - |    21M |   0 | 528 | 517 |1189 | 220 | 26 |  20 |   0 | 2.225372e+00 | 2.321197e+00 |   4.31%| unknown
  3.0s|     1 |     0 |  3085 |     - |    21M |   0 | 528 | 514 |1192 | 220 | 27 |  20 |   0 | 2.225372e+00 | 2.321197e+00 |   4.31%| unknown
  3.0s|     1 |     0 |  3091 |     - |    21M |   0 | 528 | 514 |1192 | 221 | 28 |  20 |   0 | 2.225408e+00 | 2.321197e+00 |   4.30%| unknown
  3.0s|     1 |     0 |  3224 |     - |    21M |   0 | 528 | 457 |1192 | 221 | 29 |  26 |   9 | 2.262226e+00 | 2.321197e+00 |   2.61%| unknown
  3.0s|     1 |     0 |  3224 |     - |    21M |   0 | 528 | 458 |1073 | 221 | 29 |  27 |   9 | 2.262226e+00 | 2.321197e+00 |   2.61%| unknown
  3.0s|     1 |     0 |  3256 |     - |    21M |   0 | 528 | 457 |1079 | 227 | 30 |  27 |   9 | 2.262226e+00 | 2.321197e+00 |   2.61%| unknown
  3.0s|     1 |     0 |  3258 |     - |    21M |   0 | 528 | 458 |1080 | 228 | 31 |  28 |   9 | 2.262226e+00 | 2.321197e+00 |   2.61%| unknown
  3.0s|     1 |     0 |  3258 |     - |    21M |   0 | 528 | 459 |1081 | 228 | 31 |  29 |   9 | 2.262226e+00 | 2.321197e+00 |   2.61%| unknown
(run 1, node 1) restarting after 71 global fixings of integer variables

(restart) converted 170 cuts from the global cut pool into linear constraints

presolving:
(round 1, fast)       152 del vars, 113 del conss, 0 add conss, 0 chg bounds, 0 chg sides, 97 chg coeffs, 0 upgd conss, 0 impls, 699 clqs
(round 2, exhaustive) 152 del vars, 114 del conss, 0 add conss, 0 chg bounds, 0 chg sides, 97 chg coeffs, 0 upgd conss, 0 impls, 699 clqs
(round 3, exhaustive) 152 del vars, 114 del conss, 0 add conss, 0 chg bounds, 0 chg sides, 97 chg coeffs, 142 upgd conss, 0 impls, 699 clqs
presolving (4 rounds: 4 fast, 3 medium, 3 exhaustive):
 152 deleted vars, 114 deleted constraints, 0 added constraints, 0 tightened bounds, 0 added holes, 0 changed sides, 97 changed coefficients
 0 implications, 700 cliques
presolved problem has 376 variables (376 bin, 0 int, 0 impl, 0 cont) and 515 constraints
     66 constraints of type <knapsack>
     55 constraints of type <setppc>
    349 constraints of type <and>
      3 constraints of type <linear>
     42 constraints of type <logicor>
Presolving Time: 0.00
transformed 5/12 original solutions to the transformed problem space

 time | node  | left  |LP iter|LP it/n|mem/heur|mdpt |vars |cons |rows |cuts |sepa|confs|strbr|  dualbound   | primalbound  |  gap   | compl. 
  3.0s|     1 |     0 |  4267 |     - |    21M |   0 | 376 | 515 | 843 |   0 |  0 |  29 |   9 | 2.262226e+00 | 2.321197e+00 |   2.61%| unknown
  3.0s|     1 |     0 |  4267 |     - |    21M |   0 | 376 | 516 | 843 |   0 |  0 |  30 |   9 | 2.262226e+00 | 2.321197e+00 |   2.61%| unknown
  3.0s|     1 |     0 |  4303 |     - |    21M |   0 | 376 | 516 | 853 |  10 |  1 |  30 |   9 | 2.269392e+00 | 2.321197e+00 |   2.28%| unknown
  4.0s|     1 |     0 |  4315 |     - |    21M |   0 | 376 | 519 | 854 |  11 |  2 |  33 |   9 | 2.270562e+00 | 2.321197e+00 |   2.23%| unknown
  4.0s|     1 |     0 |  4354 |     - |    21M |   0 | 376 | 519 | 858 |  15 |  3 |  34 |   9 | 2.275444e+00 | 2.321197e+00 |   2.01%| unknown
  4.0s|     1 |     0 |  4402 |     - |    21M |   0 | 376 | 519 | 860 |  17 |  4 |  34 |   9 | 2.280018e+00 | 2.321197e+00 |   1.81%| unknown
  4.0s|     1 |     0 |  4430 |     - |    22M |   0 | 376 | 519 | 866 |  23 |  5 |  34 |   9 | 2.281006e+00 | 2.321197e+00 |   1.76%| unknown
  4.0s|     1 |     0 |  4476 |     - |    22M |   0 | 376 | 522 | 869 |  26 |  6 |  37 |   9 | 2.283893e+00 | 2.321197e+00 |   1.63%| unknown
  4.0s|     1 |     0 |  4476 |     - |    22M |   0 | 376 | 523 | 868 |  26 |  6 |  38 |   9 | 2.283893e+00 | 2.321197e+00 |   1.63%| unknown
  4.0s|     1 |     0 |  4505 |     - |    24M |   0 | 376 | 523 | 871 |  29 |  7 |  38 |   9 | 2.284687e+00 | 2.321197e+00 |   1.60%| unknown
  4.0s|     1 |     0 |  4505 |     - |    24M |   0 | 376 | 525 | 870 |  29 |  7 |  40 |   9 | 2.284687e+00 | 2.321197e+00 |   1.60%| unknown
  5.0s|     1 |     0 |  4528 |     - |    24M |   0 | 376 | 525 | 873 |  32 |  8 |  40 |   9 | 2.285238e+00 | 2.321197e+00 |   1.57%| unknown
  5.0s|     1 |     0 |  4528 |     - |    24M |   0 | 376 | 525 | 872 |  32 |  8 |  40 |   9 | 2.285238e+00 | 2.321197e+00 |   1.57%| unknown
  5.0s|     1 |     0 |  4561 |     - |    25M |   0 | 376 | 525 | 873 |  33 |  9 |  40 |   9 | 2.286238e+00 | 2.321197e+00 |   1.53%| unknown
  5.0s|     1 |     0 |  4601 |     - |    26M |   0 | 376 | 525 | 875 |  35 | 10 |  40 |   9 | 2.287216e+00 | 2.321197e+00 |   1.49%| unknown
 time | node  | left  |LP iter|LP it/n|mem/heur|mdpt |vars |cons |rows |cuts |sepa|confs|strbr|  dualbound   | primalbound  |  gap   | compl. 
  5.0s|     1 |     0 |  4615 |     - |    26M |   0 | 376 | 526 | 878 |  38 | 11 |  41 |   9 | 2.287927e+00 | 2.321197e+00 |   1.45%| unknown
  5.0s|     1 |     0 |  4658 |     - |    26M |   0 | 376 | 528 | 880 |  40 | 12 |  43 |   9 | 2.289157e+00 | 2.321197e+00 |   1.40%| unknown
  5.0s|     1 |     0 |  4693 |     - |    26M |   0 | 376 | 530 | 846 |  42 | 13 |  45 |   9 | 2.290152e+00 | 2.321197e+00 |   1.36%| unknown
  5.0s|     1 |     0 |  4735 |     - |    27M |   0 | 376 | 531 | 850 |  46 | 14 |  46 |   9 | 2.290465e+00 | 2.321197e+00 |   1.34%| unknown
  6.0s|     1 |     0 |  4769 |     - |    29M |   0 | 376 | 532 | 852 |  48 | 15 |  47 |   9 | 2.290849e+00 | 2.321197e+00 |   1.32%| unknown
  6.0s|     1 |     0 |  4781 |     - |    29M |   0 | 376 | 535 | 853 |  49 | 16 |  50 |   9 | 2.290904e+00 | 2.321197e+00 |   1.32%| unknown
  6.0s|     1 |     0 |  4810 |     - |    30M |   0 | 376 | 541 | 854 |  50 | 17 |  56 |   9 | 2.291054e+00 | 2.321197e+00 |   1.32%| unknown
  6.0s|     1 |     0 |  4862 |     - |    30M |   0 | 376 | 541 | 857 |  53 | 18 |  56 |   9 | 2.291831e+00 | 2.321197e+00 |   1.28%| unknown
  6.0s|     1 |     0 |  4879 |     - |    31M |   0 | 376 | 541 | 851 |  57 | 19 |  56 |   9 | 2.292018e+00 | 2.321197e+00 |   1.27%| unknown
  6.0s|     1 |     0 |  4908 |     - |    32M |   0 | 376 | 541 | 853 |  59 | 20 |  56 |   9 | 2.292244e+00 | 2.321197e+00 |   1.26%| unknown
  6.0s|     1 |     0 |  4921 |     - |    32M |   0 | 376 | 546 | 855 |  61 | 21 |  61 |   9 | 2.292323e+00 | 2.321197e+00 |   1.26%| unknown
  6.0s|     1 |     0 |  4945 |     - |    32M |   0 | 376 | 546 | 856 |  62 | 22 |  61 |   9 | 2.292477e+00 | 2.321197e+00 |   1.25%| unknown
  6.0s|     1 |     0 |  4968 |     - |    32M |   0 | 376 | 551 | 858 |  64 | 23 |  66 |   9 | 2.292586e+00 | 2.321197e+00 |   1.25%| unknown
  6.0s|     1 |     0 |  4974 |     - |    32M |   0 | 376 | 553 | 859 |  65 | 24 |  68 |   9 | 2.292597e+00 | 2.321197e+00 |   1.25%| unknown
  6.0s|     1 |     0 |  4977 |     - |    32M |   0 | 376 | 553 | 842 |  66 | 25 |  68 |   9 | 2.292603e+00 | 2.321197e+00 |   1.25%| unknown
 time | node  | left  |LP iter|LP it/n|mem/heur|mdpt |vars |cons |rows |cuts |sepa|confs|strbr|  dualbound   | primalbound  |  gap   | compl. 
  6.0s|     1 |     0 |  4982 |     - |    32M |   0 | 376 | 557 | 843 |  67 | 26 |  72 |   9 | 2.292606e+00 | 2.321197e+00 |   1.25%| unknown
  6.0s|     1 |     0 |  4989 |     - |    32M |   0 | 376 | 558 | 844 |  68 | 27 |  73 |   9 | 2.292621e+00 | 2.321197e+00 |   1.25%| unknown
  6.0s|     1 |     0 |  4994 |     - |    32M |   0 | 376 | 558 | 845 |  69 | 28 |  73 |   9 | 2.292646e+00 | 2.321197e+00 |   1.25%| unknown
  6.0s|     1 |     0 |  5007 |     - |    32M |   0 | 376 | 558 | 846 |  70 | 29 |  73 |   9 | 2.292680e+00 | 2.321197e+00 |   1.24%| unknown
  6.0s|     1 |     0 |  5009 |     - |    32M |   0 | 376 | 559 | 849 |  73 | 30 |  74 |   9 | 2.292681e+00 | 2.321197e+00 |   1.24%| unknown
  6.0s|     1 |     0 |  5009 |     - |    32M |   0 | 376 | 560 | 852 |  73 | 30 |  75 |   9 | 2.292681e+00 | 2.321197e+00 |   1.24%| unknown
  6.0s|     1 |     0 |  5010 |     - |    32M |   0 | 376 | 560 | 843 |  74 | 31 |  75 |   9 | 2.292681e+00 | 2.321197e+00 |   1.24%| unknown
  6.0s|     1 |     0 |  5026 |     - |    32M |   0 | 376 | 561 | 844 |  75 | 32 |  76 |   9 | 2.292698e+00 | 2.321197e+00 |   1.24%| unknown
  6.0s|     1 |     0 |  5030 |     - |    32M |   0 | 376 | 563 | 845 |  76 | 33 |  78 |   9 | 2.292699e+00 | 2.321197e+00 |   1.24%| unknown
  6.0s|     1 |     0 |  5041 |     - |    32M |   0 | 376 | 565 | 846 |  77 | 34 |  80 |   9 | 2.292722e+00 | 2.321197e+00 |   1.24%| unknown
d 6.0s|     1 |     0 |  5319 |     - |conflict|   0 | 376 | 571 | 846 |   0 | 36 |  86 |   9 | 2.292722e+00 | 2.301284e+00 |   0.37%| unknown
  6.0s|     1 |     0 |  5319 |     - |    32M |   0 | 376 | 571 | 846 |  77 | 36 |  86 |   9 | 2.292722e+00 | 2.301284e+00 |   0.37%| unknown
  6.0s|     1 |     0 |  5319 |     - |    32M |   0 | 376 | 572 | 835 |  77 | 36 |  87 |   9 | 2.292722e+00 | 2.301284e+00 |   0.37%| unknown
  6.0s|     1 |     0 |  5332 |     - |    32M |   0 | 376 | 572 | 836 |  78 | 37 |  87 |   9 | 2.292738e+00 | 2.301284e+00 |   0.37%| unknown
  6.0s|     1 |     0 |  5341 |     - |    32M |   0 | 376 | 572 | 837 |  79 | 38 |  87 |   9 | 2.292739e+00 | 2.301284e+00 |   0.37%| unknown
 time | node  | left  |LP iter|LP it/n|mem/heur|mdpt |vars |cons |rows |cuts |sepa|confs|strbr|  dualbound   | primalbound  |  gap   | compl. 
  6.0s|     1 |     0 |  5341 |     - |    32M |   0 | 376 | 572 | 848 |  79 | 38 |  88 |   9 | 2.292739e+00 | 2.301284e+00 |   0.37%| unknown
  6.0s|     1 |     0 |  5513 |     - |    32M |   0 | 376 | 540 | 848 |  79 | 40 |  93 |  12 | 2.301284e+00 | 2.301284e+00 |   0.00%| unknown
  6.0s|     1 |     0 |  5513 |     - |    32M |   0 | 376 | 540 | 848 |  79 | 40 |  93 |  12 | 2.301284e+00 | 2.301284e+00 |   0.00%| unknown

SCIP Status        : problem is solved [optimal solution found]
Solving Time (sec) : 6.00
Solving Nodes      : 1 (total of 2 nodes in 2 runs)
Primal Bound       : +2.30128430690946e+00 (22 solutions)
Dual Bound         : +2.30128430690946e+00
Gap                : 0.00 %

primal solution (original space):
=================================

objective value:                     2.30128430690947
y(1,1)                                              1 	(obj:0.0251021872431123)
y(1,2)                                              1 	(obj:-0.00271806915200068)
y(1,3)                                              1 	(obj:-0.00178304030221292)
y(1,4)                                              1 	(obj:-0.00220415700635524)
y(1,5)                                              1 	(obj:-0.0176134769069205)
y(1,8)                                              1 	(obj:0.0171435359235178)
y(1,12)                                             1 	(obj:0.012349120385689)
y(1,13)                                             1 	(obj:0.0112692844617813)
y(1,14)                                             1 	(obj:0.0117253908170145)
y(1,16)                                             1 	(obj:-0.012251709540846)
y(1,17)                                             1 	(obj:-0.0110787540636527)
y(1,19)                                             1 	(obj:0.00717966088787669)
y(1,21)                                             1 	(obj:0.00113938662842563)
y(1,22)                                             1 	(obj:-0.0113753018472212)
y(1,23)                                             1 	(obj:0.00971935262937299)
y(1,24)                                             1 	(obj:0.0193077716597288)
y(1,27)                                             1 	(obj:0.0116242252963885)
y(1,28)                                             1 	(obj:-0.0109321289329027)
y(1,29)                                             1 	(obj:0.00597531666903376)
y(1,30)                                             1 	(obj:0.00990721529148678)
y(1,31)                                             1 	(obj:0.0126019562461522)
y(1,32)                                             1 	(obj:0.00744133911950888)
y(2,1)                                              1 	(obj:-0.00271806915200068)
y(2,2)                                              1 	(obj:0.0224464815212481)
y(2,3)                                              1 	(obj:0.00973146847526479)
y(2,4)                                              1 	(obj:0.0065966136337304)
y(2,5)                                              1 	(obj:0.0126705856719216)
y(2,8)                                              1 	(obj:-0.000243192376470076)
y(2,12)                                             1 	(obj:0.00270950682349916)
y(2,13)                                             1 	(obj:0.00402449114817756)
y(2,14)                                             1 	(obj:0.00396659582617505)
y(2,16)                                             1 	(obj:0.0111141364795488)
y(2,17)                                             1 	(obj:0.00350814650586898)
y(2,19)                                             1 	(obj:0.00996247989958561)
y(2,21)                                             1 	(obj:0.00357465579287575)
y(2,22)                                             1 	(obj:0.0121002928779424)
y(2,23)                                             1 	(obj:0.00422799418069497)
y(2,24)                                             1 	(obj:-0.00263488263302169)
y(2,27)                                             1 	(obj:0.000584299365102457)
y(2,28)                                             1 	(obj:0.00495126463608863)
y(2,29)                                             1 	(obj:0.00704299195807776)
y(2,30)                                             1 	(obj:0.00135330880089096)
y(2,31)                                             1 	(obj:0.00860172907471333)
y(2,32)                                             1 	(obj:0.00136826814971667)
y(3,1)                                              1 	(obj:-0.00178304030221292)
y(3,2)                                              1 	(obj:0.00973146847526479)
y(3,3)                                              1 	(obj:0.0167281418877092)
y(3,4)                                              1 	(obj:0.0126915760865756)
y(3,5)                                              1 	(obj:0.0203356461297607)
y(3,8)                                              1 	(obj:0.000276999391960854)
y(3,12)                                             1 	(obj:-0.00160955225695365)
y(3,13)                                             1 	(obj:0.00100045801105735)
y(3,14)                                             1 	(obj:0.00317198710023316)
y(3,16)                                             1 	(obj:0.0144339418200213)
y(3,17)                                             1 	(obj:0.00979173203543894)
y(3,19)                                             1 	(obj:0.0103734309730993)
y(3,21)                                             1 	(obj:0.00227507219669755)
y(3,22)                                             1 	(obj:0.0153821915218707)
y(3,23)                                             1 	(obj:-0.00297862094183692)
y(3,24)                                             1 	(obj:-0.00475342848873064)
y(3,27)                                             1 	(obj:-0.00337105303365788)
y(3,28)                                             1 	(obj:0.00860397956640926)
y(3,29)                                             1 	(obj:-0.000917458126934152)
y(3,30)                                             1 	(obj:-0.000522574496123595)
y(3,31)                                             1 	(obj:0.00755558055641826)
y(3,32)                                             1 	(obj:-0.00373488987906691)
y(4,1)                                              1 	(obj:-0.00220415700635524)
y(4,2)                                              1 	(obj:0.0065966136337304)
y(4,3)                                              1 	(obj:0.0126915760865756)
y(4,4)                                              1 	(obj:0.0221651433366222)
y(4,5)                                              1 	(obj:0.0208450646641672)
y(4,8)                                              1 	(obj:0.00440738269420493)
y(4,12)                                             1 	(obj:0.00435535170631926)
y(4,13)                                             1 	(obj:0.00373364333683929)
y(4,14)                                             1 	(obj:0.00458917480153481)
y(4,16)                                             1 	(obj:0.0190563060671326)
y(4,17)                                             1 	(obj:0.0078975833439582)
y(4,19)                                             1 	(obj:0.0104394210085839)
y(4,21)                                             1 	(obj:0.00299283839954491)
y(4,22)                                             1 	(obj:0.0126268002500722)
y(4,23)                                             1 	(obj:0.00464077020813182)
y(4,24)                                             1 	(obj:0.000891915186606661)
y(4,27)                                             1 	(obj:0.00382073679512539)
y(4,28)                                             1 	(obj:0.00640223213720746)
y(4,29)                                             1 	(obj:-0.00123459190273383)
y(4,30)                                             1 	(obj:0.00309545879437415)
y(4,31)                                             1 	(obj:0.0101143501712729)
y(4,32)                                             1 	(obj:-0.00360702835699377)
y(5,1)                                              1 	(obj:-0.0176134769069205)
y(5,2)                                              1 	(obj:0.0126705856719216)
y(5,3)                                              1 	(obj:0.0203356461297607)
y(5,4)                                              1 	(obj:0.0208450646641672)
y(5,5)                                              1 	(obj:0.045438011409578)
y(5,8)                                              1 	(obj:-0.00822725269968352)
y(5,12)                                             1 	(obj:-0.00831814272143222)
y(5,13)                                             1 	(obj:-0.00489917676299024)
y(5,14)                                             1 	(obj:0.00170657074361343)
y(5,16)                                             1 	(obj:0.0304857753322722)
y(5,17)                                             1 	(obj:0.0265736512436914)
y(5,19)                                             1 	(obj:0.00918876889117471)
y(5,21)                                             1 	(obj:0.00269087262058542)
y(5,22)                                             1 	(obj:0.0323135276210239)
y(5,23)                                             1 	(obj:-0.00818540263636397)
y(5,24)                                             1 	(obj:-0.0149375750587461)
y(5,27)                                             1 	(obj:-0.00108763096765742)
y(5,28)                                             1 	(obj:0.0246201988880449)
y(5,29)                                             1 	(obj:-0.00414087553626656)
y(5,30)                                             1 	(obj:-0.00755608530604809)
y(5,31)                                             1 	(obj:0.00113172606818017)
y(5,32)                                             1 	(obj:-0.00791676322514486)
y(8,1)                                              1 	(obj:0.0171435359235178)
y(8,2)                                              1 	(obj:-0.000243192376470076)
y(8,3)                                              1 	(obj:0.000276999391960854)
y(8,4)                                              1 	(obj:0.00440738269420493)
y(8,5)                                              1 	(obj:-0.00822725269968352)
y(8,8)                                              1 	(obj:0.0167052145249984)
y(8,12)                                             1 	(obj:0.0126716101481435)
y(8,13)                                             1 	(obj:0.00959547244872102)
y(8,14)                                             1 	(obj:0.0113815141798968)
y(8,16)                                             1 	(obj:-0.00435011757195852)
y(8,17)                                             1 	(obj:-0.00621923923929256)
y(8,19)                                             1 	(obj:0.00500408394684028)
y(8,21)                                             1 	(obj:0.00231601963302098)
y(8,22)                                             1 	(obj:-0.0042297370761642)
y(8,23)                                             1 	(obj:0.0106747662354149)
y(8,24)                                             1 	(obj:0.0188021894816384)
y(8,27)                                             1 	(obj:0.0119628652988483)
y(8,28)                                             1 	(obj:-0.00424276077591807)
y(8,29)                                             1 	(obj:0.00337786365620664)
y(8,30)                                             1 	(obj:0.00957061003949018)
y(8,31)                                             1 	(obj:0.0111654605016488)
y(8,32)                                             1 	(obj:0.00554158929691067)
y(12,1)                                             1 	(obj:0.012349120385689)
y(12,2)                                             1 	(obj:0.00270950682349916)
y(12,3)                                             1 	(obj:-0.00160955225695365)
y(12,4)                                             1 	(obj:0.00435535170631926)
y(12,5)                                             1 	(obj:-0.00831814272143222)
y(12,8)                                             1 	(obj:0.0126716101481435)
y(12,12)                                            1 	(obj:0.0141036609901249)
y(12,13)                                            1 	(obj:0.0104172023385841)
y(12,14)                                            1 	(obj:0.0095500808112877)
y(12,16)                                            1 	(obj:-0.00319113259607071)
y(12,17)                                            1 	(obj:-0.00864062947315727)
y(12,19)                                            1 	(obj:0.00331219220133234)
y(12,21)                                            1 	(obj:0.00247984990727963)
y(12,22)                                            1 	(obj:-0.00601899823098593)
y(12,23)                                            1 	(obj:0.0130304315948874)
y(12,24)                                            1 	(obj:0.0140302326880109)
y(12,27)                                            1 	(obj:0.00901447430159469)
y(12,28)                                            1 	(obj:-0.00661979770644596)
y(12,29)                                            1 	(obj:0.00592355489410167)
y(12,30)                                            1 	(obj:0.00936448639778465)
y(12,31)                                            1 	(obj:0.00885668325743646)
y(12,32)                                            1 	(obj:0.00601623530262464)
y(13,1)                                             1 	(obj:0.0112692844617813)
y(13,2)                                             1 	(obj:0.00402449114817756)
y(13,3)                                             1 	(obj:0.00100045801105735)
y(13,4)                                             1 	(obj:0.00373364333683929)
y(13,5)                                             1 	(obj:-0.00489917676299024)
y(13,8)                                             1 	(obj:0.00959547244872102)
y(13,12)                                            1 	(obj:0.0104172023385841)
y(13,13)                                            1 	(obj:0.0197927335029855)
y(13,14)                                            1 	(obj:0.00870581943039142)
y(13,16)                                            1 	(obj:0.000972513760006229)
y(13,17)                                            1 	(obj:-0.00527281680616483)
y(13,19)                                            1 	(obj:0.0090294216683235)
y(13,21)                                            1 	(obj:0.00531097821799494)
y(13,22)                                            1 	(obj:-0.00127232382971505)
y(13,23)                                            1 	(obj:0.00899592101264924)
y(13,24)                                            1 	(obj:0.0109480741110802)
y(13,27)                                            1 	(obj:0.00769033956092322)
y(13,28)                                            1 	(obj:-0.00440143091187621)
y(13,29)                                            1 	(obj:0.00436444659396458)
y(13,30)                                            1 	(obj:0.00639374965232469)
y(13,31)                                            1 	(obj:0.0101479215022763)
y(13,32)                                            1 	(obj:0.0064343790812235)
y(14,1)                                             1 	(obj:0.0117253908170145)
y(14,2)                                             1 	(obj:0.00396659582617505)
y(14,3)                                             1 	(obj:0.00317198710023316)
y(14,4)                                             1 	(obj:0.00458917480153481)
y(14,5)                                             1 	(obj:0.00170657074361343)
y(14,8)                                             1 	(obj:0.0113815141798968)
y(14,12)                                            1 	(obj:0.0095500808112877)
y(14,13)                                            1 	(obj:0.00870581943039142)
y(14,14)                                            1 	(obj:0.0178386338085292)
y(14,16)                                            1 	(obj:-0.00285186955567489)
y(14,17)                                            1 	(obj:0.00109532668321703)
y(14,19)                                            1 	(obj:0.00832239233565372)
y(14,21)                                            1 	(obj:0.00124919200482471)
y(14,22)                                            1 	(obj:0.00202672391217222)
y(14,23)                                            1 	(obj:0.00939748929242622)
y(14,24)                                            1 	(obj:0.0141460618263229)
y(14,27)                                            1 	(obj:0.0139183277583747)
y(14,28)                                            1 	(obj:-0.00100598812729329)
y(14,29)                                            1 	(obj:0.00343611981064238)
y(14,30)                                            1 	(obj:0.00624705502779629)
y(14,31)                                            1 	(obj:0.0116569565187449)
y(14,32)                                            1 	(obj:0.0069045878897536)
y(16,1)                                             1 	(obj:-0.012251709540846)
y(16,2)                                             1 	(obj:0.0111141364795488)
y(16,3)                                             1 	(obj:0.0144339418200213)
y(16,4)                                             1 	(obj:0.0190563060671326)
y(16,5)                                             1 	(obj:0.0304857753322722)
y(16,8)                                             1 	(obj:-0.00435011757195852)
y(16,12)                                            1 	(obj:-0.00319113259607071)
y(16,13)                                            1 	(obj:0.000972513760006229)
y(16,14)                                            1 	(obj:-0.00285186955567489)
y(16,16)                                            1 	(obj:0.0316528477179488)
y(16,17)                                            1 	(obj:0.0159862561178994)
y(16,19)                                            1 	(obj:0.00576303026064009)
y(16,21)                                            1 	(obj:0.00294711937382598)
y(16,22)                                            1 	(obj:0.0203898779560204)
y(16,23)                                            1 	(obj:-0.000231507976014521)
y(16,24)                                            1 	(obj:-0.0100085591207579)
y(16,27)                                            1 	(obj:-0.00409044820743034)
y(16,28)                                            1 	(obj:0.0122827882392666)
y(16,29)                                            1 	(obj:-0.000600540092739642)
y(16,30)                                            1 	(obj:-0.00316537236688007)
y(16,31)                                            1 	(obj:0.00465814210288107)
y(16,32)                                            1 	(obj:-0.00608870932744775)
y(17,1)                                             1 	(obj:-0.0110787540636527)
y(17,2)                                             1 	(obj:0.00350814650586898)
y(17,3)                                             1 	(obj:0.00979173203543894)
y(17,4)                                             1 	(obj:0.0078975833439582)
y(17,5)                                             1 	(obj:0.0265736512436914)
y(17,8)                                             1 	(obj:-0.00621923923929256)
y(17,12)                                            1 	(obj:-0.00864062947315727)
y(17,13)                                            1 	(obj:-0.00527281680616483)
y(17,14)                                            1 	(obj:0.00109532668321703)
y(17,16)                                            1 	(obj:0.0159862561178994)
y(17,17)                                            1 	(obj:0.0235495608613712)
y(17,19)                                            1 	(obj:0.00363499059625889)
y(17,21)                                            1 	(obj:0.000123498068478475)
y(17,22)                                            1 	(obj:0.0221228524672408)
y(17,23)                                            1 	(obj:-0.00835695163982592)
y(17,24)                                            1 	(obj:-0.011211551471439)
y(17,27)                                            1 	(obj:0.000701771768064306)
y(17,28)                                            1 	(obj:0.0176290727039258)
y(17,29)                                            1 	(obj:-0.00230012128082333)
y(17,30)                                            1 	(obj:-0.00756264289007675)
y(17,31)                                            1 	(obj:-0.00276439913463591)
y(17,32)                                            1 	(obj:-0.00501371901042467)
y(19,1)                                             1 	(obj:0.00717966088787669)
y(19,2)                                             1 	(obj:0.00996247989958561)
y(19,3)                                             1 	(obj:0.0103734309730993)
y(19,4)                                             1 	(obj:0.0104394210085839)
y(19,5)                                             1 	(obj:0.00918876889117471)
y(19,8)                                             1 	(obj:0.00500408394684028)
y(19,12)                                            1 	(obj:0.00331219220133234)
y(19,13)                                            1 	(obj:0.0090294216683235)
y(19,14)                                            1 	(obj:0.00832239233565372)
y(19,16)                                            1 	(obj:0.00576303026064009)
y(19,17)                                            1 	(obj:0.00363499059625889)
y(19,19)                                            1 	(obj:0.0190467826544189)
y(19,21)                                            1 	(obj:0.00111986344869807)
y(19,22)                                            1 	(obj:0.00813170882638412)
y(19,23)                                            1 	(obj:0.00215350067928114)
y(19,24)                                            1 	(obj:0.00589748972836253)
y(19,27)                                            1 	(obj:0.00895667251182617)
y(19,28)                                            1 	(obj:0.0029326525012745)
y(19,29)                                            1 	(obj:0.00122586926609204)
y(19,30)                                            1 	(obj:0.00221962406428278)
y(19,31)                                            1 	(obj:0.0116529909890479)
y(19,32)                                            1 	(obj:0.00158212849097199)
y(21,1)                                             1 	(obj:0.00113938662842563)
y(21,2)                                             1 	(obj:0.00357465579287575)
y(21,3)                                             1 	(obj:0.00227507219669755)
y(21,4)                                             1 	(obj:0.00299283839954491)
y(21,5)                                             1 	(obj:0.00269087262058542)
y(21,8)                                             1 	(obj:0.00231601963302098)
y(21,12)                                            1 	(obj:0.00247984990727963)
y(21,13)                                            1 	(obj:0.00531097821799494)
y(21,14)                                            1 	(obj:0.00124919200482471)
y(21,16)                                            1 	(obj:0.00294711937382598)
y(21,17)                                            1 	(obj:0.000123498068478475)
y(21,19)                                            1 	(obj:0.00111986344869807)
y(21,21)                                            1 	(obj:0.00853049806114979)
y(21,22)                                            1 	(obj:0.00220173481568449)
y(21,23)                                            1 	(obj:0.00535070888579395)
y(21,24)                                            1 	(obj:-0.000469843055896913)
y(21,27)                                            1 	(obj:-0.00219617200508844)
y(21,28)                                            1 	(obj:-0.000206675727231161)
y(21,29)                                            1 	(obj:0.00280831510690434)
y(21,30)                                            1 	(obj:0.00126222095266174)
y(21,31)                                            1 	(obj:0.00574708051356972)
y(21,32)                                            1 	(obj:-0.00045728611946312)
y(22,1)                                             1 	(obj:-0.0113753018472212)
y(22,2)                                             1 	(obj:0.0121002928779424)
y(22,3)                                             1 	(obj:0.0153821915218707)
y(22,4)                                             1 	(obj:0.0126268002500722)
y(22,5)                                             1 	(obj:0.0323135276210239)
y(22,8)                                             1 	(obj:-0.0042297370761642)
y(22,12)                                            1 	(obj:-0.00601899823098593)
y(22,13)                                            1 	(obj:-0.00127232382971505)
y(22,14)                                            1 	(obj:0.00202672391217222)
y(22,16)                                            1 	(obj:0.0203898779560204)
y(22,17)                                            1 	(obj:0.0221228524672408)
y(22,19)                                            1 	(obj:0.00813170882638412)
y(22,21)                                            1 	(obj:0.00220173481568449)
y(22,22)                                            1 	(obj:0.0304574656970256)
y(22,23)                                            1 	(obj:-0.00857734830719959)
y(22,24)                                            1 	(obj:-0.0103397909778502)
y(22,27)                                            1 	(obj:0.000906770941363125)
y(22,28)                                            1 	(obj:0.0196580077763766)
y(22,29)                                            1 	(obj:-0.00227152296664172)
y(22,30)                                            1 	(obj:-0.00730831471936466)
y(22,31)                                            1 	(obj:0.000126643370691176)
y(22,32)                                            1 	(obj:-0.00560751529300396)
y(23,1)                                             1 	(obj:0.00971935262937299)
y(23,2)                                             1 	(obj:0.00422799418069497)
y(23,3)                                             1 	(obj:-0.00297862094183692)
y(23,4)                                             1 	(obj:0.00464077020813182)
y(23,5)                                             1 	(obj:-0.00818540263636397)
y(23,8)                                             1 	(obj:0.0106747662354149)
y(23,12)                                            1 	(obj:0.0130304315948874)
y(23,13)                                            1 	(obj:0.00899592101264924)
y(23,14)                                            1 	(obj:0.00939748929242622)
y(23,16)                                            1 	(obj:-0.000231507976014521)
y(23,17)                                            1 	(obj:-0.00835695163982592)
y(23,19)                                            1 	(obj:0.00215350067928114)
y(23,21)                                            1 	(obj:0.00535070888579395)
y(23,22)                                            1 	(obj:-0.00857734830719959)
y(23,23)                                            1 	(obj:0.0205868993875426)
y(23,24)                                            1 	(obj:0.0132704772996549)
y(23,27)                                            1 	(obj:0.0057546421167271)
y(23,28)                                            1 	(obj:-0.0123271665404978)
y(23,29)                                            1 	(obj:0.00553910352543936)
y(23,30)                                            1 	(obj:0.00885052344748188)
y(23,31)                                            1 	(obj:0.0135621385966866)
y(23,32)                                            1 	(obj:0.00545159405650606)
y(24,1)                                             1 	(obj:0.0193077716597288)
y(24,2)                                             1 	(obj:-0.00263488263302169)
y(24,3)                                             1 	(obj:-0.00475342848873064)
y(24,4)                                             1 	(obj:0.000891915186606661)
y(24,5)                                             1 	(obj:-0.0149375750587461)
y(24,8)                                             1 	(obj:0.0188021894816384)
y(24,12)                                            1 	(obj:0.0140302326880109)
y(24,13)                                            1 	(obj:0.0109480741110802)
y(24,14)                                            1 	(obj:0.0141460618263229)
y(24,16)                                            1 	(obj:-0.0100085591207579)
y(24,17)                                            1 	(obj:-0.011211551471439)
y(24,19)                                            1 	(obj:0.00589748972836253)
y(24,21)                                            1 	(obj:-0.000469843055896913)
y(24,22)                                            1 	(obj:-0.0103397909778502)
y(24,23)                                            1 	(obj:0.0132704772996549)
y(24,24)                                            1 	(obj:0.0292145462037749)
y(24,27)                                            1 	(obj:0.0192212652796602)
y(24,28)                                            1 	(obj:-0.00521209566093208)
y(24,29)                                            1 	(obj:6.92902888967649e-06)
y(24,30)                                            1 	(obj:0.0106390886133131)
y(24,31)                                            1 	(obj:0.0096635809987767)
y(24,32)                                            1 	(obj:0.00873734595685483)
y(27,1)                                             1 	(obj:0.0116242252963885)
y(27,2)                                             1 	(obj:0.000584299365102457)
y(27,3)                                             1 	(obj:-0.00337105303365788)
y(27,4)                                             1 	(obj:0.00382073679512539)
y(27,5)                                             1 	(obj:-0.00108763096765742)
y(27,8)                                             1 	(obj:0.0119628652988483)
y(27,12)                                            1 	(obj:0.00901447430159469)
y(27,13)                                            1 	(obj:0.00769033956092322)
y(27,14)                                            1 	(obj:0.0139183277583747)
y(27,16)                                            1 	(obj:-0.00409044820743034)
y(27,17)                                            1 	(obj:0.000701771768064306)
y(27,19)                                            1 	(obj:0.00895667251182617)
y(27,21)                                            1 	(obj:-0.00219617200508844)
y(27,22)                                            1 	(obj:0.000906770941363125)
y(27,23)                                            1 	(obj:0.0057546421167271)
y(27,24)                                            1 	(obj:0.0192212652796602)
y(27,27)                                            1 	(obj:0.0244428382498345)
y(27,28)                                            1 	(obj:0.00460422777611676)
y(27,29)                                            1 	(obj:0.00313440754073936)
y(27,30)                                            1 	(obj:0.0052646014320685)
y(27,31)                                            1 	(obj:0.00539910101533204)
y(27,32)                                            1 	(obj:0.0073427631655064)
y(28,1)                                             1 	(obj:-0.0109321289329027)
y(28,2)                                             1 	(obj:0.00495126463608863)
y(28,3)                                             1 	(obj:0.00860397956640926)
y(28,4)                                             1 	(obj:0.00640223213720746)
y(28,5)                                             1 	(obj:0.0246201988880449)
y(28,8)                                             1 	(obj:-0.00424276077591807)
y(28,12)                                            1 	(obj:-0.00661979770644596)
y(28,13)                                            1 	(obj:-0.00440143091187621)
y(28,14)                                            1 	(obj:-0.00100598812729329)
y(28,16)                                            1 	(obj:0.0122827882392666)
y(28,17)                                            1 	(obj:0.0176290727039258)
y(28,19)                                            1 	(obj:0.0029326525012745)
y(28,21)                                            1 	(obj:-0.000206675727231161)
y(28,22)                                            1 	(obj:0.0196580077763766)
y(28,23)                                            1 	(obj:-0.0123271665404978)
y(28,24)                                            1 	(obj:-0.00521209566093208)
y(28,27)                                            1 	(obj:0.00460422777611676)
y(28,28)                                            1 	(obj:0.0275978481263443)
y(28,29)                                            1 	(obj:-0.00280410733656433)
y(28,30)                                            1 	(obj:-0.00526819803988642)
y(28,31)                                            1 	(obj:-0.0107536148427656)
y(28,32)                                            1 	(obj:-0.00367875635154991)
y(29,1)                                             1 	(obj:0.00597531666903376)
y(29,2)                                             1 	(obj:0.00704299195807776)
y(29,3)                                             1 	(obj:-0.000917458126934152)
y(29,4)                                             1 	(obj:-0.00123459190273383)
y(29,5)                                             1 	(obj:-0.00414087553626656)
y(29,8)                                             1 	(obj:0.00337786365620664)
y(29,12)                                            1 	(obj:0.00592355489410167)
y(29,13)                                            1 	(obj:0.00436444659396458)
y(29,14)                                            1 	(obj:0.00343611981064238)
y(29,16)                                            1 	(obj:-0.000600540092739642)
y(29,17)                                            1 	(obj:-0.00230012128082333)
y(29,19)                                            1 	(obj:0.00122586926609204)
y(29,21)                                            1 	(obj:0.00280831510690434)
y(29,22)                                            1 	(obj:-0.00227152296664172)
y(29,23)                                            1 	(obj:0.00553910352543936)
y(29,24)                                            1 	(obj:6.92902888967649e-06)
y(29,27)                                            1 	(obj:0.00313440754073936)
y(29,28)                                            1 	(obj:-0.00280410733656433)
y(29,29)                                            1 	(obj:0.0146672076483649)
y(29,30)                                            1 	(obj:0.00391888215816276)
y(29,31)                                            1 	(obj:0.00340441422090801)
y(29,32)                                            1 	(obj:0.00339378288949072)
y(30,1)                                             1 	(obj:0.00990721529148678)
y(30,2)                                             1 	(obj:0.00135330880089096)
y(30,3)                                             1 	(obj:-0.000522574496123595)
y(30,4)                                             1 	(obj:0.00309545879437415)
y(30,5)                                             1 	(obj:-0.00755608530604809)
y(30,8)                                             1 	(obj:0.00957061003949018)
y(30,12)                                            1 	(obj:0.00936448639778465)
y(30,13)                                            1 	(obj:0.00639374965232469)
y(30,14)                                            1 	(obj:0.00624705502779629)
y(30,16)                                            1 	(obj:-0.00316537236688007)
y(30,17)                                            1 	(obj:-0.00756264289007675)
y(30,19)                                            1 	(obj:0.00221962406428278)
y(30,21)                                            1 	(obj:0.00126222095266174)
y(30,22)                                            1 	(obj:-0.00730831471936466)
y(30,23)                                            1 	(obj:0.00885052344748188)
y(30,24)                                            1 	(obj:0.0106390886133131)
y(30,27)                                            1 	(obj:0.0052646014320685)
y(30,28)                                            1 	(obj:-0.00526819803988642)
y(30,29)                                            1 	(obj:0.00391888215816276)
y(30,30)                                            1 	(obj:0.00974259157635412)
y(30,31)                                            1 	(obj:0.00817526196053717)
y(30,32)                                            1 	(obj:0.00421474522628773)
y(31,1)                                             1 	(obj:0.0126019562461522)
y(31,2)                                             1 	(obj:0.00860172907471333)
y(31,3)                                             1 	(obj:0.00755558055641826)
y(31,4)                                             1 	(obj:0.0101143501712729)
y(31,5)                                             1 	(obj:0.00113172606818017)
y(31,8)                                             1 	(obj:0.0111654605016488)
y(31,12)                                            1 	(obj:0.00885668325743646)
y(31,13)                                            1 	(obj:0.0101479215022763)
y(31,14)                                            1 	(obj:0.0116569565187449)
y(31,16)                                            1 	(obj:0.00465814210288107)
y(31,17)                                            1 	(obj:-0.00276439913463591)
y(31,19)                                            1 	(obj:0.0116529909890479)
y(31,21)                                            1 	(obj:0.00574708051356972)
y(31,22)                                            1 	(obj:0.000126643370691176)
y(31,23)                                            1 	(obj:0.0135621385966866)
y(31,24)                                            1 	(obj:0.0096635809987767)
y(31,27)                                            1 	(obj:0.00539910101533204)
y(31,28)                                            1 	(obj:-0.0107536148427656)
y(31,29)                                            1 	(obj:0.00340441422090801)
y(31,30)                                            1 	(obj:0.00817526196053717)
y(31,31)                                            1 	(obj:0.0249231554702559)
y(31,32)                                            1 	(obj:0.00458115126748705)
y(32,1)                                             1 	(obj:0.00744133911950888)
y(32,2)                                             1 	(obj:0.00136826814971667)
y(32,3)                                             1 	(obj:-0.00373488987906691)
y(32,4)                                             1 	(obj:-0.00360702835699377)
y(32,5)                                             1 	(obj:-0.00791676322514486)
y(32,8)                                             1 	(obj:0.00554158929691067)
y(32,12)                                            1 	(obj:0.00601623530262464)
y(32,13)                                            1 	(obj:0.0064343790812235)
y(32,14)                                            1 	(obj:0.0069045878897536)
y(32,16)                                            1 	(obj:-0.00608870932744775)
y(32,17)                                            1 	(obj:-0.00501371901042467)
y(32,19)                                            1 	(obj:0.00158212849097199)
y(32,21)                                            1 	(obj:-0.00045728611946312)
y(32,22)                                            1 	(obj:-0.00560751529300396)
y(32,23)                                            1 	(obj:0.00545159405650606)
y(32,24)                                            1 	(obj:0.00873734595685483)
y(32,27)                                            1 	(obj:0.0073427631655064)
y(32,28)                                            1 	(obj:-0.00367875635154991)
y(32,29)                                            1 	(obj:0.00339378288949072)
y(32,30)                                            1 	(obj:0.00421474522628773)
y(32,31)                                            1 	(obj:0.00458115126748705)
y(32,32)                                            1 	(obj:0.0070155983394005)
x(1)                                                1 	(obj:-0.00667286319447288)
x(2)                                                1 	(obj:0.000565771959715261)
x(3)                                                1 	(obj:-9.56132732858106e-05)
x(4)                                                1 	(obj:-0.00434230035302338)
x(5)                                                1 	(obj:-9.16335224440956e-05)
x(8)                                                1 	(obj:-0.0025649184939233)
x(12)                                               1 	(obj:-0.00348984795828146)
x(13)                                               1 	(obj:-0.00714774089661002)
x(14)                                               1 	(obj:-0.00212590896623755)
x(16)                                               1 	(obj:-0.0059640060439669)
x(17)                                               1 	(obj:0.00117967554409262)
x(19)                                               1 	(obj:-0.0045666940884271)
x(21)                                               1 	(obj:-0.00233757086924918)
x(22)                                               1 	(obj:0.00235010335856775)
x(23)                                               1 	(obj:-0.00274468105522858)
x(24)                                               1 	(obj:-0.00102827908751343)
x(27)                                               1 	(obj:-0.0023468359083123)
x(28)                                               1 	(obj:0.000863377525571901)
x(29)                                               1 	(obj:-0.00746616271732443)
x(30)                                               1 	(obj:-0.00517621098612854)
x(31)                                               1 	(obj:-0.00870726096131751)
x(32)                                               1 	(obj:-0.0039925222536812)

Statistics
==========

SCIP Status        : problem is solved [optimal solution found]
Total Time         :       6.00
  solving          :       6.00
  presolving       :       0.00 (included in solving)
  reading          :       0.00
  copying          :       0.00 (2 #copies) (minimal 0.00, maximal 0.00, average 0.00)
Original Problem   :
  Problem name     : C:\Users\Claubit\Documents\GitHub\embedding\src\lp\scenarioA2_N32_B0.7_classical\IPL_linearized_N32q80.00B22.lp
  Variables        : 1056 (0 binary, 1056 integer, 0 implicit integer, 0 continuous)
  Constraints      : 3073 initial, 3073 maximal
  Objective        : minimize, 1056 non-zeros (abs.min = 6.92903e-06, abs.max = 0.144499)
Presolved Problem  :
  Problem name     : t_C:\Users\Claubit\Documents\GitHub\embedding\src\lp\scenarioA2_N32_B0.7_classical\IPL_linearized_N32q80.00B22.lp
  Variables        : 376 (376 binary, 0 integer, 0 implicit integer, 0 continuous)
  Constraints      : 515 initial, 576 maximal
  Objective        : minimize, 376 non-zeros (abs.min = 6.4342e-05, abs.max = 0.110458)
  Nonzeros         : 2077 constraint, 1294 clique table
Presolvers         :   ExecTime  SetupTime  Calls  FixedVars   AggrVars   ChgTypes  ChgBounds   AddHoles    DelCons    AddCons   ChgSides   ChgCoefs
  boundshift       :       0.00       0.00      0          0          0          0          0          0          0          0          0          0
  convertinttobin  :       0.00       0.00      0          0          0          0          0          0          0          0          0          0
  domcol           :       0.00       0.00      2          0          0          0          0          0          0          0          0          0
  dualagg          :       0.00       0.00      0          0          0          0          0          0          0          0          0          0
  dualcomp         :       0.00       0.00      0          0          0          0          0          0          0          0          0          0
  dualinfer        :       0.00       0.00      0          0          0          0          0          0          0          0          0          0
  dualsparsify     :       0.00       0.00      1          0          0          0          0          0          0          0          0          0
  gateextraction   :       0.00       0.00      4          0          0          0          0          0       2976        992          0          0
  implics          :       0.00       0.00      7          0          0          0          0          0          0          0          0          0
  inttobinary      :       0.00       0.00      0          0          0          0          0          0          0          0          0          0
  milp             :       0.00       0.00      1          0          0          0          0          0          0          0          0          0
  qpkktref         :       0.00       0.00      0          0          0          0          0          0          0          0          0          0
  redvub           :       0.00       0.00      0          0          0          0          0          0          0          0          0          0
  sparsify         :       0.00       0.00      1          0          0          0          0          0          0          0          0          0
  stuffing         :       0.00       0.00      0          0          0          0          0          0          0          0          0          0
  trivial          :       0.00       0.00     10         71          0          0          0          0          0          0          0          0
  tworowbnd        :       0.00       0.00      0          0          0          0          0          0          0          0          0          0
  dualfix          :       0.00       0.00     10          0          0          0          0          0          0          0          0          0
  genvbounds       :       0.00       0.00      0          0          0          0          0          0          0          0          0          0
  probing          :       0.00       0.00      1          0          0          0          0          0          0          0          0          0
  pseudoobj        :       0.00       0.00      2          0          0          0          0          0          0          0          0          0
  symmetry         :       0.00       0.00      1          0          0          0          0          0          0          0          0          0
  vbounds          :       0.00       0.00      2          0          0          0          0          0          0          0          0          0
  knapsack         :       0.00       0.00      3          0          0          0          0          0          0          0          0          0
  setppc           :       0.00       0.00     12          0          0          0          0          0          0          0          0          0
  and              :       0.00       0.00     11          0        577          0          0          0        577          0          0         81
  linear           :       0.00       0.00     15          0         32          0          0          0        124          0         32         32
  logicor          :       0.00       0.00     10          0          0          0          0          0          5          0          0         16
  benders          :       0.00       0.00      0          0          0          0          0          0          0          0          0          0
  components       :       0.00       0.00      2          0          0          0          0          0          0          0          0          0
  root node        :          -          -      -        115          -          -        115          -          -          -          -          -
Constraints        :     Number  MaxNumber  #Separate #Propagate    #EnfoLP    #EnfoRelax  #EnfoPS    #Check   #ResProp    Cutoffs    DomReds       Cuts    Applied      Conss   Children
  benderslp        :          0          0          0          0          2          0          0         53          0          0          0          0          0          0          0
  integral         :          0          0          0          0          2          0          0         53          0          0         36          0          0          7          0
  knapsack         :         66         66         37        738          0          0          0          0         11          0          9         24          1          0          0
  setppc           :         55+        70         40        817          0          0          0         25         21          3          1          1          0          0          0
  and              :        349        349         65       1852          0          0          0         46        366         43         44        185         38          0          0
  linear           :          3+         7         65       1784          0          0          0         29         40          4          0          0          0          0          0
  logicor          :         42+        98         65        649          0          0          0          0          1          0          0          2          2          0          0
  benders          :          0          0          0          0          0          0          0         28          0          0          0          0          0          0          0
  countsols        :          0          0          0          0          0          0          0         28          0          0          0          0          0          0          0
  components       :          0          0          0          0          0          0          0          0          0          0          0          0          0          0          0
Constraint Timings :  TotalTime  SetupTime   Separate  Propagate     EnfoLP     EnfoPS     EnfoRelax   Check    ResProp    SB-Prop
  benderslp        :       0.00       0.00       0.00       0.00       0.00       0.00       0.00       0.00       0.00       0.00
  integral         :       0.00       0.00       0.00       0.00       0.00       0.00       0.00       0.00       0.00       0.00
  knapsack         :       0.00       0.00       0.00       0.00       0.00       0.00       0.00       0.00       0.00       0.00
  setppc           :       0.00       0.00       0.00       0.00       0.00       0.00       0.00       0.00       0.00       0.00
  and              :       0.00       0.00       0.00       0.00       0.00       0.00       0.00       0.00       0.00       0.00
  linear           :       0.00       0.00       0.00       0.00       0.00       0.00       0.00       0.00       0.00       0.00
  logicor          :       0.00       0.00       0.00       0.00       0.00       0.00       0.00       0.00       0.00       0.00
  benders          :       0.00       0.00       0.00       0.00       0.00       0.00       0.00       0.00       0.00       0.00
  countsols        :       0.00       0.00       0.00       0.00       0.00       0.00       0.00       0.00       0.00       0.00
  components       :       0.00       0.00       0.00       0.00       0.00       0.00       0.00       0.00       0.00       0.00
Propagators        : #Propagate   #ResProp    Cutoffs    DomReds
  dualfix          :         17          0          0          0
  genvbounds       :          0          0          0          0
  nlobbt           :          0          0          0          0
  obbt             :          0          0          0          0
  probing          :          0          0          0          0
  pseudoobj        :        110          0          0          0
  redcost          :         86          0          0         21
  rootredcost      :          0          0          0          0
  symmetry         :          0          0          0          0
  vbounds          :       1764          0          0          0
Propagator Timings :  TotalTime  SetupTime   Presolve  Propagate    ResProp    SB-Prop
  dualfix          :       0.00       0.00       0.00       0.00       0.00       0.00
  genvbounds       :       0.00       0.00       0.00       0.00       0.00       0.00
  nlobbt           :       0.00       0.00       0.00       0.00       0.00       0.00
  obbt             :       0.00       0.00       0.00       0.00       0.00       0.00
  probing          :       0.00       0.00       0.00       0.00       0.00       0.00
  pseudoobj        :       0.00       0.00       0.00       0.00       0.00       0.00
  redcost          :       0.00       0.00       0.00       0.00       0.00       0.00
  rootredcost      :       0.00       0.00       0.00       0.00       0.00       0.00
  symmetry         :       0.00       0.00       0.00       0.00       0.00       0.00
  vbounds          :       0.00       0.00       0.00       0.00       0.00       0.00
Conflict Analysis  :       Time      Calls    Success    DomReds  Conflicts   Literals    Reconvs ReconvLits   Dualrays   Nonzeros   LP Iters   (pool size: [10000,10000])
  propagation      :       0.00         46         46          -         80       10.4          0        0.0          -          -          -
  infeasible LP    :       0.00          0          0          -          0        0.0          0        0.0          0        0.0          0
  bound exceed. LP :       0.00         12          7          -          6        4.0          0        0.0          7       48.3         90
  strong branching :       0.00          0          0          -          0        0.0          0        0.0          -          -          0
  pseudo solution  :       0.00          0          0          -          0        0.0          0        0.0          -          -          -
  applied globally :       0.00          -          -          0         86        9.8          -          -          7          -          -
  applied locally  :          -          -          -          0          0        0.0          -          -          0          -          -
Separators         :   ExecTime  SetupTime      Calls    Cutoffs    DomReds       Cuts    Applied      Conss
  cut pool         :       0.00                    62          -          -       2226          -          -    (maximal pool size: 2306)
  aggregation      :       0.00       0.00         65          0          0          0          0          0
  cgmip            :       0.00       0.00          0          0          0          0          0          0
  clique           :       0.00       0.00         65          0          0          0          0          0
  closecuts        :       0.00       0.00          0          0          0          0          0          0
  cmir             :       0.00       0.00          0          0          0          0          0          0
  convexproj       :       0.00       0.00          0          0          0          0          0          0
  disjunctive      :       0.00       0.00          0          0          0          0          0          0
  eccuts           :       0.00       0.00          0          0          0          0          0          0
  flowcover        :       0.00       0.00          0          0          0          0          0          0
  gauge            :       0.00       0.00          0          0          0          0          0          0
  gomory           :       3.00       0.00         20          0          0       1021         40          0
  impliedbounds    :       0.00       0.00         65          0          2        148        112          0
  intobj           :       0.00       0.00          0          0          0          0          0          0
  mcf              :       0.00       0.00          2          0          0          0          0          0
  oddcycle         :       0.00       0.00          0          0          0          0          0          0
  rapidlearning    :       0.00       0.00          0          0          0          0          0          0
  strongcg         :       2.00       0.00         40          0          0       2270         20          0
  zerohalf         :       0.00       0.00         40          0          0        106         94          0
Pricers            :   ExecTime  SetupTime      Calls       Vars
  problem variables:       0.00          -          0          0
Branching Rules    :   ExecTime  SetupTime   BranchLP  BranchExt   BranchPS    Cutoffs    DomReds       Cuts      Conss   Children
  allfullstrong    :       0.00       0.00          0          0          0          0          0          0          0          0
  cloud            :       0.00       0.00          0          0          0          0          0          0          0          0
  distribution     :       0.00       0.00          0          0          0          0          0          0          0          0
  fullstrong       :       0.00       0.00          0          0          0          0          0          0          0          0
  inference        :       0.00       0.00          0          0          0          0          0          0          0          0
  leastinf         :       0.00       0.00          0          0          0          0          0          0          0          0
  lookahead        :       0.00       0.00          0          0          0          0          0          0          0          0
  mostinf          :       0.00       0.00          0          0          0          0          0          0          0          0
  multaggr         :       0.00       0.00          0          0          0          0          0          0          0          0
  nodereopt        :       0.00       0.00          0          0          0          0          0          0          0          0
  pscost           :       0.00       0.00          0          0          0          0          0          0          0          0
  random           :       0.00       0.00          0          0          0          0          0          0          0          0
  relpscost        :       0.00       0.00          2          0          0          0         36          0          7          0
  vanillafullstrong:       0.00       0.00          0          0          0          0          0          0          0          0
Primal Heuristics  :   ExecTime  SetupTime      Calls      Found       Best
  LP solutions     :       0.00          -          -          0          0
  relax solutions  :       0.00          -          -          0          0
  pseudo solutions :       0.00          -          -          0          0
  strong branching :       0.00          -          -          0          0
  actconsdiving    :       0.00       0.00          0          0          0
  adaptivediving   :       0.00       0.00          0          0          0
  alns             :       0.00       0.00          1          0          0
  bound            :       0.00       0.00          0          0          0
  clique           :       0.00       0.00          1          1          1
  coefdiving       :       0.00       0.00          0          0          0
  completesol      :       0.00       0.00          0          0          0
  conflictdiving   :       0.00       0.00          2          2          2
  crossover        :       0.00       0.00          0          0          0
  dins             :       0.00       0.00          0          0          0
  distributiondivin:       0.00       0.00          0          0          0
  dualval          :       0.00       0.00          0          0          0
  farkasdiving     :       0.00       0.00          2          1          1
  feaspump         :       0.00       0.00          1          1          1
  fixandinfer      :       0.00       0.00          0          0          0
  fracdiving       :       0.00       0.00          0          0          0
  gins             :       0.00       0.00          0          0          0
  guideddiving     :       0.00       0.00          0          0          0
  indicator        :       0.00       0.00          0          0          0
  intdiving        :       0.00       0.00          0          0          0
  intshifting      :       0.00       0.00          0          0          0
  linesearchdiving :       0.00       0.00          0          0          0
  localbranching   :       0.00       0.00          0          0          0
  locks            :       0.00       0.00          1          1          1
  lpface           :       0.00       0.00          0          0          0
  mpec             :       0.00       0.00          0          0          0
  multistart       :       0.00       0.00          0          0          0
  mutation         :       0.00       0.00          0          0          0
  nlpdiving        :       0.00       0.00          0          0          0
  objpscostdiving  :       0.00       0.00          0          0          0
  octane           :       0.00       0.00          0          0          0
  ofins            :       0.00       0.00          0          0          0
  oneopt           :       0.00       0.00          5          0          0
  padm             :       0.00       0.00          0          0          0
  proximity        :       0.00       0.00          0          0          0
  pscostdiving     :       0.00       0.00          0          0          0
  randrounding     :       0.00       0.00         67          1          0
  rens             :       0.00       0.00          0          0          0
  reoptsols        :       0.00       0.00          0          0          0
  repair           :       0.00       0.00          0          0          0
  rins             :       0.00       0.00          0          0          0
  rootsoldiving    :       0.00       0.00          0          0          0
  rounding         :       0.00       0.00         67          0          0
  shiftandpropagate:       0.00       0.00          0          0          0
  shifting         :       0.00       0.00         67         14          1
  simplerounding   :       0.00       0.00          0          0          0
  subnlp           :       0.00       0.00          0          0          0
  trivial          :       0.00       0.00          2          0          0
  trivialnegation  :       0.00       0.00          0          0          0
  trustregion      :       0.00       0.00          0          0          0
  trysol           :       0.00       0.00          0          0          0
  twoopt           :       0.00       0.00          0          0          0
  undercover       :       0.00       0.00          1          1          1
  vbounds          :       0.00       0.00          2          0          0
  veclendiving     :       0.00       0.00          0          0          0
  zeroobj          :       0.00       0.00          0          0          0
  zirounding       :       0.00       0.00          2          0          0
  other solutions  :          -          -          -          0          -
Diving (single)    :      Calls      Nodes   LP Iters Backtracks  Conflicts   MinDepth   MaxDepth   AvgDepth  RoundSols  NLeafSols  MinSolDpt  MaxSolDpt  AvgSolDpt
  actconsdiving    :          0          -          -          -          -          -          -          -          -          -          -          -          -
  coefdiving       :          0          -          -          -          -          -          -          -          -          -          -          -          -
  conflictdiving   :          2          6        286          0          0          4          4        4.0          0          2          4          4        4.0
  distributiondivin:          0          -          -          -          -          -          -          -          -          -          -          -          -
  farkasdiving     :          2         17        583          2          4          5         12        8.5          0          1         12         12       12.0
  fracdiving       :          0          -          -          -          -          -          -          -          -          -          -          -          -
  guideddiving     :          0          -          -          -          -          -          -          -          -          -          -          -          -
  linesearchdiving :          0          -          -          -          -          -          -          -          -          -          -          -          -
  pscostdiving     :          0          -          -          -          -          -          -          -          -          -          -          -          -
  veclendiving     :          0          -          -          -          -          -          -          -          -          -          -          -          -
Diving (adaptive)  :      Calls      Nodes   LP Iters Backtracks  Conflicts   MinDepth   MaxDepth   AvgDepth  RoundSols  NLeafSols  MinSolDpt  MaxSolDpt  AvgSolDpt
  actconsdiving    :          0          -          -          -          -          -          -          -          -          -          -          -          -
  coefdiving       :          0          -          -          -          -          -          -          -          -          -          -          -          -
  conflictdiving   :          0          -          -          -          -          -          -          -          -          -          -          -          -
  distributiondivin:          0          -          -          -          -          -          -          -          -          -          -          -          -
  farkasdiving     :          0          -          -          -          -          -          -          -          -          -          -          -          -
  fracdiving       :          0          -          -          -          -          -          -          -          -          -          -          -          -
  guideddiving     :          0          -          -          -          -          -          -          -          -          -          -          -          -
  linesearchdiving :          0          -          -          -          -          -          -          -          -          -          -          -          -
  pscostdiving     :          0          -          -          -          -          -          -          -          -          -          -          -          -
  veclendiving     :          0          -          -          -          -          -          -          -          -          -          -          -          -
Neighborhoods      :      Calls  SetupTime  SolveTime SolveNodes       Sols       Best       Exp3  EpsGreedy        UCB TgtFixRate  Opt  Inf Node Stal  Sol  Usr Othr Actv
  rens             :          0       0.00       0.00          0          0          0    0.00000   -1.00000    1.00000      0.900    0    0    0    0    0    0    0    1
  rins             :          0       0.00       0.00          0          0          0    0.00000   -1.00000    1.00000      0.900    0    0    0    0    0    0    0    1
  mutation         :          1       0.00       0.00          1          0          0    0.00000   -1.00000    1.00000      0.700    0    1    0    0    0    0    0    1
  localbranching   :          0       0.00       0.00          0          0          0    0.00000   -1.00000    1.00000      0.900    0    0    0    0    0    0    0    1
  crossover        :          0       0.00       0.00          0          0          0    0.00000   -1.00000    1.00000      0.900    0    0    0    0    0    0    0    1
  proximity        :          0       0.00       0.00          0          0          0    0.00000   -1.00000    1.00000      0.900    0    0    0    0    0    0    0    1
  zeroobjective    :          0       0.00       0.00          0          0          0    0.00000   -1.00000    1.00000      0.900    0    0    0    0    0    0    0    1
  dins             :          0       0.00       0.00          0          0          0    0.00000   -1.00000    1.00000      0.900    0    0    0    0    0    0    0    1
  trustregion      :          0       0.00       0.00          0          0          0    0.00000   -1.00000    1.00000      0.900    0    0    0    0    0    0    0    0
LP                 :       Time      Calls Iterations  Iter/call   Iter/sec  Time-0-It Calls-0-It    ItLimit
  primal LP        :       0.00          9          0       0.00          -       0.00          9
  dual LP          :       1.00         78       3731      56.53    3731.00       0.00         12
  lex dual LP      :       0.00          0          0       0.00          -
  barrier LP       :       0.00          0          0       0.00          -       0.00          0
  resolve instable :       0.00          0          0       0.00          -
  diving/probing LP:       0.00         25       1782      71.28          -
  strong branching :       0.00         12       2142     178.50          -          -          -          0
    (at root node) :          -         12       2142     178.50          -
  conflict analysis:       0.00          9         90      10.00          -
B&B Tree           :
  number of runs   :          2
  nodes            :          1 (0 internal, 1 leaves)
  feasible leaves  :          0
  infeas. leaves   :          0
  objective leaves :          0
  nodes (total)    :          2 (0 internal, 2 leaves)
  nodes left       :          0
  max depth        :          0
  max depth (total):          0
  backtracks       :          0 (0.0%)
  early backtracks :          0 (0.0%)
  nodes exc. ref.  :          0 (0.0%)
  delayed cutoffs  :          0
  repropagations   :          0 (0 domain reductions, 0 cutoffs)
  avg switch length:       2.00
  switching time   :       0.00
Estim. Tree Size   :          1
Estimation Tree    : 1 nodes (1 visited, 0 internal, 1 leaves, 0 open), weight: 1.0000 completed 1.0000
Estimations        :      estim      value      trend resolution     smooth
  wbe              :          1          -          -          -          -
  tree-profile     :         -1          -          -          -          -
  gap              :          1    1.00000    1.00000          1          1
  tree-weight      :          1    1.00000    1.00000          1          1
  leaf-frequency   :          1    0.50000    1.00000          1          1
  ssg              :          1    0.00000   -1.00000          1          1
  open-nodes       :          1    0.00000    0.00000          1          1
Root Node          :
  First LP value   : +1.75288356136220e+00
  First LP Iters   :        804 (804.00 Iter/sec)
  First LP Time    :       1.00
  Final Dual Bound : +2.30128430690946e+00
  Final Root Iters :       3731
  Root LP Estimate :                     -
Solution           :
  Solutions found  :         22 (9 improvements)
  First Solution   : +3.83883253062172e+00   (in run 1, after 1 nodes, 0.00 seconds, depth 12, found by <clique>)
  Gap First Sol.   :   infinite
  Gap Last Sol.    :       0.37 %
  Primal Bound     : +2.30128430690946e+00   (in run 2, after 1 nodes, 6.00 seconds, depth 4, found by <conflictdiving>)
  Dual Bound       : +2.30128430690946e+00
  Gap              :       0.00 %
Integrals          :      Total       Avg%
  primal-dual      :     142.22      23.70
  primal-ref       :          -          - (not evaluated)
  dual-ref         :          -          - (not evaluated)
