SCIP version 7.0.2 [precision: 8 byte] [memory: block] [mode: optimized] [LP solver: SoPlex 5.0.2] [GitHash: e9d280a398]
Copyright (C) 2002-2020 Konrad-Zuse-Zentrum fuer Informationstechnik Berlin (ZIB)

External codes: 
  SoPlex 5.0.2         Linear Programming Solver developed at Zuse Institute Berlin (soplex.zib.de) [GitHash: e24c304e]
  CppAD 20180000.0     Algorithmic Differentiation of C++ algorithms developed by B. Bell (www.coin-or.org/CppAD)
  MPIR 3.0.0           Multiple Precision Integers and Rationals Library developed by W. Hart (mpir.org)
  ZIMPL 3.4.0          Zuse Institute Mathematical Programming Language developed by T. Koch (zimpl.zib.de)
  PaPILO 1.0.2         parallel presolve for integer and linear optimization (https://github.com/lgottwald/PaPILO) [GitHash: 62d2842]
  bliss 0.73p          Computing Graph Automorphism Groups by T. Junttila and P. Kaski (http://www.tcs.hut.fi/Software/bliss/)
  Ipopt 3.12.9         Interior Point Optimizer developed by A. Waechter et.al. (www.coin-or.org/Ipopt)

user parameter file <scip.set> not found - using default parameters

read problem <C:\Users\Claubit\Documents\GitHub\embedding\src\lp\scenarioA2_N32_B0.7_classical\IPL_linearized_N32q6.00B22.lp>
============

original problem has 1056 variables (0 bin, 1056 int, 0 impl, 0 cont) and 3073 constraints

solve problem
=============

presolving:
(round 1, fast)       32 del vars, 32 del conss, 0 add conss, 0 chg bounds, 32 chg sides, 32 chg coeffs, 0 upgd conss, 0 impls, 1984 clqs
(round 2, fast)       32 del vars, 96 del conss, 0 add conss, 0 chg bounds, 32 chg sides, 32 chg coeffs, 0 upgd conss, 0 impls, 1984 clqs
   (0.0s) running MILP presolver
   (0.0s) MILP presolver found nothing
(round 3, exhaustive) 32 del vars, 96 del conss, 0 add conss, 0 chg bounds, 32 chg sides, 32 chg coeffs, 2976 upgd conss, 0 impls, 1984 clqs
(round 4, exhaustive) 32 del vars, 3072 del conss, 992 add conss, 0 chg bounds, 32 chg sides, 32 chg coeffs, 2976 upgd conss, 0 impls, 1984 clqs
(round 5, exhaustive) 528 del vars, 3568 del conss, 992 add conss, 0 chg bounds, 32 chg sides, 32 chg coeffs, 2976 upgd conss, 0 impls, 992 clqs
   (0.0s) probing: 51/528 (9.7%) - 0 fixings, 0 aggregations, 0 implications, 0 bound changes
   (0.0s) probing aborted: 50/50 successive totally useless probings
   (0.0s) symmetry computation started: requiring (bin +, int -, cont +), (fixed: bin -, int +, cont -)
   (0.0s) no symmetry present
presolving (6 rounds: 6 fast, 4 medium, 4 exhaustive):
 528 deleted vars, 3568 deleted constraints, 992 added constraints, 0 tightened bounds, 0 added holes, 32 changed sides, 32 changed coefficients
 0 implications, 992 cliques
presolved problem has 528 variables (528 bin, 0 int, 0 impl, 0 cont) and 497 constraints
    496 constraints of type <and>
      1 constraints of type <linear>
Presolving Time: 0.00

 time | node  | left  |LP iter|LP it/n|mem/heur|mdpt |vars |cons |rows |cuts |sepa|confs|strbr|  dualbound   | primalbound  |  gap   | compl. 
p 0.0s|     1 |     0 |     0 |     - |  clique|   0 | 528 | 497 | 993 |   0 |  0 |   0 |   0 |-1.458581e-01 | 2.282409e-01 |    Inf | unknown
  0.0s|     1 |     0 |   691 |     - |    13M |   0 | 528 | 497 | 993 |   0 |  0 |   0 |   0 | 8.878323e-02 | 2.282409e-01 | 157.08%| unknown
L 0.0s|     1 |     0 |   691 |     - |undercov|   0 | 528 | 497 | 993 |   0 |  0 |   0 |   0 | 8.878323e-02 | 1.461640e-01 |  64.63%| unknown
  0.0s|     1 |     0 |   846 |     - |    14M |   0 | 528 | 497 |1094 | 101 |  1 |   0 |   0 | 1.063946e-01 | 1.461640e-01 |  37.38%| unknown
r 0.0s|     1 |     0 |   846 |     - |shifting|   0 | 528 | 497 |1094 | 101 |  1 |   0 |   0 | 1.063946e-01 | 1.177405e-01 |  10.66%| unknown
  0.0s|     1 |     0 |   881 |     - |    14M |   0 | 528 | 497 |1111 | 118 |  2 |   0 |   0 | 1.080774e-01 | 1.177405e-01 |   8.94%| unknown
  0.0s|     1 |     0 |   881 |     - |    14M |   0 | 528 | 497 |1107 | 118 |  2 |   0 |   0 | 1.080774e-01 | 1.177405e-01 |   8.94%| unknown
  0.0s|     1 |     0 |   935 |     - |    14M |   0 | 528 | 497 |1118 | 129 |  3 |   0 |   0 | 1.095534e-01 | 1.177405e-01 |   7.47%| unknown
  0.0s|     1 |     0 |   935 |     - |    14M |   0 | 528 | 497 |1117 | 129 |  3 |   0 |   0 | 1.095534e-01 | 1.177405e-01 |   7.47%| unknown
  1.0s|     1 |     0 |   965 |     - |    14M |   0 | 528 | 497 |1122 | 134 |  4 |   0 |   0 | 1.097352e-01 | 1.177405e-01 |   7.30%| unknown
  1.0s|     1 |     0 |   965 |     - |    15M |   0 | 528 | 498 |1121 | 134 |  4 |   1 |   0 | 1.097352e-01 | 1.177405e-01 |   7.30%| unknown
  1.0s|     1 |     0 |  1006 |     - |    15M |   0 | 528 | 498 |1127 | 140 |  5 |   1 |   0 | 1.100903e-01 | 1.177405e-01 |   6.95%| unknown
  1.0s|     1 |     0 |  1006 |     - |    15M |   0 | 528 | 499 |1126 | 140 |  5 |   2 |   0 | 1.100903e-01 | 1.177405e-01 |   6.95%| unknown
  1.0s|     1 |     0 |  1034 |     - |    15M |   0 | 528 | 499 |1128 | 142 |  6 |   2 |   0 | 1.101875e-01 | 1.177405e-01 |   6.85%| unknown
  1.0s|     1 |     0 |  1074 |     - |    16M |   0 | 528 | 501 |1133 | 147 |  7 |   4 |   0 | 1.104647e-01 | 1.177405e-01 |   6.59%| unknown
 time | node  | left  |LP iter|LP it/n|mem/heur|mdpt |vars |cons |rows |cuts |sepa|confs|strbr|  dualbound   | primalbound  |  gap   | compl. 
  1.0s|     1 |     0 |  1102 |     - |    16M |   0 | 528 | 507 |1136 | 150 |  8 |  10 |   0 | 1.106521e-01 | 1.177405e-01 |   6.41%| unknown
  1.0s|     1 |     0 |  1102 |     - |    16M |   0 | 528 | 508 |1135 | 150 |  8 |  11 |   0 | 1.106521e-01 | 1.177405e-01 |   6.41%| unknown
  1.0s|     1 |     0 |  1141 |     - |    16M |   0 | 528 | 508 |1142 | 157 |  9 |  11 |   0 | 1.107865e-01 | 1.177405e-01 |   6.28%| unknown
  2.0s|     1 |     0 |  1186 |     - |    17M |   0 | 528 | 509 |1143 | 158 | 10 |  12 |   0 | 1.109383e-01 | 1.177405e-01 |   6.13%| unknown
  2.0s|     1 |     0 |  1206 |     - |    17M |   0 | 528 | 513 |1146 | 167 | 11 |  16 |   0 | 1.109796e-01 | 1.177405e-01 |   6.09%| unknown
  2.0s|     1 |     0 |  1223 |     - |    18M |   0 | 528 | 515 |1148 | 169 | 12 |  18 |   0 | 1.110002e-01 | 1.177405e-01 |   6.07%| unknown
  2.0s|     1 |     0 |  1243 |     - |    20M |   0 | 528 | 515 |1153 | 174 | 13 |  18 |   0 | 1.110391e-01 | 1.177405e-01 |   6.04%| unknown
  2.0s|     1 |     0 |  1258 |     - |    20M |   0 | 528 | 516 |1154 | 175 | 14 |  19 |   0 | 1.110500e-01 | 1.177405e-01 |   6.02%| unknown
  2.0s|     1 |     0 |  1278 |     - |    20M |   0 | 528 | 516 |1156 | 177 | 15 |  19 |   0 | 1.110832e-01 | 1.177405e-01 |   5.99%| unknown
  3.0s|     1 |     0 |  1312 |     - |    20M |   0 | 528 | 519 |1158 | 179 | 16 |  22 |   0 | 1.111054e-01 | 1.177405e-01 |   5.97%| unknown
  3.0s|     1 |     0 |  1335 |     - |    21M |   0 | 528 | 520 |1149 | 180 | 17 |  23 |   0 | 1.111520e-01 | 1.177405e-01 |   5.93%| unknown
  3.0s|     1 |     0 |  1344 |     - |    21M |   0 | 528 | 521 |1151 | 182 | 18 |  24 |   0 | 1.111557e-01 | 1.177405e-01 |   5.92%| unknown
  3.0s|     1 |     0 |  1369 |     - |    22M |   0 | 528 | 522 |1152 | 183 | 19 |  25 |   0 | 1.111717e-01 | 1.177405e-01 |   5.91%| unknown
  3.0s|     1 |     0 |  1389 |     - |    23M |   0 | 528 | 522 |1154 | 185 | 20 |  25 |   0 | 1.111817e-01 | 1.177405e-01 |   5.90%| unknown
  3.0s|     1 |     0 |  1389 |     - |    23M |   0 | 528 | 522 |1159 | 185 | 20 |  28 |   0 | 1.111817e-01 | 1.177405e-01 |   5.90%| unknown
 time | node  | left  |LP iter|LP it/n|mem/heur|mdpt |vars |cons |rows |cuts |sepa|confs|strbr|  dualbound   | primalbound  |  gap   | compl. 
  3.0s|     1 |     0 |  1408 |     - |    23M |   0 | 528 | 522 |1160 | 186 | 21 |  28 |   0 | 1.111885e-01 | 1.177405e-01 |   5.89%| unknown
  3.0s|     1 |     0 |  1411 |     - |    23M |   0 | 528 | 526 |1162 | 188 | 22 |  32 |   0 | 1.111888e-01 | 1.177405e-01 |   5.89%| unknown
  3.0s|     1 |     0 |  1418 |     - |    23M |   0 | 528 | 529 |1147 | 189 | 23 |  35 |   0 | 1.111906e-01 | 1.177405e-01 |   5.89%| unknown
  3.0s|     1 |     0 |  1428 |     - |    23M |   0 | 528 | 529 |1151 | 193 | 24 |  35 |   0 | 1.111924e-01 | 1.177405e-01 |   5.89%| unknown
  3.0s|     1 |     0 |  1442 |     - |    23M |   0 | 528 | 530 |1153 | 195 | 25 |  36 |   0 | 1.111948e-01 | 1.177405e-01 |   5.89%| unknown
  3.0s|     1 |     0 |  1446 |     - |    23M |   0 | 528 | 531 |1155 | 197 | 26 |  37 |   0 | 1.111949e-01 | 1.177405e-01 |   5.89%| unknown
  3.0s|     1 |     0 |  1450 |     - |    23M |   0 | 528 | 533 |1156 | 198 | 27 |  39 |   0 | 1.111950e-01 | 1.177405e-01 |   5.89%| unknown
  3.0s|     1 |     0 |  1469 |     - |    23M |   0 | 528 | 536 |1157 | 199 | 28 |  42 |   0 | 1.112052e-01 | 1.177405e-01 |   5.88%| unknown
  3.0s|     1 |     0 |  1480 |     - |    23M |   0 | 528 | 537 |1156 | 202 | 29 |  43 |   0 | 1.112057e-01 | 1.177405e-01 |   5.88%| unknown
  3.0s|     1 |     0 |  1487 |     - |    23M |   0 | 528 | 538 |1158 | 204 | 30 |  44 |   0 | 1.112063e-01 | 1.177405e-01 |   5.88%| unknown
  3.0s|     1 |     0 |  1494 |     - |    23M |   0 | 528 | 539 |1159 | 205 | 31 |  45 |   0 | 1.112074e-01 | 1.177405e-01 |   5.87%| unknown
d 3.0s|     1 |     0 |  1630 |     - |farkasdi|   0 | 528 | 539 |1159 |   0 | 31 |  45 |   0 | 1.112074e-01 | 1.116369e-01 |   0.39%| unknown
  3.0s|     1 |     0 |  2441 |     - |    23M |   0 | 528 | 540 |1159 | 205 | 31 |  46 |   0 | 1.112074e-01 | 1.116369e-01 |   0.39%| unknown
  3.0s|     1 |     0 |  2441 |     - |    23M |   0 | 528 | 540 |1109 | 205 | 31 |  46 |   0 | 1.112074e-01 | 1.116369e-01 |   0.39%| unknown
  3.0s|     1 |     0 |  2444 |     - |    23M |   0 | 528 | 540 |1103 | 206 | 32 |  46 |   0 | 1.112080e-01 | 1.116369e-01 |   0.39%| unknown
 time | node  | left  |LP iter|LP it/n|mem/heur|mdpt |vars |cons |rows |cuts |sepa|confs|strbr|  dualbound   | primalbound  |  gap   | compl. 
  3.0s|     1 |     0 |  2448 |     - |    23M |   0 | 528 | 545 |1097 | 207 | 33 |  51 |   0 | 1.112082e-01 | 1.116369e-01 |   0.39%| unknown
  3.0s|     1 |     0 |  2448 |     - |    23M |   0 | 528 | 538 |1146 | 207 | 33 |  55 |   0 | 1.112082e-01 | 1.116369e-01 |   0.39%| unknown
  4.0s|     1 |     0 |  2455 |     - |    23M |   0 | 528 | 538 |1147 | 208 | 34 |  55 |   0 | 1.112093e-01 | 1.116369e-01 |   0.38%| unknown
  4.0s|     1 |     0 |  2462 |     - |    23M |   0 | 528 | 540 |1149 | 210 | 35 |  57 |   0 | 1.112096e-01 | 1.116369e-01 |   0.38%| unknown
(run 1, node 1) restarting after 69 global fixings of integer variables

(restart) converted 111 cuts from the global cut pool into linear constraints

presolving:
(round 1, fast)       204 del vars, 168 del conss, 0 add conss, 0 chg bounds, 0 chg sides, 156 chg coeffs, 0 upgd conss, 0 impls, 651 clqs
(round 2, fast)       204 del vars, 169 del conss, 0 add conss, 0 chg bounds, 0 chg sides, 156 chg coeffs, 0 upgd conss, 0 impls, 651 clqs
(round 3, exhaustive) 204 del vars, 169 del conss, 0 add conss, 0 chg bounds, 0 chg sides, 156 chg coeffs, 87 upgd conss, 0 impls, 651 clqs
(round 4, exhaustive) 204 del vars, 169 del conss, 0 add conss, 0 chg bounds, 0 chg sides, 180 chg coeffs, 87 upgd conss, 0 impls, 652 clqs
(round 5, exhaustive) 204 del vars, 169 del conss, 0 add conss, 0 chg bounds, 0 chg sides, 190 chg coeffs, 87 upgd conss, 0 impls, 652 clqs
(round 6, exhaustive) 204 del vars, 169 del conss, 0 add conss, 0 chg bounds, 0 chg sides, 196 chg coeffs, 87 upgd conss, 0 impls, 652 clqs
(round 7, exhaustive) 204 del vars, 169 del conss, 0 add conss, 0 chg bounds, 0 chg sides, 229 chg coeffs, 87 upgd conss, 0 impls, 654 clqs
(round 8, exhaustive) 204 del vars, 172 del conss, 0 add conss, 0 chg bounds, 0 chg sides, 229 chg coeffs, 87 upgd conss, 0 impls, 655 clqs
presolving (9 rounds: 9 fast, 7 medium, 7 exhaustive):
 204 deleted vars, 172 deleted constraints, 0 added constraints, 0 tightened bounds, 0 added holes, 0 changed sides, 229 changed coefficients
 0 implications, 655 cliques
presolved problem has 324 variables (324 bin, 0 int, 0 impl, 0 cont) and 479 constraints
     53 constraints of type <knapsack>
     87 constraints of type <setppc>
    297 constraints of type <and>
      2 constraints of type <linear>
     40 constraints of type <logicor>
Presolving Time: 0.00
transformed 5/8 original solutions to the transformed problem space

 time | node  | left  |LP iter|LP it/n|mem/heur|mdpt |vars |cons |rows |cuts |sepa|confs|strbr|  dualbound   | primalbound  |  gap   | compl. 
  4.0s|     1 |     0 |  3244 |     - |    23M |   0 | 324 | 479 | 736 |   0 |  0 |  57 |   0 | 1.112096e-01 | 1.116369e-01 |   0.38%| unknown
  4.0s|     1 |     0 |  3244 |     - |    23M |   0 | 324 | 480 | 735 |   0 |  0 |  58 |   0 | 1.112096e-01 | 1.116369e-01 |   0.38%| unknown
  4.0s|     1 |     0 |  3361 |     - |    23M |   0 | 324 | 480 | 739 |   4 |  1 |  58 |   0 | 1.114440e-01 | 1.116369e-01 |   0.17%| unknown
  4.0s|     1 |     0 |  3361 |     - |    23M |   0 | 324 | 480 | 712 |   4 |  1 |  58 |   0 | 1.114440e-01 | 1.116369e-01 |   0.17%| unknown
  4.0s|     1 |     0 |  3391 |     - |    23M |   0 | 324 | 477 | 737 |  30 |  2 |  58 |   0 | 1.116369e-01 | 1.116369e-01 |   0.00%| unknown
  4.0s|     1 |     0 |  3391 |     - |    23M |   0 | 324 | 477 | 737 |  30 |  2 |  58 |   0 | 1.116369e-01 | 1.116369e-01 |   0.00%| unknown

SCIP Status        : problem is solved [optimal solution found]
Solving Time (sec) : 4.00
Solving Nodes      : 1 (total of 2 nodes in 2 runs)
Primal Bound       : +1.11636859944841e-01 (9 solutions)
Dual Bound         : +1.11636859944841e-01
Gap                : 0.00 %

primal solution (original space):
=================================

objective value:                    0.111636859944841
y(1,1)                                              1 	(obj:0.00188266404323342)
y(1,2)                                              1 	(obj:-0.000203855186400051)
y(1,3)                                              1 	(obj:-0.000133728022665969)
y(1,4)                                              1 	(obj:-0.000165311775476643)
y(1,5)                                              1 	(obj:-0.00132101076801903)
y(1,8)                                              1 	(obj:0.00128576519426384)
y(1,12)                                             1 	(obj:0.000926184028926677)
y(1,13)                                             1 	(obj:0.0008451963346336)
y(1,14)                                             1 	(obj:0.00087940431127609)
y(1,16)                                             1 	(obj:-0.000918878215563451)
y(1,17)                                             1 	(obj:-0.000830906554773956)
y(1,19)                                             1 	(obj:0.000538474566590752)
y(1,21)                                             1 	(obj:8.54539971319226e-05)
y(1,22)                                             1 	(obj:-0.000853147638541588)
y(1,23)                                             1 	(obj:0.000728951447202975)
y(1,24)                                             1 	(obj:0.00144808287447966)
y(1,27)                                             1 	(obj:0.00087181689722914)
y(1,28)                                             1 	(obj:-0.000819909669967703)
y(1,29)                                             1 	(obj:0.000448148750177532)
y(1,30)                                             1 	(obj:0.000743041146861508)
y(1,31)                                             1 	(obj:0.000945146718461413)
y(1,32)                                             1 	(obj:0.000558100433963166)
y(2,1)                                              1 	(obj:-0.000203855186400051)
y(2,2)                                              1 	(obj:0.00168348611409361)
y(2,3)                                              1 	(obj:0.000729860135644859)
y(2,4)                                              1 	(obj:0.00049474602252978)
y(2,5)                                              1 	(obj:0.000950293925394116)
y(2,8)                                              1 	(obj:-1.82394282352557e-05)
y(2,12)                                             1 	(obj:0.000203213011762437)
y(2,13)                                             1 	(obj:0.000301836836113317)
y(2,14)                                             1 	(obj:0.000297494686963129)
y(2,16)                                             1 	(obj:0.000833560235966159)
y(2,17)                                             1 	(obj:0.000263110987940173)
y(2,19)                                             1 	(obj:0.000747185992468921)
y(2,21)                                             1 	(obj:0.000268099184465681)
y(2,22)                                             1 	(obj:0.00090752196584568)
y(2,23)                                             1 	(obj:0.000317099563552123)
y(2,24)                                             1 	(obj:-0.000197616197476627)
y(2,27)                                             1 	(obj:4.38224523826843e-05)
y(2,28)                                             1 	(obj:0.000371344847706647)
y(2,29)                                             1 	(obj:0.000528224396855832)
y(2,30)                                             1 	(obj:0.000101498160066822)
y(2,31)                                             1 	(obj:0.0006451296806035)
y(2,32)                                             1 	(obj:0.00010262011122875)
y(3,1)                                              1 	(obj:-0.000133728022665969)
y(3,2)                                              1 	(obj:0.000729860135644859)
y(3,3)                                              1 	(obj:0.00125461064157819)
y(3,4)                                              1 	(obj:0.000951868206493168)
y(3,5)                                              1 	(obj:0.00152517345973206)
y(3,8)                                              1 	(obj:2.0774954397064e-05)
y(3,12)                                             1 	(obj:-0.000120716419271524)
y(3,13)                                             1 	(obj:7.50343508293016e-05)
y(3,14)                                             1 	(obj:0.000237899032517487)
y(3,16)                                             1 	(obj:0.0010825456365016)
y(3,17)                                             1 	(obj:0.00073437990265792)
y(3,19)                                             1 	(obj:0.000778007322982449)
y(3,21)                                             1 	(obj:0.000170630414752316)
y(3,22)                                             1 	(obj:0.0011536643641403)
y(3,23)                                             1 	(obj:-0.000223396570637769)
y(3,24)                                             1 	(obj:-0.000356507136654798)
y(3,27)                                             1 	(obj:-0.000252828977524341)
y(3,28)                                             1 	(obj:0.000645298467480695)
y(3,29)                                             1 	(obj:-6.88093595200614e-05)
y(3,30)                                             1 	(obj:-3.91930872092696e-05)
y(3,31)                                             1 	(obj:0.00056666854173137)
y(3,32)                                             1 	(obj:-0.000280116740930018)
y(4,1)                                              1 	(obj:-0.000165311775476643)
y(4,2)                                              1 	(obj:0.00049474602252978)
y(4,3)                                              1 	(obj:0.000951868206493168)
y(4,4)                                              1 	(obj:0.00166238575024667)
y(4,5)                                              1 	(obj:0.00156337984981254)
y(4,8)                                              1 	(obj:0.00033055370206537)
y(4,12)                                             1 	(obj:0.000326651377973944)
y(4,13)                                             1 	(obj:0.000280023250262947)
y(4,14)                                             1 	(obj:0.00034418811011511)
y(4,16)                                             1 	(obj:0.00142922295503494)
y(4,17)                                             1 	(obj:0.000592318750796865)
y(4,19)                                             1 	(obj:0.000782956575643794)
y(4,21)                                             1 	(obj:0.000224462879965868)
y(4,22)                                             1 	(obj:0.000947010018755411)
y(4,23)                                             1 	(obj:0.000348057765609886)
y(4,24)                                             1 	(obj:6.68936389954996e-05)
y(4,27)                                             1 	(obj:0.000286555259634405)
y(4,28)                                             1 	(obj:0.000480167410290559)
y(4,29)                                             1 	(obj:-9.25943927050374e-05)
y(4,30)                                             1 	(obj:0.000232159409578062)
y(4,31)                                             1 	(obj:0.000758576262845466)
y(4,32)                                             1 	(obj:-0.000270527126774533)
y(5,1)                                              1 	(obj:-0.00132101076801903)
y(5,2)                                              1 	(obj:0.000950293925394116)
y(5,3)                                              1 	(obj:0.00152517345973206)
y(5,4)                                              1 	(obj:0.00156337984981254)
y(5,5)                                              1 	(obj:0.00340785085571835)
y(5,8)                                              1 	(obj:-0.000617043952476264)
y(5,12)                                             1 	(obj:-0.000623860704107416)
y(5,13)                                             1 	(obj:-0.000367438257224268)
y(5,14)                                             1 	(obj:0.000127992805771008)
y(5,16)                                             1 	(obj:0.00228643314992041)
y(5,17)                                             1 	(obj:0.00199302384327685)
y(5,19)                                             1 	(obj:0.000689157666838103)
y(5,21)                                             1 	(obj:0.000201815446543906)
y(5,22)                                             1 	(obj:0.00242351457157679)
y(5,23)                                             1 	(obj:-0.000613905197727298)
y(5,24)                                             1 	(obj:-0.00112031812940596)
y(5,27)                                             1 	(obj:-8.15723225743065e-05)
y(5,28)                                             1 	(obj:0.00184651491660337)
y(5,29)                                             1 	(obj:-0.000310565665219992)
y(5,30)                                             1 	(obj:-0.000566706397953607)
y(5,31)                                             1 	(obj:8.48794551135127e-05)
y(5,32)                                             1 	(obj:-0.000593757241885865)
y(8,1)                                              1 	(obj:0.00128576519426384)
y(8,2)                                              1 	(obj:-1.82394282352557e-05)
y(8,3)                                              1 	(obj:2.0774954397064e-05)
y(8,4)                                              1 	(obj:0.00033055370206537)
y(8,5)                                              1 	(obj:-0.000617043952476264)
y(8,8)                                              1 	(obj:0.00125289108937488)
y(8,12)                                             1 	(obj:0.00095037076111076)
y(8,13)                                             1 	(obj:0.000719660433654076)
y(8,14)                                             1 	(obj:0.000853613563492258)
y(8,16)                                             1 	(obj:-0.000326258817896889)
y(8,17)                                             1 	(obj:-0.000466442942946942)
y(8,19)                                             1 	(obj:0.000375306296013021)
y(8,21)                                             1 	(obj:0.000173701472476574)
y(8,22)                                             1 	(obj:-0.000317230280712315)
y(8,23)                                             1 	(obj:0.000800607467656118)
y(8,24)                                             1 	(obj:0.00141016421112288)
y(8,27)                                             1 	(obj:0.000897214897413621)
y(8,28)                                             1 	(obj:-0.000318207058193855)
y(8,29)                                             1 	(obj:0.000253339774215498)
y(8,30)                                             1 	(obj:0.000717795752961763)
y(8,31)                                             1 	(obj:0.00083740953762366)
y(8,32)                                             1 	(obj:0.0004156191972683)
y(12,1)                                             1 	(obj:0.000926184028926677)
y(12,2)                                             1 	(obj:0.000203213011762437)
y(12,3)                                             1 	(obj:-0.000120716419271524)
y(12,4)                                             1 	(obj:0.000326651377973944)
y(12,5)                                             1 	(obj:-0.000623860704107416)
y(12,8)                                             1 	(obj:0.00095037076111076)
y(12,12)                                            1 	(obj:0.00105777457425936)
y(12,13)                                            1 	(obj:0.000781290175393805)
y(12,14)                                            1 	(obj:0.000716256060846578)
y(12,16)                                            1 	(obj:-0.000239334944705303)
y(12,17)                                            1 	(obj:-0.000648047210486795)
y(12,19)                                            1 	(obj:0.000248414415099926)
y(12,21)                                            1 	(obj:0.000185988743045972)
y(12,22)                                            1 	(obj:-0.000451424867323945)
y(12,23)                                            1 	(obj:0.000977282369616553)
y(12,24)                                            1 	(obj:0.00105226745160082)
y(12,27)                                            1 	(obj:0.000676085572619602)
y(12,28)                                            1 	(obj:-0.000496484827983447)
y(12,29)                                            1 	(obj:0.000444266617057626)
y(12,30)                                            1 	(obj:0.000702336479833849)
y(12,31)                                            1 	(obj:0.000664251244307734)
y(12,32)                                            1 	(obj:0.000451217647696848)
y(13,1)                                             1 	(obj:0.0008451963346336)
y(13,2)                                             1 	(obj:0.000301836836113317)
y(13,3)                                             1 	(obj:7.50343508293016e-05)
y(13,4)                                             1 	(obj:0.000280023250262947)
y(13,5)                                             1 	(obj:-0.000367438257224268)
y(13,8)                                             1 	(obj:0.000719660433654076)
y(13,12)                                            1 	(obj:0.000781290175393805)
y(13,13)                                            1 	(obj:0.00148445501272391)
y(13,14)                                            1 	(obj:0.000652936457279356)
y(13,16)                                            1 	(obj:7.29385320004672e-05)
y(13,17)                                            1 	(obj:-0.000395461260462362)
y(13,19)                                            1 	(obj:0.000677206625124262)
y(13,21)                                            1 	(obj:0.000398323366349621)
y(13,22)                                            1 	(obj:-9.54242872286286e-05)
y(13,23)                                            1 	(obj:0.000674694075948693)
y(13,24)                                            1 	(obj:0.000821105558331016)
y(13,27)                                            1 	(obj:0.000576775467069241)
y(13,28)                                            1 	(obj:-0.000330107318390715)
y(13,29)                                            1 	(obj:0.000327333494547344)
y(13,30)                                            1 	(obj:0.000479531223924352)
y(13,31)                                            1 	(obj:0.000761094112670725)
y(13,32)                                            1 	(obj:0.000482578431091763)
y(14,1)                                             1 	(obj:0.00087940431127609)
y(14,2)                                             1 	(obj:0.000297494686963129)
y(14,3)                                             1 	(obj:0.000237899032517487)
y(14,4)                                             1 	(obj:0.00034418811011511)
y(14,5)                                             1 	(obj:0.000127992805771008)
y(14,8)                                             1 	(obj:0.000853613563492258)
y(14,12)                                            1 	(obj:0.000716256060846578)
y(14,13)                                            1 	(obj:0.000652936457279356)
y(14,14)                                            1 	(obj:0.00133789753563969)
y(14,16)                                            1 	(obj:-0.000213890216675617)
y(14,17)                                            1 	(obj:8.21495012412774e-05)
y(14,19)                                            1 	(obj:0.000624179425174029)
y(14,21)                                            1 	(obj:9.36894003618534e-05)
y(14,22)                                            1 	(obj:0.000152004293412916)
y(14,23)                                            1 	(obj:0.000704811696931967)
y(14,24)                                            1 	(obj:0.00106095463697422)
y(14,27)                                            1 	(obj:0.0010438745818781)
y(14,28)                                            1 	(obj:-7.5449109546997e-05)
y(14,29)                                            1 	(obj:0.000257708985798179)
y(14,30)                                            1 	(obj:0.000468529127084722)
y(14,31)                                            1 	(obj:0.000874271738905869)
y(14,32)                                            1 	(obj:0.00051784409173152)
y(16,1)                                             1 	(obj:-0.000918878215563451)
y(16,2)                                             1 	(obj:0.000833560235966159)
y(16,3)                                             1 	(obj:0.0010825456365016)
y(16,4)                                             1 	(obj:0.00142922295503494)
y(16,5)                                             1 	(obj:0.00228643314992041)
y(16,8)                                             1 	(obj:-0.000326258817896889)
y(16,12)                                            1 	(obj:-0.000239334944705303)
y(16,13)                                            1 	(obj:7.29385320004672e-05)
y(16,14)                                            1 	(obj:-0.000213890216675617)
y(16,16)                                            1 	(obj:0.00237396357884616)
y(16,17)                                            1 	(obj:0.00119896920884246)
y(16,19)                                            1 	(obj:0.000432227269548007)
y(16,21)                                            1 	(obj:0.000221033953036948)
y(16,22)                                            1 	(obj:0.00152924084670153)
y(16,23)                                            1 	(obj:-1.73630982010891e-05)
y(16,24)                                            1 	(obj:-0.000750641934056842)
y(16,27)                                            1 	(obj:-0.000306783615557276)
y(16,28)                                            1 	(obj:0.000921209117944993)
y(16,29)                                            1 	(obj:-4.50405069554732e-05)
y(16,30)                                            1 	(obj:-0.000237402927516005)
y(16,31)                                            1 	(obj:0.00034936065771608)
y(16,32)                                            1 	(obj:-0.000456653199558581)
y(17,1)                                             1 	(obj:-0.000830906554773956)
y(17,2)                                             1 	(obj:0.000263110987940173)
y(17,3)                                             1 	(obj:0.00073437990265792)
y(17,4)                                             1 	(obj:0.000592318750796865)
y(17,5)                                             1 	(obj:0.00199302384327685)
y(17,8)                                             1 	(obj:-0.000466442942946942)
y(17,12)                                            1 	(obj:-0.000648047210486795)
y(17,13)                                            1 	(obj:-0.000395461260462362)
y(17,14)                                            1 	(obj:8.21495012412774e-05)
y(17,16)                                            1 	(obj:0.00119896920884246)
y(17,17)                                            1 	(obj:0.00176621706460284)
y(17,19)                                            1 	(obj:0.000272624294719416)
y(17,21)                                            1 	(obj:9.2623551358856e-06)
y(17,22)                                            1 	(obj:0.00165921393504306)
y(17,23)                                            1 	(obj:-0.000626771372986944)
y(17,24)                                            1 	(obj:-0.000840866360357924)
y(17,27)                                            1 	(obj:5.26328826048229e-05)
y(17,28)                                            1 	(obj:0.00132218045279444)
y(17,29)                                            1 	(obj:-0.00017250909606175)
y(17,30)                                            1 	(obj:-0.000567198216755756)
y(17,31)                                            1 	(obj:-0.000207329935097693)
y(17,32)                                            1 	(obj:-0.00037602892578185)
y(19,1)                                             1 	(obj:0.000538474566590752)
y(19,2)                                             1 	(obj:0.000747185992468921)
y(19,3)                                             1 	(obj:0.000778007322982449)
y(19,4)                                             1 	(obj:0.000782956575643794)
y(19,5)                                             1 	(obj:0.000689157666838103)
y(19,8)                                             1 	(obj:0.000375306296013021)
y(19,12)                                            1 	(obj:0.000248414415099926)
y(19,13)                                            1 	(obj:0.000677206625124262)
y(19,14)                                            1 	(obj:0.000624179425174029)
y(19,16)                                            1 	(obj:0.000432227269548007)
y(19,17)                                            1 	(obj:0.000272624294719416)
y(19,19)                                            1 	(obj:0.00142850869908142)
y(19,21)                                            1 	(obj:8.39897586523554e-05)
y(19,22)                                            1 	(obj:0.000609878161978809)
y(19,23)                                            1 	(obj:0.000161512550946085)
y(19,24)                                            1 	(obj:0.000442311729627189)
y(19,27)                                            1 	(obj:0.000671750438386963)
y(19,28)                                            1 	(obj:0.000219948937595587)
y(19,29)                                            1 	(obj:9.19401949569029e-05)
y(19,30)                                            1 	(obj:0.000166471804821208)
y(19,31)                                            1 	(obj:0.000873974324178596)
y(19,32)                                            1 	(obj:0.000118659636822899)
y(21,1)                                             1 	(obj:8.54539971319226e-05)
y(21,2)                                             1 	(obj:0.000268099184465681)
y(21,3)                                             1 	(obj:0.000170630414752316)
y(21,4)                                             1 	(obj:0.000224462879965868)
y(21,5)                                             1 	(obj:0.000201815446543906)
y(21,8)                                             1 	(obj:0.000173701472476574)
y(21,12)                                            1 	(obj:0.000185988743045972)
y(21,13)                                            1 	(obj:0.000398323366349621)
y(21,14)                                            1 	(obj:9.36894003618534e-05)
y(21,16)                                            1 	(obj:0.000221033953036948)
y(21,17)                                            1 	(obj:9.2623551358856e-06)
y(21,19)                                            1 	(obj:8.39897586523554e-05)
y(21,21)                                            1 	(obj:0.000639787354586234)
y(21,22)                                            1 	(obj:0.000165130111176337)
y(21,23)                                            1 	(obj:0.000401303166434546)
y(21,24)                                            1 	(obj:-3.52382291922685e-05)
y(21,27)                                            1 	(obj:-0.000164712900381633)
y(21,28)                                            1 	(obj:-1.55006795423371e-05)
y(21,29)                                            1 	(obj:0.000210623633017826)
y(21,30)                                            1 	(obj:9.46665714496302e-05)
y(21,31)                                            1 	(obj:0.000431031038517729)
y(21,32)                                            1 	(obj:-3.4296458959734e-05)
y(22,1)                                             1 	(obj:-0.000853147638541588)
y(22,2)                                             1 	(obj:0.00090752196584568)
y(22,3)                                             1 	(obj:0.0011536643641403)
y(22,4)                                             1 	(obj:0.000947010018755411)
y(22,5)                                             1 	(obj:0.00242351457157679)
y(22,8)                                             1 	(obj:-0.000317230280712315)
y(22,12)                                            1 	(obj:-0.000451424867323945)
y(22,13)                                            1 	(obj:-9.54242872286286e-05)
y(22,14)                                            1 	(obj:0.000152004293412916)
y(22,16)                                            1 	(obj:0.00152924084670153)
y(22,17)                                            1 	(obj:0.00165921393504306)
y(22,19)                                            1 	(obj:0.000609878161978809)
y(22,21)                                            1 	(obj:0.000165130111176337)
y(22,22)                                            1 	(obj:0.00228430992727692)
y(22,23)                                            1 	(obj:-0.000643301123039969)
y(22,24)                                            1 	(obj:-0.000775484323338768)
y(22,27)                                            1 	(obj:6.80078206022344e-05)
y(22,28)                                            1 	(obj:0.00147435058322824)
y(22,29)                                            1 	(obj:-0.000170364222498129)
y(22,30)                                            1 	(obj:-0.00054812360395235)
y(22,31)                                            1 	(obj:9.49825280183821e-06)
y(22,32)                                            1 	(obj:-0.000420563646975297)
y(23,1)                                             1 	(obj:0.000728951447202975)
y(23,2)                                             1 	(obj:0.000317099563552123)
y(23,3)                                             1 	(obj:-0.000223396570637769)
y(23,4)                                             1 	(obj:0.000348057765609886)
y(23,5)                                             1 	(obj:-0.000613905197727298)
y(23,8)                                             1 	(obj:0.000800607467656118)
y(23,12)                                            1 	(obj:0.000977282369616553)
y(23,13)                                            1 	(obj:0.000674694075948693)
y(23,14)                                            1 	(obj:0.000704811696931967)
y(23,16)                                            1 	(obj:-1.73630982010891e-05)
y(23,17)                                            1 	(obj:-0.000626771372986944)
y(23,19)                                            1 	(obj:0.000161512550946085)
y(23,21)                                            1 	(obj:0.000401303166434546)
y(23,22)                                            1 	(obj:-0.000643301123039969)
y(23,23)                                            1 	(obj:0.0015440174540657)
y(23,24)                                            1 	(obj:0.000995285797474121)
y(23,27)                                            1 	(obj:0.000431598158754532)
y(23,28)                                            1 	(obj:-0.000924537490537335)
y(23,29)                                            1 	(obj:0.000415432764407952)
y(23,30)                                            1 	(obj:0.000663789258561141)
y(23,31)                                            1 	(obj:0.0010171603947515)
y(23,32)                                            1 	(obj:0.000408869554237954)
y(24,1)                                             1 	(obj:0.00144808287447966)
y(24,2)                                             1 	(obj:-0.000197616197476627)
y(24,3)                                             1 	(obj:-0.000356507136654798)
y(24,4)                                             1 	(obj:6.68936389954996e-05)
y(24,5)                                             1 	(obj:-0.00112031812940596)
y(24,8)                                             1 	(obj:0.00141016421112288)
y(24,12)                                            1 	(obj:0.00105226745160082)
y(24,13)                                            1 	(obj:0.000821105558331016)
y(24,14)                                            1 	(obj:0.00106095463697422)
y(24,16)                                            1 	(obj:-0.000750641934056842)
y(24,17)                                            1 	(obj:-0.000840866360357924)
y(24,19)                                            1 	(obj:0.000442311729627189)
y(24,21)                                            1 	(obj:-3.52382291922685e-05)
y(24,22)                                            1 	(obj:-0.000775484323338768)
y(24,23)                                            1 	(obj:0.000995285797474121)
y(24,24)                                            1 	(obj:0.00219109096528312)
y(24,27)                                            1 	(obj:0.00144159489597452)
y(24,28)                                            1 	(obj:-0.000390907174569906)
y(24,29)                                            1 	(obj:5.19677166725737e-07)
y(24,30)                                            1 	(obj:0.000797931645998484)
y(24,31)                                            1 	(obj:0.000724768574908253)
y(24,32)                                            1 	(obj:0.000655300946764112)
y(27,1)                                             1 	(obj:0.00087181689722914)
y(27,2)                                             1 	(obj:4.38224523826843e-05)
y(27,3)                                             1 	(obj:-0.000252828977524341)
y(27,4)                                             1 	(obj:0.000286555259634405)
y(27,5)                                             1 	(obj:-8.15723225743065e-05)
y(27,8)                                             1 	(obj:0.000897214897413621)
y(27,12)                                            1 	(obj:0.000676085572619602)
y(27,13)                                            1 	(obj:0.000576775467069241)
y(27,14)                                            1 	(obj:0.0010438745818781)
y(27,16)                                            1 	(obj:-0.000306783615557276)
y(27,17)                                            1 	(obj:5.26328826048229e-05)
y(27,19)                                            1 	(obj:0.000671750438386963)
y(27,21)                                            1 	(obj:-0.000164712900381633)
y(27,22)                                            1 	(obj:6.80078206022344e-05)
y(27,23)                                            1 	(obj:0.000431598158754532)
y(27,24)                                            1 	(obj:0.00144159489597452)
y(27,27)                                            1 	(obj:0.00183321286873759)
y(27,28)                                            1 	(obj:0.000345317083208757)
y(27,29)                                            1 	(obj:0.000235080565555452)
y(27,30)                                            1 	(obj:0.000394845107405138)
y(27,31)                                            1 	(obj:0.000404932576149903)
y(27,32)                                            1 	(obj:0.00055070723741298)
y(28,1)                                             1 	(obj:-0.000819909669967703)
y(28,2)                                             1 	(obj:0.000371344847706647)
y(28,3)                                             1 	(obj:0.000645298467480695)
y(28,4)                                             1 	(obj:0.000480167410290559)
y(28,5)                                             1 	(obj:0.00184651491660337)
y(28,8)                                             1 	(obj:-0.000318207058193855)
y(28,12)                                            1 	(obj:-0.000496484827983447)
y(28,13)                                            1 	(obj:-0.000330107318390715)
y(28,14)                                            1 	(obj:-7.5449109546997e-05)
y(28,16)                                            1 	(obj:0.000921209117944993)
y(28,17)                                            1 	(obj:0.00132218045279444)
y(28,19)                                            1 	(obj:0.000219948937595587)
y(28,21)                                            1 	(obj:-1.55006795423371e-05)
y(28,22)                                            1 	(obj:0.00147435058322824)
y(28,23)                                            1 	(obj:-0.000924537490537335)
y(28,24)                                            1 	(obj:-0.000390907174569906)
y(28,27)                                            1 	(obj:0.000345317083208757)
y(28,28)                                            1 	(obj:0.00206983860947582)
y(28,29)                                            1 	(obj:-0.000210308050242325)
y(28,30)                                            1 	(obj:-0.000395114852991482)
y(28,31)                                            1 	(obj:-0.000806521113207419)
y(28,32)                                            1 	(obj:-0.000275906726366243)
y(29,1)                                             1 	(obj:0.000448148750177532)
y(29,2)                                             1 	(obj:0.000528224396855832)
y(29,3)                                             1 	(obj:-6.88093595200614e-05)
y(29,4)                                             1 	(obj:-9.25943927050374e-05)
y(29,5)                                             1 	(obj:-0.000310565665219992)
y(29,8)                                             1 	(obj:0.000253339774215498)
y(29,12)                                            1 	(obj:0.000444266617057626)
y(29,13)                                            1 	(obj:0.000327333494547344)
y(29,14)                                            1 	(obj:0.000257708985798179)
y(29,16)                                            1 	(obj:-4.50405069554732e-05)
y(29,17)                                            1 	(obj:-0.00017250909606175)
y(29,19)                                            1 	(obj:9.19401949569029e-05)
y(29,21)                                            1 	(obj:0.000210623633017826)
y(29,22)                                            1 	(obj:-0.000170364222498129)
y(29,23)                                            1 	(obj:0.000415432764407952)
y(29,24)                                            1 	(obj:5.19677166725737e-07)
y(29,27)                                            1 	(obj:0.000235080565555452)
y(29,28)                                            1 	(obj:-0.000210308050242325)
y(29,29)                                            1 	(obj:0.00110004057362736)
y(29,30)                                            1 	(obj:0.000293916161862207)
y(29,31)                                            1 	(obj:0.000255331066568101)
y(29,32)                                            1 	(obj:0.000254533716711804)
y(30,1)                                             1 	(obj:0.000743041146861508)
y(30,2)                                             1 	(obj:0.000101498160066822)
y(30,3)                                             1 	(obj:-3.91930872092696e-05)
y(30,4)                                             1 	(obj:0.000232159409578062)
y(30,5)                                             1 	(obj:-0.000566706397953607)
y(30,8)                                             1 	(obj:0.000717795752961763)
y(30,12)                                            1 	(obj:0.000702336479833849)
y(30,13)                                            1 	(obj:0.000479531223924352)
y(30,14)                                            1 	(obj:0.000468529127084722)
y(30,16)                                            1 	(obj:-0.000237402927516005)
y(30,17)                                            1 	(obj:-0.000567198216755756)
y(30,19)                                            1 	(obj:0.000166471804821208)
y(30,21)                                            1 	(obj:9.46665714496302e-05)
y(30,22)                                            1 	(obj:-0.00054812360395235)
y(30,23)                                            1 	(obj:0.000663789258561141)
y(30,24)                                            1 	(obj:0.000797931645998484)
y(30,27)                                            1 	(obj:0.000394845107405138)
y(30,28)                                            1 	(obj:-0.000395114852991482)
y(30,29)                                            1 	(obj:0.000293916161862207)
y(30,30)                                            1 	(obj:0.000730694368226559)
y(30,31)                                            1 	(obj:0.000613144647040288)
y(30,32)                                            1 	(obj:0.00031610589197158)
y(31,1)                                             1 	(obj:0.000945146718461413)
y(31,2)                                             1 	(obj:0.0006451296806035)
y(31,3)                                             1 	(obj:0.00056666854173137)
y(31,4)                                             1 	(obj:0.000758576262845466)
y(31,5)                                             1 	(obj:8.48794551135127e-05)
y(31,8)                                             1 	(obj:0.00083740953762366)
y(31,12)                                            1 	(obj:0.000664251244307734)
y(31,13)                                            1 	(obj:0.000761094112670725)
y(31,14)                                            1 	(obj:0.000874271738905869)
y(31,16)                                            1 	(obj:0.00034936065771608)
y(31,17)                                            1 	(obj:-0.000207329935097693)
y(31,19)                                            1 	(obj:0.000873974324178596)
y(31,21)                                            1 	(obj:0.000431031038517729)
y(31,22)                                            1 	(obj:9.49825280183821e-06)
y(31,23)                                            1 	(obj:0.0010171603947515)
y(31,24)                                            1 	(obj:0.000724768574908253)
y(31,27)                                            1 	(obj:0.000404932576149903)
y(31,28)                                            1 	(obj:-0.000806521113207419)
y(31,29)                                            1 	(obj:0.000255331066568101)
y(31,30)                                            1 	(obj:0.000613144647040288)
y(31,31)                                            1 	(obj:0.00186923666026919)
y(31,32)                                            1 	(obj:0.000343586345061529)
y(32,1)                                             1 	(obj:0.000558100433963166)
y(32,2)                                             1 	(obj:0.00010262011122875)
y(32,3)                                             1 	(obj:-0.000280116740930018)
y(32,4)                                             1 	(obj:-0.000270527126774533)
y(32,5)                                             1 	(obj:-0.000593757241885865)
y(32,8)                                             1 	(obj:0.0004156191972683)
y(32,12)                                            1 	(obj:0.000451217647696848)
y(32,13)                                            1 	(obj:0.000482578431091763)
y(32,14)                                            1 	(obj:0.00051784409173152)
y(32,16)                                            1 	(obj:-0.000456653199558581)
y(32,17)                                            1 	(obj:-0.00037602892578185)
y(32,19)                                            1 	(obj:0.000118659636822899)
y(32,21)                                            1 	(obj:-3.4296458959734e-05)
y(32,22)                                            1 	(obj:-0.000420563646975297)
y(32,23)                                            1 	(obj:0.000408869554237954)
y(32,24)                                            1 	(obj:0.000655300946764112)
y(32,27)                                            1 	(obj:0.00055070723741298)
y(32,28)                                            1 	(obj:-0.000275906726366243)
y(32,29)                                            1 	(obj:0.000254533716711804)
y(32,30)                                            1 	(obj:0.00031610589197158)
y(32,31)                                            1 	(obj:0.000343586345061529)
y(32,32)                                            1 	(obj:0.000526169875455037)
x(1)                                                1 	(obj:-0.00667286319447288)
x(2)                                                1 	(obj:0.000565771959715261)
x(3)                                                1 	(obj:-9.56132732858106e-05)
x(4)                                                1 	(obj:-0.00434230035302338)
x(5)                                                1 	(obj:-9.16335224440956e-05)
x(8)                                                1 	(obj:-0.0025649184939233)
x(12)                                               1 	(obj:-0.00348984795828146)
x(13)                                               1 	(obj:-0.00714774089661002)
x(14)                                               1 	(obj:-0.00212590896623755)
x(16)                                               1 	(obj:-0.0059640060439669)
x(17)                                               1 	(obj:0.00117967554409262)
x(19)                                               1 	(obj:-0.0045666940884271)
x(21)                                               1 	(obj:-0.00233757086924918)
x(22)                                               1 	(obj:0.00235010335856775)
x(23)                                               1 	(obj:-0.00274468105522858)
x(24)                                               1 	(obj:-0.00102827908751343)
x(27)                                               1 	(obj:-0.0023468359083123)
x(28)                                               1 	(obj:0.000863377525571901)
x(29)                                               1 	(obj:-0.00746616271732443)
x(30)                                               1 	(obj:-0.00517621098612854)
x(31)                                               1 	(obj:-0.00870726096131751)
x(32)                                               1 	(obj:-0.0039925222536812)

Statistics
==========

SCIP Status        : problem is solved [optimal solution found]
Total Time         :       4.00
  solving          :       4.00
  presolving       :       0.00 (included in solving)
  reading          :       0.00
  copying          :       0.00 (2 #copies) (minimal 0.00, maximal 0.00, average 0.00)
Original Problem   :
  Problem name     : C:\Users\Claubit\Documents\GitHub\embedding\src\lp\scenarioA2_N32_B0.7_classical\IPL_linearized_N32q6.00B22.lp
  Variables        : 1056 (0 binary, 1056 integer, 0 implicit integer, 0 continuous)
  Constraints      : 3073 initial, 3073 maximal
  Objective        : minimize, 1056 non-zeros (abs.min = 5.19677e-07, abs.max = 0.0108375)
Presolved Problem  :
  Problem name     : t_C:\Users\Claubit\Documents\GitHub\embedding\src\lp\scenarioA2_N32_B0.7_classical\IPL_linearized_N32q6.00B22.lp
  Variables        : 324 (324 binary, 0 integer, 0 implicit integer, 0 continuous)
  Constraints      : 479 initial, 480 maximal
  Objective        : minimize, 324 non-zeros (abs.min = 4.82565e-06, abs.max = 0.0197392)
  Nonzeros         : 3850 constraint, 1099 clique table
Presolvers         :   ExecTime  SetupTime  Calls  FixedVars   AggrVars   ChgTypes  ChgBounds   AddHoles    DelCons    AddCons   ChgSides   ChgCoefs
  boundshift       :       0.00       0.00      0          0          0          0          0          0          0          0          0          0
  convertinttobin  :       0.00       0.00      0          0          0          0          0          0          0          0          0          0
  domcol           :       0.00       0.00      2          0          0          0          0          0          0          0          0          0
  dualagg          :       0.00       0.00      0          0          0          0          0          0          0          0          0          0
  dualcomp         :       0.00       0.00      0          0          0          0          0          0          0          0          0          0
  dualinfer        :       0.00       0.00      0          0          0          0          0          0          0          0          0          0
  dualsparsify     :       0.00       0.00      1          0          0          0          0          0          0          0          0          0
  gateextraction   :       0.00       0.00      8          0          0          0          0          0       2976        992          0          0
  implics          :       0.00       0.00     11          0          0          0          0          0          0          0          0          0
  inttobinary      :       0.00       0.00      0          0          0          0          0          0          0          0          0          0
  milp             :       0.00       0.00      1          0          0          0          0          0          0          0          0          0
  qpkktref         :       0.00       0.00      0          0          0          0          0          0          0          0          0          0
  redvub           :       0.00       0.00      0          0          0          0          0          0          0          0          0          0
  sparsify         :       0.00       0.00      1          0          0          0          0          0          0          0          0          0
  stuffing         :       0.00       0.00      0          0          0          0          0          0          0          0          0          0
  trivial          :       0.00       0.00     15         69          0          0          0          0          0          0          0          0
  tworowbnd        :       0.00       0.00      0          0          0          0          0          0          0          0          0          0
  dualfix          :       0.00       0.00     15          0          0          0          0          0          0          0          0          0
  genvbounds       :       0.00       0.00      0          0          0          0          0          0          0          0          0          0
  probing          :       0.00       0.00      1          0          0          0          0          0          0          0          0          0
  pseudoobj        :       0.00       0.00      2          0          0          0          0          0          0          0          0          0
  symmetry         :       0.00       0.00      1          0          0          0          0          0          0          0          0          0
  vbounds          :       0.00       0.00      2          0          0          0          0          0          0          0          0          0
  knapsack         :       0.00       0.00     18          0          0          0          0          0          0          0          0         41
  setppc           :       0.00       0.00     22          0          0          0          0          0          1          0          0          0
  and              :       0.00       0.00     17          0        631          0          0          0        631          0          0        135
  linear           :       0.00       0.00     21          0         32          0          0          0        120          0         32         32
  logicor          :       0.00       0.00     21          0          0          0          0          0         12          0          0         53
  benders          :       0.00       0.00      0          0          0          0          0          0          0          0          0          0
  components       :       0.00       0.00      2          0          0          0          0          0          0          0          0          0
  root node        :          -          -      -         99          -          -         99          -          -          -          -          -
Constraints        :     Number  MaxNumber  #Separate #Propagate    #EnfoLP    #EnfoRelax  #EnfoPS    #Check   #ResProp    Cutoffs    DomReds       Cuts    Applied      Conss   Children
  benderslp        :          0          0          0          0          0          0          0         34          0          0          0          0          0          0          0
  integral         :          0          0          0          0          0          0          0         34          0          0          0          0          0          0          0
  knapsack         :         53         53          2         14          0          0          0          0          0          0          0          0          0          0          0
  setppc           :         87+        88         15        177          0          0          0         12         13          0          0          0          0          0          0
  and              :        297        297         35       1183          0          0          0         27        219         27          8        161         56          0          0
  linear           :          2          2         35       1137          0          0          0         16         22          2          0          0          0          0          0
  logicor          :         40         40         31        277          0          0          0          0          0          0          0          1          1          0          0
  benders          :          0          0          0          0          0          0          0         15          0          0          0          0          0          0          0
  countsols        :          0          0          0          0          0          0          0         15          0          0          0          0          0          0          0
  components       :          0          0          0          0          0          0          0          0          0          0          0          0          0          0          0
Constraint Timings :  TotalTime  SetupTime   Separate  Propagate     EnfoLP     EnfoPS     EnfoRelax   Check    ResProp    SB-Prop
  benderslp        :       0.00       0.00       0.00       0.00       0.00       0.00       0.00       0.00       0.00       0.00
  integral         :       0.00       0.00       0.00       0.00       0.00       0.00       0.00       0.00       0.00       0.00
  knapsack         :       0.00       0.00       0.00       0.00       0.00       0.00       0.00       0.00       0.00       0.00
  setppc           :       0.00       0.00       0.00       0.00       0.00       0.00       0.00       0.00       0.00       0.00
  and              :       0.00       0.00       0.00       0.00       0.00       0.00       0.00       0.00       0.00       0.00
  linear           :       0.00       0.00       0.00       0.00       0.00       0.00       0.00       0.00       0.00       0.00
  logicor          :       0.00       0.00       0.00       0.00       0.00       0.00       0.00       0.00       0.00       0.00
  benders          :       0.00       0.00       0.00       0.00       0.00       0.00       0.00       0.00       0.00       0.00
  countsols        :       0.00       0.00       0.00       0.00       0.00       0.00       0.00       0.00       0.00       0.00
  components       :       0.00       0.00       0.00       0.00       0.00       0.00       0.00       0.00       0.00       0.00
Propagators        : #Propagate   #ResProp    Cutoffs    DomReds
  dualfix          :          8          0          0          0
  genvbounds       :          0          0          0          0
  nlobbt           :          0          0          0          0
  obbt             :          0          0          0          0
  probing          :          0          0          0          0
  pseudoobj        :         69          0          0          0
  redcost          :         53          0          0         88
  rootredcost      :          0          0          0          0
  symmetry         :          0          0          0          0
  vbounds          :       1088          0          0          0
Propagator Timings :  TotalTime  SetupTime   Presolve  Propagate    ResProp    SB-Prop
  dualfix          :       0.00       0.00       0.00       0.00       0.00       0.00
  genvbounds       :       0.00       0.00       0.00       0.00       0.00       0.00
  nlobbt           :       0.00       0.00       0.00       0.00       0.00       0.00
  obbt             :       0.00       0.00       0.00       0.00       0.00       0.00
  probing          :       0.00       0.00       0.00       0.00       0.00       0.00
  pseudoobj        :       0.00       0.00       0.00       0.00       0.00       0.00
  redcost          :       0.00       0.00       0.00       0.00       0.00       0.00
  rootredcost      :       0.00       0.00       0.00       0.00       0.00       0.00
  symmetry         :       0.00       0.00       0.00       0.00       0.00       0.00
  vbounds          :       0.00       0.00       0.00       0.00       0.00       0.00
Conflict Analysis  :       Time      Calls    Success    DomReds  Conflicts   Literals    Reconvs ReconvLits   Dualrays   Nonzeros   LP Iters   (pool size: [10000,10000])
  propagation      :       0.00         27         27          -         58       11.3          0        0.0          -          -          -
  infeasible LP    :       0.00          0          0          -          0        0.0          0        0.0          0        0.0          0
  bound exceed. LP :       0.00          7          1          -          0        0.0          0        0.0          1       71.0         70
  strong branching :       0.00          0          0          -          0        0.0          0        0.0          -          -          0
  pseudo solution  :       0.00          0          0          -          0        0.0          0        0.0          -          -          -
  applied globally :       0.00          -          -          0         57       11.1          -          -          1          -          -
  applied locally  :          -          -          -          0          0        0.0          -          -          0          -          -
Separators         :   ExecTime  SetupTime      Calls    Cutoffs    DomReds       Cuts    Applied      Conss
  cut pool         :       0.00                     3          -          -        201          -          -    (maximal pool size: 251)
  aggregation      :       0.00       0.00         35          0          0          2          0          0
  cgmip            :       0.00       0.00          0          0          0          0          0          0
  clique           :       1.00       0.00         35          0          0          2          2          0
  closecuts        :       0.00       0.00          0          0          0          0          0          0
  cmir             :       0.00       0.00          0          0          0          0          1          0
  convexproj       :       0.00       0.00          0          0          0          0          0          0
  disjunctive      :       0.00       0.00          0          0          0          0          0          0
  eccuts           :       0.00       0.00          0          0          0          0          0          0
  flowcover        :       0.00       0.00          0          0          0          0          0          0
  gauge            :       0.00       0.00          0          0          0          0          0          0
  gomory           :       1.00       0.00         12          0          0        594         37          0
  impliedbounds    :       0.00       0.00         35          0          3        152         97          0
  intobj           :       0.00       0.00          0          0          0          0          0          0
  mcf              :       0.00       0.00          2          0          0          0          0          0
  oddcycle         :       0.00       0.00          0          0          0          0          0          0
  rapidlearning    :       0.00       0.00          0          0          0          0          0          0
  strongcg         :       2.00       0.00         22          0          0       1041         14          0
  zerohalf         :       0.00       0.00         22          0          0         41         32          0
Pricers            :   ExecTime  SetupTime      Calls       Vars
  problem variables:       0.00          -          0          0
Branching Rules    :   ExecTime  SetupTime   BranchLP  BranchExt   BranchPS    Cutoffs    DomReds       Cuts      Conss   Children
  allfullstrong    :       0.00       0.00          0          0          0          0          0          0          0          0
  cloud            :       0.00       0.00          0          0          0          0          0          0          0          0
  distribution     :       0.00       0.00          0          0          0          0          0          0          0          0
  fullstrong       :       0.00       0.00          0          0          0          0          0          0          0          0
  inference        :       0.00       0.00          0          0          0          0          0          0          0          0
  leastinf         :       0.00       0.00          0          0          0          0          0          0          0          0
  lookahead        :       0.00       0.00          0          0          0          0          0          0          0          0
  mostinf          :       0.00       0.00          0          0          0          0          0          0          0          0
  multaggr         :       0.00       0.00          0          0          0          0          0          0          0          0
  nodereopt        :       0.00       0.00          0          0          0          0          0          0          0          0
  pscost           :       0.00       0.00          0          0          0          0          0          0          0          0
  random           :       0.00       0.00          0          0          0          0          0          0          0          0
  relpscost        :       0.00       0.00          0          0          0          0          0          0          0          0
  vanillafullstrong:       0.00       0.00          0          0          0          0          0          0          0          0
Primal Heuristics  :   ExecTime  SetupTime      Calls      Found       Best
  LP solutions     :       0.00          -          -          0          0
  relax solutions  :       0.00          -          -          0          0
  pseudo solutions :       0.00          -          -          0          0
  strong branching :       0.00          -          -          0          0
  actconsdiving    :       0.00       0.00          0          0          0
  adaptivediving   :       0.00       0.00          0          0          0
  alns             :       0.00       0.00          1          0          0
  bound            :       0.00       0.00          0          0          0
  clique           :       0.00       0.00          1          1          1
  coefdiving       :       0.00       0.00          0          0          0
  completesol      :       0.00       0.00          0          0          0
  conflictdiving   :       0.00       0.00          1          0          0
  crossover        :       0.00       0.00          0          0          0
  dins             :       0.00       0.00          0          0          0
  distributiondivin:       0.00       0.00          0          0          0
  dualval          :       0.00       0.00          0          0          0
  farkasdiving     :       0.00       0.00          1          1          1
  feaspump         :       0.00       0.00          1          1          0
  fixandinfer      :       0.00       0.00          0          0          0
  fracdiving       :       0.00       0.00          0          0          0
  gins             :       0.00       0.00          0          0          0
  guideddiving     :       0.00       0.00          0          0          0
  indicator        :       0.00       0.00          0          0          0
  intdiving        :       0.00       0.00          0          0          0
  intshifting      :       0.00       0.00          0          0          0
  linesearchdiving :       0.00       0.00          0          0          0
  localbranching   :       0.00       0.00          0          0          0
  locks            :       0.00       0.00          1          0          0
  lpface           :       0.00       0.00          0          0          0
  mpec             :       0.00       0.00          0          0          0
  multistart       :       0.00       0.00          0          0          0
  mutation         :       0.00       0.00          0          0          0
  nlpdiving        :       0.00       0.00          0          0          0
  objpscostdiving  :       0.00       0.00          0          0          0
  octane           :       0.00       0.00          0          0          0
  ofins            :       0.00       0.00          0          0          0
  oneopt           :       0.00       0.00          4          0          0
  padm             :       0.00       0.00          0          0          0
  proximity        :       0.00       0.00          0          0          0
  pscostdiving     :       0.00       0.00          0          0          0
  randrounding     :       0.00       0.00         39          1          0
  rens             :       0.00       0.00          0          0          0
  reoptsols        :       0.00       0.00          0          0          0
  repair           :       0.00       0.00          0          0          0
  rins             :       0.00       0.00          0          0          0
  rootsoldiving    :       0.00       0.00          0          0          0
  rounding         :       0.00       0.00         39          0          0
  shiftandpropagate:       0.00       0.00          0          0          0
  shifting         :       0.00       0.00         39          4          1
  simplerounding   :       0.00       0.00          0          0          0
  subnlp           :       0.00       0.00          0          0          0
  trivial          :       0.00       0.00          2          0          0
  trivialnegation  :       0.00       0.00          0          0          0
  trustregion      :       0.00       0.00          0          0          0
  trysol           :       0.00       0.00          0          0          0
  twoopt           :       0.00       0.00          0          0          0
  undercover       :       0.00       0.00          1          1          1
  vbounds          :       0.00       0.00          2          0          0
  veclendiving     :       0.00       0.00          0          0          0
  zeroobj          :       0.00       0.00          0          0          0
  zirounding       :       0.00       0.00          1          0          0
  other solutions  :          -          -          -          0          -
Diving (single)    :      Calls      Nodes   LP Iters Backtracks  Conflicts   MinDepth   MaxDepth   AvgDepth  RoundSols  NLeafSols  MinSolDpt  MaxSolDpt  AvgSolDpt
  actconsdiving    :          0          -          -          -          -          -          -          -          -          -          -          -          -
  coefdiving       :          0          -          -          -          -          -          -          -          -          -          -          -          -
  conflictdiving   :          1          6          0          1          1          6          6        6.0          0          -          -          -          -
  distributiondivin:          0          -          -          -          -          -          -          -          -          -          -          -          -
  farkasdiving     :          1          2        136          0          0          3          3        3.0          0          1          3          3        3.0
  fracdiving       :          0          -          -          -          -          -          -          -          -          -          -          -          -
  guideddiving     :          0          -          -          -          -          -          -          -          -          -          -          -          -
  linesearchdiving :          0          -          -          -          -          -          -          -          -          -          -          -          -
  pscostdiving     :          0          -          -          -          -          -          -          -          -          -          -          -          -
  veclendiving     :          0          -          -          -          -          -          -          -          -          -          -          -          -
Diving (adaptive)  :      Calls      Nodes   LP Iters Backtracks  Conflicts   MinDepth   MaxDepth   AvgDepth  RoundSols  NLeafSols  MinSolDpt  MaxSolDpt  AvgSolDpt
  actconsdiving    :          0          -          -          -          -          -          -          -          -          -          -          -          -
  coefdiving       :          0          -          -          -          -          -          -          -          -          -          -          -          -
  conflictdiving   :          0          -          -          -          -          -          -          -          -          -          -          -          -
  distributiondivin:          0          -          -          -          -          -          -          -          -          -          -          -          -
  farkasdiving     :          0          -          -          -          -          -          -          -          -          -          -          -          -
  fracdiving       :          0          -          -          -          -          -          -          -          -          -          -          -          -
  guideddiving     :          0          -          -          -          -          -          -          -          -          -          -          -          -
  linesearchdiving :          0          -          -          -          -          -          -          -          -          -          -          -          -
  pscostdiving     :          0          -          -          -          -          -          -          -          -          -          -          -          -
  veclendiving     :          0          -          -          -          -          -          -          -          -          -          -          -          -
Neighborhoods      :      Calls  SetupTime  SolveTime SolveNodes       Sols       Best       Exp3  EpsGreedy        UCB TgtFixRate  Opt  Inf Node Stal  Sol  Usr Othr Actv
  rens             :          0       0.00       0.00          0          0          0    0.00000   -1.00000    1.00000      0.900    0    0    0    0    0    0    0    1
  rins             :          0       0.00       0.00          0          0          0    0.00000   -1.00000    1.00000      0.900    0    0    0    0    0    0    0    1
  mutation         :          1       0.00       0.00          1          0          0    0.00000   -1.00000    1.00000      0.700    0    1    0    0    0    0    0    1
  localbranching   :          0       0.00       0.00          0          0          0    0.00000   -1.00000    1.00000      0.900    0    0    0    0    0    0    0    1
  crossover        :          0       0.00       0.00          0          0          0    0.00000   -1.00000    1.00000      0.900    0    0    0    0    0    0    0    1
  proximity        :          0       0.00       0.00          0          0          0    0.00000   -1.00000    1.00000      0.900    0    0    0    0    0    0    0    1
  zeroobjective    :          0       0.00       0.00          0          0          0    0.00000   -1.00000    1.00000      0.900    0    0    0    0    0    0    0    1
  dins             :          0       0.00       0.00          0          0          0    0.00000   -1.00000    1.00000      0.900    0    0    0    0    0    0    0    1
  trustregion      :          0       0.00       0.00          0          0          0    0.00000   -1.00000    1.00000      0.900    0    0    0    0    0    0    0    0
LP                 :       Time      Calls Iterations  Iter/call   Iter/sec  Time-0-It Calls-0-It    ItLimit
  primal LP        :       0.00          5          0       0.00          -       0.00          5
  dual LP          :       0.00         51       2444      62.67          -       0.00         12
  lex dual LP      :       0.00          0          0       0.00          -
  barrier LP       :       0.00          0          0       0.00          -       0.00          0
  resolve instable :       0.00          0          0       0.00          -
  diving/probing LP:       0.00          8        947     118.38          -
  strong branching :       0.00          0          0       0.00          -          -          -          0
    (at root node) :          -          0          0       0.00          -
  conflict analysis:       0.00          7         70      10.00          -
B&B Tree           :
  number of runs   :          2
  nodes            :          1 (0 internal, 1 leaves)
  feasible leaves  :          0
  infeas. leaves   :          0
  objective leaves :          0
  nodes (total)    :          2 (0 internal, 2 leaves)
  nodes left       :          0
  max depth        :          0
  max depth (total):          0
  backtracks       :          0 (0.0%)
  early backtracks :          0 (0.0%)
  nodes exc. ref.  :          0 (0.0%)
  delayed cutoffs  :          0
  repropagations   :          0 (0 domain reductions, 0 cutoffs)
  avg switch length:       2.00
  switching time   :       0.00
Estim. Tree Size   :          1
Estimation Tree    : 1 nodes (1 visited, 0 internal, 1 leaves, 0 open), weight: 1.0000 completed 1.0000
Estimations        :      estim      value      trend resolution     smooth
  wbe              :          1          -          -          -          -
  tree-profile     :         -1          -          -          -          -
  gap              :          1    1.00000    1.00000          1          1
  tree-weight      :          1    1.00000    1.00000          1          1
  leaf-frequency   :          1    0.50000    1.00000          1          1
  ssg              :          1    0.00000   -1.00000          1          1
  open-nodes       :          1    0.00000    0.00000          1          1
Root Node          :
  First LP value   : +8.87832267554748e-02
  First LP Iters   :        691
  First LP Time    :       0.00
  Final Dual Bound : +1.11636859944841e-01
  Final Root Iters :       2444
  Root LP Estimate :                     -
Solution           :
  Solutions found  :          9 (5 improvements)
  First Solution   : +2.28240876192152e-01   (in run 1, after 1 nodes, 0.00 seconds, depth 15, found by <clique>)
  Gap First Sol.   :   infinite
  Gap Last Sol.    :       0.39 %
  Primal Bound     : +1.11636859944841e-01   (in run 1, after 1 nodes, 3.00 seconds, depth 3, found by <farkasdiving>)
  Dual Bound       : +1.11636859944841e-01
  Gap              :       0.00 %
Integrals          :      Total       Avg%
  primal-dual      :      18.90       4.72
  primal-ref       :          -          - (not evaluated)
  dual-ref         :          -          - (not evaluated)
