SCIP version 7.0.2 [precision: 8 byte] [memory: block] [mode: optimized] [LP solver: SoPlex 5.0.2] [GitHash: e9d280a398]
Copyright (C) 2002-2020 Konrad-Zuse-Zentrum fuer Informationstechnik Berlin (ZIB)

External codes: 
  SoPlex 5.0.2         Linear Programming Solver developed at Zuse Institute Berlin (soplex.zib.de) [GitHash: e24c304e]
  CppAD 20180000.0     Algorithmic Differentiation of C++ algorithms developed by B. Bell (www.coin-or.org/CppAD)
  MPIR 3.0.0           Multiple Precision Integers and Rationals Library developed by W. Hart (mpir.org)
  ZIMPL 3.4.0          Zuse Institute Mathematical Programming Language developed by T. Koch (zimpl.zib.de)
  PaPILO 1.0.2         parallel presolve for integer and linear optimization (https://github.com/lgottwald/PaPILO) [GitHash: 62d2842]
  bliss 0.73p          Computing Graph Automorphism Groups by T. Junttila and P. Kaski (http://www.tcs.hut.fi/Software/bliss/)
  Ipopt 3.12.9         Interior Point Optimizer developed by A. Waechter et.al. (www.coin-or.org/Ipopt)

user parameter file <scip.set> not found - using default parameters

read problem <C:\Users\Claubit\Documents\GitHub\embedding\src\lp\scenario2_B0.2_classical\IPL_linearized_N50q5.00B10.lp>
============

original problem has 2550 variables (0 bin, 2550 int, 0 impl, 0 cont) and 7501 constraints

solve problem
=============

presolving:
(round 1, fast)       50 del vars, 50 del conss, 0 add conss, 0 chg bounds, 50 chg sides, 50 chg coeffs, 0 upgd conss, 0 impls, 4900 clqs
(round 2, fast)       50 del vars, 150 del conss, 0 add conss, 0 chg bounds, 50 chg sides, 50 chg coeffs, 0 upgd conss, 0 impls, 4900 clqs
   (0.0s) running MILP presolver
   (0.0s) MILP presolver found nothing
(round 3, exhaustive) 50 del vars, 150 del conss, 0 add conss, 0 chg bounds, 50 chg sides, 50 chg coeffs, 7350 upgd conss, 0 impls, 4900 clqs
(round 4, exhaustive) 50 del vars, 7500 del conss, 2450 add conss, 0 chg bounds, 50 chg sides, 50 chg coeffs, 7350 upgd conss, 0 impls, 4900 clqs
(round 5, exhaustive) 1275 del vars, 8725 del conss, 2450 add conss, 0 chg bounds, 50 chg sides, 50 chg coeffs, 7350 upgd conss, 0 impls, 2450 clqs
   (0.0s) probing: 51/1275 (4.0%) - 0 fixings, 0 aggregations, 0 implications, 0 bound changes
   (0.0s) probing aborted: 50/50 successive totally useless probings
   (0.0s) symmetry computation started: requiring (bin +, int -, cont +), (fixed: bin -, int +, cont -)
   (0.0s) no symmetry present
presolving (6 rounds: 6 fast, 4 medium, 4 exhaustive):
 1275 deleted vars, 8725 deleted constraints, 2450 added constraints, 0 tightened bounds, 0 added holes, 50 changed sides, 50 changed coefficients
 0 implications, 2450 cliques
presolved problem has 1275 variables (1275 bin, 0 int, 0 impl, 0 cont) and 1226 constraints
   1225 constraints of type <and>
      1 constraints of type <linear>
Presolving Time: 0.00

 time | node  | left  |LP iter|LP it/n|mem/heur|mdpt |vars |cons |rows |cuts |sepa|confs|strbr|  dualbound   | primalbound  |  gap   | compl. 
p 0.0s|     1 |     0 |     0 |     - |  clique|   0 |1275 |1226 |2451 |   0 |  0 |   0 |   0 |-1.475867e-01 | 2.098849e-02 |    Inf | unknown
p 0.0s|     1 |     0 |     0 |     - | vbounds|   0 |1275 |1226 |2451 |   0 |  0 |   0 |   0 |-1.475867e-01 | 1.452327e-02 |    Inf | unknown
  0.0s|     1 |     0 |   334 |     - |    31M |   0 |1275 |1226 |2451 |   0 |  0 |   0 |   0 |-4.457605e-02 | 1.452327e-02 |    Inf | unknown
r 0.0s|     1 |     0 |   334 |     - |shifting|   0 |1275 |1226 |2451 |   0 |  0 |   0 |   0 |-4.457605e-02 | 6.662384e-03 |    Inf | unknown
  0.0s|     1 |     0 |   490 |     - |    31M |   0 |1275 |1226 |2562 | 111 |  1 |   0 |   0 |-2.968922e-02 | 6.662384e-03 |    Inf | unknown
  0.0s|     1 |     0 |   541 |     - |    32M |   0 |1275 |1227 |2593 | 142 |  2 |   1 |   0 |-2.740358e-02 | 6.662384e-03 |    Inf | unknown
  0.0s|     1 |     0 |   576 |     - |    32M |   0 |1275 |1227 |2614 | 163 |  3 |   1 |   0 |-2.573775e-02 | 6.662384e-03 |    Inf | unknown
  0.0s|     1 |     0 |   608 |     - |    33M |   0 |1275 |1231 |2622 | 171 |  4 |   5 |   0 |-2.449114e-02 | 6.662384e-03 |    Inf | unknown
  0.0s|     1 |     0 |   623 |     - |    33M |   0 |1275 |1231 |2629 | 178 |  5 |   5 |   0 |-2.383561e-02 | 6.662384e-03 |    Inf | unknown
  0.0s|     1 |     0 |   661 |     - |    33M |   0 |1275 |1231 |2634 | 183 |  6 |   5 |   0 |-2.284134e-02 | 6.662384e-03 |    Inf | unknown
  0.0s|     1 |     0 |   685 |     - |    33M |   0 |1275 |1231 |2638 | 187 |  7 |   5 |   0 |-2.211080e-02 | 6.662384e-03 |    Inf | unknown
r 0.0s|     1 |     0 |   685 |     - |shifting|   0 |1275 |1231 |2638 | 187 |  7 |   5 |   0 |-2.211080e-02 | 5.252173e-03 |    Inf | unknown
  0.0s|     1 |     0 |   731 |     - |    34M |   0 |1275 |1231 |2646 | 195 |  8 |   5 |   0 |-2.128790e-02 | 5.252173e-03 |    Inf | unknown
  0.0s|     1 |     0 |   731 |     - |    34M |   0 |1275 |1231 |2645 | 195 |  8 |   5 |   0 |-2.128790e-02 | 5.252173e-03 |    Inf | unknown
  1.0s|     1 |     0 |   775 |     - |    34M |   0 |1275 |1231 |2656 | 206 |  9 |   5 |   0 |-2.071555e-02 | 5.252173e-03 |    Inf | unknown
 time | node  | left  |LP iter|LP it/n|mem/heur|mdpt |vars |cons |rows |cuts |sepa|confs|strbr|  dualbound   | primalbound  |  gap   | compl. 
r 1.0s|     1 |     0 |   775 |     - |shifting|   0 |1275 |1231 |2656 | 206 |  9 |   5 |   0 |-2.071555e-02 | 3.718381e-03 |    Inf | unknown
  1.0s|     1 |     0 |   799 |     - |    35M |   0 |1275 |1231 |2665 | 215 | 10 |   5 |   0 |-2.031732e-02 | 3.718381e-03 |    Inf | unknown
  1.0s|     1 |     0 |   799 |     - |    35M |   0 |1275 |1232 |2664 | 215 | 10 |   6 |   0 |-2.031732e-02 | 3.718381e-03 |    Inf | unknown
  1.0s|     1 |     0 |   818 |     - |    35M |   0 |1275 |1232 |2665 | 219 | 11 |   6 |   0 |-2.018510e-02 | 3.718381e-03 |    Inf | unknown
  1.0s|     1 |     0 |   830 |     - |    35M |   0 |1275 |1232 |2668 | 222 | 12 |   6 |   0 |-2.007603e-02 | 3.718381e-03 |    Inf | unknown
r 1.0s|     1 |     0 |   830 |     - |shifting|   0 |1275 |1232 |2668 | 222 | 12 |   6 |   0 |-2.007603e-02 |-1.162272e-03 |1627.31%| unknown
  1.0s|     1 |     0 |   878 |     - |    36M |   0 |1275 |1232 |2675 | 229 | 13 |   6 |   0 |-1.959301e-02 |-1.162272e-03 |1585.75%| unknown
  1.0s|     1 |     0 |   878 |     - |    36M |   0 |1275 |1233 |2664 | 229 | 13 |   7 |   0 |-1.959301e-02 |-1.162272e-03 |1585.75%| unknown
  1.0s|     1 |     0 |   906 |     - |    36M |   0 |1275 |1233 |2667 | 232 | 14 |   7 |   0 |-1.947407e-02 |-1.162272e-03 |1575.52%| unknown
  1.0s|     1 |     0 |   956 |     - |    36M |   0 |1275 |1233 |2672 | 237 | 15 |   7 |   0 |-1.909477e-02 |-1.162272e-03 |1542.88%| unknown
  1.0s|     1 |     0 |  1003 |     - |    36M |   0 |1275 |1233 |2676 | 241 | 16 |   7 |   0 |-1.894493e-02 |-1.162272e-03 |1529.99%| unknown
  2.0s|     1 |     0 |  1047 |     - |    38M |   0 |1275 |1233 |2677 | 246 | 17 |   7 |   0 |-1.882548e-02 |-1.162272e-03 |1519.71%| unknown
  2.0s|     1 |     0 |  1068 |     - |    39M |   0 |1275 |1233 |2682 | 251 | 18 |   7 |   0 |-1.869228e-02 |-1.162272e-03 |1508.25%| unknown
  2.0s|     1 |     0 |  1068 |     - |    39M |   0 |1275 |1237 |2681 | 251 | 18 |  11 |   0 |-1.869228e-02 |-1.162272e-03 |1508.25%| unknown
  2.0s|     1 |     0 |  1141 |     - |    40M |   0 |1275 |1237 |2686 | 256 | 19 |  11 |   0 |-1.853162e-02 |-1.162272e-03 |1494.43%| unknown
 time | node  | left  |LP iter|LP it/n|mem/heur|mdpt |vars |cons |rows |cuts |sepa|confs|strbr|  dualbound   | primalbound  |  gap   | compl. 
  2.0s|     1 |     0 |  1148 |     - |    42M |   0 |1275 |1238 |2688 | 258 | 20 |  12 |   0 |-1.852467e-02 |-1.162272e-03 |1493.83%| unknown
  2.0s|     1 |     0 |  1172 |     - |    42M |   0 |1275 |1238 |2690 | 260 | 21 |  12 |   0 |-1.849141e-02 |-1.162272e-03 |1490.97%| unknown
  2.0s|     1 |     0 |  1192 |     - |    42M |   0 |1275 |1238 |2691 | 261 | 22 |  12 |   0 |-1.846232e-02 |-1.162272e-03 |1488.47%| unknown
  2.0s|     1 |     0 |  1205 |     - |    42M |   0 |1275 |1242 |2686 | 264 | 23 |  16 |   0 |-1.845863e-02 |-1.162272e-03 |1488.15%| unknown
  2.0s|     1 |     0 |  1213 |     - |    42M |   0 |1275 |1243 |2687 | 265 | 24 |  17 |   0 |-1.845725e-02 |-1.162272e-03 |1488.03%| unknown
  2.0s|     1 |     0 |  1226 |     - |    42M |   0 |1275 |1243 |2688 | 266 | 25 |  17 |   0 |-1.845465e-02 |-1.162272e-03 |1487.81%| unknown
  2.0s|     1 |     0 |  1244 |     - |    42M |   0 |1275 |1246 |2690 | 268 | 26 |  20 |   0 |-1.844743e-02 |-1.162272e-03 |1487.19%| unknown
  2.0s|     1 |     0 |  1270 |     - |    42M |   0 |1275 |1246 |2692 | 270 | 27 |  20 |   0 |-1.843872e-02 |-1.162272e-03 |1486.44%| unknown
  2.0s|     1 |     0 |  1283 |     - |    42M |   0 |1275 |1246 |2693 | 271 | 28 |  20 |   0 |-1.843613e-02 |-1.162272e-03 |1486.22%| unknown
  2.0s|     1 |     0 |  1290 |     - |    42M |   0 |1275 |1246 |2684 | 272 | 29 |  20 |   0 |-1.843462e-02 |-1.162272e-03 |1486.09%| unknown
  2.0s|     1 |     0 |  1290 |     - |    42M |   0 |1275 |1251 |2698 | 272 | 29 |  25 |   0 |-1.843462e-02 |-1.162272e-03 |1486.09%| unknown
  2.0s|     1 |     0 |  1298 |     - |    42M |   0 |1275 |1251 |2699 | 273 | 30 |  25 |   0 |-1.843218e-02 |-1.162272e-03 |1485.88%| unknown
L 2.0s|     1 |     0 |  1721 |     - |    alns|   0 |1275 |1252 |2699 | 273 | 32 |  26 |   0 |-1.843218e-02 |-1.930579e-03 | 854.75%| unknown
L 2.0s|     1 |     0 |  1721 |     - |    alns|   0 |1275 |1252 |2699 | 273 | 32 |  26 |   0 |-1.843218e-02 |-2.781793e-03 | 562.60%| unknown
  2.0s|     1 |     0 |  1721 |     - |    42M |   0 |1275 |1252 |2699 | 273 | 32 |  26 |   0 |-1.843218e-02 |-2.781793e-03 | 562.60%| unknown
 time | node  | left  |LP iter|LP it/n|mem/heur|mdpt |vars |cons |rows |cuts |sepa|confs|strbr|  dualbound   | primalbound  |  gap   | compl. 
  2.0s|     1 |     0 |  1721 |     - |    42M |   0 |1275 |1252 |2690 | 273 | 32 |  26 |   0 |-1.843218e-02 |-2.781793e-03 | 562.60%| unknown
  2.0s|     1 |     0 |  1728 |     - |    42M |   0 |1275 |1252 |2691 | 274 | 33 |  26 |   0 |-1.843154e-02 |-2.781793e-03 | 562.58%| unknown
  2.0s|     1 |     0 |  1735 |     - |    42M |   0 |1275 |1253 |2692 | 275 | 34 |  27 |   0 |-1.843039e-02 |-2.781793e-03 | 562.54%| unknown
  2.0s|     1 |     0 |  1735 |     - |    42M |   0 |1275 |1253 |2701 | 275 | 34 |  27 |   0 |-1.843039e-02 |-2.781793e-03 | 562.54%| unknown
  2.0s|     1 |     0 |  1742 |     - |    42M |   0 |1275 |1253 |2702 | 276 | 35 |  27 |   0 |-1.842832e-02 |-2.781793e-03 | 562.46%| unknown
  2.0s|     1 |     0 |  1745 |     - |    42M |   0 |1275 |1253 |2703 | 277 | 36 |  27 |   0 |-1.842777e-02 |-2.781793e-03 | 562.44%| unknown
  3.0s|     1 |     2 |  1745 |     - |    43M |   0 |1275 |1253 |2703 | 277 | 36 |  27 |  19 |-1.720717e-02 |-2.781793e-03 | 518.56%| unknown
* 5.0s|     6 |     3 |  2682 | 272.0 |strongbr|   4 |1275 |1254 |2721 | 317 |  6 |  56 | 204 |-1.580363e-02 |-3.397359e-03 | 365.17%|   2.85%
* 6.0s|    12 |     7 |  3144 | 165.6 |strongbr|   8 |1275 |1254 |2719 | 324 | 11 |  72 | 364 |-1.580363e-02 |-3.734346e-03 | 323.20%|   5.14%
* 9.0s|    31 |     7 |  5754 | 147.7 |strongbr|  12 |1275 |1263 |2736 | 405 |  4 | 168 | 713 |-1.367315e-02 |-4.470467e-03 | 205.86%|  26.40%
* 9.0s|    35 |     5 |  6214 | 143.9 |    LP  |  12 |1275 |1271 |2739 | 408 |  4 | 189 | 785 |-1.367315e-02 |-4.974030e-03 | 174.89%|  39.77%
*10.0s|    49 |     5 |  7052 | 119.4 |strongbr|  12 |1275 |1276 |2747 | 416 |  2 | 227 | 854 |-1.367315e-02 |-5.395820e-03 | 153.40%|  49.93%
*10.0s|    50 |     4 |  7137 | 118.7 |strongbr|  12 |1275 |1295 |2750 | 416 |  6 | 246 | 869 |-1.367315e-02 |-5.575908e-03 | 145.22%|  50.08%
r10.0s|    50 |     4 |  7142 | 118.8 |rounding|  12 |1275 |1289 |2750 | 416 |  6 | 246 | 870 |-1.367315e-02 |-5.917305e-03 | 131.07%|  50.08%

SCIP Status        : problem is solved [optimal solution found]
Solving Time (sec) : 11.00
Solving Nodes      : 60
Primal Bound       : -5.91730494063908e-03 (70 solutions)
Dual Bound         : -5.91730494063908e-03
Gap                : 0.00 %

primal solution (original space):
=================================

objective value:                 -0.00591730494063907
y(15,15)                                            1 	(obj:0.000749198727825467)
y(15,16)                                            1 	(obj:0.000562140432017458)
y(15,20)                                            1 	(obj:0.000580699057785303)
y(15,27)                                            1 	(obj:0.000266804235829135)
y(15,33)                                            1 	(obj:9.93546338445356e-05)
y(15,35)                                            1 	(obj:0.00025475761604582)
y(15,36)                                            1 	(obj:3.50553420847969e-05)
y(15,39)                                            1 	(obj:0.000304275618851845)
y(15,41)                                            1 	(obj:0.00019809105922111)
y(15,46)                                            1 	(obj:0.00020550827832143)
y(16,15)                                            1 	(obj:0.000562140432017458)
y(16,16)                                            1 	(obj:0.00083082654359824)
y(16,20)                                            1 	(obj:0.000594964352974408)
y(16,27)                                            1 	(obj:0.000400356110096438)
y(16,33)                                            1 	(obj:0.000227786678914266)
y(16,35)                                            1 	(obj:6.75617166836782e-05)
y(16,36)                                            1 	(obj:-1.9544358487933e-05)
y(16,39)                                            1 	(obj:0.000507350422915405)
y(16,41)                                            1 	(obj:0.000296085772384721)
y(16,46)                                            1 	(obj:0.000219672356379783)
y(20,15)                                            1 	(obj:0.000580699057785303)
y(20,16)                                            1 	(obj:0.000594964352974408)
y(20,20)                                            1 	(obj:0.00130519445207336)
y(20,27)                                            1 	(obj:0.000453552000809851)
y(20,33)                                            1 	(obj:0.000335851743595965)
y(20,35)                                            1 	(obj:-0.000348746575033157)
y(20,36)                                            1 	(obj:-9.75458182464809e-05)
y(20,39)                                            1 	(obj:0.000722951419527248)
y(20,41)                                            1 	(obj:0.00090058834985791)
y(20,46)                                            1 	(obj:0.000121119499024215)
y(27,15)                                            1 	(obj:0.000266804235829135)
y(27,16)                                            1 	(obj:0.000400356110096438)
y(27,20)                                            1 	(obj:0.000453552000809851)
y(27,27)                                            1 	(obj:0.0014250359250275)
y(27,33)                                            1 	(obj:0.000463633386921542)
y(27,35)                                            1 	(obj:-0.000347367365682385)
y(27,36)                                            1 	(obj:6.43313169279785e-05)
y(27,39)                                            1 	(obj:0.000634421698503792)
y(27,41)                                            1 	(obj:0.000736333997175625)
y(27,46)                                            1 	(obj:0.000419161660630001)
y(33,15)                                            1 	(obj:9.93546338445356e-05)
y(33,16)                                            1 	(obj:0.000227786678914266)
y(33,20)                                            1 	(obj:0.000335851743595965)
y(33,27)                                            1 	(obj:0.000463633386921542)
y(33,33)                                            1 	(obj:0.000761161972940091)
y(33,35)                                            1 	(obj:0.000400776183173366)
y(33,36)                                            1 	(obj:0.000432178320915112)
y(33,39)                                            1 	(obj:0.000104676858053014)
y(33,41)                                            1 	(obj:0.000603017847671107)
y(33,46)                                            1 	(obj:0.000313781345717134)
y(35,15)                                            1 	(obj:0.00025475761604582)
y(35,16)                                            1 	(obj:6.75617166836782e-05)
y(35,20)                                            1 	(obj:-0.000348746575033157)
y(35,27)                                            1 	(obj:-0.000347367365682385)
y(35,33)                                            1 	(obj:0.000400776183173366)
y(35,35)                                            1 	(obj:0.0019269749960143)
y(35,36)                                            1 	(obj:0.0006929977926895)
y(35,39)                                            1 	(obj:-0.000576230822455142)
y(35,41)                                            1 	(obj:-0.000213152970687709)
y(35,46)                                            1 	(obj:0.000395659565660324)
y(36,15)                                            1 	(obj:3.50553420847969e-05)
y(36,16)                                            1 	(obj:-1.9544358487933e-05)
y(36,20)                                            1 	(obj:-9.75458182464809e-05)
y(36,27)                                            1 	(obj:6.43313169279785e-05)
y(36,33)                                            1 	(obj:0.000432178320915112)
y(36,35)                                            1 	(obj:0.0006929977926895)
y(36,36)                                            1 	(obj:0.00175746444649833)
y(36,39)                                            1 	(obj:-0.000305744387043046)
y(36,41)                                            1 	(obj:-7.87044399992429e-05)
y(36,46)                                            1 	(obj:0.000114436557965086)
y(39,15)                                            1 	(obj:0.000304275618851845)
y(39,16)                                            1 	(obj:0.000507350422915405)
y(39,20)                                            1 	(obj:0.000722951419527248)
y(39,27)                                            1 	(obj:0.000634421698503792)
y(39,33)                                            1 	(obj:0.000104676858053014)
y(39,35)                                            1 	(obj:-0.000576230822455142)
y(39,36)                                            1 	(obj:-0.000305744387043046)
y(39,39)                                            1 	(obj:0.00124158431641851)
y(39,41)                                            1 	(obj:0.000444126164654751)
y(39,46)                                            1 	(obj:3.7134813885731e-05)
y(41,15)                                            1 	(obj:0.00019809105922111)
y(41,16)                                            1 	(obj:0.000296085772384721)
y(41,20)                                            1 	(obj:0.00090058834985791)
y(41,27)                                            1 	(obj:0.000736333997175625)
y(41,33)                                            1 	(obj:0.000603017847671107)
y(41,35)                                            1 	(obj:-0.000213152970687709)
y(41,36)                                            1 	(obj:-7.87044399992429e-05)
y(41,39)                                            1 	(obj:0.000444126164654751)
y(41,41)                                            1 	(obj:0.00116841062841807)
y(41,46)                                            1 	(obj:0.00021595939523987)
y(46,15)                                            1 	(obj:0.00020550827832143)
y(46,16)                                            1 	(obj:0.000219672356379783)
y(46,20)                                            1 	(obj:0.000121119499024215)
y(46,27)                                            1 	(obj:0.000419161660630001)
y(46,33)                                            1 	(obj:0.000313781345717134)
y(46,35)                                            1 	(obj:0.000395659565660324)
y(46,36)                                            1 	(obj:0.000114436557965086)
y(46,39)                                            1 	(obj:3.7134813885731e-05)
y(46,41)                                            1 	(obj:0.00021595939523987)
y(46,46)                                            1 	(obj:0.000600871676514683)
x(15)                                               1 	(obj:-0.00604299652542468)
x(16)                                               1 	(obj:-0.00493561081293127)
x(20)                                               1 	(obj:-0.00542962052481039)
x(27)                                               1 	(obj:-0.00601919752801867)
x(33)                                               1 	(obj:-0.00356445486813727)
x(35)                                               1 	(obj:-0.00044229367485123)
x(36)                                               1 	(obj:-7.88891686792415e-05)
x(39)                                               1 	(obj:-0.0085148200352945)
x(41)                                               1 	(obj:-0.00416586113952971)
x(46)                                               1 	(obj:-0.00137051807891899)

Statistics
==========

SCIP Status        : problem is solved [optimal solution found]
Total Time         :      12.00
  solving          :      11.00
  presolving       :       0.00 (included in solving)
  reading          :       1.00
  copying          :       0.00 (3 #copies) (minimal 0.00, maximal 0.00, average 0.00)
Original Problem   :
  Problem name     : C:\Users\Claubit\Documents\GitHub\embedding\src\lp\scenario2_B0.2_classical\IPL_linearized_N50q5.00B10.lp
  Variables        : 2550 (0 binary, 2550 integer, 0 implicit integer, 0 continuous)
  Constraints      : 7501 initial, 7501 maximal
  Objective        : minimize, 2550 non-zeros (abs.min = 2.97206e-06, abs.max = 0.0104404)
Presolved Problem  :
  Problem name     : t_C:\Users\Claubit\Documents\GitHub\embedding\src\lp\scenario2_B0.2_classical\IPL_linearized_N50q5.00B10.lp
  Variables        : 1275 (1275 binary, 0 integer, 0 implicit integer, 0 continuous)
  Constraints      : 1226 initial, 1350 maximal
  Objective        : minimize, 1275 non-zeros (abs.min = 5.94412e-06, abs.max = 0.0142084)
  Nonzeros         : 3725 constraint, 4788 clique table
Presolvers         :   ExecTime  SetupTime  Calls  FixedVars   AggrVars   ChgTypes  ChgBounds   AddHoles    DelCons    AddCons   ChgSides   ChgCoefs
  boundshift       :       0.00       0.00      0          0          0          0          0          0          0          0          0          0
  convertinttobin  :       0.00       0.00      0          0          0          0          0          0          0          0          0          0
  domcol           :       0.00       0.00      1          0          0          0          0          0          0          0          0          0
  dualagg          :       0.00       0.00      0          0          0          0          0          0          0          0          0          0
  dualcomp         :       0.00       0.00      0          0          0          0          0          0          0          0          0          0
  dualinfer        :       0.00       0.00      0          0          0          0          0          0          0          0          0          0
  dualsparsify     :       0.00       0.00      1          0          0          0          0          0          0          0          0          0
  gateextraction   :       0.00       0.00      1          0          0          0          0          0       7350       2450          0          0
  implics          :       0.00       0.00      4          0          0          0          0          0          0          0          0          0
  inttobinary      :       0.00       0.00      0          0          0          0          0          0          0          0          0          0
  milp             :       0.00       0.00      1          0          0          0          0          0          0          0          0          0
  qpkktref         :       0.00       0.00      0          0          0          0          0          0          0          0          0          0
  redvub           :       0.00       0.00      0          0          0          0          0          0          0          0          0          0
  sparsify         :       0.00       0.00      1          0          0          0          0          0          0          0          0          0
  stuffing         :       0.00       0.00      0          0          0          0          0          0          0          0          0          0
  trivial          :       0.00       0.00      6          0          0          0          0          0          0          0          0          0
  tworowbnd        :       0.00       0.00      0          0          0          0          0          0          0          0          0          0
  dualfix          :       0.00       0.00      6          0          0          0          0          0          0          0          0          0
  genvbounds       :       0.00       0.00      0          0          0          0          0          0          0          0          0          0
  probing          :       0.00       0.00      1          0          0          0          0          0          0          0          0          0
  pseudoobj        :       0.00       0.00      0          0          0          0          0          0          0          0          0          0
  symmetry         :       0.00       0.00      1          0          0          0          0          0          0          0          0          0
  vbounds          :       0.00       0.00      1          0          0          0          0          0          0          0          0          0
  setppc           :       0.00       0.00      2          0          0          0          0          0          0          0          0          0
  and              :       0.00       0.00      4          0       1225          0          0          0       1225          0          0          0
  linear           :       0.00       0.00      8          0         50          0          0          0        150          0         50         50
  logicor          :       0.00       0.00      2          0          0          0          0          0          0          0          0          0
  benders          :       0.00       0.00      0          0          0          0          0          0          0          0          0          0
  components       :       0.00       0.00      1          0          0          0          0          0          0          0          0          0
  root node        :          -          -      -        754          -          -        754          -          -          -          -          -
Constraints        :     Number  MaxNumber  #Separate #Propagate    #EnfoLP    #EnfoRelax  #EnfoPS    #Check   #ResProp    Cutoffs    DomReds       Cuts    Applied      Conss   Children
  benderslp        :          0          0          0          0        184          0          0        101          0          0          0          0          0          0          0
  integral         :          0          0          0          0        184          0          0        101          0          1       1346          0          0        243         60
  setppc           :          0+        57          4       3770          0          0          0         57          1          0          1          0          0          0          0
  and              :       1225       1225        307       5539          1          0          0         96       3674         21       9547        330        162          0          0
  linear           :          1          1         33       5489          1          0          0         71         22         74          0          0          0          0          0
  logicor          :          0+       124         32       1173          0          0          0          0          9         12          2          0          0          0          0
  benders          :          0          0          0          0          1          0          0         70          0          0          0          0          0          0          0
  countsols        :          0          0          0          0          1          0          0         70          0          0          0          0          0          0          0
  components       :          0          0          0          0          0          0          0          0          0          0          0          0          0          0          0
Constraint Timings :  TotalTime  SetupTime   Separate  Propagate     EnfoLP     EnfoPS     EnfoRelax   Check    ResProp    SB-Prop
  benderslp        :       0.00       0.00       0.00       0.00       0.00       0.00       0.00       0.00       0.00       0.00
  integral         :       9.00       0.00       0.00       0.00       9.00       0.00       0.00       0.00       0.00       0.00
  setppc           :       0.00       0.00       0.00       0.00       0.00       0.00       0.00       0.00       0.00       0.00
  and              :       0.00       0.00       0.00       0.00       0.00       0.00       0.00       0.00       0.00       0.00
  linear           :       0.00       0.00       0.00       0.00       0.00       0.00       0.00       0.00       0.00       0.00
  logicor          :       0.00       0.00       0.00       0.00       0.00       0.00       0.00       0.00       0.00       0.00
  benders          :       0.00       0.00       0.00       0.00       0.00       0.00       0.00       0.00       0.00       0.00
  countsols        :       0.00       0.00       0.00       0.00       0.00       0.00       0.00       0.00       0.00       0.00
  components       :       0.00       0.00       0.00       0.00       0.00       0.00       0.00       0.00       0.00       0.00
Propagators        : #Propagate   #ResProp    Cutoffs    DomReds
  dualfix          :          7          0          0          0
  genvbounds       :          0          0          0          0
  nlobbt           :          0          0          0          0
  obbt             :          0          0          0          0
  probing          :          0          0          0          0
  pseudoobj        :        938          0          0          0
  redcost          :        742          0          0       6213
  rootredcost      :          8          0          0         33
  symmetry         :          0          0          0          0
  vbounds          :       5638          0          0          0
Propagator Timings :  TotalTime  SetupTime   Presolve  Propagate    ResProp    SB-Prop
  dualfix          :       0.00       0.00       0.00       0.00       0.00       0.00
  genvbounds       :       0.00       0.00       0.00       0.00       0.00       0.00
  nlobbt           :       0.00       0.00       0.00       0.00       0.00       0.00
  obbt             :       0.00       0.00       0.00       0.00       0.00       0.00
  probing          :       0.00       0.00       0.00       0.00       0.00       0.00
  pseudoobj        :       0.00       0.00       0.00       0.00       0.00       0.00
  redcost          :       0.00       0.00       0.00       0.00       0.00       0.00
  rootredcost      :       0.00       0.00       0.00       0.00       0.00       0.00
  symmetry         :       0.00       0.00       0.00       0.00       0.00       0.00
  vbounds          :       0.00       0.00       0.00       0.00       0.00       0.00
Conflict Analysis  :       Time      Calls    Success    DomReds  Conflicts   Literals    Reconvs ReconvLits   Dualrays   Nonzeros   LP Iters   (pool size: [10000,10000])
  propagation      :       0.00         34         34          -         74       28.0          0        0.0          -          -          -
  infeasible LP    :       0.00          0          0          -          0        0.0          0        0.0          0        0.0          0
  bound exceed. LP :       0.00        470        106          -        486       47.5          0        0.0         28        1.0       3963
  strong branching :       0.00          0          0          -          0        0.0          0        0.0          -          -          0
  pseudo solution  :       0.00          0          0          -          0        0.0          0        0.0          -          -          -
  applied globally :       0.00          -          -         28        303       30.9          -          -         28          -          -
  applied locally  :          -          -          -          0          0        0.0          -          -          0          -          -
Separators         :   ExecTime  SetupTime      Calls    Cutoffs    DomReds       Cuts    Applied      Conss
  cut pool         :       0.00                   111          -          -       1472          -          -    (maximal pool size: 1734)
  aggregation      :       0.00       0.00         74          0          0          0          0          0
  cgmip            :       0.00       0.00          0          0          0          0          0          0
  clique           :       0.00       0.00         33          0          0          0          0          0
  closecuts        :       0.00       0.00          0          0          0          0          0          0
  cmir             :       0.00       0.00          0          0          0          0          0          0
  convexproj       :       0.00       0.00          0          0          0          0          0          0
  disjunctive      :       0.00       0.00          0          0          0          0          0          0
  eccuts           :       0.00       0.00          0          0          0          0          0          0
  flowcover        :       0.00       0.00          0          0          0          0          0          0
  gauge            :       0.00       0.00          0          0          0          0          0          0
  gomory           :       1.00       0.00         20          0          0        496         56          0
  impliedbounds    :       0.00       0.00         74          0          0        187        141          0
  intobj           :       0.00       0.00          0          0          0          0          0          0
  mcf              :       0.00       0.00          1          0          0          0          0          0
  oddcycle         :       0.00       0.00          0          0          0          0          0          0
  rapidlearning    :       0.00       0.00          0          0          0          0          0          0
  strongcg         :       1.00       0.00         20          0          0        962         15          0
  zerohalf         :       0.00       0.00         30          0          0         89         84          0
Pricers            :   ExecTime  SetupTime      Calls       Vars
  problem variables:       0.00          -          0          0
Branching Rules    :   ExecTime  SetupTime   BranchLP  BranchExt   BranchPS    Cutoffs    DomReds       Cuts      Conss   Children
  allfullstrong    :       0.00       0.00          0          0          0          0          0          0          0          0
  cloud            :       0.00       0.00          0          0          0          0          0          0          0          0
  distribution     :       0.00       0.00          0          0          0          0          0          0          0          0
  fullstrong       :       0.00       0.00          0          0          0          0          0          0          0          0
  inference        :       0.00       0.00          0          0          0          0          0          0          0          0
  leastinf         :       0.00       0.00          0          0          0          0          0          0          0          0
  lookahead        :       0.00       0.00          0          0          0          0          0          0          0          0
  mostinf          :       0.00       0.00          0          0          0          0          0          0          0          0
  multaggr         :       0.00       0.00          0          0          0          0          0          0          0          0
  nodereopt        :       0.00       0.00          0          0          0          0          0          0          0          0
  pscost           :       0.00       0.00          0          0          0          0          0          0          0          0
  random           :       0.00       0.00          0          0          0          0          0          0          0          0
  relpscost        :       9.00       0.00        183          0          0          1       1346          0        261         60
  vanillafullstrong:       0.00       0.00          0          0          0          0          0          0          0          0
Primal Heuristics  :   ExecTime  SetupTime      Calls      Found       Best
  LP solutions     :       0.00          -          -          1          1
  relax solutions  :       0.00          -          -          0          0
  pseudo solutions :       0.00          -          -          0          0
  strong branching :       0.00          -          -          5          5
  actconsdiving    :       0.00       0.00          0          0          0
  adaptivediving   :       0.00       0.00          0          0          0
  alns             :       0.00       0.00          1          2          2
  bound            :       0.00       0.00          0          0          0
  clique           :       0.00       0.00          1          1          1
  coefdiving       :       0.00       0.00          0          0          0
  completesol      :       0.00       0.00          0          0          0
  conflictdiving   :       0.00       0.00          1          0          0
  crossover        :       0.00       0.00          0          0          0
  dins             :       0.00       0.00          0          0          0
  distributiondivin:       0.00       0.00          0          0          0
  dualval          :       0.00       0.00          0          0          0
  farkasdiving     :       0.00       0.00          1          0          0
  feaspump         :       0.00       0.00          0          0          0
  fixandinfer      :       0.00       0.00          0          0          0
  fracdiving       :       0.00       0.00          0          0          0
  gins             :       0.00       0.00          0          0          0
  guideddiving     :       0.00       0.00          0          0          0
  indicator        :       0.00       0.00          0          0          0
  intdiving        :       0.00       0.00          0          0          0
  intshifting      :       0.00       0.00          0          0          0
  linesearchdiving :       0.00       0.00          0          0          0
  localbranching   :       0.00       0.00          0          0          0
  locks            :       0.00       0.00          1          0          0
  lpface           :       0.00       0.00          0          0          0
  mpec             :       0.00       0.00          0          0          0
  multistart       :       0.00       0.00          0          0          0
  mutation         :       0.00       0.00          0          0          0
  nlpdiving        :       0.00       0.00          0          0          0
  objpscostdiving  :       0.00       0.00          0          0          0
  octane           :       0.00       0.00          0          0          0
  ofins            :       0.00       0.00          0          0          0
  oneopt           :       0.00       0.00         12          0          0
  padm             :       0.00       0.00          0          0          0
  proximity        :       0.00       0.00          0          0          0
  pscostdiving     :       0.00       0.00          0          0          0
  randrounding     :       0.00       0.00         36          0          0
  rens             :       0.00       0.00          1          0          0
  reoptsols        :       0.00       0.00          0          0          0
  repair           :       0.00       0.00          0          0          0
  rins             :       0.00       0.00          0          0          0
  rootsoldiving    :       0.00       0.00          0          0          0
  rounding         :       0.00       0.00        223          1          1
  shiftandpropagate:       0.00       0.00          0          0          0
  shifting         :       0.00       0.00         85         59          4
  simplerounding   :       0.00       0.00          0          0          0
  subnlp           :       0.00       0.00          0          0          0
  trivial          :       0.00       0.00          2          0          0
  trivialnegation  :       0.00       0.00          0          0          0
  trustregion      :       0.00       0.00          0          0          0
  trysol           :       0.00       0.00          0          0          0
  twoopt           :       0.00       0.00          0          0          0
  undercover       :       0.00       0.00          1          0          0
  vbounds          :       0.00       0.00          1          1          1
  veclendiving     :       0.00       0.00          0          0          0
  zeroobj          :       0.00       0.00          0          0          0
  zirounding       :       0.00       0.00         30          0          0
  other solutions  :          -          -          -          0          -
Diving (single)    :      Calls      Nodes   LP Iters Backtracks  Conflicts   MinDepth   MaxDepth   AvgDepth  RoundSols  NLeafSols  MinSolDpt  MaxSolDpt  AvgSolDpt
  actconsdiving    :          0          -          -          -          -          -          -          -          -          -          -          -          -
  coefdiving       :          0          -          -          -          -          -          -          -          -          -          -          -          -
  conflictdiving   :          1         15          0          3          0         13         13       13.0          0          -          -          -          -
  distributiondivin:          0          -          -          -          -          -          -          -          -          -          -          -          -
  farkasdiving     :          1         12        423          1          0         12         12       12.0          0          -          -          -          -
  fracdiving       :          0          -          -          -          -          -          -          -          -          -          -          -          -
  guideddiving     :          0          -          -          -          -          -          -          -          -          -          -          -          -
  linesearchdiving :          0          -          -          -          -          -          -          -          -          -          -          -          -
  pscostdiving     :          0          -          -          -          -          -          -          -          -          -          -          -          -
  veclendiving     :          0          -          -          -          -          -          -          -          -          -          -          -          -
Diving (adaptive)  :      Calls      Nodes   LP Iters Backtracks  Conflicts   MinDepth   MaxDepth   AvgDepth  RoundSols  NLeafSols  MinSolDpt  MaxSolDpt  AvgSolDpt
  actconsdiving    :          0          -          -          -          -          -          -          -          -          -          -          -          -
  coefdiving       :          0          -          -          -          -          -          -          -          -          -          -          -          -
  conflictdiving   :          0          -          -          -          -          -          -          -          -          -          -          -          -
  distributiondivin:          0          -          -          -          -          -          -          -          -          -          -          -          -
  farkasdiving     :          0          -          -          -          -          -          -          -          -          -          -          -          -
  fracdiving       :          0          -          -          -          -          -          -          -          -          -          -          -          -
  guideddiving     :          0          -          -          -          -          -          -          -          -          -          -          -          -
  linesearchdiving :          0          -          -          -          -          -          -          -          -          -          -          -          -
  pscostdiving     :          0          -          -          -          -          -          -          -          -          -          -          -          -
  veclendiving     :          0          -          -          -          -          -          -          -          -          -          -          -          -
Neighborhoods      :      Calls  SetupTime  SolveTime SolveNodes       Sols       Best       Exp3  EpsGreedy        UCB TgtFixRate  Opt  Inf Node Stal  Sol  Usr Othr Actv
  rens             :          0       0.00       0.00          0          0          0    0.00000   -1.00000    1.00000      0.900    0    0    0    0    0    0    0    1
  rins             :          0       0.00       0.00          0          0          0    0.00000   -1.00000    1.00000      0.900    0    0    0    0    0    0    0    1
  mutation         :          0       0.00       0.00          0          0          0    0.00000   -1.00000    1.00000      0.900    0    0    0    0    0    0    0    1
  localbranching   :          0       0.00       0.00          0          0          0    0.00000   -1.00000    1.00000      0.900    0    0    0    0    0    0    0    1
  crossover        :          0       0.00       0.00          0          0          0    0.00000   -1.00000    1.00000      0.900    0    0    0    0    0    0    0    1
  proximity        :          0       0.00       0.00          0          0          0    0.00000   -1.00000    1.00000      0.900    0    0    0    0    0    0    0    1
  zeroobjective    :          0       0.00       0.00          0          0          0    0.00000   -1.00000    1.00000      0.900    0    0    0    0    0    0    0    1
  dins             :          1       0.00       0.00         33          2          2    0.00000   -1.00000    1.00000      0.700    1    0    0    0    0    0    0    1
  trustregion      :          0       0.00       0.00          0          0          0    0.00000   -1.00000    1.00000      0.900    0    0    0    0    0    0    0    0
LP                 :       Time      Calls Iterations  Iter/call   Iter/sec  Time-0-It Calls-0-It    ItLimit
  primal LP        :       0.00         13          0       0.00          -       0.00         13
  dual LP          :       0.00        576       8091      25.52          -       0.00        259
  lex dual LP      :       0.00          0          0       0.00          -
  barrier LP       :       0.00          0          0       0.00          -       0.00          0
  resolve instable :       0.00          0          0       0.00          -
  diving/probing LP:       0.00         16        531      33.19          -
  strong branching :       8.00        974      75747      77.77    9468.38          -          -          2
    (at root node) :          -         19       6428     338.32          -
  conflict analysis:       0.00        405       3963       9.79          -
B&B Tree           :
  number of runs   :          1
  nodes            :         60 (30 internal, 30 leaves)
  feasible leaves  :          1
  infeas. leaves   :          1
  objective leaves :         28
  nodes (total)    :         60 (30 internal, 30 leaves)
  nodes left       :          0
  max depth        :         12
  max depth (total):         12
  backtracks       :         14 (23.3%)
  early backtracks :          0 (0.0%)
  nodes exc. ref.  :          0 (0.0%)
  delayed cutoffs  :          0
  repropagations   :          6 (0 domain reductions, 0 cutoffs)
  avg switch length:       3.40
  switching time   :       0.00
Estim. Tree Size   :         61
Estimation Tree    : 61 nodes (61 visited, 30 internal, 31 leaves, 0 open), weight: 1.0000 completed 1.0000
Estimations        :      estim      value      trend resolution     smooth
  wbe              :         61          -          -          -          -
  tree-profile     :         -1          -          -          -          -
  gap              :         61    1.00000    0.05337          1        115
  tree-weight      :         61    1.00000    0.04722          1         65
  leaf-frequency   :         61    0.50000    0.00186          1         64
  ssg              :         61    0.00000   -0.02507          1         64
  open-nodes       :         61    0.00000   -0.26947          1         64
Root Node          :
  First LP value   : -4.45760511812855e-02
  First LP Iters   :        334
  First LP Time    :       0.00
  Final Dual Bound : -1.72071748509457e-02
  Final Root Iters :       1322
  Root LP Estimate : +2.22559249305970e-02
Solution           :
  Solutions found  :         70 (15 improvements)
  First Solution   : +2.09884850577807e-02   (in run 1, after 1 nodes, 0.00 seconds, depth 28, found by <clique>)
  Gap First Sol.   :   infinite
  Gap Last Sol.    :     131.07 %
  Primal Bound     : -5.91730494063908e-03   (in run 1, after 50 nodes, 10.00 seconds, depth 8, found by <rounding>)
  Dual Bound       : -5.91730494063908e-03
  Gap              :       0.00 %
Integrals          :      Total       Avg%
  primal-dual      :     851.22      77.38
  primal-ref       :          -          - (not evaluated)
  dual-ref         :          -          - (not evaluated)
