SCIP version 7.0.2 [precision: 8 byte] [memory: block] [mode: optimized] [LP solver: SoPlex 5.0.2] [GitHash: e9d280a398]
Copyright (C) 2002-2020 Konrad-Zuse-Zentrum fuer Informationstechnik Berlin (ZIB)

External codes: 
  SoPlex 5.0.2         Linear Programming Solver developed at Zuse Institute Berlin (soplex.zib.de) [GitHash: e24c304e]
  CppAD 20180000.0     Algorithmic Differentiation of C++ algorithms developed by B. Bell (www.coin-or.org/CppAD)
  MPIR 3.0.0           Multiple Precision Integers and Rationals Library developed by W. Hart (mpir.org)
  ZIMPL 3.4.0          Zuse Institute Mathematical Programming Language developed by T. Koch (zimpl.zib.de)
  PaPILO 1.0.2         parallel presolve for integer and linear optimization (https://github.com/lgottwald/PaPILO) [GitHash: 62d2842]
  bliss 0.73p          Computing Graph Automorphism Groups by T. Junttila and P. Kaski (http://www.tcs.hut.fi/Software/bliss/)
  Ipopt 3.12.9         Interior Point Optimizer developed by A. Waechter et.al. (www.coin-or.org/Ipopt)

user parameter file <scip.set> not found - using default parameters

read problem <C:\Users\Claubit\Documents\GitHub\embedding\src\lp\scenarioA2_N64_B0.3_classical\IPL_linearized_N64q0.50B19.lp>
============

original problem has 4160 variables (0 bin, 4160 int, 0 impl, 0 cont) and 12289 constraints

solve problem
=============

presolving:
(round 1, fast)       64 del vars, 64 del conss, 0 add conss, 0 chg bounds, 64 chg sides, 64 chg coeffs, 0 upgd conss, 0 impls, 8064 clqs
(round 2, fast)       64 del vars, 192 del conss, 0 add conss, 0 chg bounds, 64 chg sides, 64 chg coeffs, 0 upgd conss, 0 impls, 8064 clqs
   (0.0s) running MILP presolver
   (0.0s) MILP presolver found nothing
(round 3, exhaustive) 64 del vars, 192 del conss, 0 add conss, 0 chg bounds, 64 chg sides, 64 chg coeffs, 12096 upgd conss, 0 impls, 8064 clqs
(round 4, exhaustive) 64 del vars, 12288 del conss, 4032 add conss, 0 chg bounds, 64 chg sides, 64 chg coeffs, 12096 upgd conss, 0 impls, 8064 clqs
(round 5, exhaustive) 2080 del vars, 14304 del conss, 4032 add conss, 0 chg bounds, 64 chg sides, 64 chg coeffs, 12096 upgd conss, 0 impls, 4032 clqs
   (0.0s) probing: 51/2080 (2.5%) - 0 fixings, 0 aggregations, 0 implications, 0 bound changes
   (0.0s) probing aborted: 50/50 successive totally useless probings
   (0.0s) symmetry computation started: requiring (bin +, int -, cont +), (fixed: bin -, int +, cont -)
   (1.0s) no symmetry present
presolving (6 rounds: 6 fast, 4 medium, 4 exhaustive):
 2080 deleted vars, 14304 deleted constraints, 4032 added constraints, 0 tightened bounds, 0 added holes, 64 changed sides, 64 changed coefficients
 0 implications, 4032 cliques
presolved problem has 2080 variables (2080 bin, 0 int, 0 impl, 0 cont) and 2017 constraints
   2016 constraints of type <and>
      1 constraints of type <linear>
Presolving Time: 1.00

 time | node  | left  |LP iter|LP it/n|mem/heur|mdpt |vars |cons |rows |cuts |sepa|confs|strbr|  dualbound   | primalbound  |  gap   | compl. 
p 1.0s|     1 |     0 |     0 |     - |  clique|   0 |2080 |2017 |4033 |   0 |  0 |   0 |   0 |-2.220165e-01 |-7.479413e-02 | 196.84%| unknown
  1.0s|     1 |     0 |   674 |     - |    46M |   0 |2080 |2017 |4033 |   0 |  0 |   0 |   0 |-1.251957e-01 |-7.479413e-02 |  67.39%| unknown
r 1.0s|     1 |     0 |   674 |     - |shifting|   0 |2080 |2023 |4033 |   0 |  0 |   6 |   0 |-1.251957e-01 |-7.833631e-02 |  59.82%| unknown
L 1.0s|     1 |     0 |   674 |     - |undercov|   0 |2080 |2023 |4033 |   0 |  0 |   6 |   0 |-1.251957e-01 |-1.178408e-01 |   6.24%| unknown
  1.0s|     1 |     0 |   921 |     - |    48M |   0 |2080 |2023 |4252 | 219 |  1 |   6 |   0 |-1.180574e-01 |-1.178408e-01 |   0.18%| unknown
  1.0s|     1 |     0 |   921 |     - |    48M |   0 |2080 |2024 |1209 | 219 |  1 |   7 |   0 |-1.180574e-01 |-1.178408e-01 |   0.18%| unknown
  1.0s|     1 |     0 |   954 |     - |    48M |   0 |2080 |2018 |1209 | 219 |  2 |   7 |   0 |-1.178408e-01 |-1.178408e-01 |   0.00%| unknown
  1.0s|     1 |     0 |   954 |     - |    48M |   0 |2080 |2018 |1209 | 219 |  2 |   7 |   0 |-1.178408e-01 |-1.178408e-01 |   0.00%| unknown

SCIP Status        : problem is solved [optimal solution found]
Solving Time (sec) : 1.00
Solving Nodes      : 1
Primal Bound       : -1.17840806729483e-01 (3 solutions)
Dual Bound         : -1.17840806729483e-01
Gap                : 0.00 %

primal solution (original space):
=================================

objective value:                   -0.117840806729483
y(1,1)                                              1 	(obj:0.000156888670269452)
y(1,4)                                              1 	(obj:8.20863194190837e-05)
y(1,6)                                              1 	(obj:-1.37581557082174e-05)
y(1,9)                                              1 	(obj:3.52693512963847e-05)
y(1,12)                                             1 	(obj:7.74272738432174e-05)
y(1,18)                                             1 	(obj:7.04330278861334e-05)
y(1,22)                                             1 	(obj:1.53745293293572e-05)
y(1,24)                                             1 	(obj:-7.65731846302876e-05)
y(1,26)                                             1 	(obj:7.37894653185312e-05)
y(1,33)                                             1 	(obj:6.78276159134789e-05)
y(1,38)                                             1 	(obj:8.47176939522628e-05)
y(1,39)                                             1 	(obj:9.590571725302e-05)
y(1,40)                                             1 	(obj:0.000111402839773132)
y(1,46)                                             1 	(obj:1.69358787066781e-05)
y(1,49)                                             1 	(obj:1.66021016650762e-05)
y(1,59)                                             1 	(obj:9.57418611032156e-05)
y(1,61)                                             1 	(obj:3.7345729181461e-05)
y(1,62)                                             1 	(obj:6.19200955717923e-05)
y(1,63)                                             1 	(obj:7.88577399525604e-05)
y(4,1)                                              1 	(obj:8.20863194190837e-05)
y(4,4)                                              1 	(obj:9.58826771815638e-05)
y(4,6)                                              1 	(obj:1.6674153162717e-05)
y(4,9)                                              1 	(obj:2.29762213874253e-05)
y(4,12)                                             1 	(obj:4.74670081103889e-05)
y(4,18)                                             1 	(obj:4.51786309393597e-05)
y(4,22)                                             1 	(obj:2.07303981453677e-05)
y(4,24)                                             1 	(obj:-2.8505743245841e-05)
y(4,26)                                             1 	(obj:2.31299861807073e-05)
y(4,33)                                             1 	(obj:1.01440266735923e-05)
y(4,38)                                             1 	(obj:4.71563366870252e-05)
y(4,39)                                             1 	(obj:8.88938528441275e-05)
y(4,40)                                             1 	(obj:7.07533879155179e-05)
y(4,46)                                             1 	(obj:9.1124633907824e-06)
y(4,49)                                             1 	(obj:1.4810364288324e-05)
y(4,59)                                             1 	(obj:2.48885028253647e-05)
y(4,61)                                             1 	(obj:2.01718040829745e-05)
y(4,62)                                             1 	(obj:3.19991467856935e-05)
y(4,63)                                             1 	(obj:8.44857672932508e-05)
y(6,1)                                              1 	(obj:-1.37581557082174e-05)
y(6,4)                                              1 	(obj:1.6674153162717e-05)
y(6,6)                                              1 	(obj:0.000138540100508781)
y(6,9)                                              1 	(obj:5.78787072034873e-06)
y(6,12)                                             1 	(obj:2.32440483850717e-06)
y(6,18)                                             1 	(obj:2.33319204695121e-05)
y(6,22)                                             1 	(obj:4.41338501430625e-05)
y(6,24)                                             1 	(obj:0.000119103339786537)
y(6,26)                                             1 	(obj:-1.32174969118002e-05)
y(6,33)                                             1 	(obj:-2.97902628253549e-05)
y(6,38)                                             1 	(obj:3.50530064647334e-05)
y(6,39)                                             1 	(obj:2.34873442831195e-05)
y(6,40)                                             1 	(obj:4.84919464460262e-05)
y(6,46)                                             1 	(obj:2.14037336241299e-05)
y(6,49)                                             1 	(obj:7.80040745176129e-06)
y(6,59)                                             1 	(obj:-1.51336154157856e-05)
y(6,61)                                             1 	(obj:-7.71926774345014e-06)
y(6,62)                                             1 	(obj:1.93490831849765e-05)
y(6,63)                                             1 	(obj:6.3254561890566e-05)
y(9,1)                                              1 	(obj:3.52693512963847e-05)
y(9,4)                                              1 	(obj:2.29762213874253e-05)
y(9,6)                                              1 	(obj:5.78787072034873e-06)
y(9,9)                                              1 	(obj:6.17508574368933e-05)
y(9,12)                                             1 	(obj:3.27941265822756e-05)
y(9,18)                                             1 	(obj:1.91389488049477e-05)
y(9,22)                                             1 	(obj:-8.6329730022736e-06)
y(9,24)                                             1 	(obj:-9.13610190963255e-06)
y(9,26)                                             1 	(obj:2.2584158271269e-05)
y(9,33)                                             1 	(obj:3.41501182336809e-05)
y(9,38)                                             1 	(obj:2.59824941322844e-05)
y(9,39)                                             1 	(obj:1.28084534176858e-05)
y(9,40)                                             1 	(obj:2.68944459477334e-05)
y(9,46)                                             1 	(obj:2.48688534440945e-05)
y(9,49)                                             1 	(obj:-1.5969752328982e-05)
y(9,59)                                             1 	(obj:1.75904695709328e-05)
y(9,61)                                             1 	(obj:6.48286916778267e-05)
y(9,62)                                             1 	(obj:2.20198536346543e-05)
y(9,63)                                             1 	(obj:1.77825745828909e-06)
y(12,1)                                             1 	(obj:7.74272738432174e-05)
y(12,4)                                             1 	(obj:4.74670081103889e-05)
y(12,6)                                             1 	(obj:2.32440483850717e-06)
y(12,9)                                             1 	(obj:3.27941265822756e-05)
y(12,12)                                            1 	(obj:9.00038678437625e-05)
y(12,18)                                            1 	(obj:1.87495178867727e-05)
y(12,22)                                            1 	(obj:1.00410421887645e-05)
y(12,24)                                            1 	(obj:-5.03917032108093e-05)
y(12,26)                                            1 	(obj:4.4166424506033e-05)
y(12,33)                                            1 	(obj:4.04987271853178e-05)
y(12,38)                                            1 	(obj:3.91283118175767e-05)
y(12,39)                                            1 	(obj:2.20670512375902e-05)
y(12,40)                                            1 	(obj:4.66728705418021e-05)
y(12,46)                                            1 	(obj:-5.66597297331604e-06)
y(12,49)                                            1 	(obj:2.76303478517526e-06)
y(12,59)                                            1 	(obj:3.07735253001387e-05)
y(12,61)                                            1 	(obj:2.63951147960687e-05)
y(12,62)                                            1 	(obj:4.19846381828066e-05)
y(12,63)                                            1 	(obj:4.36603821606344e-05)
y(18,1)                                             1 	(obj:7.04330278861334e-05)
y(18,4)                                             1 	(obj:4.51786309393597e-05)
y(18,6)                                             1 	(obj:2.33319204695121e-05)
y(18,9)                                             1 	(obj:1.91389488049477e-05)
y(18,12)                                            1 	(obj:1.87495178867727e-05)
y(18,18)                                            1 	(obj:0.000123704584393659)
y(18,22)                                            1 	(obj:4.60867690616201e-05)
y(18,24)                                            1 	(obj:6.07821100003893e-06)
y(18,26)                                            1 	(obj:3.60007221453918e-05)
y(18,33)                                            1 	(obj:4.06164466085497e-05)
y(18,38)                                            1 	(obj:7.63166312538251e-05)
y(18,39)                                            1 	(obj:1.16146993179167e-05)
y(18,40)                                            1 	(obj:5.38803873183899e-05)
y(18,46)                                            1 	(obj:3.29372364458859e-05)
y(18,49)                                            1 	(obj:4.89766771017602e-05)
y(18,59)                                            1 	(obj:4.64093118815823e-05)
y(18,61)                                            1 	(obj:2.72777912122786e-05)
y(18,62)                                            1 	(obj:3.99609353270293e-05)
y(18,63)                                            1 	(obj:6.3406557280347e-05)
y(22,1)                                             1 	(obj:1.53745293293572e-05)
y(22,4)                                             1 	(obj:2.07303981453677e-05)
y(22,6)                                             1 	(obj:4.41338501430625e-05)
y(22,9)                                             1 	(obj:-8.6329730022736e-06)
y(22,12)                                            1 	(obj:1.00410421887645e-05)
y(22,18)                                            1 	(obj:4.60867690616201e-05)
y(22,22)                                            1 	(obj:7.5648482051589e-05)
y(22,24)                                            1 	(obj:5.30361734152043e-05)
y(22,26)                                            1 	(obj:-3.04871712937135e-06)
y(22,33)                                            1 	(obj:-1.13619013817996e-06)
y(22,38)                                            1 	(obj:4.27856883568921e-05)
y(22,39)                                            1 	(obj:-1.63957275437283e-05)
y(22,40)                                            1 	(obj:7.11665202042394e-05)
y(22,46)                                            1 	(obj:1.40405157481849e-05)
y(22,49)                                            1 	(obj:3.73159032950477e-05)
y(22,59)                                            1 	(obj:-3.56117850671179e-06)
y(22,61)                                            1 	(obj:-7.01731840341653e-06)
y(22,62)                                            1 	(obj:1.9363662748221e-05)
y(22,63)                                            1 	(obj:5.61077085589887e-05)
y(24,1)                                             1 	(obj:-7.65731846302876e-05)
y(24,4)                                             1 	(obj:-2.8505743245841e-05)
y(24,6)                                             1 	(obj:0.000119103339786537)
y(24,9)                                             1 	(obj:-9.13610190963255e-06)
y(24,12)                                            1 	(obj:-5.03917032108093e-05)
y(24,18)                                            1 	(obj:6.07821100003893e-06)
y(24,22)                                            1 	(obj:5.30361734152043e-05)
y(24,24)                                            1 	(obj:0.00019783029823718)
y(24,26)                                            1 	(obj:-4.55248733426972e-05)
y(24,33)                                            1 	(obj:-6.02092648021777e-05)
y(24,38)                                            1 	(obj:-3.7113345026654e-06)
y(24,39)                                            1 	(obj:-1.08415244537194e-05)
y(24,40)                                            1 	(obj:4.03732952329021e-05)
y(24,46)                                            1 	(obj:3.09289739930759e-05)
y(24,49)                                            1 	(obj:3.45722328476896e-05)
y(24,59)                                            1 	(obj:-4.15765556345702e-05)
y(24,61)                                            1 	(obj:-3.75337557962276e-06)
y(24,62)                                            1 	(obj:-1.97835772930004e-05)
y(24,63)                                            1 	(obj:2.9121033612227e-05)
y(26,1)                                             1 	(obj:7.37894653185312e-05)
y(26,4)                                             1 	(obj:2.31299861807073e-05)
y(26,6)                                             1 	(obj:-1.32174969118002e-05)
y(26,9)                                             1 	(obj:2.2584158271269e-05)
y(26,12)                                            1 	(obj:4.4166424506033e-05)
y(26,18)                                            1 	(obj:3.60007221453918e-05)
y(26,22)                                            1 	(obj:-3.04871712937135e-06)
y(26,24)                                            1 	(obj:-4.55248733426972e-05)
y(26,26)                                            1 	(obj:9.71064952346514e-05)
y(26,33)                                            1 	(obj:5.93866927456893e-05)
y(26,38)                                            1 	(obj:5.38354882110319e-05)
y(26,39)                                            1 	(obj:-3.46942049280105e-05)
y(26,40)                                            1 	(obj:2.08096482556017e-05)
y(26,46)                                            1 	(obj:1.2668948275047e-05)
y(26,49)                                            1 	(obj:-1.99117445456085e-06)
y(26,59)                                            1 	(obj:4.32484576190879e-05)
y(26,61)                                            1 	(obj:3.16099257240384e-05)
y(26,62)                                            1 	(obj:3.58975476309679e-05)
y(26,63)                                            1 	(obj:1.55313247762143e-05)
y(33,1)                                             1 	(obj:6.78276159134789e-05)
y(33,4)                                             1 	(obj:1.01440266735923e-05)
y(33,6)                                             1 	(obj:-2.97902628253549e-05)
y(33,9)                                             1 	(obj:3.41501182336809e-05)
y(33,12)                                            1 	(obj:4.04987271853178e-05)
y(33,18)                                            1 	(obj:4.06164466085497e-05)
y(33,22)                                            1 	(obj:-1.13619013817996e-06)
y(33,24)                                            1 	(obj:-6.02092648021777e-05)
y(33,26)                                            1 	(obj:5.93866927456893e-05)
y(33,33)                                            1 	(obj:8.76410679266347e-05)
y(33,38)                                            1 	(obj:5.91891263855223e-05)
y(33,39)                                            1 	(obj:-1.96343604890075e-05)
y(33,40)                                            1 	(obj:3.10037904168951e-05)
y(33,46)                                            1 	(obj:2.41339835657193e-05)
y(33,49)                                            1 	(obj:5.02161449276489e-06)
y(33,59)                                            1 	(obj:4.04864082222203e-05)
y(33,61)                                            1 	(obj:4.45261986487814e-05)
y(33,62)                                            1 	(obj:3.67405969499671e-05)
y(33,63)                                            1 	(obj:3.05488513575398e-07)
y(38,1)                                             1 	(obj:8.47176939522628e-05)
y(38,4)                                             1 	(obj:4.71563366870252e-05)
y(38,6)                                             1 	(obj:3.50530064647334e-05)
y(38,9)                                             1 	(obj:2.59824941322844e-05)
y(38,12)                                            1 	(obj:3.91283118175767e-05)
y(38,18)                                            1 	(obj:7.63166312538251e-05)
y(38,22)                                            1 	(obj:4.27856883568921e-05)
y(38,24)                                            1 	(obj:-3.7113345026654e-06)
y(38,26)                                            1 	(obj:5.38354882110319e-05)
y(38,33)                                            1 	(obj:5.91891263855223e-05)
y(38,38)                                            1 	(obj:0.000110676908784747)
y(38,39)                                            1 	(obj:3.49259672503933e-05)
y(38,40)                                            1 	(obj:0.0001039577194916)
y(38,46)                                            1 	(obj:4.87224250598425e-05)
y(38,49)                                            1 	(obj:4.1820178276724e-05)
y(38,59)                                            1 	(obj:6.26592344692753e-05)
y(38,61)                                            1 	(obj:2.63297810030385e-05)
y(38,62)                                            1 	(obj:4.63133465864571e-05)
y(38,63)                                            1 	(obj:6.30909214404476e-05)
y(39,1)                                             1 	(obj:9.590571725302e-05)
y(39,4)                                             1 	(obj:8.88938528441275e-05)
y(39,6)                                             1 	(obj:2.34873442831195e-05)
y(39,9)                                             1 	(obj:1.28084534176858e-05)
y(39,12)                                            1 	(obj:2.20670512375902e-05)
y(39,18)                                            1 	(obj:1.16146993179167e-05)
y(39,22)                                            1 	(obj:-1.63957275437283e-05)
y(39,24)                                            1 	(obj:-1.08415244537194e-05)
y(39,26)                                            1 	(obj:-3.46942049280105e-05)
y(39,33)                                            1 	(obj:-1.96343604890075e-05)
y(39,38)                                            1 	(obj:3.49259672503933e-05)
y(39,39)                                            1 	(obj:0.000469155687845648)
y(39,40)                                            1 	(obj:3.67653958109272e-05)
y(39,46)                                            1 	(obj:-5.79335026816575e-07)
y(39,49)                                            1 	(obj:5.94056825515577e-06)
y(39,59)                                            1 	(obj:8.88460962435933e-05)
y(39,61)                                            1 	(obj:-2.1920733191028e-05)
y(39,62)                                            1 	(obj:2.38123688439821e-05)
y(39,63)                                            1 	(obj:4.40179016172302e-05)
y(40,1)                                             1 	(obj:0.000111402839773132)
y(40,4)                                             1 	(obj:7.07533879155179e-05)
y(40,6)                                             1 	(obj:4.84919464460262e-05)
y(40,9)                                             1 	(obj:2.68944459477334e-05)
y(40,12)                                            1 	(obj:4.66728705418021e-05)
y(40,18)                                            1 	(obj:5.38803873183899e-05)
y(40,22)                                            1 	(obj:7.11665202042394e-05)
y(40,24)                                            1 	(obj:4.03732952329021e-05)
y(40,26)                                            1 	(obj:2.08096482556017e-05)
y(40,33)                                            1 	(obj:3.10037904168951e-05)
y(40,38)                                            1 	(obj:0.0001039577194916)
y(40,39)                                            1 	(obj:3.67653958109272e-05)
y(40,40)                                            1 	(obj:0.000277468979939043)
y(40,46)                                            1 	(obj:8.38592450982903e-05)
y(40,49)                                            1 	(obj:0.000100491106885164)
y(40,59)                                            1 	(obj:1.65693384765341e-05)
y(40,61)                                            1 	(obj:4.67406056290707e-05)
y(40,62)                                            1 	(obj:4.2051739684447e-05)
y(40,63)                                            1 	(obj:0.000136177340171929)
y(46,1)                                             1 	(obj:1.69358787066781e-05)
y(46,4)                                             1 	(obj:9.1124633907824e-06)
y(46,6)                                             1 	(obj:2.14037336241299e-05)
y(46,9)                                             1 	(obj:2.48688534440945e-05)
y(46,12)                                            1 	(obj:-5.66597297331604e-06)
y(46,18)                                            1 	(obj:3.29372364458859e-05)
y(46,22)                                            1 	(obj:1.40405157481849e-05)
y(46,24)                                            1 	(obj:3.09289739930759e-05)
y(46,26)                                            1 	(obj:1.2668948275047e-05)
y(46,33)                                            1 	(obj:2.41339835657193e-05)
y(46,38)                                            1 	(obj:4.87224250598425e-05)
y(46,39)                                            1 	(obj:-5.79335026816575e-07)
y(46,40)                                            1 	(obj:8.38592450982903e-05)
y(46,46)                                            1 	(obj:6.74779281918678e-05)
y(46,49)                                            1 	(obj:5.65069442966465e-05)
y(46,59)                                            1 	(obj:-6.22278918137712e-06)
y(46,61)                                            1 	(obj:3.75153076810419e-05)
y(46,62)                                            1 	(obj:4.87552445968127e-06)
y(46,63)                                            1 	(obj:2.37322133697632e-05)
y(49,1)                                             1 	(obj:1.66021016650762e-05)
y(49,4)                                             1 	(obj:1.4810364288324e-05)
y(49,6)                                             1 	(obj:7.80040745176129e-06)
y(49,9)                                             1 	(obj:-1.5969752328982e-05)
y(49,12)                                            1 	(obj:2.76303478517526e-06)
y(49,18)                                            1 	(obj:4.89766771017602e-05)
y(49,22)                                            1 	(obj:3.73159032950477e-05)
y(49,24)                                            1 	(obj:3.45722328476896e-05)
y(49,26)                                            1 	(obj:-1.99117445456085e-06)
y(49,33)                                            1 	(obj:5.02161449276489e-06)
y(49,38)                                            1 	(obj:4.1820178276724e-05)
y(49,39)                                            1 	(obj:5.94056825515577e-06)
y(49,40)                                            1 	(obj:0.000100491106885164)
y(49,46)                                            1 	(obj:5.65069442966465e-05)
y(49,49)                                            1 	(obj:0.000122389345769142)
y(49,59)                                            1 	(obj:-1.26979654554145e-05)
y(49,61)                                            1 	(obj:-9.16604285830609e-07)
y(49,62)                                            1 	(obj:2.4054046696548e-06)
y(49,63)                                            1 	(obj:5.70008123336241e-05)
y(59,1)                                             1 	(obj:9.57418611032156e-05)
y(59,4)                                             1 	(obj:2.48885028253647e-05)
y(59,6)                                             1 	(obj:-1.51336154157856e-05)
y(59,9)                                             1 	(obj:1.75904695709328e-05)
y(59,12)                                            1 	(obj:3.07735253001387e-05)
y(59,18)                                            1 	(obj:4.64093118815823e-05)
y(59,22)                                            1 	(obj:-3.56117850671179e-06)
y(59,24)                                            1 	(obj:-4.15765556345702e-05)
y(59,26)                                            1 	(obj:4.32484576190879e-05)
y(59,33)                                            1 	(obj:4.04864082222203e-05)
y(59,38)                                            1 	(obj:6.26592344692753e-05)
y(59,39)                                            1 	(obj:8.88460962435933e-05)
y(59,40)                                            1 	(obj:1.65693384765341e-05)
y(59,46)                                            1 	(obj:-6.22278918137712e-06)
y(59,49)                                            1 	(obj:-1.26979654554145e-05)
y(59,59)                                            1 	(obj:0.000201880812570613)
y(59,61)                                            1 	(obj:1.237447830845e-05)
y(59,62)                                            1 	(obj:4.81016164080329e-05)
y(59,63)                                            1 	(obj:1.82759390995456e-05)
y(61,1)                                             1 	(obj:3.7345729181461e-05)
y(61,4)                                             1 	(obj:2.01718040829745e-05)
y(61,6)                                             1 	(obj:-7.71926774345014e-06)
y(61,9)                                             1 	(obj:6.48286916778267e-05)
y(61,12)                                            1 	(obj:2.63951147960687e-05)
y(61,18)                                            1 	(obj:2.72777912122786e-05)
y(61,22)                                            1 	(obj:-7.01731840341653e-06)
y(61,24)                                            1 	(obj:-3.75337557962276e-06)
y(61,26)                                            1 	(obj:3.16099257240384e-05)
y(61,33)                                            1 	(obj:4.45261986487814e-05)
y(61,38)                                            1 	(obj:2.63297810030385e-05)
y(61,39)                                            1 	(obj:-2.1920733191028e-05)
y(61,40)                                            1 	(obj:4.67406056290707e-05)
y(61,46)                                            1 	(obj:3.75153076810419e-05)
y(61,49)                                            1 	(obj:-9.16604285830609e-07)
y(61,59)                                            1 	(obj:1.237447830845e-05)
y(61,61)                                            1 	(obj:9.16700478022803e-05)
y(61,62)                                            1 	(obj:2.44930134885173e-05)
y(61,63)                                            1 	(obj:2.12611479744198e-05)
y(62,1)                                             1 	(obj:6.19200955717923e-05)
y(62,4)                                             1 	(obj:3.19991467856935e-05)
y(62,6)                                             1 	(obj:1.93490831849765e-05)
y(62,9)                                             1 	(obj:2.20198536346543e-05)
y(62,12)                                            1 	(obj:4.19846381828066e-05)
y(62,18)                                            1 	(obj:3.99609353270293e-05)
y(62,22)                                            1 	(obj:1.9363662748221e-05)
y(62,24)                                            1 	(obj:-1.97835772930004e-05)
y(62,26)                                            1 	(obj:3.58975476309679e-05)
y(62,33)                                            1 	(obj:3.67405969499671e-05)
y(62,38)                                            1 	(obj:4.63133465864571e-05)
y(62,39)                                            1 	(obj:2.38123688439821e-05)
y(62,40)                                            1 	(obj:4.2051739684447e-05)
y(62,46)                                            1 	(obj:4.87552445968127e-06)
y(62,49)                                            1 	(obj:2.4054046696548e-06)
y(62,59)                                            1 	(obj:4.81016164080329e-05)
y(62,61)                                            1 	(obj:2.44930134885173e-05)
y(62,62)                                            1 	(obj:6.08911973522132e-05)
y(62,63)                                            1 	(obj:5.11085991280208e-05)
y(63,1)                                             1 	(obj:7.88577399525604e-05)
y(63,4)                                             1 	(obj:8.44857672932508e-05)
y(63,6)                                             1 	(obj:6.3254561890566e-05)
y(63,9)                                             1 	(obj:1.77825745828909e-06)
y(63,12)                                            1 	(obj:4.36603821606344e-05)
y(63,18)                                            1 	(obj:6.3406557280347e-05)
y(63,22)                                            1 	(obj:5.61077085589887e-05)
y(63,24)                                            1 	(obj:2.9121033612227e-05)
y(63,26)                                            1 	(obj:1.55313247762143e-05)
y(63,33)                                            1 	(obj:3.05488513575398e-07)
y(63,38)                                            1 	(obj:6.30909214404476e-05)
y(63,39)                                            1 	(obj:4.40179016172302e-05)
y(63,40)                                            1 	(obj:0.000136177340171929)
y(63,46)                                            1 	(obj:2.37322133697632e-05)
y(63,49)                                            1 	(obj:5.70008123336241e-05)
y(63,59)                                            1 	(obj:1.82759390995456e-05)
y(63,61)                                            1 	(obj:2.12611479744198e-05)
y(63,62)                                            1 	(obj:5.11085991280208e-05)
y(63,63)                                            1 	(obj:0.000155968639432559)
x(1)                                                1 	(obj:-0.00667286319447288)
x(4)                                                1 	(obj:-0.0072161870538177)
x(6)                                                1 	(obj:-0.00434052323145815)
x(9)                                                1 	(obj:-0.00734965491545315)
x(12)                                               1 	(obj:-0.00659426395713861)
x(18)                                               1 	(obj:-0.00714774089661002)
x(22)                                               1 	(obj:-0.00577469461251162)
x(24)                                               1 	(obj:-0.0059640060439669)
x(26)                                               1 	(obj:-0.00907907859942305)
x(33)                                               1 	(obj:-0.00671525470420422)
x(38)                                               1 	(obj:-0.0103811030697323)
x(39)                                               1 	(obj:-0.00587430953023488)
x(40)                                               1 	(obj:-0.00767175732613424)
x(46)                                               1 	(obj:-0.00625017514616764)
x(49)                                               1 	(obj:-0.00648266643723911)
x(59)                                               1 	(obj:-0.00562873389312421)
x(61)                                               1 	(obj:-0.00746616271732443)
x(62)                                               1 	(obj:-0.00517621098612854)
x(63)                                               1 	(obj:-0.00869773875033351)

Statistics
==========

SCIP Status        : problem is solved [optimal solution found]
Total Time         :       1.00
  solving          :       1.00
  presolving       :       1.00 (included in solving)
  reading          :       0.00
  copying          :       0.00 (1 #copies) (minimal 0.00, maximal 0.00, average 0.00)
Original Problem   :
  Problem name     : C:\Users\Claubit\Documents\GitHub\embedding\src\lp\scenarioA2_N64_B0.3_classical\IPL_linearized_N64q0.50B19.lp
  Variables        : 4160 (0 binary, 4160 integer, 0 implicit integer, 0 continuous)
  Constraints      : 12289 initial, 12289 maximal
  Objective        : minimize, 4158 non-zeros (abs.min = 4.33064e-08, abs.max = 0.0136508)
Presolved Problem  :
  Problem name     : t_C:\Users\Claubit\Documents\GitHub\embedding\src\lp\scenarioA2_N64_B0.3_classical\IPL_linearized_N64q0.50B19.lp
  Variables        : 2080 (2080 binary, 0 integer, 0 implicit integer, 0 continuous)
  Constraints      : 2017 initial, 2024 maximal
  Objective        : minimize, 2079 non-zeros (abs.min = 8.66129e-08, abs.max = 0.0167093)
  Nonzeros         : 6112 constraint, 498 clique table
Presolvers         :   ExecTime  SetupTime  Calls  FixedVars   AggrVars   ChgTypes  ChgBounds   AddHoles    DelCons    AddCons   ChgSides   ChgCoefs
  boundshift       :       0.00       0.00      0          0          0          0          0          0          0          0          0          0
  convertinttobin  :       0.00       0.00      0          0          0          0          0          0          0          0          0          0
  domcol           :       0.00       0.00      1          0          0          0          0          0          0          0          0          0
  dualagg          :       0.00       0.00      0          0          0          0          0          0          0          0          0          0
  dualcomp         :       0.00       0.00      0          0          0          0          0          0          0          0          0          0
  dualinfer        :       0.00       0.00      0          0          0          0          0          0          0          0          0          0
  dualsparsify     :       0.00       0.00      1          0          0          0          0          0          0          0          0          0
  gateextraction   :       0.00       0.00      1          0          0          0          0          0      12096       4032          0          0
  implics          :       0.00       0.00      4          0          0          0          0          0          0          0          0          0
  inttobinary      :       0.00       0.00      0          0          0          0          0          0          0          0          0          0
  milp             :       0.00       0.00      1          0          0          0          0          0          0          0          0          0
  qpkktref         :       0.00       0.00      0          0          0          0          0          0          0          0          0          0
  redvub           :       0.00       0.00      0          0          0          0          0          0          0          0          0          0
  sparsify         :       0.00       0.00      1          0          0          0          0          0          0          0          0          0
  stuffing         :       0.00       0.00      0          0          0          0          0          0          0          0          0          0
  trivial          :       0.00       0.00      6          0          0          0          0          0          0          0          0          0
  tworowbnd        :       0.00       0.00      0          0          0          0          0          0          0          0          0          0
  dualfix          :       0.00       0.00      6          0          0          0          0          0          0          0          0          0
  genvbounds       :       0.00       0.00      0          0          0          0          0          0          0          0          0          0
  probing          :       0.00       0.00      1          0          0          0          0          0          0          0          0          0
  pseudoobj        :       0.00       0.00      0          0          0          0          0          0          0          0          0          0
  symmetry         :       1.00       0.00      1          0          0          0          0          0          0          0          0          0
  vbounds          :       0.00       0.00      1          0          0          0          0          0          0          0          0          0
  and              :       0.00       0.00      4          0       2016          0          0          0       2016          0          0          0
  linear           :       0.00       0.00      8          0         64          0          0          0        192          0         64         64
  logicor          :       0.00       0.00      2          0          0          0          0          0          0          0          0          0
  benders          :       0.00       0.00      0          0          0          0          0          0          0          0          0          0
  components       :       0.00       0.00      1          0          0          0          0          0          0          0          0          0
  root node        :          -          -      -       1727          -          -       1727          -          -          -          -          -
Constraints        :     Number  MaxNumber  #Separate #Propagate    #EnfoLP    #EnfoRelax  #EnfoPS    #Check   #ResProp    Cutoffs    DomReds       Cuts    Applied      Conss   Children
  benderslp        :          0          0          0          0          0          0          0         11          0          0          0          0          0          0          0
  integral         :          0          0          0          0          0          0          0         11          0          0          0          0          0          0          0
  and              :       2016       2016          2        729          0          0          0          6         21          2          0        240          0          0          0
  linear           :          1          1          2        719          0          0          0          5          1          3          0          0          0          0          0
  logicor          :          0+         7          2          2          0          0          0          0          0          0          0          0          0          0          0
  benders          :          0          0          0          0          0          0          0          4          0          0          0          0          0          0          0
  countsols        :          0          0          0          0          0          0          0          4          0          0          0          0          0          0          0
  components       :          0          0          0          0          0          0          0          0          0          0          0          0          0          0          0
Constraint Timings :  TotalTime  SetupTime   Separate  Propagate     EnfoLP     EnfoPS     EnfoRelax   Check    ResProp    SB-Prop
  benderslp        :       0.00       0.00       0.00       0.00       0.00       0.00       0.00       0.00       0.00       0.00
  integral         :       0.00       0.00       0.00       0.00       0.00       0.00       0.00       0.00       0.00       0.00
  and              :       0.00       0.00       0.00       0.00       0.00       0.00       0.00       0.00       0.00       0.00
  linear           :       0.00       0.00       0.00       0.00       0.00       0.00       0.00       0.00       0.00       0.00
  logicor          :       0.00       0.00       0.00       0.00       0.00       0.00       0.00       0.00       0.00       0.00
  benders          :       0.00       0.00       0.00       0.00       0.00       0.00       0.00       0.00       0.00       0.00
  countsols        :       0.00       0.00       0.00       0.00       0.00       0.00       0.00       0.00       0.00       0.00
  components       :       0.00       0.00       0.00       0.00       0.00       0.00       0.00       0.00       0.00       0.00
Propagators        : #Propagate   #ResProp    Cutoffs    DomReds
  dualfix          :          2          0          0          0
  genvbounds       :          0          0          0          0
  nlobbt           :          0          0          0          0
  obbt             :          0          0          0          0
  probing          :          0          0          0          0
  pseudoobj        :          6          0          0          0
  redcost          :          3          0          0       1296
  rootredcost      :          0          0          0          0
  symmetry         :          0          0          0          0
  vbounds          :        630          0          0          0
Propagator Timings :  TotalTime  SetupTime   Presolve  Propagate    ResProp    SB-Prop
  dualfix          :       0.00       0.00       0.00       0.00       0.00       0.00
  genvbounds       :       0.00       0.00       0.00       0.00       0.00       0.00
  nlobbt           :       0.00       0.00       0.00       0.00       0.00       0.00
  obbt             :       0.00       0.00       0.00       0.00       0.00       0.00
  probing          :       0.00       0.00       0.00       0.00       0.00       0.00
  pseudoobj        :       0.00       0.00       0.00       0.00       0.00       0.00
  redcost          :       0.00       0.00       0.00       0.00       0.00       0.00
  rootredcost      :       0.00       0.00       0.00       0.00       0.00       0.00
  symmetry         :       1.00       0.00       1.00       0.00       0.00       0.00
  vbounds          :       0.00       0.00       0.00       0.00       0.00       0.00
Conflict Analysis  :       Time      Calls    Success    DomReds  Conflicts   Literals    Reconvs ReconvLits   Dualrays   Nonzeros   LP Iters   (pool size: [10000,10000])
  propagation      :       0.00          2          2          -          7       15.4          0        0.0          -          -          -
  infeasible LP    :       0.00          0          0          -          0        0.0          0        0.0          0        0.0          0
  bound exceed. LP :       0.00          6          0          -          0        0.0          0        0.0          0        0.0         60
  strong branching :       0.00          0          0          -          0        0.0          0        0.0          -          -          0
  pseudo solution  :       0.00          0          0          -          0        0.0          0        0.0          -          -          -
  applied globally :       0.00          -          -          0          7       14.9          -          -          0          -          -
  applied locally  :          -          -          -          0          0        0.0          -          -          0          -          -
Separators         :   ExecTime  SetupTime      Calls    Cutoffs    DomReds       Cuts    Applied      Conss
  cut pool         :       0.00                     2          -          -        234          -          -    (maximal pool size: 250)
  aggregation      :       0.00       0.00          1          0          0          0          0          0
  cgmip            :       0.00       0.00          0          0          0          0          0          0
  clique           :       0.00       0.00          1          0          0          0          0          0
  closecuts        :       0.00       0.00          0          0          0          0          0          0
  cmir             :       0.00       0.00          0          0          0          0          0          0
  convexproj       :       0.00       0.00          0          0          0          0          0          0
  disjunctive      :       0.00       0.00          0          0          0          0          0          0
  eccuts           :       0.00       0.00          0          0          0          0          0          0
  flowcover        :       0.00       0.00          0          0          0          0          0          0
  gauge            :       0.00       0.00          0          0          0          0          0          0
  gomory           :       0.00       0.00          1          0          0         26          4          0
  impliedbounds    :       0.00       0.00          2          0        431        224        215          0
  intobj           :       0.00       0.00          0          0          0          0          0          0
  mcf              :       0.00       0.00          1          0          0          0          0          0
  oddcycle         :       0.00       0.00          0          0          0          0          0          0
  rapidlearning    :       0.00       0.00          0          0          0          0          0          0
  strongcg         :       0.00       0.00          1          0          0          0          0          0
  zerohalf         :       0.00       0.00          1          0          0          0          0          0
Pricers            :   ExecTime  SetupTime      Calls       Vars
  problem variables:       0.00          -          0          0
Branching Rules    :   ExecTime  SetupTime   BranchLP  BranchExt   BranchPS    Cutoffs    DomReds       Cuts      Conss   Children
  allfullstrong    :       0.00       0.00          0          0          0          0          0          0          0          0
  cloud            :       0.00       0.00          0          0          0          0          0          0          0          0
  distribution     :       0.00       0.00          0          0          0          0          0          0          0          0
  fullstrong       :       0.00       0.00          0          0          0          0          0          0          0          0
  inference        :       0.00       0.00          0          0          0          0          0          0          0          0
  leastinf         :       0.00       0.00          0          0          0          0          0          0          0          0
  lookahead        :       0.00       0.00          0          0          0          0          0          0          0          0
  mostinf          :       0.00       0.00          0          0          0          0          0          0          0          0
  multaggr         :       0.00       0.00          0          0          0          0          0          0          0          0
  nodereopt        :       0.00       0.00          0          0          0          0          0          0          0          0
  pscost           :       0.00       0.00          0          0          0          0          0          0          0          0
  random           :       0.00       0.00          0          0          0          0          0          0          0          0
  relpscost        :       0.00       0.00          0          0          0          0          0          0          0          0
  vanillafullstrong:       0.00       0.00          0          0          0          0          0          0          0          0
Primal Heuristics  :   ExecTime  SetupTime      Calls      Found       Best
  LP solutions     :       0.00          -          -          0          0
  relax solutions  :       0.00          -          -          0          0
  pseudo solutions :       0.00          -          -          0          0
  strong branching :       0.00          -          -          0          0
  actconsdiving    :       0.00       0.00          0          0          0
  adaptivediving   :       0.00       0.00          0          0          0
  alns             :       0.00       0.00          0          0          0
  bound            :       0.00       0.00          0          0          0
  clique           :       0.00       0.00          1          1          1
  coefdiving       :       0.00       0.00          0          0          0
  completesol      :       0.00       0.00          0          0          0
  conflictdiving   :       0.00       0.00          0          0          0
  crossover        :       0.00       0.00          0          0          0
  dins             :       0.00       0.00          0          0          0
  distributiondivin:       0.00       0.00          0          0          0
  dualval          :       0.00       0.00          0          0          0
  farkasdiving     :       0.00       0.00          0          0          0
  feaspump         :       0.00       0.00          0          0          0
  fixandinfer      :       0.00       0.00          0          0          0
  fracdiving       :       0.00       0.00          0          0          0
  gins             :       0.00       0.00          0          0          0
  guideddiving     :       0.00       0.00          0          0          0
  indicator        :       0.00       0.00          0          0          0
  intdiving        :       0.00       0.00          0          0          0
  intshifting      :       0.00       0.00          0          0          0
  linesearchdiving :       0.00       0.00          0          0          0
  localbranching   :       0.00       0.00          0          0          0
  locks            :       0.00       0.00          1          0          0
  lpface           :       0.00       0.00          0          0          0
  mpec             :       0.00       0.00          0          0          0
  multistart       :       0.00       0.00          0          0          0
  mutation         :       0.00       0.00          0          0          0
  nlpdiving        :       0.00       0.00          0          0          0
  objpscostdiving  :       0.00       0.00          0          0          0
  octane           :       0.00       0.00          0          0          0
  ofins            :       0.00       0.00          0          0          0
  oneopt           :       0.00       0.00          3          0          0
  padm             :       0.00       0.00          0          0          0
  proximity        :       0.00       0.00          0          0          0
  pscostdiving     :       0.00       0.00          0          0          0
  randrounding     :       0.00       0.00          2          0          0
  rens             :       0.00       0.00          0          0          0
  reoptsols        :       0.00       0.00          0          0          0
  repair           :       0.00       0.00          0          0          0
  rins             :       0.00       0.00          0          0          0
  rootsoldiving    :       0.00       0.00          0          0          0
  rounding         :       0.00       0.00          2          0          0
  shiftandpropagate:       0.00       0.00          0          0          0
  shifting         :       0.00       0.00          2          1          1
  simplerounding   :       0.00       0.00          0          0          0
  subnlp           :       0.00       0.00          0          0          0
  trivial          :       0.00       0.00          2          0          0
  trivialnegation  :       0.00       0.00          0          0          0
  trustregion      :       0.00       0.00          0          0          0
  trysol           :       0.00       0.00          0          0          0
  twoopt           :       0.00       0.00          0          0          0
  undercover       :       0.00       0.00          1          1          1
  vbounds          :       0.00       0.00          1          0          0
  veclendiving     :       0.00       0.00          0          0          0
  zeroobj          :       0.00       0.00          0          0          0
  zirounding       :       0.00       0.00          0          0          0
  other solutions  :          -          -          -          0          -
Diving (single)    :      Calls      Nodes   LP Iters Backtracks  Conflicts   MinDepth   MaxDepth   AvgDepth  RoundSols  NLeafSols  MinSolDpt  MaxSolDpt  AvgSolDpt
  actconsdiving    :          0          -          -          -          -          -          -          -          -          -          -          -          -
  coefdiving       :          0          -          -          -          -          -          -          -          -          -          -          -          -
  conflictdiving   :          0          -          -          -          -          -          -          -          -          -          -          -          -
  distributiondivin:          0          -          -          -          -          -          -          -          -          -          -          -          -
  farkasdiving     :          0          -          -          -          -          -          -          -          -          -          -          -          -
  fracdiving       :          0          -          -          -          -          -          -          -          -          -          -          -          -
  guideddiving     :          0          -          -          -          -          -          -          -          -          -          -          -          -
  linesearchdiving :          0          -          -          -          -          -          -          -          -          -          -          -          -
  pscostdiving     :          0          -          -          -          -          -          -          -          -          -          -          -          -
  veclendiving     :          0          -          -          -          -          -          -          -          -          -          -          -          -
Diving (adaptive)  :      Calls      Nodes   LP Iters Backtracks  Conflicts   MinDepth   MaxDepth   AvgDepth  RoundSols  NLeafSols  MinSolDpt  MaxSolDpt  AvgSolDpt
  actconsdiving    :          0          -          -          -          -          -          -          -          -          -          -          -          -
  coefdiving       :          0          -          -          -          -          -          -          -          -          -          -          -          -
  conflictdiving   :          0          -          -          -          -          -          -          -          -          -          -          -          -
  distributiondivin:          0          -          -          -          -          -          -          -          -          -          -          -          -
  farkasdiving     :          0          -          -          -          -          -          -          -          -          -          -          -          -
  fracdiving       :          0          -          -          -          -          -          -          -          -          -          -          -          -
  guideddiving     :          0          -          -          -          -          -          -          -          -          -          -          -          -
  linesearchdiving :          0          -          -          -          -          -          -          -          -          -          -          -          -
  pscostdiving     :          0          -          -          -          -          -          -          -          -          -          -          -          -
  veclendiving     :          0          -          -          -          -          -          -          -          -          -          -          -          -
Neighborhoods      :      Calls  SetupTime  SolveTime SolveNodes       Sols       Best       Exp3  EpsGreedy        UCB TgtFixRate  Opt  Inf Node Stal  Sol  Usr Othr Actv
  rens             :          0       0.00       0.00          0          0          0    0.00000   -1.00000    1.00000      0.900    0    0    0    0    0    0    0    1
  rins             :          0       0.00       0.00          0          0          0    0.00000   -1.00000    1.00000      0.900    0    0    0    0    0    0    0    1
  mutation         :          0       0.00       0.00          0          0          0    0.00000   -1.00000    1.00000      0.900    0    0    0    0    0    0    0    1
  localbranching   :          0       0.00       0.00          0          0          0    0.00000   -1.00000    1.00000      0.900    0    0    0    0    0    0    0    1
  crossover        :          0       0.00       0.00          0          0          0    0.00000   -1.00000    1.00000      0.900    0    0    0    0    0    0    0    1
  proximity        :          0       0.00       0.00          0          0          0    0.00000   -1.00000    1.00000      0.900    0    0    0    0    0    0    0    1
  zeroobjective    :          0       0.00       0.00          0          0          0    0.00000   -1.00000    1.00000      0.900    0    0    0    0    0    0    0    1
  dins             :          0       0.00       0.00          0          0          0    0.00000   -1.00000    1.00000      0.900    0    0    0    0    0    0    0    1
  trustregion      :          0       0.00       0.00          0          0          0    0.00000   -1.00000    1.00000      0.900    0    0    0    0    0    0    0    0
LP                 :       Time      Calls Iterations  Iter/call   Iter/sec  Time-0-It Calls-0-It    ItLimit
  primal LP        :       0.00          0          0       0.00          -       0.00          0
  dual LP          :       0.00          4        954     318.00          -       0.00          1
  lex dual LP      :       0.00          0          0       0.00          -
  barrier LP       :       0.00          0          0       0.00          -       0.00          0
  resolve instable :       0.00          0          0       0.00          -
  diving/probing LP:       0.00          0          0       0.00          -
  strong branching :       0.00          0          0       0.00          -          -          -          0
    (at root node) :          -          0          0       0.00          -
  conflict analysis:       0.00          6         60      10.00          -
B&B Tree           :
  number of runs   :          1
  nodes            :          1 (0 internal, 1 leaves)
  feasible leaves  :          0
  infeas. leaves   :          0
  objective leaves :          0
  nodes (total)    :          1 (0 internal, 1 leaves)
  nodes left       :          0
  max depth        :          0
  max depth (total):          0
  backtracks       :          0 (0.0%)
  early backtracks :          0 (0.0%)
  nodes exc. ref.  :          0 (0.0%)
  delayed cutoffs  :          0
  repropagations   :          0 (0 domain reductions, 0 cutoffs)
  avg switch length:       2.00
  switching time   :       0.00
Estim. Tree Size   :          1
Estimation Tree    : 1 nodes (1 visited, 0 internal, 1 leaves, 0 open), weight: 1.0000 completed 1.0000
Estimations        :      estim      value      trend resolution     smooth
  wbe              :          1          -          -          -          -
  tree-profile     :         -1          -          -          -          -
  gap              :          1    1.00000    1.00000          1          1
  tree-weight      :          1    1.00000    1.00000          1          1
  leaf-frequency   :          1    0.50000    1.00000          1          1
  ssg              :          1    0.00000   -1.00000          1          1
  open-nodes       :          1    0.00000    0.00000          1          1
Root Node          :
  First LP value   : -1.25195739090265e-01
  First LP Iters   :        674
  First LP Time    :       0.00
  Final Dual Bound : -1.17840806729483e-01
  Final Root Iters :        954
  Root LP Estimate :                     -
Solution           :
  Solutions found  :          3 (3 improvements)
  First Solution   : -7.47941253910683e-02   (in run 1, after 1 nodes, 1.00 seconds, depth 19, found by <clique>)
  Gap First Sol.   :     196.84 %
  Gap Last Sol.    :       6.24 %
  Primal Bound     : -1.17840806729483e-01   (in run 1, after 1 nodes, 1.00 seconds, depth 0, found by <undercover>)
  Dual Bound       : -1.17840806729483e-01
  Gap              :       0.00 %
Integrals          :      Total       Avg%
  primal-dual      :     100.00     100.00
  primal-ref       :          -          - (not evaluated)
  dual-ref         :          -          - (not evaluated)
