SCIP version 7.0.2 [precision: 8 byte] [memory: block] [mode: optimized] [LP solver: SoPlex 5.0.2] [GitHash: e9d280a398]
Copyright (C) 2002-2020 Konrad-Zuse-Zentrum fuer Informationstechnik Berlin (ZIB)

External codes: 
  SoPlex 5.0.2         Linear Programming Solver developed at Zuse Institute Berlin (soplex.zib.de) [GitHash: e24c304e]
  CppAD 20180000.0     Algorithmic Differentiation of C++ algorithms developed by B. Bell (www.coin-or.org/CppAD)
  MPIR 3.0.0           Multiple Precision Integers and Rationals Library developed by W. Hart (mpir.org)
  ZIMPL 3.4.0          Zuse Institute Mathematical Programming Language developed by T. Koch (zimpl.zib.de)
  PaPILO 1.0.2         parallel presolve for integer and linear optimization (https://github.com/lgottwald/PaPILO) [GitHash: 62d2842]
  bliss 0.73p          Computing Graph Automorphism Groups by T. Junttila and P. Kaski (http://www.tcs.hut.fi/Software/bliss/)
  Ipopt 3.12.9         Interior Point Optimizer developed by A. Waechter et.al. (www.coin-or.org/Ipopt)

user parameter file <scip.set> not found - using default parameters

read problem <C:\Users\Claubit\Documents\GitHub\embedding\src\lp\scenarioA2_N64_B0.3_classical\IPL_linearized_N64q0.30B19.lp>
============

original problem has 4160 variables (0 bin, 4160 int, 0 impl, 0 cont) and 12289 constraints

solve problem
=============

presolving:
(round 1, fast)       64 del vars, 64 del conss, 0 add conss, 0 chg bounds, 64 chg sides, 64 chg coeffs, 0 upgd conss, 0 impls, 8064 clqs
(round 2, fast)       64 del vars, 192 del conss, 0 add conss, 0 chg bounds, 64 chg sides, 64 chg coeffs, 0 upgd conss, 0 impls, 8064 clqs
   (0.0s) running MILP presolver
   (0.0s) MILP presolver found nothing
(round 3, exhaustive) 64 del vars, 192 del conss, 0 add conss, 0 chg bounds, 64 chg sides, 64 chg coeffs, 12096 upgd conss, 0 impls, 8064 clqs
(round 4, exhaustive) 64 del vars, 12288 del conss, 4032 add conss, 0 chg bounds, 64 chg sides, 64 chg coeffs, 12096 upgd conss, 0 impls, 8064 clqs
(round 5, exhaustive) 2080 del vars, 14304 del conss, 4032 add conss, 0 chg bounds, 64 chg sides, 64 chg coeffs, 12096 upgd conss, 0 impls, 4032 clqs
   (0.0s) probing: 51/2080 (2.5%) - 0 fixings, 0 aggregations, 0 implications, 0 bound changes
   (0.0s) probing aborted: 50/50 successive totally useless probings
   (0.0s) symmetry computation started: requiring (bin +, int -, cont +), (fixed: bin -, int +, cont -)
   (0.0s) no symmetry present
presolving (6 rounds: 6 fast, 4 medium, 4 exhaustive):
 2080 deleted vars, 14304 deleted constraints, 4032 added constraints, 0 tightened bounds, 0 added holes, 64 changed sides, 64 changed coefficients
 0 implications, 4032 cliques
presolved problem has 2080 variables (2080 bin, 0 int, 0 impl, 0 cont) and 2017 constraints
   2016 constraints of type <and>
      1 constraints of type <linear>
Presolving Time: 0.00

 time | node  | left  |LP iter|LP it/n|mem/heur|mdpt |vars |cons |rows |cuts |sepa|confs|strbr|  dualbound   | primalbound  |  gap   | compl. 
p 0.0s|     1 |     0 |     0 |     - |  clique|   0 |2080 |2017 |4033 |   0 |  0 |   0 |   0 |-2.074342e-01 |-7.963726e-02 | 160.47%| unknown
  1.0s|     1 |     0 |   665 |     - |    46M |   0 |2080 |2017 |4033 |   0 |  0 |   0 |   0 |-1.273107e-01 |-7.963726e-02 |  59.86%| unknown
r 1.0s|     1 |     0 |   665 |     - |shifting|   0 |2080 |2023 |4033 |   0 |  0 |   6 |   0 |-1.273107e-01 |-8.395766e-02 |  51.64%| unknown
L 1.0s|     1 |     0 |   665 |     - |undercov|   0 |2080 |2023 |4033 |   0 |  0 |   6 |   0 |-1.273107e-01 |-1.228977e-01 |   3.59%| unknown
  1.0s|     1 |     0 |   903 |     - |    48M |   0 |2080 |2023 |4251 | 218 |  1 |   6 |   0 |-1.229698e-01 |-1.228977e-01 |   0.06%| unknown
  1.0s|     1 |     0 |   903 |     - |    48M |   0 |2080 |2024 |1057 | 218 |  1 |   7 |   0 |-1.229698e-01 |-1.228977e-01 |   0.06%| unknown
  1.0s|     1 |     0 |   916 |     - |    48M |   0 |2080 |2018 |1057 | 218 |  2 |   7 |   0 |-1.228977e-01 |-1.228977e-01 |   0.00%| unknown
  1.0s|     1 |     0 |   916 |     - |    48M |   0 |2080 |2018 |1057 | 218 |  2 |   7 |   0 |-1.228977e-01 |-1.228977e-01 |   0.00%| unknown

SCIP Status        : problem is solved [optimal solution found]
Solving Time (sec) : 1.00
Solving Nodes      : 1
Primal Bound       : -1.22897734063880e-01 (3 solutions)
Dual Bound         : -1.22897734063880e-01
Gap                : 0.00 %

primal solution (original space):
=================================

objective value:                    -0.12289773406388
y(1,1)                                              1 	(obj:9.41332021616712e-05)
y(1,4)                                              1 	(obj:4.92517916514502e-05)
y(1,6)                                              1 	(obj:-8.25489342493045e-06)
y(1,9)                                              1 	(obj:2.11616107778308e-05)
y(1,12)                                             1 	(obj:4.64563643059305e-05)
y(1,18)                                             1 	(obj:4.225981673168e-05)
y(1,22)                                             1 	(obj:9.22471759761434e-06)
y(1,24)                                             1 	(obj:-4.59439107781726e-05)
y(1,26)                                             1 	(obj:4.42736791911187e-05)
y(1,33)                                             1 	(obj:4.06965695480874e-05)
y(1,38)                                             1 	(obj:5.08306163713577e-05)
y(1,39)                                             1 	(obj:5.7543430351812e-05)
y(1,40)                                             1 	(obj:6.68417038638791e-05)
y(1,46)                                             1 	(obj:1.01615272240069e-05)
y(1,49)                                             1 	(obj:9.9612609990457e-06)
y(1,59)                                             1 	(obj:5.74451166619294e-05)
y(1,61)                                             1 	(obj:2.24074375088766e-05)
y(1,62)                                             1 	(obj:3.71520573430754e-05)
y(1,63)                                             1 	(obj:4.73146439715363e-05)
y(4,1)                                              1 	(obj:4.92517916514502e-05)
y(4,4)                                              1 	(obj:5.75296063089383e-05)
y(4,6)                                              1 	(obj:1.00044918976302e-05)
y(4,9)                                              1 	(obj:1.37857328324552e-05)
y(4,12)                                             1 	(obj:2.84802048662334e-05)
y(4,18)                                             1 	(obj:2.71071785636158e-05)
y(4,22)                                             1 	(obj:1.24382388872206e-05)
y(4,24)                                             1 	(obj:-1.71034459475046e-05)
y(4,26)                                             1 	(obj:1.38779917084244e-05)
y(4,33)                                             1 	(obj:6.08641600415541e-06)
y(4,38)                                             1 	(obj:2.82938020122151e-05)
y(4,39)                                             1 	(obj:5.33363117064765e-05)
y(4,40)                                             1 	(obj:4.24520327493107e-05)
y(4,46)                                             1 	(obj:5.46747803446944e-06)
y(4,49)                                             1 	(obj:8.88621857299438e-06)
y(4,59)                                             1 	(obj:1.49331016952188e-05)
y(4,61)                                             1 	(obj:1.21030824497847e-05)
y(4,62)                                             1 	(obj:1.91994880714161e-05)
y(4,63)                                             1 	(obj:5.06914603759505e-05)
y(6,1)                                              1 	(obj:-8.25489342493045e-06)
y(6,4)                                              1 	(obj:1.00044918976302e-05)
y(6,6)                                              1 	(obj:8.31240603052685e-05)
y(6,9)                                              1 	(obj:3.47272243220924e-06)
y(6,12)                                             1 	(obj:1.3946429031043e-06)
y(6,18)                                             1 	(obj:1.39991522817073e-05)
y(6,22)                                             1 	(obj:2.64803100858375e-05)
y(6,24)                                             1 	(obj:7.14620038719224e-05)
y(6,26)                                             1 	(obj:-7.93049814708013e-06)
y(6,33)                                             1 	(obj:-1.7874157695213e-05)
y(6,38)                                             1 	(obj:2.103180387884e-05)
y(6,39)                                             1 	(obj:1.40924065698717e-05)
y(6,40)                                             1 	(obj:2.90951678676157e-05)
y(6,46)                                             1 	(obj:1.2842240174478e-05)
y(6,49)                                             1 	(obj:4.68024447105677e-06)
y(6,59)                                             1 	(obj:-9.08016924947134e-06)
y(6,61)                                             1 	(obj:-4.63156064607009e-06)
y(6,62)                                             1 	(obj:1.16094499109859e-05)
y(6,63)                                             1 	(obj:3.79527371343396e-05)
y(9,1)                                              1 	(obj:2.11616107778308e-05)
y(9,4)                                              1 	(obj:1.37857328324552e-05)
y(9,6)                                              1 	(obj:3.47272243220924e-06)
y(9,9)                                              1 	(obj:3.7050514462136e-05)
y(9,12)                                             1 	(obj:1.96764759493653e-05)
y(9,18)                                             1 	(obj:1.14833692829686e-05)
y(9,22)                                             1 	(obj:-5.17978380136416e-06)
y(9,24)                                             1 	(obj:-5.48166114577953e-06)
y(9,26)                                             1 	(obj:1.35504949627614e-05)
y(9,33)                                             1 	(obj:2.04900709402086e-05)
y(9,38)                                             1 	(obj:1.55894964793706e-05)
y(9,39)                                             1 	(obj:7.6850720506115e-06)
y(9,40)                                             1 	(obj:1.613666756864e-05)
y(9,46)                                             1 	(obj:1.49213120664567e-05)
y(9,49)                                             1 	(obj:-9.58185139738918e-06)
y(9,59)                                             1 	(obj:1.05542817425597e-05)
y(9,61)                                             1 	(obj:3.8897215006696e-05)
y(9,62)                                             1 	(obj:1.32119121807926e-05)
y(9,63)                                             1 	(obj:1.06695447497346e-06)
y(12,1)                                             1 	(obj:4.64563643059305e-05)
y(12,4)                                             1 	(obj:2.84802048662334e-05)
y(12,6)                                             1 	(obj:1.3946429031043e-06)
y(12,9)                                             1 	(obj:1.96764759493653e-05)
y(12,12)                                            1 	(obj:5.40023207062575e-05)
y(12,18)                                            1 	(obj:1.12497107320636e-05)
y(12,22)                                            1 	(obj:6.02462531325868e-06)
y(12,24)                                            1 	(obj:-3.02350219264856e-05)
y(12,26)                                            1 	(obj:2.64998547036198e-05)
y(12,33)                                            1 	(obj:2.42992363111907e-05)
y(12,38)                                            1 	(obj:2.3476987090546e-05)
y(12,39)                                            1 	(obj:1.32402307425541e-05)
y(12,40)                                            1 	(obj:2.80037223250813e-05)
y(12,46)                                            1 	(obj:-3.39958378398962e-06)
y(12,49)                                            1 	(obj:1.65782087110516e-06)
y(12,59)                                            1 	(obj:1.84641151800832e-05)
y(12,61)                                            1 	(obj:1.58370688776412e-05)
y(12,62)                                            1 	(obj:2.5190782909684e-05)
y(12,63)                                            1 	(obj:2.61962292963806e-05)
y(18,1)                                             1 	(obj:4.225981673168e-05)
y(18,4)                                             1 	(obj:2.71071785636158e-05)
y(18,6)                                             1 	(obj:1.39991522817073e-05)
y(18,9)                                             1 	(obj:1.14833692829686e-05)
y(18,12)                                            1 	(obj:1.12497107320636e-05)
y(18,18)                                            1 	(obj:7.42227506361957e-05)
y(18,22)                                            1 	(obj:2.76520614369721e-05)
y(18,24)                                            1 	(obj:3.64692660002336e-06)
y(18,26)                                            1 	(obj:2.16004332872351e-05)
y(18,33)                                            1 	(obj:2.43698679651298e-05)
y(18,38)                                            1 	(obj:4.57899787522951e-05)
y(18,39)                                            1 	(obj:6.96881959074999e-06)
y(18,40)                                            1 	(obj:3.23282323910339e-05)
y(18,46)                                            1 	(obj:1.97623418675316e-05)
y(18,49)                                            1 	(obj:2.93860062610561e-05)
y(18,59)                                            1 	(obj:2.78455871289494e-05)
y(18,61)                                            1 	(obj:1.63666747273672e-05)
y(18,62)                                            1 	(obj:2.39765611962176e-05)
y(18,63)                                            1 	(obj:3.80439343682082e-05)
y(22,1)                                             1 	(obj:9.22471759761434e-06)
y(22,4)                                             1 	(obj:1.24382388872206e-05)
y(22,6)                                             1 	(obj:2.64803100858375e-05)
y(22,9)                                             1 	(obj:-5.17978380136416e-06)
y(22,12)                                            1 	(obj:6.02462531325868e-06)
y(22,18)                                            1 	(obj:2.76520614369721e-05)
y(22,22)                                            1 	(obj:4.53890892309534e-05)
y(22,24)                                            1 	(obj:3.18217040491226e-05)
y(22,26)                                            1 	(obj:-1.82923027762281e-06)
y(22,33)                                            1 	(obj:-6.81714082907977e-07)
y(22,38)                                            1 	(obj:2.56714130141353e-05)
y(22,39)                                            1 	(obj:-9.83743652623697e-06)
y(22,40)                                            1 	(obj:4.26999121225436e-05)
y(22,46)                                            1 	(obj:8.42430944891096e-06)
y(22,49)                                            1 	(obj:2.23895419770286e-05)
y(22,59)                                            1 	(obj:-2.13670710402708e-06)
y(22,61)                                            1 	(obj:-4.21039104204992e-06)
y(22,62)                                            1 	(obj:1.16181976489326e-05)
y(22,63)                                            1 	(obj:3.36646251353933e-05)
y(24,1)                                             1 	(obj:-4.59439107781726e-05)
y(24,4)                                             1 	(obj:-1.71034459475046e-05)
y(24,6)                                             1 	(obj:7.14620038719224e-05)
y(24,9)                                             1 	(obj:-5.48166114577953e-06)
y(24,12)                                            1 	(obj:-3.02350219264856e-05)
y(24,18)                                            1 	(obj:3.64692660002336e-06)
y(24,22)                                            1 	(obj:3.18217040491226e-05)
y(24,24)                                            1 	(obj:0.000118698178942308)
y(24,26)                                            1 	(obj:-2.73149240056183e-05)
y(24,33)                                            1 	(obj:-3.61255588813066e-05)
y(24,38)                                            1 	(obj:-2.22680070159924e-06)
y(24,39)                                            1 	(obj:-6.50491467223162e-06)
y(24,40)                                            1 	(obj:2.42239771397412e-05)
y(24,46)                                            1 	(obj:1.85573843958456e-05)
y(24,49)                                            1 	(obj:2.07433397086138e-05)
y(24,59)                                            1 	(obj:-2.49459333807421e-05)
y(24,61)                                            1 	(obj:-2.25202534777366e-06)
y(24,62)                                            1 	(obj:-1.18701463758003e-05)
y(24,63)                                            1 	(obj:1.74726201673362e-05)
y(26,1)                                             1 	(obj:4.42736791911187e-05)
y(26,4)                                             1 	(obj:1.38779917084244e-05)
y(26,6)                                             1 	(obj:-7.93049814708013e-06)
y(26,9)                                             1 	(obj:1.35504949627614e-05)
y(26,12)                                            1 	(obj:2.64998547036198e-05)
y(26,18)                                            1 	(obj:2.16004332872351e-05)
y(26,22)                                            1 	(obj:-1.82923027762281e-06)
y(26,24)                                            1 	(obj:-2.73149240056183e-05)
y(26,26)                                            1 	(obj:5.82638971407908e-05)
y(26,33)                                            1 	(obj:3.56320156474136e-05)
y(26,38)                                            1 	(obj:3.23012929266192e-05)
y(26,39)                                            1 	(obj:-2.08165229568063e-05)
y(26,40)                                            1 	(obj:1.2485788953361e-05)
y(26,46)                                            1 	(obj:7.60136896502823e-06)
y(26,49)                                            1 	(obj:-1.19470467273651e-06)
y(26,59)                                            1 	(obj:2.59490745714528e-05)
y(26,61)                                            1 	(obj:1.89659554344231e-05)
y(26,62)                                            1 	(obj:2.15385285785807e-05)
y(26,63)                                            1 	(obj:9.31879486572859e-06)
y(33,1)                                             1 	(obj:4.06965695480874e-05)
y(33,4)                                             1 	(obj:6.08641600415541e-06)
y(33,6)                                             1 	(obj:-1.7874157695213e-05)
y(33,9)                                             1 	(obj:2.04900709402086e-05)
y(33,12)                                            1 	(obj:2.42992363111907e-05)
y(33,18)                                            1 	(obj:2.43698679651298e-05)
y(33,22)                                            1 	(obj:-6.81714082907977e-07)
y(33,24)                                            1 	(obj:-3.61255588813066e-05)
y(33,26)                                            1 	(obj:3.56320156474136e-05)
y(33,33)                                            1 	(obj:5.25846407559808e-05)
y(33,38)                                            1 	(obj:3.55134758313134e-05)
y(33,39)                                            1 	(obj:-1.17806162934045e-05)
y(33,40)                                            1 	(obj:1.8602274250137e-05)
y(33,46)                                            1 	(obj:1.44803901394316e-05)
y(33,49)                                            1 	(obj:3.01296869565893e-06)
y(33,59)                                            1 	(obj:2.42918449333322e-05)
y(33,61)                                            1 	(obj:2.67157191892688e-05)
y(33,62)                                            1 	(obj:2.20443581699803e-05)
y(33,63)                                            1 	(obj:1.83293108145239e-07)
y(38,1)                                             1 	(obj:5.08306163713577e-05)
y(38,4)                                             1 	(obj:2.82938020122151e-05)
y(38,6)                                             1 	(obj:2.103180387884e-05)
y(38,9)                                             1 	(obj:1.55894964793706e-05)
y(38,12)                                            1 	(obj:2.3476987090546e-05)
y(38,18)                                            1 	(obj:4.57899787522951e-05)
y(38,22)                                            1 	(obj:2.56714130141353e-05)
y(38,24)                                            1 	(obj:-2.22680070159924e-06)
y(38,26)                                            1 	(obj:3.23012929266192e-05)
y(38,33)                                            1 	(obj:3.55134758313134e-05)
y(38,38)                                            1 	(obj:6.64061452708482e-05)
y(38,39)                                            1 	(obj:2.0955580350236e-05)
y(38,40)                                            1 	(obj:6.23746316949598e-05)
y(38,46)                                            1 	(obj:2.92334550359055e-05)
y(38,49)                                            1 	(obj:2.50921069660344e-05)
y(38,59)                                            1 	(obj:3.75955406815652e-05)
y(38,61)                                            1 	(obj:1.57978686018231e-05)
y(38,62)                                            1 	(obj:2.77880079518743e-05)
y(38,63)                                            1 	(obj:3.78545528642685e-05)
y(39,1)                                             1 	(obj:5.7543430351812e-05)
y(39,4)                                             1 	(obj:5.33363117064765e-05)
y(39,6)                                             1 	(obj:1.40924065698717e-05)
y(39,9)                                             1 	(obj:7.6850720506115e-06)
y(39,12)                                            1 	(obj:1.32402307425541e-05)
y(39,18)                                            1 	(obj:6.96881959074999e-06)
y(39,22)                                            1 	(obj:-9.83743652623697e-06)
y(39,24)                                            1 	(obj:-6.50491467223162e-06)
y(39,26)                                            1 	(obj:-2.08165229568063e-05)
y(39,33)                                            1 	(obj:-1.17806162934045e-05)
y(39,38)                                            1 	(obj:2.0955580350236e-05)
y(39,39)                                            1 	(obj:0.000281493412707389)
y(39,40)                                            1 	(obj:2.20592374865563e-05)
y(39,46)                                            1 	(obj:-3.47601016089945e-07)
y(39,49)                                            1 	(obj:3.56434095309346e-06)
y(39,59)                                            1 	(obj:5.3307657746156e-05)
y(39,61)                                            1 	(obj:-1.31524399146168e-05)
y(39,62)                                            1 	(obj:1.42874213063893e-05)
y(39,63)                                            1 	(obj:2.64107409703381e-05)
y(40,1)                                             1 	(obj:6.68417038638791e-05)
y(40,4)                                             1 	(obj:4.24520327493107e-05)
y(40,6)                                             1 	(obj:2.90951678676157e-05)
y(40,9)                                             1 	(obj:1.613666756864e-05)
y(40,12)                                            1 	(obj:2.80037223250813e-05)
y(40,18)                                            1 	(obj:3.23282323910339e-05)
y(40,22)                                            1 	(obj:4.26999121225436e-05)
y(40,24)                                            1 	(obj:2.42239771397412e-05)
y(40,26)                                            1 	(obj:1.2485788953361e-05)
y(40,33)                                            1 	(obj:1.8602274250137e-05)
y(40,38)                                            1 	(obj:6.23746316949598e-05)
y(40,39)                                            1 	(obj:2.20592374865563e-05)
y(40,40)                                            1 	(obj:0.000166481387963426)
y(40,46)                                            1 	(obj:5.03155470589742e-05)
y(40,49)                                            1 	(obj:6.02946641310982e-05)
y(40,59)                                            1 	(obj:9.94160308592045e-06)
y(40,61)                                            1 	(obj:2.80443633774424e-05)
y(40,62)                                            1 	(obj:2.52310438106682e-05)
y(40,63)                                            1 	(obj:8.17064041031575e-05)
y(46,1)                                             1 	(obj:1.01615272240069e-05)
y(46,4)                                             1 	(obj:5.46747803446944e-06)
y(46,6)                                             1 	(obj:1.2842240174478e-05)
y(46,9)                                             1 	(obj:1.49213120664567e-05)
y(46,12)                                            1 	(obj:-3.39958378398962e-06)
y(46,18)                                            1 	(obj:1.97623418675316e-05)
y(46,22)                                            1 	(obj:8.42430944891096e-06)
y(46,24)                                            1 	(obj:1.85573843958456e-05)
y(46,26)                                            1 	(obj:7.60136896502823e-06)
y(46,33)                                            1 	(obj:1.44803901394316e-05)
y(46,38)                                            1 	(obj:2.92334550359055e-05)
y(46,39)                                            1 	(obj:-3.47601016089945e-07)
y(46,40)                                            1 	(obj:5.03155470589742e-05)
y(46,46)                                            1 	(obj:4.04867569151207e-05)
y(46,49)                                            1 	(obj:3.39041665779879e-05)
y(46,59)                                            1 	(obj:-3.73367350882627e-06)
y(46,61)                                            1 	(obj:2.25091846086251e-05)
y(46,62)                                            1 	(obj:2.92531467580876e-06)
y(46,63)                                            1 	(obj:1.42393280218579e-05)
y(49,1)                                             1 	(obj:9.9612609990457e-06)
y(49,4)                                             1 	(obj:8.88621857299438e-06)
y(49,6)                                             1 	(obj:4.68024447105677e-06)
y(49,9)                                             1 	(obj:-9.58185139738918e-06)
y(49,12)                                            1 	(obj:1.65782087110516e-06)
y(49,18)                                            1 	(obj:2.93860062610561e-05)
y(49,22)                                            1 	(obj:2.23895419770286e-05)
y(49,24)                                            1 	(obj:2.07433397086138e-05)
y(49,26)                                            1 	(obj:-1.19470467273651e-06)
y(49,33)                                            1 	(obj:3.01296869565893e-06)
y(49,38)                                            1 	(obj:2.50921069660344e-05)
y(49,39)                                            1 	(obj:3.56434095309346e-06)
y(49,40)                                            1 	(obj:6.02946641310982e-05)
y(49,46)                                            1 	(obj:3.39041665779879e-05)
y(49,49)                                            1 	(obj:7.34336074614853e-05)
y(49,59)                                            1 	(obj:-7.61877927324869e-06)
y(49,61)                                            1 	(obj:-5.49962571498365e-07)
y(49,62)                                            1 	(obj:1.44324280179288e-06)
y(49,63)                                            1 	(obj:3.42004874001744e-05)
y(59,1)                                             1 	(obj:5.74451166619294e-05)
y(59,4)                                             1 	(obj:1.49331016952188e-05)
y(59,6)                                             1 	(obj:-9.08016924947134e-06)
y(59,9)                                             1 	(obj:1.05542817425597e-05)
y(59,12)                                            1 	(obj:1.84641151800832e-05)
y(59,18)                                            1 	(obj:2.78455871289494e-05)
y(59,22)                                            1 	(obj:-2.13670710402708e-06)
y(59,24)                                            1 	(obj:-2.49459333807421e-05)
y(59,26)                                            1 	(obj:2.59490745714528e-05)
y(59,33)                                            1 	(obj:2.42918449333322e-05)
y(59,38)                                            1 	(obj:3.75955406815652e-05)
y(59,39)                                            1 	(obj:5.3307657746156e-05)
y(59,40)                                            1 	(obj:9.94160308592045e-06)
y(59,46)                                            1 	(obj:-3.73367350882627e-06)
y(59,49)                                            1 	(obj:-7.61877927324869e-06)
y(59,59)                                            1 	(obj:0.000121128487542368)
y(59,61)                                            1 	(obj:7.42468698507e-06)
y(59,62)                                            1 	(obj:2.88609698448198e-05)
y(59,63)                                            1 	(obj:1.09655634597274e-05)
y(61,1)                                             1 	(obj:2.24074375088766e-05)
y(61,4)                                             1 	(obj:1.21030824497847e-05)
y(61,6)                                             1 	(obj:-4.63156064607009e-06)
y(61,9)                                             1 	(obj:3.8897215006696e-05)
y(61,12)                                            1 	(obj:1.58370688776412e-05)
y(61,18)                                            1 	(obj:1.63666747273672e-05)
y(61,22)                                            1 	(obj:-4.21039104204992e-06)
y(61,24)                                            1 	(obj:-2.25202534777366e-06)
y(61,26)                                            1 	(obj:1.89659554344231e-05)
y(61,33)                                            1 	(obj:2.67157191892688e-05)
y(61,38)                                            1 	(obj:1.57978686018231e-05)
y(61,39)                                            1 	(obj:-1.31524399146168e-05)
y(61,40)                                            1 	(obj:2.80443633774424e-05)
y(61,46)                                            1 	(obj:2.25091846086251e-05)
y(61,49)                                            1 	(obj:-5.49962571498365e-07)
y(61,59)                                            1 	(obj:7.42468698507e-06)
y(61,61)                                            1 	(obj:5.50020286813682e-05)
y(61,62)                                            1 	(obj:1.46958080931104e-05)
y(61,63)                                            1 	(obj:1.27566887846519e-05)
y(62,1)                                             1 	(obj:3.71520573430754e-05)
y(62,4)                                             1 	(obj:1.91994880714161e-05)
y(62,6)                                             1 	(obj:1.16094499109859e-05)
y(62,9)                                             1 	(obj:1.32119121807926e-05)
y(62,12)                                            1 	(obj:2.5190782909684e-05)
y(62,18)                                            1 	(obj:2.39765611962176e-05)
y(62,22)                                            1 	(obj:1.16181976489326e-05)
y(62,24)                                            1 	(obj:-1.18701463758003e-05)
y(62,26)                                            1 	(obj:2.15385285785807e-05)
y(62,33)                                            1 	(obj:2.20443581699803e-05)
y(62,38)                                            1 	(obj:2.77880079518743e-05)
y(62,39)                                            1 	(obj:1.42874213063893e-05)
y(62,40)                                            1 	(obj:2.52310438106682e-05)
y(62,46)                                            1 	(obj:2.92531467580876e-06)
y(62,49)                                            1 	(obj:1.44324280179288e-06)
y(62,59)                                            1 	(obj:2.88609698448198e-05)
y(62,61)                                            1 	(obj:1.46958080931104e-05)
y(62,62)                                            1 	(obj:3.6534718411328e-05)
y(62,63)                                            1 	(obj:3.06651594768125e-05)
y(63,1)                                             1 	(obj:4.73146439715363e-05)
y(63,4)                                             1 	(obj:5.06914603759505e-05)
y(63,6)                                             1 	(obj:3.79527371343396e-05)
y(63,9)                                             1 	(obj:1.06695447497346e-06)
y(63,12)                                            1 	(obj:2.61962292963806e-05)
y(63,18)                                            1 	(obj:3.80439343682082e-05)
y(63,22)                                            1 	(obj:3.36646251353933e-05)
y(63,24)                                            1 	(obj:1.74726201673362e-05)
y(63,26)                                            1 	(obj:9.31879486572859e-06)
y(63,33)                                            1 	(obj:1.83293108145239e-07)
y(63,38)                                            1 	(obj:3.78545528642685e-05)
y(63,39)                                            1 	(obj:2.64107409703381e-05)
y(63,40)                                            1 	(obj:8.17064041031575e-05)
y(63,46)                                            1 	(obj:1.42393280218579e-05)
y(63,49)                                            1 	(obj:3.42004874001744e-05)
y(63,59)                                            1 	(obj:1.09655634597274e-05)
y(63,61)                                            1 	(obj:1.27566887846519e-05)
y(63,62)                                            1 	(obj:3.06651594768125e-05)
y(63,63)                                            1 	(obj:9.35811836595352e-05)
x(1)                                                1 	(obj:-0.00667286319447288)
x(4)                                                1 	(obj:-0.0072161870538177)
x(6)                                                1 	(obj:-0.00434052323145815)
x(9)                                                1 	(obj:-0.00734965491545315)
x(12)                                               1 	(obj:-0.00659426395713861)
x(18)                                               1 	(obj:-0.00714774089661002)
x(22)                                               1 	(obj:-0.00577469461251162)
x(24)                                               1 	(obj:-0.0059640060439669)
x(26)                                               1 	(obj:-0.00907907859942305)
x(33)                                               1 	(obj:-0.00671525470420422)
x(38)                                               1 	(obj:-0.0103811030697323)
x(39)                                               1 	(obj:-0.00587430953023488)
x(40)                                               1 	(obj:-0.00767175732613424)
x(46)                                               1 	(obj:-0.00625017514616764)
x(49)                                               1 	(obj:-0.00648266643723911)
x(59)                                               1 	(obj:-0.00562873389312421)
x(61)                                               1 	(obj:-0.00746616271732443)
x(62)                                               1 	(obj:-0.00517621098612854)
x(63)                                               1 	(obj:-0.00869773875033351)

Statistics
==========

SCIP Status        : problem is solved [optimal solution found]
Total Time         :       1.00
  solving          :       1.00
  presolving       :       0.00 (included in solving)
  reading          :       0.00
  copying          :       0.00 (1 #copies) (minimal 0.00, maximal 0.00, average 0.00)
Original Problem   :
  Problem name     : C:\Users\Claubit\Documents\GitHub\embedding\src\lp\scenarioA2_N64_B0.3_classical\IPL_linearized_N64q0.30B19.lp
  Variables        : 4160 (0 binary, 4160 integer, 0 implicit integer, 0 continuous)
  Constraints      : 12289 initial, 12289 maximal
  Objective        : minimize, 4158 non-zeros (abs.min = 2.59839e-08, abs.max = 0.0136508)
Presolved Problem  :
  Problem name     : t_C:\Users\Claubit\Documents\GitHub\embedding\src\lp\scenarioA2_N64_B0.3_classical\IPL_linearized_N64q0.30B19.lp
  Variables        : 2080 (2080 binary, 0 integer, 0 implicit integer, 0 continuous)
  Constraints      : 2017 initial, 2024 maximal
  Objective        : minimize, 2079 non-zeros (abs.min = 5.19677e-08, abs.max = 0.0154859)
  Nonzeros         : 6112 constraint, 242 clique table
Presolvers         :   ExecTime  SetupTime  Calls  FixedVars   AggrVars   ChgTypes  ChgBounds   AddHoles    DelCons    AddCons   ChgSides   ChgCoefs
  boundshift       :       0.00       0.00      0          0          0          0          0          0          0          0          0          0
  convertinttobin  :       0.00       0.00      0          0          0          0          0          0          0          0          0          0
  domcol           :       0.00       0.00      1          0          0          0          0          0          0          0          0          0
  dualagg          :       0.00       0.00      0          0          0          0          0          0          0          0          0          0
  dualcomp         :       0.00       0.00      0          0          0          0          0          0          0          0          0          0
  dualinfer        :       0.00       0.00      0          0          0          0          0          0          0          0          0          0
  dualsparsify     :       0.00       0.00      1          0          0          0          0          0          0          0          0          0
  gateextraction   :       0.00       0.00      1          0          0          0          0          0      12096       4032          0          0
  implics          :       0.00       0.00      4          0          0          0          0          0          0          0          0          0
  inttobinary      :       0.00       0.00      0          0          0          0          0          0          0          0          0          0
  milp             :       0.00       0.00      1          0          0          0          0          0          0          0          0          0
  qpkktref         :       0.00       0.00      0          0          0          0          0          0          0          0          0          0
  redvub           :       0.00       0.00      0          0          0          0          0          0          0          0          0          0
  sparsify         :       0.00       0.00      1          0          0          0          0          0          0          0          0          0
  stuffing         :       0.00       0.00      0          0          0          0          0          0          0          0          0          0
  trivial          :       0.00       0.00      6          0          0          0          0          0          0          0          0          0
  tworowbnd        :       0.00       0.00      0          0          0          0          0          0          0          0          0          0
  dualfix          :       0.00       0.00      6          0          0          0          0          0          0          0          0          0
  genvbounds       :       0.00       0.00      0          0          0          0          0          0          0          0          0          0
  probing          :       0.00       0.00      1          0          0          0          0          0          0          0          0          0
  pseudoobj        :       0.00       0.00      0          0          0          0          0          0          0          0          0          0
  symmetry         :       0.00       0.00      1          0          0          0          0          0          0          0          0          0
  vbounds          :       0.00       0.00      1          0          0          0          0          0          0          0          0          0
  setppc           :       0.00       0.00      2          0          0          0          0          0          0          0          0          0
  and              :       0.00       0.00      4          0       2016          0          0          0       2016          0          0          0
  linear           :       0.00       0.00      8          0         64          0          0          0        192          0         64         64
  logicor          :       0.00       0.00      2          0          0          0          0          0          0          0          0          0
  benders          :       0.00       0.00      0          0          0          0          0          0          0          0          0          0
  components       :       0.00       0.00      1          0          0          0          0          0          0          0          0          0
  root node        :          -          -      -       1813          -          -       1813          -          -          -          -          -
Constraints        :     Number  MaxNumber  #Separate #Propagate    #EnfoLP    #EnfoRelax  #EnfoPS    #Check   #ResProp    Cutoffs    DomReds       Cuts    Applied      Conss   Children
  benderslp        :          0          0          0          0          0          0          0         11          0          0          0          0          0          0          0
  integral         :          0          0          0          0          0          0          0         11          0          0          0          0          0          0          0
  setppc           :          0+         1          1          0          0          0          0          0          0          0          0          0          0          0          0
  and              :       2016       2016          2        728          0          0          0          6         20          2          0        240          0          0          0
  linear           :          1          1          2        718          0          0          0          5          1          3          0          0          0          0          0
  logicor          :          0+         6          2          2          0          0          0          0          0          0          0          0          0          0          0
  benders          :          0          0          0          0          0          0          0          4          0          0          0          0          0          0          0
  countsols        :          0          0          0          0          0          0          0          4          0          0          0          0          0          0          0
  components       :          0          0          0          0          0          0          0          0          0          0          0          0          0          0          0
Constraint Timings :  TotalTime  SetupTime   Separate  Propagate     EnfoLP     EnfoPS     EnfoRelax   Check    ResProp    SB-Prop
  benderslp        :       0.00       0.00       0.00       0.00       0.00       0.00       0.00       0.00       0.00       0.00
  integral         :       0.00       0.00       0.00       0.00       0.00       0.00       0.00       0.00       0.00       0.00
  setppc           :       0.00       0.00       0.00       0.00       0.00       0.00       0.00       0.00       0.00       0.00
  and              :       1.00       0.00       0.00       1.00       0.00       0.00       0.00       0.00       0.00       0.00
  linear           :       0.00       0.00       0.00       0.00       0.00       0.00       0.00       0.00       0.00       0.00
  logicor          :       0.00       0.00       0.00       0.00       0.00       0.00       0.00       0.00       0.00       0.00
  benders          :       0.00       0.00       0.00       0.00       0.00       0.00       0.00       0.00       0.00       0.00
  countsols        :       0.00       0.00       0.00       0.00       0.00       0.00       0.00       0.00       0.00       0.00
  components       :       0.00       0.00       0.00       0.00       0.00       0.00       0.00       0.00       0.00       0.00
Propagators        : #Propagate   #ResProp    Cutoffs    DomReds
  dualfix          :          2          0          0          0
  genvbounds       :          0          0          0          0
  nlobbt           :          0          0          0          0
  obbt             :          0          0          0          0
  probing          :          0          0          0          0
  pseudoobj        :          6          0          0          0
  redcost          :          3          0          0       1360
  rootredcost      :          0          0          0          0
  symmetry         :          0          0          0          0
  vbounds          :        629          0          0          0
Propagator Timings :  TotalTime  SetupTime   Presolve  Propagate    ResProp    SB-Prop
  dualfix          :       0.00       0.00       0.00       0.00       0.00       0.00
  genvbounds       :       0.00       0.00       0.00       0.00       0.00       0.00
  nlobbt           :       0.00       0.00       0.00       0.00       0.00       0.00
  obbt             :       0.00       0.00       0.00       0.00       0.00       0.00
  probing          :       0.00       0.00       0.00       0.00       0.00       0.00
  pseudoobj        :       0.00       0.00       0.00       0.00       0.00       0.00
  redcost          :       0.00       0.00       0.00       0.00       0.00       0.00
  rootredcost      :       0.00       0.00       0.00       0.00       0.00       0.00
  symmetry         :       0.00       0.00       0.00       0.00       0.00       0.00
  vbounds          :       0.00       0.00       0.00       0.00       0.00       0.00
Conflict Analysis  :       Time      Calls    Success    DomReds  Conflicts   Literals    Reconvs ReconvLits   Dualrays   Nonzeros   LP Iters   (pool size: [10000,10000])
  propagation      :       0.00          2          2          -          7       15.3          0        0.0          -          -          -
  infeasible LP    :       0.00          0          0          -          0        0.0          0        0.0          0        0.0          0
  bound exceed. LP :       0.00          6          0          -          0        0.0          0        0.0          0        0.0         60
  strong branching :       0.00          0          0          -          0        0.0          0        0.0          -          -          0
  pseudo solution  :       0.00          0          0          -          0        0.0          0        0.0          -          -          -
  applied globally :       0.00          -          -          0          7       14.7          -          -          0          -          -
  applied locally  :          -          -          -          0          0        0.0          -          -          0          -          -
Separators         :   ExecTime  SetupTime      Calls    Cutoffs    DomReds       Cuts    Applied      Conss
  cut pool         :       0.00                     2          -          -        221          -          -    (maximal pool size: 235)
  aggregation      :       0.00       0.00          1          0          0          0          0          0
  cgmip            :       0.00       0.00          0          0          0          0          0          0
  clique           :       0.00       0.00          1          0          0          0          0          0
  closecuts        :       0.00       0.00          0          0          0          0          0          0
  cmir             :       0.00       0.00          0          0          0          0          0          0
  convexproj       :       0.00       0.00          0          0          0          0          0          0
  disjunctive      :       0.00       0.00          0          0          0          0          0          0
  eccuts           :       0.00       0.00          0          0          0          0          0          0
  flowcover        :       0.00       0.00          0          0          0          0          0          0
  gauge            :       0.00       0.00          0          0          0          0          0          0
  gomory           :       0.00       0.00          1          0          0         13          3          0
  impliedbounds    :       0.00       0.00          2          0        453        222        215          0
  intobj           :       0.00       0.00          0          0          0          0          0          0
  mcf              :       0.00       0.00          1          0          0          0          0          0
  oddcycle         :       0.00       0.00          0          0          0          0          0          0
  rapidlearning    :       0.00       0.00          0          0          0          0          0          0
  strongcg         :       0.00       0.00          1          0          0          0          0          0
  zerohalf         :       0.00       0.00          1          0          0          0          0          0
Pricers            :   ExecTime  SetupTime      Calls       Vars
  problem variables:       0.00          -          0          0
Branching Rules    :   ExecTime  SetupTime   BranchLP  BranchExt   BranchPS    Cutoffs    DomReds       Cuts      Conss   Children
  allfullstrong    :       0.00       0.00          0          0          0          0          0          0          0          0
  cloud            :       0.00       0.00          0          0          0          0          0          0          0          0
  distribution     :       0.00       0.00          0          0          0          0          0          0          0          0
  fullstrong       :       0.00       0.00          0          0          0          0          0          0          0          0
  inference        :       0.00       0.00          0          0          0          0          0          0          0          0
  leastinf         :       0.00       0.00          0          0          0          0          0          0          0          0
  lookahead        :       0.00       0.00          0          0          0          0          0          0          0          0
  mostinf          :       0.00       0.00          0          0          0          0          0          0          0          0
  multaggr         :       0.00       0.00          0          0          0          0          0          0          0          0
  nodereopt        :       0.00       0.00          0          0          0          0          0          0          0          0
  pscost           :       0.00       0.00          0          0          0          0          0          0          0          0
  random           :       0.00       0.00          0          0          0          0          0          0          0          0
  relpscost        :       0.00       0.00          0          0          0          0          0          0          0          0
  vanillafullstrong:       0.00       0.00          0          0          0          0          0          0          0          0
Primal Heuristics  :   ExecTime  SetupTime      Calls      Found       Best
  LP solutions     :       0.00          -          -          0          0
  relax solutions  :       0.00          -          -          0          0
  pseudo solutions :       0.00          -          -          0          0
  strong branching :       0.00          -          -          0          0
  actconsdiving    :       0.00       0.00          0          0          0
  adaptivediving   :       0.00       0.00          0          0          0
  alns             :       0.00       0.00          0          0          0
  bound            :       0.00       0.00          0          0          0
  clique           :       0.00       0.00          1          1          1
  coefdiving       :       0.00       0.00          0          0          0
  completesol      :       0.00       0.00          0          0          0
  conflictdiving   :       0.00       0.00          0          0          0
  crossover        :       0.00       0.00          0          0          0
  dins             :       0.00       0.00          0          0          0
  distributiondivin:       0.00       0.00          0          0          0
  dualval          :       0.00       0.00          0          0          0
  farkasdiving     :       0.00       0.00          0          0          0
  feaspump         :       0.00       0.00          0          0          0
  fixandinfer      :       0.00       0.00          0          0          0
  fracdiving       :       0.00       0.00          0          0          0
  gins             :       0.00       0.00          0          0          0
  guideddiving     :       0.00       0.00          0          0          0
  indicator        :       0.00       0.00          0          0          0
  intdiving        :       0.00       0.00          0          0          0
  intshifting      :       0.00       0.00          0          0          0
  linesearchdiving :       0.00       0.00          0          0          0
  localbranching   :       0.00       0.00          0          0          0
  locks            :       0.00       0.00          1          0          0
  lpface           :       0.00       0.00          0          0          0
  mpec             :       0.00       0.00          0          0          0
  multistart       :       0.00       0.00          0          0          0
  mutation         :       0.00       0.00          0          0          0
  nlpdiving        :       0.00       0.00          0          0          0
  objpscostdiving  :       0.00       0.00          0          0          0
  octane           :       0.00       0.00          0          0          0
  ofins            :       0.00       0.00          0          0          0
  oneopt           :       0.00       0.00          3          0          0
  padm             :       0.00       0.00          0          0          0
  proximity        :       0.00       0.00          0          0          0
  pscostdiving     :       0.00       0.00          0          0          0
  randrounding     :       0.00       0.00          2          0          0
  rens             :       0.00       0.00          0          0          0
  reoptsols        :       0.00       0.00          0          0          0
  repair           :       0.00       0.00          0          0          0
  rins             :       0.00       0.00          0          0          0
  rootsoldiving    :       0.00       0.00          0          0          0
  rounding         :       0.00       0.00          2          0          0
  shiftandpropagate:       0.00       0.00          0          0          0
  shifting         :       0.00       0.00          2          1          1
  simplerounding   :       0.00       0.00          0          0          0
  subnlp           :       0.00       0.00          0          0          0
  trivial          :       0.00       0.00          2          0          0
  trivialnegation  :       0.00       0.00          0          0          0
  trustregion      :       0.00       0.00          0          0          0
  trysol           :       0.00       0.00          0          0          0
  twoopt           :       0.00       0.00          0          0          0
  undercover       :       0.00       0.00          1          1          1
  vbounds          :       1.00       0.00          1          0          0
  veclendiving     :       0.00       0.00          0          0          0
  zeroobj          :       0.00       0.00          0          0          0
  zirounding       :       0.00       0.00          0          0          0
  other solutions  :          -          -          -          0          -
Diving (single)    :      Calls      Nodes   LP Iters Backtracks  Conflicts   MinDepth   MaxDepth   AvgDepth  RoundSols  NLeafSols  MinSolDpt  MaxSolDpt  AvgSolDpt
  actconsdiving    :          0          -          -          -          -          -          -          -          -          -          -          -          -
  coefdiving       :          0          -          -          -          -          -          -          -          -          -          -          -          -
  conflictdiving   :          0          -          -          -          -          -          -          -          -          -          -          -          -
  distributiondivin:          0          -          -          -          -          -          -          -          -          -          -          -          -
  farkasdiving     :          0          -          -          -          -          -          -          -          -          -          -          -          -
  fracdiving       :          0          -          -          -          -          -          -          -          -          -          -          -          -
  guideddiving     :          0          -          -          -          -          -          -          -          -          -          -          -          -
  linesearchdiving :          0          -          -          -          -          -          -          -          -          -          -          -          -
  pscostdiving     :          0          -          -          -          -          -          -          -          -          -          -          -          -
  veclendiving     :          0          -          -          -          -          -          -          -          -          -          -          -          -
Diving (adaptive)  :      Calls      Nodes   LP Iters Backtracks  Conflicts   MinDepth   MaxDepth   AvgDepth  RoundSols  NLeafSols  MinSolDpt  MaxSolDpt  AvgSolDpt
  actconsdiving    :          0          -          -          -          -          -          -          -          -          -          -          -          -
  coefdiving       :          0          -          -          -          -          -          -          -          -          -          -          -          -
  conflictdiving   :          0          -          -          -          -          -          -          -          -          -          -          -          -
  distributiondivin:          0          -          -          -          -          -          -          -          -          -          -          -          -
  farkasdiving     :          0          -          -          -          -          -          -          -          -          -          -          -          -
  fracdiving       :          0          -          -          -          -          -          -          -          -          -          -          -          -
  guideddiving     :          0          -          -          -          -          -          -          -          -          -          -          -          -
  linesearchdiving :          0          -          -          -          -          -          -          -          -          -          -          -          -
  pscostdiving     :          0          -          -          -          -          -          -          -          -          -          -          -          -
  veclendiving     :          0          -          -          -          -          -          -          -          -          -          -          -          -
Neighborhoods      :      Calls  SetupTime  SolveTime SolveNodes       Sols       Best       Exp3  EpsGreedy        UCB TgtFixRate  Opt  Inf Node Stal  Sol  Usr Othr Actv
  rens             :          0       0.00       0.00          0          0          0    0.00000   -1.00000    1.00000      0.900    0    0    0    0    0    0    0    1
  rins             :          0       0.00       0.00          0          0          0    0.00000   -1.00000    1.00000      0.900    0    0    0    0    0    0    0    1
  mutation         :          0       0.00       0.00          0          0          0    0.00000   -1.00000    1.00000      0.900    0    0    0    0    0    0    0    1
  localbranching   :          0       0.00       0.00          0          0          0    0.00000   -1.00000    1.00000      0.900    0    0    0    0    0    0    0    1
  crossover        :          0       0.00       0.00          0          0          0    0.00000   -1.00000    1.00000      0.900    0    0    0    0    0    0    0    1
  proximity        :          0       0.00       0.00          0          0          0    0.00000   -1.00000    1.00000      0.900    0    0    0    0    0    0    0    1
  zeroobjective    :          0       0.00       0.00          0          0          0    0.00000   -1.00000    1.00000      0.900    0    0    0    0    0    0    0    1
  dins             :          0       0.00       0.00          0          0          0    0.00000   -1.00000    1.00000      0.900    0    0    0    0    0    0    0    1
  trustregion      :          0       0.00       0.00          0          0          0    0.00000   -1.00000    1.00000      0.900    0    0    0    0    0    0    0    0
LP                 :       Time      Calls Iterations  Iter/call   Iter/sec  Time-0-It Calls-0-It    ItLimit
  primal LP        :       0.00          0          0       0.00          -       0.00          0
  dual LP          :       0.00          4        916     305.33          -       0.00          1
  lex dual LP      :       0.00          0          0       0.00          -
  barrier LP       :       0.00          0          0       0.00          -       0.00          0
  resolve instable :       0.00          0          0       0.00          -
  diving/probing LP:       0.00          0          0       0.00          -
  strong branching :       0.00          0          0       0.00          -          -          -          0
    (at root node) :          -          0          0       0.00          -
  conflict analysis:       0.00          6         60      10.00          -
B&B Tree           :
  number of runs   :          1
  nodes            :          1 (0 internal, 1 leaves)
  feasible leaves  :          0
  infeas. leaves   :          0
  objective leaves :          0
  nodes (total)    :          1 (0 internal, 1 leaves)
  nodes left       :          0
  max depth        :          0
  max depth (total):          0
  backtracks       :          0 (0.0%)
  early backtracks :          0 (0.0%)
  nodes exc. ref.  :          0 (0.0%)
  delayed cutoffs  :          0
  repropagations   :          0 (0 domain reductions, 0 cutoffs)
  avg switch length:       2.00
  switching time   :       0.00
Estim. Tree Size   :          1
Estimation Tree    : 1 nodes (1 visited, 0 internal, 1 leaves, 0 open), weight: 1.0000 completed 1.0000
Estimations        :      estim      value      trend resolution     smooth
  wbe              :          1          -          -          -          -
  tree-profile     :         -1          -          -          -          -
  gap              :          1    1.00000    1.00000          1          1
  tree-weight      :          1    1.00000    1.00000          1          1
  leaf-frequency   :          1    0.50000    1.00000          1          1
  ssg              :          1    0.00000   -1.00000          1          1
  open-nodes       :          1    0.00000    0.00000          1          1
Root Node          :
  First LP value   : -1.27310693480349e-01
  First LP Iters   :        665
  First LP Time    :       0.00
  Final Dual Bound : -1.22897734063880e-01
  Final Root Iters :        916
  Root LP Estimate :                     -
Solution           :
  Solutions found  :          3 (3 improvements)
  First Solution   : -7.96372565746492e-02   (in run 1, after 1 nodes, 0.00 seconds, depth 19, found by <clique>)
  Gap First Sol.   :     160.47 %
  Gap Last Sol.    :       3.59 %
  Primal Bound     : -1.22897734063880e-01   (in run 1, after 1 nodes, 1.00 seconds, depth 0, found by <undercover>)
  Dual Bound       : -1.22897734063880e-01
  Gap              :       0.00 %
Integrals          :      Total       Avg%
  primal-dual      :      61.61      61.61
  primal-ref       :          -          - (not evaluated)
  dual-ref         :          -          - (not evaluated)
