SCIP version 7.0.2 [precision: 8 byte] [memory: block] [mode: optimized] [LP solver: SoPlex 5.0.2] [GitHash: e9d280a398]
Copyright (C) 2002-2020 Konrad-Zuse-Zentrum fuer Informationstechnik Berlin (ZIB)

External codes: 
  SoPlex 5.0.2         Linear Programming Solver developed at Zuse Institute Berlin (soplex.zib.de) [GitHash: e24c304e]
  CppAD 20180000.0     Algorithmic Differentiation of C++ algorithms developed by B. Bell (www.coin-or.org/CppAD)
  MPIR 3.0.0           Multiple Precision Integers and Rationals Library developed by W. Hart (mpir.org)
  ZIMPL 3.4.0          Zuse Institute Mathematical Programming Language developed by T. Koch (zimpl.zib.de)
  PaPILO 1.0.2         parallel presolve for integer and linear optimization (https://github.com/lgottwald/PaPILO) [GitHash: 62d2842]
  bliss 0.73p          Computing Graph Automorphism Groups by T. Junttila and P. Kaski (http://www.tcs.hut.fi/Software/bliss/)
  Ipopt 3.12.9         Interior Point Optimizer developed by A. Waechter et.al. (www.coin-or.org/Ipopt)

user parameter file <scip.set> not found - using default parameters

read problem <C:\Users\Claubit\Documents\GitHub\embedding\src\lp\scenarioA2_N64_B0.3_classical\IPL_linearized_N64q2.00B19.lp>
============

original problem has 4160 variables (0 bin, 4160 int, 0 impl, 0 cont) and 12289 constraints

solve problem
=============

presolving:
(round 1, fast)       64 del vars, 64 del conss, 0 add conss, 0 chg bounds, 64 chg sides, 64 chg coeffs, 0 upgd conss, 0 impls, 8064 clqs
(round 2, fast)       64 del vars, 192 del conss, 0 add conss, 0 chg bounds, 64 chg sides, 64 chg coeffs, 0 upgd conss, 0 impls, 8064 clqs
   (1.0s) running MILP presolver
   (1.0s) MILP presolver found nothing
(round 3, exhaustive) 64 del vars, 192 del conss, 0 add conss, 0 chg bounds, 64 chg sides, 64 chg coeffs, 12096 upgd conss, 0 impls, 8064 clqs
(round 4, exhaustive) 64 del vars, 12288 del conss, 4032 add conss, 0 chg bounds, 64 chg sides, 64 chg coeffs, 12096 upgd conss, 0 impls, 8064 clqs
(round 5, exhaustive) 2080 del vars, 14304 del conss, 4032 add conss, 0 chg bounds, 64 chg sides, 64 chg coeffs, 12096 upgd conss, 0 impls, 4032 clqs
   (1.0s) probing: 51/2080 (2.5%) - 0 fixings, 0 aggregations, 0 implications, 0 bound changes
   (1.0s) probing aborted: 50/50 successive totally useless probings
   (1.0s) symmetry computation started: requiring (bin +, int -, cont +), (fixed: bin -, int +, cont -)
   (1.0s) no symmetry present
presolving (6 rounds: 6 fast, 4 medium, 4 exhaustive):
 2080 deleted vars, 14304 deleted constraints, 4032 added constraints, 0 tightened bounds, 0 added holes, 64 changed sides, 64 changed coefficients
 0 implications, 4032 cliques
presolved problem has 2080 variables (2080 bin, 0 int, 0 impl, 0 cont) and 2017 constraints
   2016 constraints of type <and>
      1 constraints of type <linear>
Presolving Time: 0.00

 time | node  | left  |LP iter|LP it/n|mem/heur|mdpt |vars |cons |rows |cuts |sepa|confs|strbr|  dualbound   | primalbound  |  gap   | compl. 
p 1.0s|     1 |     0 |     0 |     - |  clique|   0 |2080 |2017 |4033 |   0 |  0 |   0 |   0 |-3.323176e-01 |-3.847064e-02 | 763.82%| unknown
  1.0s|     1 |     0 |   982 |     - |    46M |   0 |2080 |2017 |4033 |   0 |  0 |   0 |   0 |-1.213612e-01 |-3.847064e-02 | 215.46%| unknown
L 2.0s|     1 |     0 |   982 |     - |undercov|   0 |2080 |2023 |4033 |   0 |  0 |   6 |   0 |-1.213612e-01 |-4.302809e-02 | 182.05%| unknown
  2.0s|     1 |     0 |  1451 |     - |    47M |   0 |2080 |2023 |4357 | 324 |  1 |   6 |   0 |-1.070725e-01 |-4.302809e-02 | 148.84%| unknown
r 2.0s|     1 |     0 |  1451 |     - |shifting|   0 |2080 |2030 |4357 | 324 |  1 |  13 |   0 |-1.070725e-01 |-7.777750e-02 |  37.67%| unknown
  3.0s|     1 |     0 |  1911 |     - |    49M |   0 |2080 |2030 |4490 | 457 |  2 |  13 |   0 |-9.849626e-02 |-7.777750e-02 |  26.64%| unknown
  4.0s|     1 |     0 |  2062 |     - |    50M |   0 |2080 |2030 |4544 | 511 |  3 |  13 |   0 |-9.729123e-02 |-7.777750e-02 |  25.09%| unknown
  4.0s|     1 |     0 |  2062 |     - |    50M |   0 |2080 |2031 |4543 | 511 |  3 |  14 |   0 |-9.729123e-02 |-7.777750e-02 |  25.09%| unknown
  5.0s|     1 |     0 |  2179 |     - |    51M |   0 |2080 |2031 |4582 | 550 |  4 |  14 |   0 |-9.646925e-02 |-7.777750e-02 |  24.03%| unknown
  6.0s|     1 |     0 |  2321 |     - |    52M |   0 |2080 |2031 |4609 | 577 |  5 |  14 |   0 |-9.566739e-02 |-7.777750e-02 |  23.00%| unknown
  7.0s|     1 |     0 |  2378 |     - |    53M |   0 |2080 |2031 |4621 | 589 |  6 |  14 |   0 |-9.512433e-02 |-7.777750e-02 |  22.30%| unknown
  9.0s|     1 |     0 |  2473 |     - |    55M |   0 |2080 |2031 |4630 | 598 |  7 |  14 |   0 |-9.469873e-02 |-7.777750e-02 |  21.76%| unknown
 10.0s|     1 |     0 |  2546 |     - |    56M |   0 |2080 |2032 |4637 | 605 |  8 |  15 |   0 |-9.442742e-02 |-7.777750e-02 |  21.41%| unknown
 12.0s|     1 |     0 |  2643 |     - |    57M |   0 |2080 |2033 |4644 | 612 |  9 |  16 |   0 |-9.423364e-02 |-7.777750e-02 |  21.16%| unknown
 13.0s|     1 |     0 |  2697 |     - |    58M |   0 |2080 |2033 |4652 | 620 | 10 |  16 |   0 |-9.409124e-02 |-7.777750e-02 |  20.97%| unknown
 time | node  | left  |LP iter|LP it/n|mem/heur|mdpt |vars |cons |rows |cuts |sepa|confs|strbr|  dualbound   | primalbound  |  gap   | compl. 
 14.0s|     1 |     0 |  2793 |     - |    59M |   0 |2080 |2040 |4634 | 629 | 11 |  23 |   0 |-9.392012e-02 |-7.777750e-02 |  20.75%| unknown
 15.0s|     1 |     0 |  2878 |     - |    61M |   0 |2080 |2041 |4640 | 635 | 12 |  24 |   0 |-9.377225e-02 |-7.777750e-02 |  20.56%| unknown
 15.0s|     1 |     0 |  2878 |     - |    61M |   0 |2080 |2041 |4639 | 635 | 12 |  24 |   0 |-9.377225e-02 |-7.777750e-02 |  20.56%| unknown
 17.0s|     1 |     0 |  2921 |     - |    62M |   0 |2080 |2041 |4646 | 642 | 13 |  24 |   0 |-9.373757e-02 |-7.777750e-02 |  20.52%| unknown
 17.0s|     1 |     0 |  2971 |     - |    63M |   0 |2080 |2041 |4652 | 648 | 14 |  24 |   0 |-9.365085e-02 |-7.777750e-02 |  20.41%| unknown
 18.0s|     1 |     0 |  3038 |     - |    65M |   0 |2080 |2041 |4660 | 656 | 15 |  24 |   0 |-9.350806e-02 |-7.777750e-02 |  20.23%| unknown
 20.0s|     1 |     0 |  3151 |     - |    66M |   0 |2080 |2041 |4665 | 661 | 16 |  24 |   0 |-9.337611e-02 |-7.777750e-02 |  20.06%| unknown
 21.0s|     1 |     0 |  3237 |     - |    68M |   0 |2080 |2042 |4639 | 667 | 17 |  25 |   0 |-9.330474e-02 |-7.777750e-02 |  19.96%| unknown
 21.0s|     1 |     0 |  3348 |     - |    69M |   0 |2080 |2042 |4644 | 672 | 18 |  25 |   0 |-9.319369e-02 |-7.777750e-02 |  19.82%| unknown
 22.0s|     1 |     0 |  3410 |     - |    69M |   0 |2080 |2042 |4651 | 679 | 19 |  25 |   0 |-9.307903e-02 |-7.777750e-02 |  19.67%| unknown
 23.0s|     1 |     0 |  3434 |     - |    70M |   0 |2080 |2042 |4658 | 686 | 20 |  25 |   0 |-9.305855e-02 |-7.777750e-02 |  19.65%| unknown
 23.0s|     1 |     0 |  3468 |     - |    70M |   0 |2080 |2042 |4662 | 690 | 21 |  25 |   0 |-9.302691e-02 |-7.777750e-02 |  19.61%| unknown
 23.0s|     1 |     0 |  3488 |     - |    70M |   0 |2080 |2042 |4666 | 694 | 22 |  25 |   0 |-9.301376e-02 |-7.777750e-02 |  19.59%| unknown
 23.0s|     1 |     0 |  3498 |     - |    70M |   0 |2080 |2042 |4645 | 695 | 23 |  25 |   0 |-9.300977e-02 |-7.777750e-02 |  19.58%| unknown
 23.0s|     1 |     0 |  3513 |     - |    70M |   0 |2080 |2043 |4648 | 698 | 24 |  26 |   0 |-9.300778e-02 |-7.777750e-02 |  19.58%| unknown
 time | node  | left  |LP iter|LP it/n|mem/heur|mdpt |vars |cons |rows |cuts |sepa|confs|strbr|  dualbound   | primalbound  |  gap   | compl. 
 23.0s|     1 |     0 |  3535 |     - |    70M |   0 |2080 |2044 |4649 | 699 | 25 |  27 |   0 |-9.300617e-02 |-7.777750e-02 |  19.58%| unknown
 23.0s|     1 |     0 |  3542 |     - |    70M |   0 |2080 |2045 |4650 | 700 | 26 |  28 |   0 |-9.300442e-02 |-7.777750e-02 |  19.58%| unknown
 23.0s|     1 |     0 |  3573 |     - |    70M |   0 |2080 |2045 |4651 | 701 | 27 |  28 |   0 |-9.299777e-02 |-7.777750e-02 |  19.57%| unknown
 23.0s|     1 |     0 |  3573 |     - |    70M |   0 |2080 |2051 |4653 | 701 | 29 |  34 |   0 |-9.299777e-02 |-7.777750e-02 |  19.57%| unknown
 23.0s|     1 |     0 |  3581 |     - |    70M |   0 |2080 |2051 |4655 | 703 | 30 |  34 |   0 |-9.299750e-02 |-7.777750e-02 |  19.57%| unknown
 29.0s|     1 |     2 |  8540 |     - |    71M |   0 |2080 |2055 |4655 | 703 | 32 |  38 |  31 |-9.134416e-02 |-7.777750e-02 |  17.44%| unknown
*43.0s|     8 |     3 | 11566 |1140.7 |strongbr|   4 |2080 |2096 |4660 | 770 |  5 |  79 | 252 |-9.134416e-02 |-8.113602e-02 |  12.58%|  15.94%
*48.0s|     9 |     2 | 12657 |1134.5 |strongbr|   4 |2080 |2134 |4678 | 780 | 14 | 117 | 367 |-9.134416e-02 |-8.151858e-02 |  12.05%|  18.23%
*48.0s|     9 |     2 | 12657 |1134.5 |strongbr|   4 |2080 |2097 |4678 | 780 | 14 | 121 | 374 |-9.134416e-02 |-8.180904e-02 |  11.66%|  18.23%
*50.0s|    16 |     3 | 15678 | 806.5 |    LP  |   5 |2080 |2102 |4704 | 838 |  3 | 126 | 400 |-9.075749e-02 |-8.234445e-02 |  10.22%|  46.42%
*50.0s|    17 |     2 | 15701 | 757.5 |    LP  |   5 |2080 |2102 |4704 | 838 |  2 | 126 | 400 |-9.075749e-02 |-8.275687e-02 |   9.67%|  47.56%
*51.0s|    21 |     2 | 16266 | 634.3 |strongbr|   5 |2080 |2080 |4711 | 843 |  1 | 126 | 402 |-9.075749e-02 |-8.454195e-02 |   7.35%|  52.91%
*51.0s|    33 |     2 | 18109 | 454.0 |strongbr|   7 |2080 |1737 |4748 | 856 |  3 | 133 | 412 |-8.800891e-02 |-8.511246e-02 |   3.40%|  79.98%

SCIP Status        : problem is solved [optimal solution found]
Solving Time (sec) : 51.00
Solving Nodes      : 35
Primal Bound       : -8.51124563061408e-02 (13 solutions)
Dual Bound         : -8.51124563061408e-02
Gap                : 0.00 %

primal solution (original space):
=================================

objective value:                  -0.0851124563061408
y(4,4)                                              1 	(obj:0.000383530708726255)
y(4,6)                                              1 	(obj:6.66966126508679e-05)
y(4,9)                                              1 	(obj:9.1904885549701e-05)
y(4,12)                                             1 	(obj:0.000189868032441556)
y(4,18)                                             1 	(obj:0.000180714523757439)
y(4,22)                                             1 	(obj:8.29215925814709e-05)
y(4,24)                                             1 	(obj:-0.000114022972983364)
y(4,26)                                             1 	(obj:9.25199447228294e-05)
y(4,32)                                             1 	(obj:0.000110441472342686)
y(4,33)                                             1 	(obj:4.05761066943694e-05)
y(4,38)                                             1 	(obj:0.000188625346748101)
y(4,39)                                             1 	(obj:0.00035557541137651)
y(4,46)                                             1 	(obj:3.64498535631296e-05)
y(4,49)                                             1 	(obj:5.92414571532959e-05)
y(4,59)                                             1 	(obj:9.95540113014586e-05)
y(4,61)                                             1 	(obj:8.0687216331898e-05)
y(4,62)                                             1 	(obj:0.000127996587142774)
y(4,63)                                             1 	(obj:0.000337943069173003)
y(4,64)                                             1 	(obj:6.39739412378932e-05)
y(6,4)                                              1 	(obj:6.66966126508679e-05)
y(6,6)                                              1 	(obj:0.000554160402035123)
y(6,9)                                              1 	(obj:2.31514828813949e-05)
y(6,12)                                             1 	(obj:9.29761935402869e-06)
y(6,18)                                             1 	(obj:9.33276818780484e-05)
y(6,22)                                             1 	(obj:0.00017653540057225)
y(6,24)                                             1 	(obj:0.000476413359146149)
y(6,26)                                             1 	(obj:-5.28699876472009e-05)
y(6,32)                                             1 	(obj:7.48726582665151e-05)
y(6,33)                                             1 	(obj:-0.00011916105130142)
y(6,38)                                             1 	(obj:0.000140212025858934)
y(6,39)                                             1 	(obj:9.3949377132478e-05)
y(6,46)                                             1 	(obj:8.56149344965197e-05)
y(6,49)                                             1 	(obj:3.12016298070451e-05)
y(6,59)                                             1 	(obj:-6.05344616631423e-05)
y(6,61)                                             1 	(obj:-3.08770709738006e-05)
y(6,62)                                             1 	(obj:7.73963327399059e-05)
y(6,63)                                             1 	(obj:0.000253018247562264)
y(6,64)                                             1 	(obj:-9.01712637471333e-05)
y(9,4)                                              1 	(obj:9.1904885549701e-05)
y(9,6)                                              1 	(obj:2.31514828813949e-05)
y(9,9)                                              1 	(obj:0.000247003429747573)
y(9,12)                                             1 	(obj:0.000131176506329102)
y(9,18)                                             1 	(obj:7.65557952197909e-05)
y(9,22)                                             1 	(obj:-3.45318920090944e-05)
y(9,24)                                             1 	(obj:-3.65444076385302e-05)
y(9,26)                                             1 	(obj:9.03366330850761e-05)
y(9,32)                                             1 	(obj:2.69437361907001e-05)
y(9,33)                                             1 	(obj:0.000136600472934724)
y(9,38)                                             1 	(obj:0.000103929976529138)
y(9,39)                                             1 	(obj:5.12338136707434e-05)
y(9,46)                                             1 	(obj:9.94754137763781e-05)
y(9,49)                                             1 	(obj:-6.38790093159279e-05)
y(9,59)                                             1 	(obj:7.03618782837313e-05)
y(9,61)                                             1 	(obj:0.000259314766711307)
y(9,62)                                             1 	(obj:8.80794145386173e-05)
y(9,63)                                             1 	(obj:7.11302983315637e-06)
y(9,64)                                             1 	(obj:3.57027849339668e-05)
y(12,4)                                             1 	(obj:0.000189868032441556)
y(12,6)                                             1 	(obj:9.29761935402869e-06)
y(12,9)                                             1 	(obj:0.000131176506329102)
y(12,12)                                            1 	(obj:0.00036001547137505)
y(12,18)                                            1 	(obj:7.49980715470909e-05)
y(12,22)                                            1 	(obj:4.01641687550578e-05)
y(12,24)                                            1 	(obj:-0.000201566812843237)
y(12,26)                                            1 	(obj:0.000176665698024132)
y(12,32)                                            1 	(obj:-7.34139134434854e-06)
y(12,33)                                            1 	(obj:0.000161994908741271)
y(12,38)                                            1 	(obj:0.000156513247270307)
y(12,39)                                            1 	(obj:8.82682049503609e-05)
y(12,46)                                            1 	(obj:-2.26638918932642e-05)
y(12,49)                                            1 	(obj:1.1052139140701e-05)
y(12,59)                                            1 	(obj:0.000123094101200555)
y(12,61)                                            1 	(obj:0.000105580459184275)
y(12,62)                                            1 	(obj:0.000167938552731227)
y(12,63)                                            1 	(obj:0.000174641528642538)
y(12,64)                                            1 	(obj:9.10721631495784e-05)
y(18,4)                                             1 	(obj:0.000180714523757439)
y(18,6)                                             1 	(obj:9.33276818780484e-05)
y(18,9)                                             1 	(obj:7.65557952197909e-05)
y(18,12)                                            1 	(obj:7.49980715470909e-05)
y(18,18)                                            1 	(obj:0.000494818337574638)
y(18,22)                                            1 	(obj:0.000184347076246481)
y(18,24)                                            1 	(obj:2.43128440001557e-05)
y(18,26)                                            1 	(obj:0.000144002888581567)
y(18,32)                                            1 	(obj:0.000132774455449874)
y(18,33)                                            1 	(obj:0.000162465786434199)
y(18,38)                                            1 	(obj:0.0003052665250153)
y(18,39)                                            1 	(obj:4.64587972716666e-05)
y(18,46)                                            1 	(obj:0.000131748945783544)
y(18,49)                                            1 	(obj:0.000195906708407041)
y(18,59)                                            1 	(obj:0.000185637247526329)
y(18,61)                                            1 	(obj:0.000109111164849115)
y(18,62)                                            1 	(obj:0.000159843741308117)
y(18,63)                                            1 	(obj:0.000253626229121388)
y(18,64)                                            1 	(obj:0.000160859477030588)
y(22,4)                                             1 	(obj:8.29215925814709e-05)
y(22,6)                                             1 	(obj:0.00017653540057225)
y(22,9)                                             1 	(obj:-3.45318920090944e-05)
y(22,12)                                            1 	(obj:4.01641687550578e-05)
y(22,18)                                            1 	(obj:0.000184347076246481)
y(22,22)                                            1 	(obj:0.000302593928206356)
y(22,24)                                            1 	(obj:0.000212144693660817)
y(22,26)                                            1 	(obj:-1.21948685174854e-05)
y(22,32)                                            1 	(obj:6.45273628295983e-05)
y(22,33)                                            1 	(obj:-4.54476055271985e-06)
y(22,38)                                            1 	(obj:0.000171142753427568)
y(22,39)                                            1 	(obj:-6.55829101749131e-05)
y(22,46)                                            1 	(obj:5.61620629927397e-05)
y(22,49)                                            1 	(obj:0.000149263613180191)
y(22,59)                                            1 	(obj:-1.42447140268472e-05)
y(22,61)                                            1 	(obj:-2.80692736136661e-05)
y(22,62)                                            1 	(obj:7.74546509928839e-05)
y(22,63)                                            1 	(obj:0.000224430834235955)
y(22,64)                                            1 	(obj:3.57243079023986e-05)
y(24,4)                                             1 	(obj:-0.000114022972983364)
y(24,6)                                             1 	(obj:0.000476413359146149)
y(24,9)                                             1 	(obj:-3.65444076385302e-05)
y(24,12)                                            1 	(obj:-0.000201566812843237)
y(24,18)                                            1 	(obj:2.43128440001557e-05)
y(24,22)                                            1 	(obj:0.000212144693660817)
y(24,24)                                            1 	(obj:0.00079132119294872)
y(24,26)                                            1 	(obj:-0.000182099493370789)
y(24,32)                                            1 	(obj:7.36779843456495e-05)
y(24,33)                                            1 	(obj:-0.000240837059208711)
y(24,38)                                            1 	(obj:-1.48453380106616e-05)
y(24,39)                                            1 	(obj:-4.33660978148775e-05)
y(24,46)                                            1 	(obj:0.000123715895972304)
y(24,49)                                            1 	(obj:0.000138288931390758)
y(24,59)                                            1 	(obj:-0.000166306222538281)
y(24,61)                                            1 	(obj:-1.50135023184911e-05)
y(24,62)                                            1 	(obj:-7.91343091720018e-05)
y(24,63)                                            1 	(obj:0.000116484134448908)
y(24,64)                                            1 	(obj:-0.000152217733186194)
y(26,4)                                             1 	(obj:9.25199447228294e-05)
y(26,6)                                             1 	(obj:-5.28699876472009e-05)
y(26,9)                                             1 	(obj:9.03366330850761e-05)
y(26,12)                                            1 	(obj:0.000176665698024132)
y(26,18)                                            1 	(obj:0.000144002888581567)
y(26,22)                                            1 	(obj:-1.21948685174854e-05)
y(26,24)                                            1 	(obj:-0.000182099493370789)
y(26,26)                                            1 	(obj:0.000388425980938605)
y(26,32)                                            1 	(obj:-1.14555741219846e-05)
y(26,33)                                            1 	(obj:0.000237546770982757)
y(26,38)                                            1 	(obj:0.000215341952844128)
y(26,39)                                            1 	(obj:-0.000138776819712042)
y(26,46)                                            1 	(obj:5.06757931001882e-05)
y(26,49)                                            1 	(obj:-7.96469781824339e-06)
y(26,59)                                            1 	(obj:0.000172993830476352)
y(26,61)                                            1 	(obj:0.000126439702896154)
y(26,62)                                            1 	(obj:0.000143590190523872)
y(26,63)                                            1 	(obj:6.21252991048573e-05)
y(26,64)                                            1 	(obj:9.89382397644759e-05)
y(32,4)                                             1 	(obj:0.000110441472342686)
y(32,6)                                             1 	(obj:7.48726582665151e-05)
y(32,9)                                             1 	(obj:2.69437361907001e-05)
y(32,12)                                            1 	(obj:-7.34139134434854e-06)
y(32,18)                                            1 	(obj:0.000132774455449874)
y(32,22)                                            1 	(obj:6.45273628295983e-05)
y(32,24)                                            1 	(obj:7.36779843456495e-05)
y(32,26)                                            1 	(obj:-1.14555741219846e-05)
y(32,32)                                            1 	(obj:0.000213262451528745)
y(32,33)                                            1 	(obj:-1.56943987891227e-05)
y(32,38)                                            1 	(obj:-1.32782024948421e-05)
y(32,39)                                            1 	(obj:-3.45009358906133e-05)
y(32,46)                                            1 	(obj:8.08414173182122e-06)
y(32,49)                                            1 	(obj:-5.75370258625967e-06)
y(32,59)                                            1 	(obj:-0.000155451774694998)
y(32,61)                                            1 	(obj:7.02078776726086e-05)
y(32,62)                                            1 	(obj:3.15555238165434e-05)
y(32,63)                                            1 	(obj:0.000143954023663507)
y(32,64)                                            1 	(obj:-1.1432152986578e-05)
y(33,4)                                             1 	(obj:4.05761066943694e-05)
y(33,6)                                             1 	(obj:-0.00011916105130142)
y(33,9)                                             1 	(obj:0.000136600472934724)
y(33,12)                                            1 	(obj:0.000161994908741271)
y(33,18)                                            1 	(obj:0.000162465786434199)
y(33,22)                                            1 	(obj:-4.54476055271985e-06)
y(33,24)                                            1 	(obj:-0.000240837059208711)
y(33,26)                                            1 	(obj:0.000237546770982757)
y(33,32)                                            1 	(obj:-1.56943987891227e-05)
y(33,33)                                            1 	(obj:0.000350564271706539)
y(33,38)                                            1 	(obj:0.000236756505542089)
y(33,39)                                            1 	(obj:-7.85374419560301e-05)
y(33,46)                                            1 	(obj:9.65359342628771e-05)
y(33,49)                                            1 	(obj:2.00864579710595e-05)
y(33,59)                                            1 	(obj:0.000161945632888881)
y(33,61)                                            1 	(obj:0.000178104794595126)
y(33,62)                                            1 	(obj:0.000146962387799868)
y(33,63)                                            1 	(obj:1.22195405430159e-06)
y(33,64)                                            1 	(obj:0.000137565328279325)
y(38,4)                                             1 	(obj:0.000188625346748101)
y(38,6)                                             1 	(obj:0.000140212025858934)
y(38,9)                                             1 	(obj:0.000103929976529138)
y(38,12)                                            1 	(obj:0.000156513247270307)
y(38,18)                                            1 	(obj:0.0003052665250153)
y(38,22)                                            1 	(obj:0.000171142753427568)
y(38,24)                                            1 	(obj:-1.48453380106616e-05)
y(38,26)                                            1 	(obj:0.000215341952844128)
y(38,32)                                            1 	(obj:-1.32782024948421e-05)
y(38,33)                                            1 	(obj:0.000236756505542089)
y(38,38)                                            1 	(obj:0.000442707635138988)
y(38,39)                                            1 	(obj:0.000139703869001573)
y(38,46)                                            1 	(obj:0.00019488970023937)
y(38,49)                                            1 	(obj:0.000167280713106896)
y(38,59)                                            1 	(obj:0.000250636937877101)
y(38,61)                                            1 	(obj:0.000105319124012154)
y(38,62)                                            1 	(obj:0.000185253386345829)
y(38,63)                                            1 	(obj:0.00025236368576179)
y(38,64)                                            1 	(obj:0.000130657140811955)
y(39,4)                                             1 	(obj:0.00035557541137651)
y(39,6)                                             1 	(obj:9.3949377132478e-05)
y(39,9)                                             1 	(obj:5.12338136707434e-05)
y(39,12)                                            1 	(obj:8.82682049503609e-05)
y(39,18)                                            1 	(obj:4.64587972716666e-05)
y(39,22)                                            1 	(obj:-6.55829101749131e-05)
y(39,24)                                            1 	(obj:-4.33660978148775e-05)
y(39,26)                                            1 	(obj:-0.000138776819712042)
y(39,32)                                            1 	(obj:-3.45009358906133e-05)
y(39,33)                                            1 	(obj:-7.85374419560301e-05)
y(39,38)                                            1 	(obj:0.000139703869001573)
y(39,39)                                            1 	(obj:0.00187662275138259)
y(39,46)                                            1 	(obj:-2.3173401072663e-06)
y(39,49)                                            1 	(obj:2.37622730206231e-05)
y(39,59)                                            1 	(obj:0.000355384384974373)
y(39,61)                                            1 	(obj:-8.76829327641121e-05)
y(39,62)                                            1 	(obj:9.52494753759284e-05)
y(39,63)                                            1 	(obj:0.000176071606468921)
y(39,64)                                            1 	(obj:4.76791005703764e-05)
y(46,4)                                             1 	(obj:3.64498535631296e-05)
y(46,6)                                             1 	(obj:8.56149344965197e-05)
y(46,9)                                             1 	(obj:9.94754137763781e-05)
y(46,12)                                            1 	(obj:-2.26638918932642e-05)
y(46,18)                                            1 	(obj:0.000131748945783544)
y(46,22)                                            1 	(obj:5.61620629927397e-05)
y(46,24)                                            1 	(obj:0.000123715895972304)
y(46,26)                                            1 	(obj:5.06757931001882e-05)
y(46,32)                                            1 	(obj:8.08414173182122e-06)
y(46,33)                                            1 	(obj:9.65359342628771e-05)
y(46,38)                                            1 	(obj:0.00019488970023937)
y(46,39)                                            1 	(obj:-2.3173401072663e-06)
y(46,46)                                            1 	(obj:0.000269911712767471)
y(46,49)                                            1 	(obj:0.000226027777186586)
y(46,59)                                            1 	(obj:-2.48911567255085e-05)
y(46,61)                                            1 	(obj:0.000150061230724168)
y(46,62)                                            1 	(obj:1.95020978387251e-05)
y(46,63)                                            1 	(obj:9.49288534790528e-05)
y(46,64)                                            1 	(obj:5.78981868601732e-05)
y(49,4)                                             1 	(obj:5.92414571532959e-05)
y(49,6)                                             1 	(obj:3.12016298070451e-05)
y(49,9)                                             1 	(obj:-6.38790093159279e-05)
y(49,12)                                            1 	(obj:1.1052139140701e-05)
y(49,18)                                            1 	(obj:0.000195906708407041)
y(49,22)                                            1 	(obj:0.000149263613180191)
y(49,24)                                            1 	(obj:0.000138288931390758)
y(49,26)                                            1 	(obj:-7.96469781824339e-06)
y(49,32)                                            1 	(obj:-5.75370258625967e-06)
y(49,33)                                            1 	(obj:2.00864579710595e-05)
y(49,38)                                            1 	(obj:0.000167280713106896)
y(49,39)                                            1 	(obj:2.37622730206231e-05)
y(49,46)                                            1 	(obj:0.000226027777186586)
y(49,49)                                            1 	(obj:0.000489557383076568)
y(49,59)                                            1 	(obj:-5.07918618216579e-05)
y(49,61)                                            1 	(obj:-3.66641714332244e-06)
y(49,62)                                            1 	(obj:9.62161867861919e-06)
y(49,63)                                            1 	(obj:0.000228003249334496)
y(49,64)                                            1 	(obj:0.000122364779330638)
y(59,4)                                             1 	(obj:9.95540113014586e-05)
y(59,6)                                             1 	(obj:-6.05344616631423e-05)
y(59,9)                                             1 	(obj:7.03618782837313e-05)
y(59,12)                                            1 	(obj:0.000123094101200555)
y(59,18)                                            1 	(obj:0.000185637247526329)
y(59,22)                                            1 	(obj:-1.42447140268472e-05)
y(59,24)                                            1 	(obj:-0.000166306222538281)
y(59,26)                                            1 	(obj:0.000172993830476352)
y(59,32)                                            1 	(obj:-0.000155451774694998)
y(59,33)                                            1 	(obj:0.000161945632888881)
y(59,38)                                            1 	(obj:0.000250636937877101)
y(59,39)                                            1 	(obj:0.000355384384974373)
y(59,46)                                            1 	(obj:-2.48911567255085e-05)
y(59,49)                                            1 	(obj:-5.07918618216579e-05)
y(59,59)                                            1 	(obj:0.000807523250282452)
y(59,61)                                            1 	(obj:4.94979132338e-05)
y(59,62)                                            1 	(obj:0.000192406465632132)
y(59,63)                                            1 	(obj:7.31037563981825e-05)
y(59,64)                                            1 	(obj:0.000172738478503344)
y(61,4)                                             1 	(obj:8.0687216331898e-05)
y(61,6)                                             1 	(obj:-3.08770709738006e-05)
y(61,9)                                             1 	(obj:0.000259314766711307)
y(61,12)                                            1 	(obj:0.000105580459184275)
y(61,18)                                            1 	(obj:0.000109111164849115)
y(61,22)                                            1 	(obj:-2.80692736136661e-05)
y(61,24)                                            1 	(obj:-1.50135023184911e-05)
y(61,26)                                            1 	(obj:0.000126439702896154)
y(61,32)                                            1 	(obj:7.02078776726086e-05)
y(61,33)                                            1 	(obj:0.000178104794595126)
y(61,38)                                            1 	(obj:0.000105319124012154)
y(61,39)                                            1 	(obj:-8.76829327641121e-05)
y(61,46)                                            1 	(obj:0.000150061230724168)
y(61,49)                                            1 	(obj:-3.66641714332244e-06)
y(61,59)                                            1 	(obj:4.94979132338e-05)
y(61,61)                                            1 	(obj:0.000366680191209121)
y(61,62)                                            1 	(obj:9.79720539540691e-05)
y(61,63)                                            1 	(obj:8.50445918976792e-05)
y(61,64)                                            1 	(obj:8.4844572237268e-05)
y(62,4)                                             1 	(obj:0.000127996587142774)
y(62,6)                                             1 	(obj:7.73963327399059e-05)
y(62,9)                                             1 	(obj:8.80794145386173e-05)
y(62,12)                                            1 	(obj:0.000167938552731227)
y(62,18)                                            1 	(obj:0.000159843741308117)
y(62,22)                                            1 	(obj:7.74546509928839e-05)
y(62,24)                                            1 	(obj:-7.91343091720018e-05)
y(62,26)                                            1 	(obj:0.000143590190523872)
y(62,32)                                            1 	(obj:3.15555238165434e-05)
y(62,33)                                            1 	(obj:0.000146962387799868)
y(62,38)                                            1 	(obj:0.000185253386345829)
y(62,39)                                            1 	(obj:9.52494753759284e-05)
y(62,46)                                            1 	(obj:1.95020978387251e-05)
y(62,49)                                            1 	(obj:9.62161867861919e-06)
y(62,59)                                            1 	(obj:0.000192406465632132)
y(62,61)                                            1 	(obj:9.79720539540691e-05)
y(62,62)                                            1 	(obj:0.000243564789408853)
y(62,63)                                            1 	(obj:0.000204434396512083)
y(62,64)                                            1 	(obj:0.000105368630657193)
y(63,4)                                             1 	(obj:0.000337943069173003)
y(63,6)                                             1 	(obj:0.000253018247562264)
y(63,9)                                             1 	(obj:7.11302983315637e-06)
y(63,12)                                            1 	(obj:0.000174641528642538)
y(63,18)                                            1 	(obj:0.000253626229121388)
y(63,22)                                            1 	(obj:0.000224430834235955)
y(63,24)                                            1 	(obj:0.000116484134448908)
y(63,26)                                            1 	(obj:6.21252991048573e-05)
y(63,32)                                            1 	(obj:0.000143954023663507)
y(63,33)                                            1 	(obj:1.22195405430159e-06)
y(63,38)                                            1 	(obj:0.00025236368576179)
y(63,39)                                            1 	(obj:0.000176071606468921)
y(63,46)                                            1 	(obj:9.49288534790528e-05)
y(63,49)                                            1 	(obj:0.000228003249334496)
y(63,59)                                            1 	(obj:7.31037563981825e-05)
y(63,61)                                            1 	(obj:8.50445918976792e-05)
y(63,62)                                            1 	(obj:0.000204434396512083)
y(63,63)                                            1 	(obj:0.000623874557730235)
y(63,64)                                            1 	(obj:0.000114552599933971)
y(64,4)                                             1 	(obj:6.39739412378932e-05)
y(64,6)                                             1 	(obj:-9.01712637471333e-05)
y(64,9)                                             1 	(obj:3.57027849339668e-05)
y(64,12)                                            1 	(obj:9.10721631495784e-05)
y(64,18)                                            1 	(obj:0.000160859477030588)
y(64,22)                                            1 	(obj:3.57243079023986e-05)
y(64,24)                                            1 	(obj:-0.000152217733186194)
y(64,26)                                            1 	(obj:9.89382397644759e-05)
y(64,32)                                            1 	(obj:-1.1432152986578e-05)
y(64,33)                                            1 	(obj:0.000137565328279325)
y(64,38)                                            1 	(obj:0.000130657140811955)
y(64,39)                                            1 	(obj:4.76791005703764e-05)
y(64,46)                                            1 	(obj:5.78981868601732e-05)
y(64,49)                                            1 	(obj:0.000122364779330638)
y(64,59)                                            1 	(obj:0.000172738478503344)
y(64,61)                                            1 	(obj:8.4844572237268e-05)
y(64,62)                                            1 	(obj:0.000105368630657193)
y(64,63)                                            1 	(obj:0.000114552599933971)
y(64,64)                                            1 	(obj:0.000175389958485012)
x(4)                                                1 	(obj:-0.0072161870538177)
x(6)                                                1 	(obj:-0.00434052323145815)
x(9)                                                1 	(obj:-0.00734965491545315)
x(12)                                               1 	(obj:-0.00659426395713861)
x(18)                                               1 	(obj:-0.00714774089661002)
x(22)                                               1 	(obj:-0.00577469461251162)
x(24)                                               1 	(obj:-0.0059640060439669)
x(26)                                               1 	(obj:-0.00907907859942305)
x(32)                                               1 	(obj:-0.00233757086924918)
x(33)                                               1 	(obj:-0.00671525470420422)
x(38)                                               1 	(obj:-0.0103811030697323)
x(39)                                               1 	(obj:-0.00587430953023488)
x(46)                                               1 	(obj:-0.00625017514616764)
x(49)                                               1 	(obj:-0.00648266643723911)
x(59)                                               1 	(obj:-0.00562873389312421)
x(61)                                               1 	(obj:-0.00746616271732443)
x(62)                                               1 	(obj:-0.00517621098612854)
x(63)                                               1 	(obj:-0.00869773875033351)
x(64)                                               1 	(obj:-0.0039925222536812)

Statistics
==========

SCIP Status        : problem is solved [optimal solution found]
Total Time         :      51.00
  solving          :      51.00
  presolving       :       0.00 (included in solving)
  reading          :       0.00
  copying          :       0.00 (3 #copies) (minimal 0.00, maximal 0.00, average 0.00)
Original Problem   :
  Problem name     : C:\Users\Claubit\Documents\GitHub\embedding\src\lp\scenarioA2_N64_B0.3_classical\IPL_linearized_N64q2.00B19.lp
  Variables        : 4160 (0 binary, 4160 integer, 0 implicit integer, 0 continuous)
  Constraints      : 12289 initial, 12289 maximal
  Objective        : minimize, 4160 non-zeros (abs.min = 2.30154e-09, abs.max = 0.0136508)
Presolved Problem  :
  Problem name     : t_C:\Users\Claubit\Documents\GitHub\embedding\src\lp\scenarioA2_N64_B0.3_classical\IPL_linearized_N64q2.00B19.lp
  Variables        : 2080 (2080 binary, 0 integer, 0 implicit integer, 0 continuous)
  Constraints      : 2017 initial, 2138 maximal
  Objective        : minimize, 2080 non-zeros (abs.min = 4.60307e-09, abs.max = 0.0258848)
  Nonzeros         : 6112 constraint, 8056 clique table
Presolvers         :   ExecTime  SetupTime  Calls  FixedVars   AggrVars   ChgTypes  ChgBounds   AddHoles    DelCons    AddCons   ChgSides   ChgCoefs
  boundshift       :       0.00       0.00      0          0          0          0          0          0          0          0          0          0
  convertinttobin  :       0.00       0.00      0          0          0          0          0          0          0          0          0          0
  domcol           :       0.00       0.00      1          0          0          0          0          0          0          0          0          0
  dualagg          :       0.00       0.00      0          0          0          0          0          0          0          0          0          0
  dualcomp         :       0.00       0.00      0          0          0          0          0          0          0          0          0          0
  dualinfer        :       0.00       0.00      0          0          0          0          0          0          0          0          0          0
  dualsparsify     :       0.00       0.00      1          0          0          0          0          0          0          0          0          0
  gateextraction   :       0.00       0.00      1          0          0          0          0          0      12096       4032          0          0
  implics          :       0.00       0.00      4          0          0          0          0          0          0          0          0          0
  inttobinary      :       0.00       0.00      0          0          0          0          0          0          0          0          0          0
  milp             :       0.00       0.00      1          0          0          0          0          0          0          0          0          0
  qpkktref         :       0.00       0.00      0          0          0          0          0          0          0          0          0          0
  redvub           :       0.00       0.00      0          0          0          0          0          0          0          0          0          0
  sparsify         :       0.00       0.00      1          0          0          0          0          0          0          0          0          0
  stuffing         :       0.00       0.00      0          0          0          0          0          0          0          0          0          0
  trivial          :       0.00       0.00      6          0          0          0          0          0          0          0          0          0
  tworowbnd        :       0.00       0.00      0          0          0          0          0          0          0          0          0          0
  dualfix          :       0.00       0.00      6          0          0          0          0          0          0          0          0          0
  genvbounds       :       0.00       0.00      0          0          0          0          0          0          0          0          0          0
  probing          :       0.00       0.00      1          0          0          0          0          0          0          0          0          0
  pseudoobj        :       0.00       0.00      0          0          0          0          0          0          0          0          0          0
  symmetry         :       0.00       0.00      1          0          0          0          0          0          0          0          0          0
  vbounds          :       0.00       0.00      1          0          0          0          0          0          0          0          0          0
  setppc           :       0.00       0.00      2          0          0          0          0          0          0          0          0          0
  and              :       0.00       0.00      4          0       2016          0          0          0       2016          0          0          0
  linear           :       0.00       0.00      8          0         64          0          0          0        192          0         64         64
  logicor          :       0.00       0.00      2          0          0          0          0          0          0          0          0          0
  benders          :       0.00       0.00      0          0          0          0          0          0          0          0          0          0
  components       :       0.00       0.00      1          0          0          0          0          0          0          0          0          0
  root node        :          -          -      -        376          -          -        376          -          -          -          -          -
Constraints        :     Number  MaxNumber  #Separate #Propagate    #EnfoLP    #EnfoRelax  #EnfoPS    #Check   #ResProp    Cutoffs    DomReds       Cuts    Applied      Conss   Children
  benderslp        :          0          0          0          0         55          0          0         34          0          0          0          0          0          0          0
  integral         :          0          0          0          0         55          0          0         34          0          0        543          0          0         93         34
  setppc           :          0+        45          2        551          0          0          0          5          0          0          1          0          0          0          0
  and              :       2016       2016        127       3521          2          0          0         29       2094         13       6443        780        249          0          0
  linear           :          1          1         30       3485          2          0          0         13          4          8          0          0          0          0          0
  logicor          :          0+       121         30        656          0          0          0          0         10          5          3          0          0          0          0
  benders          :          0          0          0          0          2          0          0         12          0          0          0          0          0          0          0
  countsols        :          0          0          0          0          2          0          0         12          0          0          0          0          0          0          0
  components       :          0          0          0          0          0          0          0          0          0          0          0          0          0          0          0
Constraint Timings :  TotalTime  SetupTime   Separate  Propagate     EnfoLP     EnfoPS     EnfoRelax   Check    ResProp    SB-Prop
  benderslp        :       0.00       0.00       0.00       0.00       0.00       0.00       0.00       0.00       0.00       0.00
  integral         :      24.00       0.00       0.00       0.00      24.00       0.00       0.00       0.00       0.00       0.00
  setppc           :       0.00       0.00       0.00       0.00       0.00       0.00       0.00       0.00       0.00       0.00
  and              :       0.00       0.00       0.00       0.00       0.00       0.00       0.00       0.00       0.00       0.00
  linear           :       0.00       0.00       0.00       0.00       0.00       0.00       0.00       0.00       0.00       0.00
  logicor          :       0.00       0.00       0.00       0.00       0.00       0.00       0.00       0.00       0.00       0.00
  benders          :       0.00       0.00       0.00       0.00       0.00       0.00       0.00       0.00       0.00       0.00
  countsols        :       0.00       0.00       0.00       0.00       0.00       0.00       0.00       0.00       0.00       0.00
  components       :       0.00       0.00       0.00       0.00       0.00       0.00       0.00       0.00       0.00       0.00
Propagators        : #Propagate   #ResProp    Cutoffs    DomReds
  dualfix          :          4          0          0          0
  genvbounds       :          0          0          0          0
  nlobbt           :          0          0          0          0
  obbt             :          0          0          0          0
  probing          :          0          0          0          0
  pseudoobj        :        317          0          0          0
  redcost          :        254          0          0       2439
  rootredcost      :          7          0          0         86
  symmetry         :          0          0          0          0
  vbounds          :       3483          0          0          0
Propagator Timings :  TotalTime  SetupTime   Presolve  Propagate    ResProp    SB-Prop
  dualfix          :       0.00       0.00       0.00       0.00       0.00       0.00
  genvbounds       :       0.00       0.00       0.00       0.00       0.00       0.00
  nlobbt           :       0.00       0.00       0.00       0.00       0.00       0.00
  obbt             :       0.00       0.00       0.00       0.00       0.00       0.00
  probing          :       0.00       0.00       0.00       0.00       0.00       0.00
  pseudoobj        :       0.00       0.00       0.00       0.00       0.00       0.00
  redcost          :       0.00       0.00       0.00       0.00       0.00       0.00
  rootredcost      :       0.00       0.00       0.00       0.00       0.00       0.00
  symmetry         :       0.00       0.00       0.00       0.00       0.00       0.00
  vbounds          :       0.00       0.00       0.00       0.00       0.00       0.00
Conflict Analysis  :       Time      Calls    Success    DomReds  Conflicts   Literals    Reconvs ReconvLits   Dualrays   Nonzeros   LP Iters   (pool size: [10000,10000])
  propagation      :       0.00         18         18          -         40       15.7          0        0.0          -          -          -
  infeasible LP    :       0.00          0          0          -          0        0.0          0        0.0          0        0.0          0
  bound exceed. LP :       1.00        146         38          -        175       47.8          0        0.0          0        0.0       1082
  strong branching :       0.00          0          0          -          0        0.0          0        0.0          -          -          0
  pseudo solution  :       0.00          0          0          -          0        0.0          0        0.0          -          -          -
  applied globally :       0.00          -          -          0        136       30.6          -          -          0          -          -
  applied locally  :          -          -          -          0          0        0.0          -          -          0          -          -
Separators         :   ExecTime  SetupTime      Calls    Cutoffs    DomReds       Cuts    Applied      Conss
  cut pool         :       0.00                    52          -          -       2360          -          -    (maximal pool size: 3855)
  aggregation      :       0.00       0.00         30          0          0          2          0          0
  cgmip            :       0.00       0.00          0          0          0          0          0          0
  clique           :       0.00       0.00         30          0          0          0          0          0
  closecuts        :       0.00       0.00          0          0          0          0          0          0
  cmir             :       0.00       0.00          0          0          0          0          1          0
  convexproj       :       0.00       0.00          0          0          0          0          0          0
  disjunctive      :       0.00       0.00          0          0          0          0          0          0
  eccuts           :       0.00       0.00          0          0          0          0          0          0
  flowcover        :       0.00       0.00          0          0          0          0          0          0
  gauge            :       0.00       0.00          0          0          0          0          0          0
  gomory           :       4.00       0.00         10          0          0       1203         68          0
  impliedbounds    :       0.00       0.00         30          0          0        553        444          0
  intobj           :       0.00       0.00          0          0          0          0          0          0
  mcf              :       0.00       0.00          1          0          0          0          0          0
  oddcycle         :       0.00       0.00          0          0          0          0          0          0
  rapidlearning    :       0.00       0.00          0          0          0          0          0          0
  strongcg         :      17.00       0.00         20          0          0       2005         14          0
  zerohalf         :       0.00       0.00         20          0          0         92         80          0
Pricers            :   ExecTime  SetupTime      Calls       Vars
  problem variables:       0.00          -          0          0
Branching Rules    :   ExecTime  SetupTime   BranchLP  BranchExt   BranchPS    Cutoffs    DomReds       Cuts      Conss   Children
  allfullstrong    :       0.00       0.00          0          0          0          0          0          0          0          0
  cloud            :       0.00       0.00          0          0          0          0          0          0          0          0
  distribution     :       0.00       0.00          0          0          0          0          0          0          0          0
  fullstrong       :       0.00       0.00          0          0          0          0          0          0          0          0
  inference        :       0.00       0.00          0          0          0          0          0          0          0          0
  leastinf         :       0.00       0.00          0          0          0          0          0          0          0          0
  lookahead        :       0.00       0.00          0          0          0          0          0          0          0          0
  mostinf          :       0.00       0.00          0          0          0          0          0          0          0          0
  multaggr         :       0.00       0.00          0          0          0          0          0          0          0          0
  nodereopt        :       0.00       0.00          0          0          0          0          0          0          0          0
  pscost           :       0.00       0.00          0          0          0          0          0          0          0          0
  random           :       0.00       0.00          0          0          0          0          0          0          0          0
  relpscost        :      24.00       0.00         53          0          0          0        543          0         97         34
  vanillafullstrong:       0.00       0.00          0          0          0          0          0          0          0          0
Primal Heuristics  :   ExecTime  SetupTime      Calls      Found       Best
  LP solutions     :       0.00          -          -          2          2
  relax solutions  :       0.00          -          -          0          0
  pseudo solutions :       0.00          -          -          0          0
  strong branching :       0.00          -          -          5          5
  actconsdiving    :       0.00       0.00          0          0          0
  adaptivediving   :       0.00       0.00          0          0          0
  alns             :       0.00       0.00          1          0          0
  bound            :       0.00       0.00          0          0          0
  clique           :       0.00       0.00          1          1          1
  coefdiving       :       0.00       0.00          0          0          0
  completesol      :       0.00       0.00          0          0          0
  conflictdiving   :       0.00       0.00          1          0          0
  crossover        :       0.00       0.00          0          0          0
  dins             :       0.00       0.00          0          0          0
  distributiondivin:       0.00       0.00          0          0          0
  dualval          :       0.00       0.00          0          0          0
  farkasdiving     :       0.00       0.00          1          0          0
  feaspump         :       1.00       0.00          1          0          0
  fixandinfer      :       0.00       0.00          0          0          0
  fracdiving       :       0.00       0.00          0          0          0
  gins             :       0.00       0.00          0          0          0
  guideddiving     :       0.00       0.00          0          0          0
  indicator        :       0.00       0.00          0          0          0
  intdiving        :       0.00       0.00          0          0          0
  intshifting      :       0.00       0.00          0          0          0
  linesearchdiving :       0.00       0.00          0          0          0
  localbranching   :       0.00       0.00          0          0          0
  locks            :       0.00       0.00          1          0          0
  lpface           :       0.00       0.00          0          0          0
  mpec             :       0.00       0.00          0          0          0
  multistart       :       0.00       0.00          0          0          0
  mutation         :       0.00       0.00          0          0          0
  nlpdiving        :       0.00       0.00          0          0          0
  objpscostdiving  :       0.00       0.00          0          0          0
  octane           :       0.00       0.00          0          0          0
  ofins            :       0.00       0.00          0          0          0
  oneopt           :       0.00       0.00          9          0          0
  padm             :       0.00       0.00          0          0          0
  proximity        :       0.00       0.00          0          0          0
  pscostdiving     :       0.00       0.00          0          0          0
  randrounding     :       0.00       0.00         29          0          0
  rens             :       0.00       0.00          1          0          0
  reoptsols        :       0.00       0.00          0          0          0
  repair           :       0.00       0.00          0          0          0
  rins             :       0.00       0.00          0          0          0
  rootsoldiving    :       0.00       0.00          0          0          0
  rounding         :       1.00       0.00        109          0          0
  shiftandpropagate:       0.00       0.00          0          0          0
  shifting         :       0.00       0.00         29          4          1
  simplerounding   :       0.00       0.00          0          0          0
  subnlp           :       0.00       0.00          0          0          0
  trivial          :       0.00       0.00          2          0          0
  trivialnegation  :       0.00       0.00          0          0          0
  trustregion      :       0.00       0.00          0          0          0
  trysol           :       0.00       0.00          0          0          0
  twoopt           :       0.00       0.00          0          0          0
  undercover       :       1.00       0.00          1          1          1
  vbounds          :       0.00       0.00          1          0          0
  veclendiving     :       0.00       0.00          0          0          0
  zeroobj          :       0.00       0.00          0          0          0
  zirounding       :       0.00       0.00         17          0          0
  other solutions  :          -          -          -          0          -
Diving (single)    :      Calls      Nodes   LP Iters Backtracks  Conflicts   MinDepth   MaxDepth   AvgDepth  RoundSols  NLeafSols  MinSolDpt  MaxSolDpt  AvgSolDpt
  actconsdiving    :          0          -          -          -          -          -          -          -          -          -          -          -          -
  coefdiving       :          0          -          -          -          -          -          -          -          -          -          -          -          -
  conflictdiving   :          1         24          0          3          0         22         22       22.0          0          -          -          -          -
  distributiondivin:          0          -          -          -          -          -          -          -          -          -          -          -          -
  farkasdiving     :          1          6       1344          1          7          6          6        6.0          0          -          -          -          -
  fracdiving       :          0          -          -          -          -          -          -          -          -          -          -          -          -
  guideddiving     :          0          -          -          -          -          -          -          -          -          -          -          -          -
  linesearchdiving :          0          -          -          -          -          -          -          -          -          -          -          -          -
  pscostdiving     :          0          -          -          -          -          -          -          -          -          -          -          -          -
  veclendiving     :          0          -          -          -          -          -          -          -          -          -          -          -          -
Diving (adaptive)  :      Calls      Nodes   LP Iters Backtracks  Conflicts   MinDepth   MaxDepth   AvgDepth  RoundSols  NLeafSols  MinSolDpt  MaxSolDpt  AvgSolDpt
  actconsdiving    :          0          -          -          -          -          -          -          -          -          -          -          -          -
  coefdiving       :          0          -          -          -          -          -          -          -          -          -          -          -          -
  conflictdiving   :          0          -          -          -          -          -          -          -          -          -          -          -          -
  distributiondivin:          0          -          -          -          -          -          -          -          -          -          -          -          -
  farkasdiving     :          0          -          -          -          -          -          -          -          -          -          -          -          -
  fracdiving       :          0          -          -          -          -          -          -          -          -          -          -          -          -
  guideddiving     :          0          -          -          -          -          -          -          -          -          -          -          -          -
  linesearchdiving :          0          -          -          -          -          -          -          -          -          -          -          -          -
  pscostdiving     :          0          -          -          -          -          -          -          -          -          -          -          -          -
  veclendiving     :          0          -          -          -          -          -          -          -          -          -          -          -          -
Neighborhoods      :      Calls  SetupTime  SolveTime SolveNodes       Sols       Best       Exp3  EpsGreedy        UCB TgtFixRate  Opt  Inf Node Stal  Sol  Usr Othr Actv
  rens             :          0       0.00       0.00          0          0          0    0.00000   -1.00000    1.00000      0.900    0    0    0    0    0    0    0    1
  rins             :          0       0.00       0.00          0          0          0    0.00000   -1.00000    1.00000      0.900    0    0    0    0    0    0    0    1
  mutation         :          0       0.00       0.00          0          0          0    0.00000   -1.00000    1.00000      0.900    0    0    0    0    0    0    0    1
  localbranching   :          0       0.00       0.00          0          0          0    0.00000   -1.00000    1.00000      0.900    0    0    0    0    0    0    0    1
  crossover        :          0       0.00       0.00          0          0          0    0.00000   -1.00000    1.00000      0.900    0    0    0    0    0    0    0    1
  proximity        :          0       0.00       0.00          0          0          0    0.00000   -1.00000    1.00000      0.900    0    0    0    0    0    0    0    1
  zeroobjective    :          1       0.00       0.00          1          0          0    0.00000   -1.00000    1.00000      0.700    0    1    0    0    0    0    0    1
  dins             :          0       0.00       0.00          0          0          0    0.00000   -1.00000    1.00000      0.900    0    0    0    0    0    0    0    1
  trustregion      :          0       0.00       0.00          0          0          0    0.00000   -1.00000    1.00000      0.900    0    0    0    0    0    0    0    0
LP                 :       Time      Calls Iterations  Iter/call   Iter/sec  Time-0-It Calls-0-It    ItLimit
  primal LP        :       0.00          4          0       0.00          -       0.00          4
  dual LP          :       2.00        212      13238      95.24    6619.00       0.00         73
  lex dual LP      :       0.00          0          0       0.00          -
  barrier LP       :       0.00          0          0       0.00          -       0.00          0
  resolve instable :       0.00          0          0       0.00          -
  diving/probing LP:       1.00         37       4982     134.65    4982.00
  strong branching :      23.00        417     129111     309.62    5613.52          -          -         55
    (at root node) :          -         31      22514     726.26          -
  conflict analysis:       1.00        110       1082       9.84    1082.00
B&B Tree           :
  number of runs   :          1
  nodes            :         35 (17 internal, 18 leaves)
  feasible leaves  :          2
  infeas. leaves   :          0
  objective leaves :         16
  nodes (total)    :         35 (17 internal, 18 leaves)
  nodes left       :          0
  max depth        :          7
  max depth (total):          7
  backtracks       :          9 (25.7%)
  early backtracks :          0 (0.0%)
  nodes exc. ref.  :          0 (0.0%)
  delayed cutoffs  :          0
  repropagations   :         11 (5 domain reductions, 0 cutoffs)
  avg switch length:       3.31
  switching time   :       0.00
Estim. Tree Size   :         35
Estimation Tree    : 35 nodes (35 visited, 17 internal, 18 leaves, 0 open), weight: 1.0000 completed 1.0000
Estimations        :      estim      value      trend resolution     smooth
  wbe              :         35          -          -          -          -
  tree-profile     :         -1          -          -          -          -
  gap              :         35    1.00000    0.04864          1         35
  tree-weight      :         35    1.00000    0.03032          1         35
  leaf-frequency   :         35    0.50000    0.00329          1         50
  ssg              :         35    0.00000   -0.04387          1         37
  open-nodes       :         35    0.00000   -0.03158          1         43
Root Node          :
  First LP value   : -1.21361160107494e-01
  First LP Iters   :        982
  First LP Time    :       0.00
  Final Dual Bound : -9.13441579695839e-02
  Final Root Iters :       3581
  Root LP Estimate : -2.85001857690966e-02
Solution           :
  Solutions found  :         13 (10 improvements)
  First Solution   : -3.84706415142108e-02   (in run 1, after 1 nodes, 1.00 seconds, depth 19, found by <clique>)
  Gap First Sol.   :     763.82 %
  Gap Last Sol.    :       3.40 %
  Primal Bound     : -8.51124563061408e-02   (in run 1, after 33 nodes, 51.00 seconds, depth 9, found by <relaxation>)
  Dual Bound       : -8.51124563061408e-02
  Gap              :       0.00 %
Integrals          :      Total       Avg%
  primal-dual      :     942.40      18.48
  primal-ref       :          -          - (not evaluated)
  dual-ref         :          -          - (not evaluated)
