SCIP version 7.0.2 [precision: 8 byte] [memory: block] [mode: optimized] [LP solver: SoPlex 5.0.2] [GitHash: e9d280a398]
Copyright (C) 2002-2020 Konrad-Zuse-Zentrum fuer Informationstechnik Berlin (ZIB)

External codes: 
  SoPlex 5.0.2         Linear Programming Solver developed at Zuse Institute Berlin (soplex.zib.de) [GitHash: e24c304e]
  CppAD 20180000.0     Algorithmic Differentiation of C++ algorithms developed by B. Bell (www.coin-or.org/CppAD)
  MPIR 3.0.0           Multiple Precision Integers and Rationals Library developed by W. Hart (mpir.org)
  ZIMPL 3.4.0          Zuse Institute Mathematical Programming Language developed by T. Koch (zimpl.zib.de)
  PaPILO 1.0.2         parallel presolve for integer and linear optimization (https://github.com/lgottwald/PaPILO) [GitHash: 62d2842]
  bliss 0.73p          Computing Graph Automorphism Groups by T. Junttila and P. Kaski (http://www.tcs.hut.fi/Software/bliss/)
  Ipopt 3.12.9         Interior Point Optimizer developed by A. Waechter et.al. (www.coin-or.org/Ipopt)

user parameter file <scip.set> not found - using default parameters

read problem <C:\Users\Claubit\Documents\GitHub\embedding\src\lp\scenarioA2_N64_B0.3_classical\IPL_linearized_N64q0.70B19.lp>
============

original problem has 4160 variables (0 bin, 4160 int, 0 impl, 0 cont) and 12289 constraints

solve problem
=============

presolving:
(round 1, fast)       64 del vars, 64 del conss, 0 add conss, 0 chg bounds, 64 chg sides, 64 chg coeffs, 0 upgd conss, 0 impls, 8064 clqs
(round 2, fast)       64 del vars, 192 del conss, 0 add conss, 0 chg bounds, 64 chg sides, 64 chg coeffs, 0 upgd conss, 0 impls, 8064 clqs
   (0.0s) running MILP presolver
   (0.0s) MILP presolver found nothing
(round 3, exhaustive) 64 del vars, 192 del conss, 0 add conss, 0 chg bounds, 64 chg sides, 64 chg coeffs, 12096 upgd conss, 0 impls, 8064 clqs
(round 4, exhaustive) 64 del vars, 12288 del conss, 4032 add conss, 0 chg bounds, 64 chg sides, 64 chg coeffs, 12096 upgd conss, 0 impls, 8064 clqs
(round 5, exhaustive) 2080 del vars, 14304 del conss, 4032 add conss, 0 chg bounds, 64 chg sides, 64 chg coeffs, 12096 upgd conss, 0 impls, 4032 clqs
   (0.0s) probing: 51/2080 (2.5%) - 0 fixings, 0 aggregations, 0 implications, 0 bound changes
   (0.0s) probing aborted: 50/50 successive totally useless probings
   (0.0s) symmetry computation started: requiring (bin +, int -, cont +), (fixed: bin -, int +, cont -)
   (0.0s) no symmetry present
presolving (6 rounds: 6 fast, 4 medium, 4 exhaustive):
 2080 deleted vars, 14304 deleted constraints, 4032 added constraints, 0 tightened bounds, 0 added holes, 64 changed sides, 64 changed coefficients
 0 implications, 4032 cliques
presolved problem has 2080 variables (2080 bin, 0 int, 0 impl, 0 cont) and 2017 constraints
   2016 constraints of type <and>
      1 constraints of type <linear>
Presolving Time: 1.00

 time | node  | left  |LP iter|LP it/n|mem/heur|mdpt |vars |cons |rows |cuts |sepa|confs|strbr|  dualbound   | primalbound  |  gap   | compl. 
p 1.0s|     1 |     0 |     0 |     - |  clique|   0 |2080 |2017 |4033 |   0 |  0 |   0 |   0 |-2.366713e-01 |-6.995099e-02 | 238.34%| unknown
  1.0s|     1 |     0 |   701 |     - |    46M |   0 |2080 |2017 |4033 |   0 |  0 |   0 |   0 |-1.230808e-01 |-6.995099e-02 |  75.95%| unknown
r 1.0s|     1 |     0 |   701 |     - |shifting|   0 |2080 |2023 |4033 |   0 |  0 |   6 |   0 |-1.230808e-01 |-7.771959e-02 |  58.37%| unknown
L 1.0s|     1 |     0 |   701 |     - |undercov|   0 |2080 |2023 |4033 |   0 |  0 |   6 |   0 |-1.230808e-01 |-1.127839e-01 |   9.13%| unknown
  1.0s|     1 |     0 |   989 |     - |    48M |   0 |2080 |2023 |4254 | 221 |  1 |   6 |   0 |-1.133351e-01 |-1.127839e-01 |   0.49%| unknown
  1.0s|     1 |     0 |   989 |     - |    48M |   0 |2080 |2023 |1417 | 221 |  1 |   6 |   0 |-1.133351e-01 |-1.127839e-01 |   0.49%| unknown
  1.0s|     1 |     0 |  1061 |     - |    48M |   0 |2080 |2017 |1417 | 221 |  2 |   6 |   0 |-1.127839e-01 |-1.127839e-01 |   0.00%| unknown
  1.0s|     1 |     0 |  1061 |     - |    48M |   0 |2080 |2017 |1417 | 221 |  2 |   6 |   0 |-1.127839e-01 |-1.127839e-01 |   0.00%| unknown

SCIP Status        : problem is solved [optimal solution found]
Solving Time (sec) : 1.00
Solving Nodes      : 1
Primal Bound       : -1.12783879395086e-01 (3 solutions)
Dual Bound         : -1.12783879395086e-01
Gap                : 0.00 %

primal solution (original space):
=================================

objective value:                   -0.112783879395086
y(1,1)                                              1 	(obj:0.000219644138377233)
y(1,4)                                              1 	(obj:0.000114920847186717)
y(1,6)                                              1 	(obj:-1.92614179915044e-05)
y(1,9)                                              1 	(obj:4.93770918149386e-05)
y(1,12)                                             1 	(obj:0.000108398183380504)
y(1,18)                                             1 	(obj:9.86062390405867e-05)
y(1,22)                                             1 	(obj:2.15243410611001e-05)
y(1,24)                                             1 	(obj:-0.000107202458482403)
y(1,26)                                             1 	(obj:0.000103305251445944)
y(1,33)                                             1 	(obj:9.49586622788705e-05)
y(1,38)                                             1 	(obj:0.000118604771533168)
y(1,39)                                             1 	(obj:0.000134268004154228)
y(1,40)                                             1 	(obj:0.000155963975682385)
y(1,46)                                             1 	(obj:2.37102301893494e-05)
y(1,49)                                             1 	(obj:2.32429423311066e-05)
y(1,59)                                             1 	(obj:0.000134038605544502)
y(1,61)                                             1 	(obj:5.22840208540454e-05)
y(1,62)                                             1 	(obj:8.66881338005093e-05)
y(1,63)                                             1 	(obj:0.000110400835933585)
y(4,1)                                              1 	(obj:0.000114920847186717)
y(4,4)                                              1 	(obj:0.000134235748054189)
y(4,6)                                              1 	(obj:2.33438144278038e-05)
y(4,9)                                              1 	(obj:3.21667099423954e-05)
y(4,12)                                             1 	(obj:6.64538113545445e-05)
y(4,18)                                             1 	(obj:6.32500833151036e-05)
y(4,22)                                             1 	(obj:2.90225574035148e-05)
y(4,24)                                             1 	(obj:-3.99080405441773e-05)
y(4,26)                                             1 	(obj:3.23819806529903e-05)
y(4,33)                                             1 	(obj:1.42016373430293e-05)
y(4,38)                                             1 	(obj:6.60188713618352e-05)
y(4,39)                                             1 	(obj:0.000124451393981778)
y(4,40)                                             1 	(obj:9.9054743081725e-05)
y(4,46)                                             1 	(obj:1.27574487470954e-05)
y(4,49)                                             1 	(obj:2.07345100036536e-05)
y(4,59)                                             1 	(obj:3.48439039555105e-05)
y(4,61)                                             1 	(obj:2.82405257161643e-05)
y(4,62)                                             1 	(obj:4.47988054999709e-05)
y(4,63)                                             1 	(obj:0.000118280074210551)
y(6,1)                                              1 	(obj:-1.92614179915044e-05)
y(6,4)                                              1 	(obj:2.33438144278038e-05)
y(6,6)                                              1 	(obj:0.000193956140712293)
y(6,9)                                              1 	(obj:8.10301900848822e-06)
y(6,12)                                             1 	(obj:3.25416677391004e-06)
y(6,18)                                             1 	(obj:3.26646886573169e-05)
y(6,22)                                             1 	(obj:6.17873902002876e-05)
y(6,24)                                             1 	(obj:0.000166744675701152)
y(6,26)                                             1 	(obj:-1.85044956765203e-05)
y(6,33)                                             1 	(obj:-4.17063679554969e-05)
y(6,38)                                             1 	(obj:4.90742090506268e-05)
y(6,39)                                             1 	(obj:3.28822819963673e-05)
y(6,40)                                             1 	(obj:6.78887250244367e-05)
y(6,46)                                             1 	(obj:2.99652270737819e-05)
y(6,49)                                             1 	(obj:1.09205704324658e-05)
y(6,59)                                             1 	(obj:-2.11870615820998e-05)
y(6,61)                                             1 	(obj:-1.08069748408302e-05)
y(6,62)                                             1 	(obj:2.70887164589671e-05)
y(6,63)                                             1 	(obj:8.85563866467924e-05)
y(9,1)                                              1 	(obj:4.93770918149386e-05)
y(9,4)                                              1 	(obj:3.21667099423954e-05)
y(9,6)                                              1 	(obj:8.10301900848822e-06)
y(9,9)                                              1 	(obj:8.64512004116506e-05)
y(9,12)                                             1 	(obj:4.59117772151858e-05)
y(9,18)                                             1 	(obj:2.67945283269268e-05)
y(9,22)                                             1 	(obj:-1.2086162203183e-05)
y(9,24)                                             1 	(obj:-1.27905426734856e-05)
y(9,26)                                             1 	(obj:3.16178215797766e-05)
y(9,33)                                             1 	(obj:4.78101655271533e-05)
y(9,38)                                             1 	(obj:3.63754917851982e-05)
y(9,39)                                             1 	(obj:1.79318347847602e-05)
y(9,40)                                             1 	(obj:3.76522243268267e-05)
y(9,46)                                             1 	(obj:3.48163948217323e-05)
y(9,49)                                             1 	(obj:-2.23576532605748e-05)
y(9,59)                                             1 	(obj:2.46266573993059e-05)
y(9,61)                                             1 	(obj:9.07601683489574e-05)
y(9,62)                                             1 	(obj:3.08277950885161e-05)
y(9,63)                                             1 	(obj:2.48956044160473e-06)
y(12,1)                                             1 	(obj:0.000108398183380504)
y(12,4)                                             1 	(obj:6.64538113545445e-05)
y(12,6)                                             1 	(obj:3.25416677391004e-06)
y(12,9)                                             1 	(obj:4.59117772151858e-05)
y(12,12)                                            1 	(obj:0.000126005414981267)
y(12,18)                                            1 	(obj:2.62493250414818e-05)
y(12,22)                                            1 	(obj:1.40574590642702e-05)
y(12,24)                                            1 	(obj:-7.0548384495133e-05)
y(12,26)                                            1 	(obj:6.18329943084462e-05)
y(12,33)                                            1 	(obj:5.66982180594449e-05)
y(12,38)                                            1 	(obj:5.47796365446074e-05)
y(12,39)                                            1 	(obj:3.08938717326263e-05)
y(12,40)                                            1 	(obj:6.5342018758523e-05)
y(12,46)                                            1 	(obj:-7.93236216264246e-06)
y(12,49)                                            1 	(obj:3.86824869924537e-06)
y(12,59)                                            1 	(obj:4.30829354201942e-05)
y(12,61)                                            1 	(obj:3.69531607144961e-05)
y(12,62)                                            1 	(obj:5.87784934559293e-05)
y(12,63)                                            1 	(obj:6.11245350248882e-05)
y(18,1)                                             1 	(obj:9.86062390405867e-05)
y(18,4)                                             1 	(obj:6.32500833151036e-05)
y(18,6)                                             1 	(obj:3.26646886573169e-05)
y(18,9)                                             1 	(obj:2.67945283269268e-05)
y(18,12)                                            1 	(obj:2.62493250414818e-05)
y(18,18)                                            1 	(obj:0.000173186418151123)
y(18,22)                                            1 	(obj:6.45214766862682e-05)
y(18,24)                                            1 	(obj:8.5094954000545e-06)
y(18,26)                                            1 	(obj:5.04010110035486e-05)
y(18,33)                                            1 	(obj:5.68630252519696e-05)
y(18,38)                                            1 	(obj:0.000106843283755355)
y(18,39)                                            1 	(obj:1.62605790450833e-05)
y(18,40)                                            1 	(obj:7.54325422457459e-05)
y(18,46)                                            1 	(obj:4.61121310242403e-05)
y(18,49)                                            1 	(obj:6.85673479424643e-05)
y(18,59)                                            1 	(obj:6.49730366342152e-05)
y(18,61)                                            1 	(obj:3.81889076971901e-05)
y(18,62)                                            1 	(obj:5.5945309457841e-05)
y(18,63)                                            1 	(obj:8.87691801924859e-05)
y(22,1)                                             1 	(obj:2.15243410611001e-05)
y(22,4)                                             1 	(obj:2.90225574035148e-05)
y(22,6)                                             1 	(obj:6.17873902002876e-05)
y(22,9)                                             1 	(obj:-1.2086162203183e-05)
y(22,12)                                            1 	(obj:1.40574590642702e-05)
y(22,18)                                            1 	(obj:6.45214766862682e-05)
y(22,22)                                            1 	(obj:0.000105907874872225)
y(22,24)                                            1 	(obj:7.4250642781286e-05)
y(22,26)                                            1 	(obj:-4.2682039811199e-06)
y(22,33)                                            1 	(obj:-1.59066619345195e-06)
y(22,38)                                            1 	(obj:5.9899963699649e-05)
y(22,39)                                            1 	(obj:-2.29540185612196e-05)
y(22,40)                                            1 	(obj:9.96331282859351e-05)
y(22,46)                                            1 	(obj:1.96567220474589e-05)
y(22,49)                                            1 	(obj:5.22422646130668e-05)
y(22,59)                                            1 	(obj:-4.98564990939651e-06)
y(22,61)                                            1 	(obj:-9.82424576478315e-06)
y(22,62)                                            1 	(obj:2.71091278475094e-05)
y(22,63)                                            1 	(obj:7.85507919825842e-05)
y(24,1)                                             1 	(obj:-0.000107202458482403)
y(24,4)                                             1 	(obj:-3.99080405441773e-05)
y(24,6)                                             1 	(obj:0.000166744675701152)
y(24,9)                                             1 	(obj:-1.27905426734856e-05)
y(24,12)                                            1 	(obj:-7.0548384495133e-05)
y(24,18)                                            1 	(obj:8.5094954000545e-06)
y(24,22)                                            1 	(obj:7.4250642781286e-05)
y(24,24)                                            1 	(obj:0.000276962417532052)
y(24,26)                                            1 	(obj:-6.3734822679776e-05)
y(24,33)                                            1 	(obj:-8.42929707230488e-05)
y(24,38)                                            1 	(obj:-5.19586830373155e-06)
y(24,39)                                            1 	(obj:-1.51781342352071e-05)
y(24,40)                                            1 	(obj:5.65226133260629e-05)
y(24,46)                                            1 	(obj:4.33005635903063e-05)
y(24,49)                                            1 	(obj:4.84011259867654e-05)
y(24,59)                                            1 	(obj:-5.82071778883982e-05)
y(24,61)                                            1 	(obj:-5.25472581147187e-06)
y(24,62)                                            1 	(obj:-2.76970082102006e-05)
y(24,63)                                            1 	(obj:4.07694470571178e-05)
y(26,1)                                             1 	(obj:0.000103305251445944)
y(26,4)                                             1 	(obj:3.23819806529903e-05)
y(26,6)                                             1 	(obj:-1.85044956765203e-05)
y(26,9)                                             1 	(obj:3.16178215797766e-05)
y(26,12)                                            1 	(obj:6.18329943084462e-05)
y(26,18)                                            1 	(obj:5.04010110035486e-05)
y(26,22)                                            1 	(obj:-4.2682039811199e-06)
y(26,24)                                            1 	(obj:-6.3734822679776e-05)
y(26,26)                                            1 	(obj:0.000135949093328512)
y(26,33)                                            1 	(obj:8.3141369843965e-05)
y(26,38)                                            1 	(obj:7.53696834954447e-05)
y(26,39)                                            1 	(obj:-4.85718868992147e-05)
y(26,40)                                            1 	(obj:2.91335075578424e-05)
y(26,46)                                            1 	(obj:1.77365275850659e-05)
y(26,49)                                            1 	(obj:-2.78764423638519e-06)
y(26,59)                                            1 	(obj:6.05478406667231e-05)
y(26,61)                                            1 	(obj:4.42538960136538e-05)
y(26,62)                                            1 	(obj:5.02565666833551e-05)
y(26,63)                                            1 	(obj:2.17438546867e-05)
y(33,1)                                             1 	(obj:9.49586622788705e-05)
y(33,4)                                             1 	(obj:1.42016373430293e-05)
y(33,6)                                             1 	(obj:-4.17063679554969e-05)
y(33,9)                                             1 	(obj:4.78101655271533e-05)
y(33,12)                                            1 	(obj:5.66982180594449e-05)
y(33,18)                                            1 	(obj:5.68630252519696e-05)
y(33,22)                                            1 	(obj:-1.59066619345195e-06)
y(33,24)                                            1 	(obj:-8.42929707230488e-05)
y(33,26)                                            1 	(obj:8.3141369843965e-05)
y(33,33)                                            1 	(obj:0.000122697495097289)
y(33,38)                                            1 	(obj:8.28647769397312e-05)
y(33,39)                                            1 	(obj:-2.74881046846105e-05)
y(33,40)                                            1 	(obj:4.34053065836531e-05)
y(33,46)                                            1 	(obj:3.3787576992007e-05)
y(33,49)                                            1 	(obj:7.03026028987084e-06)
y(33,59)                                            1 	(obj:5.66809715111084e-05)
y(33,61)                                            1 	(obj:6.23366781082939e-05)
y(33,62)                                            1 	(obj:5.1436835729954e-05)
y(33,63)                                            1 	(obj:4.27683919005557e-07)
y(38,1)                                             1 	(obj:0.000118604771533168)
y(38,4)                                             1 	(obj:6.60188713618352e-05)
y(38,6)                                             1 	(obj:4.90742090506268e-05)
y(38,9)                                             1 	(obj:3.63754917851982e-05)
y(38,12)                                            1 	(obj:5.47796365446074e-05)
y(38,18)                                            1 	(obj:0.000106843283755355)
y(38,22)                                            1 	(obj:5.9899963699649e-05)
y(38,24)                                            1 	(obj:-5.19586830373155e-06)
y(38,26)                                            1 	(obj:7.53696834954447e-05)
y(38,33)                                            1 	(obj:8.28647769397312e-05)
y(38,38)                                            1 	(obj:0.000154947672298646)
y(38,39)                                            1 	(obj:4.88963541505506e-05)
y(38,40)                                            1 	(obj:0.000145540807288239)
y(38,46)                                            1 	(obj:6.82113950837795e-05)
y(38,49)                                            1 	(obj:5.85482495874135e-05)
y(38,59)                                            1 	(obj:8.77229282569854e-05)
y(38,61)                                            1 	(obj:3.68616934042539e-05)
y(38,62)                                            1 	(obj:6.483868522104e-05)
y(38,63)                                            1 	(obj:8.83272900166266e-05)
y(39,1)                                             1 	(obj:0.000134268004154228)
y(39,4)                                             1 	(obj:0.000124451393981778)
y(39,6)                                             1 	(obj:3.28822819963673e-05)
y(39,9)                                             1 	(obj:1.79318347847602e-05)
y(39,12)                                            1 	(obj:3.08938717326263e-05)
y(39,18)                                            1 	(obj:1.62605790450833e-05)
y(39,22)                                            1 	(obj:-2.29540185612196e-05)
y(39,24)                                            1 	(obj:-1.51781342352071e-05)
y(39,26)                                            1 	(obj:-4.85718868992147e-05)
y(39,33)                                            1 	(obj:-2.74881046846105e-05)
y(39,38)                                            1 	(obj:4.88963541505506e-05)
y(39,39)                                            1 	(obj:0.000656817962983907)
y(39,40)                                            1 	(obj:5.14715541352981e-05)
y(39,46)                                            1 	(obj:-8.11069037543205e-07)
y(39,49)                                            1 	(obj:8.31679555721808e-06)
y(39,59)                                            1 	(obj:0.000124384534741031)
y(39,61)                                            1 	(obj:-3.06890264674392e-05)
y(39,62)                                            1 	(obj:3.3337316381575e-05)
y(39,63)                                            1 	(obj:6.16250622641223e-05)
y(40,1)                                             1 	(obj:0.000155963975682385)
y(40,4)                                             1 	(obj:9.9054743081725e-05)
y(40,6)                                             1 	(obj:6.78887250244367e-05)
y(40,9)                                             1 	(obj:3.76522243268267e-05)
y(40,12)                                            1 	(obj:6.5342018758523e-05)
y(40,18)                                            1 	(obj:7.54325422457459e-05)
y(40,22)                                            1 	(obj:9.96331282859351e-05)
y(40,24)                                            1 	(obj:5.65226133260629e-05)
y(40,26)                                            1 	(obj:2.91335075578424e-05)
y(40,33)                                            1 	(obj:4.34053065836531e-05)
y(40,38)                                            1 	(obj:0.000145540807288239)
y(40,39)                                            1 	(obj:5.14715541352981e-05)
y(40,40)                                            1 	(obj:0.00038845657191466)
y(40,46)                                            1 	(obj:0.000117402943137606)
y(40,49)                                            1 	(obj:0.000140687549639229)
y(40,59)                                            1 	(obj:2.31970738671477e-05)
y(40,61)                                            1 	(obj:6.5436847880699e-05)
y(40,62)                                            1 	(obj:5.88724355582258e-05)
y(40,63)                                            1 	(obj:0.000190648276240701)
y(46,1)                                             1 	(obj:2.37102301893494e-05)
y(46,4)                                             1 	(obj:1.27574487470954e-05)
y(46,6)                                             1 	(obj:2.99652270737819e-05)
y(46,9)                                             1 	(obj:3.48163948217323e-05)
y(46,12)                                            1 	(obj:-7.93236216264246e-06)
y(46,18)                                            1 	(obj:4.61121310242403e-05)
y(46,22)                                            1 	(obj:1.96567220474589e-05)
y(46,24)                                            1 	(obj:4.33005635903063e-05)
y(46,26)                                            1 	(obj:1.77365275850659e-05)
y(46,33)                                            1 	(obj:3.3787576992007e-05)
y(46,38)                                            1 	(obj:6.82113950837795e-05)
y(46,39)                                            1 	(obj:-8.11069037543205e-07)
y(46,40)                                            1 	(obj:0.000117402943137606)
y(46,46)                                            1 	(obj:9.4469099468615e-05)
y(46,49)                                            1 	(obj:7.91097220153051e-05)
y(46,59)                                            1 	(obj:-8.71190485392797e-06)
y(46,61)                                            1 	(obj:5.25214307534586e-05)
y(46,62)                                            1 	(obj:6.82573424355378e-06)
y(46,63)                                            1 	(obj:3.32250987176685e-05)
y(49,1)                                             1 	(obj:2.32429423311066e-05)
y(49,4)                                             1 	(obj:2.07345100036536e-05)
y(49,6)                                             1 	(obj:1.09205704324658e-05)
y(49,9)                                             1 	(obj:-2.23576532605748e-05)
y(49,12)                                            1 	(obj:3.86824869924537e-06)
y(49,18)                                            1 	(obj:6.85673479424643e-05)
y(49,22)                                            1 	(obj:5.22422646130668e-05)
y(49,24)                                            1 	(obj:4.84011259867654e-05)
y(49,26)                                            1 	(obj:-2.78764423638519e-06)
y(49,33)                                            1 	(obj:7.03026028987084e-06)
y(49,38)                                            1 	(obj:5.85482495874135e-05)
y(49,39)                                            1 	(obj:8.31679555721808e-06)
y(49,40)                                            1 	(obj:0.000140687549639229)
y(49,46)                                            1 	(obj:7.91097220153051e-05)
y(49,49)                                            1 	(obj:0.000171345084076799)
y(49,59)                                            1 	(obj:-1.77771516375803e-05)
y(49,61)                                            1 	(obj:-1.28324600016285e-06)
y(49,62)                                            1 	(obj:3.36756653751672e-06)
y(49,63)                                            1 	(obj:7.98011372670737e-05)
y(59,1)                                             1 	(obj:0.000134038605544502)
y(59,4)                                             1 	(obj:3.48439039555105e-05)
y(59,6)                                             1 	(obj:-2.11870615820998e-05)
y(59,9)                                             1 	(obj:2.46266573993059e-05)
y(59,12)                                            1 	(obj:4.30829354201942e-05)
y(59,18)                                            1 	(obj:6.49730366342152e-05)
y(59,22)                                            1 	(obj:-4.98564990939651e-06)
y(59,24)                                            1 	(obj:-5.82071778883982e-05)
y(59,26)                                            1 	(obj:6.05478406667231e-05)
y(59,33)                                            1 	(obj:5.66809715111084e-05)
y(59,38)                                            1 	(obj:8.77229282569854e-05)
y(59,39)                                            1 	(obj:0.000124384534741031)
y(59,40)                                            1 	(obj:2.31970738671477e-05)
y(59,46)                                            1 	(obj:-8.71190485392797e-06)
y(59,49)                                            1 	(obj:-1.77771516375803e-05)
y(59,59)                                            1 	(obj:0.000282633137598858)
y(59,61)                                            1 	(obj:1.732426963183e-05)
y(59,62)                                            1 	(obj:6.73422629712461e-05)
y(59,63)                                            1 	(obj:2.55863147393639e-05)
y(61,1)                                             1 	(obj:5.22840208540454e-05)
y(61,4)                                             1 	(obj:2.82405257161643e-05)
y(61,6)                                             1 	(obj:-1.08069748408302e-05)
y(61,9)                                             1 	(obj:9.07601683489574e-05)
y(61,12)                                            1 	(obj:3.69531607144961e-05)
y(61,18)                                            1 	(obj:3.81889076971901e-05)
y(61,22)                                            1 	(obj:-9.82424576478315e-06)
y(61,24)                                            1 	(obj:-5.25472581147187e-06)
y(61,26)                                            1 	(obj:4.42538960136538e-05)
y(61,33)                                            1 	(obj:6.23366781082939e-05)
y(61,38)                                            1 	(obj:3.68616934042539e-05)
y(61,39)                                            1 	(obj:-3.06890264674392e-05)
y(61,40)                                            1 	(obj:6.5436847880699e-05)
y(61,46)                                            1 	(obj:5.25214307534586e-05)
y(61,49)                                            1 	(obj:-1.28324600016285e-06)
y(61,59)                                            1 	(obj:1.732426963183e-05)
y(61,61)                                            1 	(obj:0.000128338066923192)
y(61,62)                                            1 	(obj:3.42902188839242e-05)
y(61,63)                                            1 	(obj:2.97656071641877e-05)
y(62,1)                                             1 	(obj:8.66881338005093e-05)
y(62,4)                                             1 	(obj:4.47988054999709e-05)
y(62,6)                                             1 	(obj:2.70887164589671e-05)
y(62,9)                                             1 	(obj:3.08277950885161e-05)
y(62,12)                                            1 	(obj:5.87784934559293e-05)
y(62,18)                                            1 	(obj:5.5945309457841e-05)
y(62,22)                                            1 	(obj:2.71091278475094e-05)
y(62,24)                                            1 	(obj:-2.76970082102006e-05)
y(62,26)                                            1 	(obj:5.02565666833551e-05)
y(62,33)                                            1 	(obj:5.1436835729954e-05)
y(62,38)                                            1 	(obj:6.483868522104e-05)
y(62,39)                                            1 	(obj:3.3337316381575e-05)
y(62,40)                                            1 	(obj:5.88724355582258e-05)
y(62,46)                                            1 	(obj:6.82573424355378e-06)
y(62,49)                                            1 	(obj:3.36756653751672e-06)
y(62,59)                                            1 	(obj:6.73422629712461e-05)
y(62,61)                                            1 	(obj:3.42902188839242e-05)
y(62,62)                                            1 	(obj:8.52476762930986e-05)
y(62,63)                                            1 	(obj:7.15520387792291e-05)
y(63,1)                                             1 	(obj:0.000110400835933585)
y(63,4)                                             1 	(obj:0.000118280074210551)
y(63,6)                                             1 	(obj:8.85563866467924e-05)
y(63,9)                                             1 	(obj:2.48956044160473e-06)
y(63,12)                                            1 	(obj:6.11245350248882e-05)
y(63,18)                                            1 	(obj:8.87691801924859e-05)
y(63,22)                                            1 	(obj:7.85507919825842e-05)
y(63,24)                                            1 	(obj:4.07694470571178e-05)
y(63,26)                                            1 	(obj:2.17438546867e-05)
y(63,33)                                            1 	(obj:4.27683919005557e-07)
y(63,38)                                            1 	(obj:8.83272900166266e-05)
y(63,39)                                            1 	(obj:6.16250622641223e-05)
y(63,40)                                            1 	(obj:0.000190648276240701)
y(63,46)                                            1 	(obj:3.32250987176685e-05)
y(63,49)                                            1 	(obj:7.98011372670737e-05)
y(63,59)                                            1 	(obj:2.55863147393639e-05)
y(63,61)                                            1 	(obj:2.97656071641877e-05)
y(63,62)                                            1 	(obj:7.15520387792291e-05)
y(63,63)                                            1 	(obj:0.000218356095205582)
x(1)                                                1 	(obj:-0.00667286319447288)
x(4)                                                1 	(obj:-0.0072161870538177)
x(6)                                                1 	(obj:-0.00434052323145815)
x(9)                                                1 	(obj:-0.00734965491545315)
x(12)                                               1 	(obj:-0.00659426395713861)
x(18)                                               1 	(obj:-0.00714774089661002)
x(22)                                               1 	(obj:-0.00577469461251162)
x(24)                                               1 	(obj:-0.0059640060439669)
x(26)                                               1 	(obj:-0.00907907859942305)
x(33)                                               1 	(obj:-0.00671525470420422)
x(38)                                               1 	(obj:-0.0103811030697323)
x(39)                                               1 	(obj:-0.00587430953023488)
x(40)                                               1 	(obj:-0.00767175732613424)
x(46)                                               1 	(obj:-0.00625017514616764)
x(49)                                               1 	(obj:-0.00648266643723911)
x(59)                                               1 	(obj:-0.00562873389312421)
x(61)                                               1 	(obj:-0.00746616271732443)
x(62)                                               1 	(obj:-0.00517621098612854)
x(63)                                               1 	(obj:-0.00869773875033351)

Statistics
==========

SCIP Status        : problem is solved [optimal solution found]
Total Time         :       1.00
  solving          :       1.00
  presolving       :       1.00 (included in solving)
  reading          :       0.00
  copying          :       0.00 (1 #copies) (minimal 0.00, maximal 0.00, average 0.00)
Original Problem   :
  Problem name     : C:\Users\Claubit\Documents\GitHub\embedding\src\lp\scenarioA2_N64_B0.3_classical\IPL_linearized_N64q0.70B19.lp
  Variables        : 4160 (0 binary, 4160 integer, 0 implicit integer, 0 continuous)
  Constraints      : 12289 initial, 12289 maximal
  Objective        : minimize, 4158 non-zeros (abs.min = 6.0629e-08, abs.max = 0.0136508)
Presolved Problem  :
  Problem name     : t_C:\Users\Claubit\Documents\GitHub\embedding\src\lp\scenarioA2_N64_B0.3_classical\IPL_linearized_N64q0.70B19.lp
  Variables        : 2080 (2080 binary, 0 integer, 0 implicit integer, 0 continuous)
  Constraints      : 2017 initial, 2023 maximal
  Objective        : minimize, 2079 non-zeros (abs.min = 1.21258e-07, abs.max = 0.0179327)
  Nonzeros         : 6112 constraint, 984 clique table
Presolvers         :   ExecTime  SetupTime  Calls  FixedVars   AggrVars   ChgTypes  ChgBounds   AddHoles    DelCons    AddCons   ChgSides   ChgCoefs
  boundshift       :       0.00       0.00      0          0          0          0          0          0          0          0          0          0
  convertinttobin  :       0.00       0.00      0          0          0          0          0          0          0          0          0          0
  domcol           :       0.00       0.00      1          0          0          0          0          0          0          0          0          0
  dualagg          :       0.00       0.00      0          0          0          0          0          0          0          0          0          0
  dualcomp         :       0.00       0.00      0          0          0          0          0          0          0          0          0          0
  dualinfer        :       0.00       0.00      0          0          0          0          0          0          0          0          0          0
  dualsparsify     :       0.00       0.00      1          0          0          0          0          0          0          0          0          0
  gateextraction   :       0.00       0.00      1          0          0          0          0          0      12096       4032          0          0
  implics          :       0.00       0.00      4          0          0          0          0          0          0          0          0          0
  inttobinary      :       0.00       0.00      0          0          0          0          0          0          0          0          0          0
  milp             :       0.00       0.00      1          0          0          0          0          0          0          0          0          0
  qpkktref         :       0.00       0.00      0          0          0          0          0          0          0          0          0          0
  redvub           :       0.00       0.00      0          0          0          0          0          0          0          0          0          0
  sparsify         :       0.00       0.00      1          0          0          0          0          0          0          0          0          0
  stuffing         :       0.00       0.00      0          0          0          0          0          0          0          0          0          0
  trivial          :       0.00       0.00      6          0          0          0          0          0          0          0          0          0
  tworowbnd        :       0.00       0.00      0          0          0          0          0          0          0          0          0          0
  dualfix          :       0.00       0.00      6          0          0          0          0          0          0          0          0          0
  genvbounds       :       0.00       0.00      0          0          0          0          0          0          0          0          0          0
  probing          :       0.00       0.00      1          0          0          0          0          0          0          0          0          0
  pseudoobj        :       0.00       0.00      0          0          0          0          0          0          0          0          0          0
  symmetry         :       0.00       0.00      1          0          0          0          0          0          0          0          0          0
  vbounds          :       0.00       0.00      1          0          0          0          0          0          0          0          0          0
  and              :       0.00       0.00      4          0       2016          0          0          0       2016          0          0          0
  linear           :       0.00       0.00      8          0         64          0          0          0        192          0         64         64
  logicor          :       0.00       1.00      2          0          0          0          0          0          0          0          0          0
  benders          :       0.00       0.00      0          0          0          0          0          0          0          0          0          0
  components       :       0.00       0.00      1          0          0          0          0          0          0          0          0          0
  root node        :          -          -      -       1629          -          -       1629          -          -          -          -          -
Constraints        :     Number  MaxNumber  #Separate #Propagate    #EnfoLP    #EnfoRelax  #EnfoPS    #Check   #ResProp    Cutoffs    DomReds       Cuts    Applied      Conss   Children
  benderslp        :          0          0          0          0          0          0          0         12          0          0          0          0          0          0          0
  integral         :          0          0          0          0          0          0          0         12          0          0          0          0          0          0          0
  and              :       2016       2016          2        731          0          0          0          7         19          1          0        281          0          0          0
  linear           :          1          1          2        721          0          0          0          5          1          3          0          0          0          0          0
  logicor          :          0+         6          2          2          0          0          0          0          0          0          0          0          0          0          0
  benders          :          0          0          0          0          0          0          0          4          0          0          0          0          0          0          0
  countsols        :          0          0          0          0          0          0          0          4          0          0          0          0          0          0          0
  components       :          0          0          0          0          0          0          0          0          0          0          0          0          0          0          0
Constraint Timings :  TotalTime  SetupTime   Separate  Propagate     EnfoLP     EnfoPS     EnfoRelax   Check    ResProp    SB-Prop
  benderslp        :       0.00       0.00       0.00       0.00       0.00       0.00       0.00       0.00       0.00       0.00
  integral         :       0.00       0.00       0.00       0.00       0.00       0.00       0.00       0.00       0.00       0.00
  and              :       0.00       0.00       0.00       0.00       0.00       0.00       0.00       0.00       0.00       0.00
  linear           :       0.00       0.00       0.00       0.00       0.00       0.00       0.00       0.00       0.00       0.00
  logicor          :       1.00       1.00       0.00       0.00       0.00       0.00       0.00       0.00       0.00       0.00
  benders          :       0.00       0.00       0.00       0.00       0.00       0.00       0.00       0.00       0.00       0.00
  countsols        :       0.00       0.00       0.00       0.00       0.00       0.00       0.00       0.00       0.00       0.00
  components       :       0.00       0.00       0.00       0.00       0.00       0.00       0.00       0.00       0.00       0.00
Propagators        : #Propagate   #ResProp    Cutoffs    DomReds
  dualfix          :          2          0          0          0
  genvbounds       :          0          0          0          0
  nlobbt           :          0          0          0          0
  obbt             :          0          0          0          0
  probing          :          0          0          0          0
  pseudoobj        :          6          0          0          0
  redcost          :          3          0          0       1225
  rootredcost      :          0          0          0          0
  symmetry         :          0          0          0          0
  vbounds          :        632          0          0          0
Propagator Timings :  TotalTime  SetupTime   Presolve  Propagate    ResProp    SB-Prop
  dualfix          :       0.00       0.00       0.00       0.00       0.00       0.00
  genvbounds       :       0.00       0.00       0.00       0.00       0.00       0.00
  nlobbt           :       0.00       0.00       0.00       0.00       0.00       0.00
  obbt             :       0.00       0.00       0.00       0.00       0.00       0.00
  probing          :       0.00       0.00       0.00       0.00       0.00       0.00
  pseudoobj        :       0.00       0.00       0.00       0.00       0.00       0.00
  redcost          :       0.00       0.00       0.00       0.00       0.00       0.00
  rootredcost      :       0.00       0.00       0.00       0.00       0.00       0.00
  symmetry         :       0.00       0.00       0.00       0.00       0.00       0.00
  vbounds          :       0.00       0.00       0.00       0.00       0.00       0.00
Conflict Analysis  :       Time      Calls    Success    DomReds  Conflicts   Literals    Reconvs ReconvLits   Dualrays   Nonzeros   LP Iters   (pool size: [10000,10000])
  propagation      :       0.00          1          1          -          6       17.5          0        0.0          -          -          -
  infeasible LP    :       0.00          0          0          -          0        0.0          0        0.0          0        0.0          0
  bound exceed. LP :       0.00          6          0          -          0        0.0          0        0.0          0        0.0         60
  strong branching :       0.00          0          0          -          0        0.0          0        0.0          -          -          0
  pseudo solution  :       0.00          0          0          -          0        0.0          0        0.0          -          -          -
  applied globally :       0.00          -          -          0          6       16.8          -          -          0          -          -
  applied locally  :          -          -          -          0          0        0.0          -          -          0          -          -
Separators         :   ExecTime  SetupTime      Calls    Cutoffs    DomReds       Cuts    Applied      Conss
  cut pool         :       0.00                     2          -          -        263          -          -    (maximal pool size: 292)
  aggregation      :       0.00       0.00          1          0          0          0          0          0
  cgmip            :       0.00       0.00          0          0          0          0          0          0
  clique           :       0.00       0.00          1          0          0          0          0          0
  closecuts        :       0.00       0.00          0          0          0          0          0          0
  cmir             :       0.00       0.00          0          0          0          0          0          0
  convexproj       :       0.00       0.00          0          0          0          0          0          0
  disjunctive      :       0.00       0.00          0          0          0          0          0          0
  eccuts           :       0.00       0.00          0          0          0          0          0          0
  flowcover        :       0.00       0.00          0          0          0          0          0          0
  gauge            :       0.00       0.00          0          0          0          0          0          0
  gomory           :       0.00       0.00          1          0          0         55          6          0
  impliedbounds    :       0.00       0.00          2          0        404        237        215          0
  intobj           :       0.00       0.00          0          0          0          0          0          0
  mcf              :       0.00       0.00          1          0          0          0          0          0
  oddcycle         :       0.00       0.00          0          0          0          0          0          0
  rapidlearning    :       0.00       0.00          0          0          0          0          0          0
  strongcg         :       0.00       0.00          1          0          0          0          0          0
  zerohalf         :       0.00       0.00          1          0          0          0          0          0
Pricers            :   ExecTime  SetupTime      Calls       Vars
  problem variables:       0.00          -          0          0
Branching Rules    :   ExecTime  SetupTime   BranchLP  BranchExt   BranchPS    Cutoffs    DomReds       Cuts      Conss   Children
  allfullstrong    :       0.00       0.00          0          0          0          0          0          0          0          0
  cloud            :       0.00       0.00          0          0          0          0          0          0          0          0
  distribution     :       0.00       0.00          0          0          0          0          0          0          0          0
  fullstrong       :       0.00       0.00          0          0          0          0          0          0          0          0
  inference        :       0.00       0.00          0          0          0          0          0          0          0          0
  leastinf         :       0.00       0.00          0          0          0          0          0          0          0          0
  lookahead        :       0.00       0.00          0          0          0          0          0          0          0          0
  mostinf          :       0.00       0.00          0          0          0          0          0          0          0          0
  multaggr         :       0.00       0.00          0          0          0          0          0          0          0          0
  nodereopt        :       0.00       0.00          0          0          0          0          0          0          0          0
  pscost           :       0.00       0.00          0          0          0          0          0          0          0          0
  random           :       0.00       0.00          0          0          0          0          0          0          0          0
  relpscost        :       0.00       0.00          0          0          0          0          0          0          0          0
  vanillafullstrong:       0.00       0.00          0          0          0          0          0          0          0          0
Primal Heuristics  :   ExecTime  SetupTime      Calls      Found       Best
  LP solutions     :       0.00          -          -          0          0
  relax solutions  :       0.00          -          -          0          0
  pseudo solutions :       0.00          -          -          0          0
  strong branching :       0.00          -          -          0          0
  actconsdiving    :       0.00       0.00          0          0          0
  adaptivediving   :       0.00       0.00          0          0          0
  alns             :       0.00       0.00          0          0          0
  bound            :       0.00       0.00          0          0          0
  clique           :       0.00       0.00          1          1          1
  coefdiving       :       0.00       0.00          0          0          0
  completesol      :       0.00       0.00          0          0          0
  conflictdiving   :       0.00       0.00          0          0          0
  crossover        :       0.00       0.00          0          0          0
  dins             :       0.00       0.00          0          0          0
  distributiondivin:       0.00       0.00          0          0          0
  dualval          :       0.00       0.00          0          0          0
  farkasdiving     :       0.00       0.00          0          0          0
  feaspump         :       0.00       0.00          0          0          0
  fixandinfer      :       0.00       0.00          0          0          0
  fracdiving       :       0.00       0.00          0          0          0
  gins             :       0.00       0.00          0          0          0
  guideddiving     :       0.00       0.00          0          0          0
  indicator        :       0.00       0.00          0          0          0
  intdiving        :       0.00       0.00          0          0          0
  intshifting      :       0.00       0.00          0          0          0
  linesearchdiving :       0.00       0.00          0          0          0
  localbranching   :       0.00       0.00          0          0          0
  locks            :       0.00       0.00          1          0          0
  lpface           :       0.00       0.00          0          0          0
  mpec             :       0.00       0.00          0          0          0
  multistart       :       0.00       0.00          0          0          0
  mutation         :       0.00       0.00          0          0          0
  nlpdiving        :       0.00       0.00          0          0          0
  objpscostdiving  :       0.00       0.00          0          0          0
  octane           :       0.00       0.00          0          0          0
  ofins            :       0.00       0.00          0          0          0
  oneopt           :       0.00       0.00          3          0          0
  padm             :       0.00       0.00          0          0          0
  proximity        :       0.00       0.00          0          0          0
  pscostdiving     :       0.00       0.00          0          0          0
  randrounding     :       0.00       0.00          2          0          0
  rens             :       0.00       0.00          0          0          0
  reoptsols        :       0.00       0.00          0          0          0
  repair           :       0.00       0.00          0          0          0
  rins             :       0.00       0.00          0          0          0
  rootsoldiving    :       0.00       0.00          0          0          0
  rounding         :       0.00       0.00          2          0          0
  shiftandpropagate:       0.00       0.00          0          0          0
  shifting         :       0.00       0.00          2          1          1
  simplerounding   :       0.00       0.00          0          0          0
  subnlp           :       0.00       0.00          0          0          0
  trivial          :       0.00       0.00          2          0          0
  trivialnegation  :       0.00       0.00          0          0          0
  trustregion      :       0.00       0.00          0          0          0
  trysol           :       0.00       0.00          0          0          0
  twoopt           :       0.00       0.00          0          0          0
  undercover       :       0.00       0.00          1          1          1
  vbounds          :       0.00       0.00          1          0          0
  veclendiving     :       0.00       0.00          0          0          0
  zeroobj          :       0.00       0.00          0          0          0
  zirounding       :       0.00       0.00          0          0          0
  other solutions  :          -          -          -          0          -
Diving (single)    :      Calls      Nodes   LP Iters Backtracks  Conflicts   MinDepth   MaxDepth   AvgDepth  RoundSols  NLeafSols  MinSolDpt  MaxSolDpt  AvgSolDpt
  actconsdiving    :          0          -          -          -          -          -          -          -          -          -          -          -          -
  coefdiving       :          0          -          -          -          -          -          -          -          -          -          -          -          -
  conflictdiving   :          0          -          -          -          -          -          -          -          -          -          -          -          -
  distributiondivin:          0          -          -          -          -          -          -          -          -          -          -          -          -
  farkasdiving     :          0          -          -          -          -          -          -          -          -          -          -          -          -
  fracdiving       :          0          -          -          -          -          -          -          -          -          -          -          -          -
  guideddiving     :          0          -          -          -          -          -          -          -          -          -          -          -          -
  linesearchdiving :          0          -          -          -          -          -          -          -          -          -          -          -          -
  pscostdiving     :          0          -          -          -          -          -          -          -          -          -          -          -          -
  veclendiving     :          0          -          -          -          -          -          -          -          -          -          -          -          -
Diving (adaptive)  :      Calls      Nodes   LP Iters Backtracks  Conflicts   MinDepth   MaxDepth   AvgDepth  RoundSols  NLeafSols  MinSolDpt  MaxSolDpt  AvgSolDpt
  actconsdiving    :          0          -          -          -          -          -          -          -          -          -          -          -          -
  coefdiving       :          0          -          -          -          -          -          -          -          -          -          -          -          -
  conflictdiving   :          0          -          -          -          -          -          -          -          -          -          -          -          -
  distributiondivin:          0          -          -          -          -          -          -          -          -          -          -          -          -
  farkasdiving     :          0          -          -          -          -          -          -          -          -          -          -          -          -
  fracdiving       :          0          -          -          -          -          -          -          -          -          -          -          -          -
  guideddiving     :          0          -          -          -          -          -          -          -          -          -          -          -          -
  linesearchdiving :          0          -          -          -          -          -          -          -          -          -          -          -          -
  pscostdiving     :          0          -          -          -          -          -          -          -          -          -          -          -          -
  veclendiving     :          0          -          -          -          -          -          -          -          -          -          -          -          -
Neighborhoods      :      Calls  SetupTime  SolveTime SolveNodes       Sols       Best       Exp3  EpsGreedy        UCB TgtFixRate  Opt  Inf Node Stal  Sol  Usr Othr Actv
  rens             :          0       0.00       0.00          0          0          0    0.00000   -1.00000    1.00000      0.900    0    0    0    0    0    0    0    1
  rins             :          0       0.00       0.00          0          0          0    0.00000   -1.00000    1.00000      0.900    0    0    0    0    0    0    0    1
  mutation         :          0       0.00       0.00          0          0          0    0.00000   -1.00000    1.00000      0.900    0    0    0    0    0    0    0    1
  localbranching   :          0       0.00       0.00          0          0          0    0.00000   -1.00000    1.00000      0.900    0    0    0    0    0    0    0    1
  crossover        :          0       0.00       0.00          0          0          0    0.00000   -1.00000    1.00000      0.900    0    0    0    0    0    0    0    1
  proximity        :          0       0.00       0.00          0          0          0    0.00000   -1.00000    1.00000      0.900    0    0    0    0    0    0    0    1
  zeroobjective    :          0       0.00       0.00          0          0          0    0.00000   -1.00000    1.00000      0.900    0    0    0    0    0    0    0    1
  dins             :          0       0.00       0.00          0          0          0    0.00000   -1.00000    1.00000      0.900    0    0    0    0    0    0    0    1
  trustregion      :          0       0.00       0.00          0          0          0    0.00000   -1.00000    1.00000      0.900    0    0    0    0    0    0    0    0
LP                 :       Time      Calls Iterations  Iter/call   Iter/sec  Time-0-It Calls-0-It    ItLimit
  primal LP        :       0.00          0          0       0.00          -       0.00          0
  dual LP          :       0.00          4       1061     353.67          -       0.00          1
  lex dual LP      :       0.00          0          0       0.00          -
  barrier LP       :       0.00          0          0       0.00          -       0.00          0
  resolve instable :       0.00          0          0       0.00          -
  diving/probing LP:       0.00          0          0       0.00          -
  strong branching :       0.00          0          0       0.00          -          -          -          0
    (at root node) :          -          0          0       0.00          -
  conflict analysis:       0.00          6         60      10.00          -
B&B Tree           :
  number of runs   :          1
  nodes            :          1 (0 internal, 1 leaves)
  feasible leaves  :          0
  infeas. leaves   :          0
  objective leaves :          0
  nodes (total)    :          1 (0 internal, 1 leaves)
  nodes left       :          0
  max depth        :          0
  max depth (total):          0
  backtracks       :          0 (0.0%)
  early backtracks :          0 (0.0%)
  nodes exc. ref.  :          0 (0.0%)
  delayed cutoffs  :          0
  repropagations   :          0 (0 domain reductions, 0 cutoffs)
  avg switch length:       2.00
  switching time   :       0.00
Estim. Tree Size   :          1
Estimation Tree    : 1 nodes (1 visited, 0 internal, 1 leaves, 0 open), weight: 1.0000 completed 1.0000
Estimations        :      estim      value      trend resolution     smooth
  wbe              :          1          -          -          -          -
  tree-profile     :         -1          -          -          -          -
  gap              :          1    1.00000    1.00000          1          1
  tree-weight      :          1    1.00000    1.00000          1          1
  leaf-frequency   :          1    0.50000    1.00000          1          1
  ssg              :          1    0.00000   -1.00000          1          1
  open-nodes       :          1    0.00000    0.00000          1          1
Root Node          :
  First LP value   : -1.23080784700180e-01
  First LP Iters   :        701
  First LP Time    :       0.00
  Final Dual Bound : -1.12783879395086e-01
  Final Root Iters :       1061
  Root LP Estimate :                     -
Solution           :
  Solutions found  :          3 (3 improvements)
  First Solution   : -6.99509942074873e-02   (in run 1, after 1 nodes, 1.00 seconds, depth 19, found by <clique>)
  Gap First Sol.   :     238.34 %
  Gap Last Sol.    :       9.13 %
  Primal Bound     : -1.12783879395086e-01   (in run 1, after 1 nodes, 1.00 seconds, depth 0, found by <undercover>)
  Dual Bound       : -1.12783879395086e-01
  Gap              :       0.00 %
Integrals          :      Total       Avg%
  primal-dual      :     100.00     100.00
  primal-ref       :          -          - (not evaluated)
  dual-ref         :          -          - (not evaluated)
