SCIP version 7.0.2 [precision: 8 byte] [memory: block] [mode: optimized] [LP solver: SoPlex 5.0.2] [GitHash: e9d280a398]
Copyright (C) 2002-2020 Konrad-Zuse-Zentrum fuer Informationstechnik Berlin (ZIB)

External codes: 
  SoPlex 5.0.2         Linear Programming Solver developed at Zuse Institute Berlin (soplex.zib.de) [GitHash: e24c304e]
  CppAD 20180000.0     Algorithmic Differentiation of C++ algorithms developed by B. Bell (www.coin-or.org/CppAD)
  MPIR 3.0.0           Multiple Precision Integers and Rationals Library developed by W. Hart (mpir.org)
  ZIMPL 3.4.0          Zuse Institute Mathematical Programming Language developed by T. Koch (zimpl.zib.de)
  PaPILO 1.0.2         parallel presolve for integer and linear optimization (https://github.com/lgottwald/PaPILO) [GitHash: 62d2842]
  bliss 0.73p          Computing Graph Automorphism Groups by T. Junttila and P. Kaski (http://www.tcs.hut.fi/Software/bliss/)
  Ipopt 3.12.9         Interior Point Optimizer developed by A. Waechter et.al. (www.coin-or.org/Ipopt)

user parameter file <scip.set> not found - using default parameters

read problem <C:\Users\Claubit\Documents\GitHub\embedding\src\lp\scenarioA2_N64_B0.3_classical\IPL_linearized_N64q5.00B19.lp>
============

original problem has 4160 variables (0 bin, 4160 int, 0 impl, 0 cont) and 12289 constraints

solve problem
=============

presolving:
(round 1, fast)       64 del vars, 64 del conss, 0 add conss, 0 chg bounds, 64 chg sides, 64 chg coeffs, 0 upgd conss, 0 impls, 8064 clqs
(round 2, fast)       64 del vars, 192 del conss, 0 add conss, 0 chg bounds, 64 chg sides, 64 chg coeffs, 0 upgd conss, 0 impls, 8064 clqs
   (0.0s) running MILP presolver
   (0.0s) MILP presolver found nothing
(round 3, exhaustive) 64 del vars, 192 del conss, 0 add conss, 0 chg bounds, 64 chg sides, 64 chg coeffs, 12096 upgd conss, 0 impls, 8064 clqs
(round 4, exhaustive) 64 del vars, 12288 del conss, 4032 add conss, 0 chg bounds, 64 chg sides, 64 chg coeffs, 12096 upgd conss, 0 impls, 8064 clqs
(round 5, exhaustive) 2080 del vars, 14304 del conss, 4032 add conss, 0 chg bounds, 64 chg sides, 64 chg coeffs, 12096 upgd conss, 0 impls, 4032 clqs
   (0.0s) probing: 51/2080 (2.5%) - 0 fixings, 0 aggregations, 0 implications, 0 bound changes
   (0.0s) probing aborted: 50/50 successive totally useless probings
   (0.0s) symmetry computation started: requiring (bin +, int -, cont +), (fixed: bin -, int +, cont -)
   (0.0s) no symmetry present
presolving (6 rounds: 6 fast, 4 medium, 4 exhaustive):
 2080 deleted vars, 14304 deleted constraints, 4032 added constraints, 0 tightened bounds, 0 added holes, 64 changed sides, 64 changed coefficients
 0 implications, 4032 cliques
presolved problem has 2080 variables (2080 bin, 0 int, 0 impl, 0 cont) and 2017 constraints
   2016 constraints of type <and>
      1 constraints of type <linear>
Presolving Time: 0.00

 time | node  | left  |LP iter|LP it/n|mem/heur|mdpt |vars |cons |rows |cuts |sepa|confs|strbr|  dualbound   | primalbound  |  gap   | compl. 
p 0.0s|     1 |     0 |     0 |     - |  clique|   0 |2080 |2017 |4033 |   0 |  0 |   0 |   0 |-5.624207e-01 | 4.383970e-02 |    Inf | unknown
  1.0s|     1 |     0 |   989 |     - |    46M |   0 |2080 |2017 |4033 |   0 |  0 |   0 |   0 |-1.832255e-01 | 4.383970e-02 |    Inf | unknown
r 1.0s|     1 |     0 |   989 |     - |shifting|   0 |2080 |2025 |4033 |   0 |  0 |   8 |   0 |-1.832255e-01 |-1.694159e-02 | 981.51%| unknown
  1.0s|     1 |     0 |  1295 |     - |    47M |   0 |2080 |2025 |4244 | 211 |  1 |   8 |   0 |-1.534576e-01 |-1.694159e-02 | 805.80%| unknown
  2.0s|     1 |     0 |  1466 |     - |    49M |   0 |2080 |2026 |4342 | 309 |  2 |   9 |   0 |-1.457323e-01 |-1.694159e-02 | 760.20%| unknown
  2.0s|     1 |     0 |  1707 |     - |    50M |   0 |2080 |2027 |4405 | 372 |  3 |  10 |   0 |-1.382593e-01 |-1.694159e-02 | 716.09%| unknown
  3.0s|     1 |     0 |  1873 |     - |    51M |   0 |2080 |2028 |4464 | 431 |  4 |  11 |   0 |-1.360162e-01 |-1.694159e-02 | 702.85%| unknown
  4.0s|     1 |     0 |  1978 |     - |    52M |   0 |2080 |2028 |4522 | 489 |  5 |  11 |   0 |-1.330881e-01 |-1.694159e-02 | 685.57%| unknown
  4.0s|     1 |     0 |  2123 |     - |    52M |   0 |2080 |2035 |4542 | 509 |  6 |  18 |   0 |-1.299198e-01 |-1.694159e-02 | 666.87%| unknown
  5.0s|     1 |     0 |  2197 |     - |    54M |   0 |2080 |2035 |4558 | 525 |  7 |  18 |   0 |-1.291952e-01 |-1.694159e-02 | 662.59%| unknown
  6.0s|     1 |     0 |  2244 |     - |    55M |   0 |2080 |2036 |4573 | 540 |  8 |  19 |   0 |-1.282392e-01 |-1.694159e-02 | 656.95%| unknown
  8.0s|     1 |     0 |  2385 |     - |    56M |   0 |2080 |2043 |4581 | 548 |  9 |  26 |   0 |-1.272628e-01 |-1.694159e-02 | 651.19%| unknown
  9.0s|     1 |     0 |  2433 |     - |    58M |   0 |2080 |2051 |4588 | 555 | 10 |  34 |   0 |-1.269305e-01 |-1.694159e-02 | 649.22%| unknown
 10.0s|     1 |     0 |  2522 |     - |    59M |   0 |2080 |2051 |4601 | 573 | 11 |  34 |   0 |-1.261763e-01 |-1.694159e-02 | 644.77%| unknown
 10.0s|     1 |     0 |  2563 |     - |    59M |   0 |2080 |2051 |4608 | 580 | 12 |  34 |   0 |-1.257500e-01 |-1.694159e-02 | 642.26%| unknown
 time | node  | left  |LP iter|LP it/n|mem/heur|mdpt |vars |cons |rows |cuts |sepa|confs|strbr|  dualbound   | primalbound  |  gap   | compl. 
 11.0s|     1 |     0 |  2632 |     - |    61M |   0 |2080 |2051 |4615 | 587 | 13 |  34 |   0 |-1.253178e-01 |-1.694159e-02 | 639.71%| unknown
 12.0s|     1 |     0 |  2708 |     - |    63M |   0 |2080 |2051 |4620 | 592 | 14 |  34 |   0 |-1.250677e-01 |-1.694159e-02 | 638.23%| unknown
 12.0s|     1 |     0 |  2812 |     - |    64M |   0 |2080 |2051 |4625 | 597 | 15 |  34 |   0 |-1.247552e-01 |-1.694159e-02 | 636.38%| unknown
 13.0s|     1 |     0 |  2863 |     - |    65M |   0 |2080 |2051 |4631 | 603 | 16 |  34 |   0 |-1.246118e-01 |-1.694159e-02 | 635.54%| unknown
 14.0s|     1 |     0 |  2892 |     - |    65M |   0 |2080 |2052 |4610 | 609 | 17 |  35 |   0 |-1.245464e-01 |-1.694159e-02 | 635.15%| unknown
 14.0s|     1 |     0 |  2955 |     - |    68M |   0 |2080 |2052 |4615 | 614 | 18 |  35 |   0 |-1.243262e-01 |-1.694159e-02 | 633.85%| unknown
 16.0s|     1 |     0 |  2986 |     - |    70M |   0 |2080 |2061 |4619 | 618 | 19 |  44 |   0 |-1.242734e-01 |-1.694159e-02 | 633.54%| unknown
 17.0s|     1 |     0 |  3009 |     - |    72M |   0 |2080 |2069 |4622 | 621 | 20 |  52 |   0 |-1.242480e-01 |-1.694159e-02 | 633.39%| unknown
 17.0s|     1 |     0 |  3024 |     - |    72M |   0 |2080 |2077 |4626 | 625 | 21 |  60 |   0 |-1.242349e-01 |-1.694159e-02 | 633.31%| unknown
 17.0s|     1 |     0 |  3078 |     - |    72M |   0 |2080 |2085 |4631 | 630 | 22 |  68 |   0 |-1.241558e-01 |-1.694159e-02 | 632.85%| unknown
 17.0s|     1 |     0 |  3124 |     - |    72M |   0 |2080 |2090 |4625 | 637 | 23 |  73 |   0 |-1.240868e-01 |-1.694159e-02 | 632.44%| unknown
 17.0s|     1 |     0 |  3162 |     - |    72M |   0 |2080 |2090 |4628 | 640 | 24 |  73 |   0 |-1.240374e-01 |-1.694159e-02 | 632.15%| unknown
 17.0s|     1 |     0 |  3169 |     - |    72M |   0 |2080 |2097 |4637 | 649 | 25 |  80 |   0 |-1.240300e-01 |-1.694159e-02 | 632.10%| unknown
 17.0s|     1 |     0 |  3190 |     - |    72M |   0 |2080 |2098 |4638 | 650 | 26 |  81 |   0 |-1.240195e-01 |-1.694159e-02 | 632.04%| unknown
 17.0s|     1 |     0 |  3201 |     - |    72M |   0 |2080 |2098 |4639 | 651 | 27 |  81 |   0 |-1.240162e-01 |-1.694159e-02 | 632.02%| unknown
 time | node  | left  |LP iter|LP it/n|mem/heur|mdpt |vars |cons |rows |cuts |sepa|confs|strbr|  dualbound   | primalbound  |  gap   | compl. 
r17.0s|     1 |     0 |  3201 |     - |shifting|   0 |2080 |2098 |4639 | 651 | 27 |  81 |   0 |-1.240162e-01 |-1.757791e-02 | 605.52%| unknown
 17.0s|     1 |     0 |  3212 |     - |    72M |   0 |2080 |2098 |4640 | 652 | 28 |  81 |   0 |-1.240122e-01 |-1.757791e-02 | 605.50%| unknown
 21.0s|     1 |     2 |  8294 |     - |    73M |   0 |2080 |2101 |4640 | 652 | 28 |  84 |  22 |-1.195508e-01 |-1.757791e-02 | 580.12%| unknown
 44.0s|   100 |    75 | 16937 | 138.6 |    78M |  32 |2080 |2101 |4730 | 884 |  1 |  84 | 295 |-1.095329e-01 |-1.757791e-02 | 523.13%| unknown
 49.0s|   200 |   137 | 27686 | 123.0 |    85M |  32 |2080 |2101 |4785 |1198 |  0 |  84 | 308 |-1.091833e-01 |-1.757791e-02 | 521.14%| unknown
*51.0s|   254 |   159 | 32030 | 113.9 |    LP  |  32 |2080 |2098 |4747 |1285 |  3 |  84 | 320 |-1.091833e-01 |-2.093306e-02 | 421.58%| unknown
 54.0s|   300 |   187 | 36919 | 112.7 |    89M |  32 |2080 |2098 |4744 |1412 |  2 |  84 | 334 |-1.081913e-01 |-2.093306e-02 | 416.84%| unknown
*56.0s|   357 |   193 | 41328 | 107.1 |    LP  |  32 |2080 |2099 |4753 |1473 |  2 |  85 | 357 |-1.081913e-01 |-2.269506e-02 | 376.72%| unknown
 58.0s|   400 |   216 | 45451 | 105.9 |    91M |  32 |2080 |2099 |4763 |1597 |  2 |  85 | 357 |-1.080515e-01 |-2.269506e-02 | 376.10%| unknown
*59.0s|   443 |   236 | 49303 | 104.3 |    LP  |  32 |2080 |2099 |4791 |1653 |  3 |  85 | 370 |-1.080515e-01 |-2.483549e-02 | 335.07%| unknown
*59.0s|   466 |   230 | 50694 | 102.1 |    LP  |  32 |2080 |2099 |4764 |1671 |  1 |  85 | 377 |-1.080515e-01 |-2.531912e-02 | 326.76%| unknown
*60.0s|   487 |   202 | 52852 | 102.1 |    LP  |  32 |2080 |2099 |4781 |1710 |  3 |  85 | 390 |-1.080515e-01 |-2.838767e-02 | 280.63%| unknown
 60.0s|   500 |   203 | 54020 | 101.8 |    91M |  32 |2080 |2099 |4743 |1732 |  2 |  85 | 390 |-1.080515e-01 |-2.838767e-02 | 280.63%| unknown
*61.0s|   518 |   201 | 55578 | 101.3 |    LP  |  32 |2080 |2099 |4751 |1754 |  3 |  85 | 390 |-1.080515e-01 |-2.856099e-02 | 278.32%| unknown
*64.0s|   566 |   201 | 61249 | 102.7 |    LP  |  32 |2080 |2100 |4767 |1911 |  3 |  86 | 403 |-1.071884e-01 |-3.065985e-02 | 249.61%| unknown
 time | node  | left  |LP iter|LP it/n|mem/heur|mdpt |vars |cons |rows |cuts |sepa|confs|strbr|  dualbound   | primalbound  |  gap   | compl. 
 64.0s|   600 |   211 | 63961 | 101.4 |    93M |  32 |2080 |2110 |4807 |1933 |  1 |  96 | 413 |-1.071884e-01 |-3.065985e-02 | 249.61%| unknown
 70.0s|   700 |   239 | 76053 | 104.2 |    96M |  32 |2080 |2153 |4804 |2170 |  0 | 139 | 479 |-1.070080e-01 |-3.065985e-02 | 249.02%| unknown
*75.0s|   764 |   248 | 86764 | 109.5 |    LP  |  32 |2080 |2104 |4835 |2459 |  2 | 139 | 493 |-1.056593e-01 |-3.238091e-02 | 226.30%| unknown
 79.0s|   800 |   272 | 95218 | 115.2 |   109M |  32 |2080 |2124 |4878 |2624 |  2 | 159 | 507 |-1.045161e-01 |-3.238091e-02 | 222.77%| unknown
 87.0s|   900 |   294 |112710 | 121.8 |   113M |  32 |2080 |2133 |4818 |3123 |  0 | 168 | 545 |-1.024336e-01 |-3.238091e-02 | 216.34%| unknown
L95.0s|   964 |   323 |127747 | 129.3 |crossove|  32 |2080 |2164 |4779 |3442 |  2 | 199 | 581 |-1.014518e-01 |-3.360137e-02 | 201.93%| unknown
 97.0s|  1000 |   331 |134672 | 131.6 |   121M |  32 |2080 |2194 |4837 |3513 |  2 | 229 | 621 |-1.014518e-01 |-3.360137e-02 | 201.93%| unknown
Restart triggered after 50 consecutive estimations that the remaining tree will be large
(run 1, node 1030) performing user restart

(restart) converted 491 cuts from the global cut pool into linear constraints

presolving:
(round 1, exhaustive) 0 del vars, 0 del conss, 0 add conss, 0 chg bounds, 0 chg sides, 0 chg coeffs, 491 upgd conss, 0 impls, 4032 clqs
(round 2, medium)     0 del vars, 2 del conss, 6 add conss, 0 chg bounds, 6 chg sides, 12 chg coeffs, 491 upgd conss, 0 impls, 4032 clqs
(round 3, fast)       0 del vars, 5 del conss, 6 add conss, 0 chg bounds, 6 chg sides, 12 chg coeffs, 491 upgd conss, 0 impls, 4032 clqs
presolving (4 rounds: 4 fast, 3 medium, 2 exhaustive):
 0 deleted vars, 5 deleted constraints, 6 added constraints, 0 tightened bounds, 0 added holes, 6 changed sides, 12 changed coefficients
 0 implications, 4032 cliques
presolved problem has 2080 variables (2080 bin, 0 int, 0 impl, 0 cont) and 2698 constraints
    207 constraints of type <knapsack>
    285 constraints of type <setppc>
   2016 constraints of type <and>
      1 constraints of type <linear>
    189 constraints of type <logicor>
Presolving Time: 0.00
transformed 72/72 original solutions to the transformed problem space

 time | node  | left  |LP iter|LP it/n|mem/heur|mdpt |vars |cons |rows |cuts |sepa|confs|strbr|  dualbound   | primalbound  |  gap   | compl. 
 99.0s|     1 |     0 |141809 |     - |   126M |   0 |2080 |2698 |4525 |   0 |  0 | 241 | 621 |-1.014518e-01 |-3.360137e-02 | 201.93%| unknown
  101s|     1 |     0 |142287 |     - |   132M |   0 |2080 |2698 |4622 |  97 |  1 | 241 | 621 |-1.014518e-01 |-3.360137e-02 | 201.93%| unknown
  104s|     1 |     0 |142338 |     - |   136M |   0 |2080 |2699 |4632 | 107 |  2 | 242 | 621 |-1.014518e-01 |-3.360137e-02 | 201.93%| unknown
  105s|     1 |     0 |142386 |     - |   137M |   0 |2080 |2699 |4651 | 126 |  3 | 242 | 621 |-1.014518e-01 |-3.360137e-02 | 201.93%| unknown
  107s|     1 |     0 |142443 |     - |   139M |   0 |2080 |2699 |4654 | 129 |  4 | 242 | 621 |-1.014518e-01 |-3.360137e-02 | 201.93%| unknown
  109s|     1 |     0 |142455 |     - |   141M |   0 |2080 |2708 |4656 | 131 |  5 | 251 | 621 |-1.014518e-01 |-3.360137e-02 | 201.93%| unknown
  115s|     1 |     2 |146032 |     - |   143M |   0 |2080 |2713 |4656 | 131 |  7 | 256 | 638 |-1.014518e-01 |-3.360137e-02 | 201.93%| unknown
  126s|   100 |    61 |178059 | 152.1 |   150M |  23 |2080 |2795 |4678 | 567 |  0 | 338 | 688 |-9.260532e-02 |-3.360137e-02 | 175.60%| unknown
  135s|   200 |    83 |198935 | 156.7 |   154M |  23 |2080 |2870 |4705 | 818 |  7 | 413 | 747 |-8.570735e-02 |-3.360137e-02 | 155.07%| unknown
* 148s|   296 |   116 |224776 | 164.8 |strongbr|  23 |2080 |2808 |4873 |1208 |  3 | 420 | 810 |-8.243134e-02 |-3.469908e-02 | 137.56%| unknown
  148s|   300 |   118 |225665 | 165.0 |   157M |  23 |2080 |2808 |4891 |1227 |  3 | 420 | 815 |-8.243134e-02 |-3.469908e-02 | 137.56%| unknown
d 150s|   317 |   126 |230994 | 166.9 |pscostdi|  24 |2080 |2654 |4905 |   0 |  3 | 428 | 822 |-8.243134e-02 |-3.583019e-02 | 130.06%| unknown
* 156s|   387 |   136 |245331 | 168.8 |    LP  |  25 |2080 |2714 |4797 |1332 |  2 | 488 | 901 |-8.156384e-02 |-3.602319e-02 | 126.42%| unknown
* 156s|   391 |    98 |246009 | 168.8 |strongbr|  25 |2080 |2654 |4890 |1335 |  2 | 488 | 902 |-8.156384e-02 |-3.944205e-02 | 106.79%|  13.50%
  157s|   400 |   105 |247290 | 168.6 |   161M |  25 |2080 |2654 |4890 |1338 |  2 | 488 | 907 |-8.156384e-02 |-3.944205e-02 | 106.79%|  13.82%
 time | node  | left  |LP iter|LP it/n|mem/heur|mdpt |vars |cons |rows |cuts |sepa|confs|strbr|  dualbound   | primalbound  |  gap   | compl. 
  168s|   500 |   113 |267906 | 171.1 |   166M |  25 |2080 |2714 |4910 |1585 |  0 | 548 | 988 |-7.997937e-02 |-3.944205e-02 | 102.78%|  16.43%
* 184s|   568 |   111 |292052 | 178.9 |    LP  |  25 |2080 |2772 |4928 |1905 |  2 | 606 |1064 |-7.867166e-02 |-3.975119e-02 |  97.91%|  19.77%
  194s|   600 |   113 |312383 | 187.9 |   177M |  25 |2080 |2797 |4903 |2139 |  2 | 631 |1099 |-7.867166e-02 |-3.975119e-02 |  97.91%|  22.04%
* 195s|   610 |   111 |314403 | 188.0 |    LP  |  25 |2080 |2808 |4917 |2156 |  3 | 642 |1117 |-7.867166e-02 |-4.036316e-02 |  94.91%|  22.05%
* 198s|   656 |   110 |322461 | 187.6 |    LP  |  25 |2080 |2861 |4924 |2203 |  3 | 695 |1158 |-7.609331e-02 |-4.072635e-02 |  86.84%|  23.14%
* 198s|   664 |   109 |323198 | 187.2 |strongbr|  25 |2080 |2861 |4922 |2206 |  2 | 695 |1162 |-7.609331e-02 |-4.095144e-02 |  85.81%|  23.23%
* 198s|   664 |   108 |323230 | 187.2 |    LP  |  25 |2080 |2861 |4922 |2206 |  4 | 695 |1165 |-7.609331e-02 |-4.131315e-02 |  84.19%|  23.23%
  206s|   700 |   106 |335502 | 190.4 |   184M |  25 |2080 |2890 |4926 |2440 |  0 | 724 |1210 |-7.609331e-02 |-4.131315e-02 |  84.19%|  24.85%
  234s|   800 |    96 |374780 | 201.4 |   196M |  25 |2080 |2951 |5015 |3179 |  3 | 785 |1309 |-7.459056e-02 |-4.131315e-02 |  80.55%|  30.22%
  268s|   900 |    92 |432142 | 220.7 |   220M |  25 |2080 |3074 |4999 |4526 |  0 | 909 |1475 |-6.773539e-02 |-4.131315e-02 |  63.96%|  39.14%
  298s|  1000 |    56 |491957 | 239.3 |   233M |  25 |2080 |3144 |4832 |5169 |  0 | 982 |1622 |-6.655222e-02 |-4.131315e-02 |  61.09%|  51.90%
  325s|  1100 |    36 |549018 | 254.9 |   241M |  25 |2080 |3314 |4900 |6106 |  0 |1173 |1834 |-6.300604e-02 |-4.131315e-02 |  52.51%|  70.22%

SCIP Status        : problem is solved [optimal solution found]
Solving Time (sec) : 347.00
Solving Nodes      : 1168 (total of 2198 nodes in 2 runs)
Primal Bound       : -4.13131530373165e-02 (126 solutions)
Dual Bound         : -4.13131530373165e-02
Gap                : 0.00 %

primal solution (original space):
=================================

objective value:                  -0.0413131530373166
y(4,4)                                              1 	(obj:0.000958826771815638)
y(4,9)                                              1 	(obj:0.000229762213874253)
y(4,12)                                             1 	(obj:0.000474670081103889)
y(4,22)                                             1 	(obj:0.000207303981453677)
y(4,24)                                             1 	(obj:-0.00028505743245841)
y(4,25)                                             1 	(obj:-0.000150403736154513)
y(4,26)                                             1 	(obj:0.000231299861807073)
y(4,32)                                             1 	(obj:0.000276103680856715)
y(4,33)                                             1 	(obj:0.000101440266735923)
y(4,38)                                             1 	(obj:0.000471563366870252)
y(4,39)                                             1 	(obj:0.000888938528441275)
y(4,43)                                             1 	(obj:0.000394044367124748)
y(4,46)                                             1 	(obj:9.1124633907824e-05)
y(4,49)                                             1 	(obj:0.00014810364288324)
y(4,57)                                             1 	(obj:-0.000487516446545282)
y(4,59)                                             1 	(obj:0.000248885028253647)
y(4,61)                                             1 	(obj:0.000201718040829745)
y(4,62)                                             1 	(obj:0.000319991467856935)
y(4,64)                                             1 	(obj:0.000159934853094733)
y(9,4)                                              1 	(obj:0.000229762213874253)
y(9,9)                                              1 	(obj:0.000617508574368933)
y(9,12)                                             1 	(obj:0.000327941265822756)
y(9,22)                                             1 	(obj:-8.6329730022736e-05)
y(9,24)                                             1 	(obj:-9.13610190963255e-05)
y(9,25)                                             1 	(obj:-1.72793469463525e-05)
y(9,26)                                             1 	(obj:0.00022584158271269)
y(9,32)                                             1 	(obj:6.73593404767502e-05)
y(9,33)                                             1 	(obj:0.000341501182336809)
y(9,38)                                             1 	(obj:0.000259824941322844)
y(9,39)                                             1 	(obj:0.000128084534176858)
y(9,43)                                             1 	(obj:8.8203472698835e-05)
y(9,46)                                             1 	(obj:0.000248688534440945)
y(9,49)                                             1 	(obj:-0.00015969752328982)
y(9,57)                                             1 	(obj:-2.31597009425463e-05)
y(9,59)                                             1 	(obj:0.000175904695709328)
y(9,61)                                             1 	(obj:0.000648286916778267)
y(9,62)                                             1 	(obj:0.000220198536346543)
y(9,64)                                             1 	(obj:8.92569623349169e-05)
y(12,4)                                             1 	(obj:0.000474670081103889)
y(12,9)                                             1 	(obj:0.000327941265822756)
y(12,12)                                            1 	(obj:0.000900038678437625)
y(12,22)                                            1 	(obj:0.000100410421887645)
y(12,24)                                            1 	(obj:-0.000503917032108093)
y(12,25)                                            1 	(obj:-0.000415825659444308)
y(12,26)                                            1 	(obj:0.00044166424506033)
y(12,32)                                            1 	(obj:-1.83534783608714e-05)
y(12,33)                                            1 	(obj:0.000404987271853178)
y(12,38)                                            1 	(obj:0.000391283118175767)
y(12,39)                                            1 	(obj:0.000220670512375902)
y(12,43)                                            1 	(obj:-0.000325698667152282)
y(12,46)                                            1 	(obj:-5.66597297331604e-05)
y(12,49)                                            1 	(obj:2.76303478517526e-05)
y(12,57)                                            1 	(obj:-0.000329463044928018)
y(12,59)                                            1 	(obj:0.000307735253001387)
y(12,61)                                            1 	(obj:0.000263951147960687)
y(12,62)                                            1 	(obj:0.000419846381828066)
y(12,64)                                            1 	(obj:0.000227680407873946)
y(22,4)                                             1 	(obj:0.000207303981453677)
y(22,9)                                             1 	(obj:-8.6329730022736e-05)
y(22,12)                                            1 	(obj:0.000100410421887645)
y(22,22)                                            1 	(obj:0.00075648482051589)
y(22,24)                                            1 	(obj:0.000530361734152043)
y(22,25)                                            1 	(obj:0.000362908571006981)
y(22,26)                                            1 	(obj:-3.04871712937135e-05)
y(22,32)                                            1 	(obj:0.000161318407073996)
y(22,33)                                            1 	(obj:-1.13619013817996e-05)
y(22,38)                                            1 	(obj:0.000427856883568921)
y(22,39)                                            1 	(obj:-0.000163957275437283)
y(22,43)                                            1 	(obj:2.11328457441994e-05)
y(22,46)                                            1 	(obj:0.000140405157481849)
y(22,49)                                            1 	(obj:0.000373159032950477)
y(22,57)                                            1 	(obj:0.000387114397912364)
y(22,59)                                            1 	(obj:-3.56117850671179e-05)
y(22,61)                                            1 	(obj:-7.01731840341653e-05)
y(22,62)                                            1 	(obj:0.00019363662748221)
y(22,64)                                            1 	(obj:8.93107697559964e-05)
y(24,4)                                             1 	(obj:-0.00028505743245841)
y(24,9)                                             1 	(obj:-9.13610190963255e-05)
y(24,12)                                            1 	(obj:-0.000503917032108093)
y(24,22)                                            1 	(obj:0.000530361734152043)
y(24,24)                                            1 	(obj:0.0019783029823718)
y(24,25)                                            1 	(obj:0.000999141007368715)
y(24,26)                                            1 	(obj:-0.000455248733426972)
y(24,32)                                            1 	(obj:0.000184194960864124)
y(24,33)                                            1 	(obj:-0.000602092648021777)
y(24,38)                                            1 	(obj:-3.7113345026654e-05)
y(24,39)                                            1 	(obj:-0.000108415244537194)
y(24,43)                                            1 	(obj:0.000438083115906132)
y(24,46)                                            1 	(obj:0.000309289739930759)
y(24,49)                                            1 	(obj:0.000345722328476896)
y(24,57)                                            1 	(obj:0.000767674264954161)
y(24,59)                                            1 	(obj:-0.000415765556345702)
y(24,61)                                            1 	(obj:-3.75337557962276e-05)
y(24,62)                                            1 	(obj:-0.000197835772930004)
y(24,64)                                            1 	(obj:-0.000380544332965484)
y(25,4)                                             1 	(obj:-0.000150403736154513)
y(25,9)                                             1 	(obj:-1.72793469463525e-05)
y(25,12)                                            1 	(obj:-0.000415825659444308)
y(25,22)                                            1 	(obj:0.000362908571006981)
y(25,24)                                            1 	(obj:0.000999141007368715)
y(25,25)                                            1 	(obj:0.0014718475538357)
y(25,26)                                            1 	(obj:-0.000749449737210852)
y(25,32)                                            1 	(obj:7.71862927990466e-06)
y(25,33)                                            1 	(obj:-0.000683159063951649)
y(25,38)                                            1 	(obj:-0.000267927376047306)
y(25,39)                                            1 	(obj:0.000285079265528903)
y(25,43)                                            1 	(obj:0.000631845480059157)
y(25,46)                                            1 	(obj:0.000127877013585853)
y(25,49)                                            1 	(obj:-1.31743776482081e-05)
y(25,57)                                            1 	(obj:0.00110181704399536)
y(25,59)                                            1 	(obj:-0.000412067764268136)
y(25,61)                                            1 	(obj:-0.000143757580051458)
y(25,62)                                            1 	(obj:-0.000472665180629797)
y(25,64)                                            1 	(obj:-0.000313357438151542)
y(26,4)                                             1 	(obj:0.000231299861807073)
y(26,9)                                             1 	(obj:0.00022584158271269)
y(26,12)                                            1 	(obj:0.00044166424506033)
y(26,22)                                            1 	(obj:-3.04871712937135e-05)
y(26,24)                                            1 	(obj:-0.000455248733426972)
y(26,25)                                            1 	(obj:-0.000749449737210852)
y(26,26)                                            1 	(obj:0.000971064952346514)
y(26,32)                                            1 	(obj:-2.86389353049614e-05)
y(26,33)                                            1 	(obj:0.000593866927456893)
y(26,38)                                            1 	(obj:0.000538354882110319)
y(26,39)                                            1 	(obj:-0.000346942049280105)
y(26,43)                                            1 	(obj:-0.000578907166105885)
y(26,46)                                            1 	(obj:0.00012668948275047)
y(26,49)                                            1 	(obj:-1.99117445456085e-05)
y(26,57)                                            1 	(obj:-0.000303991486430653)
y(26,59)                                            1 	(obj:0.000432484576190879)
y(26,61)                                            1 	(obj:0.000316099257240384)
y(26,62)                                            1 	(obj:0.000358975476309679)
y(26,64)                                            1 	(obj:0.00024734559941119)
y(32,4)                                             1 	(obj:0.000276103680856715)
y(32,9)                                             1 	(obj:6.73593404767502e-05)
y(32,12)                                            1 	(obj:-1.83534783608714e-05)
y(32,22)                                            1 	(obj:0.000161318407073996)
y(32,24)                                            1 	(obj:0.000184194960864124)
y(32,25)                                            1 	(obj:7.71862927990466e-06)
y(32,26)                                            1 	(obj:-2.86389353049614e-05)
y(32,32)                                            1 	(obj:0.000533156128821862)
y(32,33)                                            1 	(obj:-3.92359969728068e-05)
y(32,38)                                            1 	(obj:-3.31955062371051e-05)
y(32,39)                                            1 	(obj:-8.62523397265333e-05)
y(32,43)                                            1 	(obj:0.000364919037596995)
y(32,46)                                            1 	(obj:2.0210354329553e-05)
y(32,49)                                            1 	(obj:-1.43842564656492e-05)
y(32,57)                                            1 	(obj:-1.29172329519476e-05)
y(32,59)                                            1 	(obj:-0.000388629436737495)
y(32,61)                                            1 	(obj:0.000175519694181521)
y(32,62)                                            1 	(obj:7.88888095413585e-05)
y(32,64)                                            1 	(obj:-2.8580382466445e-05)
y(33,4)                                             1 	(obj:0.000101440266735923)
y(33,9)                                             1 	(obj:0.000341501182336809)
y(33,12)                                            1 	(obj:0.000404987271853178)
y(33,22)                                            1 	(obj:-1.13619013817996e-05)
y(33,24)                                            1 	(obj:-0.000602092648021777)
y(33,25)                                            1 	(obj:-0.000683159063951649)
y(33,26)                                            1 	(obj:0.000593866927456893)
y(33,32)                                            1 	(obj:-3.92359969728068e-05)
y(33,33)                                            1 	(obj:0.000876410679266347)
y(33,38)                                            1 	(obj:0.000591891263855223)
y(33,39)                                            1 	(obj:-0.000196343604890075)
y(33,43)                                            1 	(obj:-0.000529528274147495)
y(33,46)                                            1 	(obj:0.000241339835657193)
y(33,49)                                            1 	(obj:5.02161449276489e-05)
y(33,57)                                            1 	(obj:-0.000164903040410002)
y(33,59)                                            1 	(obj:0.000404864082222203)
y(33,61)                                            1 	(obj:0.000445261986487814)
y(33,62)                                            1 	(obj:0.000367405969499671)
y(33,64)                                            1 	(obj:0.000343913320698314)
y(38,4)                                             1 	(obj:0.000471563366870252)
y(38,9)                                             1 	(obj:0.000259824941322844)
y(38,12)                                            1 	(obj:0.000391283118175767)
y(38,22)                                            1 	(obj:0.000427856883568921)
y(38,24)                                            1 	(obj:-3.7113345026654e-05)
y(38,25)                                            1 	(obj:-0.000267927376047306)
y(38,26)                                            1 	(obj:0.000538354882110319)
y(38,32)                                            1 	(obj:-3.31955062371051e-05)
y(38,33)                                            1 	(obj:0.000591891263855223)
y(38,38)                                            1 	(obj:0.00110676908784747)
y(38,39)                                            1 	(obj:0.000349259672503933)
y(38,43)                                            1 	(obj:-0.000353119578046063)
y(38,46)                                            1 	(obj:0.000487224250598425)
y(38,49)                                            1 	(obj:0.00041820178276724)
y(38,57)                                            1 	(obj:-8.19135451864824e-05)
y(38,59)                                            1 	(obj:0.000626592344692753)
y(38,61)                                            1 	(obj:0.000263297810030385)
y(38,62)                                            1 	(obj:0.000463133465864571)
y(38,64)                                            1 	(obj:0.000326642852029888)
y(39,4)                                             1 	(obj:0.000888938528441275)
y(39,9)                                             1 	(obj:0.000128084534176858)
y(39,12)                                            1 	(obj:0.000220670512375902)
y(39,22)                                            1 	(obj:-0.000163957275437283)
y(39,24)                                            1 	(obj:-0.000108415244537194)
y(39,25)                                            1 	(obj:0.000285079265528903)
y(39,26)                                            1 	(obj:-0.000346942049280105)
y(39,32)                                            1 	(obj:-8.62523397265333e-05)
y(39,33)                                            1 	(obj:-0.000196343604890075)
y(39,38)                                            1 	(obj:0.000349259672503933)
y(39,39)                                            1 	(obj:0.00469155687845648)
y(39,43)                                            1 	(obj:-3.44148850424841e-05)
y(39,46)                                            1 	(obj:-5.79335026816575e-06)
y(39,49)                                            1 	(obj:5.94056825515577e-05)
y(39,57)                                            1 	(obj:-0.000373074094916282)
y(39,59)                                            1 	(obj:0.000888460962435933)
y(39,61)                                            1 	(obj:-0.00021920733191028)
y(39,62)                                            1 	(obj:0.000238123688439821)
y(39,64)                                            1 	(obj:0.000119197751425941)
y(43,4)                                             1 	(obj:0.000394044367124748)
y(43,9)                                             1 	(obj:8.8203472698835e-05)
y(43,12)                                            1 	(obj:-0.000325698667152282)
y(43,22)                                            1 	(obj:2.11328457441994e-05)
y(43,24)                                            1 	(obj:0.000438083115906132)
y(43,25)                                            1 	(obj:0.000631845480059157)
y(43,26)                                            1 	(obj:-0.000578907166105885)
y(43,32)                                            1 	(obj:0.000364919037596995)
y(43,33)                                            1 	(obj:-0.000529528274147495)
y(43,38)                                            1 	(obj:-0.000353119578046063)
y(43,39)                                            1 	(obj:-3.44148850424841e-05)
y(43,43)                                            1 	(obj:0.00161552838511866)
y(43,46)                                            1 	(obj:3.35499768684938e-05)
y(43,49)                                            1 	(obj:-0.000135395207806188)
y(43,57)                                            1 	(obj:-9.56576481617997e-05)
y(43,59)                                            1 	(obj:-0.00059961759159067)
y(43,61)                                            1 	(obj:0.000209706729999605)
y(43,62)                                            1 	(obj:-0.000155464161625392)
y(43,64)                                            1 	(obj:-0.000128194150778067)
y(46,4)                                             1 	(obj:9.1124633907824e-05)
y(46,9)                                             1 	(obj:0.000248688534440945)
y(46,12)                                            1 	(obj:-5.66597297331604e-05)
y(46,22)                                            1 	(obj:0.000140405157481849)
y(46,24)                                            1 	(obj:0.000309289739930759)
y(46,25)                                            1 	(obj:0.000127877013585853)
y(46,26)                                            1 	(obj:0.00012668948275047)
y(46,32)                                            1 	(obj:2.0210354329553e-05)
y(46,33)                                            1 	(obj:0.000241339835657193)
y(46,38)                                            1 	(obj:0.000487224250598425)
y(46,39)                                            1 	(obj:-5.79335026816575e-06)
y(46,43)                                            1 	(obj:3.35499768684938e-05)
y(46,46)                                            1 	(obj:0.000674779281918678)
y(46,49)                                            1 	(obj:0.000565069442966465)
y(46,57)                                            1 	(obj:0.000121515638678293)
y(46,59)                                            1 	(obj:-6.22278918137712e-05)
y(46,61)                                            1 	(obj:0.000375153076810419)
y(46,62)                                            1 	(obj:4.87552445968127e-05)
y(46,64)                                            1 	(obj:0.000144745467150433)
y(49,4)                                             1 	(obj:0.00014810364288324)
y(49,9)                                             1 	(obj:-0.00015969752328982)
y(49,12)                                            1 	(obj:2.76303478517526e-05)
y(49,22)                                            1 	(obj:0.000373159032950477)
y(49,24)                                            1 	(obj:0.000345722328476896)
y(49,25)                                            1 	(obj:-1.31743776482081e-05)
y(49,26)                                            1 	(obj:-1.99117445456085e-05)
y(49,32)                                            1 	(obj:-1.43842564656492e-05)
y(49,33)                                            1 	(obj:5.02161449276489e-05)
y(49,38)                                            1 	(obj:0.00041820178276724)
y(49,39)                                            1 	(obj:5.94056825515577e-05)
y(49,43)                                            1 	(obj:-0.000135395207806188)
y(49,46)                                            1 	(obj:0.000565069442966465)
y(49,49)                                            1 	(obj:0.00122389345769142)
y(49,57)                                            1 	(obj:-0.000172206374545683)
y(49,59)                                            1 	(obj:-0.000126979654554145)
y(49,61)                                            1 	(obj:-9.16604285830609e-06)
y(49,62)                                            1 	(obj:2.4054046696548e-05)
y(49,64)                                            1 	(obj:0.000305911948326596)
y(57,4)                                             1 	(obj:-0.000487516446545282)
y(57,9)                                             1 	(obj:-2.31597009425463e-05)
y(57,12)                                            1 	(obj:-0.000329463044928018)
y(57,22)                                            1 	(obj:0.000387114397912364)
y(57,24)                                            1 	(obj:0.000767674264954161)
y(57,25)                                            1 	(obj:0.00110181704399536)
y(57,26)                                            1 	(obj:-0.000303991486430653)
y(57,32)                                            1 	(obj:-1.29172329519476e-05)
y(57,33)                                            1 	(obj:-0.000164903040410002)
y(57,38)                                            1 	(obj:-8.19135451864824e-05)
y(57,39)                                            1 	(obj:-0.000373074094916282)
y(57,43)                                            1 	(obj:-9.56576481617997e-05)
y(57,46)                                            1 	(obj:0.000121515638678293)
y(57,49)                                            1 	(obj:-0.000172206374545683)
y(57,57)                                            1 	(obj:0.00172486550789652)
y(57,59)                                            1 	(obj:-0.000261841018387936)
y(57,61)                                            1 	(obj:-0.000175256708535271)
y(57,62)                                            1 	(obj:-0.000329262377492901)
y(57,64)                                            1 	(obj:-0.00022992227197187)
y(59,4)                                             1 	(obj:0.000248885028253647)
y(59,9)                                             1 	(obj:0.000175904695709328)
y(59,12)                                            1 	(obj:0.000307735253001387)
y(59,22)                                            1 	(obj:-3.56117850671179e-05)
y(59,24)                                            1 	(obj:-0.000415765556345702)
y(59,25)                                            1 	(obj:-0.000412067764268136)
y(59,26)                                            1 	(obj:0.000432484576190879)
y(59,32)                                            1 	(obj:-0.000388629436737495)
y(59,33)                                            1 	(obj:0.000404864082222203)
y(59,38)                                            1 	(obj:0.000626592344692753)
y(59,39)                                            1 	(obj:0.000888460962435933)
y(59,43)                                            1 	(obj:-0.00059961759159067)
y(59,46)                                            1 	(obj:-6.22278918137712e-05)
y(59,49)                                            1 	(obj:-0.000126979654554145)
y(59,57)                                            1 	(obj:-0.000261841018387936)
y(59,59)                                            1 	(obj:0.00201880812570613)
y(59,61)                                            1 	(obj:0.0001237447830845)
y(59,62)                                            1 	(obj:0.000481016164080329)
y(59,64)                                            1 	(obj:0.000431846196258361)
y(61,4)                                             1 	(obj:0.000201718040829745)
y(61,9)                                             1 	(obj:0.000648286916778267)
y(61,12)                                            1 	(obj:0.000263951147960687)
y(61,22)                                            1 	(obj:-7.01731840341653e-05)
y(61,24)                                            1 	(obj:-3.75337557962276e-05)
y(61,25)                                            1 	(obj:-0.000143757580051458)
y(61,26)                                            1 	(obj:0.000316099257240384)
y(61,32)                                            1 	(obj:0.000175519694181521)
y(61,33)                                            1 	(obj:0.000445261986487814)
y(61,38)                                            1 	(obj:0.000263297810030385)
y(61,39)                                            1 	(obj:-0.00021920733191028)
y(61,43)                                            1 	(obj:0.000209706729999605)
y(61,46)                                            1 	(obj:0.000375153076810419)
y(61,49)                                            1 	(obj:-9.16604285830609e-06)
y(61,57)                                            1 	(obj:-0.000175256708535271)
y(61,59)                                            1 	(obj:0.0001237447830845)
y(61,61)                                            1 	(obj:0.000916700478022803)
y(61,62)                                            1 	(obj:0.000244930134885173)
y(61,64)                                            1 	(obj:0.00021211143059317)
y(62,4)                                             1 	(obj:0.000319991467856935)
y(62,9)                                             1 	(obj:0.000220198536346543)
y(62,12)                                            1 	(obj:0.000419846381828066)
y(62,22)                                            1 	(obj:0.00019363662748221)
y(62,24)                                            1 	(obj:-0.000197835772930004)
y(62,25)                                            1 	(obj:-0.000472665180629797)
y(62,26)                                            1 	(obj:0.000358975476309679)
y(62,32)                                            1 	(obj:7.88888095413585e-05)
y(62,33)                                            1 	(obj:0.000367405969499671)
y(62,38)                                            1 	(obj:0.000463133465864571)
y(62,39)                                            1 	(obj:0.000238123688439821)
y(62,43)                                            1 	(obj:-0.000155464161625392)
y(62,46)                                            1 	(obj:4.87552445968127e-05)
y(62,49)                                            1 	(obj:2.4054046696548e-05)
y(62,57)                                            1 	(obj:-0.000329262377492901)
y(62,59)                                            1 	(obj:0.000481016164080329)
y(62,61)                                            1 	(obj:0.000244930134885173)
y(62,62)                                            1 	(obj:0.000608911973522132)
y(62,64)                                            1 	(obj:0.000263421576642983)
y(64,4)                                             1 	(obj:0.000159934853094733)
y(64,9)                                             1 	(obj:8.92569623349169e-05)
y(64,12)                                            1 	(obj:0.000227680407873946)
y(64,22)                                            1 	(obj:8.93107697559964e-05)
y(64,24)                                            1 	(obj:-0.000380544332965484)
y(64,25)                                            1 	(obj:-0.000313357438151542)
y(64,26)                                            1 	(obj:0.00024734559941119)
y(64,32)                                            1 	(obj:-2.8580382466445e-05)
y(64,33)                                            1 	(obj:0.000343913320698314)
y(64,38)                                            1 	(obj:0.000326642852029888)
y(64,39)                                            1 	(obj:0.000119197751425941)
y(64,43)                                            1 	(obj:-0.000128194150778067)
y(64,46)                                            1 	(obj:0.000144745467150433)
y(64,49)                                            1 	(obj:0.000305911948326596)
y(64,57)                                            1 	(obj:-0.00022992227197187)
y(64,59)                                            1 	(obj:0.000431846196258361)
y(64,61)                                            1 	(obj:0.00021211143059317)
y(64,62)                                            1 	(obj:0.000263421576642983)
y(64,64)                                            1 	(obj:0.000438474896212531)
x(4)                                                1 	(obj:-0.0072161870538177)
x(9)                                                1 	(obj:-0.00734965491545315)
x(12)                                               1 	(obj:-0.00659426395713861)
x(22)                                               1 	(obj:-0.00577469461251162)
x(24)                                               1 	(obj:-0.0059640060439669)
x(25)                                               1 	(obj:0.00117967554409262)
x(26)                                               1 	(obj:-0.00907907859942305)
x(32)                                               1 	(obj:-0.00233757086924918)
x(33)                                               1 	(obj:-0.00671525470420422)
x(38)                                               1 	(obj:-0.0103811030697323)
x(39)                                               1 	(obj:-0.00587430953023488)
x(43)                                               1 	(obj:0.00162785131409297)
x(46)                                               1 	(obj:-0.00625017514616764)
x(49)                                               1 	(obj:-0.00648266643723911)
x(57)                                               1 	(obj:0.000863377525571901)
x(59)                                               1 	(obj:-0.00562873389312421)
x(61)                                               1 	(obj:-0.00746616271732443)
x(62)                                               1 	(obj:-0.00517621098612854)
x(64)                                               1 	(obj:-0.0039925222536812)

Statistics
==========

SCIP Status        : problem is solved [optimal solution found]
Total Time         :     347.00
  solving          :     347.00
  presolving       :       0.00 (included in solving)
  reading          :       0.00
  copying          :       0.00 (16 #copies) (minimal 0.00, maximal 0.00, average 0.00)
Original Problem   :
  Problem name     : C:\Users\Claubit\Documents\GitHub\embedding\src\lp\scenarioA2_N64_B0.3_classical\IPL_linearized_N64q5.00B19.lp
  Variables        : 4160 (0 binary, 4160 integer, 0 implicit integer, 0 continuous)
  Constraints      : 12289 initial, 12289 maximal
  Objective        : minimize, 4160 non-zeros (abs.min = 5.75384e-09, abs.max = 0.0305849)
Presolved Problem  :
  Problem name     : t_C:\Users\Claubit\Documents\GitHub\embedding\src\lp\scenarioA2_N64_B0.3_classical\IPL_linearized_N64q5.00B19.lp
  Variables        : 2080 (2080 binary, 0 integer, 0 implicit integer, 0 continuous)
  Constraints      : 2698 initial, 3402 maximal
  Objective        : minimize, 2080 non-zeros (abs.min = 1.15077e-08, abs.max = 0.0442358)
  Nonzeros         : 19904 constraint, 8064 clique table
Presolvers         :   ExecTime  SetupTime  Calls  FixedVars   AggrVars   ChgTypes  ChgBounds   AddHoles    DelCons    AddCons   ChgSides   ChgCoefs
  boundshift       :       0.00       0.00      0          0          0          0          0          0          0          0          0          0
  convertinttobin  :       0.00       0.00      0          0          0          0          0          0          0          0          0          0
  domcol           :       0.00       0.00      2          0          0          0          0          0          0          0          0          0
  dualagg          :       0.00       0.00      0          0          0          0          0          0          0          0          0          0
  dualcomp         :       0.00       0.00      0          0          0          0          0          0          0          0          0          0
  dualinfer        :       0.00       0.00      0          0          0          0          0          0          0          0          0          0
  dualsparsify     :       0.00       0.00      1          0          0          0          0          0          0          0          0          0
  gateextraction   :       0.00       0.00      2          0          0          0          0          0      12096       4032          0          0
  implics          :       0.00       0.00      7          0          0          0          0          0          0          0          0          0
  inttobinary      :       0.00       0.00      0          0          0          0          0          0          0          0          0          0
  milp             :       0.00       0.00      1          0          0          0          0          0          0          0          0          0
  qpkktref         :       0.00       0.00      0          0          0          0          0          0          0          0          0          0
  redvub           :       0.00       0.00      0          0          0          0          0          0          0          0          0          0
  sparsify         :       0.00       0.00      1          0          0          0          0          0          0          0          0          0
  stuffing         :       0.00       0.00      0          0          0          0          0          0          0          0          0          0
  trivial          :       0.00       0.00     10          0          0          0          0          0          0          0          0          0
  tworowbnd        :       0.00       0.00      0          0          0          0          0          0          0          0          0          0
  dualfix          :       0.00       0.00     10          0          0          0          0          0          0          0          0          0
  genvbounds       :       0.00       0.00      0          0          0          0          0          0          0          0          0          0
  probing          :       0.00       0.00      1          0          0          0          0          0          0          0          0          0
  pseudoobj        :       0.00       0.00      1          0          0          0          0          0          0          0          0          0
  symmetry         :       0.00       0.00      1          0          0          0          0          0          0          0          0          0
  vbounds          :       0.00       0.00      2          0          0          0          0          0          0          0          0          0
  knapsack         :       0.00       0.00      6          0          0          0          0          0          3          6          6         12
  setppc           :       0.00       0.00      8          0          0          0          0          0          2          0          0          0
  and              :       0.00       0.00     10          0       2016          0          0          0       2016          0          0          0
  linear           :       0.00       0.00     14          0         64          0          0          0        192          0         64         64
  logicor          :       0.00       0.00     10          0          0          0          0          0          0          0          0          0
  benders          :       0.00       0.00      0          0          0          0          0          0          0          0          0          0
  components       :       0.00       0.00      2          0          0          0          0          0          0          0          0          0
  root node        :          -          -      -        128          -          -        128          -          -          -          -          -
Constraints        :     Number  MaxNumber  #Separate #Propagate    #EnfoLP    #EnfoRelax  #EnfoPS    #Check   #ResProp    Cutoffs    DomReds       Cuts    Applied      Conss   Children
  benderslp        :          0          0          0          0       1749          0          0        447          0          0          0          0          0          0          0
  integral         :          0          0          0          0       1749          0          0        447          0          0       1594          0          0        960       2712
  knapsack         :        207+       208          6      14137          0          0          0          0       1213         17       3826          0          0          0          0
  setppc           :        285        285          6      14066          0          0          0          0       2431          0       9767          0          0          0          0
  and              :       2016       2016       3548      22126         13          0          0        441      30410         40     159360       5797       4437          0          0
  linear           :          1          1         34      21983         13          0          0        194         96        147        106          0          0          0          0
  logicor          :        189+       940         34       5191          0          0          0          0         30         16         11          0          0          0          0
  benders          :          0          0          0          0         13          0          0        193          0          0          0          0          0          0          0
  countsols        :          0          0          0          0         13          0          0        193          0          0          0          0          0          0          0
  components       :          0          0          0          0          0          0          0          0          0          0          0          0          0          0          0
Constraint Timings :  TotalTime  SetupTime   Separate  Propagate     EnfoLP     EnfoPS     EnfoRelax   Check    ResProp    SB-Prop
  benderslp        :       0.00       0.00       0.00       0.00       0.00       0.00       0.00       0.00       0.00       0.00
  integral         :      80.00       0.00       0.00       0.00      80.00       0.00       0.00       0.00       0.00       0.00
  knapsack         :       0.00       0.00       0.00       0.00       0.00       0.00       0.00       0.00       0.00       0.00
  setppc           :       0.00       0.00       0.00       0.00       0.00       0.00       0.00       0.00       0.00       0.00
  and              :       3.00       0.00       1.00       1.00       0.00       0.00       0.00       0.00       0.00       1.00
  linear           :       0.00       0.00       0.00       0.00       0.00       0.00       0.00       0.00       0.00       0.00
  logicor          :       0.00       0.00       0.00       0.00       0.00       0.00       0.00       0.00       0.00       0.00
  benders          :       0.00       0.00       0.00       0.00       0.00       0.00       0.00       0.00       0.00       0.00
  countsols        :       0.00       0.00       0.00       0.00       0.00       0.00       0.00       0.00       0.00       0.00
  components       :       0.00       0.00       0.00       0.00       0.00       0.00       0.00       0.00       0.00       0.00
Propagators        : #Propagate   #ResProp    Cutoffs    DomReds
  dualfix          :          3          0          0          0
  genvbounds       :          0          0          0          0
  nlobbt           :          0          0          0          0
  obbt             :          0          0          0          0
  probing          :          0          0          0          0
  pseudoobj        :       9522          0          0          0
  redcost          :       7212          0          0     126192
  rootredcost      :         20          0          0          0
  symmetry         :          0          0          0          0
  vbounds          :      23927          0          0          0
Propagator Timings :  TotalTime  SetupTime   Presolve  Propagate    ResProp    SB-Prop
  dualfix          :       0.00       0.00       0.00       0.00       0.00       0.00
  genvbounds       :       0.00       0.00       0.00       0.00       0.00       0.00
  nlobbt           :       0.00       0.00       0.00       0.00       0.00       0.00
  obbt             :       0.00       0.00       0.00       0.00       0.00       0.00
  probing          :       0.00       0.00       0.00       0.00       0.00       0.00
  pseudoobj        :       0.00       0.00       0.00       0.00       0.00       0.00
  redcost          :       1.00       0.00       0.00       1.00       0.00       0.00
  rootredcost      :       0.00       0.00       0.00       0.00       0.00       0.00
  symmetry         :       0.00       0.00       0.00       0.00       0.00       0.00
  vbounds          :       0.00       0.00       0.00       0.00       0.00       0.00
Conflict Analysis  :       Time      Calls    Success    DomReds  Conflicts   Literals    Reconvs ReconvLits   Dualrays   Nonzeros   LP Iters   (pool size: [10000,10000])
  propagation      :       0.00         73         70          -        233       37.1          0        0.0          -          -          -
  infeasible LP    :       0.00          1          1          -          0        0.0          0        0.0          1       51.0          0
  bound exceed. LP :       9.00       1423        150          -       1839      128.6          0        0.0          0        0.0      12406
  strong branching :       0.00          0          0          -          0        0.0          0        0.0          -          -          0
  pseudo solution  :       0.00          0          0          -          0        0.0          0        0.0          -          -          -
  applied globally :       0.00          -          -          0       1331       75.6          -          -          1          -          -
  applied locally  :          -          -          -          0          0        0.0          -          -          0          -          -
Separators         :   ExecTime  SetupTime      Calls    Cutoffs    DomReds       Cuts    Applied      Conss
  cut pool         :       0.00                   660          -          -       9147          -          -    (maximal pool size: 3893)
  aggregation      :       1.00       0.00        437          0          0          3          0          0
  cgmip            :       0.00       0.00          0          0          0          0          0          0
  clique           :       0.00       0.00         34          0          0          0          0          0
  closecuts        :       0.00       0.00          0          0          0          0          0          0
  cmir             :       0.00       0.00          0          0          0          0          3          0
  convexproj       :       0.00       0.00          0          0          0          0          0          0
  disjunctive      :       0.00       0.00          0          0          0          0          0          0
  eccuts           :       0.00       0.00          0          0          0          0          0          0
  flowcover        :       0.00       0.00          0          0          0          0          0          0
  gauge            :       0.00       0.00          0          0          0          0          0          0
  gomory           :      98.00       0.00        289          0          0      14742       1251          0
  impliedbounds    :       0.00       0.00        437          0          0       1093        478          0
  intobj           :       0.00       0.00          0          0          0          0          0          0
  mcf              :       0.00       0.00          2          0          0          0          0          0
  oddcycle         :       0.00       0.00          0          0          0          0          0          0
  rapidlearning    :       0.00       0.00          0          0          0          0          0          0
  strongcg         :      18.00       0.00         26          0          0       4254         14          0
  zerohalf         :       4.00       0.00        299          0          0       1187       4419          0
Pricers            :   ExecTime  SetupTime      Calls       Vars
  problem variables:       0.00          -          0          0
Branching Rules    :   ExecTime  SetupTime   BranchLP  BranchExt   BranchPS    Cutoffs    DomReds       Cuts      Conss   Children
  allfullstrong    :       0.00       0.00          0          0          0          0          0          0          0          0
  cloud            :       0.00       0.00          0          0          0          0          0          0          0          0
  distribution     :       0.00       0.00          0          0          0          0          0          0          0          0
  fullstrong       :       0.00       0.00          0          0          0          0          0          0          0          0
  inference        :       0.00       0.00          0          0          0          0          0          0          0          0
  leastinf         :       0.00       0.00          0          0          0          0          0          0          0          0
  lookahead        :       0.00       0.00          0          0          0          0          0          0          0          0
  mostinf          :       0.00       0.00          0          0          0          0          0          0          0          0
  multaggr         :       0.00       0.00          0          0          0          0          0          0          0          0
  nodereopt        :       0.00       0.00          0          0          0          0          0          0          0          0
  pscost           :       0.00       0.00          0          0          0          0          0          0          0          0
  random           :       0.00       0.00          0          0          0          0          0          0          0          0
  relpscost        :      80.00       0.00       1736          0          0          0       1594          0        964       2712
  vanillafullstrong:       0.00       0.00          0          0          0          0          0          0          0          0
Primal Heuristics  :   ExecTime  SetupTime      Calls      Found       Best
  LP solutions     :       0.00          -          -         13         13
  relax solutions  :       0.00          -          -          0          0
  pseudo solutions :       0.00          -          -          0          0
  strong branching :       0.00          -          -          3          3
  actconsdiving    :       0.00       0.00          0          0          0
  adaptivediving   :       1.00       0.00         16          0          0
  alns             :       0.00       0.00          5          0          0
  bound            :       0.00       0.00          0          0          0
  clique           :       0.00       0.00          1          1          1
  coefdiving       :       0.00       0.00          0          0          0
  completesol      :       0.00       0.00          0          0          0
  conflictdiving   :       1.00       0.00         15          0          0
  crossover        :       0.00       0.00          3          1          1
  dins             :       0.00       0.00          0          0          0
  distributiondivin:       2.00       0.00         15          0          0
  dualval          :       0.00       0.00          0          0          0
  farkasdiving     :       0.00       0.00          2          0          0
  feaspump         :       1.00       0.00          1          0          0
  fixandinfer      :       0.00       0.00          0          0          0
  fracdiving       :       1.00       0.00         15          0          0
  gins             :       0.00       0.00          0          0          0
  guideddiving     :       3.00       0.00         15          0          0
  indicator        :       0.00       0.00          0          0          0
  intdiving        :       0.00       0.00          0          0          0
  intshifting      :       0.00       0.00          0          0          0
  linesearchdiving :       0.00       0.00         15          0          0
  localbranching   :       0.00       0.00          0          0          0
  locks            :       0.00       0.00          1          0          0
  lpface           :       0.00       0.00          0          0          0
  mpec             :       0.00       0.00          0          0          0
  multistart       :       0.00       0.00          0          0          0
  mutation         :       0.00       0.00          0          0          0
  nlpdiving        :       0.00       0.00          0          0          0
  objpscostdiving  :       1.00       0.00          6          1          0
  octane           :       0.00       0.00          0          0          0
  ofins            :       0.00       0.00          0          0          0
  oneopt           :       0.00       0.00         20          0          0
  padm             :       0.00       0.00          0          0          0
  proximity        :       0.00       0.00          0          0          0
  pscostdiving     :       1.00       0.00         15          1          1
  randrounding     :       0.00       0.00        267          0          0
  rens             :       0.00       0.00          2          0          0
  reoptsols        :       0.00       0.00          0          0          0
  repair           :       0.00       0.00          0          0          0
  rins             :       1.00       0.00          5          0          0
  rootsoldiving    :       5.00       0.00          8          7          0
  rounding         :       0.00       0.00        746          0          0
  shiftandpropagate:       0.00       0.00          0          0          0
  shifting         :       1.00       0.00        714         99          2
  simplerounding   :       0.00       0.00          0          0          0
  subnlp           :       0.00       0.00          0          0          0
  trivial          :       0.00       0.00          2          0          0
  trivialnegation  :       0.00       0.00          0          0          0
  trustregion      :       0.00       0.00          0          0          0
  trysol           :       0.00       0.00          0          0          0
  twoopt           :       0.00       0.00          0          0          0
  undercover       :       0.00       0.00          1          0          0
  vbounds          :       1.00       0.00          2          0          0
  veclendiving     :       0.00       0.00         16          0          0
  zeroobj          :       0.00       0.00          0          0          0
  zirounding       :       0.00       0.00       1000          0          0
  other solutions  :          -          -          -          0          -
Diving (single)    :      Calls      Nodes   LP Iters Backtracks  Conflicts   MinDepth   MaxDepth   AvgDepth  RoundSols  NLeafSols  MinSolDpt  MaxSolDpt  AvgSolDpt
  actconsdiving    :          0          -          -          -          -          -          -          -          -          -          -          -          -
  coefdiving       :          0          -          -          -          -          -          -          -          -          -          -          -          -
  conflictdiving   :         15        333       3203         35         24         19         83       31.3          0          -          -          -          -
  distributiondivin:         15        123       4683         15         97         10         28       21.3          0          -          -          -          -
  farkasdiving     :          2         14       3695          2         17          6          8        7.0          0          -          -          -          -
  fracdiving       :         15        238       3883         32         82         14         36       26.6          0          -          -          -          -
  guideddiving     :         15        249        305         46         26         16         39       28.5          0          -          -          -          -
  linesearchdiving :         15        252         31         41         15         20         39       29.7          0          -          -          -          -
  pscostdiving     :         15        560       5050         11         93         25        108       52.2          0          1         42         42       42.0
  veclendiving     :         16        470       4688         21         71         20         65       44.3          0          -          -          -          -
Diving (adaptive)  :      Calls      Nodes   LP Iters Backtracks  Conflicts   MinDepth   MaxDepth   AvgDepth  RoundSols  NLeafSols  MinSolDpt  MaxSolDpt  AvgSolDpt
  actconsdiving    :          2         20        472          2          0         21         22       21.5          0          -          -          -          -
  coefdiving       :          3         52       1489         14          0         20         29       25.7          0          -          -          -          -
  conflictdiving   :          0          -          -          -          -          -          -          -          -          -          -          -          -
  distributiondivin:          0          -          -          -          -          -          -          -          -          -          -          -          -
  farkasdiving     :          0          -          -          -          -          -          -          -          -          -          -          -          -
  fracdiving       :          2         34        832          4          0         27         33       30.0          0          -          -          -          -
  guideddiving     :          0          -          -          -          -          -          -          -          -          -          -          -          -
  linesearchdiving :          1         18         84          5          0         26         26       26.0          0          -          -          -          -
  pscostdiving     :          6        360        991          5         20         28        143       76.3          0          -          -          -          -
  veclendiving     :          2         52        446          4         11         32         40       36.0          0          -          -          -          -
Neighborhoods      :      Calls  SetupTime  SolveTime SolveNodes       Sols       Best       Exp3  EpsGreedy        UCB TgtFixRate  Opt  Inf Node Stal  Sol  Usr Othr Actv
  rens             :          1       0.00       0.00          1          0          0    0.00000   -1.00000    1.00000      0.700    0    1    0    0    0    0    0    1
  rins             :          1       0.00       0.00         13          0          0    0.00000   -1.00000    1.00000      0.700    0    1    0    0    0    0    0    1
  mutation         :          1       0.00       0.00          1          0          0    0.00000   -1.00000    1.00000      0.700    0    1    0    0    0    0    0    1
  localbranching   :          1       0.00       0.00          2          0          0    0.00000   -1.00000    1.00000      0.700    0    1    0    0    0    0    0    1
  crossover        :          0       0.00       0.00          0          0          0    0.00000   -1.00000    1.00000      0.900    0    0    0    0    0    0    0    1
  proximity        :          0       0.00       0.00          0          0          0    0.00000   -1.00000    1.00000      0.900    0    0    0    0    0    0    0    1
  zeroobjective    :          1       0.00       0.00          1          0          0    0.00000   -1.00000    1.00000      0.700    0    1    0    0    0    0    0    1
  dins             :          0       0.00       0.00          0          0          0    0.00000   -1.00000    1.00000      0.900    0    0    0    0    0    0    0    1
  trustregion      :          0       0.00       0.00          0          0          0    0.00000   -1.00000    1.00000      0.900    0    0    0    0    0    0    0    0
LP                 :       Time      Calls Iterations  Iter/call   Iter/sec  Time-0-It Calls-0-It    ItLimit
  primal LP        :       1.00        303          0       0.00       0.00       1.00        303
  dual LP          :     112.00       6223     526508     129.84    4700.96       7.00       2168
  lex dual LP      :       0.00          0          0       0.00          -
  barrier LP       :       0.00          0          0       0.00          -       0.00          0
  resolve instable :       0.00          0          0       0.00          -
  diving/probing LP:      13.00       1568      63132      40.26    4856.31
  strong branching :      68.00       2064     390740     189.31    5746.18          -          -        570
    (at root node) :          -         39      27567     706.85          -
  conflict analysis:       5.00       1261      12406       9.84    2481.20
B&B Tree           :
  number of runs   :          2
  nodes            :       1168 (621 internal, 547 leaves)
  feasible leaves  :          5
  infeas. leaves   :          7
  objective leaves :        535
  nodes (total)    :       2198 (1356 internal, 842 leaves)
  nodes left       :          0
  max depth        :         25
  max depth (total):         32
  backtracks       :        388 (33.2%)
  early backtracks :          0 (0.0%)
  nodes exc. ref.  :          0 (0.0%)
  delayed cutoffs  :          0
  repropagations   :          3 (116 domain reductions, 0 cutoffs)
  avg switch length:       4.70
  switching time   :       3.00
Estim. Tree Size   :       1243
Estimation Tree    : 1243 nodes (1243 visited, 621 internal, 622 leaves, 0 open), weight: 1.0000 completed 1.0000
Estimations        :      estim      value      trend resolution     smooth
  wbe              :       1243          -          -          -          -
  tree-profile     :         -1          -          -          -          -
  gap              :       1243    1.00000    0.02331          1       1278
  tree-weight      :       1243    1.00000    0.00453          1       1243
  leaf-frequency   :       1243    0.50000    0.00012          1       1245
  ssg              :       1243   -0.00000   -0.00316          1       1244
  open-nodes       :       1243    0.00000   -0.53871          1       1244
Root Node          :
  First LP value   : -1.83225517441429e-01
  First LP Iters   :        989
  First LP Time    :       0.00
  Final Dual Bound : -1.01451837023416e-01
  Final Root Iters :       6350
  Root LP Estimate : +1.80081850752100e-01
Solution           :
  Solutions found  :        126 (21 improvements)
  First Solution   : +4.38397007883127e-02   (in run 1, after 1 nodes, 0.00 seconds, depth 20, found by <clique>)
  Gap First Sol.   :   infinite
  Gap Last Sol.    :      84.19 %
  Primal Bound     : -4.13131530373165e-02   (in run 2, after 664 nodes, 198.00 seconds, depth 18, found by <relaxation>)
  Dual Bound       : -4.13131530373165e-02
  Gap              :       0.00 %
Integrals          :      Total       Avg%
  primal-dual      :   19355.01      55.78
  primal-ref       :          -          - (not evaluated)
  dual-ref         :          -          - (not evaluated)
