SCIP version 7.0.2 [precision: 8 byte] [memory: block] [mode: optimized] [LP solver: SoPlex 5.0.2] [GitHash: e9d280a398]
Copyright (C) 2002-2020 Konrad-Zuse-Zentrum fuer Informationstechnik Berlin (ZIB)

External codes: 
  SoPlex 5.0.2         Linear Programming Solver developed at Zuse Institute Berlin (soplex.zib.de) [GitHash: e24c304e]
  CppAD 20180000.0     Algorithmic Differentiation of C++ algorithms developed by B. Bell (www.coin-or.org/CppAD)
  MPIR 3.0.0           Multiple Precision Integers and Rationals Library developed by W. Hart (mpir.org)
  ZIMPL 3.4.0          Zuse Institute Mathematical Programming Language developed by T. Koch (zimpl.zib.de)
  PaPILO 1.0.2         parallel presolve for integer and linear optimization (https://github.com/lgottwald/PaPILO) [GitHash: 62d2842]
  bliss 0.73p          Computing Graph Automorphism Groups by T. Junttila and P. Kaski (http://www.tcs.hut.fi/Software/bliss/)
  Ipopt 3.12.9         Interior Point Optimizer developed by A. Waechter et.al. (www.coin-or.org/Ipopt)

user parameter file <scip.set> not found - using default parameters

read problem <C:\Users\claudio\Documents\GitHub\embedding\src\lp\N32_B0.5_industry_correlated_classical\IPL_linearized_N32q70.00B16.lp>
============

original problem has 1056 variables (0 bin, 1056 int, 0 impl, 0 cont) and 3073 constraints

solve problem
=============

presolving:
(round 1, fast)       32 del vars, 32 del conss, 0 add conss, 0 chg bounds, 32 chg sides, 32 chg coeffs, 0 upgd conss, 0 impls, 1984 clqs
(round 2, fast)       32 del vars, 96 del conss, 0 add conss, 0 chg bounds, 32 chg sides, 32 chg coeffs, 0 upgd conss, 0 impls, 1984 clqs
   (0.0s) running MILP presolver
   (0.0s) MILP presolver found nothing
(round 3, exhaustive) 32 del vars, 96 del conss, 0 add conss, 0 chg bounds, 32 chg sides, 32 chg coeffs, 2976 upgd conss, 0 impls, 1984 clqs
(round 4, exhaustive) 32 del vars, 3072 del conss, 992 add conss, 0 chg bounds, 32 chg sides, 32 chg coeffs, 2976 upgd conss, 0 impls, 1984 clqs
(round 5, exhaustive) 528 del vars, 3568 del conss, 992 add conss, 0 chg bounds, 32 chg sides, 32 chg coeffs, 2976 upgd conss, 0 impls, 992 clqs
   (0.0s) probing: 51/528 (9.7%) - 0 fixings, 0 aggregations, 0 implications, 0 bound changes
   (0.0s) probing aborted: 50/50 successive totally useless probings
   (0.0s) symmetry computation started: requiring (bin +, int -, cont +), (fixed: bin -, int +, cont -)
   (0.0s) no symmetry present
presolving (6 rounds: 6 fast, 4 medium, 4 exhaustive):
 528 deleted vars, 3568 deleted constraints, 992 added constraints, 0 tightened bounds, 0 added holes, 32 changed sides, 32 changed coefficients
 0 implications, 992 cliques
presolved problem has 528 variables (528 bin, 0 int, 0 impl, 0 cont) and 497 constraints
    496 constraints of type <and>
      1 constraints of type <linear>
Presolving Time: 0.00

 time | node  | left  |LP iter|LP it/n|mem/heur|mdpt |vars |cons |rows |cuts |sepa|confs|strbr|  dualbound   | primalbound  |  gap   | compl. 
p 0.0s|     1 |     0 |     0 |     - |  clique|   0 | 528 | 497 | 993 |   0 |  0 |   0 |   0 |-1.704041e+00 | 2.240698e+00 |    Inf | unknown
  0.0s|     1 |     0 |   321 |     - |    13M |   0 | 528 | 497 | 993 |   0 |  0 |   0 |   0 |-3.098929e-01 | 2.240698e+00 |    Inf | unknown
L 0.0s|     1 |     0 |   321 |     - |undercov|   0 | 528 | 500 | 993 |   0 |  0 |   3 |   0 |-3.098929e-01 | 1.254759e+00 |    Inf | unknown
  0.0s|     1 |     0 |   461 |     - |    14M |   0 | 528 | 500 |1060 |  67 |  1 |   3 |   0 | 5.375795e-02 | 1.254759e+00 |2234.09%| unknown
  0.0s|     1 |     0 |   501 |     - |    15M |   0 | 528 | 504 |1073 |  80 |  2 |   7 |   0 | 9.568405e-02 | 1.254759e+00 |1211.36%| unknown
  0.0s|     1 |     0 |   537 |     - |    15M |   0 | 528 | 505 |1085 |  92 |  3 |   8 |   0 | 1.183520e-01 | 1.254759e+00 | 960.19%| unknown
  0.0s|     1 |     0 |   557 |     - |    15M |   0 | 528 | 511 |1093 | 100 |  4 |  14 |   0 | 1.286312e-01 | 1.254759e+00 | 875.47%| unknown
  0.0s|     1 |     0 |   584 |     - |    15M |   0 | 528 | 517 |1102 | 109 |  5 |  20 |   0 | 1.435935e-01 | 1.254759e+00 | 773.83%| unknown
  1.0s|     1 |     0 |   653 |     - |    15M |   0 | 528 | 519 |1111 | 118 |  6 |  22 |   0 | 1.623406e-01 | 1.254759e+00 | 672.92%| unknown
  1.0s|     1 |     0 |   690 |     - |    16M |   0 | 528 | 519 |1119 | 126 |  7 |  22 |   0 | 1.710232e-01 | 1.254759e+00 | 633.68%| unknown
  1.0s|     1 |     0 |   754 |     - |    17M |   0 | 528 | 524 |1127 | 134 |  8 |  27 |   0 | 1.947565e-01 | 1.254759e+00 | 544.27%| unknown
  1.0s|     1 |     0 |   780 |     - |    17M |   0 | 528 | 524 |1134 | 141 |  9 |  27 |   0 | 2.014205e-01 | 1.254759e+00 | 522.96%| unknown
  1.0s|     1 |     0 |   809 |     - |    18M |   0 | 528 | 524 |1142 | 149 | 10 |  27 |   0 | 2.090119e-01 | 1.254759e+00 | 500.33%| unknown
  1.0s|     1 |     0 |   827 |     - |    18M |   0 | 528 | 524 |1146 | 158 | 11 |  27 |   0 | 2.150239e-01 | 1.254759e+00 | 483.54%| unknown
  2.0s|     1 |     0 |   849 |     - |    18M |   0 | 528 | 524 |1152 | 164 | 12 |  27 |   0 | 2.200571e-01 | 1.254759e+00 | 470.20%| unknown
 time | node  | left  |LP iter|LP it/n|mem/heur|mdpt |vars |cons |rows |cuts |sepa|confs|strbr|  dualbound   | primalbound  |  gap   | compl. 
r 2.0s|     1 |     0 |   849 |     - |shifting|   0 | 528 | 527 |1152 | 164 | 12 |  30 |   0 | 2.200571e-01 | 1.182981e+00 | 437.58%| unknown
  2.0s|     1 |     0 |   937 |     - |    19M |   0 | 528 | 527 |1163 | 175 | 13 |  30 |   0 | 2.359063e-01 | 1.182981e+00 | 401.46%| unknown
  2.0s|     1 |     0 |   937 |     - |    19M |   0 | 528 | 530 |1161 | 175 | 13 |  33 |   0 | 2.359063e-01 | 1.182981e+00 | 401.46%| unknown
  2.0s|     1 |     0 |  1056 |     - |    19M |   0 | 528 | 530 |1178 | 192 | 14 |  33 |   0 | 2.506230e-01 | 1.182981e+00 | 372.02%| unknown
  2.0s|     1 |     0 |  1213 |     - |    20M |   0 | 528 | 533 |1196 | 210 | 15 |  36 |   0 | 2.690825e-01 | 1.182981e+00 | 339.64%| unknown
  2.0s|     1 |     0 |  1267 |     - |    20M |   0 | 528 | 534 |1205 | 219 | 16 |  37 |   0 | 2.752841e-01 | 1.182981e+00 | 329.73%| unknown
  2.0s|     1 |     0 |  1345 |     - |    20M |   0 | 528 | 535 |1212 | 229 | 17 |  38 |   0 | 2.824579e-01 | 1.182981e+00 | 318.82%| unknown
  2.0s|     1 |     0 |  1384 |     - |    21M |   0 | 528 | 540 |1220 | 237 | 18 |  43 |   0 | 2.898314e-01 | 1.182981e+00 | 308.16%| unknown
  2.0s|     1 |     0 |  1499 |     - |    21M |   0 | 528 | 540 |1228 | 245 | 19 |  43 |   0 | 2.974507e-01 | 1.182981e+00 | 297.71%| unknown
  2.0s|     1 |     0 |  1601 |     - |    22M |   0 | 528 | 544 |1237 | 254 | 20 |  47 |   0 | 3.071345e-01 | 1.182981e+00 | 285.17%| unknown
  2.0s|     1 |     0 |  1699 |     - |    22M |   0 | 528 | 544 |1244 | 261 | 21 |  47 |   0 | 3.157188e-01 | 1.182981e+00 | 274.69%| unknown
  2.0s|     1 |     0 |  1757 |     - |    22M |   0 | 528 | 545 |1248 | 265 | 22 |  48 |   0 | 3.173704e-01 | 1.182981e+00 | 272.74%| unknown
  2.0s|     1 |     0 |  1771 |     - |    22M |   0 | 528 | 546 |1241 | 269 | 23 |  49 |   0 | 3.175291e-01 | 1.182981e+00 | 272.56%| unknown
  2.0s|     1 |     0 |  1802 |     - |    22M |   0 | 528 | 546 |1244 | 272 | 24 |  49 |   0 | 3.185190e-01 | 1.182981e+00 | 271.40%| unknown
  2.0s|     1 |     0 |  1820 |     - |    22M |   0 | 528 | 547 |1250 | 278 | 25 |  50 |   0 | 3.191089e-01 | 1.182981e+00 | 270.71%| unknown
 time | node  | left  |LP iter|LP it/n|mem/heur|mdpt |vars |cons |rows |cuts |sepa|confs|strbr|  dualbound   | primalbound  |  gap   | compl. 
  2.0s|     1 |     0 |  1834 |     - |    22M |   0 | 528 | 548 |1251 | 279 | 26 |  51 |   0 | 3.194249e-01 | 1.182981e+00 | 270.35%| unknown
  2.0s|     1 |     0 |  1845 |     - |    22M |   0 | 528 | 552 |1252 | 280 | 27 |  55 |   0 | 3.196342e-01 | 1.182981e+00 | 270.10%| unknown
  2.0s|     1 |     0 |  1856 |     - |    22M |   0 | 528 | 552 |1254 | 282 | 28 |  55 |   0 | 3.197670e-01 | 1.182981e+00 | 269.95%| unknown
  2.0s|     1 |     0 |  1867 |     - |    22M |   0 | 528 | 557 |1233 | 283 | 29 |  60 |   0 | 3.198407e-01 | 1.182981e+00 | 269.87%| unknown
  2.0s|     1 |     0 |  1868 |     - |    22M |   0 | 528 | 558 |1235 | 285 | 30 |  61 |   0 | 3.198577e-01 | 1.182981e+00 | 269.85%| unknown
  2.0s|     1 |     0 |  1884 |     - |    22M |   0 | 528 | 559 |1236 | 286 | 31 |  62 |   0 | 3.199136e-01 | 1.182981e+00 | 269.78%| unknown
  2.0s|     1 |     0 |  1884 |     - |    22M |   0 | 528 | 560 |1238 | 286 | 33 |  63 |   0 | 3.199136e-01 | 1.182981e+00 | 269.78%| unknown
d 2.0s|     1 |     0 |  2795 |     - |farkasdi|   0 | 528 | 560 |1238 |   0 | 35 |  63 |   0 | 3.199136e-01 | 7.445053e-01 | 132.72%| unknown
  2.0s|     1 |     0 |  2795 |     - |    22M |   0 | 528 | 560 |1239 | 286 | 35 |  64 |   0 | 3.199136e-01 | 7.445053e-01 | 132.72%| unknown
  2.0s|     1 |     0 |  2800 |     - |    22M |   0 | 528 | 561 |1241 | 288 | 36 |  65 |   0 | 3.199286e-01 | 7.445053e-01 | 132.71%| unknown
  3.0s|     1 |     2 |  2800 |     - |    22M |   0 | 528 | 562 |1241 | 288 | 37 |  66 |  46 | 3.517870e-01 | 7.445053e-01 | 111.64%| unknown
r 4.0s|    11 |     9 |  3641 | 175.2 |rounding|  10 | 528 | 567 |1226 | 304 |  1 |  71 | 262 | 3.544305e-01 | 7.295502e-01 | 105.84%| unknown
* 5.0s|    20 |    10 |  4410 | 132.7 |    LP  |  10 | 528 | 562 |1244 | 337 |  6 |  71 | 369 | 4.481903e-01 | 6.010019e-01 |  34.10%|   6.23%
* 8.0s|    58 |     2 |  9205 | 128.4 |    LP  |  10 | 528 | 752 |1266 | 444 |  5 | 261 | 922 | 5.472801e-01 | 6.008428e-01 |   9.79%|  76.57%

SCIP Status        : problem is solved [optimal solution found]
Solving Time (sec) : 8.00
Solving Nodes      : 60
Primal Bound       : +6.00842807985364e-01 (35 solutions)
Dual Bound         : +6.00842807985364e-01
Gap                : 0.00 %

primal solution (original space):
=================================

objective value:                    0.600842807985364
y(1,1)                                              1 	(obj:0.0146668026378657)
y(1,2)                                              1 	(obj:-0.00401339157043138)
y(1,5)                                              1 	(obj:0.00654612166665308)
y(1,9)                                              1 	(obj:-0.00425057399812898)
y(1,10)                                             1 	(obj:-0.00289849636472175)
y(1,16)                                             1 	(obj:-0.00650825886214618)
y(1,18)                                             1 	(obj:-0.00561587853899883)
y(1,20)                                             1 	(obj:0.00806070980806443)
y(1,22)                                             1 	(obj:0.00661463832768618)
y(1,23)                                             1 	(obj:-0.00933546343969246)
y(1,25)                                             1 	(obj:0.00638951435210273)
y(1,26)                                             1 	(obj:0.00633197929484924)
y(1,27)                                             1 	(obj:0.000494545029030917)
y(1,29)                                             1 	(obj:-0.00562652472761685)
y(1,30)                                             1 	(obj:-0.00585162636753771)
y(1,32)                                             1 	(obj:0.000437068564974714)
y(2,1)                                              1 	(obj:-0.00401339157043138)
y(2,2)                                              1 	(obj:0.0147954013025137)
y(2,5)                                              1 	(obj:-0.00343569383974258)
y(2,9)                                              1 	(obj:0.00212345711549649)
y(2,10)                                             1 	(obj:0.0033811633533507)
y(2,16)                                             1 	(obj:0.00830643756544819)
y(2,18)                                             1 	(obj:0.0108034635985679)
y(2,20)                                             1 	(obj:-0.000910816705096346)
y(2,22)                                             1 	(obj:-0.00722835240841236)
y(2,23)                                             1 	(obj:0.0149451371468808)
y(2,25)                                             1 	(obj:-0.00520434865014948)
y(2,26)                                             1 	(obj:-0.0010816880551153)
y(2,27)                                             1 	(obj:0.000561083044196125)
y(2,29)                                             1 	(obj:0.00549020679978099)
y(2,30)                                             1 	(obj:0.0128110930047309)
y(2,32)                                             1 	(obj:-0.0015705299657087)
y(5,1)                                              1 	(obj:0.00654612166665308)
y(5,2)                                              1 	(obj:-0.00343569383974258)
y(5,5)                                              1 	(obj:0.0102275042905929)
y(5,9)                                              1 	(obj:0.000378590101920956)
y(5,10)                                             1 	(obj:0.000180352805999949)
y(5,16)                                             1 	(obj:-0.00057396350039723)
y(5,18)                                             1 	(obj:-0.003359179562549)
y(5,20)                                             1 	(obj:0.000112627108739496)
y(5,22)                                             1 	(obj:0.00198276201480011)
y(5,23)                                             1 	(obj:-0.00448551973964881)
y(5,25)                                             1 	(obj:-0.00150578104449375)
y(5,26)                                             1 	(obj:0.00304244738522001)
y(5,27)                                             1 	(obj:0.00209838975020967)
y(5,29)                                             1 	(obj:0.00179679333622744)
y(5,30)                                             1 	(obj:-0.00560764379484508)
y(5,32)                                             1 	(obj:0.0027591652279886)
y(9,1)                                              1 	(obj:-0.00425057399812898)
y(9,2)                                              1 	(obj:0.00212345711549649)
y(9,5)                                              1 	(obj:0.000378590101920956)
y(9,9)                                              1 	(obj:0.0119666073684901)
y(9,10)                                             1 	(obj:0.00444734184845143)
y(9,16)                                             1 	(obj:0.000430607206355996)
y(9,18)                                             1 	(obj:0.000175498754349636)
y(9,20)                                             1 	(obj:-0.00372506111935777)
y(9,22)                                             1 	(obj:-0.0116416464804248)
y(9,23)                                             1 	(obj:0.00467724652052024)
y(9,25)                                             1 	(obj:-0.00688221325189991)
y(9,26)                                             1 	(obj:-0.000669612559276223)
y(9,27)                                             1 	(obj:0.0015853391878677)
y(9,29)                                             1 	(obj:0.00132616426762309)
y(9,30)                                             1 	(obj:0.00296297535514159)
y(9,32)                                             1 	(obj:-0.000272969350328295)
y(10,1)                                             1 	(obj:-0.00289849636472175)
y(10,2)                                             1 	(obj:0.0033811633533507)
y(10,5)                                             1 	(obj:0.000180352805999949)
y(10,9)                                             1 	(obj:0.00444734184845143)
y(10,10)                                            1 	(obj:0.00856136009956102)
y(10,16)                                            1 	(obj:0.00466307493873471)
y(10,18)                                            1 	(obj:0.00538812418095796)
y(10,20)                                            1 	(obj:0.00151523539343322)
y(10,22)                                            1 	(obj:0.00137057085355665)
y(10,23)                                            1 	(obj:0.00497104772251726)
y(10,25)                                            1 	(obj:0.000730623385537855)
y(10,26)                                            1 	(obj:0.00456393812825759)
y(10,27)                                            1 	(obj:0.00249205112614551)
y(10,29)                                            1 	(obj:0.00340924623340232)
y(10,30)                                            1 	(obj:0.00360476203434982)
y(10,32)                                            1 	(obj:1.4847609826312e-05)
y(16,1)                                             1 	(obj:-0.00650825886214618)
y(16,2)                                             1 	(obj:0.00830643756544819)
y(16,5)                                             1 	(obj:-0.00057396350039723)
y(16,9)                                             1 	(obj:0.000430607206355996)
y(16,10)                                            1 	(obj:0.00466307493873471)
y(16,16)                                            1 	(obj:0.0135124917621825)
y(16,18)                                            1 	(obj:0.00802231864308267)
y(16,20)                                            1 	(obj:-0.00134602412740227)
y(16,22)                                            1 	(obj:-0.00204689436531063)
y(16,23)                                            1 	(obj:0.0120645000871653)
y(16,25)                                            1 	(obj:-0.00347271944339334)
y(16,26)                                            1 	(obj:0.000178859292682144)
y(16,27)                                            1 	(obj:0.00251385355208944)
y(16,29)                                            1 	(obj:0.0104531394137795)
y(16,30)                                            1 	(obj:0.00647252756410034)
y(16,32)                                            1 	(obj:0.00222063970800644)
y(18,1)                                             1 	(obj:-0.00561587853899883)
y(18,2)                                             1 	(obj:0.0108034635985679)
y(18,5)                                             1 	(obj:-0.003359179562549)
y(18,9)                                             1 	(obj:0.000175498754349636)
y(18,10)                                            1 	(obj:0.00538812418095796)
y(18,16)                                            1 	(obj:0.00802231864308267)
y(18,18)                                            1 	(obj:0.0152166204653678)
y(18,20)                                            1 	(obj:-0.000446967319966877)
y(18,22)                                            1 	(obj:-4.82226180766968e-05)
y(18,23)                                            1 	(obj:0.0104142128665531)
y(18,25)                                            1 	(obj:0.00146826734253128)
y(18,26)                                            1 	(obj:0.000252931300648052)
y(18,27)                                            1 	(obj:0.00172449226466186)
y(18,29)                                            1 	(obj:0.00715931328280889)
y(18,30)                                            1 	(obj:0.00932449117866396)
y(18,32)                                            1 	(obj:-0.000443655304945008)
y(20,1)                                             1 	(obj:0.00806070980806443)
y(20,2)                                             1 	(obj:-0.000910816705096346)
y(20,5)                                             1 	(obj:0.000112627108739496)
y(20,9)                                             1 	(obj:-0.00372506111935777)
y(20,10)                                            1 	(obj:0.00151523539343322)
y(20,16)                                            1 	(obj:-0.00134602412740227)
y(20,18)                                            1 	(obj:-0.000446967319966877)
y(20,20)                                            1 	(obj:0.0169852076140213)
y(20,22)                                            1 	(obj:0.00916411023311256)
y(20,23)                                            1 	(obj:-0.0053888588268129)
y(20,25)                                            1 	(obj:0.0117997880970469)
y(20,26)                                            1 	(obj:0.00850443777404897)
y(20,27)                                            1 	(obj:0.00162746262913954)
y(20,29)                                            1 	(obj:-0.00305198416289053)
y(20,30)                                            1 	(obj:0.00554204616710227)
y(20,32)                                            1 	(obj:-0.00111774357803179)
y(22,1)                                             1 	(obj:0.00661463832768618)
y(22,2)                                             1 	(obj:-0.00722835240841236)
y(22,5)                                             1 	(obj:0.00198276201480011)
y(22,9)                                             1 	(obj:-0.0116416464804248)
y(22,10)                                            1 	(obj:0.00137057085355665)
y(22,16)                                            1 	(obj:-0.00204689436531063)
y(22,18)                                            1 	(obj:-4.82226180766968e-05)
y(22,20)                                            1 	(obj:0.00916411023311256)
y(22,22)                                            1 	(obj:0.0318861211920343)
y(22,23)                                            1 	(obj:-0.00556436166090465)
y(22,25)                                            1 	(obj:0.0151280642433751)
y(22,26)                                            1 	(obj:0.0100239429441644)
y(22,27)                                            1 	(obj:0.0010840629877508)
y(22,29)                                            1 	(obj:-0.00172822187252552)
y(22,30)                                            1 	(obj:-0.00173758033375984)
y(22,32)                                            1 	(obj:-0.000311802568521644)
y(23,1)                                             1 	(obj:-0.00933546343969246)
y(23,2)                                             1 	(obj:0.0149451371468808)
y(23,5)                                             1 	(obj:-0.00448551973964881)
y(23,9)                                             1 	(obj:0.00467724652052024)
y(23,10)                                            1 	(obj:0.00497104772251726)
y(23,16)                                            1 	(obj:0.0120645000871653)
y(23,18)                                            1 	(obj:0.0104142128665531)
y(23,20)                                            1 	(obj:-0.0053888588268129)
y(23,22)                                            1 	(obj:-0.00556436166090465)
y(23,23)                                            1 	(obj:0.0244590586071197)
y(23,25)                                            1 	(obj:-0.00790091737570893)
y(23,26)                                            1 	(obj:-0.0031988532938459)
y(23,27)                                            1 	(obj:0.0005435647385545)
y(23,29)                                            1 	(obj:0.0107801961183831)
y(23,30)                                            1 	(obj:0.0150514969183695)
y(23,32)                                            1 	(obj:-0.00176356108975113)
y(25,1)                                             1 	(obj:0.00638951435210273)
y(25,2)                                             1 	(obj:-0.00520434865014948)
y(25,5)                                             1 	(obj:-0.00150578104449375)
y(25,9)                                             1 	(obj:-0.00688221325189991)
y(25,10)                                            1 	(obj:0.000730623385537855)
y(25,16)                                            1 	(obj:-0.00347271944339334)
y(25,18)                                            1 	(obj:0.00146826734253128)
y(25,20)                                            1 	(obj:0.0117997880970469)
y(25,22)                                            1 	(obj:0.0151280642433751)
y(25,23)                                            1 	(obj:-0.00790091737570893)
y(25,25)                                            1 	(obj:0.025768110408381)
y(25,26)                                            1 	(obj:0.00974415267635111)
y(25,27)                                            1 	(obj:-0.000723264748474974)
y(25,29)                                            1 	(obj:0.000622279013596798)
y(25,30)                                            1 	(obj:-0.00405164036935001)
y(25,32)                                            1 	(obj:-0.00156986727350355)
y(26,1)                                             1 	(obj:0.00633197929484924)
y(26,2)                                             1 	(obj:-0.0010816880551153)
y(26,5)                                             1 	(obj:0.00304244738522001)
y(26,9)                                             1 	(obj:-0.000669612559276223)
y(26,10)                                            1 	(obj:0.00456393812825759)
y(26,16)                                            1 	(obj:0.000178859292682144)
y(26,18)                                            1 	(obj:0.000252931300648052)
y(26,20)                                            1 	(obj:0.00850443777404897)
y(26,22)                                            1 	(obj:0.0100239429441644)
y(26,23)                                            1 	(obj:-0.0031988532938459)
y(26,25)                                            1 	(obj:0.00974415267635111)
y(26,26)                                            1 	(obj:0.0114917924439137)
y(26,27)                                            1 	(obj:0.00270443104479994)
y(26,29)                                            1 	(obj:-0.000825258177128916)
y(26,30)                                            1 	(obj:0.00127324692239673)
y(26,32)                                            1 	(obj:0.000550677543298712)
y(27,1)                                             1 	(obj:0.000494545029030917)
y(27,2)                                             1 	(obj:0.000561083044196125)
y(27,5)                                             1 	(obj:0.00209838975020967)
y(27,9)                                             1 	(obj:0.0015853391878677)
y(27,10)                                            1 	(obj:0.00249205112614551)
y(27,16)                                            1 	(obj:0.00251385355208944)
y(27,18)                                            1 	(obj:0.00172449226466186)
y(27,20)                                            1 	(obj:0.00162746262913954)
y(27,22)                                            1 	(obj:0.0010840629877508)
y(27,23)                                            1 	(obj:0.0005435647385545)
y(27,25)                                            1 	(obj:-0.000723264748474974)
y(27,26)                                            1 	(obj:0.00270443104479994)
y(27,27)                                            1 	(obj:0.00362551344998848)
y(27,29)                                            1 	(obj:0.00212548961748352)
y(27,30)                                            1 	(obj:0.000901556224635049)
y(27,32)                                            1 	(obj:0.00231216327579189)
y(29,1)                                             1 	(obj:-0.00562652472761685)
y(29,2)                                             1 	(obj:0.00549020679978099)
y(29,5)                                             1 	(obj:0.00179679333622744)
y(29,9)                                             1 	(obj:0.00132616426762309)
y(29,10)                                            1 	(obj:0.00340924623340232)
y(29,16)                                            1 	(obj:0.0104531394137795)
y(29,18)                                            1 	(obj:0.00715931328280889)
y(29,20)                                            1 	(obj:-0.00305198416289053)
y(29,22)                                            1 	(obj:-0.00172822187252552)
y(29,23)                                            1 	(obj:0.0107801961183831)
y(29,25)                                            1 	(obj:0.000622279013596798)
y(29,26)                                            1 	(obj:-0.000825258177128916)
y(29,27)                                            1 	(obj:0.00212548961748352)
y(29,29)                                            1 	(obj:0.0133320671940121)
y(29,30)                                            1 	(obj:0.00261238609410788)
y(29,32)                                            1 	(obj:0.00182252654709501)
y(30,1)                                             1 	(obj:-0.00585162636753771)
y(30,2)                                             1 	(obj:0.0128110930047309)
y(30,5)                                             1 	(obj:-0.00560764379484508)
y(30,9)                                             1 	(obj:0.00296297535514159)
y(30,10)                                            1 	(obj:0.00360476203434982)
y(30,16)                                            1 	(obj:0.00647252756410034)
y(30,18)                                            1 	(obj:0.00932449117866396)
y(30,20)                                            1 	(obj:0.00554204616710227)
y(30,22)                                            1 	(obj:-0.00173758033375984)
y(30,23)                                            1 	(obj:0.0150514969183695)
y(30,25)                                            1 	(obj:-0.00405164036935001)
y(30,26)                                            1 	(obj:0.00127324692239673)
y(30,27)                                            1 	(obj:0.000901556224635049)
y(30,29)                                            1 	(obj:0.00261238609410788)
y(30,30)                                            1 	(obj:0.0366627180460171)
y(30,32)                                            1 	(obj:-0.00318620195412707)
y(32,1)                                             1 	(obj:0.000437068564974714)
y(32,2)                                             1 	(obj:-0.0015705299657087)
y(32,5)                                             1 	(obj:0.0027591652279886)
y(32,9)                                             1 	(obj:-0.000272969350328295)
y(32,10)                                            1 	(obj:1.4847609826312e-05)
y(32,16)                                            1 	(obj:0.00222063970800644)
y(32,18)                                            1 	(obj:-0.000443655304945008)
y(32,20)                                            1 	(obj:-0.00111774357803179)
y(32,22)                                            1 	(obj:-0.000311802568521644)
y(32,23)                                            1 	(obj:-0.00176356108975113)
y(32,25)                                            1 	(obj:-0.00156986727350355)
y(32,26)                                            1 	(obj:0.000550677543298712)
y(32,27)                                            1 	(obj:0.00231216327579189)
y(32,29)                                            1 	(obj:0.00182252654709501)
y(32,30)                                            1 	(obj:-0.00318620195412707)
y(32,32)                                            1 	(obj:0.00315319216583765)
x(1)                                                1 	(obj:-0.00198693197499434)
x(2)                                                1 	(obj:-0.00496619514551215)
x(5)                                                1 	(obj:-0.00618053891075051)
x(9)                                                1 	(obj:0.000400871592456468)
x(10)                                               1 	(obj:0.0036937573591559)
x(16)                                               1 	(obj:-0.0041832978934239)
x(18)                                               1 	(obj:-0.00470222606982046)
x(20)                                               1 	(obj:-0.00141253875362208)
x(22)                                               1 	(obj:0.00295540874988191)
x(23)                                               1 	(obj:-0.0033640561324092)
x(25)                                               1 	(obj:-0.00167140388800114)
x(26)                                               1 	(obj:-0.00184788389982376)
x(27)                                               1 	(obj:-0.000970159930081625)
x(29)                                               1 	(obj:-0.00416523538261125)
x(30)                                               1 	(obj:-0.000681280223374921)
x(32)                                               1 	(obj:-0.00235452075195132)

Statistics
==========

SCIP Status        : problem is solved [optimal solution found]
Total Time         :       8.00
  solving          :       8.00
  presolving       :       0.00 (included in solving)
  reading          :       0.00
  copying          :       0.00 (2 #copies) (minimal 0.00, maximal 0.00, average 0.00)
Original Problem   :
  Problem name     : C:\Users\claudio\Documents\GitHub\embedding\src\lp\N32_B0.5_industry_correlated_classical\IPL_linearized_N32q70.00B16.lp
  Variables        : 1056 (0 binary, 1056 integer, 0 implicit integer, 0 continuous)
  Constraints      : 3073 initial, 3073 maximal
  Objective        : minimize, 1056 non-zeros (abs.min = 1.48476e-05, abs.max = 0.485758)
Presolved Problem  :
  Problem name     : t_C:\Users\claudio\Documents\GitHub\embedding\src\lp\N32_B0.5_industry_correlated_classical\IPL_linearized_N32q70.00B16.lp
  Variables        : 528 (528 binary, 0 integer, 0 implicit integer, 0 continuous)
  Constraints      : 497 initial, 752 maximal
  Objective        : minimize, 528 non-zeros (abs.min = 2.96952e-05, abs.max = 0.819503)
  Nonzeros         : 1520 constraint, 1960 clique table
Presolvers         :   ExecTime  SetupTime  Calls  FixedVars   AggrVars   ChgTypes  ChgBounds   AddHoles    DelCons    AddCons   ChgSides   ChgCoefs
  boundshift       :       0.00       0.00      0          0          0          0          0          0          0          0          0          0
  convertinttobin  :       0.00       0.00      0          0          0          0          0          0          0          0          0          0
  domcol           :       0.00       0.00      1          0          0          0          0          0          0          0          0          0
  dualagg          :       0.00       0.00      0          0          0          0          0          0          0          0          0          0
  dualcomp         :       0.00       0.00      0          0          0          0          0          0          0          0          0          0
  dualinfer        :       0.00       0.00      0          0          0          0          0          0          0          0          0          0
  dualsparsify     :       0.00       0.00      1          0          0          0          0          0          0          0          0          0
  gateextraction   :       0.00       0.00      1          0          0          0          0          0       2976        992          0          0
  implics          :       0.00       0.00      4          0          0          0          0          0          0          0          0          0
  inttobinary      :       0.00       0.00      0          0          0          0          0          0          0          0          0          0
  milp             :       0.00       0.00      1          0          0          0          0          0          0          0          0          0
  qpkktref         :       0.00       0.00      0          0          0          0          0          0          0          0          0          0
  redvub           :       0.00       0.00      0          0          0          0          0          0          0          0          0          0
  sparsify         :       0.00       0.00      1          0          0          0          0          0          0          0          0          0
  stuffing         :       0.00       0.00      0          0          0          0          0          0          0          0          0          0
  trivial          :       0.00       0.00      6          0          0          0          0          0          0          0          0          0
  tworowbnd        :       0.00       0.00      0          0          0          0          0          0          0          0          0          0
  dualfix          :       0.00       0.00      6          0          0          0          0          0          0          0          0          0
  genvbounds       :       0.00       0.00      0          0          0          0          0          0          0          0          0          0
  probing          :       0.00       0.00      1          0          0          0          0          0          0          0          0          0
  pseudoobj        :       0.00       0.00      0          0          0          0          0          0          0          0          0          0
  symmetry         :       0.00       0.00      1          0          0          0          0          0          0          0          0          0
  vbounds          :       0.00       0.00      1          0          0          0          0          0          0          0          0          0
  setppc           :       0.00       0.00      2          0          0          0          0          0          0          0          0          0
  and              :       0.00       0.00      4          0        496          0          0          0        496          0          0          0
  linear           :       0.00       0.00      8          0         32          0          0          0         96          0         32         32
  logicor          :       0.00       0.00      2          0          0          0          0          0          0          0          0          0
  benders          :       0.00       0.00      0          0          0          0          0          0          0          0          0          0
  components       :       0.00       0.00      1          0          0          0          0          0          0          0          0          0
  root node        :          -          -      -         60          -          -         60          -          -          -          -          -
Constraints        :     Number  MaxNumber  #Separate #Propagate    #EnfoLP    #EnfoRelax  #EnfoPS    #Check   #ResProp    Cutoffs    DomReds       Cuts    Applied      Conss   Children
  benderslp        :          0          0          0          0         99          0          0         50          0          0          0          0          0          0          0
  integral         :          0          0          0          0         99          0          0         50          0          1        522          0          0        195         66
  setppc           :          0+        25          2       3082          1          0          0          9          2          0          2          0          0          0          0
  and              :        496        496        216       5364          2          0          0         45       1876         25       3292        266        139          0          0
  linear           :          1          1         34       5322          2          0          0         35         17          1          0          0          0          0          0
  logicor          :          0+       255         34       1689          0          0          0          0         10          3          3          0          0          0          0
  benders          :          0          0          0          0          2          0          0         34          0          0          0          0          0          0          0
  countsols        :          0          0          0          0          2          0          0         34          0          0          0          0          0          0          0
  components       :          0          0          0          0          0          0          0          0          0          0          0          0          0          0          0
Constraint Timings :  TotalTime  SetupTime   Separate  Propagate     EnfoLP     EnfoPS     EnfoRelax   Check    ResProp    SB-Prop
  benderslp        :       0.00       0.00       0.00       0.00       0.00       0.00       0.00       0.00       0.00       0.00
  integral         :       4.00       0.00       0.00       0.00       4.00       0.00       0.00       0.00       0.00       0.00
  setppc           :       0.00       0.00       0.00       0.00       0.00       0.00       0.00       0.00       0.00       0.00
  and              :       0.00       0.00       0.00       0.00       0.00       0.00       0.00       0.00       0.00       0.00
  linear           :       0.00       0.00       0.00       0.00       0.00       0.00       0.00       0.00       0.00       0.00
  logicor          :       0.00       0.00       0.00       0.00       0.00       0.00       0.00       0.00       0.00       0.00
  benders          :       0.00       0.00       0.00       0.00       0.00       0.00       0.00       0.00       0.00       0.00
  countsols        :       0.00       0.00       0.00       0.00       0.00       0.00       0.00       0.00       0.00       0.00
  components       :       0.00       0.00       0.00       0.00       0.00       0.00       0.00       0.00       0.00       0.00
Propagators        : #Propagate   #ResProp    Cutoffs    DomReds
  dualfix          :          6          0          0          0
  genvbounds       :          0          0          0          0
  nlobbt           :          0          0          0          0
  obbt             :          0          0          0          0
  probing          :          0          0          0          0
  pseudoobj        :        486          0          0          0
  redcost          :        412          0          0        544
  rootredcost      :          4          0          0          3
  symmetry         :          0          0          0          0
  vbounds          :       5367          0          0          0
Propagator Timings :  TotalTime  SetupTime   Presolve  Propagate    ResProp    SB-Prop
  dualfix          :       0.00       0.00       0.00       0.00       0.00       0.00
  genvbounds       :       0.00       0.00       0.00       0.00       0.00       0.00
  nlobbt           :       0.00       0.00       0.00       0.00       0.00       0.00
  obbt             :       0.00       0.00       0.00       0.00       0.00       0.00
  probing          :       0.00       0.00       0.00       0.00       0.00       0.00
  pseudoobj        :       0.00       0.00       0.00       0.00       0.00       0.00
  redcost          :       0.00       0.00       0.00       0.00       0.00       0.00
  rootredcost      :       0.00       0.00       0.00       0.00       0.00       0.00
  symmetry         :       0.00       0.00       0.00       0.00       0.00       0.00
  vbounds          :       0.00       0.00       0.00       0.00       0.00       0.00
Conflict Analysis  :       Time      Calls    Success    DomReds  Conflicts   Literals    Reconvs ReconvLits   Dualrays   Nonzeros   LP Iters   (pool size: [10000,10000])
  propagation      :       0.00         28         28          -         73       15.9          0        0.0          -          -          -
  infeasible LP    :       0.00          0          0          -          0        0.0          0        0.0          0        0.0          0
  bound exceed. LP :       0.00        198         48          -        285       26.6          0        0.0          1        1.0       1493
  strong branching :       0.00          0          0          -          0        0.0          0        0.0          -          -          0
  pseudo solution  :       0.00          0          0          -          0        0.0          0        0.0          -          -          -
  applied globally :       0.00          -          -          1        262       20.8          -          -          1          -          -
  applied locally  :          -          -          -          0          0        0.0          -          -          0          -          -
Separators         :   ExecTime  SetupTime      Calls    Cutoffs    DomReds       Cuts    Applied      Conss
  cut pool         :       0.00                    99          -          -       1764          -          -    (maximal pool size: 2381)
  aggregation      :       0.00       0.00         53          0          0          0          0          0
  cgmip            :       0.00       0.00          0          0          0          0          0          0
  clique           :       0.00       0.00         34          0          0          0          0          0
  closecuts        :       0.00       0.00          0          0          0          0          0          0
  cmir             :       0.00       0.00          0          0          0          0          0          0
  convexproj       :       0.00       0.00          0          0          0          0          0          0
  disjunctive      :       0.00       0.00          0          0          0          0          0          0
  eccuts           :       0.00       0.00          0          0          0          0          0          0
  flowcover        :       0.00       0.00          0          0          0          0          0          0
  gauge            :       0.00       0.00          0          0          0          0          0          0
  gomory           :       0.00       0.00         26          0          0        831         85          0
  impliedbounds    :       0.00       0.00         53          0          0        120         82          0
  intobj           :       0.00       0.00          0          0          0          0          0          0
  mcf              :       0.00       0.00          1          0          0          0          0          0
  oddcycle         :       0.00       0.00          0          0          0          0          0          0
  rapidlearning    :       0.00       0.00          0          0          0          0          0          0
  strongcg         :       0.00       0.00         20          0          0       1318         39          0
  zerohalf         :       0.00       0.00         36          0          0        112        110          0
Pricers            :   ExecTime  SetupTime      Calls       Vars
  problem variables:       0.00          -          0          0
Branching Rules    :   ExecTime  SetupTime   BranchLP  BranchExt   BranchPS    Cutoffs    DomReds       Cuts      Conss   Children
  allfullstrong    :       0.00       0.00          0          0          0          0          0          0          0          0
  cloud            :       0.00       0.00          0          0          0          0          0          0          0          0
  distribution     :       0.00       0.00          0          0          0          0          0          0          0          0
  fullstrong       :       0.00       0.00          0          0          0          0          0          0          0          0
  inference        :       0.00       0.00          0          0          0          0          0          0          0          0
  leastinf         :       0.00       0.00          0          0          0          0          0          0          0          0
  lookahead        :       0.00       0.00          0          0          0          0          0          0          0          0
  mostinf          :       0.00       0.00          0          0          0          0          0          0          0          0
  multaggr         :       0.00       0.00          0          0          0          0          0          0          0          0
  nodereopt        :       0.00       0.00          0          0          0          0          0          0          0          0
  pscost           :       0.00       0.00          0          0          0          0          0          0          0          0
  random           :       0.00       0.00          0          0          0          0          0          0          0          0
  relpscost        :       4.00       0.00         97          0          0          1        522          0        195         66
  vanillafullstrong:       0.00       0.00          0          0          0          0          0          0          0          0
Primal Heuristics  :   ExecTime  SetupTime      Calls      Found       Best
  LP solutions     :       0.00          -          -          2          2
  relax solutions  :       0.00          -          -          0          0
  pseudo solutions :       0.00          -          -          0          0
  strong branching :       0.00          -          -          0          0
  actconsdiving    :       0.00       0.00          0          0          0
  adaptivediving   :       0.00       0.00          0          0          0
  alns             :       0.00       0.00          1          0          0
  bound            :       0.00       0.00          0          0          0
  clique           :       0.00       0.00          1          1          1
  coefdiving       :       0.00       0.00          0          0          0
  completesol      :       0.00       0.00          0          0          0
  conflictdiving   :       0.00       0.00          1          0          0
  crossover        :       0.00       0.00          0          0          0
  dins             :       0.00       0.00          0          0          0
  distributiondivin:       0.00       0.00          0          0          0
  dualval          :       0.00       0.00          0          0          0
  farkasdiving     :       0.00       0.00          1          1          1
  feaspump         :       0.00       0.00          0          0          0
  fixandinfer      :       0.00       0.00          0          0          0
  fracdiving       :       0.00       0.00          0          0          0
  gins             :       0.00       0.00          0          0          0
  guideddiving     :       0.00       0.00          0          0          0
  indicator        :       0.00       0.00          0          0          0
  intdiving        :       0.00       0.00          0          0          0
  intshifting      :       0.00       0.00          0          0          0
  linesearchdiving :       0.00       0.00          0          0          0
  localbranching   :       0.00       0.00          0          0          0
  locks            :       0.00       0.00          1          0          0
  lpface           :       0.00       0.00          0          0          0
  mpec             :       0.00       0.00          0          0          0
  multistart       :       0.00       0.00          0          0          0
  mutation         :       0.00       0.00          0          0          0
  nlpdiving        :       0.00       0.00          0          0          0
  objpscostdiving  :       0.00       0.00          0          0          0
  octane           :       0.00       0.00          0          0          0
  ofins            :       0.00       0.00          0          0          0
  oneopt           :       0.00       0.00          7          0          0
  padm             :       0.00       0.00          0          0          0
  proximity        :       0.00       0.00          0          0          0
  pscostdiving     :       0.00       0.00          0          0          0
  randrounding     :       0.00       0.00         34          0          0
  rens             :       0.00       0.00          0          0          0
  reoptsols        :       0.00       0.00          0          0          0
  repair           :       0.00       0.00          0          0          0
  rins             :       0.00       0.00          0          0          0
  rootsoldiving    :       0.00       0.00          0          0          0
  rounding         :       0.00       0.00        203          1          1
  shiftandpropagate:       0.00       0.00          0          0          0
  shifting         :       0.00       0.00         53         29          1
  simplerounding   :       0.00       0.00          0          0          0
  subnlp           :       0.00       0.00          0          0          0
  trivial          :       0.00       0.00          2          0          0
  trivialnegation  :       0.00       0.00          0          0          0
  trustregion      :       0.00       0.00          0          0          0
  trysol           :       0.00       0.00          0          0          0
  twoopt           :       0.00       0.00          0          0          0
  undercover       :       0.00       0.00          1          1          1
  vbounds          :       0.00       0.00          1          0          0
  veclendiving     :       0.00       0.00          0          0          0
  zeroobj          :       0.00       0.00          0          0          0
  zirounding       :       0.00       0.00         33          0          0
  other solutions  :          -          -          -          0          -
Diving (single)    :      Calls      Nodes   LP Iters Backtracks  Conflicts   MinDepth   MaxDepth   AvgDepth  RoundSols  NLeafSols  MinSolDpt  MaxSolDpt  AvgSolDpt
  actconsdiving    :          0          -          -          -          -          -          -          -          -          -          -          -          -
  coefdiving       :          0          -          -          -          -          -          -          -          -          -          -          -          -
  conflictdiving   :          1         14          0          1          1         14         14       14.0          0          -          -          -          -
  distributiondivin:          0          -          -          -          -          -          -          -          -          -          -          -          -
  farkasdiving     :          1         18        911          0          0         19         19       19.0          0          1         19         19       19.0
  fracdiving       :          0          -          -          -          -          -          -          -          -          -          -          -          -
  guideddiving     :          0          -          -          -          -          -          -          -          -          -          -          -          -
  linesearchdiving :          0          -          -          -          -          -          -          -          -          -          -          -          -
  pscostdiving     :          0          -          -          -          -          -          -          -          -          -          -          -          -
  veclendiving     :          0          -          -          -          -          -          -          -          -          -          -          -          -
Diving (adaptive)  :      Calls      Nodes   LP Iters Backtracks  Conflicts   MinDepth   MaxDepth   AvgDepth  RoundSols  NLeafSols  MinSolDpt  MaxSolDpt  AvgSolDpt
  actconsdiving    :          0          -          -          -          -          -          -          -          -          -          -          -          -
  coefdiving       :          0          -          -          -          -          -          -          -          -          -          -          -          -
  conflictdiving   :          0          -          -          -          -          -          -          -          -          -          -          -          -
  distributiondivin:          0          -          -          -          -          -          -          -          -          -          -          -          -
  farkasdiving     :          0          -          -          -          -          -          -          -          -          -          -          -          -
  fracdiving       :          0          -          -          -          -          -          -          -          -          -          -          -          -
  guideddiving     :          0          -          -          -          -          -          -          -          -          -          -          -          -
  linesearchdiving :          0          -          -          -          -          -          -          -          -          -          -          -          -
  pscostdiving     :          0          -          -          -          -          -          -          -          -          -          -          -          -
  veclendiving     :          0          -          -          -          -          -          -          -          -          -          -          -          -
Neighborhoods      :      Calls  SetupTime  SolveTime SolveNodes       Sols       Best       Exp3  EpsGreedy        UCB TgtFixRate  Opt  Inf Node Stal  Sol  Usr Othr Actv
  rens             :          0       0.00       0.00          0          0          0    0.00000   -1.00000    1.00000      0.900    0    0    0    0    0    0    0    1
  rins             :          0       0.00       0.00          0          0          0    0.00000   -1.00000    1.00000      0.900    0    0    0    0    0    0    0    1
  mutation         :          1       0.00       0.00          0          0          0    0.00000   -1.00000    1.00000      0.700    0    1    0    0    0    0    0    1
  localbranching   :          0       0.00       0.00          0          0          0    0.00000   -1.00000    1.00000      0.900    0    0    0    0    0    0    0    1
  crossover        :          0       0.00       0.00          0          0          0    0.00000   -1.00000    1.00000      0.900    0    0    0    0    0    0    0    1
  proximity        :          0       0.00       0.00          0          0          0    0.00000   -1.00000    1.00000      0.900    0    0    0    0    0    0    0    1
  zeroobjective    :          0       0.00       0.00          0          0          0    0.00000   -1.00000    1.00000      0.900    0    0    0    0    0    0    0    1
  dins             :          0       0.00       0.00          0          0          0    0.00000   -1.00000    1.00000      0.900    0    0    0    0    0    0    0    1
  trustregion      :          0       0.00       0.00          0          0          0    0.00000   -1.00000    1.00000      0.900    0    0    0    0    0    0    0    0
LP                 :       Time      Calls Iterations  Iter/call   Iter/sec  Time-0-It Calls-0-It    ItLimit
  primal LP        :       0.00          8          0       0.00          -       0.00          8
  dual LP          :       3.00        335       8831      38.73    2943.67       0.00        107
  lex dual LP      :       0.00          0          0       0.00          -
  barrier LP       :       0.00          0          0       0.00          -       0.00          0
  resolve instable :       0.00          0          0       0.00          -
  diving/probing LP:       0.00         19        970      51.05          -
  strong branching :       4.00        927     111246     120.01   27811.50          -          -          0
    (at root node) :          -         46      17679     384.33          -
  conflict analysis:       0.00        157       1493       9.51          -
B&B Tree           :
  number of runs   :          1
  nodes            :         60 (33 internal, 27 leaves)
  feasible leaves  :          2
  infeas. leaves   :          0
  objective leaves :         25
  nodes (total)    :         60 (33 internal, 27 leaves)
  nodes left       :          0
  max depth        :         10
  max depth (total):         10
  backtracks       :         15 (25.0%)
  early backtracks :          0 (0.0%)
  nodes exc. ref.  :          0 (0.0%)
  delayed cutoffs  :          0
  repropagations   :          1 (0 domain reductions, 0 cutoffs)
  avg switch length:       2.90
  switching time   :       0.00
Estim. Tree Size   :         67
Estimation Tree    : 67 nodes (67 visited, 33 internal, 34 leaves, 0 open), weight: 1.0000 completed 1.0000
Estimations        :      estim      value      trend resolution     smooth
  wbe              :         67          -          -          -          -
  tree-profile     :         -1          -          -          -          -
  gap              :         67    1.00000    0.01302          1         73
  tree-weight      :         67    1.00000    0.05434          1        102
  leaf-frequency   :         67    0.50000    0.00165          1         72
  ssg              :         67   -0.00000   -0.01966          1         68
  open-nodes       :         67    0.00000   -0.26041          1         70
Root Node          :
  First LP value   : -3.09892888547220e-01
  First LP Iters   :        321
  First LP Time    :       0.00
  Final Dual Bound : +3.51787007375506e-01
  Final Root Iters :       1889
  Root LP Estimate : +2.68757584724024e+00
Solution           :
  Solutions found  :         35 (7 improvements)
  First Solution   : +2.24069819801949e+00   (in run 1, after 1 nodes, 0.00 seconds, depth 19, found by <clique>)
  Gap First Sol.   :   infinite
  Gap Last Sol.    :       9.79 %
  Primal Bound     : +6.00842807985364e-01   (in run 1, after 58 nodes, 8.00 seconds, depth 10, found by <relaxation>)
  Dual Bound       : +6.00842807985364e-01
  Gap              :       0.00 %
Integrals          :      Total       Avg%
  primal-dual      :     382.67      47.83
  primal-ref       :          -          - (not evaluated)
  dual-ref         :          -          - (not evaluated)
