SCIP version 7.0.2 [precision: 8 byte] [memory: block] [mode: optimized] [LP solver: SoPlex 5.0.2] [GitHash: e9d280a398]
Copyright (C) 2002-2020 Konrad-Zuse-Zentrum fuer Informationstechnik Berlin (ZIB)

External codes: 
  SoPlex 5.0.2         Linear Programming Solver developed at Zuse Institute Berlin (soplex.zib.de) [GitHash: e24c304e]
  CppAD 20180000.0     Algorithmic Differentiation of C++ algorithms developed by B. Bell (www.coin-or.org/CppAD)
  MPIR 3.0.0           Multiple Precision Integers and Rationals Library developed by W. Hart (mpir.org)
  ZIMPL 3.4.0          Zuse Institute Mathematical Programming Language developed by T. Koch (zimpl.zib.de)
  PaPILO 1.0.2         parallel presolve for integer and linear optimization (https://github.com/lgottwald/PaPILO) [GitHash: 62d2842]
  bliss 0.73p          Computing Graph Automorphism Groups by T. Junttila and P. Kaski (http://www.tcs.hut.fi/Software/bliss/)
  Ipopt 3.12.9         Interior Point Optimizer developed by A. Waechter et.al. (www.coin-or.org/Ipopt)

user parameter file <scip.set> not found - using default parameters

read problem <C:\Users\claudio\Documents\GitHub\embedding\src\lp\N32_B0.5_industry_correlated_classical\IPL_linearized_N32q80.00B16.lp>
============

original problem has 1056 variables (0 bin, 1056 int, 0 impl, 0 cont) and 3073 constraints

solve problem
=============

presolving:
(round 1, fast)       32 del vars, 32 del conss, 0 add conss, 0 chg bounds, 32 chg sides, 32 chg coeffs, 0 upgd conss, 0 impls, 1984 clqs
(round 2, fast)       32 del vars, 96 del conss, 0 add conss, 0 chg bounds, 32 chg sides, 32 chg coeffs, 0 upgd conss, 0 impls, 1984 clqs
   (0.0s) running MILP presolver
   (0.0s) MILP presolver found nothing
(round 3, exhaustive) 32 del vars, 96 del conss, 0 add conss, 0 chg bounds, 32 chg sides, 32 chg coeffs, 2976 upgd conss, 0 impls, 1984 clqs
(round 4, exhaustive) 32 del vars, 3072 del conss, 992 add conss, 0 chg bounds, 32 chg sides, 32 chg coeffs, 2976 upgd conss, 0 impls, 1984 clqs
(round 5, exhaustive) 528 del vars, 3568 del conss, 992 add conss, 0 chg bounds, 32 chg sides, 32 chg coeffs, 2976 upgd conss, 0 impls, 992 clqs
   (0.0s) probing: 51/528 (9.7%) - 0 fixings, 0 aggregations, 0 implications, 0 bound changes
   (0.0s) probing aborted: 50/50 successive totally useless probings
   (0.0s) symmetry computation started: requiring (bin +, int -, cont +), (fixed: bin -, int +, cont -)
   (0.0s) no symmetry present
presolving (6 rounds: 6 fast, 4 medium, 4 exhaustive):
 528 deleted vars, 3568 deleted constraints, 992 added constraints, 0 tightened bounds, 0 added holes, 32 changed sides, 32 changed coefficients
 0 implications, 992 cliques
presolved problem has 528 variables (528 bin, 0 int, 0 impl, 0 cont) and 497 constraints
    496 constraints of type <and>
      1 constraints of type <linear>
Presolving Time: 0.00

 time | node  | left  |LP iter|LP it/n|mem/heur|mdpt |vars |cons |rows |cuts |sepa|confs|strbr|  dualbound   | primalbound  |  gap   | compl. 
p 0.0s|     1 |     0 |     0 |     - |  clique|   0 | 528 | 497 | 993 |   0 |  0 |   0 |   0 |-1.947475e+00 | 2.555903e+00 |    Inf | unknown
  0.0s|     1 |     0 |   311 |     - |    13M |   0 | 528 | 497 | 993 |   0 |  0 |   0 |   0 |-3.520505e-01 | 2.555903e+00 |    Inf | unknown
L 0.0s|     1 |     0 |   311 |     - |undercov|   0 | 528 | 500 | 993 |   0 |  0 |   3 |   0 |-3.520505e-01 | 1.436826e+00 |    Inf | unknown
  0.0s|     1 |     0 |   469 |     - |    14M |   0 | 528 | 500 |1058 |  65 |  1 |   3 |   0 | 4.359326e-02 | 1.436826e+00 |3195.98%| unknown
  0.0s|     1 |     0 |   497 |     - |    15M |   0 | 528 | 505 |1072 |  79 |  2 |   8 |   0 | 8.573410e-02 | 1.436826e+00 |1575.91%| unknown
r 0.0s|     1 |     0 |   497 |     - |shifting|   0 | 528 | 505 |1072 |  79 |  2 |   8 |   0 | 8.573410e-02 | 1.382939e+00 |1513.06%| unknown
  0.0s|     1 |     0 |   552 |     - |    15M |   0 | 528 | 505 |1090 |  97 |  3 |   8 |   0 | 1.270668e-01 | 1.382939e+00 | 988.36%| unknown
  0.0s|     1 |     0 |   595 |     - |    15M |   0 | 528 | 510 |1104 | 111 |  4 |  13 |   0 | 1.456930e-01 | 1.382939e+00 | 849.21%| unknown
  1.0s|     1 |     0 |   664 |     - |    15M |   0 | 528 | 514 |1116 | 123 |  5 |  17 |   0 | 1.688384e-01 | 1.382939e+00 | 719.09%| unknown
  1.0s|     1 |     0 |   704 |     - |    15M |   0 | 528 | 519 |1132 | 139 |  6 |  22 |   0 | 1.796629e-01 | 1.382939e+00 | 669.74%| unknown
  1.0s|     1 |     0 |   763 |     - |    16M |   0 | 528 | 519 |1141 | 148 |  7 |  22 |   0 | 1.891763e-01 | 1.382939e+00 | 631.03%| unknown
  1.0s|     1 |     0 |   830 |     - |    16M |   0 | 528 | 520 |1153 | 160 |  8 |  23 |   0 | 2.058363e-01 | 1.382939e+00 | 571.86%| unknown
  2.0s|     1 |     0 |   865 |     - |    17M |   0 | 528 | 521 |1165 | 172 |  9 |  24 |   0 | 2.272877e-01 | 1.382939e+00 | 508.45%| unknown
  2.0s|     1 |     0 |   913 |     - |    17M |   0 | 528 | 521 |1176 | 183 | 10 |  24 |   0 | 2.431771e-01 | 1.382939e+00 | 468.70%| unknown
  2.0s|     1 |     0 |   960 |     - |    18M |   0 | 528 | 522 |1182 | 190 | 11 |  25 |   0 | 2.570122e-01 | 1.382939e+00 | 438.08%| unknown
 time | node  | left  |LP iter|LP it/n|mem/heur|mdpt |vars |cons |rows |cuts |sepa|confs|strbr|  dualbound   | primalbound  |  gap   | compl. 
  2.0s|     1 |     0 |   960 |     - |    18M |   0 | 528 | 523 |1181 | 190 | 11 |  26 |   0 | 2.570122e-01 | 1.382939e+00 | 438.08%| unknown
  2.0s|     1 |     0 |  1009 |     - |    18M |   0 | 528 | 523 |1190 | 199 | 12 |  26 |   0 | 2.652971e-01 | 1.382939e+00 | 421.28%| unknown
  2.0s|     1 |     0 |  1057 |     - |    19M |   0 | 528 | 524 |1195 | 204 | 13 |  27 |   0 | 2.748768e-01 | 1.382939e+00 | 403.11%| unknown
  2.0s|     1 |     0 |  1122 |     - |    19M |   0 | 528 | 524 |1201 | 210 | 14 |  27 |   0 | 2.840002e-01 | 1.382939e+00 | 386.95%| unknown
  2.0s|     1 |     0 |  1256 |     - |    19M |   0 | 528 | 525 |1215 | 224 | 15 |  28 |   0 | 3.179261e-01 | 1.382939e+00 | 334.99%| unknown
  2.0s|     1 |     0 |  1256 |     - |    19M |   0 | 528 | 531 |1214 | 224 | 15 |  34 |   0 | 3.179261e-01 | 1.382939e+00 | 334.99%| unknown
  2.0s|     1 |     0 |  1314 |     - |    20M |   0 | 528 | 531 |1224 | 234 | 16 |  34 |   0 | 3.243300e-01 | 1.382939e+00 | 326.40%| unknown
  2.0s|     1 |     0 |  1392 |     - |    20M |   0 | 528 | 532 |1224 | 243 | 17 |  35 |   0 | 3.352587e-01 | 1.382939e+00 | 312.50%| unknown
  2.0s|     1 |     0 |  1467 |     - |    20M |   0 | 528 | 533 |1233 | 252 | 18 |  36 |   0 | 3.426543e-01 | 1.382939e+00 | 303.60%| unknown
  2.0s|     1 |     0 |  1532 |     - |    21M |   0 | 528 | 534 |1241 | 260 | 19 |  37 |   0 | 3.494506e-01 | 1.382939e+00 | 295.75%| unknown
  2.0s|     1 |     0 |  1575 |     - |    21M |   0 | 528 | 535 |1247 | 266 | 20 |  38 |   0 | 3.557233e-01 | 1.382939e+00 | 288.77%| unknown
  2.0s|     1 |     0 |  1643 |     - |    21M |   0 | 528 | 538 |1251 | 270 | 21 |  41 |   0 | 3.653054e-01 | 1.382939e+00 | 278.57%| unknown
  2.0s|     1 |     0 |  1659 |     - |    22M |   0 | 528 | 539 |1254 | 273 | 22 |  42 |   0 | 3.659340e-01 | 1.382939e+00 | 277.92%| unknown
  2.0s|     1 |     0 |  1705 |     - |    22M |   0 | 528 | 540 |1250 | 278 | 23 |  43 |   0 | 3.669498e-01 | 1.382939e+00 | 276.87%| unknown
  2.0s|     1 |     0 |  1708 |     - |    22M |   0 | 528 | 540 |1251 | 279 | 24 |  43 |   0 | 3.670420e-01 | 1.382939e+00 | 276.78%| unknown
 time | node  | left  |LP iter|LP it/n|mem/heur|mdpt |vars |cons |rows |cuts |sepa|confs|strbr|  dualbound   | primalbound  |  gap   | compl. 
  2.0s|     1 |     0 |  1708 |     - |    22M |   0 | 528 | 543 |1253 | 279 | 26 |  46 |   0 | 3.670420e-01 | 1.382939e+00 | 276.78%| unknown
  2.0s|     1 |     0 |  1739 |     - |    22M |   0 | 528 | 543 |1257 | 283 | 27 |  46 |   0 | 3.675641e-01 | 1.382939e+00 | 276.24%| unknown
  2.0s|     1 |     0 |  1750 |     - |    22M |   0 | 528 | 544 |1258 | 284 | 28 |  47 |   0 | 3.676163e-01 | 1.382939e+00 | 276.19%| unknown
d 2.0s|     1 |     0 |  2635 |     - |farkasdi|   0 | 528 | 545 |1258 |   0 | 30 |  48 |   0 | 3.676163e-01 | 8.341904e-01 | 126.92%| unknown
d 2.0s|     1 |     0 |  2940 |     - |conflict|   0 | 528 | 545 |1258 |   0 | 30 |  48 |   0 | 3.676163e-01 | 8.317309e-01 | 126.25%| unknown
  2.0s|     1 |     0 |  2940 |     - |    22M |   0 | 528 | 545 |1258 | 284 | 30 |  48 |   0 | 3.676163e-01 | 8.317309e-01 | 126.25%| unknown
  2.0s|     1 |     0 |  2940 |     - |    22M |   0 | 528 | 549 |1257 | 284 | 30 |  52 |   0 | 3.676163e-01 | 8.317309e-01 | 126.25%| unknown
  2.0s|     1 |     0 |  2951 |     - |    22M |   0 | 528 | 549 |1259 | 286 | 31 |  52 |   0 | 3.677221e-01 | 8.317309e-01 | 126.18%| unknown
  2.0s|     1 |     0 |  2963 |     - |    22M |   0 | 528 | 549 |1261 | 288 | 32 |  52 |   0 | 3.679173e-01 | 8.317309e-01 | 126.06%| unknown
  2.0s|     1 |     0 |  2963 |     - |    22M |   0 | 528 | 552 |1262 | 288 | 32 |  55 |   0 | 3.679173e-01 | 8.317309e-01 | 126.06%| unknown
  2.0s|     1 |     0 |  2971 |     - |    22M |   0 | 528 | 552 |1264 | 290 | 33 |  55 |   0 | 3.679755e-01 | 8.317309e-01 | 126.03%| unknown
  3.0s|     1 |     2 |  2971 |     - |    22M |   0 | 528 | 557 |1264 | 290 | 34 |  60 |  24 | 4.009804e-01 | 8.317309e-01 | 107.42%| unknown
* 4.0s|     9 |     8 |  3729 | 243.5 |strongbr|   8 | 528 | 557 |1213 | 303 |  2 |  60 | 193 | 4.519715e-01 | 7.613953e-01 |  68.46%| unknown
* 5.0s|    18 |    13 |  4668 | 169.8 |strongbr|   8 | 528 | 584 |1231 | 326 |  2 |  87 | 402 | 4.874888e-01 | 7.532090e-01 |  54.51%|  12.79%
* 5.0s|    19 |    12 |  4732 | 163.9 |strongbr|   8 | 528 | 608 |1231 | 326 |  6 | 111 | 429 | 4.874888e-01 | 7.478564e-01 |  53.41%|  12.93%
 time | node  | left  |LP iter|LP it/n|mem/heur|mdpt |vars |cons |rows |cuts |sepa|confs|strbr|  dualbound   | primalbound  |  gap   | compl. 
* 5.0s|    19 |    12 |  4737 | 164.2 |    LP  |   8 | 528 | 608 |1232 | 327 |  7 | 111 | 432 | 4.874888e-01 | 7.404156e-01 |  51.88%|  12.93%
* 5.0s|    23 |    12 |  5129 | 152.2 |strongbr|   8 | 528 | 624 |1227 | 337 |  5 | 127 | 596 | 4.874888e-01 | 7.236646e-01 |  48.45%|  17.38%
* 6.0s|    36 |    13 |  6452 | 133.5 |strongbr|   8 | 528 | 606 |1236 | 354 |  3 | 156 | 767 | 5.467696e-01 | 7.076680e-01 |  29.43%|  24.75%
* 6.0s|    36 |    13 |  6452 | 133.5 |strongbr|   8 | 528 | 606 |1236 | 354 |  3 | 156 | 770 | 5.467696e-01 | 7.073033e-01 |  29.36%|  24.75%
* 6.0s|    36 |    13 |  6463 | 133.8 |    LP  |   8 | 528 | 601 |1237 | 355 |  5 | 167 | 773 | 5.467696e-01 | 6.964062e-01 |  27.37%|  24.75%
* 6.0s|    37 |    12 |  6508 | 131.3 |    LP  |   8 | 528 | 601 |1237 | 355 |  3 | 167 | 777 | 5.467696e-01 | 6.911684e-01 |  26.41%|  24.90%
  7.0s|   100 |     3 | 10858 |  91.7 |    23M |   9 | 528 | 703 |1237 | 416 |  1 | 269 |1007 | 6.363213e-01 | 6.911684e-01 |   8.62%|  91.10%

SCIP Status        : problem is solved [optimal solution found]
Solving Time (sec) : 7.00
Solving Nodes      : 115
Primal Bound       : +6.91168385019686e-01 (29 solutions)
Dual Bound         : +6.91168385019686e-01
Gap                : 0.00 %

primal solution (original space):
=================================

objective value:                    0.691168385019686
y(1,1)                                              1 	(obj:0.0167620601575608)
y(1,2)                                              1 	(obj:-0.00458673322335015)
y(1,5)                                              1 	(obj:0.00748128190474637)
y(1,9)                                              1 	(obj:-0.00485779885500455)
y(1,10)                                             1 	(obj:-0.00331256727396771)
y(1,16)                                             1 	(obj:-0.00743801012816707)
y(1,18)                                             1 	(obj:-0.00641814690171295)
y(1,20)                                             1 	(obj:0.00921223978064507)
y(1,22)                                             1 	(obj:0.00755958666021278)
y(1,23)                                             1 	(obj:-0.0106691010739342)
y(1,25)                                             1 	(obj:0.00730230211668884)
y(1,26)                                             1 	(obj:0.00723654776554199)
y(1,27)                                             1 	(obj:0.000565194318892477)
y(1,29)                                             1 	(obj:-0.00643031397441926)
y(1,30)                                             1 	(obj:-0.00668757299147167)
y(1,32)                                             1 	(obj:0.000499506931399673)
y(2,1)                                              1 	(obj:-0.00458673322335015)
y(2,2)                                              1 	(obj:0.0169090300600157)
y(2,5)                                              1 	(obj:-0.00392650724542009)
y(2,9)                                              1 	(obj:0.00242680813199599)
y(2,10)                                             1 	(obj:0.00386418668954366)
y(2,16)                                             1 	(obj:0.00949307150336936)
y(2,18)                                             1 	(obj:0.0123468155412205)
y(2,20)                                             1 	(obj:-0.00104093337725297)
y(2,22)                                             1 	(obj:-0.00826097418104269)
y(2,23)                                             1 	(obj:0.0170801567392923)
y(2,25)                                             1 	(obj:-0.00594782702874226)
y(2,26)                                             1 	(obj:-0.00123621492013177)
y(2,27)                                             1 	(obj:0.000641237764795572)
y(2,29)                                             1 	(obj:0.00627452205689256)
y(2,30)                                             1 	(obj:0.0146412491482639)
y(2,32)                                             1 	(obj:-0.00179489138938137)
y(5,1)                                              1 	(obj:0.00748128190474637)
y(5,2)                                              1 	(obj:-0.00392650724542009)
y(5,5)                                              1 	(obj:0.0116885763321062)
y(5,9)                                              1 	(obj:0.000432674402195378)
y(5,10)                                             1 	(obj:0.000206117492571371)
y(5,16)                                             1 	(obj:-0.000655958286168263)
y(5,18)                                             1 	(obj:-0.00383906235719885)
y(5,20)                                             1 	(obj:0.000128716695702281)
y(5,22)                                             1 	(obj:0.00226601373120013)
y(5,23)                                             1 	(obj:-0.00512630827388435)
y(5,25)                                             1 	(obj:-0.00172089262227857)
y(5,26)                                             1 	(obj:0.00347708272596572)
y(5,27)                                             1 	(obj:0.00239815971452533)
y(5,29)                                             1 	(obj:0.00205347809854565)
y(5,30)                                             1 	(obj:-0.00640873576553723)
y(5,32)                                             1 	(obj:0.00315333168912983)
y(9,1)                                              1 	(obj:-0.00485779885500455)
y(9,2)                                              1 	(obj:0.00242680813199599)
y(9,5)                                              1 	(obj:0.000432674402195378)
y(9,9)                                              1 	(obj:0.0136761227068459)
y(9,10)                                             1 	(obj:0.00508267639823021)
y(9,16)                                             1 	(obj:0.000492122521549709)
y(9,18)                                             1 	(obj:0.000200570004971013)
y(9,20)                                             1 	(obj:-0.00425721270783745)
y(9,22)                                             1 	(obj:-0.0133047388347712)
y(9,23)                                             1 	(obj:0.00534542459488028)
y(9,25)                                             1 	(obj:-0.00786538657359989)
y(9,26)                                             1 	(obj:-0.000765271496315684)
y(9,27)                                             1 	(obj:0.00181181621470595)
y(9,29)                                             1 	(obj:0.00151561630585496)
y(9,30)                                             1 	(obj:0.00338625754873324)
y(9,32)                                             1 	(obj:-0.000311964971803766)
y(10,1)                                             1 	(obj:-0.00331256727396771)
y(10,2)                                             1 	(obj:0.00386418668954366)
y(10,5)                                             1 	(obj:0.000206117492571371)
y(10,9)                                             1 	(obj:0.00508267639823021)
y(10,10)                                            1 	(obj:0.00978441154235546)
y(10,16)                                            1 	(obj:0.0053292285014111)
y(10,18)                                            1 	(obj:0.0061578562068091)
y(10,20)                                            1 	(obj:0.00173169759249511)
y(10,22)                                            1 	(obj:0.00156636668977903)
y(10,23)                                            1 	(obj:0.00568119739716258)
y(10,25)                                            1 	(obj:0.000834998154900405)
y(10,26)                                            1 	(obj:0.00521592928943724)
y(10,27)                                            1 	(obj:0.00284805842988058)
y(10,29)                                            1 	(obj:0.00389628140960265)
y(10,30)                                            1 	(obj:0.00411972803925693)
y(10,32)                                            1 	(obj:1.69686969443565e-05)
y(16,1)                                             1 	(obj:-0.00743801012816707)
y(16,2)                                             1 	(obj:0.00949307150336936)
y(16,5)                                             1 	(obj:-0.000655958286168263)
y(16,9)                                             1 	(obj:0.000492122521549709)
y(16,10)                                            1 	(obj:0.0053292285014111)
y(16,16)                                            1 	(obj:0.0154428477282086)
y(16,18)                                            1 	(obj:0.00916836416352306)
y(16,20)                                            1 	(obj:-0.00153831328845974)
y(16,22)                                            1 	(obj:-0.0023393078460693)
y(16,23)                                            1 	(obj:0.0137880000996175)
y(16,25)                                            1 	(obj:-0.00396882222102096)
y(16,26)                                            1 	(obj:0.000204410620208164)
y(16,27)                                            1 	(obj:0.00287297548810222)
y(16,29)                                            1 	(obj:0.0119464450443194)
y(16,30)                                            1 	(obj:0.00739717435897182)
y(16,32)                                            1 	(obj:0.00253787395200736)
y(18,1)                                             1 	(obj:-0.00641814690171295)
y(18,2)                                             1 	(obj:0.0123468155412205)
y(18,5)                                             1 	(obj:-0.00383906235719885)
y(18,9)                                             1 	(obj:0.000200570004971013)
y(18,10)                                            1 	(obj:0.0061578562068091)
y(18,16)                                            1 	(obj:0.00916836416352306)
y(18,18)                                            1 	(obj:0.0173904233889918)
y(18,20)                                            1 	(obj:-0.000510819794247859)
y(18,22)                                            1 	(obj:-5.51115635162249e-05)
y(18,23)                                            1 	(obj:0.011901957561775)
y(18,25)                                            1 	(obj:0.00167801982003575)
y(18,26)                                            1 	(obj:0.000289064343597773)
y(18,27)                                            1 	(obj:0.00197084830247069)
y(18,29)                                            1 	(obj:0.00818207232321017)
y(18,30)                                            1 	(obj:0.0106565613470445)
y(18,32)                                            1 	(obj:-0.000507034634222866)
y(20,1)                                             1 	(obj:0.00921223978064507)
y(20,2)                                             1 	(obj:-0.00104093337725297)
y(20,5)                                             1 	(obj:0.000128716695702281)
y(20,9)                                             1 	(obj:-0.00425721270783745)
y(20,10)                                            1 	(obj:0.00173169759249511)
y(20,16)                                            1 	(obj:-0.00153831328845974)
y(20,18)                                            1 	(obj:-0.000510819794247859)
y(20,20)                                            1 	(obj:0.0194116658445958)
y(20,22)                                            1 	(obj:0.0104732688378429)
y(20,23)                                            1 	(obj:-0.00615869580207188)
y(20,25)                                            1 	(obj:0.0134854721109107)
y(20,26)                                            1 	(obj:0.00971935745605597)
y(20,27)                                            1 	(obj:0.00185995729044519)
y(20,29)                                            1 	(obj:-0.00348798190044632)
y(20,30)                                            1 	(obj:0.00633376704811688)
y(20,32)                                            1 	(obj:-0.00127742123203633)
y(22,1)                                             1 	(obj:0.00755958666021278)
y(22,2)                                             1 	(obj:-0.00826097418104269)
y(22,5)                                             1 	(obj:0.00226601373120013)
y(22,9)                                             1 	(obj:-0.0133047388347712)
y(22,10)                                            1 	(obj:0.00156636668977903)
y(22,16)                                            1 	(obj:-0.0023393078460693)
y(22,18)                                            1 	(obj:-5.51115635162249e-05)
y(22,20)                                            1 	(obj:0.0104732688378429)
y(22,22)                                            1 	(obj:0.036441281362325)
y(22,23)                                            1 	(obj:-0.00635927046960531)
y(22,25)                                            1 	(obj:0.017289216278143)
y(22,26)                                            1 	(obj:0.0114559347933308)
y(22,27)                                            1 	(obj:0.00123892912885805)
y(22,29)                                            1 	(obj:-0.00197511071145774)
y(22,30)                                            1 	(obj:-0.00198580609572554)
y(22,32)                                            1 	(obj:-0.000356345792596164)
y(23,1)                                             1 	(obj:-0.0106691010739342)
y(23,2)                                             1 	(obj:0.0170801567392923)
y(23,5)                                             1 	(obj:-0.00512630827388435)
y(23,9)                                             1 	(obj:0.00534542459488028)
y(23,10)                                            1 	(obj:0.00568119739716258)
y(23,16)                                            1 	(obj:0.0137880000996175)
y(23,18)                                            1 	(obj:0.011901957561775)
y(23,20)                                            1 	(obj:-0.00615869580207188)
y(23,22)                                            1 	(obj:-0.00635927046960531)
y(23,23)                                            1 	(obj:0.0279532098367082)
y(23,25)                                            1 	(obj:-0.00902961985795306)
y(23,26)                                            1 	(obj:-0.00365583233582389)
y(23,27)                                            1 	(obj:0.000621216844062286)
y(23,29)                                            1 	(obj:0.012320224135295)
y(23,30)                                            1 	(obj:0.0172017107638509)
y(23,32)                                            1 	(obj:-0.002015498388287)
y(25,1)                                             1 	(obj:0.00730230211668884)
y(25,2)                                             1 	(obj:-0.00594782702874226)
y(25,5)                                             1 	(obj:-0.00172089262227857)
y(25,9)                                             1 	(obj:-0.00786538657359989)
y(25,10)                                            1 	(obj:0.000834998154900405)
y(25,16)                                            1 	(obj:-0.00396882222102096)
y(25,18)                                            1 	(obj:0.00167801982003575)
y(25,20)                                            1 	(obj:0.0134854721109107)
y(25,22)                                            1 	(obj:0.017289216278143)
y(25,23)                                            1 	(obj:-0.00902961985795306)
y(25,25)                                            1 	(obj:0.0294492690381497)
y(25,26)                                            1 	(obj:0.0111361744872584)
y(25,27)                                            1 	(obj:-0.000826588283971399)
y(25,29)                                            1 	(obj:0.000711176015539198)
y(25,30)                                            1 	(obj:-0.00463044613640001)
y(25,32)                                            1 	(obj:-0.0017941340268612)
y(26,1)                                             1 	(obj:0.00723654776554199)
y(26,2)                                             1 	(obj:-0.00123621492013177)
y(26,5)                                             1 	(obj:0.00347708272596572)
y(26,9)                                             1 	(obj:-0.000765271496315684)
y(26,10)                                            1 	(obj:0.00521592928943724)
y(26,16)                                            1 	(obj:0.000204410620208164)
y(26,18)                                            1 	(obj:0.000289064343597773)
y(26,20)                                            1 	(obj:0.00971935745605597)
y(26,22)                                            1 	(obj:0.0114559347933308)
y(26,23)                                            1 	(obj:-0.00365583233582389)
y(26,25)                                            1 	(obj:0.0111361744872584)
y(26,26)                                            1 	(obj:0.0131334770787585)
y(26,27)                                            1 	(obj:0.00309077833691422)
y(26,29)                                            1 	(obj:-0.000943152202433047)
y(26,30)                                            1 	(obj:0.00145513933988198)
y(26,32)                                            1 	(obj:0.000629345763769956)
y(27,1)                                             1 	(obj:0.000565194318892477)
y(27,2)                                             1 	(obj:0.000641237764795572)
y(27,5)                                             1 	(obj:0.00239815971452533)
y(27,9)                                             1 	(obj:0.00181181621470595)
y(27,10)                                            1 	(obj:0.00284805842988058)
y(27,16)                                            1 	(obj:0.00287297548810222)
y(27,18)                                            1 	(obj:0.00197084830247069)
y(27,20)                                            1 	(obj:0.00185995729044519)
y(27,22)                                            1 	(obj:0.00123892912885805)
y(27,23)                                            1 	(obj:0.000621216844062286)
y(27,25)                                            1 	(obj:-0.000826588283971399)
y(27,26)                                            1 	(obj:0.00309077833691422)
y(27,27)                                            1 	(obj:0.00414344394284398)
y(27,29)                                            1 	(obj:0.00242913099140974)
y(27,30)                                            1 	(obj:0.00103034997101148)
y(27,32)                                            1 	(obj:0.00264247231519073)
y(29,1)                                             1 	(obj:-0.00643031397441926)
y(29,2)                                             1 	(obj:0.00627452205689256)
y(29,5)                                             1 	(obj:0.00205347809854565)
y(29,9)                                             1 	(obj:0.00151561630585496)
y(29,10)                                            1 	(obj:0.00389628140960265)
y(29,16)                                            1 	(obj:0.0119464450443194)
y(29,18)                                            1 	(obj:0.00818207232321017)
y(29,20)                                            1 	(obj:-0.00348798190044632)
y(29,22)                                            1 	(obj:-0.00197511071145774)
y(29,23)                                            1 	(obj:0.012320224135295)
y(29,25)                                            1 	(obj:0.000711176015539198)
y(29,26)                                            1 	(obj:-0.000943152202433047)
y(29,27)                                            1 	(obj:0.00242913099140974)
y(29,29)                                            1 	(obj:0.0152366482217282)
y(29,30)                                            1 	(obj:0.00298558410755186)
y(29,32)                                            1 	(obj:0.00208288748239429)
y(30,1)                                             1 	(obj:-0.00668757299147167)
y(30,2)                                             1 	(obj:0.0146412491482639)
y(30,5)                                             1 	(obj:-0.00640873576553723)
y(30,9)                                             1 	(obj:0.00338625754873324)
y(30,10)                                            1 	(obj:0.00411972803925693)
y(30,16)                                            1 	(obj:0.00739717435897182)
y(30,18)                                            1 	(obj:0.0106565613470445)
y(30,20)                                            1 	(obj:0.00633376704811688)
y(30,22)                                            1 	(obj:-0.00198580609572554)
y(30,23)                                            1 	(obj:0.0172017107638509)
y(30,25)                                            1 	(obj:-0.00463044613640001)
y(30,26)                                            1 	(obj:0.00145513933988198)
y(30,27)                                            1 	(obj:0.00103034997101148)
y(30,29)                                            1 	(obj:0.00298558410755186)
y(30,30)                                            1 	(obj:0.0419002491954482)
y(30,32)                                            1 	(obj:-0.0036413736618595)
y(32,1)                                             1 	(obj:0.000499506931399673)
y(32,2)                                             1 	(obj:-0.00179489138938137)
y(32,5)                                             1 	(obj:0.00315333168912983)
y(32,9)                                             1 	(obj:-0.000311964971803766)
y(32,10)                                            1 	(obj:1.69686969443565e-05)
y(32,16)                                            1 	(obj:0.00253787395200736)
y(32,18)                                            1 	(obj:-0.000507034634222866)
y(32,20)                                            1 	(obj:-0.00127742123203633)
y(32,22)                                            1 	(obj:-0.000356345792596164)
y(32,23)                                            1 	(obj:-0.002015498388287)
y(32,25)                                            1 	(obj:-0.0017941340268612)
y(32,26)                                            1 	(obj:0.000629345763769956)
y(32,27)                                            1 	(obj:0.00264247231519073)
y(32,29)                                            1 	(obj:0.00208288748239429)
y(32,30)                                            1 	(obj:-0.0036413736618595)
y(32,32)                                            1 	(obj:0.00360364818952874)
x(1)                                                1 	(obj:-0.00198693197499434)
x(2)                                                1 	(obj:-0.00496619514551215)
x(5)                                                1 	(obj:-0.00618053891075051)
x(9)                                                1 	(obj:0.000400871592456468)
x(10)                                               1 	(obj:0.0036937573591559)
x(16)                                               1 	(obj:-0.0041832978934239)
x(18)                                               1 	(obj:-0.00470222606982046)
x(20)                                               1 	(obj:-0.00141253875362208)
x(22)                                               1 	(obj:0.00295540874988191)
x(23)                                               1 	(obj:-0.0033640561324092)
x(25)                                               1 	(obj:-0.00167140388800114)
x(26)                                               1 	(obj:-0.00184788389982376)
x(27)                                               1 	(obj:-0.000970159930081625)
x(29)                                               1 	(obj:-0.00416523538261125)
x(30)                                               1 	(obj:-0.000681280223374921)
x(32)                                               1 	(obj:-0.00235452075195132)

Statistics
==========

SCIP Status        : problem is solved [optimal solution found]
Total Time         :       7.00
  solving          :       7.00
  presolving       :       0.00 (included in solving)
  reading          :       0.00
  copying          :       0.00 (2 #copies) (minimal 0.00, maximal 0.00, average 0.00)
Original Problem   :
  Problem name     : C:\Users\claudio\Documents\GitHub\embedding\src\lp\N32_B0.5_industry_correlated_classical\IPL_linearized_N32q80.00B16.lp
  Variables        : 1056 (0 binary, 1056 integer, 0 implicit integer, 0 continuous)
  Constraints      : 3073 initial, 3073 maximal
  Objective        : minimize, 1056 non-zeros (abs.min = 1.69687e-05, abs.max = 0.555152)
Presolved Problem  :
  Problem name     : t_C:\Users\claudio\Documents\GitHub\embedding\src\lp\N32_B0.5_industry_correlated_classical\IPL_linearized_N32q80.00B16.lp
  Variables        : 528 (528 binary, 0 integer, 0 implicit integer, 0 continuous)
  Constraints      : 497 initial, 703 maximal
  Objective        : minimize, 528 non-zeros (abs.min = 3.39374e-05, abs.max = 0.936575)
  Nonzeros         : 1520 constraint, 1974 clique table
Presolvers         :   ExecTime  SetupTime  Calls  FixedVars   AggrVars   ChgTypes  ChgBounds   AddHoles    DelCons    AddCons   ChgSides   ChgCoefs
  boundshift       :       0.00       0.00      0          0          0          0          0          0          0          0          0          0
  convertinttobin  :       0.00       0.00      0          0          0          0          0          0          0          0          0          0
  domcol           :       0.00       0.00      1          0          0          0          0          0          0          0          0          0
  dualagg          :       0.00       0.00      0          0          0          0          0          0          0          0          0          0
  dualcomp         :       0.00       0.00      0          0          0          0          0          0          0          0          0          0
  dualinfer        :       0.00       0.00      0          0          0          0          0          0          0          0          0          0
  dualsparsify     :       0.00       0.00      1          0          0          0          0          0          0          0          0          0
  gateextraction   :       0.00       0.00      1          0          0          0          0          0       2976        992          0          0
  implics          :       0.00       0.00      4          0          0          0          0          0          0          0          0          0
  inttobinary      :       0.00       0.00      0          0          0          0          0          0          0          0          0          0
  milp             :       0.00       0.00      1          0          0          0          0          0          0          0          0          0
  qpkktref         :       0.00       0.00      0          0          0          0          0          0          0          0          0          0
  redvub           :       0.00       0.00      0          0          0          0          0          0          0          0          0          0
  sparsify         :       0.00       0.00      1          0          0          0          0          0          0          0          0          0
  stuffing         :       0.00       0.00      0          0          0          0          0          0          0          0          0          0
  trivial          :       0.00       0.00      6          0          0          0          0          0          0          0          0          0
  tworowbnd        :       0.00       0.00      0          0          0          0          0          0          0          0          0          0
  dualfix          :       0.00       0.00      6          0          0          0          0          0          0          0          0          0
  genvbounds       :       0.00       0.00      0          0          0          0          0          0          0          0          0          0
  probing          :       0.00       0.00      1          0          0          0          0          0          0          0          0          0
  pseudoobj        :       0.00       0.00      0          0          0          0          0          0          0          0          0          0
  symmetry         :       0.00       0.00      1          0          0          0          0          0          0          0          0          0
  vbounds          :       0.00       0.00      1          0          0          0          0          0          0          0          0          0
  setppc           :       0.00       0.00      2          0          0          0          0          0          0          0          0          0
  and              :       0.00       0.00      4          0        496          0          0          0        496          0          0          0
  linear           :       0.00       0.00      8          0         32          0          0          0         96          0         32         32
  logicor          :       0.00       0.00      2          0          0          0          0          0          0          0          0          0
  benders          :       0.00       0.00      0          0          0          0          0          0          0          0          0          0
  components       :       0.00       0.00      1          0          0          0          0          0          0          0          0          0
  root node        :          -          -      -         36          -          -         36          -          -          -          -          -
Constraints        :     Number  MaxNumber  #Separate #Propagate    #EnfoLP    #EnfoRelax  #EnfoPS    #Check   #ResProp    Cutoffs    DomReds       Cuts    Applied      Conss   Children
  benderslp        :          0          0          0          0        151          0          0         40          0          0          0          0          0          0          0
  integral         :          0          0          0          0        151          0          0         40          0          0        639          0          0        198        114
  setppc           :          0+         5          5       3316          0          0          0         10          1          1          3          0          0          0          0
  and              :        496        496        290       5887          3          0          0         35       1994         29       6541        268        157          0          0
  linear           :          1          1         30       5839          3          0          0         28         23          2         19          0          0          0          0
  logicor          :          0+       211         30       2028          0          0          0          0         14          2          9          0          0          0          0
  benders          :          0          0          0          0          3          0          0         27          0          0          0          0          0          0          0
  countsols        :          0          0          0          0          3          0          0         27          0          0          0          0          0          0          0
  components       :          0          0          0          0          0          0          0          0          0          0          0          0          0          0          0
Constraint Timings :  TotalTime  SetupTime   Separate  Propagate     EnfoLP     EnfoPS     EnfoRelax   Check    ResProp    SB-Prop
  benderslp        :       0.00       0.00       0.00       0.00       0.00       0.00       0.00       0.00       0.00       0.00
  integral         :       4.00       0.00       0.00       0.00       4.00       0.00       0.00       0.00       0.00       0.00
  setppc           :       0.00       0.00       0.00       0.00       0.00       0.00       0.00       0.00       0.00       0.00
  and              :       0.00       0.00       0.00       0.00       0.00       0.00       0.00       0.00       0.00       0.00
  linear           :       0.00       0.00       0.00       0.00       0.00       0.00       0.00       0.00       0.00       0.00
  logicor          :       0.00       0.00       0.00       0.00       0.00       0.00       0.00       0.00       0.00       0.00
  benders          :       0.00       0.00       0.00       0.00       0.00       0.00       0.00       0.00       0.00       0.00
  countsols        :       0.00       0.00       0.00       0.00       0.00       0.00       0.00       0.00       0.00       0.00
  components       :       0.00       0.00       0.00       0.00       0.00       0.00       0.00       0.00       0.00       0.00
Propagators        : #Propagate   #ResProp    Cutoffs    DomReds
  dualfix          :          7          0          0          0
  genvbounds       :          0          0          0          0
  nlobbt           :          0          0          0          0
  obbt             :          0          0          0          0
  probing          :          0          0          0          0
  pseudoobj        :        843          0          1          0
  redcost          :        582          0          0       1122
  rootredcost      :          9          0          0          1
  symmetry         :          0          0          0          0
  vbounds          :       5950          0          0          0
Propagator Timings :  TotalTime  SetupTime   Presolve  Propagate    ResProp    SB-Prop
  dualfix          :       0.00       0.00       0.00       0.00       0.00       0.00
  genvbounds       :       0.00       0.00       0.00       0.00       0.00       0.00
  nlobbt           :       0.00       0.00       0.00       0.00       0.00       0.00
  obbt             :       0.00       0.00       0.00       0.00       0.00       0.00
  probing          :       0.00       0.00       0.00       0.00       0.00       0.00
  pseudoobj        :       0.00       0.00       0.00       0.00       0.00       0.00
  redcost          :       0.00       0.00       0.00       0.00       0.00       0.00
  rootredcost      :       0.00       0.00       0.00       0.00       0.00       0.00
  symmetry         :       0.00       0.00       0.00       0.00       0.00       0.00
  vbounds          :       0.00       0.00       0.00       0.00       0.00       0.00
Conflict Analysis  :       Time      Calls    Success    DomReds  Conflicts   Literals    Reconvs ReconvLits   Dualrays   Nonzeros   LP Iters   (pool size: [10000,10000])
  propagation      :       0.00         32         31          -         77       14.9          0        0.0          -          -          -
  infeasible LP    :       0.00          0          0          -          0        0.0          0        0.0          0        0.0          0
  bound exceed. LP :       0.00        268         41          -        310       33.1          0        0.0          0        0.0       2424
  strong branching :       0.00          0          0          -          0        0.0          0        0.0          -          -          0
  pseudo solution  :       0.00          0          0          -          0        0.0          0        0.0          -          -          -
  applied globally :       0.00          -          -          0        275       22.4          -          -          0          -          -
  applied locally  :          -          -          -          0          0        0.0          -          -          0          -          -
Separators         :   ExecTime  SetupTime      Calls    Cutoffs    DomReds       Cuts    Applied      Conss
  cut pool         :       0.00                    54          -          -       1137          -          -    (maximal pool size: 2235)
  aggregation      :       0.00       0.00         30          0          0          0          0          0
  cgmip            :       0.00       0.00          0          0          0          0          0          0
  clique           :       0.00       0.00         30          0          0          0          0          0
  closecuts        :       0.00       0.00          0          0          0          0          0          0
  cmir             :       0.00       0.00          0          0          0          0          0          0
  convexproj       :       0.00       0.00          0          0          0          0          0          0
  disjunctive      :       0.00       0.00          0          0          0          0          0          0
  eccuts           :       0.00       0.00          0          0          0          0          0          0
  flowcover        :       0.00       0.00          0          0          0          0          0          0
  gauge            :       0.00       0.00          0          0          0          0          0          0
  gomory           :       0.00       0.00         10          0          0        715         60          0
  impliedbounds    :       0.00       0.00         30          0          0         95         74          0
  intobj           :       0.00       0.00          0          0          0          0          0          0
  mcf              :       0.00       0.00          1          0          0          0          0          0
  oddcycle         :       0.00       0.00          0          0          0          0          0          0
  rapidlearning    :       0.00       0.00          0          0          0          0          0          0
  strongcg         :       1.00       0.00         20          0          0       1318         36          0
  zerohalf         :       0.00       0.00         20          0          0        107        100          0
Pricers            :   ExecTime  SetupTime      Calls       Vars
  problem variables:       0.00          -          0          0
Branching Rules    :   ExecTime  SetupTime   BranchLP  BranchExt   BranchPS    Cutoffs    DomReds       Cuts      Conss   Children
  allfullstrong    :       0.00       0.00          0          0          0          0          0          0          0          0
  cloud            :       0.00       0.00          0          0          0          0          0          0          0          0
  distribution     :       0.00       0.00          0          0          0          0          0          0          0          0
  fullstrong       :       0.00       0.00          0          0          0          0          0          0          0          0
  inference        :       0.00       0.00          0          0          0          0          0          0          0          0
  leastinf         :       0.00       0.00          0          0          0          0          0          0          0          0
  lookahead        :       0.00       0.00          0          0          0          0          0          0          0          0
  mostinf          :       0.00       0.00          0          0          0          0          0          0          0          0
  multaggr         :       0.00       0.00          0          0          0          0          0          0          0          0
  nodereopt        :       0.00       0.00          0          0          0          0          0          0          0          0
  pscost           :       0.00       0.00          0          0          0          0          0          0          0          0
  random           :       0.00       0.00          0          0          0          0          0          0          0          0
  relpscost        :       4.00       0.00        148          0          0          0        639          0        209        114
  vanillafullstrong:       0.00       0.00          0          0          0          0          0          0          0          0
Primal Heuristics  :   ExecTime  SetupTime      Calls      Found       Best
  LP solutions     :       0.00          -          -          3          3
  relax solutions  :       0.00          -          -          0          0
  pseudo solutions :       0.00          -          -          0          0
  strong branching :       0.00          -          -          6          6
  actconsdiving    :       0.00       0.00          0          0          0
  adaptivediving   :       0.00       0.00          0          0          0
  alns             :       0.00       0.00          1          0          0
  bound            :       0.00       0.00          0          0          0
  clique           :       0.00       0.00          1          1          1
  coefdiving       :       0.00       0.00          0          0          0
  completesol      :       0.00       0.00          0          0          0
  conflictdiving   :       0.00       0.00          1          1          1
  crossover        :       0.00       0.00          0          0          0
  dins             :       0.00       0.00          0          0          0
  distributiondivin:       0.00       0.00          0          0          0
  dualval          :       0.00       0.00          0          0          0
  farkasdiving     :       0.00       0.00          1          1          1
  feaspump         :       0.00       0.00          0          0          0
  fixandinfer      :       0.00       0.00          0          0          0
  fracdiving       :       0.00       0.00          0          0          0
  gins             :       0.00       0.00          0          0          0
  guideddiving     :       0.00       0.00          0          0          0
  indicator        :       0.00       0.00          0          0          0
  intdiving        :       0.00       0.00          0          0          0
  intshifting      :       0.00       0.00          0          0          0
  linesearchdiving :       0.00       0.00          0          0          0
  localbranching   :       0.00       0.00          0          0          0
  locks            :       0.00       0.00          1          0          0
  lpface           :       0.00       0.00          0          0          0
  mpec             :       0.00       0.00          0          0          0
  multistart       :       0.00       0.00          0          0          0
  mutation         :       0.00       0.00          0          0          0
  nlpdiving        :       0.00       0.00          0          0          0
  objpscostdiving  :       0.00       0.00          0          0          0
  octane           :       0.00       0.00          0          0          0
  ofins            :       0.00       0.00          0          0          0
  oneopt           :       0.00       0.00         10          0          0
  padm             :       0.00       0.00          0          0          0
  proximity        :       0.00       0.00          0          0          0
  pscostdiving     :       0.00       0.00          0          0          0
  randrounding     :       0.00       0.00         31          0          0
  rens             :       0.00       0.00          0          0          0
  reoptsols        :       0.00       0.00          0          0          0
  repair           :       0.00       0.00          0          0          0
  rins             :       0.00       0.00          0          0          0
  rootsoldiving    :       0.00       0.00          0          0          0
  rounding         :       0.00       0.00        178          0          0
  shiftandpropagate:       0.00       0.00          0          0          0
  shifting         :       0.00       0.00         31         16          1
  simplerounding   :       0.00       0.00          0          0          0
  subnlp           :       0.00       0.00          0          0          0
  trivial          :       0.00       0.00          2          0          0
  trivialnegation  :       0.00       0.00          0          0          0
  trustregion      :       0.00       0.00          0          0          0
  trysol           :       0.00       0.00          0          0          0
  twoopt           :       0.00       0.00          0          0          0
  undercover       :       0.00       0.00          1          1          1
  vbounds          :       0.00       0.00          1          0          0
  veclendiving     :       0.00       0.00          0          0          0
  zeroobj          :       0.00       0.00          0          0          0
  zirounding       :       0.00       0.00         57          0          0
  other solutions  :          -          -          -          0          -
Diving (single)    :      Calls      Nodes   LP Iters Backtracks  Conflicts   MinDepth   MaxDepth   AvgDepth  RoundSols  NLeafSols  MinSolDpt  MaxSolDpt  AvgSolDpt
  actconsdiving    :          0          -          -          -          -          -          -          -          -          -          -          -          -
  coefdiving       :          0          -          -          -          -          -          -          -          -          -          -          -          -
  conflictdiving   :          1         20        305          1          0         20         20       20.0          0          1         20         20       20.0
  distributiondivin:          0          -          -          -          -          -          -          -          -          -          -          -          -
  farkasdiving     :          1         20        885          1          0         20         20       20.0          0          1         20         20       20.0
  fracdiving       :          0          -          -          -          -          -          -          -          -          -          -          -          -
  guideddiving     :          0          -          -          -          -          -          -          -          -          -          -          -          -
  linesearchdiving :          0          -          -          -          -          -          -          -          -          -          -          -          -
  pscostdiving     :          0          -          -          -          -          -          -          -          -          -          -          -          -
  veclendiving     :          0          -          -          -          -          -          -          -          -          -          -          -          -
Diving (adaptive)  :      Calls      Nodes   LP Iters Backtracks  Conflicts   MinDepth   MaxDepth   AvgDepth  RoundSols  NLeafSols  MinSolDpt  MaxSolDpt  AvgSolDpt
  actconsdiving    :          0          -          -          -          -          -          -          -          -          -          -          -          -
  coefdiving       :          0          -          -          -          -          -          -          -          -          -          -          -          -
  conflictdiving   :          0          -          -          -          -          -          -          -          -          -          -          -          -
  distributiondivin:          0          -          -          -          -          -          -          -          -          -          -          -          -
  farkasdiving     :          0          -          -          -          -          -          -          -          -          -          -          -          -
  fracdiving       :          0          -          -          -          -          -          -          -          -          -          -          -          -
  guideddiving     :          0          -          -          -          -          -          -          -          -          -          -          -          -
  linesearchdiving :          0          -          -          -          -          -          -          -          -          -          -          -          -
  pscostdiving     :          0          -          -          -          -          -          -          -          -          -          -          -          -
  veclendiving     :          0          -          -          -          -          -          -          -          -          -          -          -          -
Neighborhoods      :      Calls  SetupTime  SolveTime SolveNodes       Sols       Best       Exp3  EpsGreedy        UCB TgtFixRate  Opt  Inf Node Stal  Sol  Usr Othr Actv
  rens             :          0       0.00       0.00          0          0          0    0.00000   -1.00000    1.00000      0.900    0    0    0    0    0    0    0    1
  rins             :          0       0.00       0.00          0          0          0    0.00000   -1.00000    1.00000      0.900    0    0    0    0    0    0    0    1
  mutation         :          1       0.00       0.00          0          0          0    0.00000   -1.00000    1.00000      0.700    0    1    0    0    0    0    0    1
  localbranching   :          0       0.00       0.00          0          0          0    0.00000   -1.00000    1.00000      0.900    0    0    0    0    0    0    0    1
  crossover        :          0       0.00       0.00          0          0          0    0.00000   -1.00000    1.00000      0.900    0    0    0    0    0    0    0    1
  proximity        :          0       0.00       0.00          0          0          0    0.00000   -1.00000    1.00000      0.900    0    0    0    0    0    0    0    1
  zeroobjective    :          0       0.00       0.00          0          0          0    0.00000   -1.00000    1.00000      0.900    0    0    0    0    0    0    0    1
  dins             :          0       0.00       0.00          0          0          0    0.00000   -1.00000    1.00000      0.900    0    0    0    0    0    0    0    1
  trustregion      :          0       0.00       0.00          0          0          0    0.00000   -1.00000    1.00000      0.900    0    0    0    0    0    0    0    0
LP                 :       Time      Calls Iterations  Iter/call   Iter/sec  Time-0-It Calls-0-It    ItLimit
  primal LP        :       0.00          4          0       0.00          -       0.00          4
  dual LP          :       1.00        478      10305      34.46   10305.00       0.00        179
  lex dual LP      :       0.00          0          0       0.00          -
  barrier LP       :       0.00          0          0       0.00          -       0.00          0
  resolve instable :       0.00          0          0       0.00          -
  diving/probing LP:       0.00         23       1190      51.74          -
  strong branching :       3.00       1019      97699      95.88   32566.33          -          -          7
    (at root node) :          -         24       9562     398.42          -
  conflict analysis:       0.00        266       2424       9.11          -
B&B Tree           :
  number of runs   :          1
  nodes            :        115 (57 internal, 58 leaves)
  feasible leaves  :          3
  infeas. leaves   :          3
  objective leaves :         52
  nodes (total)    :        115 (57 internal, 58 leaves)
  nodes left       :          0
  max depth        :          9
  max depth (total):          9
  backtracks       :         32 (27.8%)
  early backtracks :          0 (0.0%)
  nodes exc. ref.  :          0 (0.0%)
  delayed cutoffs  :          0
  repropagations   :          1 (0 domain reductions, 0 cutoffs)
  avg switch length:       2.97
  switching time   :       0.00
Estim. Tree Size   :        115
Estimation Tree    : 115 nodes (115 visited, 57 internal, 58 leaves, 0 open), weight: 1.0000 completed 1.0000
Estimations        :      estim      value      trend resolution     smooth
  wbe              :        115          -          -          -          -
  tree-profile     :         -1          -          -          -          -
  gap              :        115    1.00000    0.00821          1        123
  tree-weight      :        115    1.00000    0.01529          1        115
  leaf-frequency   :        115    0.50000    0.00100          1        121
  ssg              :        115   -0.00000   -0.00689          1        118
  open-nodes       :        115    0.00000   -0.25631          1        120
Root Node          :
  First LP value   : -3.52050489513601e-01
  First LP Iters   :        311
  First LP Time    :       0.00
  Final Dual Bound : +4.00980429799908e-01
  Final Root Iters :       1781
  Root LP Estimate : +3.53803464536442e+00
Solution           :
  Solutions found  :         29 (14 improvements)
  First Solution   : +2.55590329214964e+00   (in run 1, after 1 nodes, 0.00 seconds, depth 19, found by <clique>)
  Gap First Sol.   :   infinite
  Gap Last Sol.    :      26.41 %
  Primal Bound     : +6.91168385019686e-01   (in run 1, after 37 nodes, 6.00 seconds, depth 8, found by <relaxation>)
  Dual Bound       : +6.91168385019686e-01
  Gap              :       0.00 %
Integrals          :      Total       Avg%
  primal-dual      :     365.35      52.19
  primal-ref       :          -          - (not evaluated)
  dual-ref         :          -          - (not evaluated)
