SCIP version 7.0.2 [precision: 8 byte] [memory: block] [mode: optimized] [LP solver: SoPlex 5.0.2] [GitHash: e9d280a398]
Copyright (C) 2002-2020 Konrad-Zuse-Zentrum fuer Informationstechnik Berlin (ZIB)

External codes: 
  SoPlex 5.0.2         Linear Programming Solver developed at Zuse Institute Berlin (soplex.zib.de) [GitHash: e24c304e]
  CppAD 20180000.0     Algorithmic Differentiation of C++ algorithms developed by B. Bell (www.coin-or.org/CppAD)
  MPIR 3.0.0           Multiple Precision Integers and Rationals Library developed by W. Hart (mpir.org)
  ZIMPL 3.4.0          Zuse Institute Mathematical Programming Language developed by T. Koch (zimpl.zib.de)
  PaPILO 1.0.2         parallel presolve for integer and linear optimization (https://github.com/lgottwald/PaPILO) [GitHash: 62d2842]
  bliss 0.73p          Computing Graph Automorphism Groups by T. Junttila and P. Kaski (http://www.tcs.hut.fi/Software/bliss/)
  Ipopt 3.12.9         Interior Point Optimizer developed by A. Waechter et.al. (www.coin-or.org/Ipopt)

user parameter file <scip.set> not found - using default parameters

read problem <C:\Users\claudio\Documents\GitHub\embedding\src\lp\N32_B0.5_industry_correlated_classical\IPL_linearized_N32q100.00B16.lp>
============

original problem has 1056 variables (0 bin, 1056 int, 0 impl, 0 cont) and 3073 constraints

solve problem
=============

presolving:
(round 1, fast)       32 del vars, 32 del conss, 0 add conss, 0 chg bounds, 32 chg sides, 32 chg coeffs, 0 upgd conss, 0 impls, 1984 clqs
(round 2, fast)       32 del vars, 96 del conss, 0 add conss, 0 chg bounds, 32 chg sides, 32 chg coeffs, 0 upgd conss, 0 impls, 1984 clqs
   (0.0s) running MILP presolver
   (0.0s) MILP presolver found nothing
(round 3, exhaustive) 32 del vars, 96 del conss, 0 add conss, 0 chg bounds, 32 chg sides, 32 chg coeffs, 2976 upgd conss, 0 impls, 1984 clqs
(round 4, exhaustive) 32 del vars, 3072 del conss, 992 add conss, 0 chg bounds, 32 chg sides, 32 chg coeffs, 2976 upgd conss, 0 impls, 1984 clqs
(round 5, exhaustive) 528 del vars, 3568 del conss, 992 add conss, 0 chg bounds, 32 chg sides, 32 chg coeffs, 2976 upgd conss, 0 impls, 992 clqs
   (0.0s) probing: 51/528 (9.7%) - 0 fixings, 0 aggregations, 0 implications, 0 bound changes
   (0.0s) probing aborted: 50/50 successive totally useless probings
   (0.0s) symmetry computation started: requiring (bin +, int -, cont +), (fixed: bin -, int +, cont -)
   (0.0s) no symmetry present
presolving (6 rounds: 6 fast, 4 medium, 4 exhaustive):
 528 deleted vars, 3568 deleted constraints, 992 added constraints, 0 tightened bounds, 0 added holes, 32 changed sides, 32 changed coefficients
 0 implications, 992 cliques
presolved problem has 528 variables (528 bin, 0 int, 0 impl, 0 cont) and 497 constraints
    496 constraints of type <and>
      1 constraints of type <linear>
Presolving Time: 0.00

 time | node  | left  |LP iter|LP it/n|mem/heur|mdpt |vars |cons |rows |cuts |sepa|confs|strbr|  dualbound   | primalbound  |  gap   | compl. 
p 0.0s|     1 |     0 |     0 |     - |  clique|   0 | 528 | 497 | 993 |   0 |  0 |   0 |   0 |-2.434344e+00 | 3.186313e+00 |    Inf | unknown
  0.0s|     1 |     0 |   321 |     - |    13M |   0 | 528 | 497 | 993 |   0 |  0 |   0 |   0 |-4.363657e-01 | 3.186313e+00 |    Inf | unknown
L 0.0s|     1 |     0 |   321 |     - |undercov|   0 | 528 | 500 | 993 |   0 |  0 |   3 |   0 |-4.363657e-01 | 1.800958e+00 |    Inf | unknown
  0.0s|     1 |     0 |   455 |     - |    14M |   0 | 528 | 500 |1059 |  66 |  1 |   3 |   0 | 6.372246e-02 | 1.800958e+00 |2726.25%| unknown
  0.0s|     1 |     0 |   517 |     - |    15M |   0 | 528 | 505 |1074 |  81 |  2 |   8 |   0 | 1.307217e-01 | 1.800958e+00 |1277.70%| unknown
  0.0s|     1 |     0 |   561 |     - |    15M |   0 | 528 | 506 |1084 |  91 |  3 |   9 |   0 | 1.727878e-01 | 1.800958e+00 | 942.29%| unknown
  0.0s|     1 |     0 |   653 |     - |    15M |   0 | 528 | 506 |1101 | 108 |  4 |   9 |   0 | 2.217416e-01 | 1.800958e+00 | 712.19%| unknown
r 0.0s|     1 |     0 |   653 |     - |shifting|   0 | 528 | 506 |1101 | 108 |  4 |   9 |   0 | 2.217416e-01 | 1.618443e+00 | 629.88%| unknown
  0.0s|     1 |     0 |   706 |     - |    15M |   0 | 528 | 506 |1116 | 123 |  5 |   9 |   0 | 2.504239e-01 | 1.618443e+00 | 546.28%| unknown
  0.0s|     1 |     0 |   706 |     - |    15M |   0 | 528 | 507 |1115 | 123 |  5 |  10 |   0 | 2.504239e-01 | 1.618443e+00 | 546.28%| unknown
  0.0s|     1 |     0 |   744 |     - |    16M |   0 | 528 | 507 |1145 | 153 |  6 |  10 |   0 | 2.914686e-01 | 1.618443e+00 | 455.27%| unknown
  0.0s|     1 |     0 |   744 |     - |    16M |   0 | 528 | 512 |1144 | 153 |  6 |  15 |   0 | 2.914686e-01 | 1.618443e+00 | 455.27%| unknown
  0.0s|     1 |     0 |   781 |     - |    16M |   0 | 528 | 512 |1154 | 163 |  7 |  15 |   0 | 3.132348e-01 | 1.618443e+00 | 416.69%| unknown
  0.0s|     1 |     0 |   831 |     - |    17M |   0 | 528 | 513 |1167 | 176 |  8 |  16 |   0 | 3.305649e-01 | 1.618443e+00 | 389.60%| unknown
  0.0s|     1 |     0 |   900 |     - |    17M |   0 | 528 | 514 |1176 | 185 |  9 |  17 |   0 | 3.570775e-01 | 1.618443e+00 | 353.25%| unknown
 time | node  | left  |LP iter|LP it/n|mem/heur|mdpt |vars |cons |rows |cuts |sepa|confs|strbr|  dualbound   | primalbound  |  gap   | compl. 
  0.0s|     1 |     0 |   977 |     - |    18M |   0 | 528 | 514 |1183 | 192 | 10 |  17 |   0 | 3.734696e-01 | 1.618443e+00 | 333.35%| unknown
  0.0s|     1 |     0 |  1030 |     - |    18M |   0 | 528 | 514 |1192 | 204 | 11 |  17 |   0 | 3.852635e-01 | 1.618443e+00 | 320.09%| unknown
  0.0s|     1 |     0 |  1093 |     - |    18M |   0 | 528 | 515 |1201 | 213 | 12 |  18 |   0 | 4.010408e-01 | 1.618443e+00 | 303.56%| unknown
  0.0s|     1 |     0 |  1137 |     - |    18M |   0 | 528 | 520 |1212 | 224 | 13 |  23 |   0 | 4.099009e-01 | 1.618443e+00 | 294.84%| unknown
  0.0s|     1 |     0 |  1202 |     - |    19M |   0 | 528 | 522 |1219 | 231 | 14 |  25 |   0 | 4.253108e-01 | 1.618443e+00 | 280.53%| unknown
  1.0s|     1 |     0 |  1255 |     - |    19M |   0 | 528 | 524 |1230 | 242 | 15 |  27 |   0 | 4.428773e-01 | 1.618443e+00 | 265.44%| unknown
  1.0s|     1 |     0 |  1273 |     - |    19M |   0 | 528 | 524 |1236 | 248 | 16 |  27 |   0 | 4.477626e-01 | 1.618443e+00 | 261.45%| unknown
  1.0s|     1 |     0 |  1325 |     - |    20M |   0 | 528 | 525 |1232 | 252 | 17 |  28 |   0 | 4.572815e-01 | 1.618443e+00 | 253.93%| unknown
  1.0s|     1 |     0 |  1434 |     - |    21M |   0 | 528 | 525 |1238 | 258 | 18 |  28 |   0 | 4.730040e-01 | 1.618443e+00 | 242.16%| unknown
  1.0s|     1 |     0 |  1524 |     - |    21M |   0 | 528 | 526 |1242 | 262 | 19 |  29 |   0 | 4.821514e-01 | 1.618443e+00 | 235.67%| unknown
  1.0s|     1 |     0 |  1591 |     - |    22M |   0 | 528 | 528 |1248 | 268 | 20 |  31 |   0 | 4.940650e-01 | 1.618443e+00 | 227.58%| unknown
  1.0s|     1 |     0 |  1609 |     - |    22M |   0 | 528 | 529 |1252 | 272 | 21 |  32 |   0 | 4.968276e-01 | 1.618443e+00 | 225.76%| unknown
  1.0s|     1 |     0 |  1644 |     - |    22M |   0 | 528 | 530 |1255 | 275 | 22 |  33 |   0 | 4.997290e-01 | 1.618443e+00 | 223.86%| unknown
  1.0s|     1 |     0 |  1683 |     - |    22M |   0 | 528 | 534 |1241 | 279 | 23 |  37 |   0 | 5.012154e-01 | 1.618443e+00 | 222.90%| unknown
  1.0s|     1 |     0 |  1697 |     - |    22M |   0 | 528 | 534 |1244 | 282 | 24 |  37 |   0 | 5.016124e-01 | 1.618443e+00 | 222.65%| unknown
 time | node  | left  |LP iter|LP it/n|mem/heur|mdpt |vars |cons |rows |cuts |sepa|confs|strbr|  dualbound   | primalbound  |  gap   | compl. 
  1.0s|     1 |     0 |  1731 |     - |    22M |   0 | 528 | 534 |1245 | 283 | 25 |  37 |   0 | 5.025419e-01 | 1.618443e+00 | 222.05%| unknown
  1.0s|     1 |     0 |  1762 |     - |    22M |   0 | 528 | 535 |1248 | 286 | 26 |  38 |   0 | 5.042068e-01 | 1.618443e+00 | 220.99%| unknown
  1.0s|     1 |     0 |  1772 |     - |    22M |   0 | 528 | 536 |1249 | 287 | 27 |  39 |   0 | 5.045940e-01 | 1.618443e+00 | 220.74%| unknown
  1.0s|     1 |     0 |  1780 |     - |    22M |   0 | 528 | 536 |1250 | 288 | 28 |  39 |   0 | 5.047049e-01 | 1.618443e+00 | 220.67%| unknown
  1.0s|     1 |     0 |  1799 |     - |    22M |   0 | 528 | 537 |1237 | 290 | 29 |  40 |   0 | 5.049202e-01 | 1.618443e+00 | 220.53%| unknown
  1.0s|     1 |     0 |  1811 |     - |    22M |   0 | 528 | 538 |1240 | 293 | 30 |  41 |   0 | 5.051098e-01 | 1.618443e+00 | 220.41%| unknown
  1.0s|     1 |     0 |  1819 |     - |    22M |   0 | 528 | 539 |1242 | 295 | 31 |  42 |   0 | 5.053254e-01 | 1.618443e+00 | 220.28%| unknown
  1.0s|     1 |     0 |  1825 |     - |    22M |   0 | 528 | 540 |1243 | 296 | 32 |  43 |   0 | 5.053979e-01 | 1.618443e+00 | 220.23%| unknown
  1.0s|     1 |     0 |  1832 |     - |    22M |   0 | 528 | 541 |1244 | 297 | 33 |  44 |   0 | 5.054528e-01 | 1.618443e+00 | 220.20%| unknown
  1.0s|     1 |     0 |  1832 |     - |    22M |   0 | 528 | 542 |1246 | 297 | 35 |  45 |   0 | 5.054528e-01 | 1.618443e+00 | 220.20%| unknown
  1.0s|     1 |     0 |  1848 |     - |    22M |   0 | 528 | 542 |1247 | 298 | 36 |  45 |   0 | 5.055483e-01 | 1.618443e+00 | 220.14%| unknown
d 1.0s|     1 |     0 |  2779 |     - |farkasdi|   0 | 528 | 544 |1247 |   0 | 38 |  47 |   0 | 5.055483e-01 | 1.076765e+00 | 112.99%| unknown
  1.0s|     1 |     0 |  3349 |     - |    22M |   0 | 528 | 544 |1247 | 298 | 38 |  47 |   0 | 5.055483e-01 | 1.076765e+00 | 112.99%| unknown
  1.0s|     1 |     0 |  3349 |     - |    22M |   0 | 528 | 544 |1246 | 298 | 38 |  47 |   0 | 5.055483e-01 | 1.076765e+00 | 112.99%| unknown
  1.0s|     1 |     0 |  3349 |     - |    22M |   0 | 528 | 544 |1247 | 298 | 40 |  47 |   0 | 5.055483e-01 | 1.076765e+00 | 112.99%| unknown
 time | node  | left  |LP iter|LP it/n|mem/heur|mdpt |vars |cons |rows |cuts |sepa|confs|strbr|  dualbound   | primalbound  |  gap   | compl. 
  2.0s|     1 |     0 |  3405 |     - |    22M |   0 | 528 | 544 |1248 | 298 | 42 |  47 |  45 | 5.502958e-01 | 1.076765e+00 |  95.67%| unknown
  2.0s|     1 |     0 |  3417 |     - |    22M |   0 | 528 | 546 |1250 | 300 | 43 |  49 |  45 | 5.502958e-01 | 1.076765e+00 |  95.67%| unknown
  2.0s|     1 |     2 |  3417 |     - |    22M |   0 | 528 | 551 |1250 | 300 | 44 |  54 |  63 | 5.539189e-01 | 1.076765e+00 |  94.39%| unknown
* 3.0s|     9 |     8 |  4093 | 272.1 |strongbr|   8 | 528 | 551 |1228 | 311 |  2 |  54 | 209 | 6.278028e-01 | 8.804016e-01 |  40.24%| unknown
* 3.0s|    10 |     7 |  4188 | 252.4 |strongbr|   8 | 528 | 555 |1231 | 313 |  3 |  58 | 215 | 6.278028e-01 | 8.738026e-01 |  39.18%| unknown
* 3.0s|    10 |     7 |  4218 | 255.8 |    LP  |   8 | 528 | 555 |1232 | 314 |  5 |  58 | 216 | 6.278028e-01 | 8.707272e-01 |  38.69%| unknown

SCIP Status        : problem is solved [optimal solution found]
Solving Time (sec) : 6.00
Solving Nodes      : 33
Primal Bound       : +8.70727238824495e-01 (26 solutions)
Dual Bound         : +8.70727238824495e-01
Gap                : 0.00 %

primal solution (original space):
=================================

objective value:                    0.870727238824495
y(1,1)                                              1 	(obj:0.020952575196951)
y(1,2)                                              1 	(obj:-0.00573341652918769)
y(1,5)                                              1 	(obj:0.00935160238093297)
y(1,9)                                              1 	(obj:-0.00607224856875568)
y(1,10)                                             1 	(obj:-0.00414070909245964)
y(1,16)                                             1 	(obj:-0.00929751266020883)
y(1,18)                                             1 	(obj:-0.00802268362714118)
y(1,20)                                             1 	(obj:0.0115152997258063)
y(1,21)                                             1 	(obj:0.00383678001502341)
y(1,22)                                             1 	(obj:0.00944948332526598)
y(1,23)                                             1 	(obj:-0.0133363763424178)
y(1,25)                                             1 	(obj:0.00912787764586105)
y(1,26)                                             1 	(obj:0.00904568470692749)
y(1,27)                                             1 	(obj:0.000706492898615596)
y(1,29)                                             1 	(obj:-0.00803789246802408)
y(1,32)                                             1 	(obj:0.000624383664249592)
y(2,1)                                              1 	(obj:-0.00573341652918769)
y(2,2)                                              1 	(obj:0.0211362875750196)
y(2,5)                                              1 	(obj:-0.00490813405677512)
y(2,9)                                              1 	(obj:0.00303351016499498)
y(2,10)                                             1 	(obj:0.00483023336192958)
y(2,16)                                             1 	(obj:0.0118663393792117)
y(2,18)                                             1 	(obj:0.0154335194265256)
y(2,20)                                             1 	(obj:-0.00130116672156621)
y(2,21)                                             1 	(obj:0.00366319152929162)
y(2,22)                                             1 	(obj:-0.0103262177263034)
y(2,23)                                             1 	(obj:0.0213501959241154)
y(2,25)                                             1 	(obj:-0.00743478378592782)
y(2,26)                                             1 	(obj:-0.00154526865016471)
y(2,27)                                             1 	(obj:0.000801547205994465)
y(2,29)                                             1 	(obj:0.0078431525711157)
y(2,32)                                             1 	(obj:-0.00224361423672671)
y(5,1)                                              1 	(obj:0.00935160238093297)
y(5,2)                                              1 	(obj:-0.00490813405677512)
y(5,5)                                              1 	(obj:0.0146107204151327)
y(5,9)                                              1 	(obj:0.000540843002744223)
y(5,10)                                             1 	(obj:0.000257646865714213)
y(5,16)                                             1 	(obj:-0.000819947857710329)
y(5,18)                                             1 	(obj:-0.00479882794649857)
y(5,20)                                             1 	(obj:0.000160895869627851)
y(5,21)                                             1 	(obj:2.63826767037373e-05)
y(5,22)                                             1 	(obj:0.00283251716400016)
y(5,23)                                             1 	(obj:-0.00640788534235544)
y(5,25)                                             1 	(obj:-0.00215111577784821)
y(5,26)                                             1 	(obj:0.00434635340745715)
y(5,27)                                             1 	(obj:0.00299769964315667)
y(5,29)                                             1 	(obj:0.00256684762318206)
y(5,32)                                             1 	(obj:0.00394166461141229)
y(9,1)                                              1 	(obj:-0.00607224856875568)
y(9,2)                                              1 	(obj:0.00303351016499498)
y(9,5)                                              1 	(obj:0.000540843002744223)
y(9,9)                                              1 	(obj:0.0170951533835573)
y(9,10)                                             1 	(obj:0.00635334549778776)
y(9,16)                                             1 	(obj:0.000615153151937137)
y(9,18)                                             1 	(obj:0.000250712506213766)
y(9,20)                                             1 	(obj:-0.00532151588479681)
y(9,21)                                             1 	(obj:-0.00627500270326533)
y(9,22)                                             1 	(obj:-0.016630923543464)
y(9,23)                                             1 	(obj:0.00668178074360035)
y(9,25)                                             1 	(obj:-0.00983173321699987)
y(9,26)                                             1 	(obj:-0.000956589370394604)
y(9,27)                                             1 	(obj:0.00226477026838243)
y(9,29)                                             1 	(obj:0.0018945203823187)
y(9,32)                                             1 	(obj:-0.000389956214754708)
y(10,1)                                             1 	(obj:-0.00414070909245964)
y(10,2)                                             1 	(obj:0.00483023336192958)
y(10,5)                                             1 	(obj:0.000257646865714213)
y(10,9)                                             1 	(obj:0.00635334549778776)
y(10,10)                                            1 	(obj:0.0122305144279443)
y(10,16)                                            1 	(obj:0.00666153562676387)
y(10,18)                                            1 	(obj:0.00769732025851137)
y(10,20)                                            1 	(obj:0.00216462199061889)
y(10,21)                                            1 	(obj:0.00726322762697214)
y(10,22)                                            1 	(obj:0.00195795836222379)
y(10,23)                                            1 	(obj:0.00710149674645323)
y(10,25)                                            1 	(obj:0.00104374769362551)
y(10,26)                                            1 	(obj:0.00651991161179655)
y(10,27)                                            1 	(obj:0.00356007303735072)
y(10,29)                                            1 	(obj:0.00487035176200331)
y(10,32)                                            1 	(obj:2.12108711804457e-05)
y(16,1)                                             1 	(obj:-0.00929751266020883)
y(16,2)                                             1 	(obj:0.0118663393792117)
y(16,5)                                             1 	(obj:-0.000819947857710329)
y(16,9)                                             1 	(obj:0.000615153151937137)
y(16,10)                                            1 	(obj:0.00666153562676387)
y(16,16)                                            1 	(obj:0.0193035596602608)
y(16,18)                                            1 	(obj:0.0114604552044038)
y(16,20)                                            1 	(obj:-0.00192289161057467)
y(16,21)                                            1 	(obj:0.00512792485269063)
y(16,22)                                            1 	(obj:-0.00292413480758662)
y(16,23)                                            1 	(obj:0.0172350001245219)
y(16,25)                                            1 	(obj:-0.0049610277762762)
y(16,26)                                            1 	(obj:0.000255513275260205)
y(16,27)                                            1 	(obj:0.00359121936012777)
y(16,29)                                            1 	(obj:0.0149330563053993)
y(16,32)                                            1 	(obj:0.00317234244000921)
y(18,1)                                             1 	(obj:-0.00802268362714118)
y(18,2)                                             1 	(obj:0.0154335194265256)
y(18,5)                                             1 	(obj:-0.00479882794649857)
y(18,9)                                             1 	(obj:0.000250712506213766)
y(18,10)                                            1 	(obj:0.00769732025851137)
y(18,16)                                            1 	(obj:0.0114604552044038)
y(18,18)                                            1 	(obj:0.0217380292362398)
y(18,20)                                            1 	(obj:-0.000638524742809824)
y(18,21)                                            1 	(obj:0.000728786319734119)
y(18,22)                                            1 	(obj:-6.88894543952811e-05)
y(18,23)                                            1 	(obj:0.0148774469522188)
y(18,25)                                            1 	(obj:0.00209752477504469)
y(18,26)                                            1 	(obj:0.000361330429497217)
y(18,27)                                            1 	(obj:0.00246356037808837)
y(18,29)                                            1 	(obj:0.0102275904040127)
y(18,32)                                            1 	(obj:-0.000633793292778583)
y(20,1)                                             1 	(obj:0.0115152997258063)
y(20,2)                                             1 	(obj:-0.00130116672156621)
y(20,5)                                             1 	(obj:0.000160895869627851)
y(20,9)                                             1 	(obj:-0.00532151588479681)
y(20,10)                                            1 	(obj:0.00216462199061889)
y(20,16)                                            1 	(obj:-0.00192289161057467)
y(20,18)                                            1 	(obj:-0.000638524742809824)
y(20,20)                                            1 	(obj:0.0242645823057447)
y(20,21)                                            1 	(obj:0.0192771468185859)
y(20,22)                                            1 	(obj:0.0130915860473037)
y(20,23)                                            1 	(obj:-0.00769836975258985)
y(20,25)                                            1 	(obj:0.0168568401386384)
y(20,26)                                            1 	(obj:0.01214919682007)
y(20,27)                                            1 	(obj:0.00232494661305649)
y(20,29)                                            1 	(obj:-0.0043599773755579)
y(20,32)                                            1 	(obj:-0.00159677654004541)
y(21,1)                                             1 	(obj:0.00383678001502341)
y(21,2)                                             1 	(obj:0.00366319152929162)
y(21,5)                                             1 	(obj:2.63826767037373e-05)
y(21,9)                                             1 	(obj:-0.00627500270326533)
y(21,10)                                            1 	(obj:0.00726322762697214)
y(21,16)                                            1 	(obj:0.00512792485269063)
y(21,18)                                            1 	(obj:0.000728786319734119)
y(21,20)                                            1 	(obj:0.0192771468185859)
y(21,21)                                            1 	(obj:0.0469369112099537)
y(21,22)                                            1 	(obj:0.00585844662812628)
y(21,23)                                            1 	(obj:-0.00702744063793704)
y(21,25)                                            1 	(obj:0.00883323205600209)
y(21,26)                                            1 	(obj:0.0132866336747288)
y(21,27)                                            1 	(obj:0.0037500293842956)
y(21,29)                                            1 	(obj:-0.00298754685093808)
y(21,32)                                            1 	(obj:0.0013374573222203)
y(22,1)                                             1 	(obj:0.00944948332526598)
y(22,2)                                             1 	(obj:-0.0103262177263034)
y(22,5)                                             1 	(obj:0.00283251716400016)
y(22,9)                                             1 	(obj:-0.016630923543464)
y(22,10)                                            1 	(obj:0.00195795836222379)
y(22,16)                                            1 	(obj:-0.00292413480758662)
y(22,18)                                            1 	(obj:-6.88894543952811e-05)
y(22,20)                                            1 	(obj:0.0130915860473037)
y(22,21)                                            1 	(obj:0.00585844662812628)
y(22,22)                                            1 	(obj:0.0455516017029062)
y(22,23)                                            1 	(obj:-0.00794908808700664)
y(22,25)                                            1 	(obj:0.0216115203476788)
y(22,26)                                            1 	(obj:0.0143199184916635)
y(22,27)                                            1 	(obj:0.00154866141107257)
y(22,29)                                            1 	(obj:-0.00246888838932217)
y(22,32)                                            1 	(obj:-0.000445432240745206)
y(23,1)                                             1 	(obj:-0.0133363763424178)
y(23,2)                                             1 	(obj:0.0213501959241154)
y(23,5)                                             1 	(obj:-0.00640788534235544)
y(23,9)                                             1 	(obj:0.00668178074360035)
y(23,10)                                            1 	(obj:0.00710149674645323)
y(23,16)                                            1 	(obj:0.0172350001245219)
y(23,18)                                            1 	(obj:0.0148774469522188)
y(23,20)                                            1 	(obj:-0.00769836975258985)
y(23,21)                                            1 	(obj:-0.00702744063793704)
y(23,22)                                            1 	(obj:-0.00794908808700664)
y(23,23)                                            1 	(obj:0.0349415122958853)
y(23,25)                                            1 	(obj:-0.0112870248224413)
y(23,26)                                            1 	(obj:-0.00456979041977986)
y(23,27)                                            1 	(obj:0.000776521055077857)
y(23,29)                                            1 	(obj:0.0154002801691187)
y(23,32)                                            1 	(obj:-0.00251937298535876)
y(25,1)                                             1 	(obj:0.00912787764586105)
y(25,2)                                             1 	(obj:-0.00743478378592782)
y(25,5)                                             1 	(obj:-0.00215111577784821)
y(25,9)                                             1 	(obj:-0.00983173321699987)
y(25,10)                                            1 	(obj:0.00104374769362551)
y(25,16)                                            1 	(obj:-0.0049610277762762)
y(25,18)                                            1 	(obj:0.00209752477504469)
y(25,20)                                            1 	(obj:0.0168568401386384)
y(25,21)                                            1 	(obj:0.00883323205600209)
y(25,22)                                            1 	(obj:0.0216115203476788)
y(25,23)                                            1 	(obj:-0.0112870248224413)
y(25,25)                                            1 	(obj:0.0368115862976871)
y(25,26)                                            1 	(obj:0.013920218109073)
y(25,27)                                            1 	(obj:-0.00103323535496425)
y(25,29)                                            1 	(obj:0.000888970019423998)
y(25,32)                                            1 	(obj:-0.0022426675335765)
y(26,1)                                             1 	(obj:0.00904568470692749)
y(26,2)                                             1 	(obj:-0.00154526865016471)
y(26,5)                                             1 	(obj:0.00434635340745715)
y(26,9)                                             1 	(obj:-0.000956589370394604)
y(26,10)                                            1 	(obj:0.00651991161179655)
y(26,16)                                            1 	(obj:0.000255513275260205)
y(26,18)                                            1 	(obj:0.000361330429497217)
y(26,20)                                            1 	(obj:0.01214919682007)
y(26,21)                                            1 	(obj:0.0132866336747288)
y(26,22)                                            1 	(obj:0.0143199184916635)
y(26,23)                                            1 	(obj:-0.00456979041977986)
y(26,25)                                            1 	(obj:0.013920218109073)
y(26,26)                                            1 	(obj:0.0164168463484481)
y(26,27)                                            1 	(obj:0.00386347292114278)
y(26,29)                                            1 	(obj:-0.00117894025304131)
y(26,32)                                            1 	(obj:0.000786682204712445)
y(27,1)                                             1 	(obj:0.000706492898615596)
y(27,2)                                             1 	(obj:0.000801547205994465)
y(27,5)                                             1 	(obj:0.00299769964315667)
y(27,9)                                             1 	(obj:0.00226477026838243)
y(27,10)                                            1 	(obj:0.00356007303735072)
y(27,16)                                            1 	(obj:0.00359121936012777)
y(27,18)                                            1 	(obj:0.00246356037808837)
y(27,20)                                            1 	(obj:0.00232494661305649)
y(27,21)                                            1 	(obj:0.0037500293842956)
y(27,22)                                            1 	(obj:0.00154866141107257)
y(27,23)                                            1 	(obj:0.000776521055077857)
y(27,25)                                            1 	(obj:-0.00103323535496425)
y(27,26)                                            1 	(obj:0.00386347292114278)
y(27,27)                                            1 	(obj:0.00517930492855497)
y(27,29)                                            1 	(obj:0.00303641373926217)
y(27,32)                                            1 	(obj:0.00330309039398842)
y(29,1)                                             1 	(obj:-0.00803789246802408)
y(29,2)                                             1 	(obj:0.0078431525711157)
y(29,5)                                             1 	(obj:0.00256684762318206)
y(29,9)                                             1 	(obj:0.0018945203823187)
y(29,10)                                            1 	(obj:0.00487035176200331)
y(29,16)                                            1 	(obj:0.0149330563053993)
y(29,18)                                            1 	(obj:0.0102275904040127)
y(29,20)                                            1 	(obj:-0.0043599773755579)
y(29,21)                                            1 	(obj:-0.00298754685093808)
y(29,22)                                            1 	(obj:-0.00246888838932217)
y(29,23)                                            1 	(obj:0.0154002801691187)
y(29,25)                                            1 	(obj:0.000888970019423998)
y(29,26)                                            1 	(obj:-0.00117894025304131)
y(29,27)                                            1 	(obj:0.00303641373926217)
y(29,29)                                            1 	(obj:0.0190458102771602)
y(29,32)                                            1 	(obj:0.00260360935299287)
y(32,1)                                             1 	(obj:0.000624383664249592)
y(32,2)                                             1 	(obj:-0.00224361423672671)
y(32,5)                                             1 	(obj:0.00394166461141229)
y(32,9)                                             1 	(obj:-0.000389956214754708)
y(32,10)                                            1 	(obj:2.12108711804457e-05)
y(32,16)                                            1 	(obj:0.00317234244000921)
y(32,18)                                            1 	(obj:-0.000633793292778583)
y(32,20)                                            1 	(obj:-0.00159677654004541)
y(32,21)                                            1 	(obj:0.0013374573222203)
y(32,22)                                            1 	(obj:-0.000445432240745206)
y(32,23)                                            1 	(obj:-0.00251937298535876)
y(32,25)                                            1 	(obj:-0.0022426675335765)
y(32,26)                                            1 	(obj:0.000786682204712445)
y(32,27)                                            1 	(obj:0.00330309039398842)
y(32,29)                                            1 	(obj:0.00260360935299287)
y(32,32)                                            1 	(obj:0.00450456023691093)
x(1)                                                1 	(obj:-0.00198693197499434)
x(2)                                                1 	(obj:-0.00496619514551215)
x(5)                                                1 	(obj:-0.00618053891075051)
x(9)                                                1 	(obj:0.000400871592456468)
x(10)                                               1 	(obj:0.0036937573591559)
x(16)                                               1 	(obj:-0.0041832978934239)
x(18)                                               1 	(obj:-0.00470222606982046)
x(20)                                               1 	(obj:-0.00141253875362208)
x(21)                                               1 	(obj:0.00490028992690414)
x(22)                                               1 	(obj:0.00295540874988191)
x(23)                                               1 	(obj:-0.0033640561324092)
x(25)                                               1 	(obj:-0.00167140388800114)
x(26)                                               1 	(obj:-0.00184788389982376)
x(27)                                               1 	(obj:-0.000970159930081625)
x(29)                                               1 	(obj:-0.00416523538261125)
x(32)                                               1 	(obj:-0.00235452075195132)

Statistics
==========

SCIP Status        : problem is solved [optimal solution found]
Total Time         :       6.00
  solving          :       6.00
  presolving       :       0.00 (included in solving)
  reading          :       0.00
  copying          :       0.00 (2 #copies) (minimal 0.00, maximal 0.00, average 0.00)
Original Problem   :
  Problem name     : C:\Users\claudio\Documents\GitHub\embedding\src\lp\N32_B0.5_industry_correlated_classical\IPL_linearized_N32q100.00B16.lp
  Variables        : 1056 (0 binary, 1056 integer, 0 implicit integer, 0 continuous)
  Constraints      : 3073 initial, 3073 maximal
  Objective        : minimize, 1056 non-zeros (abs.min = 2.12109e-05, abs.max = 0.69394)
Presolved Problem  :
  Problem name     : t_C:\Users\claudio\Documents\GitHub\embedding\src\lp\N32_B0.5_industry_correlated_classical\IPL_linearized_N32q100.00B16.lp
  Variables        : 528 (528 binary, 0 integer, 0 implicit integer, 0 continuous)
  Constraints      : 497 initial, 652 maximal
  Objective        : minimize, 528 non-zeros (abs.min = 4.24217e-05, abs.max = 1.17072)
  Nonzeros         : 1520 constraint, 1974 clique table
Presolvers         :   ExecTime  SetupTime  Calls  FixedVars   AggrVars   ChgTypes  ChgBounds   AddHoles    DelCons    AddCons   ChgSides   ChgCoefs
  boundshift       :       0.00       0.00      0          0          0          0          0          0          0          0          0          0
  convertinttobin  :       0.00       0.00      0          0          0          0          0          0          0          0          0          0
  domcol           :       0.00       0.00      1          0          0          0          0          0          0          0          0          0
  dualagg          :       0.00       0.00      0          0          0          0          0          0          0          0          0          0
  dualcomp         :       0.00       0.00      0          0          0          0          0          0          0          0          0          0
  dualinfer        :       0.00       0.00      0          0          0          0          0          0          0          0          0          0
  dualsparsify     :       0.00       0.00      1          0          0          0          0          0          0          0          0          0
  gateextraction   :       0.00       0.00      1          0          0          0          0          0       2976        992          0          0
  implics          :       0.00       0.00      4          0          0          0          0          0          0          0          0          0
  inttobinary      :       0.00       0.00      0          0          0          0          0          0          0          0          0          0
  milp             :       0.00       0.00      1          0          0          0          0          0          0          0          0          0
  qpkktref         :       0.00       0.00      0          0          0          0          0          0          0          0          0          0
  redvub           :       0.00       0.00      0          0          0          0          0          0          0          0          0          0
  sparsify         :       0.00       0.00      1          0          0          0          0          0          0          0          0          0
  stuffing         :       0.00       0.00      0          0          0          0          0          0          0          0          0          0
  trivial          :       0.00       0.00      6          0          0          0          0          0          0          0          0          0
  tworowbnd        :       0.00       0.00      0          0          0          0          0          0          0          0          0          0
  dualfix          :       0.00       0.00      6          0          0          0          0          0          0          0          0          0
  genvbounds       :       0.00       0.00      0          0          0          0          0          0          0          0          0          0
  probing          :       0.00       0.00      1          0          0          0          0          0          0          0          0          0
  pseudoobj        :       0.00       0.00      0          0          0          0          0          0          0          0          0          0
  symmetry         :       0.00       0.00      1          0          0          0          0          0          0          0          0          0
  vbounds          :       0.00       0.00      1          0          0          0          0          0          0          0          0          0
  setppc           :       0.00       0.00      2          0          0          0          0          0          0          0          0          0
  and              :       0.00       0.00      4          0        496          0          0          0        496          0          0          0
  linear           :       0.00       0.00      8          0         32          0          0          0         96          0         32         32
  logicor          :       0.00       0.00      2          0          0          0          0          0          0          0          0          0
  benders          :       0.00       0.00      0          0          0          0          0          0          0          0          0          0
  components       :       0.00       0.00      1          0          0          0          0          0          0          0          0          0
  root node        :          -          -      -         67          -          -         67          -          -          -          -          -
Constraints        :     Number  MaxNumber  #Separate #Propagate    #EnfoLP    #EnfoRelax  #EnfoPS    #Check   #ResProp    Cutoffs    DomReds       Cuts    Applied      Conss   Children
  benderslp        :          0          0          0          0         82          0          0         43          0          0          0          0          0          0          0
  integral         :          0          0          0          0         82          0          0         43          0          0        663          0          0        106         32
  setppc           :          0+        11          5       2062          0          0          0          6          3          1          1          0          0          0          0
  and              :        496        496        157       4621          1          0          0         38        942         28       1951        218        106          0          0
  linear           :          1          1         39       4575          1          0          0         27         18          2          0          0          0          0          0
  logicor          :          0+       157         39       1588          0          0          0          0          8          1          2          1          0          0          0
  benders          :          0          0          0          0          1          0          0         26          0          0          0          0          0          0          0
  countsols        :          0          0          0          0          1          0          0         26          0          0          0          0          0          0          0
  components       :          0          0          0          0          0          0          0          0          0          0          0          0          0          0          0
Constraint Timings :  TotalTime  SetupTime   Separate  Propagate     EnfoLP     EnfoPS     EnfoRelax   Check    ResProp    SB-Prop
  benderslp        :       0.00       0.00       0.00       0.00       0.00       0.00       0.00       0.00       0.00       0.00
  integral         :       4.00       0.00       0.00       0.00       4.00       0.00       0.00       0.00       0.00       0.00
  setppc           :       0.00       0.00       0.00       0.00       0.00       0.00       0.00       0.00       0.00       0.00
  and              :       0.00       0.00       0.00       0.00       0.00       0.00       0.00       0.00       0.00       0.00
  linear           :       0.00       0.00       0.00       0.00       0.00       0.00       0.00       0.00       0.00       0.00
  logicor          :       0.00       0.00       0.00       0.00       0.00       0.00       0.00       0.00       0.00       0.00
  benders          :       0.00       0.00       0.00       0.00       0.00       0.00       0.00       0.00       0.00       0.00
  countsols        :       0.00       0.00       0.00       0.00       0.00       0.00       0.00       0.00       0.00       0.00
  components       :       0.00       0.00       0.00       0.00       0.00       0.00       0.00       0.00       0.00       0.00
Propagators        : #Propagate   #ResProp    Cutoffs    DomReds
  dualfix          :          9          0          0          0
  genvbounds       :          0          0          0          0
  nlobbt           :          0          0          0          0
  obbt             :          0          0          0          0
  probing          :          0          0          0          0
  pseudoobj        :        390          0          0          0
  redcost          :        313          0          0        387
  rootredcost      :          4          0          0          3
  symmetry         :          0          0          0          0
  vbounds          :       4608          0          0          0
Propagator Timings :  TotalTime  SetupTime   Presolve  Propagate    ResProp    SB-Prop
  dualfix          :       0.00       0.00       0.00       0.00       0.00       0.00
  genvbounds       :       0.00       0.00       0.00       0.00       0.00       0.00
  nlobbt           :       0.00       0.00       0.00       0.00       0.00       0.00
  obbt             :       0.00       0.00       0.00       0.00       0.00       0.00
  probing          :       0.00       0.00       0.00       0.00       0.00       0.00
  pseudoobj        :       0.00       0.00       0.00       0.00       0.00       0.00
  redcost          :       0.00       0.00       0.00       0.00       0.00       0.00
  rootredcost      :       0.00       0.00       0.00       0.00       0.00       0.00
  symmetry         :       0.00       0.00       0.00       0.00       0.00       0.00
  vbounds          :       0.00       0.00       0.00       0.00       0.00       0.00
Conflict Analysis  :       Time      Calls    Success    DomReds  Conflicts   Literals    Reconvs ReconvLits   Dualrays   Nonzeros   LP Iters   (pool size: [10000,10000])
  propagation      :       0.00         30         30          -         58       13.2          0        0.0          -          -          -
  infeasible LP    :       0.00          0          0          -          0        0.0          0        0.0          0        0.0          0
  bound exceed. LP :       0.00        195         33          -        153       23.0          1        9.0          0        0.0       1669
  strong branching :       0.00          0          0          -          0        0.0          0        0.0          -          -          0
  pseudo solution  :       0.00          0          0          -          0        0.0          0        0.0          -          -          -
  applied globally :       0.00          -          -          0        161       16.6          -          -          0          -          -
  applied locally  :          -          -          -          0          0        0.0          -          -          0          -          -
Separators         :   ExecTime  SetupTime      Calls    Cutoffs    DomReds       Cuts    Applied      Conss
  cut pool         :       0.00                    64          -          -       1045          -          -    (maximal pool size: 1995)
  aggregation      :       0.00       0.00         39          0          0          0          0          0
  cgmip            :       0.00       0.00          0          0          0          0          0          0
  clique           :       0.00       0.00         39          0          0          0          0          0
  closecuts        :       0.00       0.00          0          0          0          0          0          0
  cmir             :       0.00       0.00          0          0          0          0          0          0
  convexproj       :       0.00       0.00          0          0          0          0          0          0
  disjunctive      :       0.00       0.00          0          0          0          0          0          0
  eccuts           :       0.00       0.00          0          0          0          0          0          0
  flowcover        :       0.00       0.00          0          0          0          0          0          0
  gauge            :       0.00       0.00          0          0          0          0          0          0
  gomory           :       0.00       0.00         10          0          0        694         56          0
  impliedbounds    :       0.00       0.00         39          0          0        117         75          0
  intobj           :       0.00       0.00          0          0          0          0          0          0
  mcf              :       0.00       0.00          1          0          0          0          0          0
  oddcycle         :       0.00       0.00          0          0          0          0          0          0
  rapidlearning    :       0.00       0.00          0          0          0          0          0          0
  strongcg         :       0.00       0.00         20          0          0       1073         27          0
  zerohalf         :       0.00       0.00         20          0          0        111         99          0
Pricers            :   ExecTime  SetupTime      Calls       Vars
  problem variables:       0.00          -          0          0
Branching Rules    :   ExecTime  SetupTime   BranchLP  BranchExt   BranchPS    Cutoffs    DomReds       Cuts      Conss   Children
  allfullstrong    :       0.00       0.00          0          0          0          0          0          0          0          0
  cloud            :       0.00       0.00          0          0          0          0          0          0          0          0
  distribution     :       0.00       0.00          0          0          0          0          0          0          0          0
  fullstrong       :       0.00       0.00          0          0          0          0          0          0          0          0
  inference        :       0.00       0.00          0          0          0          0          0          0          0          0
  leastinf         :       0.00       0.00          0          0          0          0          0          0          0          0
  lookahead        :       0.00       0.00          0          0          0          0          0          0          0          0
  mostinf          :       0.00       0.00          0          0          0          0          0          0          0          0
  multaggr         :       0.00       0.00          0          0          0          0          0          0          0          0
  nodereopt        :       0.00       0.00          0          0          0          0          0          0          0          0
  pscost           :       0.00       0.00          0          0          0          0          0          0          0          0
  random           :       0.00       0.00          0          0          0          0          0          0          0          0
  relpscost        :       4.00       0.00         81          0          0          0        663          0        106         32
  vanillafullstrong:       0.00       0.00          0          0          0          0          0          0          0          0
Primal Heuristics  :   ExecTime  SetupTime      Calls      Found       Best
  LP solutions     :       0.00          -          -          1          1
  relax solutions  :       0.00          -          -          0          0
  pseudo solutions :       0.00          -          -          0          0
  strong branching :       0.00          -          -          2          2
  actconsdiving    :       0.00       0.00          0          0          0
  adaptivediving   :       0.00       0.00          0          0          0
  alns             :       0.00       0.00          1          0          0
  bound            :       0.00       0.00          0          0          0
  clique           :       0.00       0.00          1          1          1
  coefdiving       :       0.00       0.00          0          0          0
  completesol      :       0.00       0.00          0          0          0
  conflictdiving   :       0.00       0.00          1          0          0
  crossover        :       0.00       0.00          0          0          0
  dins             :       0.00       0.00          0          0          0
  distributiondivin:       0.00       0.00          0          0          0
  dualval          :       0.00       0.00          0          0          0
  farkasdiving     :       0.00       0.00          1          1          1
  feaspump         :       0.00       0.00          0          0          0
  fixandinfer      :       0.00       0.00          0          0          0
  fracdiving       :       0.00       0.00          0          0          0
  gins             :       0.00       0.00          0          0          0
  guideddiving     :       0.00       0.00          0          0          0
  indicator        :       0.00       0.00          0          0          0
  intdiving        :       0.00       0.00          0          0          0
  intshifting      :       0.00       0.00          0          0          0
  linesearchdiving :       0.00       0.00          0          0          0
  localbranching   :       0.00       0.00          0          0          0
  locks            :       0.00       0.00          1          0          0
  lpface           :       0.00       0.00          0          0          0
  mpec             :       0.00       0.00          0          0          0
  multistart       :       0.00       0.00          0          0          0
  mutation         :       0.00       0.00          0          0          0
  nlpdiving        :       0.00       0.00          0          0          0
  objpscostdiving  :       0.00       0.00          0          0          0
  octane           :       0.00       0.00          0          0          0
  ofins            :       0.00       0.00          0          0          0
  oneopt           :       0.00       0.00          6          0          0
  padm             :       0.00       0.00          0          0          0
  proximity        :       0.00       0.00          0          0          0
  pscostdiving     :       0.00       0.00          0          0          0
  randrounding     :       0.00       0.00         38          0          0
  rens             :       0.00       0.00          0          0          0
  reoptsols        :       0.00       0.00          0          0          0
  repair           :       0.00       0.00          0          0          0
  rins             :       0.00       0.00          0          0          0
  rootsoldiving    :       0.00       0.00          0          0          0
  rounding         :       0.00       0.00        132          0          0
  shiftandpropagate:       0.00       0.00          0          0          0
  shifting         :       0.00       0.00         38         20          1
  simplerounding   :       0.00       0.00          0          0          0
  subnlp           :       0.00       0.00          0          0          0
  trivial          :       0.00       0.00          2          0          0
  trivialnegation  :       0.00       0.00          0          0          0
  trustregion      :       0.00       0.00          0          0          0
  trysol           :       0.00       0.00          0          0          0
  twoopt           :       0.00       0.00          0          0          0
  undercover       :       0.00       0.00          1          1          1
  vbounds          :       0.00       0.00          1          0          0
  veclendiving     :       0.00       0.00          0          0          0
  zeroobj          :       0.00       0.00          0          0          0
  zirounding       :       0.00       0.00         16          0          0
  other solutions  :          -          -          -          0          -
Diving (single)    :      Calls      Nodes   LP Iters Backtracks  Conflicts   MinDepth   MaxDepth   AvgDepth  RoundSols  NLeafSols  MinSolDpt  MaxSolDpt  AvgSolDpt
  actconsdiving    :          0          -          -          -          -          -          -          -          -          -          -          -          -
  coefdiving       :          0          -          -          -          -          -          -          -          -          -          -          -          -
  conflictdiving   :          1         11        570          1          0         11         11       11.0          0          -          -          -          -
  distributiondivin:          0          -          -          -          -          -          -          -          -          -          -          -          -
  farkasdiving     :          1         18        931          0          0         19         19       19.0          0          1         19         19       19.0
  fracdiving       :          0          -          -          -          -          -          -          -          -          -          -          -          -
  guideddiving     :          0          -          -          -          -          -          -          -          -          -          -          -          -
  linesearchdiving :          0          -          -          -          -          -          -          -          -          -          -          -          -
  pscostdiving     :          0          -          -          -          -          -          -          -          -          -          -          -          -
  veclendiving     :          0          -          -          -          -          -          -          -          -          -          -          -          -
Diving (adaptive)  :      Calls      Nodes   LP Iters Backtracks  Conflicts   MinDepth   MaxDepth   AvgDepth  RoundSols  NLeafSols  MinSolDpt  MaxSolDpt  AvgSolDpt
  actconsdiving    :          0          -          -          -          -          -          -          -          -          -          -          -          -
  coefdiving       :          0          -          -          -          -          -          -          -          -          -          -          -          -
  conflictdiving   :          0          -          -          -          -          -          -          -          -          -          -          -          -
  distributiondivin:          0          -          -          -          -          -          -          -          -          -          -          -          -
  farkasdiving     :          0          -          -          -          -          -          -          -          -          -          -          -          -
  fracdiving       :          0          -          -          -          -          -          -          -          -          -          -          -          -
  guideddiving     :          0          -          -          -          -          -          -          -          -          -          -          -          -
  linesearchdiving :          0          -          -          -          -          -          -          -          -          -          -          -          -
  pscostdiving     :          0          -          -          -          -          -          -          -          -          -          -          -          -
  veclendiving     :          0          -          -          -          -          -          -          -          -          -          -          -          -
Neighborhoods      :      Calls  SetupTime  SolveTime SolveNodes       Sols       Best       Exp3  EpsGreedy        UCB TgtFixRate  Opt  Inf Node Stal  Sol  Usr Othr Actv
  rens             :          0       0.00       0.00          0          0          0    0.00000   -1.00000    1.00000      0.900    0    0    0    0    0    0    0    1
  rins             :          0       0.00       0.00          0          0          0    0.00000   -1.00000    1.00000      0.900    0    0    0    0    0    0    0    1
  mutation         :          1       0.00       0.00          0          0          0    0.00000   -1.00000    1.00000      0.700    0    1    0    0    0    0    0    1
  localbranching   :          0       0.00       0.00          0          0          0    0.00000   -1.00000    1.00000      0.900    0    0    0    0    0    0    0    1
  crossover        :          0       0.00       0.00          0          0          0    0.00000   -1.00000    1.00000      0.900    0    0    0    0    0    0    0    1
  proximity        :          0       0.00       0.00          0          0          0    0.00000   -1.00000    1.00000      0.900    0    0    0    0    0    0    0    1
  zeroobjective    :          0       0.00       0.00          0          0          0    0.00000   -1.00000    1.00000      0.900    0    0    0    0    0    0    0    1
  dins             :          0       0.00       0.00          0          0          0    0.00000   -1.00000    1.00000      0.900    0    0    0    0    0    0    0    1
  trustregion      :          0       0.00       0.00          0          0          0    0.00000   -1.00000    1.00000      0.900    0    0    0    0    0    0    0    0
LP                 :       Time      Calls Iterations  Iter/call   Iter/sec  Time-0-It Calls-0-It    ItLimit
  primal LP        :       0.00          5          0       0.00          -       0.00          5
  dual LP          :       2.00        243       6645      40.03    3322.50       0.00         77
  lex dual LP      :       0.00          0          0       0.00          -
  barrier LP       :       0.00          0          0       0.00          -       0.00          0
  resolve instable :       0.00          0          0       0.00          -
  diving/probing LP:       1.00         23       1601      69.61    1601.00
  strong branching :       3.00        786      95597     121.62   31865.67          -          -          0
    (at root node) :          -         63      19496     309.46          -
  conflict analysis:       0.00        175       1669       9.54          -
B&B Tree           :
  number of runs   :          1
  nodes            :         33 (16 internal, 17 leaves)
  feasible leaves  :          1
  infeas. leaves   :          1
  objective leaves :         15
  nodes (total)    :         33 (16 internal, 17 leaves)
  nodes left       :          0
  max depth        :          8
  max depth (total):          8
  backtracks       :         12 (36.4%)
  early backtracks :          0 (0.0%)
  nodes exc. ref.  :          0 (0.0%)
  delayed cutoffs  :          0
  repropagations   :          3 (0 domain reductions, 0 cutoffs)
  avg switch length:       2.97
  switching time   :       0.00
Estim. Tree Size   :         33
Estimation Tree    : 33 nodes (33 visited, 16 internal, 17 leaves, 0 open), weight: 1.0000 completed 1.0000
Estimations        :      estim      value      trend resolution     smooth
  wbe              :         33          -          -          -          -
  tree-profile     :         -1          -          -          -          -
  gap              :         33    1.00000    0.05633          1         33
  tree-weight      :         33    1.00000    0.04262          1         38
  leaf-frequency   :         33    0.50000    0.00512          1         34
  ssg              :         33    0.00000   -0.04438          1         33
  open-nodes       :         33    0.00000    0.05597          1         41
Root Node          :
  First LP value   : -4.36365691446366e-01
  First LP Iters   :        321
  First LP Time    :       0.00
  Final Dual Bound : +5.53918906404319e-01
  Final Root Iters :       1916
  Root LP Estimate : +3.98607382356425e+00
Solution           :
  Solutions found  :         26 (7 improvements)
  First Solution   : +3.18631348040993e+00   (in run 1, after 1 nodes, 0.00 seconds, depth 19, found by <clique>)
  Gap First Sol.   :   infinite
  Gap Last Sol.    :      38.69 %
  Primal Bound     : +8.70727238824495e-01   (in run 1, after 10 nodes, 3.00 seconds, depth 8, found by <relaxation>)
  Dual Bound       : +8.70727238824495e-01
  Gap              :       0.00 %
Integrals          :      Total       Avg%
  primal-dual      :     228.70      38.12
  primal-ref       :          -          - (not evaluated)
  dual-ref         :          -          - (not evaluated)
